address does not match a street: ('211', 'Circle West Drive') https://osm.org/?mlat=29.910501925568123&mlon=-90.15623272116687&zoom=16
address does not match a street: ('314', 'Circle West Drive') https://osm.org/?mlat=29.91255351975412&mlon=-90.15455793666958&zoom=16
address does not match a street: ('310', 'Circle West Drive') https://osm.org/?mlat=29.912362986452678&mlon=-90.154697635518&zoom=16
address does not match a street: ('304', 'Circle West Drive') https://osm.org/?mlat=29.912077871135164&mlon=-90.15485448208246&zoom=16
address does not match a street: ('215', 'Circle West Drive') https://osm.org/?mlat=29.910679272388222&mlon=-90.15607595686082&zoom=16
address does not match a street: ('217', 'Circle West Drive') https://osm.org/?mlat=29.910770420330334&mlon=-90.15603197301199&zoom=16
address does not match a street: ('237', 'Circle West Drive') https://osm.org/?mlat=29.91166826449012&mlon=-90.15528425692858&zoom=16
address does not match a street: ('302', 'Circle West Drive') https://osm.org/?mlat=29.911985862295346&mlon=-90.15495268079744&zoom=16
address does not match a street: ('119', 'Circle West Drive') https://osm.org/?mlat=29.909983634221724&mlon=-90.15670284660017&zoom=16
address does not match a street: ('201', 'Circle West Drive') https://osm.org/?mlat=29.910070974994788&mlon=-90.15662921536591&zoom=16
address does not match a street: ('205', 'Circle West Drive') https://osm.org/?mlat=29.910239365115807&mlon=-90.15645482000072&zoom=16
address does not match a street: ('120', 'Circle West Drive') https://osm.org/?mlat=29.909520978708652&mlon=-90.156629385371&zoom=16
address does not match a street: ('118', 'Circle West Drive') https://osm.org/?mlat=29.909419748267513&mlon=-90.1566873962136&zoom=16
address does not match a street: ('114', 'Circle West Drive') https://osm.org/?mlat=29.90923687306907&mlon=-90.15684106607331&zoom=16
address does not match a street: ('112', 'Circle West Drive') https://osm.org/?mlat=29.90914941923608&mlon=-90.15690207070544&zoom=16
address does not match a street: ('110', 'Circle West Drive') https://osm.org/?mlat=29.909053857435474&mlon=-90.15697895338126&zoom=16
address does not match a street: ('108', 'Circle West Drive') https://osm.org/?mlat=29.908983839737232&mlon=-90.1570323674372&zoom=16
address does not match a street: ('225', 'Circle West Drive') https://osm.org/?mlat=29.911118268665394&mlon=-90.15569885546554&zoom=16
address does not match a street: ('231', 'Circle West Drive') https://osm.org/?mlat=29.911366252762992&mlon=-90.15548072748946&zoom=16
address does not match a street: ('233', 'Circle West Drive') https://osm.org/?mlat=29.91148302974848&mlon=-90.15542693951357&zoom=16
address does not match a street: ('207', 'Circle West Drive') https://osm.org/?mlat=29.910359935868755&mlon=-90.15640954739267&zoom=16
address does not match a street: ('240', 'Circle West Drive') https://osm.org/?mlat=29.91159826924001&mlon=-90.1549034872465&zoom=16
address does not match a street: ('106', 'Circle West Drive') https://osm.org/?mlat=29.908882066236632&mlon=-90.15714196005514&zoom=16
address does not match a street: ('104', 'Circle West Drive') https://osm.org/?mlat=29.908775165925377&mlon=-90.15718109773081&zoom=16
address does not match a street: ('219', 'Circle West Drive') https://osm.org/?mlat=29.91085870043627&mlon=-90.15593592071927&zoom=16
address does not match a street: ('315', 'Circle West Drive') https://osm.org/?mlat=29.912888587684424&mlon=-90.15487512076349&zoom=16
address does not match a street: ('317', 'Circle West Drive') https://osm.org/?mlat=29.913010763273007&mlon=-90.15483995470365&zoom=16
address has no house number: (None, 'Circle West Drive') https://osm.org/?mlat=29.91218228761133&mlon=-90.15513828663683&zoom=16
address does not match a street: (None, 'Circle West Drive') https://osm.org/?mlat=29.91218228761133&mlon=-90.15513828663683&zoom=16
address does not match a street: ('309', 'Circle West Drive') https://osm.org/?mlat=29.9125865437607&mlon=-90.15494153749746&zoom=16
address does not match a street: ('311', 'Circle West Drive') https://osm.org/?mlat=29.912657284714815&mlon=-90.15485495128908&zoom=16
address does not match a street: ('103', 'Circle West Drive') https://osm.org/?mlat=29.908924618779963&mlon=-90.15753003649286&zoom=16
address does not match a street: ('200', 'Circle West Drive') https://osm.org/?mlat=29.910000593725144&mlon=-90.15614470348243&zoom=16
address does not match a street: ('105', 'Circle West Drive') https://osm.org/?mlat=29.90909614877036&mlon=-90.15739195014325&zoom=16
address does not match a street: ('236', 'Circle West Drive') https://osm.org/?mlat=29.91137900124135&mlon=-90.15502352114089&zoom=16
address does not match a street: ('234', 'Circle West Drive') https://osm.org/?mlat=29.911319637555685&mlon=-90.15511195506166&zoom=16
address does not match a street: ('109', 'Circle West Drive') https://osm.org/?mlat=29.909356002509472&mlon=-90.15724685558786&zoom=16
address does not match a street: ('111', 'Circle West Drive') https://osm.org/?mlat=29.909456950944968&mlon=-90.15715728230086&zoom=16
address does not match a street: ('117', 'Circle West Drive') https://osm.org/?mlat=29.909904627182247&mlon=-90.15678584809196&zoom=16
address does not match a street: ('102', 'Circle West Drive') https://osm.org/?mlat=29.908668605186122&mlon=-90.15725811046443&zoom=16
address does not match a street: ('100', 'Circle West Drive') https://osm.org/?mlat=29.908553879966878&mlon=-90.15734468769332&zoom=16
address does not match a street: ('226', 'Circle West Drive') https://osm.org/?mlat=29.910928776920425&mlon=-90.15537856558953&zoom=16
address does not match a street: ('232', 'Circle West Drive') https://osm.org/?mlat=29.911224020292316&mlon=-90.15518252964473&zoom=16
address does not match a street: ('238', 'Circle West Drive') https://osm.org/?mlat=29.91148595507714&mlon=-90.1549521620968&zoom=16
address does not match a street: ('229', 'Circle West Drive') https://osm.org/?mlat=29.911282112502075&mlon=-90.15558011626419&zoom=16
address does not match a street: ('221', 'Circle West Drive') https://osm.org/?mlat=29.91093874144983&mlon=-90.15582808890782&zoom=16
address does not match a street: ('307', 'Circle West Drive') https://osm.org/?mlat=29.91249348954999&mlon=-90.15501359284926&zoom=16
address does not match a street: ('319', 'Circle West Drive') https://osm.org/?mlat=29.91296111324793&mlon=-90.15451298091006&zoom=16
address does not match a street: ('313', 'Circle West Drive') https://osm.org/?mlat=29.912791110472835&mlon=-90.1548679884536&zoom=16
address does not match a street: ('306', 'Circle West Drive') https://osm.org/?mlat=29.912176924272867&mlon=-90.15480992781096&zoom=16
address does not match a street: ('235', 'Circle West Drive') https://osm.org/?mlat=29.911575737452974&mlon=-90.15536563196197&zoom=16
address does not match a street: ('113', 'Circle West Drive') https://osm.org/?mlat=29.909587976606538&mlon=-90.15704841623615&zoom=16
address does not match a street: ('203', 'Circle West Drive') https://osm.org/?mlat=29.910152646909516&mlon=-90.15653671252792&zoom=16
address does not match a street: ('116', 'Circle West Drive') https://osm.org/?mlat=29.909337991546785&mlon=-90.15677043069238&zoom=16
address does not match a street: ('107', 'Circle West Drive') https://osm.org/?mlat=29.90922475001525&mlon=-90.15733047159749&zoom=16
address does not match a street: ('305', 'Circle West Drive') https://osm.org/?mlat=29.91237170222481&mlon=-90.15508193372204&zoom=16
address does not match a street: ('316', 'Circle West Drive') https://osm.org/?mlat=29.912644322129022&mlon=-90.15451179329962&zoom=16
address does not match a street: ('312', 'Circle West Drive') https://osm.org/?mlat=29.91247287779813&mlon=-90.15460906568373&zoom=16
address does not match a street: ('227', 'Circle West Drive') https://osm.org/?mlat=29.911206172729557&mlon=-90.15563217216689&zoom=16
address does not match a street: ('239', 'Circle West Drive') https://osm.org/?mlat=29.911872372697747&mlon=-90.1552640518718&zoom=16
address does not match a street: ('300', 'Circle West Drive') https://osm.org/?mlat=29.911904991000966&mlon=-90.15503391985361&zoom=16
address does not match a street: ('228', 'Circle West Drive') https://osm.org/?mlat=29.910999174169678&mlon=-90.1552691869529&zoom=16
address does not match a street: ('223', 'Circle West Drive') https://osm.org/?mlat=29.91103721631768&mlon=-90.15576002389815&zoom=16
address does not match a street: ('209', 'Circle West Drive') https://osm.org/?mlat=29.91040369921554&mlon=-90.15631910663916&zoom=16
address does not match a street: ('230', 'Circle West Drive') https://osm.org/?mlat=29.911103288214616&mlon=-90.15521236382409&zoom=16
address does not match a street: ('9425', 'North Claiborne Parkway East') https://osm.org/?mlat=29.9125829126126&mlon=-90.16210049624685&zoom=16
address does not match a street: ('9433', 'North Claiborne Parkway East') https://osm.org/?mlat=29.91269765308511&mlon=-90.16250341052645&zoom=16
address does not match a street: ('9437', 'North Claiborne Parkway East') https://osm.org/?mlat=29.912721786554734&mlon=-90.16268412240252&zoom=16
address does not match a street: ('9441', 'North Claiborne Parkway East') https://osm.org/?mlat=29.912703969799605&mlon=-90.16287566919674&zoom=16
address does not match a street: ('901', 'North Claiborne Parkway East') https://osm.org/?mlat=29.91257791944267&mlon=-90.16322362365973&zoom=16
address does not match a street: ('905', 'North Claiborne Parkway East') https://osm.org/?mlat=29.91248310876522&mlon=-90.16336953081213&zoom=16
address does not match a street: ('909', 'North Claiborne Parkway East') https://osm.org/?mlat=29.912351545319343&mlon=-90.16341871521568&zoom=16
address does not match a street: ('913', 'North Claiborne Parkway East') https://osm.org/?mlat=29.91220702442035&mlon=-90.16356410245332&zoom=16
address does not match a street: ('917', 'North Claiborne Parkway East') https://osm.org/?mlat=29.912103475812803&mlon=-90.16364087269831&zoom=16
address does not match a street: ('9421', 'North Claiborne Parkway East') https://osm.org/?mlat=29.91249931839246&mlon=-90.16177567217304&zoom=16
address does not match a street: ('9417', 'North Claiborne Parkway East') https://osm.org/?mlat=29.91244460116405&mlon=-90.16158627566597&zoom=16
address does not match a street: ('9413', 'North Claiborne Parkway East') https://osm.org/?mlat=29.91239646917892&mlon=-90.16141016385772&zoom=16
address does not match a street: ('308', 'Circle West Drive') https://osm.org/?mlat=29.912269811517596&mlon=-90.15476868882983&zoom=16
address does not match a street: ('9444', 'North Claiborne Parkway West') https://osm.org/?mlat=29.913109707717087&mlon=-90.16290711070141&zoom=16
address does not match a street: ('9448', 'North Claiborne Parkway West') https://osm.org/?mlat=29.913094955174014&mlon=-90.16310551760152&zoom=16
address does not match a street: ('9452', 'North Claiborne Parkway West') https://osm.org/?mlat=29.913013902977827&mlon=-90.16327884460267&zoom=16
address does not match a street: ('900', 'North Claiborne Parkway West') https://osm.org/?mlat=29.91290930203925&mlon=-90.16350588443112&zoom=16
address does not match a street: ('904', 'North Claiborne Parkway West') https://osm.org/?mlat=29.912784705255195&mlon=-90.16367972100159&zoom=16
address does not match a street: ('318', 'Circle West Drive') https://osm.org/?mlat=29.912818464701203&mlon=-90.15433084912104&zoom=16
address does not match a street: ('701', 'Tricia Court') https://osm.org/?mlat=29.912764872243088&mlon=-90.1561146134129&zoom=16
address does not match a street: ('9445', 'North Claiborne Parkway East') https://osm.org/?mlat=29.91263678315013&mlon=-90.16308051547499&zoom=16
address does not match a street: ('9409', 'North Claiborne Parkway East') https://osm.org/?mlat=29.912322523984596&mlon=-90.16124029468885&zoom=16
address has no house number: (None, 'East Claiborne Parkway') https://osm.org/?mlat=29.91154684578084&mlon=-90.15840555916543&zoom=16
address does not match a street: ('921', 'North Claiborne Parkway East') https://osm.org/?mlat=29.911926283087812&mlon=-90.1637414915339&zoom=16
address does not match a street: ('925', 'North Claiborne Parkway East') https://osm.org/?mlat=29.91177835024291&mlon=-90.16382424018647&zoom=16
address does not match a street: ('929', 'North Claiborne Parkway East') https://osm.org/?mlat=29.911621500620345&mlon=-90.16391743692475&zoom=16
address does not match a street: ('933', 'North Claiborne Parkway East') https://osm.org/?mlat=29.911455442131164&mlon=-90.16398833127866&zoom=16
address does not match a street: ('937', 'North Claiborne Parkway East') https://osm.org/?mlat=29.911317959472584&mlon=-90.16406406260046&zoom=16
address does not match a street: ('941', 'North Claiborne Parkway East') https://osm.org/?mlat=29.911152100086685&mlon=-90.16415736405479&zoom=16
address does not match a street: ('945', 'North Claiborne Parkway East') https://osm.org/?mlat=29.911002665819474&mlon=-90.16424012902993&zoom=16
address does not match a street: ('949', 'North Claiborne Parkway East') https://osm.org/?mlat=29.910857766487027&mlon=-90.16432628927157&zoom=16
address does not match a street: ('953', 'North Claiborne Parkway East') https://osm.org/?mlat=29.910670364617776&mlon=-90.16436123429625&zoom=16
address does not match a street: ('9424', 'North Claiborne Parkway West') https://osm.org/?mlat=29.91298894461687&mlon=-90.16199320654573&zoom=16
address does not match a street: ('9428', 'North Claiborne Parkway West') https://osm.org/?mlat=29.91304458117254&mlon=-90.1621701015662&zoom=16
address does not match a street: ('9432', 'North Claiborne Parkway West') https://osm.org/?mlat=29.913079242077643&mlon=-90.16235241485143&zoom=16
address does not match a street: ('9440', 'North Claiborne Parkway West') https://osm.org/?mlat=29.913135140340515&mlon=-90.16272754116953&zoom=16
address does not match a street: ('908', 'North Claiborne Parkway West') https://osm.org/?mlat=29.912655297390437&mlon=-90.1638191380535&zoom=16
address does not match a street: ('912', 'North Claiborne Parkway West') https://osm.org/?mlat=29.912492640608225&mlon=-90.16393481177188&zoom=16
address does not match a street: ('721', 'Tricia Court') https://osm.org/?mlat=29.91230517575935&mlon=-90.15639791798955&zoom=16
address does not match a street: ('733', 'Tricia Court') https://osm.org/?mlat=29.91247720870018&mlon=-90.15685830795509&zoom=16
address does not match a street: ('709', 'Tricia Court') https://osm.org/?mlat=29.91255637607134&mlon=-90.15613115070713&zoom=16
address does not match a street: ('705', 'Tricia Court') https://osm.org/?mlat=29.91267116516939&mlon=-90.1561564347547&zoom=16
address does not match a street: ('717', 'Tricia Court') https://osm.org/?mlat=29.912375541026645&mlon=-90.1562849722114&zoom=16
address does not match a street: ('737', 'Tricia Court') https://osm.org/?mlat=29.9126024155033&mlon=-90.15679087960359&zoom=16
address does not match a street: ('957', 'North Claiborne Parkway East') https://osm.org/?mlat=29.910577069124002&mlon=-90.16450884413024&zoom=16
address does not match a street: ('115', 'Circle West Drive') https://osm.org/?mlat=29.909762941732048&mlon=-90.15693271899664&zoom=16
address has no house number: (None, 'Maple Court') https://osm.org/?mlat=29.908471286589798&mlon=-90.15659166970521&zoom=16
address does not match a street: ('9413', 'East Clark Lane') https://osm.org/?mlat=29.9091314055755&mlon=-90.1625938261029&zoom=16
address does not match a street: ('9417', 'East Clark Lane') https://osm.org/?mlat=29.909219773475225&mlon=-90.16274712703701&zoom=16
address does not match a street: ('9421', 'East Clark Lane') https://osm.org/?mlat=29.909308888114097&mlon=-90.1629064974576&zoom=16
address does not match a street: ('9425', 'East Clark Lane') https://osm.org/?mlat=29.909399918597313&mlon=-90.16306279376695&zoom=16
address does not match a street: ('9429', 'East Clark Lane') https://osm.org/?mlat=29.909483282191065&mlon=-90.16324641671508&zoom=16
address does not match a street: ('9433', 'East Clark Lane') https://osm.org/?mlat=29.909561266709634&mlon=-90.16341799777577&zoom=16
address does not match a street: ('9437', 'East Clark Lane') https://osm.org/?mlat=29.90965229568001&mlon=-90.16357429495729&zoom=16
address does not match a street: ('9441', 'East Clark Lane') https://osm.org/?mlat=29.90974071624477&mlon=-90.16373364903671&zoom=16
address does not match a street: ('9445', 'East Clark Lane') https://osm.org/?mlat=29.909834166531592&mlon=-90.1638657089269&zoom=16
address does not match a street: ('9449', 'East Clark Lane') https://osm.org/?mlat=29.909935902290687&mlon=-90.16404003891884&zoom=16
address does not match a street: ('729', 'Tricia Court') https://osm.org/?mlat=29.912352488199115&mlon=-90.1566474637165&zoom=16
address does not match a street: ('725', 'Tricia Court') https://osm.org/?mlat=29.91229130815632&mlon=-90.15652744506595&zoom=16
address does not match a street: ('9471', 'East Clark Lane') https://osm.org/?mlat=29.910350281986382&mlon=-90.16460100993378&zoom=16
address does not match a street: ('9436', 'North Claiborne Parkway West') https://osm.org/?mlat=29.91311391806827&mlon=-90.1625364513978&zoom=16
address does not match a street: ('713', 'Tricia Court') https://osm.org/?mlat=29.912476766501253&mlon=-90.1562622176505&zoom=16
address does not match a street: ('9409', 'East Clark Lane') https://osm.org/?mlat=29.908761737036944&mlon=-90.16225091630494&zoom=16
