address does not match a street: (None, '1806', 'Squirewood Drive East') https://osm.org/?mlat=29.8763160286203&mlon=-90.07709481972333&zoom=16
address does not match a street: (None, '1924', 'Jutland Lane') https://osm.org/?mlat=29.87554082476723&mlon=-90.0876950653643&zoom=16
address does not match a street: (None, '1924', 'Jutland Lane') https://osm.org/?mlat=29.87552018858884&mlon=-90.0877996079154&zoom=16
address does not match a street: (None, '1924', 'Jutland Lane') https://osm.org/?mlat=29.87494941359638&mlon=-90.08776149455309&zoom=16
address does not match a street: (None, '1924', 'Jutland Lane') https://osm.org/?mlat=29.87555486305861&mlon=-90.0875728368526&zoom=16
address has no house number: (None, None, 'Vonnie Drive') https://osm.org/?mlat=29.876145858853345&mlon=-90.08346312230516&zoom=16
address does not match a street: (None, '1929', 'Jutland Lane') https://osm.org/?mlat=29.875076632138196&mlon=-90.08673152763271&zoom=16
address does not match a street: (None, '1813', 'Squirewood Drive West') https://osm.org/?mlat=29.87551085416243&mlon=-90.07989482407483&zoom=16
address does not match a street: (None, '1824', 'Squirewood Drive West') https://osm.org/?mlat=29.87507256070834&mlon=-90.08029305098174&zoom=16
address does not match a street: (None, '1820', 'Squirewood Drive West') https://osm.org/?mlat=29.875272501786142&mlon=-90.08032326881784&zoom=16
address does not match a street: (None, '1816', 'Squirewood Drive West') https://osm.org/?mlat=29.87548701464255&mlon=-90.08038603171697&zoom=16
address does not match a street: (None, '1807', 'Squirewood Drive West') https://osm.org/?mlat=29.875938943502604&mlon=-90.07992217864447&zoom=16
address does not match a street: (None, '1812', 'Squirewood Drive West') https://osm.org/?mlat=29.875844274635632&mlon=-90.08046336735333&zoom=16
address does not match a street: (None, '3337', 'Squirewood Drive North') https://osm.org/?mlat=29.877010750385487&mlon=-90.07919915552169&zoom=16
address does not match a street: (None, '3319', 'Squirewood Drive North') https://osm.org/?mlat=29.877112003192746&mlon=-90.07831292109555&zoom=16
address does not match a street: (None, '3331', 'Squirewood Drive North') https://osm.org/?mlat=29.877050702944963&mlon=-90.07889610466674&zoom=16
address does not match a street: (None, '3741', 'Spencer Street') https://osm.org/?mlat=29.869304679451403&mlon=-90.08307800732541&zoom=16
address does not match a street: (None, '3407', 'Squirewood Drive North') https://osm.org/?mlat=29.876894312324684&mlon=-90.0799101870427&zoom=16
address does not match a street: (None, '3401', 'Squirewood Drive North') https://osm.org/?mlat=29.876920178429984&mlon=-90.07963167690376&zoom=16
address does not match a street: (None, '3400', 'Squirewood Drive North') https://osm.org/?mlat=29.876546317462353&mlon=-90.07930909552853&zoom=16
address does not match a street: (None, '3336', 'Squirewood Drive North') https://osm.org/?mlat=29.876600701263023&mlon=-90.0790302279864&zoom=16
address does not match a street: (None, '3419', 'Squirewood Drive North') https://osm.org/?mlat=29.876541957489046&mlon=-90.08030876972936&zoom=16
address does not match a street: (None, '3425', 'Squirewood Drive North') https://osm.org/?mlat=29.87637267791341&mlon=-90.08038201808198&zoom=16
address does not match a street: (None, '3307', 'Squirewood Drive North') https://osm.org/?mlat=29.87709006713466&mlon=-90.07789596128806&zoom=16
address does not match a street: (None, '1812', 'Squirewood Drive East') https://osm.org/?mlat=29.876117386568517&mlon=-90.07695607673537&zoom=16
address does not match a street: (None, '1839', 'Jutland Lane') https://osm.org/?mlat=29.87656570403383&mlon=-90.08712584628788&zoom=16
address does not match a street: (None, '1840', 'Jutland Lane') https://osm.org/?mlat=29.876745954840075&mlon=-90.08783411582164&zoom=16
address does not match a street: (None, '3836', 'Spencer Street') https://osm.org/?mlat=29.86923755713415&mlon=-90.08596519219701&zoom=16
address does not match a street: (None, '3330', 'Squirewood Drive North') https://osm.org/?mlat=29.87666296168684&mlon=-90.07882424189687&zoom=16
address does not match a street: (None, '3406', 'Squirewood Drive North') https://osm.org/?mlat=29.8764215518491&mlon=-90.07954968513516&zoom=16
address does not match a street: (None, '3325', 'Squirewood Drive North') https://osm.org/?mlat=29.877059106796185&mlon=-90.0786695906606&zoom=16
address does not match a street: (None, '3318', 'Squirewood Drive North') https://osm.org/?mlat=29.876733916427348&mlon=-90.07835240327093&zoom=16
address does not match a street: (None, '1843', 'Jutland Lane') https://osm.org/?mlat=29.876452975439793&mlon=-90.08716119243947&zoom=16
address does not match a street: (None, '1832', 'Squirewood Drive West') https://osm.org/?mlat=29.874702934511554&mlon=-90.08011035851952&zoom=16
address does not match a street: (None, '1806', 'Squirewood Drive West') https://osm.org/?mlat=29.876111308215815&mlon=-90.08055101832137&zoom=16
address does not match a street: (None, '3324', 'Squirewood Drive North') https://osm.org/?mlat=29.87672107902149&mlon=-90.07850578446049&zoom=16
address does not match a street: (None, '3412', 'Squirewood Drive North') https://osm.org/?mlat=29.876310513840554&mlon=-90.07989282045371&zoom=16
address does not match a street: (None, '1821', 'Jutland Lane') https://osm.org/?mlat=29.87728516290139&mlon=-90.08732988401874&zoom=16
address does not match a street: (None, '1828', 'Squirewood Drive West') https://osm.org/?mlat=29.87486565220791&mlon=-90.08023780536294&zoom=16
address does not match a street: (None, '3413', 'Squirewood Drive North') https://osm.org/?mlat=29.8767386052603&mlon=-90.08008754729372&zoom=16
address does not match a street: (None, '1801', 'Jutland Lane') https://osm.org/?mlat=29.87790670322375&mlon=-90.08781681907399&zoom=16
address does not match a street: (None, '1901', 'Jutland Lane') https://osm.org/?mlat=29.87613597886314&mlon=-90.08724669647378&zoom=16
address does not match a street: (None, '1805', 'Jutland Lane') https://osm.org/?mlat=29.877792812845385&mlon=-90.08771182872651&zoom=16
address does not match a street: (None, '1904', 'Jutland Lane') https://osm.org/?mlat=29.875986813962395&mlon=-90.08767419469525&zoom=16
address does not match a street: (None, '1829', 'Jutland Lane') https://osm.org/?mlat=29.876947670359595&mlon=-90.08737999002194&zoom=16
address does not match a street: (None, '1912', 'Jutland Lane') https://osm.org/?mlat=29.875703907921814&mlon=-90.0876037001641&zoom=16
address does not match a street: (None, '1917', 'Jutland Lane') https://osm.org/?mlat=29.875590629470068&mlon=-90.08713783976754&zoom=16
address does not match a street: (None, '1909', 'Jutland Lane') https://osm.org/?mlat=29.875857234835408&mlon=-90.08719002989004&zoom=16
address does not match a street: (None, '1809', 'Jutland Lane') https://osm.org/?mlat=29.877687204746884&mlon=-90.08762986771349&zoom=16
address does not match a street: (None, '1925', 'Jutland Lane') https://osm.org/?mlat=29.875316004688884&mlon=-90.08709037555008&zoom=16
address does not match a street: (None, '1937', 'Jutland Lane') https://osm.org/?mlat=29.87490479097761&mlon=-90.08709550740025&zoom=16
address does not match a street: (None, '1905', 'Jutland Lane') https://osm.org/?mlat=29.87599864457702&mlon=-90.08722065050296&zoom=16
address does not match a street: (None, '1813', 'Jutland Lane') https://osm.org/?mlat=29.877550249212838&mlon=-90.08757141376937&zoom=16
address does not match a street: (None, '1835', 'Jutland Lane') https://osm.org/?mlat=29.87667313338836&mlon=-90.08734177668674&zoom=16
address does not match a street: (None, '1847', 'Jutland Lane') https://osm.org/?mlat=29.87626516222199&mlon=-90.08726358993964&zoom=16
address does not match a street: (None, '1833', 'Jutland Lane') https://osm.org/?mlat=29.876806392178693&mlon=-90.08736324616551&zoom=16
address does not match a street: (None, '1921', 'Jutland Lane') https://osm.org/?mlat=29.875445231927927&mlon=-90.0871118947146&zoom=16
address does not match a street: (None, '1913', 'Jutland Lane') https://osm.org/?mlat=29.875715868930595&mlon=-90.08716403541598&zoom=16
address has no house number: (None, None, 'Lapalco Boulevard') https://osm.org/?mlat=29.872578304215224&mlon=-90.08487777737398&zoom=16
address does not match a street: (None, '3745', 'Spencer Street') https://osm.org/?mlat=29.869426127395485&mlon=-90.08332458089677&zoom=16
address does not match a street: (None, '3828', 'Spencer Street') https://osm.org/?mlat=29.869277081678955&mlon=-90.08550581266941&zoom=16
address does not match a street: (None, '3824', 'Spencer Street') https://osm.org/?mlat=29.86931672099966&mlon=-90.08531899090377&zoom=16
address does not match a street: (None, '1800', 'Squirewood Drive East') https://osm.org/?mlat=29.876527429603986&mlon=-90.07724514381773&zoom=16
address does not match a street: (None, '3312', 'Squirewood Drive North') https://osm.org/?mlat=29.876738655423882&mlon=-90.07804140980662&zoom=16
address does not match a street: (None, '3313', 'Squirewood Drive North') https://osm.org/?mlat=29.877062608658573&mlon=-90.07819252491606&zoom=16
address does not match a street: (None, '3306', 'Squirewood Drive North') https://osm.org/?mlat=29.87671422508371&mlon=-90.07773285051772&zoom=16
address does not match a street: (None, '3300', 'Squirewood Drive North') https://osm.org/?mlat=29.876655503631596&mlon=-90.07750297395692&zoom=16
address does not match a street: (None, '3750', 'Spencer Street') https://osm.org/?mlat=29.870321619667752&mlon=-90.08381482963807&zoom=16
