address does not match a street: ('1318', 'Meadow Street') https://osm.org/?mlat=29.97505424683364&mlon=-90.2179820198834&zoom=16
address does not match a street: ('1308', 'Meadow Street') https://osm.org/?mlat=29.974941346209604&mlon=-90.2181493464119&zoom=16
address does not match a street: ('1320', 'Meadow Street') https://osm.org/?mlat=29.975268367852443&mlon=-90.21785604366805&zoom=16
address does not match a street: ('1320', 'Meadow Street') https://osm.org/?mlat=29.9752494026406&mlon=-90.21787161037429&zoom=16
address has no house number: (None, 'Meadow Street') https://osm.org/?mlat=29.975266778705432&mlon=-90.21789389934348&zoom=16
address does not match a street: (None, 'Meadow Street') https://osm.org/?mlat=29.975266778705432&mlon=-90.21789389934348&zoom=16
address does not match a street: ('1354', 'Meadow Street') https://osm.org/?mlat=29.97580757568965&mlon=-90.21720892408474&zoom=16
address does not match a street: ('1442', 'Meadow Street') https://osm.org/?mlat=29.97692020709696&mlon=-90.21638158698784&zoom=16
address does not match a street: ('1438', 'Meadow Street') https://osm.org/?mlat=29.97684043659888&mlon=-90.21649061725573&zoom=16
address does not match a street: ('1428', 'Meadow Street') https://osm.org/?mlat=29.97660568754958&mlon=-90.21656276140459&zoom=16
address does not match a street: ('1416', 'Meadow Street') https://osm.org/?mlat=29.97628229314292&mlon=-90.21688692790181&zoom=16
address does not match a street: ('1429', 'Meadow Street') https://osm.org/?mlat=29.976257918358296&mlon=-90.21642790692421&zoom=16
address does not match a street: ('1435', 'Meadow Street') https://osm.org/?mlat=29.976438253536216&mlon=-90.21623707746568&zoom=16
address does not match a street: ('1451', 'Meadow Street') https://osm.org/?mlat=29.97673050068893&mlon=-90.21602413420432&zoom=16
address does not match a street: ('1455', 'Meadow Street') https://osm.org/?mlat=29.976817184760517&mlon=-90.21594574430732&zoom=16
address does not match a street: ('1457', 'Meadow Street') https://osm.org/?mlat=29.976744091305754&mlon=-90.21583515129278&zoom=16
address does not match a street: ('1409', 'Meadow Street') https://osm.org/?mlat=29.975716744400717&mlon=-90.21687713661811&zoom=16
address does not match a street: ('1405', 'Meadow Street') https://osm.org/?mlat=29.9756067949487&mlon=-90.21692538356464&zoom=16
address does not match a street: ('1345', 'Meadow Street') https://osm.org/?mlat=29.975440038116012&mlon=-90.21708559138902&zoom=16
address does not match a street: ('1323', 'Meadow Street') https://osm.org/?mlat=29.97504920582535&mlon=-90.21738733441218&zoom=16
address does not match a street: ('1309', 'Meadow Street') https://osm.org/?mlat=29.974724762708256&mlon=-90.21758792327975&zoom=16
address does not match a street: ('1311', 'Meadow Street') https://osm.org/?mlat=29.974762465680868&mlon=-90.21751805007126&zoom=16
address has no house number: (None, 'North Elm Street') https://osm.org/?mlat=29.979493367100588&mlon=-90.2163749086182&zoom=16
address has no house number: (None, 'Little Farms Avenue') https://osm.org/?mlat=29.974864667017947&mlon=-90.21426508033667&zoom=16
address does not match a street: ('1305', 'Meadow Street') https://osm.org/?mlat=29.974612091697757&mlon=-90.217782280552&zoom=16
address does not match a street: ('1329', 'Meadow Street') https://osm.org/?mlat=29.975232380313198&mlon=-90.21718060135407&zoom=16
address does not match a street: ('1411', 'Meadow Street') https://osm.org/?mlat=29.975828400132947&mlon=-90.21676329703176&zoom=16
address does not match a street: ('1402', 'Meadow Street') https://osm.org/?mlat=29.97597789141052&mlon=-90.21707184861006&zoom=16
address does not match a street: ('1412', 'Meadow Street') https://osm.org/?mlat=29.97618225238814&mlon=-90.21698459811073&zoom=16
address does not match a street: ('1417', 'Meadow Street') https://osm.org/?mlat=29.97605973551872&mlon=-90.21661684527234&zoom=16
address does not match a street: ('1433', 'Meadow Street') https://osm.org/?mlat=29.97634264831575&mlon=-90.21636151093713&zoom=16
address does not match a street: ('1420', 'Meadow Street') https://osm.org/?mlat=29.97636937720659&mlon=-90.21684733361121&zoom=16
address does not match a street: ('1432', 'Meadow Street') https://osm.org/?mlat=29.97674313579264&mlon=-90.21651487827876&zoom=16
address does not match a street: ('1444', 'Meadow Street') https://osm.org/?mlat=29.977006897712936&mlon=-90.21629565185134&zoom=16
address does not match a street: ('1424', 'Meadow Street') https://osm.org/?mlat=29.976566440862833&mlon=-90.21669563050717&zoom=16
address does not match a street: ('1422', 'Meadow Street') https://osm.org/?mlat=29.97652901701404&mlon=-90.2166408602611&zoom=16
address does not match a street: ('1441', 'Meadow Street') https://osm.org/?mlat=29.97652082172628&mlon=-90.21620140369104&zoom=16
address does not match a street: ('1401', 'Meadow Street') https://osm.org/?mlat=29.97551308466432&mlon=-90.21697663837693&zoom=16
address does not match a street: ('1306', 'Meadow Street') https://osm.org/?mlat=29.974817279911967&mlon=-90.21818935238916&zoom=16
address does not match a street: ('1313', 'Meadow Street') https://osm.org/?mlat=29.974872526311167&mlon=-90.21756696058304&zoom=16
address does not match a street: ('1406', 'Meadow Street') https://osm.org/?mlat=29.976119291625558&mlon=-90.21709343899471&zoom=16
address does not match a street: ('1340', 'Meadow Street') https://osm.org/?mlat=29.975615035673922&mlon=-90.21750072635176&zoom=16
address does not match a street: ('1446', 'Meadow Street') https://osm.org/?mlat=29.97711646740213&mlon=-90.21613221934699&zoom=16
address has no house number: (None, 'Little Farms') https://osm.org/?mlat=29.975025958031473&mlon=-90.21504477815112&zoom=16
address does not match a street: (None, 'Little Farms') https://osm.org/?mlat=29.975025958031473&mlon=-90.21504477815112&zoom=16
address does not match a street: ('1421', 'Meadow Street') https://osm.org/?mlat=29.976125653129724&mlon=-90.21654678754446&zoom=16
address does not match a street: ('1322', 'Meadow Street') https://osm.org/?mlat=29.975176324175525&mlon=-90.21793398074765&zoom=16
address does not match a street: ('196', 'Dilton') https://osm.org/?mlat=29.97890908310784&mlon=-90.21799201396959&zoom=16
address does not match a street: ('1330', 'Meadow Street') https://osm.org/?mlat=29.975283606080094&mlon=-90.21767049828446&zoom=16
address does not match a street: ('1445', 'Meadow Street') https://osm.org/?mlat=29.97658578216279&mlon=-90.21612861714156&zoom=16
address does not match a street: ('1304', 'Meadow Street') https://osm.org/?mlat=29.97469278670326&mlon=-90.21827417178085&zoom=16
address does not match a street: ('1334', 'Meadow Street') https://osm.org/?mlat=29.975355310796644&mlon=-90.21757646579809&zoom=16
address has no house number: (None, 'David Drive') https://osm.org/?mlat=29.97886122315395&mlon=-90.2107291274326&zoom=16
address does not match a street: ('1327', 'Meadow Street') https://osm.org/?mlat=29.975105839270903&mlon=-90.21730952155326&zoom=16
address does not match a street: ('1352', 'Meadow Street') https://osm.org/?mlat=29.975765114648944&mlon=-90.21735615454563&zoom=16
address does not match a street: ('1400', 'Meadow Street') https://osm.org/?mlat=29.975918554789054&mlon=-90.21721154469753&zoom=16
address does not match a street: ('1321', 'Meadow Street') https://osm.org/?mlat=29.97495602009922&mlon=-90.21750037409845&zoom=16
address does not match a street: ('1338', 'Meadow Street') https://osm.org/?mlat=29.975467141141728&mlon=-90.21750624282224&zoom=16
address has no house number: (None, 'Laurel Street') https://osm.org/?mlat=29.97682383615576&mlon=-90.21691176354899&zoom=16
address does not match a street: ('1325', 'Meadow Street') https://osm.org/?mlat=29.975092755793955&mlon=-90.2173240411794&zoom=16
address has no house number: (None, 'Meadow Street') https://osm.org/?mlat=29.97589303869685&mlon=-90.21670995995194&zoom=16
address does not match a street: (None, 'Meadow Street') https://osm.org/?mlat=29.97589303869685&mlon=-90.21670995995194&zoom=16
address has no house number: (None, 'Dilton Street') https://osm.org/?mlat=29.977119085078776&mlon=-90.2188177727668&zoom=16
address has no house number: (None, 'Ivy Street') https://osm.org/?mlat=29.97477254658327&mlon=-90.21861985813841&zoom=16
address has no house number: (None, 'North Elm Street') https://osm.org/?mlat=29.980920082207057&mlon=-90.21454293412337&zoom=16
address has no house number: (None, 'Meadow Street') https://osm.org/?mlat=29.976494898615055&mlon=-90.21679491491894&zoom=16
address does not match a street: (None, 'Meadow Street') https://osm.org/?mlat=29.976494898615055&mlon=-90.21679491491894&zoom=16
address has no house number: (None, 'Mistletoe Street') https://osm.org/?mlat=29.9773403573513&mlon=-90.21716309712004&zoom=16
address has no house number: (None, 'Elm Street') https://osm.org/?mlat=29.976798788608008&mlon=-90.21811628668654&zoom=16
address does not match a street: ('1461', 'Meadow Street') https://osm.org/?mlat=29.976913809176754&mlon=-90.21578955023998&zoom=16
address has no house number: (None, 'Laurel Street') https://osm.org/?mlat=29.976458824169548&mlon=-90.21732057995871&zoom=16
address has no house number: (None, 'North Elm Street') https://osm.org/?mlat=29.980892054225787&mlon=-90.21454560615341&zoom=16
address does not match a street: ('1341', 'Meadow Street') https://osm.org/?mlat=29.975369730559702&mlon=-90.21712113514911&zoom=16
address has no house number: (None, 'Laurel Street') https://osm.org/?mlat=29.97715937040925&mlon=-90.21723572356444&zoom=16
address has no house number: (None, 'David Drive') https://osm.org/?mlat=29.978585445846257&mlon=-90.21063746967602&zoom=16
address does not match a street: ('7301', 'North Airline Drive') https://osm.org/?mlat=29.978336727444333&mlon=-90.21509392198585&zoom=16
address does not match a street: ('7333', 'North Airline Drive') https://osm.org/?mlat=29.978528356954413&mlon=-90.21564948295648&zoom=16
new building address (('500', 'Eisenhower Avenue') https://osm.org/?mlat=29.980886778603427&mlon=-90.20988494623852&zoom=16) does not match the old one (('6900', 'Saints Drive'))
