address does not match a street: (None, '3401', 'East Parc Green Street') https://osm.org/?mlat=29.856133434101416&mlon=-90.05586327173776&zoom=16
address does not match a street: (None, '3428', 'East Parc Green Street') https://osm.org/?mlat=29.855003415855265&mlon=-90.05583351537658&zoom=16
address does not match a street: (None, '3320', 'West Parc Green Street') https://osm.org/?mlat=29.85645798856662&mlon=-90.0583014587216&zoom=16
address does not match a street: (None, '3332', 'West Parc Green Street') https://osm.org/?mlat=29.85601308069847&mlon=-90.05813218661655&zoom=16
address does not match a street: (None, '3405', 'West Parc Green Street') https://osm.org/?mlat=29.855459717430165&mlon=-90.05753339899454&zoom=16
address does not match a street: (None, '3308', 'West Parc Green Street') https://osm.org/?mlat=29.856826528061024&mlon=-90.0584640486027&zoom=16
address does not match a street: (None, '2328', 'North Parc Green Street') https://osm.org/?mlat=29.855659770026065&mlon=-90.05735509356906&zoom=16
address does not match a street: (None, '3333', 'West Parc Green Street') https://osm.org/?mlat=29.85601612760997&mlon=-90.05776812408264&zoom=16
address does not match a street: (None, '2317', 'North Parc Green') https://osm.org/?mlat=29.856095979923705&mlon=-90.05686798195184&zoom=16
address does not match a street: (None, '2321', 'North Parc Green') https://osm.org/?mlat=29.856054057779726&mlon=-90.05707068853032&zoom=16
address does not match a street: (None, '2325', 'North Parc Green Street') https://osm.org/?mlat=29.855995585260434&mlon=-90.05724548370335&zoom=16
address does not match a street: (None, '2308', 'North Parc Green Street') https://osm.org/?mlat=29.855870269295746&mlon=-90.05652982280048&zoom=16
address does not match a street: (None, '3317', 'East Parc Green Street') https://osm.org/?mlat=29.856762401629094&mlon=-90.05608748377661&zoom=16
address does not match a street: (None, '3405', 'East Parc Green Street') https://osm.org/?mlat=29.85595040079186&mlon=-90.05578534048013&zoom=16
address does not match a street: (None, '3413', 'East Parc Green Street') https://osm.org/?mlat=29.85569297905544&mlon=-90.05572481127024&zoom=16
address does not match a street: (None, '3320', 'East Parc Green Street') https://osm.org/?mlat=29.856558845510765&mlon=-90.05638875406801&zoom=16
address does not match a street: (None, '3404', 'East Parc Green Street') https://osm.org/?mlat=29.855860860995076&mlon=-90.05615556000781&zoom=16
address does not match a street: (None, '3304', 'West Parc Green Street') https://osm.org/?mlat=29.856964653104384&mlon=-90.05857916088101&zoom=16
address does not match a street: (None, '3305', 'East Parc Green Street') https://osm.org/?mlat=29.8573373019925&mlon=-90.0562523512816&zoom=16
address does not match a street: (None, '3436', 'West Parc Green Street') https://osm.org/?mlat=29.854193382315017&mlon=-90.05749056610011&zoom=16
address does not match a street: (None, '3433', 'West Parc Green Street') https://osm.org/?mlat=29.85445453211759&mlon=-90.05720038754565&zoom=16
address does not match a street: (None, '3421', 'West Parc Green Street') https://osm.org/?mlat=29.854873048525665&mlon=-90.05733391846124&zoom=16
address does not match a street: (None, '3417', 'East Parc Green Street') https://osm.org/?mlat=29.855541218807534&mlon=-90.05562837841143&zoom=16
address does not match a street: (None, '3421', 'East Parc Green Street') https://osm.org/?mlat=29.85538491221262&mlon=-90.05558504966557&zoom=16
address does not match a street: (None, '3440', 'East Parc Green Street') https://osm.org/?mlat=29.85454646961012&mlon=-90.05567668014841&zoom=16
address does not match a street: (None, '3444', 'East Parc Green Street') https://osm.org/?mlat=29.854406691705435&mlon=-90.05564102013611&zoom=16
address does not match a street: (None, '3416', 'West Parc Green Street') https://osm.org/?mlat=29.854883307557564&mlon=-90.05773715131724&zoom=16
address does not match a street: (None, '3300', 'West Parc Green Street') https://osm.org/?mlat=29.85708298194514&mlon=-90.05868719571323&zoom=16
address does not match a street: (None, '2324', 'North Parc Green Street') https://osm.org/?mlat=29.85570064514244&mlon=-90.05714774455639&zoom=16
address does not match a street: (None, '3324', 'East Parc Green Street') https://osm.org/?mlat=29.85641088708783&mlon=-90.05636543143663&zoom=16
address does not match a street: (None, '3413', 'West Parc Green Street') https://osm.org/?mlat=29.855162680469&mlon=-90.05743312558386&zoom=16
address does not match a street: (None, '3337', 'West Parc Green Street') https://osm.org/?mlat=29.855907074996825&mlon=-90.05770445689339&zoom=16
address does not match a street: (None, '3325', 'West Parc Green Street') https://osm.org/?mlat=29.85629034866351&mlon=-90.05786442312254&zoom=16
address does not match a street: (None, '3440', 'West Parc Green Street') https://osm.org/?mlat=29.854055349874777&mlon=-90.0574443115216&zoom=16
address does not match a street: (None, '3444', 'West Parc Green Street') https://osm.org/?mlat=29.853888262434612&mlon=-90.05740566420786&zoom=16
address does not match a street: (None, '3452', 'West Parc Green Street') https://osm.org/?mlat=29.853653787246277&mlon=-90.0573442117068&zoom=16
address does not match a street: (None, '3328', 'West Parc Green Street') https://osm.org/?mlat=29.85616731813963&mlon=-90.05819175825405&zoom=16
address does not match a street: (None, '3329', 'West Parc Green Street') https://osm.org/?mlat=29.856146448101235&mlon=-90.05782652355299&zoom=16
address does not match a street: (None, '3409', 'West Parc Green Street') https://osm.org/?mlat=29.855304386195144&mlon=-90.05750943524801&zoom=16
address does not match a street: (None, '3425', 'East Parc Green Street') https://osm.org/?mlat=29.855241941712247&mlon=-90.05552465315581&zoom=16
address does not match a street: (None, '3429', 'East Parc Green Street') https://osm.org/?mlat=29.85509226818891&mlon=-90.05547211997532&zoom=16
address does not match a street: (None, '3433', 'East Parc Green Street') https://osm.org/?mlat=29.854949486650053&mlon=-90.05543116692519&zoom=16
address does not match a street: (None, '3437', 'East Parc Green Street') https://osm.org/?mlat=29.85482007505549&mlon=-90.05537059741417&zoom=16
address does not match a street: (None, '3441', 'East Parc Green Street') https://osm.org/?mlat=29.854677255668456&mlon=-90.05532575538619&zoom=16
address does not match a street: (None, '3420', 'East Parc Green Street') https://osm.org/?mlat=29.85526272614053&mlon=-90.05591513957967&zoom=16
address does not match a street: (None, '3420', 'West Parc Green Street') https://osm.org/?mlat=29.854792277359348&mlon=-90.0577139487734&zoom=16
address does not match a street: (None, '3425', 'West Parc Green Street') https://osm.org/?mlat=29.854730380795523&mlon=-90.05730462744687&zoom=16
address does not match a street: (None, '3445', 'East Parc Green Street') https://osm.org/?mlat=29.854517374563866&mlon=-90.05526946473631&zoom=16
address does not match a street: (None, '3424', 'East Parc Green Street') https://osm.org/?mlat=29.85511414543588&mlon=-90.05588600683303&zoom=16
address does not match a street: (None, '3312', 'West Parc Green Street') https://osm.org/?mlat=29.85671104733971&mlon=-90.0584645703447&zoom=16
address does not match a street: (None, '3316', 'West Parc Green Street') https://osm.org/?mlat=29.856590753969332&mlon=-90.05840210121261&zoom=16
address does not match a street: (None, '3313', 'East Parc Green Street') https://osm.org/?mlat=29.857063811820076&mlon=-90.05619007645055&zoom=16
address does not match a street: (None, '3328', 'East Parc Green Street') https://osm.org/?mlat=29.85625989876636&mlon=-90.05627624389838&zoom=16
address does not match a street: (None, '3448', 'East Parc Green Street') https://osm.org/?mlat=29.85428647442467&mlon=-90.05557965614362&zoom=16
address does not match a street: (None, '2320', 'North Parc Green Street') https://osm.org/?mlat=29.855733824296372&mlon=-90.05695345268084&zoom=16
address does not match a street: (None, '3340', 'West Parc Green Street') https://osm.org/?mlat=29.855648075609167&mlon=-90.05801227107035&zoom=16
address does not match a street: (None, '3325', 'East Parc Green Street') https://osm.org/?mlat=29.856461125118635&mlon=-90.05598881602607&zoom=16
address does not match a street: (None, '2313', 'North Parc Green Street') https://osm.org/?mlat=29.856148638593712&mlon=-90.0567185266291&zoom=16
address does not match a street: (None, '2329', 'North Parc Green Street') https://osm.org/?mlat=29.85597293614694&mlon=-90.05739529521863&zoom=16
address does not match a street: (None, '2309', 'North Parc Green Street') https://osm.org/?mlat=29.856173319989985&mlon=-90.0565942920884&zoom=16
address does not match a street: (None, '3432', 'East Parc Green Street') https://osm.org/?mlat=29.854874211439547&mlon=-90.05577846156181&zoom=16
address does not match a street: (None, '3429', 'West Parc Green Street') https://osm.org/?mlat=29.854587103903246&mlon=-90.05726463361165&zoom=16
address does not match a street: (None, '3400', 'East Parc Green Street') https://osm.org/?mlat=29.85596473952369&mlon=-90.05619345128741&zoom=16
address does not match a street: (None, '3408', 'East Parc Green Street') https://osm.org/?mlat=29.85572890516904&mlon=-90.05609031926303&zoom=16
address does not match a street: (None, '3452', 'East Parc Green Street') https://osm.org/?mlat=29.854140228009427&mlon=-90.05553096923714&zoom=16
address does not match a street: (None, '3449', 'West Parc Green Street') https://osm.org/?mlat=29.85389607837186&mlon=-90.056991615943&zoom=16
address does not match a street: (None, '3453', 'West Parc Green Street') https://osm.org/?mlat=29.853769362056774&mlon=-90.05693053760133&zoom=16
address does not match a street: (None, '3336', 'West Parc Green Street') https://osm.org/?mlat=29.85582618816139&mlon=-90.0580709102231&zoom=16
address does not match a street: (None, '3445', 'West Parc Green Street') https://osm.org/?mlat=29.854040159086896&mlon=-90.0570819578386&zoom=16
address does not match a street: (None, '3448', 'West Parc Green Street') https://osm.org/?mlat=29.853745853357093&mlon=-90.05733860663165&zoom=16
address does not match a street: (None, '3424', 'West Parc Green Street') https://osm.org/?mlat=29.854638047564833&mlon=-90.05768205995625&zoom=16
address does not match a street: (None, '3428', 'West Parc Green Street') https://osm.org/?mlat=29.85450887524951&mlon=-90.0576047593319&zoom=16
address does not match a street: (None, '3409', 'East Parc Green Street') https://osm.org/?mlat=29.855824477572735&mlon=-90.05576247399412&zoom=16
address does not match a street: (None, '3316', 'East Parc Green Street') https://osm.org/?mlat=29.856695145344666&mlon=-90.05643457093026&zoom=16
address does not match a street: (None, '3321', 'East Parc Green Street') https://osm.org/?mlat=29.85664561065084&mlon=-90.05606217206712&zoom=16
address does not match a street: (None, '3301', 'East Parc Green Street') https://osm.org/?mlat=29.857494487452186&mlon=-90.05633881070979&zoom=16
address does not match a street: (None, '3309', 'East Parc Green Street') https://osm.org/?mlat=29.857224834886416&mlon=-90.05624787282399&zoom=16
address does not match a street: (None, '3412', 'East Parc Green Street') https://osm.org/?mlat=29.855549702653015&mlon=-90.05602536202994&zoom=16
address does not match a street: (None, '3461', 'East Parc Green Street') https://osm.org/?mlat=29.853995724508763&mlon=-90.0550865756331&zoom=16
address does not match a street: (None, '3401', 'West Parc Green Street') https://osm.org/?mlat=29.855591020841928&mlon=-90.0576086526075&zoom=16
address does not match a street: (None, '3432', 'West Parc Green Street') https://osm.org/?mlat=29.85431134949342&mlon=-90.05753269678617&zoom=16
address does not match a street: (None, '3441', 'West Parc Green Street') https://osm.org/?mlat=29.85417727831129&mlon=-90.05711275690544&zoom=16
address does not match a street: (None, '3456', 'West Parc Green Street') https://osm.org/?mlat=29.853480162116977&mlon=-90.05730110131636&zoom=16
address does not match a street: (None, '3449', 'East Parc Green Street') https://osm.org/?mlat=29.854377982237846&mlon=-90.05522846780659&zoom=16
address does not match a street: (None, '3453', 'East Parc Green Street') https://osm.org/?mlat=29.854255463464558&mlon=-90.05517947773332&zoom=16
address has no house number: (None, None, 'Peters Road') https://osm.org/?mlat=29.852328596204888&mlon=-90.05999464597019&zoom=16
address does not match a street: (None, '3329', 'East Parc Green Street') https://osm.org/?mlat=29.85628653543301&mlon=-90.05591965095533&zoom=16
address does not match a street: (None, '2272', 'South Harper Drive') https://osm.org/?mlat=29.85919372510516&mlon=-90.05591088896264&zoom=16
address does not match a street: (None, '2301', 'South Harper Drive') https://osm.org/?mlat=29.858800211258433&mlon=-90.05641104203856&zoom=16
address does not match a street: (None, '2300', 'South Harper Drive') https://osm.org/?mlat=29.859033602565653&mlon=-90.05651469881902&zoom=16
address does not match a street: (None, '2308', 'South Harper Drive') https://osm.org/?mlat=29.85896294324702&mlon=-90.05675935443098&zoom=16
address does not match a street: (None, '2316', 'South Harper Drive') https://osm.org/?mlat=29.858847660706918&mlon=-90.05719500912423&zoom=16
address does not match a street: (None, '2317', 'South Harper Drive') https://osm.org/?mlat=29.85861404810088&mlon=-90.05706850208347&zoom=16
address does not match a street: (None, '2313', 'South Harper Drive') https://osm.org/?mlat=29.858652475629327&mlon=-90.05692328356511&zoom=16
address does not match a street: (None, '2309', 'South Harper Drive') https://osm.org/?mlat=29.858690681122297&mlon=-90.05675521708952&zoom=16
address does not match a street: (None, '2305', 'South Harper Drive') https://osm.org/?mlat=29.85873559911964&mlon=-90.05659468088285&zoom=16
address does not match a street: (None, '2329', 'South Harper Drive') https://osm.org/?mlat=29.85849271801299&mlon=-90.05756516992123&zoom=16
address does not match a street: (None, '2321', 'South Harper Drive') https://osm.org/?mlat=29.858569351316937&mlon=-90.05725188570044&zoom=16
address does not match a street: (None, '2320', 'South Harper Drive') https://osm.org/?mlat=29.85879632590171&mlon=-90.05737847894866&zoom=16
address does not match a street: (None, '2324', 'South Harper Drive') https://osm.org/?mlat=29.858758119612368&mlon=-90.05754654536362&zoom=16
address does not match a street: (None, '2328', 'South Harper Drive') https://osm.org/?mlat=29.858719691395866&mlon=-90.05769176379577&zoom=16
address does not match a street: (None, '2332', 'South Harper Drive') https://osm.org/?mlat=29.858668133290163&mlon=-90.05785238322859&zoom=16
address does not match a street: (None, '2337', 'South Harper Drive') https://osm.org/?mlat=29.858396092886178&mlon=-90.05787109173541&zoom=16
address does not match a street: (None, '2336', 'South Harper Drive') https://osm.org/?mlat=29.85862306597683&mlon=-90.05799768618265&zoom=16
address does not match a street: (None, '2345', 'South Harper Drive') https://osm.org/?mlat=29.858319457203095&mlon=-90.0581843749492&zoom=16
address does not match a street: (None, '2341', 'South Harper Drive') https://osm.org/?mlat=29.858364524734313&mlon=-90.05803907355599&zoom=16
address does not match a street: (None, '2340', 'South Harper Drive') https://osm.org/?mlat=29.858591497653926&mlon=-90.05816566731006&zoom=16
address does not match a street: (None, '2353', 'South Harper Drive') https://osm.org/?mlat=29.858222831535638&mlon=-90.05849029562216&zoom=16
address does not match a street: (None, '2357', 'South Harper Drive') https://osm.org/?mlat=29.85817119860883&mlon=-90.05864329862347&zoom=16
address does not match a street: (None, '2361', 'South Harper Drive') https://osm.org/?mlat=29.85812613041889&mlon=-90.05878860049775&zoom=16
address does not match a street: (None, '3404', 'West Parc Green Street') https://osm.org/?mlat=29.855358994585&mlon=-90.05788694234109&zoom=16
address does not match a street: (None, '3408', 'West Parc Green Street') https://osm.org/?mlat=29.855224877354676&mlon=-90.05783317910404&zoom=16
address does not match a street: (None, '3412', 'West Parc Green Street') https://osm.org/?mlat=29.855078267709153&mlon=-90.05780656872244&zoom=16
address does not match a street: (None, '2251', 'South Harper Drive') https://osm.org/?mlat=29.859177609325407&mlon=-90.0549360867388&zoom=16
address does not match a street: (None, '2255', 'South Harper Drive') https://osm.org/?mlat=29.85913933211202&mlon=-90.05509653943811&zoom=16
address does not match a street: (None, '3400', 'West Parc Green Street') https://osm.org/?mlat=29.85550833401498&mlon=-90.05792551024473&zoom=16
address does not match a street: (None, '2845', 'Dill Street') https://osm.org/?mlat=29.858957783632807&mlon=-90.05691176452606&zoom=16
address does not match a street: (None, '2841', 'Dill Street') https://osm.org/?mlat=29.85908892492766&mlon=-90.05695783958078&zoom=16
address does not match a street: (None, '2837', 'Dill Street') https://osm.org/?mlat=29.859236980310698&mlon=-90.05694628280354&zoom=16
address does not match a street: (None, '2833', 'Dill Street') https://osm.org/?mlat=29.859370642844198&mlon=-90.05703598213076&zoom=16
address does not match a street: (None, '2829', 'Dill Street') https://osm.org/?mlat=29.85939233278307&mlon=-90.05721851893504&zoom=16
address does not match a street: (None, '2832', 'Dill Street') https://osm.org/?mlat=29.85929400915937&mlon=-90.05734926904206&zoom=16
address does not match a street: (None, '2840', 'Dill Street') https://osm.org/?mlat=29.859007434509955&mlon=-90.05723867125403&zoom=16
address does not match a street: (None, '2344', 'South Harper Drive') https://osm.org/?mlat=29.85854642999396&mlon=-90.05831097001129&zoom=16
address does not match a street: (None, '2333', 'South Harper Drive') https://osm.org/?mlat=29.858441160070782&mlon=-90.05772579008935&zoom=16
address does not match a street: (None, '2263', 'South Harper Drive') https://osm.org/?mlat=29.85906255586778&mlon=-90.05539459445868&zoom=16
address does not match a street: (None, '2259', 'South Harper Drive') https://osm.org/?mlat=29.85910754534989&mlon=-90.0552416733781&zoom=16
address does not match a street: (None, '2271', 'South Harper Drive') https://osm.org/?mlat=29.858972574554965&mlon=-90.05570043519455&zoom=16
address does not match a street: (None, '2267', 'South Harper Drive') https://osm.org/?mlat=29.859017565295428&mlon=-90.05554751437802&zoom=16
address does not match a street: (None, '2248', 'South Harper Drive') https://osm.org/?mlat=29.859443232736883&mlon=-90.0549403041161&zoom=16
address does not match a street: (None, '2252', 'South Harper Drive') https://osm.org/?mlat=29.85940495551944&mlon=-90.05510075724045&zoom=16
address does not match a street: (None, '2256', 'South Harper Drive') https://osm.org/?mlat=29.859373316852274&mlon=-90.05526112425393&zoom=16
address does not match a street: (None, '2260', 'South Harper Drive') https://osm.org/?mlat=29.859328327348795&mlon=-90.05541404573259&zoom=16
address does not match a street: (None, '2268', 'South Harper Drive') https://osm.org/?mlat=29.859251623506765&mlon=-90.05571971742009&zoom=16
address does not match a street: (None, '2264', 'South Harper Drive') https://osm.org/?mlat=29.85929661426823&mlon=-90.055566796185&zoom=16
address does not match a street: (None, '3324', 'West Parc Green Street') https://osm.org/?mlat=29.85627641891264&mlon=-90.05824209179805&zoom=16
address does not match a street: (None, '2348', 'South Harper Drive') https://osm.org/?mlat=29.858501436938784&mlon=-90.05846388885017&zoom=16
address does not match a street: (None, '2836', 'Dill Street') https://osm.org/?mlat=29.859148104343074&mlon=-90.05736636760653&zoom=16
address does not match a street: (None, '2325', 'South Harper Drive') https://osm.org/?mlat=29.85853114519854&mlon=-90.05741995281686&zoom=16
address does not match a street: (None, '2349', 'South Harper Drive') https://osm.org/?mlat=29.858267898503332&mlon=-90.05834499451908&zoom=16
address does not match a street: (None, '3457', 'East Parc Green Street') https://osm.org/?mlat=29.854112454941923&mlon=-90.05511519327455&zoom=16
address does not match a street: (None, '2275', 'South Harper Drive') https://osm.org/?mlat=29.858954286682742&mlon=-90.05586824781133&zoom=16
