address does not match a street: (None, '4423', 'Bayou des Familles Drive') https://osm.org/?mlat=29.826632917342558&mlon=-90.10638893089394&zoom=16
address does not match a street: (None, '4424', 'Bayou des Familles Drive') https://osm.org/?mlat=29.826476996401105&mlon=-90.1067724718677&zoom=16
address does not match a street: (None, '2705', 'Jimmie Dean Drive') https://osm.org/?mlat=29.83023565891154&mlon=-90.10641092182946&zoom=16
address does not match a street: (None, '2708', 'Jimmie Dean Drive') https://osm.org/?mlat=29.83055771683375&mlon=-90.10673814256374&zoom=16
address does not match a street: (None, '2720', 'Jimmie Dean Drive') https://osm.org/?mlat=29.83049607942303&mlon=-90.10720570029275&zoom=16
address does not match a street: (None, '2712', 'Jimmie Dean Drive') https://osm.org/?mlat=29.830542690245494&mlon=-90.10689602981148&zoom=16
address does not match a street: (None, '2717', 'Jimmie Dean Drive') https://osm.org/?mlat=29.830201696306588&mlon=-90.10689706176203&zoom=16
address does not match a street: (None, '2757', 'Jimmie Dean Drive') https://osm.org/?mlat=29.829983559097663&mlon=-90.10857138346263&zoom=16
address does not match a street: (None, '2729', 'Jimmie Dean Drive') https://osm.org/?mlat=29.830145587161454&mlon=-90.10736770392414&zoom=16
address does not match a street: (None, '2741', 'Jimmie Dean Drive') https://osm.org/?mlat=29.830079477348484&mlon=-90.10794570557746&zoom=16
address does not match a street: (None, '4467', 'Bayou des Familles Drive') https://osm.org/?mlat=29.82543339693904&mlon=-90.10545118435216&zoom=16
address does not match a street: (None, '4460', 'Bayou des Familles Drive') https://osm.org/?mlat=29.825388497945756&mlon=-90.1059437434263&zoom=16
address does not match a street: (None, '4468', 'Bayou des Familles Drive') https://osm.org/?mlat=29.825161342021072&mlon=-90.105766762506&zoom=16
address does not match a street: (None, '2776', 'Jimmie Dean Drive') https://osm.org/?mlat=29.830239288615616&mlon=-90.10945453611716&zoom=16
address does not match a street: (None, '2772', 'Jimmie Dean Drive') https://osm.org/?mlat=29.830251568570873&mlon=-90.1092966834227&zoom=16
address does not match a street: (None, '2760', 'Jimmie Dean Drive') https://osm.org/?mlat=29.83030765523845&mlon=-90.10882288815766&zoom=16
address does not match a street: (None, '2769', 'Jimmie Dean Drive') https://osm.org/?mlat=29.82991354852051&mlon=-90.10902642376296&zoom=16
address does not match a street: (None, '2773', 'Jimmie Dean Drive') https://osm.org/?mlat=29.82990407734891&mlon=-90.10919054961342&zoom=16
address does not match a street: (None, '2740', 'Oak Leaf Drive') https://osm.org/?mlat=29.821693507288547&mlon=-90.10664512142844&zoom=16
address does not match a street: (None, '2732', 'Jimmie Dean Drive') https://osm.org/?mlat=29.830446233284135&mlon=-90.10775827216828&zoom=16
address does not match a street: (None, '4404', 'Bayou des Familles Drive') https://osm.org/?mlat=29.82707827465295&mlon=-90.10725710672097&zoom=16
address does not match a street: (None, '4416', 'Bayou des Familles Drive') https://osm.org/?mlat=29.826698680054523&mlon=-90.10695267849331&zoom=16
address does not match a street: (None, '2784', 'Jimmie Dean Drive') https://osm.org/?mlat=29.830239387424534&mlon=-90.10976047828557&zoom=16
address does not match a street: (None, '2781', 'Jimmie Dean Drive') https://osm.org/?mlat=29.8298851041204&mlon=-90.10951564755811&zoom=16
address does not match a street: (None, '2744', 'Jimmie Dean Drive') https://osm.org/?mlat=29.830378828233933&mlon=-90.1081975129814&zoom=16
address does not match a street: (None, '4444', 'Bayou des Familles Drive') https://osm.org/?mlat=29.825873113846473&mlon=-90.1063036443492&zoom=16
address does not match a street: (None, '2749', 'Jimmie Dean Drive') https://osm.org/?mlat=29.830027276440845&mlon=-90.10824598053443&zoom=16
address does not match a street: (None, '2704', 'Jimmie Dean Drive') https://osm.org/?mlat=29.83057564013121&mlon=-90.10659598997874&zoom=16
address does not match a street: (None, '2713', 'Jimmie Dean Drive') https://osm.org/?mlat=29.830202974364116&mlon=-90.10673934385001&zoom=16
address does not match a street: (None, '2744', 'Oak Leaf Drive') https://osm.org/?mlat=29.821758576452012&mlon=-90.10683985678415&zoom=16
address does not match a street: (None, '2737', 'Jimmie Dean Drive') https://osm.org/?mlat=29.830080815483758&mlon=-90.10779429523092&zoom=16
address does not match a street: (None, '2740', 'Jimmie Dean Drive') https://osm.org/?mlat=29.83042164748678&mlon=-90.10807082585596&zoom=16
address does not match a street: (None, '2748', 'Jimmie Dean Drive') https://osm.org/?mlat=29.83036379989213&mlon=-90.10835539972693&zoom=16
address does not match a street: (None, '4436', 'Bayou des Familles Drive') https://osm.org/?mlat=29.826147513655908&mlon=-90.10653366522538&zoom=16
address does not match a street: (None, '2721', 'Jimmie Dean Drive') https://osm.org/?mlat=29.830156452191236&mlon=-90.10705847439657&zoom=16
address does not match a street: (None, '4456', 'Bayou des Familles Drive') https://osm.org/?mlat=29.825535263302054&mlon=-90.10605232788292&zoom=16
address does not match a street: (None, '2756', 'Oak Leaf Drive') https://osm.org/?mlat=29.821825808124085&mlon=-90.10756124915783&zoom=16
address does not match a street: (None, '2780', 'Jimmie Dean Drive') https://osm.org/?mlat=29.83023265472356&mlon=-90.10962809087131&zoom=16
address does not match a street: (None, '2764', 'Jimmie Dean Drive') https://osm.org/?mlat=29.830284377024103&mlon=-90.10898087578967&zoom=16
address does not match a street: (None, '2765', 'Jimmie Dean Drive') https://osm.org/?mlat=29.829950692850996&mlon=-90.10888088189306&zoom=16
address does not match a street: (None, '2777', 'Jimmie Dean Drive') https://osm.org/?mlat=29.829913824550967&mlon=-90.10935128594721&zoom=16
address does not match a street: (None, '2753', 'Jimmie Dean Drive') https://osm.org/?mlat=29.830023364447367&mlon=-90.10841634657491&zoom=16
address does not match a street: (None, '2756', 'Jimmie Dean Drive') https://osm.org/?mlat=29.83034757934913&mlon=-90.10868046664379&zoom=16
address does not match a street: (None, '2733', 'Jimmie Dean Drive') https://osm.org/?mlat=29.83011125304665&mlon=-90.10751952026337&zoom=16
address does not match a street: (None, '2728', 'Jimmie Dean Drive') https://osm.org/?mlat=29.830476906104273&mlon=-90.10750872572044&zoom=16
address does not match a street: (None, '2736', 'Jimmie Dean Drive') https://osm.org/?mlat=29.83041441315963&mlon=-90.10788482454734&zoom=16
address does not match a street: (None, '2725', 'Jimmie Dean Drive') https://osm.org/?mlat=29.83016336402363&mlon=-90.10720978362852&zoom=16
address does not match a street: (None, '2716', 'Jimmie Dean Drive') https://osm.org/?mlat=29.83052769290443&mlon=-90.10705707173983&zoom=16
address does not match a street: (None, '2709', 'Jimmie Dean Drive') https://osm.org/?mlat=29.830228970151815&mlon=-90.10657816837694&zoom=16
address does not match a street: (None, '2700', 'Jimmie Dean Drive') https://osm.org/?mlat=29.830587681113457&mlon=-90.10641290684033&zoom=16
address does not match a street: (None, '4448', 'Bayou des Familles Drive') https://osm.org/?mlat=29.825748286259866&mlon=-90.10617646850973&zoom=16
address does not match a street: (None, '2732', 'Oak Leaf Drive') https://osm.org/?mlat=29.821615526014888&mlon=-90.1062455485603&zoom=16
address does not match a street: (None, '4431', 'Bayou des Familles Drive') https://osm.org/?mlat=29.82645547173007&mlon=-90.10630161010829&zoom=16
address does not match a street: (None, '4428', 'Bayou des Familles Drive') https://osm.org/?mlat=29.826341377675746&mlon=-90.10667951912991&zoom=16
address does not match a street: (None, '4432', 'Bayou des Familles Drive') https://osm.org/?mlat=29.82624706247096&mlon=-90.10659236733895&zoom=16
address does not match a street: (None, '2736', 'Oak Leaf Drive') https://osm.org/?mlat=29.8216778451601&mlon=-90.1064403172796&zoom=16
address does not match a street: (None, '2748', 'Oak Leaf Drive') https://osm.org/?mlat=29.821801646763223&mlon=-90.10703486342612&zoom=16
address does not match a street: (None, '4412', 'Bayou des Familles Drive') https://osm.org/?mlat=29.826796362697802&mlon=-90.10710602339188&zoom=16
address does not match a street: (None, '4408', 'Bayou des Familles Drive') https://osm.org/?mlat=29.826912762586563&mlon=-90.10720236693022&zoom=16
address does not match a street: (None, '4435', 'Bayou des Familles Drive') https://osm.org/?mlat=29.826382050751597&mlon=-90.10620851494733&zoom=16
address does not match a street: (None, '4443', 'Bayou des Familles Drive') https://osm.org/?mlat=29.826147236677606&mlon=-90.10600956695144&zoom=16
address does not match a street: (None, '2724', 'Jimmie Dean Drive') https://osm.org/?mlat=29.830500329638866&mlon=-90.10736650486965&zoom=16
address does not match a street: (None, '2701', 'Jimmie Dean Drive') https://osm.org/?mlat=29.83026715369945&mlon=-90.10624967763789&zoom=16
address does not match a street: (None, '2752', 'Oak Leaf Drive') https://osm.org/?mlat=29.821892694051574&mlon=-90.10725064090688&zoom=16
address does not match a street: (None, '4464', 'Bayou des Familles Drive') https://osm.org/?mlat=29.825298171127454&mlon=-90.10585264214745&zoom=16
address does not match a street: (None, '4463', 'Bayou des Familles Drive') https://osm.org/?mlat=29.82555923493745&mlon=-90.10555818656904&zoom=16
address does not match a street: (None, '4459', 'Bayou des Familles Drive') https://osm.org/?mlat=29.825673403835623&mlon=-90.10563878503015&zoom=16
address does not match a street: (None, '2752', 'Jimmie Dean Drive') https://osm.org/?mlat=29.83034327195647&mlon=-90.10851335488078&zoom=16
address does not match a street: (None, '4532', 'Bayou des Familles Drive') https://osm.org/?mlat=29.82405805877135&mlon=-90.10487699931905&zoom=16
address does not match a street: (None, '4524', 'Bayou des Familles Drive') https://osm.org/?mlat=29.824284751937547&mlon=-90.10502180806019&zoom=16
address does not match a street: (None, '4617', 'Bayou des Familles Drive') https://osm.org/?mlat=29.823439661633767&mlon=-90.10394850651163&zoom=16
address does not match a street: (None, '4600', 'Bayou des Familles Drive') https://osm.org/?mlat=29.823780718742707&mlon=-90.10472220602094&zoom=16
address does not match a street: (None, '4601', 'Bayou des Familles Drive') https://osm.org/?mlat=29.824006658976813&mlon=-90.1042975516591&zoom=16
address does not match a street: (None, '4455', 'Bayou des Familles Drive') https://osm.org/?mlat=29.825790142974732&mlon=-90.10573066393604&zoom=16
address does not match a street: (None, '4451', 'Bayou des Familles Drive') https://osm.org/?mlat=29.82592042882814&mlon=-90.10582096212045&zoom=16
address does not match a street: (None, '4472', 'Bayou des Familles Drive') https://osm.org/?mlat=29.825076065706867&mlon=-90.10565594881605&zoom=16
address does not match a street: (None, '4447', 'Bayou des Familles Drive') https://osm.org/?mlat=29.826017181271634&mlon=-90.10588480940554&zoom=16
address does not match a street: (None, '2745', 'Jimmie Dean Drive') https://osm.org/?mlat=29.830058920502495&mlon=-90.10810050668702&zoom=16
address does not match a street: (None, '2768', 'Jimmie Dean Drive') https://osm.org/?mlat=29.83026934775077&mlon=-90.1091387633028&zoom=16
address does not match a street: (None, '2761', 'Jimmie Dean Drive') https://osm.org/?mlat=29.82997947036001&mlon=-90.10872282735609&zoom=16
address does not match a street: (None, '2652', 'Sea Shore Drive') https://osm.org/?mlat=29.829580468605602&mlon=-90.103549901796&zoom=16
address does not match a street: (None, '2605', 'Sea Shore Drive') https://osm.org/?mlat=29.829378556857517&mlon=-90.10136997627527&zoom=16
address does not match a street: (None, '2609', 'Sea Shore Drive') https://osm.org/?mlat=29.82933480175602&mlon=-90.10156766371722&zoom=16
address does not match a street: (None, '2649', 'Watergate Way') https://osm.org/?mlat=29.825627246887134&mlon=-90.10262514602432&zoom=16
address does not match a street: (None, '2701', 'Bayou des Cannes Drive') https://osm.org/?mlat=29.82514902834612&mlon=-90.10337359579741&zoom=16
address does not match a street: (None, '2705', 'Bayou des Cannes Drive') https://osm.org/?mlat=29.825091512002963&mlon=-90.10353849725111&zoom=16
address does not match a street: (None, '2709', 'Bayou des Cannes Drive') https://osm.org/?mlat=29.825013959407688&mlon=-90.10368112195899&zoom=16
address does not match a street: (None, '2717', 'Bayou des Cannes Drive') https://osm.org/?mlat=29.82491364702344&mlon=-90.10391876187005&zoom=16
address does not match a street: (None, '2713', 'Bayou des Cannes Drive') https://osm.org/?mlat=29.824987233044993&mlon=-90.10379323878574&zoom=16
address does not match a street: (None, '2721', 'Bayou des Cannes Drive') https://osm.org/?mlat=29.824872932451637&mlon=-90.10406273943437&zoom=16
address does not match a street: (None, '2684', 'Sea Shore Drive') https://osm.org/?mlat=29.829351819778413&mlon=-90.10487768132246&zoom=16
address does not match a street: (None, '2700', 'Bayou des Cannes Drive') https://osm.org/?mlat=29.825480210292433&mlon=-90.10354113191522&zoom=16
address does not match a street: (None, '2704', 'Bayou des Cannes Drive') https://osm.org/?mlat=29.825407930420514&mlon=-90.10367913320847&zoom=16
address does not match a street: (None, '2708', 'Bayou des Cannes Drive') https://osm.org/?mlat=29.825293151906063&mlon=-90.10379626816186&zoom=16
address does not match a street: (None, '2716', 'Bayou des Cannes Drive') https://osm.org/?mlat=29.825218970439604&mlon=-90.10412443315171&zoom=16
address does not match a street: (None, '2720', 'Bayou des Cannes Drive') https://osm.org/?mlat=29.82513007860587&mlon=-90.10424388749922&zoom=16
address does not match a street: (None, '4516', 'Bayou des Familles Drive') https://osm.org/?mlat=29.824456812322286&mlon=-90.10523069223926&zoom=16
address does not match a street: (None, '4512', 'Bayou des Familles Drive') https://osm.org/?mlat=29.824586533407192&mlon=-90.10533456707681&zoom=16
address does not match a street: (None, '4508', 'Bayou des Familles Drive') https://osm.org/?mlat=29.82471645148534&mlon=-90.10545953386566&zoom=16
address does not match a street: (None, '4504', 'Bayou des Familles Drive') https://osm.org/?mlat=29.82483349736054&mlon=-90.10547645991623&zoom=16
address does not match a street: (None, '4500', 'Bayou des Familles Drive') https://osm.org/?mlat=29.824962613129387&mlon=-90.10554840159351&zoom=16
address does not match a street: (None, '4452', 'Bayou des Familles Drive') https://osm.org/?mlat=29.82562815698174&mlon=-90.10609919479204&zoom=16
address does not match a street: (None, '2668', 'Sea Shore Drive') https://osm.org/?mlat=29.829419286209593&mlon=-90.10419448751747&zoom=16
address does not match a street: (None, '4605', 'Bayou des Familles Drive') https://osm.org/?mlat=29.82384935067784&mlon=-90.10419401814192&zoom=16
address does not match a street: (None, '4621', 'Bayou des Familles Drive') https://osm.org/?mlat=29.82318951857788&mlon=-90.10366239798515&zoom=16
address does not match a street: (None, '4528', 'Bayou des Familles Drive') https://osm.org/?mlat=29.824123412803534&mlon=-90.10498166463282&zoom=16
address does not match a street: (None, '4420', 'Bayou des Familles Drive') https://osm.org/?mlat=29.82656853144266&mlon=-90.10685650422673&zoom=16
address does not match a street: (None, '4636', 'Bayou des Familles Drive') https://osm.org/?mlat=29.822824654213832&mlon=-90.10391090954978&zoom=16
address does not match a street: (None, '4632', 'Bayou des Familles Drive') https://osm.org/?mlat=29.82289770635591&mlon=-90.1040266997294&zoom=16
address does not match a street: (None, '4624', 'Bayou des Familles Drive') https://osm.org/?mlat=29.823113226772712&mlon=-90.10415033954082&zoom=16
address does not match a street: (None, '4620', 'Bayou des Familles Drive') https://osm.org/?mlat=29.823286126619543&mlon=-90.10423505236233&zoom=16
address does not match a street: (None, '4616', 'Bayou des Familles Drive') https://osm.org/?mlat=29.823389582211515&mlon=-90.10433889080292&zoom=16
address does not match a street: (None, '4612', 'Bayou des Familles Drive') https://osm.org/?mlat=29.823488576795846&mlon=-90.10438211442558&zoom=16
address does not match a street: (None, '4608', 'Bayou des Familles Drive') https://osm.org/?mlat=29.82360750478278&mlon=-90.104484411581&zoom=16
address does not match a street: (None, '4609', 'Bayou des Familles Drive') https://osm.org/?mlat=29.82369959083271&mlon=-90.10414560393913&zoom=16
address does not match a street: (None, '4613', 'Bayou des Familles Drive') https://osm.org/?mlat=29.82356955043059&mlon=-90.10407029384066&zoom=16
address does not match a street: (None, '4520', 'Bayou des Familles Drive') https://osm.org/?mlat=29.824397368288203&mlon=-90.10511252605401&zoom=16
address does not match a street: (None, '2737', 'Bayou des Cannes Drive') https://osm.org/?mlat=29.824582801535012&mlon=-90.1047078003895&zoom=16
address does not match a street: (None, '2740', 'Bayou des Cannes Drive') https://osm.org/?mlat=29.82480253150088&mlon=-90.10501641411948&zoom=16
address does not match a street: (None, '4536', 'Bayou des Familles Drive') https://osm.org/?mlat=29.823928831163826&mlon=-90.10482585336422&zoom=16
address does not match a street: (None, '4604', 'Bayou des Familles Drive') https://osm.org/?mlat=29.823678583552287&mlon=-90.10461799356283&zoom=16
address does not match a street: (None, '2732', 'Bayou des Cannes Drive') https://osm.org/?mlat=29.824928075869693&mlon=-90.10467153871294&zoom=16
address does not match a street: (None, '2736', 'Bayou des Cannes Drive') https://osm.org/?mlat=29.824875267400902&mlon=-90.10481856505449&zoom=16
address does not match a street: (None, '2725', 'Bayou des Cannes Drive') https://osm.org/?mlat=29.82480187645572&mlon=-90.10422100630485&zoom=16
address does not match a street: (None, '2729', 'Bayou des Cannes Drive') https://osm.org/?mlat=29.824727915649312&mlon=-90.10439621935261&zoom=16
address does not match a street: (None, '2733', 'Bayou des Cannes Drive') https://osm.org/?mlat=29.824673715851997&mlon=-90.10452699456559&zoom=16
address does not match a street: (None, '2712', 'Bayou des Cannes Drive') https://osm.org/?mlat=29.825272959416264&mlon=-90.10399720461739&zoom=16
address does not match a street: (None, '2724', 'Bayou des Cannes Drive') https://osm.org/?mlat=29.82506927579185&mlon=-90.10436244460601&zoom=16
address does not match a street: (None, '2728', 'Bayou des Cannes Drive') https://osm.org/?mlat=29.824998344446694&mlon=-90.10452337034775&zoom=16
address does not match a street: (None, '4628', 'Bayou des Familles Drive') https://osm.org/?mlat=29.82304942891375&mlon=-90.10406067663604&zoom=16
address does not match a street: (None, '2625', 'Bayou Chauvin Drive') https://osm.org/?mlat=29.82446441995057&mlon=-90.10125532446533&zoom=16
address does not match a street: (None, '2612', 'Bayou Chauvin Drive') https://osm.org/?mlat=29.825131980681213&mlon=-90.10040112753927&zoom=16
address does not match a street: (None, '2604', 'Bayou Chauvin Drive') https://osm.org/?mlat=29.825125804604472&mlon=-90.10002284606503&zoom=16
address does not match a street: (None, '2613', 'Bayou Chauvin Drive') https://osm.org/?mlat=29.824624367289996&mlon=-90.10074687032012&zoom=16
address does not match a street: (None, '2605', 'Bayou Chauvin Drive') https://osm.org/?mlat=29.824661785836646&mlon=-90.1004096677397&zoom=16
address does not match a street: (None, '2608', 'Bayou Duet Drive') https://osm.org/?mlat=29.824210780765725&mlon=-90.10051707750215&zoom=16
address does not match a street: (None, '2616', 'Bayou Duet Drive') https://osm.org/?mlat=29.82413135639524&mlon=-90.10086793877863&zoom=16
address does not match a street: (None, '2612', 'Bayou Duet Drive') https://osm.org/?mlat=29.824221329608395&mlon=-90.10071269448392&zoom=16
address does not match a street: (None, '2617', 'Bayou Chauvin Drive') https://osm.org/?mlat=29.824575962142074&mlon=-90.10093089577445&zoom=16
address does not match a street: (None, '2613', 'Bayou Duet Drive') https://osm.org/?mlat=29.823814077706334&mlon=-90.10063640790351&zoom=16
address does not match a street: (None, '2609', 'Bayou Duet Drive') https://osm.org/?mlat=29.82386984814677&mlon=-90.10047419487631&zoom=16
address does not match a street: (None, '4161', 'Pirates Alley') https://osm.org/?mlat=29.8267710103125&mlon=-90.10906091793346&zoom=16
address does not match a street: (None, '4131', 'Pirates Alley') https://osm.org/?mlat=29.826657778815804&mlon=-90.10963732267366&zoom=16
address does not match a street: (None, '2628', 'Bayou Chauvin Drive') https://osm.org/?mlat=29.824910082509057&mlon=-90.10125270423758&zoom=16
address does not match a street: (None, '4624', 'Bayou Nock Drive') https://osm.org/?mlat=29.82395010657653&mlon=-90.10139581603083&zoom=16
address does not match a street: (None, '2669', 'Sea Shore Drive') https://osm.org/?mlat=29.82897822787493&mlon=-90.1040066822112&zoom=16
address does not match a street: (None, '2629', 'Sea Shore Drive') https://osm.org/?mlat=29.829233088045143&mlon=-90.10235543479021&zoom=16
address does not match a street: (None, '2645', 'Sea Shore Drive') https://osm.org/?mlat=29.82912186844003&mlon=-90.10300734382865&zoom=16
address does not match a street: (None, '2648', 'Sea Shore Drive') https://osm.org/?mlat=29.829531724511767&mlon=-90.10336819754279&zoom=16
address does not match a street: (None, '2617', 'Watergate Way') https://osm.org/?mlat=29.82614648467028&mlon=-90.1012613743269&zoom=16
address does not match a street: (None, '2632', 'Watergate Way') https://osm.org/?mlat=29.826244428063614&mlon=-90.10194269551101&zoom=16
address does not match a street: (None, '2673', 'Sea Shore Drive') https://osm.org/?mlat=29.828957678805022&mlon=-90.10415554792954&zoom=16
address does not match a street: (None, '2676', 'Sea Shore Drive') https://osm.org/?mlat=29.829371712145946&mlon=-90.1045392147717&zoom=16
address does not match a street: (None, '2680', 'Sea Shore Drive') https://osm.org/?mlat=29.82935675727241&mlon=-90.10469937407932&zoom=16
address does not match a street: (None, '2640', 'Watergate Way') https://osm.org/?mlat=29.826166966455336&mlon=-90.10227070162959&zoom=16
address does not match a street: (None, '2657', 'Sea Shore Drive') https://osm.org/?mlat=29.829063598260966&mlon=-90.10350684607643&zoom=16
address does not match a street: (None, '2633', 'Watergate Way') https://osm.org/?mlat=29.825924384723244&mlon=-90.10198686169338&zoom=16
address does not match a street: (None, '2641', 'Watergate Way') https://osm.org/?mlat=29.82581290100746&mlon=-90.10230240228978&zoom=16
address does not match a street: (None, '2636', 'Watergate Way') https://osm.org/?mlat=29.82620824820472&mlon=-90.10209791010494&zoom=16
address does not match a street: (None, '2664', 'Sea Shore Drive') https://osm.org/?mlat=29.829468506274363&mlon=-90.10402281766626&zoom=16
address does not match a street: (None, '2633', 'Sea Shore Drive') https://osm.org/?mlat=29.829231183081394&mlon=-90.10254333635801&zoom=16
address does not match a street: (None, '2624', 'Watergate Way') https://osm.org/?mlat=29.826350021163854&mlon=-90.10163101088308&zoom=16
address does not match a street: (None, '2621', 'Watergate Way') https://osm.org/?mlat=29.82607395194921&mlon=-90.10146242860847&zoom=16
address does not match a street: (None, '2624', 'Sea Shore Drive') https://osm.org/?mlat=29.829601571090905&mlon=-90.10235416351017&zoom=16
address does not match a street: (None, '2616', 'Sea Shore Drive') https://osm.org/?mlat=29.829693751473773&mlon=-90.10220868120193&zoom=16
address does not match a street: (None, '2625', 'Watergate Way') https://osm.org/?mlat=29.82602470384256&mlon=-90.10162708902641&zoom=16
address does not match a street: (None, '2645', 'Watergate Way') https://osm.org/?mlat=29.825721105653216&mlon=-90.10247252899646&zoom=16
address does not match a street: (None, '2637', 'Watergate Way') https://osm.org/?mlat=29.825860867086405&mlon=-90.10211762736024&zoom=16
address does not match a street: (None, '2612', 'Sea Shore Drive') https://osm.org/?mlat=29.829676878806463&mlon=-90.10184132157038&zoom=16
address has no house number: (None, None, 'Park Shore Drive') https://osm.org/?mlat=29.825920264408353&mlon=-90.10045375374702&zoom=16
address does not match a street: (None, '2632', 'Bayou Chauvin Drive') https://osm.org/?mlat=29.824905253190693&mlon=-90.10142510547236&zoom=16
address does not match a street: (None, '4612', 'Bayou Nock Drive') https://osm.org/?mlat=29.82430780799879&mlon=-90.1016104249363&zoom=16
address does not match a street: (None, '2636', 'Bayou Chauvin Drive') https://osm.org/?mlat=29.824847325462077&mlon=-90.10161198641211&zoom=16
address does not match a street: (None, '2640', 'Bayou Chauvin Drive') https://osm.org/?mlat=29.824701415582837&mlon=-90.10183554236238&zoom=16
address does not match a street: (None, '4620', 'Bayou Nock Drive') https://osm.org/?mlat=29.824072531709962&mlon=-90.1014682254457&zoom=16
address does not match a street: (None, '4608', 'Bayou Nock Drive') https://osm.org/?mlat=29.824432825301553&mlon=-90.10170470405957&zoom=16
address does not match a street: (None, '2601', 'Bayou Nell Drive') https://osm.org/?mlat=29.823118950616458&mlon=-90.09992606464397&zoom=16
address does not match a street: (None, '4628', 'Bayou Nock Drive') https://osm.org/?mlat=29.823789440008053&mlon=-90.10131840360903&zoom=16
address does not match a street: (None, '4616', 'Bayou Nock Drive') https://osm.org/?mlat=29.824187769995145&mlon=-90.10153798574737&zoom=16
address does not match a street: (None, '2640', 'Sea Shore Drive') https://osm.org/?mlat=29.82953339580168&mlon=-90.1030178660599&zoom=16
address does not match a street: (None, '2632', 'Sea Shore Drive') https://osm.org/?mlat=29.829564470018052&mlon=-90.10266964446727&zoom=16
address does not match a street: (None, '2617', 'Bayou Duet Drive') https://osm.org/?mlat=29.823770779658698&mlon=-90.10085595830218&zoom=16
address does not match a street: (None, '2609', 'Bayou Chauvin Drive') https://osm.org/?mlat=29.824641869860542&mlon=-90.10057691551523&zoom=16
address does not match a street: (None, '2612', 'Watergate Way') https://osm.org/?mlat=29.826464230677388&mlon=-90.10112261724242&zoom=16
address does not match a street: (None, '2600', 'Bayou Chene Drive') https://osm.org/?mlat=29.82278414173803&mlon=-90.09987448765398&zoom=16
address does not match a street: (None, '4640', 'Bayou Nock Drive') https://osm.org/?mlat=29.823398927480252&mlon=-90.10106696912902&zoom=16
address does not match a street: (None, '2605', 'Bayou Duet Drive') https://osm.org/?mlat=29.823913452874624&mlon=-90.10028749184877&zoom=16
address does not match a street: (None, '2624', 'Bayou Chauvin Drive') https://osm.org/?mlat=29.825000190030888&mlon=-90.10111183097624&zoom=16
address does not match a street: (None, '2600', 'Bayou Duet Drive') https://osm.org/?mlat=29.824322940348104&mlon=-90.10016950664733&zoom=16
address does not match a street: (None, '2605', 'Watergate Way') https://osm.org/?mlat=29.826239261691526&mlon=-90.10078114671802&zoom=16
address does not match a street: (None, '2608', 'Watergate Way') https://osm.org/?mlat=29.826475634763217&mlon=-90.10096855184513&zoom=16
address does not match a street: (None, '2613', 'Watergate Way') https://osm.org/?mlat=29.826147430840617&mlon=-90.10113749894137&zoom=16
address does not match a street: (None, '2616', 'Watergate Way') https://osm.org/?mlat=29.826436257883298&mlon=-90.10134070013993&zoom=16
address does not match a street: (None, '2629', 'Watergate Way') https://osm.org/?mlat=29.825972265756683&mlon=-90.1018320506513&zoom=16
address does not match a street: (None, '2620', 'Watergate Way') https://osm.org/?mlat=29.826379579129775&mlon=-90.10150353647045&zoom=16
address does not match a street: (None, '2628', 'Watergate Way') https://osm.org/?mlat=29.826310129616353&mlon=-90.10182846454423&zoom=16
address has no house number: (None, None, 'Park Shore Drive') https://osm.org/?mlat=29.82844432169312&mlon=-90.10099020899023&zoom=16
address does not match a street: (None, '2617', 'Sea Shore Drive') https://osm.org/?mlat=29.82930697677409&mlon=-90.1018687115228&zoom=16
address does not match a street: (None, '2672', 'Sea Shore Drive') https://osm.org/?mlat=29.829433336478555&mlon=-90.10437592231422&zoom=16
address does not match a street: (None, '2637', 'Sea Shore Drive') https://osm.org/?mlat=29.829181796028024&mlon=-90.10268502064854&zoom=16
address does not match a street: (None, '2600', 'Watergate Way') https://osm.org/?mlat=29.826535311155734&mlon=-90.10061998833994&zoom=16
address does not match a street: (None, '2601', 'Watergate Way') https://osm.org/?mlat=29.826254777455823&mlon=-90.10060954152857&zoom=16
address does not match a street: (None, '2604', 'Watergate Way') https://osm.org/?mlat=29.826522033920217&mlon=-90.10082883202249&zoom=16
address does not match a street: (None, '2625', 'Sea Shore Drive') https://osm.org/?mlat=29.829275741425143&mlon=-90.10220990727194&zoom=16
address does not match a street: (None, '2665', 'Sea Shore Drive') https://osm.org/?mlat=29.829032399045282&mlon=-90.1038419420288&zoom=16
address does not match a street: (None, '4439', 'Bayou des Familles Drive') https://osm.org/?mlat=29.826251471020047&mlon=-90.10610816581634&zoom=16
address has no house number: (None, None, 'Park Shore Drive') https://osm.org/?mlat=29.826720718805984&mlon=-90.10060789745489&zoom=16
address has no house number: (None, None, 'Park Shore Drive') https://osm.org/?mlat=29.826903716861473&mlon=-90.10064508348938&zoom=16
address has no house number: (None, None, 'Park Shore Drive') https://osm.org/?mlat=29.82747854172593&mlon=-90.1007736353357&zoom=16
address does not match a street: (None, '4441', 'Pierres Court') https://osm.org/?mlat=29.826131770565382&mlon=-90.10946672996346&zoom=16
address does not match a street: (None, '4461', 'Pierres Court') https://osm.org/?mlat=29.825900355430615&mlon=-90.10936384360308&zoom=16
address does not match a street: (None, '2653', 'Sea Shore Drive') https://osm.org/?mlat=29.829084949151472&mlon=-90.10334250953485&zoom=16
address does not match a street: (None, '4441', 'Hidden Cove Court') https://osm.org/?mlat=29.826507763796574&mlon=-90.10826746662676&zoom=16
address does not match a street: (None, '4461', 'Hidden Cove Court') https://osm.org/?mlat=29.826276347731543&mlon=-90.10816458265685&zoom=16
address does not match a street: (None, '4481', 'Hidden Cove Court') https://osm.org/?mlat=29.82600377244031&mlon=-90.10801961370314&zoom=16
address does not match a street: (None, '4480', 'Hidden Cove Court') https://osm.org/?mlat=29.82587337509455&mlon=-90.108370093215&zoom=16
address does not match a street: (None, '4460', 'Hidden Cove Court') https://osm.org/?mlat=29.826158816793917&mlon=-90.10847982408937&zoom=16
address does not match a street: (None, '4140', 'Pirates Alley') https://osm.org/?mlat=29.82631539968559&mlon=-90.10931088317096&zoom=16
address does not match a street: (None, '4160', 'Pirates Alley') https://osm.org/?mlat=29.826476337105017&mlon=-90.10877501635959&zoom=16
address does not match a street: (None, '4145', 'Pirates Alley') https://osm.org/?mlat=29.826587554809787&mlon=-90.10933397964898&zoom=16
address does not match a street: (None, '4175', 'Pirates Alley') https://osm.org/?mlat=29.82674785112723&mlon=-90.10872939909049&zoom=16
address does not match a street: (None, '4480', 'Pierres Court') https://osm.org/?mlat=29.82549738091297&mlon=-90.1095693495857&zoom=16
address does not match a street: (None, '4481', 'Pierres Court') https://osm.org/?mlat=29.825627781461872&mlon=-90.10921887295783&zoom=16
address does not match a street: (None, '4460', 'Pierres Court') https://osm.org/?mlat=29.8257828216119&mlon=-90.10967908243862&zoom=16
address does not match a street: (None, '4191', 'Pirates Alley') https://osm.org/?mlat=29.826851041479415&mlon=-90.10842682557092&zoom=16
address does not match a street: (None, '2649', 'Sea Shore Drive') https://osm.org/?mlat=29.829106177881854&mlon=-90.10316504823422&zoom=16
address does not match a street: (None, '2636', 'Sea Shore Drive') https://osm.org/?mlat=29.829567528801498&mlon=-90.10281640971003&zoom=16
address does not match a street: (None, '2644', 'Sea Shore Drive') https://osm.org/?mlat=29.82951770523148&mlon=-90.10317557111338&zoom=16
address does not match a street: (None, '2660', 'Sea Shore Drive') https://osm.org/?mlat=29.829409536020012&mlon=-90.1038463272714&zoom=16
address does not match a street: (None, '2644', 'Watergate Way') https://osm.org/?mlat=29.826060223797914&mlon=-90.10243717316517&zoom=16
address does not match a street: (None, '2600', 'Sea Shore Drive') https://osm.org/?mlat=29.82979623615082&mlon=-90.10114417180371&zoom=16
address does not match a street: (None, '2601', 'Sea Shore Drive') https://osm.org/?mlat=29.829493725638837&mlon=-90.1012266581653&zoom=16
address does not match a street: (None, '2604', 'Sea Shore Drive') https://osm.org/?mlat=29.829734897472278&mlon=-90.10131556575807&zoom=16
address does not match a street: (None, '2608', 'Sea Shore Drive') https://osm.org/?mlat=29.829707949905014&mlon=-90.1014930991118&zoom=16
address does not match a street: (None, '2616', 'Sea Shore Drive') https://osm.org/?mlat=29.829649931430954&mlon=-90.1020188546681&zoom=16
address does not match a street: (None, '2613', 'Sea Shore Drive') https://osm.org/?mlat=29.829429432499555&mlon=-90.1016934236078&zoom=16
address does not match a street: (None, '2621', 'Sea Shore Drive') https://osm.org/?mlat=29.829304959139645&mlon=-90.10204528376592&zoom=16
address has no house number: (None, None, 'Park Shore Drive') https://osm.org/?mlat=29.826139424571796&mlon=-90.10049174192395&zoom=16
address has no house number: (None, None, 'Sea Shore Drive') https://osm.org/?mlat=29.82908886265652&mlon=-90.10443437697764&zoom=16
address does not match a street: (None, None, 'Sea Shore Drive') https://osm.org/?mlat=29.82908886265652&mlon=-90.10443437697764&zoom=16
address does not match a street: (None, '2628', 'Sea Shore Drive') https://osm.org/?mlat=29.829591418272894&mlon=-90.10249211169695&zoom=16
address has no house number: (None, None, 'Park Shore Drive') https://osm.org/?mlat=29.829315553565248&mlon=-90.10114353659297&zoom=16
address does not match a street: (None, '2648', 'Watergate Way') https://osm.org/?mlat=29.82600454329692&mlon=-90.10260192782256&zoom=16
address has no house number: (None, None, 'Park Shore Drive') https://osm.org/?mlat=29.828283622060237&mlon=-90.1009396878733&zoom=16
address has no house number: (None, None, 'Pelican Bay Boulevard') https://osm.org/?mlat=29.824995941692194&mlon=-90.10215388839967&zoom=16
address does not match a street: (None, '2609', 'Watergate Way') https://osm.org/?mlat=29.826229172066814&mlon=-90.10092565308821&zoom=16
address has no house number: (None, None, 'Park Shore Drive') https://osm.org/?mlat=29.829103482340898&mlon=-90.10110677459005&zoom=16
address does not match a street: (None, '2656', 'Sea Shore Drive') https://osm.org/?mlat=29.829448052247248&mlon=-90.10368177896862&zoom=16
address does not match a street: (None, '2661', 'Sea Shore Drive') https://osm.org/?mlat=29.829047906201158&mlon=-90.10366455032266&zoom=16
address does not match a street: (None, '2641', 'Sea Shore Drive') https://osm.org/?mlat=29.829143218705834&mlon=-90.10284300708446&zoom=16
address does not match a street: (None, '4440', 'Pierres Court') https://osm.org/?mlat=29.826037132115598&mlon=-90.1097658315039&zoom=16
address does not match a street: (None, '4440', 'Hidden Cove Court') https://osm.org/?mlat=29.826413128070108&mlon=-90.10856656939403&zoom=16
address does not match a street: (None, '2621', 'Bayou Chauvin Drive') https://osm.org/?mlat=29.824524734222596&mlon=-90.1010684145944&zoom=16
address does not match a street: (None, '2620', 'Bayou Duet Drive') https://osm.org/?mlat=29.824193262357305&mlon=-90.10110535545708&zoom=16
address does not match a street: (None, '2604', 'Bayou Duet Drive') https://osm.org/?mlat=29.824367683276748&mlon=-90.10035854312291&zoom=16
address does not match a street: (None, '2601', 'Bayou Chauvin Drive') https://osm.org/?mlat=29.82469358456246&mlon=-90.10023679742264&zoom=16
address does not match a street: (None, '2601', 'Bayou Duet Drive') https://osm.org/?mlat=29.823947355908366&mlon=-90.10008448210729&zoom=16
address does not match a street: (None, '2604', 'Bayou Nell Drive') https://osm.org/?mlat=29.82341351158193&mlon=-90.10017867824749&zoom=16
address does not match a street: (None, '2608', 'Bayou Nell Drive') https://osm.org/?mlat=29.82340067999474&mlon=-90.10033762397187&zoom=16
address does not match a street: (None, '2600', 'Bayou Nell Drive') https://osm.org/?mlat=29.82342772419098&mlon=-90.10001424071878&zoom=16
address does not match a street: (None, '2612', 'Bayou Nell Drive') https://osm.org/?mlat=29.8233896338525&mlon=-90.100483405624&zoom=16
address does not match a street: (None, '2616', 'Bayou Nell Drive') https://osm.org/?mlat=29.823358733665984&mlon=-90.10065023940474&zoom=16
address does not match a street: (None, '2613', 'Bayou Nell Drive') https://osm.org/?mlat=29.823016496988405&mlon=-90.10040478437182&zoom=16
address does not match a street: (None, '2605', 'Bayou Nell Drive') https://osm.org/?mlat=29.823047483397733&mlon=-90.10009449464197&zoom=16
address does not match a street: (None, '2609', 'Bayou Nell Drive') https://osm.org/?mlat=29.823036104142286&mlon=-90.1002556113353&zoom=16
address does not match a street: (None, '2604', 'Bayou Chene Drive') https://osm.org/?mlat=29.822745398417332&mlon=-90.10001951562306&zoom=16
address does not match a street: (None, '2608', 'Bayou Chene Drive') https://osm.org/?mlat=29.82272416427437&mlon=-90.10019882269194&zoom=16
address does not match a street: (None, '2617', 'Bayou Nell Drive') https://osm.org/?mlat=29.822991489801552&mlon=-90.10058906571544&zoom=16
address does not match a street: (None, '2612', 'Bayou Chene Drive') https://osm.org/?mlat=29.822680049980747&mlon=-90.10036937690204&zoom=16
address does not match a street: (None, '2613', 'Bayou Chene Drive') https://osm.org/?mlat=29.822120313823806&mlon=-90.10035000255793&zoom=16
address does not match a street: (None, '2609', 'Bayou Chene Drive') https://osm.org/?mlat=29.822152794642033&mlon=-90.1001481087576&zoom=16
address does not match a street: (None, '2605', 'Bayou Chene Drive') https://osm.org/?mlat=29.822181456413276&mlon=-90.09994626196618&zoom=16
address does not match a street: (None, '2601', 'Bayou Chene Drive') https://osm.org/?mlat=29.822208598643538&mlon=-90.09978604672312&zoom=16
address does not match a street: (None, '2620', 'Bayou Chauvin Drive') https://osm.org/?mlat=29.82502939725042&mlon=-90.10091708996497&zoom=16
address does not match a street: (None, '2616', 'Bayou Chauvin Drive') https://osm.org/?mlat=29.825126437466356&mlon=-90.10057367460593&zoom=16
address does not match a street: (None, '2608', 'Bayou Chauvin Drive') https://osm.org/?mlat=29.82516852690004&mlon=-90.10022545989031&zoom=16
address does not match a street: (None, '4632', 'Bayou Nock Drive') https://osm.org/?mlat=29.823638115353774&mlon=-90.10121897423059&zoom=16
address does not match a street: (None, '4644', 'Bayou Nock Drive') https://osm.org/?mlat=29.823268709965106&mlon=-90.10102915230613&zoom=16
address does not match a street: (None, '4648', 'Bayou Nock Drive') https://osm.org/?mlat=29.82314623324334&mlon=-90.1009512699469&zoom=16
address does not match a street: (None, '4652', 'Bayou Nock Drive') https://osm.org/?mlat=29.823013952738478&mlon=-90.1008970526747&zoom=16
address does not match a street: (None, '4636', 'Bayou Nock Drive') https://osm.org/?mlat=29.823504978040585&mlon=-90.10117517000668&zoom=16
address does not match a street: (None, '2617', 'Bayou Chene Drive') https://osm.org/?mlat=29.822291248607424&mlon=-90.10065670343674&zoom=16
address does not match a street: (None, '2616', 'Bayou Chene Drive') https://osm.org/?mlat=29.822579709497177&mlon=-90.10066628544514&zoom=16
address does not match a street: (None, '2621', 'Bayou Nell Drive') https://osm.org/?mlat=29.822869737216298&mlon=-90.10074114083598&zoom=16
