address does not match a street: ('400', 'Weidman Street') https://osm.org/?mlat=29.926864359581803&mlon=-90.05439029814256&zoom=16
address does not match a street: ('414', 'Weidman Street') https://osm.org/?mlat=29.92684680039813&mlon=-90.05419172853254&zoom=16
address does not match a street: ('430', 'Weidman Street') https://osm.org/?mlat=29.926822131696465&mlon=-90.05390497523587&zoom=16
address does not match a street: ('436', 'Weidman Street') https://osm.org/?mlat=29.92687983376471&mlon=-90.0536674042611&zoom=16
address does not match a street: ('819', 'Mc Donough Avenue') https://osm.org/?mlat=29.935151923389544&mlon=-90.04966620914873&zoom=16
address does not match a street: ('415', 'Weidman Street') https://osm.org/?mlat=29.92727863631153&mlon=-90.05424288982596&zoom=16
address does not match a street: ('811', 'Weidman Street') https://osm.org/?mlat=29.927535599887694&mlon=-90.04924169695623&zoom=16
address does not match a street: ('814', 'Weidman Street') https://osm.org/?mlat=29.9270922372165&mlon=-90.0489065063237&zoom=16
address does not match a street: ('719', 'Weidman Street') https://osm.org/?mlat=29.927498052849867&mlon=-90.05045505374363&zoom=16
address does not match a street: ('517', 'Weidman Street') https://osm.org/?mlat=29.927351555048233&mlon=-90.05293506909345&zoom=16
address does not match a street: ('816', 'Mc Donough Avenue') https://osm.org/?mlat=29.934574090807338&mlon=-90.04964421520339&zoom=16
address does not match a street: ('810', 'Weidman Street') https://osm.org/?mlat=29.927099649369644&mlon=-90.04908941846588&zoom=16
address does not match a street: ('718', 'Mc Donough Avenue') https://osm.org/?mlat=29.934472344780517&mlon=-90.05081326419183&zoom=16
address does not match a street: ('600', 'Weidman Street') https://osm.org/?mlat=29.927433055325174&mlon=-90.05199602144086&zoom=16
address does not match a street: ('815', 'Weidman Street') https://osm.org/?mlat=29.927539320093558&mlon=-90.04904644103392&zoom=16
address does not match a street: ('816', 'Weidman Street') https://osm.org/?mlat=29.927126477264622&mlon=-90.0487639660752&zoom=16
address does not match a street: ('806', 'Weidman Street') https://osm.org/?mlat=29.927114913470632&mlon=-90.04924423913928&zoom=16
address does not match a street: ('722', 'Mc Donough Avenue') https://osm.org/?mlat=29.93445757930649&mlon=-90.0507093834255&zoom=16
address does not match a street: ('407', 'Weidman Street') https://osm.org/?mlat=29.92731342447744&mlon=-90.05441325109399&zoom=16
address has no house number: (None, 'Perry Street') https://osm.org/?mlat=29.931118878881787&mlon=-90.05084846338818&zoom=16
address does not match a street: ('418', 'Weidman Street') https://osm.org/?mlat=29.92685132349129&mlon=-90.05407827754028&zoom=16
address does not match a street: ('403', 'Weidman Street') https://osm.org/?mlat=29.927229645483656&mlon=-90.05454063453067&zoom=16
address does not match a street: ('417', 'Weidman Street') https://osm.org/?mlat=29.927294528426383&mlon=-90.05414149439537&zoom=16
address does not match a street: ('521', 'Weidman Street') https://osm.org/?mlat=29.927364412014033&mlon=-90.05284304179536&zoom=16
address does not match a street: ('714', 'Weidman Street') https://osm.org/?mlat=29.927046550485883&mlon=-90.0504386091353&zoom=16
address does not match a street: ('818', 'Weidman Street') https://osm.org/?mlat=29.927122470844033&mlon=-90.04860971835244&zoom=16
address does not match a street: ('820', 'Mc Donough Avenue') https://osm.org/?mlat=29.93445938132511&mlon=-90.04948420140704&zoom=16
address does not match a street: ('955', 'Oconnor Street') https://osm.org/?mlat=29.930040226557445&mlon=-90.0466559145866&zoom=16
address does not match a street: ('714', 'Mc Donough Avenue') https://osm.org/?mlat=29.934429976257007&mlon=-90.05095591864648&zoom=16
address does not match a street: ('437', 'Weidman Street') https://osm.org/?mlat=29.927315227593503&mlon=-90.05376301373839&zoom=16
address has no house number: (None, 'Franklin Avenue') https://osm.org/?mlat=29.928815720266897&mlon=-90.05044457623944&zoom=16
address has no house number: (None, 'Franklin Avenue') https://osm.org/?mlat=29.929030625572405&mlon=-90.0495332211195&zoom=16
address has no house number: (None, 'Hancock Street') https://osm.org/?mlat=29.92912896084137&mlon=-90.04680115309445&zoom=16
address has no house number: (None, 'Hancock Street') https://osm.org/?mlat=29.92880729704793&mlon=-90.04702132274204&zoom=16
address has no house number: (None, 'Franklin Avenue') https://osm.org/?mlat=29.930861172050836&mlon=-90.0505761781267&zoom=16
address has no house number: (None, 'Weidman Street') https://osm.org/?mlat=29.927076971455776&mlon=-90.0518922242171&zoom=16
address does not match a street: (None, 'Weidman Street') https://osm.org/?mlat=29.927076971455776&mlon=-90.0518922242171&zoom=16
address has no house number: (None, 'Madison Street') https://osm.org/?mlat=29.926832743596453&mlon=-90.05210491954934&zoom=16
address has no house number: (None, 'Burmaster Street') https://osm.org/?mlat=29.930262043507916&mlon=-90.04530378571978&zoom=16
address has no house number: (None, 'Franklin Avenue') https://osm.org/?mlat=29.926649570492234&mlon=-90.0494109838003&zoom=16
address does not match a street: ('958', 'Oconnor Street') https://osm.org/?mlat=29.92977494942872&mlon=-90.04693840879582&zoom=16
new building address (('1918', 'Hancock Street') https://osm.org/?mlat=29.93571196851847&mlon=-90.04855523766503&zoom=16) does not match the old one (('1918', 'Hermosa Street'))
address has no house number: (None, 'Hancock Street') https://osm.org/?mlat=29.935151596163347&mlon=-90.0485131486789&zoom=16
new building address ((None, 'Hancock Street') https://osm.org/?mlat=29.935151596163347&mlon=-90.0485131486789&zoom=16) does not match the old one (('1932', 'Hermosa Street'))
address does not match a street: ('906', 'Oconnor Street') https://osm.org/?mlat=29.930191827187155&mlon=-90.04643291005497&zoom=16
address does not match a street: ('953', 'Oconnor Street') https://osm.org/?mlat=29.930116890270583&mlon=-90.04663267758022&zoom=16
address does not match a street: ('903', 'Oconnor Street') https://osm.org/?mlat=29.93023382078192&mlon=-90.04701944437566&zoom=16
address does not match a street: ('956', 'Oconnor Street') https://osm.org/?mlat=29.930082804437347&mlon=-90.04704650966393&zoom=16
address does not match a street: ('957', 'Oconnor Street') https://osm.org/?mlat=29.929953082994704&mlon=-90.04701373182492&zoom=16
