address has no house number: (None, 'Esther Street') https://osm.org/?mlat=29.886143591269157&mlon=-90.06881921187716&zoom=16
address has no house number: (None, 'Estalote Avenue') https://osm.org/?mlat=29.884224323133996&mlon=-90.06910752048175&zoom=16
address does not match a street: ('2101', 'Saint Joseph Lane') https://osm.org/?mlat=29.879469256303597&mlon=-90.07068087682404&zoom=16
address has no house number: (None, 'Destrehan Avenue') https://osm.org/?mlat=29.88503395920989&mlon=-90.07599272126298&zoom=16
address does not match a street: ('1904', 'Lloyd Lewis Street') https://osm.org/?mlat=29.883369544069346&mlon=-90.06975295301282&zoom=16
address does not match a street: ('2579', 'Saint Joseph Lane') https://osm.org/?mlat=29.880489828427663&mlon=-90.070140978354&zoom=16
address has no house number: (None, 'Peters Road') https://osm.org/?mlat=29.88670331640177&mlon=-90.07353441102532&zoom=16
address has no house number: (None, 'Peters Road') https://osm.org/?mlat=29.88684358727494&mlon=-90.0731029288057&zoom=16
address has no house number: (None, 'Peters Road') https://osm.org/?mlat=29.885572498685377&mlon=-90.07282126159284&zoom=16
address has no house number: (None, 'Pailet Avenue') https://osm.org/?mlat=29.88797531290416&mlon=-90.07097736428852&zoom=16
address has no house number: (None, 'Estalote Avenue') https://osm.org/?mlat=29.886385560754537&mlon=-90.06938392675528&zoom=16
address has no house number: (None, 'Estalote Avenue') https://osm.org/?mlat=29.88727463789516&mlon=-90.069685602284&zoom=16
address has no house number: (None, 'Esther Street') https://osm.org/?mlat=29.88601784588589&mlon=-90.06829947299411&zoom=16
address has no house number: (None, 'Destrehan Avenue') https://osm.org/?mlat=29.8795545119148&mlon=-90.07593584116454&zoom=16
address has no house number: (None, 'Peters Road') https://osm.org/?mlat=29.881452090602064&mlon=-90.07263961184752&zoom=16
address has no house number: (None, 'Brown Avenue') https://osm.org/?mlat=29.88458278606064&mlon=-90.0672829888803&zoom=16
address has no house number: (None, 'Pailet Avenue') https://osm.org/?mlat=29.884679131712463&mlon=-90.07030046735088&zoom=16
address has no house number: (None, 'Pailet Avenue') https://osm.org/?mlat=29.887530456041368&mlon=-90.07075373368015&zoom=16
address has no house number: (None, 'Pailet Avenue') https://osm.org/?mlat=29.88578570249622&mlon=-90.0701339639819&zoom=16
address has no house number: (None, 'Pailet Avenue') https://osm.org/?mlat=29.88621642221677&mlon=-90.07029941712989&zoom=16
address has no house number: (None, 'Pailet Avenue') https://osm.org/?mlat=29.885911354051938&mlon=-90.07020279625428&zoom=16
address has no house number: (None, 'Estalote Avenue') https://osm.org/?mlat=29.885296662411697&mlon=-90.06954886669153&zoom=16
address has no house number: (None, 'Estalote Avenue') https://osm.org/?mlat=29.885426090383582&mlon=-90.06906893123899&zoom=16
address has no house number: (None, 'Esther Street') https://osm.org/?mlat=29.887782004981588&mlon=-90.06946736693702&zoom=16
address has no house number: (None, 'Pailet Avenue') https://osm.org/?mlat=29.885469306328147&mlon=-90.06997523999857&zoom=16
address has no house number: (None, 'Esther Street') https://osm.org/?mlat=29.885822019922667&mlon=-90.06879228010071&zoom=16
address does not match a street: ('2437', 'Lloyd Lewis') https://osm.org/?mlat=29.884070886094783&mlon=-90.06921243008509&zoom=16
address does not match a street: ('2433', 'Lloyd Lewis') https://osm.org/?mlat=29.884103044784673&mlon=-90.06902186988718&zoom=16
address has no house number: (None, 'Brown Avenue') https://osm.org/?mlat=29.886675389893618&mlon=-90.06817614773082&zoom=16
address has no house number: (None, 'Esther Street') https://osm.org/?mlat=29.886828578236837&mlon=-90.06911183525456&zoom=16
address has no house number: (None, 'Esther Street') https://osm.org/?mlat=29.884778083096556&mlon=-90.06841160193639&zoom=16
address has no house number: (None, 'Pailet Avenue') https://osm.org/?mlat=29.885668976896543&mlon=-90.07063194607572&zoom=16
address has no house number: (None, 'Brown Avenue') https://osm.org/?mlat=29.884917622593186&mlon=-90.06748826963111&zoom=16
address has no house number: (None, 'Estalote Avenue') https://osm.org/?mlat=29.88569462334562&mlon=-90.06914058412892&zoom=16
address has no house number: (None, 'Estalote Avenue') https://osm.org/?mlat=29.886748995313454&mlon=-90.06949999571151&zoom=16
address has no house number: (None, 'Destrehan Avenue') https://osm.org/?mlat=29.883051738389103&mlon=-90.07559333075328&zoom=16
address does not match a street: ('2413', 'Lloyd Lewis') https://osm.org/?mlat=29.88408067335945&mlon=-90.06866248789647&zoom=16
address has no house number: (None, 'Pailet Avenue') https://osm.org/?mlat=29.886899748215438&mlon=-90.07107202653754&zoom=16
address has no house number: (None, 'Esther Street') https://osm.org/?mlat=29.884608498896718&mlon=-90.06836499828907&zoom=16
address has no house number: (None, 'Esther Street') https://osm.org/?mlat=29.8844945495844&mlon=-90.06777526698622&zoom=16
address has no house number: (None, 'Estalote Avenue') https://osm.org/?mlat=29.884860907459228&mlon=-90.0693655154008&zoom=16
address has no house number: (None, 'Estalote Avenue') https://osm.org/?mlat=29.885819984772855&mlon=-90.0697426713361&zoom=16
