address does not match a street: (None, '1325', 'Poinsettia Drive') https://osm.org/?mlat=30.014849131305247&mlon=-90.14060143846483&zoom=16
address does not match a street: (None, '1324', 'Poinsettia Drive') https://osm.org/?mlat=30.01488092020764&mlon=-90.14107504059983&zoom=16
address does not match a street: (None, '1345', 'Poinsettia Drive') https://osm.org/?mlat=30.015544650523644&mlon=-90.14057731991807&zoom=16
address does not match a street: (None, '1344', 'Poinsettia Drive') https://osm.org/?mlat=30.015562462370916&mlon=-90.14102581328922&zoom=16
address does not match a street: (None, '1417', 'Poinsettia Drive') https://osm.org/?mlat=30.016490160575618&mlon=-90.14052493134626&zoom=16
address does not match a street: (None, '1432', 'Poinsettia Drive') https://osm.org/?mlat=30.017148441494967&mlon=-90.14094365098337&zoom=16
address does not match a street: (None, '1504', 'Poinsettia Drive') https://osm.org/?mlat=30.01831120230601&mlon=-90.14089182602352&zoom=16
address does not match a street: (None, '1500', 'Poinsettia Drive') https://osm.org/?mlat=30.018173862051988&mlon=-90.14090926932198&zoom=16
address does not match a street: (None, '1401', 'Poinsettia Drive') https://osm.org/?mlat=30.015951313349067&mlon=-90.140540856635&zoom=16
address does not match a street: (None, '1400', 'Poinsettia Drive') https://osm.org/?mlat=30.015980696149278&mlon=-90.14105241168029&zoom=16
address does not match a street: (None, '1457', 'Poinsettia Drive') https://osm.org/?mlat=30.017875328024793&mlon=-90.14043568266518&zoom=16
address does not match a street: (None, '1452', 'Poinsettia Drive') https://osm.org/?mlat=30.017734375158454&mlon=-90.14096508421314&zoom=16
address does not match a street: (None, '1337', 'Poinsettia Drive') https://osm.org/?mlat=30.015264043131214&mlon=-90.14056487686649&zoom=16
address does not match a street: (None, '1336', 'Poinsettia Drive') https://osm.org/?mlat=30.015419966959676&mlon=-90.14108123523215&zoom=16
address does not match a street: (None, '1433', 'Poinsettia Drive') https://osm.org/?mlat=30.016982091073558&mlon=-90.14049060745191&zoom=16
address does not match a street: (None, '1320', 'Poinsettia Drive') https://osm.org/?mlat=30.014715941195785&mlon=-90.14107701310382&zoom=16
address does not match a street: (None, '1308', 'Poinsettia Drive') https://osm.org/?mlat=30.014361292623768&mlon=-90.14108757300987&zoom=16
address does not match a street: (None, '1312', 'Poinsettia Drive') https://osm.org/?mlat=30.01454815440672&mlon=-90.14107269944137&zoom=16
address does not match a street: (None, '1309', 'Poinsettia Drive') https://osm.org/?mlat=30.01443948977425&mlon=-90.14061265783113&zoom=16
address does not match a street: (None, '1517', 'Poinsettia Drive') https://osm.org/?mlat=30.018677682385846&mlon=-90.14036604315352&zoom=16
address does not match a street: (None, '1404', 'Poinsettia Drive') https://osm.org/?mlat=30.01611230828746&mlon=-90.14100975917373&zoom=16
address does not match a street: (None, '1413', 'Poinsettia Drive') https://osm.org/?mlat=30.01635273445212&mlon=-90.14053289505541&zoom=16
address does not match a street: (None, '1449', 'Poinsettia Drive') https://osm.org/?mlat=30.017597583971153&mlon=-90.14043584531498&zoom=16
address does not match a street: (None, '1448', 'Poinsettia Drive') https://osm.org/?mlat=30.01759127896177&mlon=-90.14095415544683&zoom=16
address does not match a street: (None, '1520', 'Poinsettia Drive') https://osm.org/?mlat=30.01881955059228&mlon=-90.14090026970848&zoom=16
address does not match a street: (None, '1516', 'Poinsettia Drive') https://osm.org/?mlat=30.0188035333772&mlon=-90.1409017395548&zoom=16
address does not match a street: (None, '1437', 'Poinsettia Drive') https://osm.org/?mlat=30.017185736849115&mlon=-90.1405071310814&zoom=16
address does not match a street: (None, '1315', 'Poinsettia Drive') https://osm.org/?mlat=30.014579779177417&mlon=-90.14061729960211&zoom=16
address does not match a street: (None, '1341', 'Poinsettia Drive') https://osm.org/?mlat=30.015407053545296&mlon=-90.14056632616953&zoom=16
address does not match a street: (None, '1501', 'Poinsettia Drive') https://osm.org/?mlat=30.018129145494115&mlon=-90.14043264626761&zoom=16
address does not match a street: (None, '1508', 'Poinsettia Drive') https://osm.org/?mlat=30.018453697572834&mlon=-90.14083640220304&zoom=16
address does not match a street: (None, '1420', 'Poinsettia Drive') https://osm.org/?mlat=30.01668675703484&mlon=-90.14097761103777&zoom=16
address does not match a street: (None, '1425', 'Poinsettia Drive') https://osm.org/?mlat=30.016817540577588&mlon=-90.1405399748931&zoom=16
address does not match a street: (None, '1453', 'Poinsettia Drive') https://osm.org/?mlat=30.01772985336619&mlon=-90.14046586265229&zoom=16
address does not match a street: (None, '1456', 'Poinsettia Drive') https://osm.org/?mlat=30.017890877140257&mlon=-90.1409379330617&zoom=16
address does not match a street: (None, '1444', 'Poinsettia Drive') https://osm.org/?mlat=30.017453853738186&mlon=-90.14096211864162&zoom=16
address does not match a street: (None, '1445', 'Poinsettia Drive') https://osm.org/?mlat=30.017471558122818&mlon=-90.14048791226436&zoom=16
address does not match a street: (None, '1408', 'Poinsettia Drive') https://osm.org/?mlat=30.016301805210635&mlon=-90.14098221400718&zoom=16
address does not match a street: (None, '1416', 'Poinsettia Drive') https://osm.org/?mlat=30.0164805038148&mlon=-90.14097691733967&zoom=16
address does not match a street: (None, '1421', 'Poinsettia Drive') https://osm.org/?mlat=30.016638498519374&mlon=-90.14050735729501&zoom=16
address does not match a street: (None, '1333', 'Poinsettia Drive') https://osm.org/?mlat=30.015126788711385&mlon=-90.14059179766855&zoom=16
address does not match a street: (None, '1332', 'Poinsettia Drive') https://osm.org/?mlat=30.015230098060314&mlon=-90.14106770588964&zoom=16
address does not match a street: (None, '1321', 'Poinsettia Drive') https://osm.org/?mlat=30.014709128121066&mlon=-90.1406283919812&zoom=16
address does not match a street: (None, '1509', 'Poinsettia Drive') https://osm.org/?mlat=30.01842531589649&mlon=-90.1404354231615&zoom=16
address does not match a street: (None, '1512', 'Poinsettia Drive') https://osm.org/?mlat=30.018599772331623&mlon=-90.1408725752211&zoom=16
address does not match a street: (None, '1349', 'Poinsettia Drive') https://osm.org/?mlat=30.0156682425513&mlon=-90.14056004210694&zoom=16
address does not match a street: (None, '1329', 'Poinsettia Drive') https://osm.org/?mlat=30.01498939207826&mlon=-90.14060292070249&zoom=16
address does not match a street: (None, '1305', 'Poinsettia Drive') https://osm.org/?mlat=30.014304785532598&mlon=-90.14061742884242&zoom=16
address does not match a street: (None, '1440', 'Poinsettia Drive') https://osm.org/?mlat=30.017318948353523&mlon=-90.14094477206197&zoom=16
address does not match a street: (None, '1328', 'Poinsettia Drive') https://osm.org/?mlat=30.01506543286517&mlon=-90.14110443335447&zoom=16
address does not match a street: (None, '1424', 'Poinsettia Drive') https://osm.org/?mlat=30.01682693192522&mlon=-90.14096961504697&zoom=16
address does not match a street: (None, '1348', 'Poinsettia Drive') https://osm.org/?mlat=30.015694532298877&mlon=-90.14103371387188&zoom=16
address has no house number: (None, None, 'Bonnabel Boulevard') https://osm.org/?mlat=30.017407398467533&mlon=-90.14251549771716&zoom=16
address does not match a street: (None, '1441', 'Poinsettia Drive') https://osm.org/?mlat=30.017330897265694&mlon=-90.14050978313568&zoom=16
address does not match a street: (None, '1428', 'Poinsettia Drive') https://osm.org/?mlat=30.01699188317016&mlon=-90.14096448271255&zoom=16
address does not match a street: (None, '1409', 'Poinsettia Drive') https://osm.org/?mlat=30.01622888573471&mlon=-90.140521736825&zoom=16
address does not match a street: (None, '1405', 'Poinsettia Drive') https://osm.org/?mlat=30.016077540518957&mlon=-90.14051090753308&zoom=16
address does not match a street: (None, '1525', 'Poinsettia Drive') https://osm.org/?mlat=30.018886656558838&mlon=-90.14036354304739&zoom=16
address has no house number: (None, None, 'Live Oak Street') https://osm.org/?mlat=30.01815545886551&mlon=-90.13816143302915&zoom=16
new building tag (addr:street=Ocean Drive) does not match the old one (addr:street=Ocean Avenue)
new building tag (addr:street=Ocean Drive) does not match the old one (addr:street=Ocean Avenue)
new building tag (addr:street=Lakeshore Drive) does not match the old one (addr:street=Lakeshore Avenue)
new building tag (addr:street=Lakeshore Drive) does not match the old one (addr:street=Lakeshore Avenue)
address does not match a street: (None, '1301', 'Poinsettia Drive') https://osm.org/?mlat=30.01415664696182&mlon=-90.14065711890129&zoom=16
address does not match a street: (None, '1300', 'Poinsettia Drive') https://osm.org/?mlat=30.014210575914852&mlon=-90.14114625233898&zoom=16
new building tag (addr:street=Poplar Street) does not match the old one (addr:street=Sylvia Avenue)
new building tag (addr:street=Ocean Drive) does not match the old one (addr:street=Ocean Avenue)
new building tag (addr:street=Ocean Drive) does not match the old one (addr:street=Ocean Avenue)
new building tag (addr:street=Ocean Drive) does not match the old one (addr:street=Ocean Avenue)
new building tag (addr:street=Ocean Drive) does not match the old one (addr:street=Ocean Avenue)
new building tag (addr:street=Ocean Drive) does not match the old one (addr:street=Ocean Avenue)
new building tag (addr:street=Ocean Drive) does not match the old one (addr:street=Ocean Avenue)
new building tag (addr:street=Ocean Drive) does not match the old one (addr:street=Ocean Avenue)
new building tag (addr:street=Ocean Drive) does not match the old one (addr:street=Ocean Avenue)
new building tag (addr:street=Ocean Drive) does not match the old one (addr:street=Ocean Avenue)
new building tag (addr:street=Ocean Drive) does not match the old one (addr:street=Ocean Avenue)
new building tag (addr:street=Ocean Drive) does not match the old one (addr:street=Ocean Avenue)
new building tag (addr:street=Ocean Drive) does not match the old one (addr:street=Ocean Avenue)
new building tag (addr:street=Ocean Drive) does not match the old one (addr:street=Ocean Avenue)
new building tag (addr:street=Ocean Drive) does not match the old one (addr:street=Ocean Avenue)
new building tag (addr:street=Ocean Drive) does not match the old one (addr:street=Ocean Avenue)
new building tag (addr:street=Ocean Drive) does not match the old one (addr:street=Ocean Avenue)
new building tag (addr:street=Ocean Drive) does not match the old one (addr:street=Ocean Avenue)
new building tag (addr:street=Ocean Drive) does not match the old one (addr:street=Ocean Avenue)
new building tag (addr:street=Ocean Drive) does not match the old one (addr:street=Ocean Avenue)
new building tag (addr:street=Ocean Drive) does not match the old one (addr:street=Ocean Avenue)
new building tag (addr:street=Ocean Drive) does not match the old one (addr:street=Ocean Avenue)
new building tag (addr:street=Ocean Drive) does not match the old one (addr:street=Ocean Avenue)
new building tag (addr:street=Ocean Drive) does not match the old one (addr:street=Ocean Avenue)
new building tag (addr:street=Ocean Drive) does not match the old one (addr:street=Ocean Avenue)
new building tag (addr:street=Ocean Drive) does not match the old one (addr:street=Ocean Avenue)
new building tag (addr:street=Poplar Street) does not match the old one (addr:street=Pier Avenue)
new building tag (addr:street=Lakeshore Drive) does not match the old one (addr:street=Lakeshore Avenue)
new building tag (addr:street=Lakeshore Drive) does not match the old one (addr:street=Lakeshore Avenue)
new building tag (addr:street=Lakeshore Drive) does not match the old one (addr:street=Lakeshore Avenue)
new building tag (addr:street=Lakeshore Drive) does not match the old one (addr:street=Lakeshore Avenue)
new building tag (addr:street=Lakeshore Drive) does not match the old one (addr:street=Lakeshore Avenue)
new building tag (addr:street=Lakeshore Drive) does not match the old one (addr:street=Lakeshore Avenue)
new building tag (addr:street=Lakeshore Drive) does not match the old one (addr:street=Lakeshore Avenue)
new building tag (addr:street=Lakeshore Drive) does not match the old one (addr:street=Lakeshore Avenue)
new building tag (addr:street=Lakeshore Drive) does not match the old one (addr:street=Lakeshore Avenue)
new building tag (addr:street=Lakeshore Drive) does not match the old one (addr:street=Lakeshore Avenue)
new building tag (addr:street=Lakeshore Drive) does not match the old one (addr:street=Lakeshore Avenue)
new building tag (addr:street=Lakeshore Drive) does not match the old one (addr:street=Lakeshore Avenue)
new building tag (addr:street=Lakeshore Drive) does not match the old one (addr:street=Lakeshore Avenue)
new building tag (addr:street=Lakeshore Drive) does not match the old one (addr:street=Lakeshore Avenue)
new building tag (addr:street=Lakeshore Drive) does not match the old one (addr:street=Lakeshore Avenue)
new building tag (addr:street=Lakeshore Drive) does not match the old one (addr:street=Lakeshore Avenue)
new building tag (addr:street=Lakeshore Drive) does not match the old one (addr:street=Lakeshore Avenue)
new building tag (addr:street=Lakeshore Drive) does not match the old one (addr:street=Lakeshore Avenue)
new building tag (addr:street=Lakeshore Drive) does not match the old one (addr:street=Lakeshore Avenue)
new building tag (addr:street=Lakeshore Drive) does not match the old one (addr:street=Lakeshore Avenue)
