address does not match a street: (None, '2149', 'Saint Joseph Lane') https://osm.org/?mlat=29.877432530502958&mlon=-90.06907205246438&zoom=16
address does not match a street: (None, '2475', 'Saint Joseph Lane') https://osm.org/?mlat=29.87439009378145&mlon=-90.06811975737594&zoom=16
address does not match a street: (None, '2120', 'Saint Joseph Lane') https://osm.org/?mlat=29.878678117559744&mlon=-90.07019860793321&zoom=16
address does not match a street: (None, '2201', 'Saint Joseph Lane') https://osm.org/?mlat=29.87670812640117&mlon=-90.06897719185326&zoom=16
address has no house number: (None, None, 'Destrehan Avenue') https://osm.org/?mlat=29.876196299981874&mlon=-90.07355219520186&zoom=16
address has no house number: (None, None, 'Pailet Avenue') https://osm.org/?mlat=29.876718566959696&mlon=-90.06655388438408&zoom=16
address has no house number: (None, None, 'Destrehan Avenue') https://osm.org/?mlat=29.876900446000462&mlon=-90.07318680859811&zoom=16
address has no house number: (None, None, 'Peters Road') https://osm.org/?mlat=29.87770441657727&mlon=-90.07156270013246&zoom=16
address has no house number: (None, None, 'Pailet Avenue') https://osm.org/?mlat=29.877066894176004&mlon=-90.06682788373682&zoom=16
address has no house number: (None, None, 'Peters Road') https://osm.org/?mlat=29.873400695838885&mlon=-90.06964167145831&zoom=16
address has no house number: (None, None, 'Destrehan Avenue') https://osm.org/?mlat=29.870863610943726&mlon=-90.07345306037604&zoom=16
address does not match a street: (None, '1836', 'Squirewood Drive East') https://osm.org/?mlat=29.87513339078799&mlon=-90.0765384614284&zoom=16
address has no house number: (None, None, 'Destrehan Avenue') https://osm.org/?mlat=29.873789218509796&mlon=-90.07263266963531&zoom=16
address does not match a street: (None, '1939', 'Squirewood Drive East') https://osm.org/?mlat=29.873239930302258&mlon=-90.07540078233873&zoom=16
address does not match a street: (None, '1841', 'Squirewood Drive East') https://osm.org/?mlat=29.87481134664187&mlon=-90.07601785053484&zoom=16
address does not match a street: (None, '1927', 'Squirewood Drive East') https://osm.org/?mlat=29.8736776679731&mlon=-90.07561302173892&zoom=16
address does not match a street: (None, '1901', 'Squirewood Drive East') https://osm.org/?mlat=29.874624462551033&mlon=-90.07589225430965&zoom=16
address does not match a street: (None, '1919', 'Squirewood Drive East') https://osm.org/?mlat=29.873975148590603&mlon=-90.07565647101883&zoom=16
address does not match a street: (None, '1942', 'Squirewood Drive East') https://osm.org/?mlat=29.872732527164942&mlon=-90.0757746699515&zoom=16
address does not match a street: (None, '1956', 'Squirewood Drive East') https://osm.org/?mlat=29.8723326893675&mlon=-90.07566356865101&zoom=16
address does not match a street: (None, '1830', 'Squirewood Drive East') https://osm.org/?mlat=29.875506444320482&mlon=-90.07666348595687&zoom=16
address does not match a street: (None, '1813', 'Squirewood Drive East') https://osm.org/?mlat=29.87631228710637&mlon=-90.0765728349215&zoom=16
address does not match a street: (None, '1848', 'Squirewood Drive East') https://osm.org/?mlat=29.874760638065073&mlon=-90.07645482772851&zoom=16
address does not match a street: (None, '1955', 'Squirewood Drive East') https://osm.org/?mlat=29.872427254637355&mlon=-90.07512249175565&zoom=16
address does not match a street: (None, '1824', 'Squirewood Drive East') https://osm.org/?mlat=29.875762387503322&mlon=-90.07676642546228&zoom=16
address does not match a street: (None, '1825', 'Squirewood Drive East') https://osm.org/?mlat=29.875883585615902&mlon=-90.07638478836486&zoom=16
address does not match a street: (None, '1807', 'Squirewood Drive East') https://osm.org/?mlat=29.87655947175635&mlon=-90.07680665183845&zoom=16
address does not match a street: (None, '1833', 'Squirewood Drive East') https://osm.org/?mlat=29.875404540024807&mlon=-90.07617986054943&zoom=16
address does not match a street: (None, '1907', 'Squirewood Drive East') https://osm.org/?mlat=29.874407070640878&mlon=-90.07582736794312&zoom=16
address does not match a street: (None, '1951', 'Squirewood Drive East') https://osm.org/?mlat=29.872795102456646&mlon=-90.07524907222901&zoom=16
address does not match a street: (None, '1906', 'Squirewood Drive East') https://osm.org/?mlat=29.874289231192485&mlon=-90.07634666383466&zoom=16
address has no house number: (None, None, 'Peters Road') https://osm.org/?mlat=29.87096450105417&mlon=-90.0671674929672&zoom=16
address does not match a street: (None, '1945', 'Squirewood Drive East') https://osm.org/?mlat=29.87299663366939&mlon=-90.07525439594967&zoom=16
address has no house number: (None, None, 'Destrehan Avenue') https://osm.org/?mlat=29.87337611225329&mlon=-90.07218910319804&zoom=16
address has no house number: (None, None, 'Destrehan Avenue') https://osm.org/?mlat=29.873393121662172&mlon=-90.07223834295452&zoom=16
address has no house number: (None, None, 'Destrehan Avenue') https://osm.org/?mlat=29.871785652098495&mlon=-90.07188565972596&zoom=16
address has no house number: (None, None, 'Breaux Avenue') https://osm.org/?mlat=29.873825472950443&mlon=-90.06642642597978&zoom=16
address has no house number: (None, None, 'Destrehan Avenue') https://osm.org/?mlat=29.874558204575962&mlon=-90.07189582676985&zoom=16
address has no house number: (None, None, 'Peters Road') https://osm.org/?mlat=29.874432830168267&mlon=-90.06899595765526&zoom=16
address does not match a street: (None, '1960', 'Squirewood Drive East') https://osm.org/?mlat=29.87213874929631&mlon=-90.07542668684589&zoom=16
address does not match a street: (None, '1959', 'Squirewood Drive East') https://osm.org/?mlat=29.87221121181371&mlon=-90.07512310601068&zoom=16
address does not match a street: (None, '1963', 'Squirewood Drive East') https://osm.org/?mlat=29.871990589853844&mlon=-90.07503941001433&zoom=16
address does not match a street: (None, '1967', 'Squirewood Drive East') https://osm.org/?mlat=29.87174657210399&mlon=-90.07513616734076&zoom=16
address does not match a street: (None, '1964', 'Squirewood Drive East') https://osm.org/?mlat=29.871806469706442&mlon=-90.07548852401423&zoom=16
address has no house number: (None, None, 'Pailet Avenue') https://osm.org/?mlat=29.87653578814416&mlon=-90.06634385561003&zoom=16
address has no house number: (None, None, 'Pailet Avenue') https://osm.org/?mlat=29.877415419573165&mlon=-90.06700242372267&zoom=16
address does not match a street: (None, '1829', 'Squirewood Drive East') https://osm.org/?mlat=29.87563611799886&mlon=-90.07631754766633&zoom=16
address has no house number: (None, None, 'Pailet Avenue') https://osm.org/?mlat=29.876646135103787&mlon=-90.06708502224453&zoom=16
address does not match a street: (None, '1930', 'Squirewood Drive East') https://osm.org/?mlat=29.873349096622665&mlon=-90.07589427443956&zoom=16
address does not match a street: (None, '1912', 'Squirewood Drive East') https://osm.org/?mlat=29.87409915398852&mlon=-90.07617309091677&zoom=16
address does not match a street: (None, '1900', 'Squirewood Drive East') https://osm.org/?mlat=29.87451472542917&mlon=-90.07628316374753&zoom=16
address does not match a street: (None, '1842', 'Squirewood Drive East') https://osm.org/?mlat=29.874943201517564&mlon=-90.07642910825541&zoom=16
address does not match a street: (None, '1837', 'Squirewood Drive East') https://osm.org/?mlat=29.875122767730144&mlon=-90.07616020451599&zoom=16
address does not match a street: (None, '1913', 'Squirewood Drive East') https://osm.org/?mlat=29.874140218752363&mlon=-90.07586990004704&zoom=16
address does not match a street: (None, '1936', 'Squirewood Drive East') https://osm.org/?mlat=29.87306519470139&mlon=-90.07576092650069&zoom=16
address does not match a street: (None, '1819', 'Squirewood Drive East') https://osm.org/?mlat=29.876088115636236&mlon=-90.07647108045441&zoom=16
address does not match a street: (None, '1818', 'Squirewood Drive East') https://osm.org/?mlat=29.875964117009307&mlon=-90.07679100383197&zoom=16
address does not match a street: (None, '1933', 'Squirewood Drive East') https://osm.org/?mlat=29.873415280497642&mlon=-90.07559076935564&zoom=16
address has no house number: (None, None, 'Peters Road') https://osm.org/?mlat=29.874260580703805&mlon=-90.06894315937394&zoom=16
address does not match a street: (None, '2235', 'Saint Joseph Lane') https://osm.org/?mlat=29.876411761581707&mlon=-90.06887822538012&zoom=16
