address does not match a street: ('1148', 'Candlelight Court') https://osm.org/?mlat=29.885386177280985&mlon=-90.12380331852845&zoom=16
address does not match a street: ('1152', 'Candlelight Court') https://osm.org/?mlat=29.885100412229868&mlon=-90.12382887051415&zoom=16
address does not match a street: ('1101', 'Candlelight Court') https://osm.org/?mlat=29.887629421547402&mlon=-90.12312288192594&zoom=16
address does not match a street: ('1156', 'Candlelight Court') https://osm.org/?mlat=29.884916210817046&mlon=-90.12383425752613&zoom=16
address does not match a street: ('1164', 'Candlelight Court') https://osm.org/?mlat=29.88453440870223&mlon=-90.12388306389646&zoom=16
address does not match a street: ('1168', 'Candlelight Court') https://osm.org/?mlat=29.884303695548713&mlon=-90.12391426013266&zoom=16
address does not match a street: ('1153', 'Candlelight Court') https://osm.org/?mlat=29.8848904975068&mlon=-90.12343063082828&zoom=16
address does not match a street: ('1165', 'Candlelight Court') https://osm.org/?mlat=29.884176040540428&mlon=-90.1234897797896&zoom=16
address does not match a street: ('1128', 'Candlelight Court') https://osm.org/?mlat=29.886276296317337&mlon=-90.1237073291918&zoom=16
address does not match a street: ('1124', 'Candlelight Court') https://osm.org/?mlat=29.88650414446301&mlon=-90.12366354329737&zoom=16
address does not match a street: ('1129', 'Candlelight Court') https://osm.org/?mlat=29.886154169096205&mlon=-90.12328592953737&zoom=16
address does not match a street: ('1072', 'Candlelight Court') https://osm.org/?mlat=29.887952016515996&mlon=-90.12351345591411&zoom=16
address does not match a street: ('1141', 'Candlelight Court') https://osm.org/?mlat=29.885530924544838&mlon=-90.12337883876064&zoom=16
address does not match a street: ('1144', 'Candlelight Court') https://osm.org/?mlat=29.88557304130041&mlon=-90.12378843181521&zoom=16
address does not match a street: ('17', 'Azalea Lane') https://osm.org/?mlat=29.886302206803897&mlon=-90.12892673661528&zoom=16
address does not match a street: ('2', 'Azalea Lane') https://osm.org/?mlat=29.88662251161629&mlon=-90.1281686309619&zoom=16
address does not match a street: ('14', 'Azalea Lane') https://osm.org/?mlat=29.886669048233063&mlon=-90.12874558568203&zoom=16
address does not match a street: ('22', 'Azalea Lane') https://osm.org/?mlat=29.886708262532043&mlon=-90.1291238123719&zoom=16
address does not match a street: ('26', 'Azalea Lane') https://osm.org/?mlat=29.886748347518132&mlon=-90.12929689925654&zoom=16
address does not match a street: ('1113', 'Candlelight Court') https://osm.org/?mlat=29.887077080718207&mlon=-90.12316744655435&zoom=16
address does not match a street: ('1121', 'Candlelight Court') https://osm.org/?mlat=29.88671988098491&mlon=-90.12320017820834&zoom=16
address does not match a street: ('1057', 'Candlelight Court') https://osm.org/?mlat=29.887994725090927&mlon=-90.12307427214573&zoom=16
address does not match a street: ('33', 'Azalea Lane') https://osm.org/?mlat=29.886355886014705&mlon=-90.1296834859739&zoom=16
address does not match a street: ('1061', 'Candlelight Court') https://osm.org/?mlat=29.88781058275861&mlon=-90.12308597170963&zoom=16
address does not match a street: ('1104', 'Candlelight Court') https://osm.org/?mlat=29.88743270093097&mlon=-90.1235607742351&zoom=16
address does not match a street: ('1108', 'Candlelight Court') https://osm.org/?mlat=29.88724867376351&mlon=-90.1235850948058&zoom=16
address does not match a street: ('1116', 'Candlelight Court') https://osm.org/?mlat=29.88688606253647&mlon=-90.12362735807326&zoom=16
address does not match a street: ('1120', 'Candlelight Court') https://osm.org/?mlat=29.886691036568973&mlon=-90.12365181163895&zoom=16
address does not match a street: ('1160', 'Candlelight Court') https://osm.org/?mlat=29.88473774189344&mlon=-90.1238648222124&zoom=16
address does not match a street: ('1137', 'Candlelight Court') https://osm.org/?mlat=29.88578628992842&mlon=-90.12335350466425&zoom=16
address does not match a street: ('1125', 'Candlelight Court') https://osm.org/?mlat=29.88635197283793&mlon=-90.12326459753743&zoom=16
address does not match a street: ('25', 'Azalea Lane') https://osm.org/?mlat=29.886327643212724&mlon=-90.12930197230907&zoom=16
address does not match a street: ('18', 'Azalea Lane') https://osm.org/?mlat=29.886706384021878&mlon=-90.12891870551452&zoom=16
address does not match a street: ('30', 'Azalea Lane') https://osm.org/?mlat=29.886744552705863&mlon=-90.1294831386222&zoom=16
address does not match a street: ('1145', 'Candlelight Court') https://osm.org/?mlat=29.88539618086845&mlon=-90.12339610135795&zoom=16
address has no house number: (None, 'Lapalco Boulevard') https://osm.org/?mlat=29.88275246652706&mlon=-90.12347587488392&zoom=16
address does not match a street: ('1068', 'Candlelight Court') https://osm.org/?mlat=29.88816626034815&mlon=-90.12348561303787&zoom=16
address does not match a street: ('1053', 'Candlelight Court') https://osm.org/?mlat=29.888170502165693&mlon=-90.12305005045216&zoom=16
address does not match a street: ('1140', 'Candlelight Court') https://osm.org/?mlat=29.88575402767971&mlon=-90.12373259092227&zoom=16
address does not match a street: ('1136', 'Candlelight Court') https://osm.org/?mlat=29.88595747602783&mlon=-90.12372697051573&zoom=16
address does not match a street: ('1133', 'Candlelight Court') https://osm.org/?mlat=29.885975613205275&mlon=-90.12330702819911&zoom=16
address does not match a street: ('1105', 'Candlelight Court') https://osm.org/?mlat=29.88743167594015&mlon=-90.12315052547025&zoom=16
address does not match a street: ('1', 'Azalea Lane') https://osm.org/?mlat=29.886169013445468&mlon=-90.1281961952163&zoom=16
address does not match a street: ('1161', 'Candlelight Court') https://osm.org/?mlat=29.884514078787724&mlon=-90.12346674944753&zoom=16
address does not match a street: ('1169', 'Candlelight Court') https://osm.org/?mlat=29.883964603464168&mlon=-90.12352389901159&zoom=16
address does not match a street: ('1149', 'Candlelight Court') https://osm.org/?mlat=29.88507715825125&mlon=-90.12339365554422&zoom=16
address does not match a street: ('1117', 'Candlelight Court') https://osm.org/?mlat=29.886890391943485&mlon=-90.12320126751267&zoom=16
address does not match a street: ('1112', 'Candlelight Court') https://osm.org/?mlat=29.887067310093546&mlon=-90.12359991550991&zoom=16
address does not match a street: ('37', 'Azalea Lane') https://osm.org/?mlat=29.886357676684643&mlon=-90.12987912470034&zoom=16
address does not match a street: ('21', 'Azalea Lane') https://osm.org/?mlat=29.886309323507444&mlon=-90.12911468446218&zoom=16
address does not match a street: ('15', 'Azalea Lane') https://osm.org/?mlat=29.886286487998962&mlon=-90.12875120208906&zoom=16
address does not match a street: ('9', 'Azalea Lane') https://osm.org/?mlat=29.886258080254176&mlon=-90.1285780602221&zoom=16
address does not match a street: ('6', 'Azalea Lane') https://osm.org/?mlat=29.88663538985381&mlon=-90.12837623889703&zoom=16
address does not match a street: ('10', 'Azalea Lane') https://osm.org/?mlat=29.886663631232775&mlon=-90.12853119494729&zoom=16
address does not match a street: ('34', 'Azalea Lane') https://osm.org/?mlat=29.88684555539465&mlon=-90.12975878669992&zoom=16
address does not match a street: ('1100', 'Candlelight Court') https://osm.org/?mlat=29.88761968010104&mlon=-90.12355850877951&zoom=16
address does not match a street: ('1524', 'Wild Oak Lane') https://osm.org/?mlat=29.88149363402491&mlon=-90.12684508338367&zoom=16
address does not match a street: ('6964', 'Cyprus Bark Drive') https://osm.org/?mlat=29.879683081809514&mlon=-90.12542578278165&zoom=16
address does not match a street: ('6955', 'Cyprus Bark Drive') https://osm.org/?mlat=29.879274179638927&mlon=-90.12513237367557&zoom=16
address does not match a street: ('1613', 'Wild Oak Lane') https://osm.org/?mlat=29.880814665273153&mlon=-90.126509352495&zoom=16
address does not match a street: ('1604', 'Wild Oak Lane') https://osm.org/?mlat=29.8811719698122&mlon=-90.12675504376385&zoom=16
address does not match a street: ('1708', 'Wild Oak Lane') https://osm.org/?mlat=29.88017284544902&mlon=-90.12691526781465&zoom=16
address does not match a street: ('6959', 'Cyprus Bark Drive') https://osm.org/?mlat=29.879296018023844&mlon=-90.12535192401025&zoom=16
address does not match a street: ('1515', 'Wild Oak Lane') https://osm.org/?mlat=29.881854088079216&mlon=-90.1263440062679&zoom=16
address does not match a street: ('1800', 'Wild Oak Lane') https://osm.org/?mlat=29.87988340189612&mlon=-90.12702987877944&zoom=16
address does not match a street: ('1609', 'Wild Oak Lane') https://osm.org/?mlat=29.880976691361436&mlon=-90.12645929144983&zoom=16
address does not match a street: ('1705', 'Wild Oak Lane') https://osm.org/?mlat=29.88027647539642&mlon=-90.12653287320191&zoom=16
address does not match a street: ('1109', 'Candlelight Court') https://osm.org/?mlat=29.887212263561622&mlon=-90.12323437933537&zoom=16
address does not match a street: ('1516', 'Wild Oak Lane') https://osm.org/?mlat=29.88182461863542&mlon=-90.12664993126882&zoom=16
address does not match a street: ('6987', 'Cyprus Bark Drive') https://osm.org/?mlat=29.879525222735882&mlon=-90.12685115730619&zoom=16
address does not match a street: ('1501', 'Rue Esplanade') https://osm.org/?mlat=29.881466705461374&mlon=-90.12311491228074&zoom=16
address does not match a street: ('1605', 'Rue Esplanade') https://osm.org/?mlat=29.88066594308244&mlon=-90.12334684614302&zoom=16
address does not match a street: ('1616', 'Rue Esplanade') https://osm.org/?mlat=29.880340583913945&mlon=-90.1237113309971&zoom=16
address does not match a street: ('1512', 'Wild Oak Lane') https://osm.org/?mlat=29.881981655651344&mlon=-90.12661562474771&zoom=16
address does not match a street: ('1617', 'Rue Esplanade') https://osm.org/?mlat=29.880277370365313&mlon=-90.12336925113897&zoom=16
address does not match a street: ('1704', 'Rue Esplanade') https://osm.org/?mlat=29.879890919134606&mlon=-90.12381522933907&zoom=16
address does not match a street: ('1702', 'Rue Esplanade') https://osm.org/?mlat=29.880026090069606&mlon=-90.12380761938581&zoom=16
address does not match a street: ('1700', 'Rue Conti') https://osm.org/?mlat=29.88015506899561&mlon=-90.12439010095555&zoom=16
address does not match a street: ('1800', 'Rue Conti') https://osm.org/?mlat=29.87938973480904&mlon=-90.12448648195591&zoom=16
address does not match a street: ('1804', 'Rue Conti') https://osm.org/?mlat=29.8792473750054&mlon=-90.12452266626273&zoom=16
address does not match a street: ('1620', 'Rue Esplanade') https://osm.org/?mlat=29.880254722337234&mlon=-90.12381943442067&zoom=16
address does not match a street: ('1605', 'Wild Oak Lane') https://osm.org/?mlat=29.88115324087711&mlon=-90.12647285200524&zoom=16
address does not match a street: ('1609', 'Rue Esplanade') https://osm.org/?mlat=29.88054847061735&mlon=-90.12334987640286&zoom=16
address does not match a street: ('1601', 'Rue Esplanade') https://osm.org/?mlat=29.880774696001065&mlon=-90.12332700968115&zoom=16
address does not match a street: ('1513', 'Rue Esplanade') https://osm.org/?mlat=29.88110511775681&mlon=-90.12328133733503&zoom=16
address does not match a street: ('1509', 'Rue Esplanade') https://osm.org/?mlat=29.88120588810099&mlon=-90.12327085630223&zoom=16
address does not match a street: ('1517', 'Rue Esplanade') https://osm.org/?mlat=29.880992287915472&mlon=-90.123296593382&zoom=16
address does not match a street: ('1712', 'Wild Oak Lane') https://osm.org/?mlat=29.8800277839032&mlon=-90.12693553993546&zoom=16
address does not match a street: ('1709', 'Wild Oak Lane') https://osm.org/?mlat=29.880133903620912&mlon=-90.12662869425662&zoom=16
address does not match a street: ('1713', 'Wild Oak Lane') https://osm.org/?mlat=29.879976824985263&mlon=-90.12665837073934&zoom=16
address does not match a street: ('1804', 'Wild Oak Lane') https://osm.org/?mlat=29.879721736715815&mlon=-90.12699942367522&zoom=16
address does not match a street: ('1500', 'Rue Esplanade') https://osm.org/?mlat=29.88152706097645&mlon=-90.12353549358203&zoom=16
address does not match a street: ('1504', 'Rue Esplanade') https://osm.org/?mlat=29.881294334144332&mlon=-90.12359896323935&zoom=16
address does not match a street: ('1508', 'Rue Esplanade') https://osm.org/?mlat=29.881176143328968&mlon=-90.12362825552037&zoom=16
address does not match a street: ('1512', 'Rue Esplanade') https://osm.org/?mlat=29.881022723758832&mlon=-90.12367635447757&zoom=16
address does not match a street: ('1600', 'Rue Esplanade') https://osm.org/?mlat=29.880909395432795&mlon=-90.12362899816277&zoom=16
address does not match a street: ('1604', 'Rue Esplanade') https://osm.org/?mlat=29.880771662348636&mlon=-90.12363603794718&zoom=16
address does not match a street: ('1612', 'Rue Esplanade') https://osm.org/?mlat=29.880495368722826&mlon=-90.12366373768049&zoom=16
address does not match a street: ('1613', 'Rue Esplanade') https://osm.org/?mlat=29.880431478635813&mlon=-90.12335129403161&zoom=16
address does not match a street: ('1508', 'Wild Oak Lane') https://osm.org/?mlat=29.882191561104346&mlon=-90.1266269770068&zoom=16
address does not match a street: ('1520', 'Wild Oak Lane') https://osm.org/?mlat=29.881655394547092&mlon=-90.12667512502453&zoom=16
address does not match a street: ('1523', 'Wild Oak Lane') https://osm.org/?mlat=29.881527827093056&mlon=-90.12640350735622&zoom=16
address does not match a street: ('1519', 'Wild Oak Lane') https://osm.org/?mlat=29.881697051131848&mlon=-90.12637831317235&zoom=16
address does not match a street: ('1600', 'Wild Oak Lane') https://osm.org/?mlat=29.881333210217456&mlon=-90.12673920559878&zoom=16
address does not match a street: ('1612', 'Wild Oak Lane') https://osm.org/?mlat=29.8808657094611&mlon=-90.12679578276753&zoom=16
address does not match a street: ('1608', 'Wild Oak Lane') https://osm.org/?mlat=29.881026950779113&mlon=-90.12677994470593&zoom=16
address does not match a street: ('1617', 'Wild Oak Lane') https://osm.org/?mlat=29.88064153432776&mlon=-90.12654848319974&zoom=16
address does not match a street: ('1704', 'Wild Oak Lane') https://osm.org/?mlat=29.88034601899023&mlon=-90.12688076731895&zoom=16
address does not match a street: ('1700', 'Wild Oak Lane') https://osm.org/?mlat=29.880507260337644&mlon=-90.12686493051217&zoom=16
address does not match a street: ('1701', 'Wild Oak Lane') https://osm.org/?mlat=29.880477524729695&mlon=-90.126588870148&zoom=16
address does not match a street: ('6979', 'Cyprus Bark Drive') https://osm.org/?mlat=29.87961986016103&mlon=-90.12644971760112&zoom=16
address does not match a street: ('6975', 'Cyprus Bark Drive') https://osm.org/?mlat=29.879577520474506&mlon=-90.12623263177905&zoom=16
address does not match a street: ('6971', 'Cyprus Bark Drive') https://osm.org/?mlat=29.879534841283565&mlon=-90.12597851338924&zoom=16
address does not match a street: ('6967', 'Cyprus Bark Drive') https://osm.org/?mlat=29.87948833894544&mlon=-90.12574758972687&zoom=16
address does not match a street: ('6963', 'Cyprus Bark Drive') https://osm.org/?mlat=29.879458313716917&mlon=-90.12555350483672&zoom=16
address does not match a street: ('6982', 'Cyprus Bark Drive') https://osm.org/?mlat=29.87990301397617&mlon=-90.1265521614544&zoom=16
address does not match a street: ('6983', 'Cyprus Bark Drive') https://osm.org/?mlat=29.879653833426932&mlon=-90.12663449560853&zoom=16
address does not match a street: ('1709', 'Rue Esplanade') https://osm.org/?mlat=29.879718629286412&mlon=-90.12343703079397&zoom=16
address does not match a street: ('1705', 'Rue Esplanade') https://osm.org/?mlat=29.879851587304927&mlon=-90.12341690030063&zoom=16
address does not match a street: ('1720', 'Rue Conti') https://osm.org/?mlat=29.87955040641664&mlon=-90.124448347942&zoom=16
address does not match a street: ('1716', 'Rue Conti') https://osm.org/?mlat=29.87968345063108&mlon=-90.12443747856865&zoom=16
address does not match a street: ('1712', 'Rue Conti') https://osm.org/?mlat=29.879839330643065&mlon=-90.1244077044781&zoom=16
address does not match a street: ('1708', 'Rue Conti') https://osm.org/?mlat=29.87996794130885&mlon=-90.1243900670672&zoom=16
address does not match a street: ('1720', 'Rue Esplanade') https://osm.org/?mlat=29.879361157400638&mlon=-90.12389506123085&zoom=16
address does not match a street: ('1805', 'Rue Esplanade') https://osm.org/?mlat=29.879077360849436&mlon=-90.1234633189255&zoom=16
address does not match a street: ('1801', 'Rue Esplanade') https://osm.org/?mlat=29.879365634289098&mlon=-90.12352660920895&zoom=16
address does not match a street: ('1719', 'Rue Esplanade') https://osm.org/?mlat=29.879496876076022&mlon=-90.12345360618733&zoom=16
address does not match a street: ('1701', 'Rue Esplanade') https://osm.org/?mlat=29.87999673352019&mlon=-90.12340588288289&zoom=16
address does not match a street: ('1621', 'Rue Esplanade') https://osm.org/?mlat=29.880097503887143&mlon=-90.12339540209207&zoom=16
address does not match a street: ('1708', 'Rue Esplanade') https://osm.org/?mlat=29.87975960436334&mlon=-90.1238583479879&zoom=16
address does not match a street: ('1712', 'Rue Esplanade') https://osm.org/?mlat=29.879613033524365&mlon=-90.12384936027377&zoom=16
address does not match a street: ('1716', 'Rue Esplanade') https://osm.org/?mlat=29.879490942620194&mlon=-90.12386995899425&zoom=16
address does not match a street: ('1608', 'Rue Esplanade') https://osm.org/?mlat=29.88061236070686&mlon=-90.12366232041687&zoom=16
address does not match a street: ('1601', 'Wild Oak Lane') https://osm.org/?mlat=29.8813707910264&mlon=-90.12643781404407&zoom=16
address does not match a street: ('1713', 'Rue Esplanade') https://osm.org/?mlat=29.879609748553417&mlon=-90.12344297990003&zoom=16
