address does not match a street: (None, '5001', 'Swathmore Street') https://osm.org/?mlat=29.84903440085323&mlon=-90.11880174503926&zoom=16
address does not match a street: (None, '5017', 'Swathmore Street') https://osm.org/?mlat=29.849777841927068&mlon=-90.11890311853617&zoom=16
address does not match a street: (None, '2861', 'Britannica Drive') https://osm.org/?mlat=29.847536060341717&mlon=-90.11409437959146&zoom=16
address does not match a street: (None, '2857', 'Britannica Drive') https://osm.org/?mlat=29.84754524498421&mlon=-90.1138986818744&zoom=16
address does not match a street: (None, '2993', 'Vassar Drive') https://osm.org/?mlat=29.84987294094027&mlon=-90.11669684921651&zoom=16
address does not match a street: (None, '2844', 'Britannica Drive') https://osm.org/?mlat=29.847960944488715&mlon=-90.11335416885834&zoom=16
address does not match a street: (None, '2853', 'Britannica Drive') https://osm.org/?mlat=29.847562473579252&mlon=-90.11368080480335&zoom=16
address does not match a street: (None, '2817', 'Britannica Drive') https://osm.org/?mlat=29.84780325378073&mlon=-90.11177248325255&zoom=16
address does not match a street: (None, '3060', 'Grinell Drive') https://osm.org/?mlat=29.850135332045646&mlon=-90.12039093417235&zoom=16
address does not match a street: (None, '2848', 'Britannica Drive') https://osm.org/?mlat=29.847940820386924&mlon=-90.11355631024148&zoom=16
address does not match a street: (None, '5016', 'Swathmore Street') https://osm.org/?mlat=29.84974044258079&mlon=-90.11931998909766&zoom=16
address does not match a street: (None, '4068', 'Beaudelaire Drive') https://osm.org/?mlat=29.841347334824984&mlon=-90.11700135714958&zoom=16
address does not match a street: (None, '4069', 'Beaudelaire Drive') https://osm.org/?mlat=29.840934626315963&mlon=-90.11690021691211&zoom=16
address does not match a street: (None, '2824', 'Britannica Drive') https://osm.org/?mlat=29.84809116337097&mlon=-90.11227370060367&zoom=16
address does not match a street: (None, '2825', 'Britannica Drive') https://osm.org/?mlat=29.847752099221513&mlon=-90.11218636208012&zoom=16
address does not match a street: (None, '2833', 'Britannica Drive') https://osm.org/?mlat=29.84770381023814&mlon=-90.11261282382914&zoom=16
address does not match a street: (None, '2725', 'Britannica Drive') https://osm.org/?mlat=29.84800759570785&mlon=-90.11008857651166&zoom=16
address does not match a street: (None, '2729', 'Britannica Drive') https://osm.org/?mlat=29.847984785615072&mlon=-90.11029705977077&zoom=16
address does not match a street: (None, '4072', 'Beaudelaire Drive') https://osm.org/?mlat=29.8412985366744&mlon=-90.11717902363873&zoom=16
address does not match a street: (None, '4052', 'Le Mans Drive') https://osm.org/?mlat=29.84118245758164&mlon=-90.11784048732551&zoom=16
address does not match a street: (None, '4056', 'Le Mans Drive') https://osm.org/?mlat=29.841030202794503&mlon=-90.11773193649923&zoom=16
address does not match a street: (None, '2728', 'Britannica Drive') https://osm.org/?mlat=29.848304308725464&mlon=-90.11035308623019&zoom=16
address does not match a street: (None, '2808', 'Britannica Drive') https://osm.org/?mlat=29.848190370171224&mlon=-90.11140812344694&zoom=16
address does not match a street: (None, '2804', 'Britannica Drive') https://osm.org/?mlat=29.848204932908402&mlon=-90.11119973990554&zoom=16
address does not match a street: (None, '2801', 'Britannica Drive') https://osm.org/?mlat=29.847902457283507&mlon=-90.1109069080928&zoom=16
address does not match a street: (None, '2813', 'Britannica Drive') https://osm.org/?mlat=29.84782586097887&mlon=-90.11154192102309&zoom=16
address does not match a street: (None, '2869', 'Britannica Drive') https://osm.org/?mlat=29.847476648457324&mlon=-90.11450835678781&zoom=16
address has no house number: (None, None, 'Pritchard Road') https://osm.org/?mlat=29.84613291048053&mlon=-90.1125605181408&zoom=16
address does not match a street: (None, '2720', 'Britannica Drive') https://osm.org/?mlat=29.848357942986144&mlon=-90.1099107821837&zoom=16
address does not match a street: (None, '4009', 'Le Mans Drive') https://osm.org/?mlat=29.842976321466825&mlon=-90.11882492963305&zoom=16
address does not match a street: (None, '4000', 'Le Mans Drive') https://osm.org/?mlat=29.84313520118416&mlon=-90.11935294646142&zoom=16
address does not match a street: (None, '4008', 'Le Mans Drive') https://osm.org/?mlat=29.842773969107185&mlon=-90.11924693109171&zoom=16
address does not match a street: (None, '4024', 'Le Mans Drive') https://osm.org/?mlat=29.842189321704243&mlon=-90.11877140953136&zoom=16
address does not match a street: (None, '4036', 'Le Mans Drive') https://osm.org/?mlat=29.84170909017955&mlon=-90.11834587013998&zoom=16
address does not match a street: (None, '5004', 'Swathmore Street') https://osm.org/?mlat=29.84922268152844&mlon=-90.11923795192268&zoom=16
address does not match a street: (None, '2856', 'Britannica Drive') https://osm.org/?mlat=29.847889982081686&mlon=-90.11400488540515&zoom=16
address does not match a street: (None, '2812', 'Britannica Drive') https://osm.org/?mlat=29.84815951410056&mlon=-90.11163878743963&zoom=16
address does not match a street: (None, '2800', 'Britannica Drive') https://osm.org/?mlat=29.84823880190781&mlon=-90.11099743030705&zoom=16
address does not match a street: (None, '5021', 'Swathmore Street') https://osm.org/?mlat=29.849954057029944&mlon=-90.11892621341192&zoom=16
address does not match a street: (None, '4016', 'Le Mans Drive') https://osm.org/?mlat=29.84245722582111&mlon=-90.11896196635111&zoom=16
address does not match a street: (None, '2865', 'Britannica Drive') https://osm.org/?mlat=29.84751052254198&mlon=-90.11430604875133&zoom=16
address does not match a street: (None, '4020', 'Le Mans Drive') https://osm.org/?mlat=29.842332790093234&mlon=-90.11889251073538&zoom=16
address does not match a street: (None, '4048', 'Le Mans Drive') https://osm.org/?mlat=29.841329622080742&mlon=-90.11799326190769&zoom=16
address does not match a street: (None, '2832', 'Britannica Drive') https://osm.org/?mlat=29.848040153694647&mlon=-90.11270335160731&zoom=16
address does not match a street: (None, '2829', 'Britannica Drive') https://osm.org/?mlat=29.847721007392746&mlon=-90.11239179091778&zoom=16
address does not match a street: (None, '2841', 'Britannica Drive') https://osm.org/?mlat=29.847652623748512&mlon=-90.11302354757846&zoom=16
address does not match a street: (None, '3068', 'Grinell Drive') https://osm.org/?mlat=29.850081080583585&mlon=-90.12077015416376&zoom=16
address does not match a street: (None, '3056', 'Grinell Drive') https://osm.org/?mlat=29.850144496957494&mlon=-90.1201920786605&zoom=16
address does not match a street: (None, '2732', 'Britannica Drive') https://osm.org/?mlat=29.848294923947087&mlon=-90.1105267049376&zoom=16
address does not match a street: (None, '4057', 'Beaudelaire Drive') https://osm.org/?mlat=29.84099849583223&mlon=-90.11631371858067&zoom=16
address does not match a street: (None, '3064', 'Grinell Drive') https://osm.org/?mlat=29.850096007391468&mlon=-90.12059961982605&zoom=16
address does not match a street: (None, '5005', 'Swathmore Street') https://osm.org/?mlat=29.849243698970298&mlon=-90.11883390124149&zoom=16
address does not match a street: (None, '2985', 'Vassar Drive') https://osm.org/?mlat=29.84989365851033&mlon=-90.11626125229493&zoom=16
address does not match a street: (None, '5020', 'Swathmore Street') https://osm.org/?mlat=29.84991112907042&mlon=-90.11933999722925&zoom=16
address does not match a street: (None, '5008', 'Swathmore Street') https://osm.org/?mlat=29.849401675421394&mlon=-90.11926416813253&zoom=16
address does not match a street: (None, '5000', 'Swathmore Street') https://osm.org/?mlat=29.849079609497565&mlon=-90.11923022700104&zoom=16
address does not match a street: (None, '5012', 'Swathmore Street') https://osm.org/?mlat=29.84957250669147&mlon=-90.11929994760331&zoom=16
address does not match a street: (None, '2852', 'Britannica Drive') https://osm.org/?mlat=29.847907240108146&mlon=-90.11379016080977&zoom=16
address does not match a street: (None, '4044', 'Beaudelaire Drive') https://osm.org/?mlat=29.841329459735626&mlon=-90.1165021013243&zoom=16
address does not match a street: (None, '4055', 'Le Mans Drive') https://osm.org/?mlat=29.84121282549057&mlon=-90.11737594452543&zoom=16
address does not match a street: (None, '4043', 'Le Mans Drive') https://osm.org/?mlat=29.84184238152002&mlon=-90.11782658959773&zoom=16
address does not match a street: (None, '4029', 'Le Mans Drive') https://osm.org/?mlat=29.842177810474805&mlon=-90.11813639871413&zoom=16
address does not match a street: (None, '2816', 'Britannica Drive') https://osm.org/?mlat=29.848133951846645&mlon=-90.11184730428654&zoom=16
address does not match a street: (None, '2805', 'Britannica Drive') https://osm.org/?mlat=29.847849516482032&mlon=-90.11112837800482&zoom=16
address does not match a street: (None, '2809', 'Britannica Drive') https://osm.org/?mlat=29.84785133476547&mlon=-90.11132394098138&zoom=16
address does not match a street: (None, '2989', 'Vassar Drive') https://osm.org/?mlat=29.849903689065428&mlon=-90.1164535645633&zoom=16
address does not match a street: (None, '4037', 'Le Mans Drive') https://osm.org/?mlat=29.842007686287094&mlon=-90.11797857423063&zoom=16
address does not match a street: (None, '4061', 'Beaudelaire Drive') https://osm.org/?mlat=29.84098050227713&mlon=-90.11652105587689&zoom=16
address does not match a street: (None, '5009', 'Swathmore Street') https://osm.org/?mlat=29.849425442647608&mlon=-90.11886008330065&zoom=16
address does not match a street: (None, '2733', 'Britannica Drive') https://osm.org/?mlat=29.84794278507053&mlon=-90.11051208810068&zoom=16
address has no house number: (None, None, 'Pritchard Road') https://osm.org/?mlat=29.846322717017173&mlon=-90.11077482095295&zoom=16
address does not match a street: (None, '4064', 'Le Mans Drive') https://osm.org/?mlat=29.840723000678512&mlon=-90.11752117631845&zoom=16
address does not match a street: (None, '2849', 'Britannica Drive') https://osm.org/?mlat=29.84759622930649&mlon=-90.11346588041052&zoom=16
address does not match a street: (None, '2840', 'Britannica Drive') https://osm.org/?mlat=29.84798378961349&mlon=-90.1131488405825&zoom=16
address does not match a street: (None, '2821', 'Britannica Drive') https://osm.org/?mlat=29.847772191917635&mlon=-90.11198106759846&zoom=16
address does not match a street: (None, '2864', 'Britannica Drive') https://osm.org/?mlat=29.847822468515094&mlon=-90.11443473494536&zoom=16
address does not match a street: (None, '4017', 'Le Mans Drive') https://osm.org/?mlat=29.842804167733124&mlon=-90.11875561624359&zoom=16
address does not match a street: (None, '4004', 'Le Mans Drive') https://osm.org/?mlat=29.8429285935982&mlon=-90.11931444955457&zoom=16
address does not match a street: (None, '4032', 'Le Mans Drive') https://osm.org/?mlat=29.841916823252657&mlon=-90.11849223215513&zoom=16
address does not match a street: (None, '4064', 'Beaudelaire Drive') https://osm.org/?mlat=29.841322588546713&mlon=-90.1167607955444&zoom=16
address does not match a street: (None, '4044', 'Le Mans Drive') https://osm.org/?mlat=29.841523734630506&mlon=-90.11816754662148&zoom=16
address does not match a street: (None, '5013', 'Swathmore Street') https://osm.org/?mlat=29.849604523139607&mlon=-90.11889576179516&zoom=16
address does not match a street: (None, '2837', 'Britannica Drive') https://osm.org/?mlat=29.847672747031606&mlon=-90.11282140667123&zoom=16
address does not match a street: (None, '2828', 'Britannica Drive') https://osm.org/?mlat=29.848071216712654&mlon=-90.11249476796132&zoom=16
address does not match a street: (None, '2820', 'Britannica Drive') https://osm.org/?mlat=29.848141327090612&mlon=-90.11204911013108&zoom=16
address does not match a street: (None, '2860', 'Britannica Drive') https://osm.org/?mlat=29.84785912145323&mlon=-90.11423554790203&zoom=16
address does not match a street: (None, '4060', 'Le Mans Drive') https://osm.org/?mlat=29.840883330623132&mlon=-90.1176107019485&zoom=16
address does not match a street: (None, '4028', 'Le Mans Drive') https://osm.org/?mlat=29.84206406831326&mlon=-90.11860890177934&zoom=16
address does not match a street: (None, '2736', 'Marisha') https://osm.org/?mlat=29.845806741292442&mlon=-90.1098666102827&zoom=16
address does not match a street: (None, '4012', 'Le Mans Drive') https://osm.org/?mlat=29.842636305199186&mlon=-90.1191453689765&zoom=16
address does not match a street: (None, '2836', 'Britannica Drive') https://osm.org/?mlat=29.848022838860913&mlon=-90.11291176714636&zoom=16
address does not match a street: (None, '2845', 'Britannica Drive') https://osm.org/?mlat=29.84762182339819&mlon=-90.11326051830031&zoom=16
address does not match a street: (None, '2724', 'Britannica Drive') https://osm.org/?mlat=29.848346220046007&mlon=-90.11012859429556&zoom=16
address does not match a street: (None, '4073', 'Beaudelaire Drive') https://osm.org/?mlat=29.840932694550084&mlon=-90.11714023930193&zoom=16
address does not match a street: (None, '4065', 'Beaudelaire Drive') https://osm.org/?mlat=29.840986722147452&mlon=-90.11672113020794&zoom=16
address has no house number: (None, None, 'Acadian Court') https://osm.org/?mlat=29.84412661900131&mlon=-90.1184280897414&zoom=16
address has no house number: (None, None, 'Acadian Court') https://osm.org/?mlat=29.84390495980376&mlon=-90.1190460528227&zoom=16
