address does not match a street: ('2336', 'Lafayette Avenue') https://osm.org/?mlat=29.87485249345029&mlon=-90.05961620730504&zoom=16
address does not match a street: ('2332', 'Lafayette Avenue') https://osm.org/?mlat=29.87494097228295&mlon=-90.05966556631047&zoom=16
address does not match a street: ('2321', 'Rochelle Street') https://osm.org/?mlat=29.877453495918605&mlon=-90.05559440538421&zoom=16
address does not match a street: ('2317', 'Rochelle Street') https://osm.org/?mlat=29.87769431324203&mlon=-90.05575541413961&zoom=16
address has no house number: (None, 'Rochelle Street') https://osm.org/?mlat=29.87729747077891&mlon=-90.05590970892501&zoom=16
address does not match a street: (None, 'Rochelle Street') https://osm.org/?mlat=29.87729747077891&mlon=-90.05590970892501&zoom=16
address does not match a street: ('2244', 'Rochelle Street') https://osm.org/?mlat=29.87812481413212&mlon=-90.05647568920321&zoom=16
address has no house number: (None, 'Velva Avenue') https://osm.org/?mlat=29.87740088314132&mlon=-90.05939637956841&zoom=16
address does not match a street: ('2233', 'Lafayette Avenue') https://osm.org/?mlat=29.876684091293086&mlon=-90.06019239610809&zoom=16
address does not match a street: ('2241', 'Lafayette Avenue') https://osm.org/?mlat=29.87646060334364&mlon=-90.06011635744589&zoom=16
address does not match a street: ('2317', 'Lafayette Avenue') https://osm.org/?mlat=29.875544746757274&mlon=-90.05952052708624&zoom=16
address does not match a street: ('2300', 'Lafayette Avenue') https://osm.org/?mlat=29.87589182671073&mlon=-90.0601886884767&zoom=16
address does not match a street: ('2257', 'East Von Braun Court') https://osm.org/?mlat=29.86993888997069&mlon=-90.05713568854434&zoom=16
address has no house number: (None, 'Queens Boulevard') https://osm.org/?mlat=29.87436864174058&mlon=-90.0641820173902&zoom=16
address has no house number: (None, '11th Street') https://osm.org/?mlat=29.874368948455178&mlon=-90.06418229301053&zoom=16
address does not match a street: ('2246', 'Rochelle Street') https://osm.org/?mlat=29.877977245960768&mlon=-90.0563924513484&zoom=16
address does not match a street: ('2247', 'East Von Braun Court') https://osm.org/?mlat=29.87051870713544&mlon=-90.0570904149624&zoom=16
address does not match a street: ('2253', 'East Von Braun Court') https://osm.org/?mlat=29.870208451573106&mlon=-90.05714170974625&zoom=16
address has no house number: (None, 'Queens Boulevard') https://osm.org/?mlat=29.877284597130412&mlon=-90.06500100092741&zoom=16
address does not match a street: ('2245', 'East Von Braun Court') https://osm.org/?mlat=29.87067062217163&mlon=-90.05709670764598&zoom=16
address does not match a street: ('2229', 'Rochelle Street') https://osm.org/?mlat=29.878697628725668&mlon=-90.05627587363844&zoom=16
address does not match a street: ('2312', 'Rochelle Street') https://osm.org/?mlat=29.87741049158184&mlon=-90.05597993387994&zoom=16
address does not match a street: ('2319', 'Rochelle Street') https://osm.org/?mlat=29.87758584846752&mlon=-90.05563057957458&zoom=16
address has no house number: (None, 'Queens Boulevard') https://osm.org/?mlat=29.876878430784856&mlon=-90.06483331883402&zoom=16
address has no house number: (None, 'Velva Avenue') https://osm.org/?mlat=29.876881122132836&mlon=-90.05919554233813&zoom=16
address does not match a street: ('2308', 'Lafayette Avenue') https://osm.org/?mlat=29.875564270468253&mlon=-90.06003433220538&zoom=16
address does not match a street: ('2329', 'Rochelle Street') https://osm.org/?mlat=29.877067138137836&mlon=-90.05534203066503&zoom=16
address does not match a street: ('2320', 'Rochelle Street') https://osm.org/?mlat=29.877115290741795&mlon=-90.05583707461466&zoom=16
address has no house number: (None, 'Velva Avenue') https://osm.org/?mlat=29.877825626616847&mlon=-90.05972604378232&zoom=16
address does not match a street: ('2300', 'Rochelle Street') https://osm.org/?mlat=29.877657298165435&mlon=-90.0561913558224&zoom=16
address does not match a street: ('2240', 'Rochelle Street') https://osm.org/?mlat=29.878257197058254&mlon=-90.0565150189552&zoom=16
address does not match a street: ('2304', 'Lafayette Avenue') https://osm.org/?mlat=29.875747849790187&mlon=-90.060158816926&zoom=16
address does not match a street: ('2330', 'Lafayette Avenue') https://osm.org/?mlat=29.875239372349473&mlon=-90.05924208036076&zoom=16
address does not match a street: ('2251', 'East Von Braun Court') https://osm.org/?mlat=29.8703484403444&mlon=-90.05711467819745&zoom=16
address has no house number: (None, 'Arlington Avenue') https://osm.org/?mlat=29.87660117576665&mlon=-90.06203499008926&zoom=16
address has no house number: (None, 'Pailet Avenue') https://osm.org/?mlat=29.876626762967344&mlon=-90.06565423726349&zoom=16
address has no house number: (None, 'Pailet Avenue') https://osm.org/?mlat=29.876843016907884&mlon=-90.06576507346118&zoom=16
address has no house number: (None, 'Pailet Avenue') https://osm.org/?mlat=29.876064658595315&mlon=-90.06588110709278&zoom=16
address does not match a street: ('2325', 'Rochelle Street') https://osm.org/?mlat=29.877346370028985&mlon=-90.05551442237902&zoom=16
address does not match a street: ('2327', 'Rochelle Street') https://osm.org/?mlat=29.877232260593743&mlon=-90.05544537558315&zoom=16
address does not match a street: ('2301', 'Rochelle Street') https://osm.org/?mlat=29.877887123640434&mlon=-90.05586288794929&zoom=16
address does not match a street: ('2301', 'Rochelle Street') https://osm.org/?mlat=29.877906259786748&mlon=-90.05581029676772&zoom=16
address does not match a street: ('2348', 'Rochelle Street') https://osm.org/?mlat=29.876391885081457&mlon=-90.05534656866091&zoom=16
address does not match a street: ('2243', 'East Von Braun Court') https://osm.org/?mlat=29.870859943297813&mlon=-90.05711445216367&zoom=16
address does not match a street: ('2333', 'Lafayette Avenue') https://osm.org/?mlat=29.874931811752973&mlon=-90.05921169177606&zoom=16
address does not match a street: ('2308', 'Rochelle Street') https://osm.org/?mlat=29.877534993445522&mlon=-90.0560572301602&zoom=16
address does not match a street: ('2251', 'Lafayette Avenue') https://osm.org/?mlat=29.876354380205857&mlon=-90.06004797261657&zoom=16
address does not match a street: ('2334', 'Rochelle Street') https://osm.org/?mlat=29.87677923436838&mlon=-90.05561648112771&zoom=16
address does not match a street: ('2228', 'Rochelle Street') https://osm.org/?mlat=29.878668418103295&mlon=-90.05670912628722&zoom=16
address has no house number: (None, '11th Street') https://osm.org/?mlat=29.874786349747964&mlon=-90.06217322714208&zoom=16
address has no house number: (None, 'Lafayette Avenue') https://osm.org/?mlat=29.875328840196723&mlon=-90.05936704848624&zoom=16
address does not match a street: (None, 'Lafayette Avenue') https://osm.org/?mlat=29.875328840196723&mlon=-90.05936704848624&zoom=16
address does not match a street: ('2338', 'Rochelle Street') https://osm.org/?mlat=29.876616186869118&mlon=-90.05557743991795&zoom=16
address does not match a street: ('2255', 'Rochelle Street') https://osm.org/?mlat=29.878125151376327&mlon=-90.05606267543172&zoom=16
address does not match a street: ('2326', 'Rochelle Street') https://osm.org/?mlat=29.877018447152338&mlon=-90.055816916337&zoom=16
address has no house number: (None, '11th Street') https://osm.org/?mlat=29.87612436131976&mlon=-90.06036629283632&zoom=16
address has no house number: (None, 'Edison Avenue') https://osm.org/?mlat=29.877151259599902&mlon=-90.05621462630434&zoom=16
address does not match a street: ('2328', 'Rochelle Street') https://osm.org/?mlat=29.876901921605537&mlon=-90.05574247650152&zoom=16
address has no house number: (None, 'Edison Avenue') https://osm.org/?mlat=29.877182657523132&mlon=-90.05679409415002&zoom=16
address has no house number: (None, 'Rochelle Street') https://osm.org/?mlat=29.878178443751157&mlon=-90.0560932213348&zoom=16
address does not match a street: (None, 'Rochelle Street') https://osm.org/?mlat=29.878178443751157&mlon=-90.0560932213348&zoom=16
address does not match a street: ('2204', 'Lafayette Avenue') https://osm.org/?mlat=29.877436637402567&mlon=-90.06108167574189&zoom=16
address does not match a street: ('2202', 'Lafayette Avenue') https://osm.org/?mlat=29.877487175665202&mlon=-90.06112376328365&zoom=16
address does not match a street: ('2200', 'Lafayette Avenue') https://osm.org/?mlat=29.877552114672998&mlon=-90.0611738855114&zoom=16
