address does not match a street: ('2820', 'Hyde Park Avenue East') https://osm.org/?mlat=29.869826021623027&mlon=-90.05017438257829&zoom=16
address has no house number: (None, 'Victoria Avenue') https://osm.org/?mlat=29.878327494205042&mlon=-90.05433891614966&zoom=16
address does not match a street: ('2113', 'Hyde Park Avenue East') https://osm.org/?mlat=29.870375463171897&mlon=-90.04928257671966&zoom=16
address does not match a street: ('2109', 'Hyde Park Avenue East') https://osm.org/?mlat=29.870412042301627&mlon=-90.04922240354128&zoom=16
address does not match a street: ('2744', 'Hyde Park Avenue North') https://osm.org/?mlat=29.870442561637987&mlon=-90.05066417919721&zoom=16
address does not match a street: ('2748', 'Hyde Park Avenue North') https://osm.org/?mlat=29.870325622733706&mlon=-90.05058375648822&zoom=16
address does not match a street: ('2752', 'Hyde Park Avenue North') https://osm.org/?mlat=29.870257087666193&mlon=-90.050542783181&zoom=16
address does not match a street: ('2756', 'Hyde Park Avenue North') https://osm.org/?mlat=29.87021091092386&mlon=-90.05047388050416&zoom=16
address has no house number: (None, 'Manhattan Boulevard') https://osm.org/?mlat=29.87219987543938&mlon=-90.04619110228626&zoom=16
address does not match a street: ('2101', 'Hyde Park Avenue East') https://osm.org/?mlat=29.870475743798863&mlon=-90.04908512246786&zoom=16
address does not match a street: ('10', 'Brookhaven Court') https://osm.org/?mlat=29.86973406863444&mlon=-90.04448291432246&zoom=16
address does not match a street: ('14', 'Brookhaven Court') https://osm.org/?mlat=29.869423040694162&mlon=-90.0444584581899&zoom=16
address does not match a street: ('2804', 'Hyde Park Avenue East') https://osm.org/?mlat=29.870017677929763&mlon=-90.05031434415812&zoom=16
address does not match a street: ('2836', 'Hyde Park Avenue South') https://osm.org/?mlat=29.8699928967113&mlon=-90.04949858522605&zoom=16
address does not match a street: ('2149', 'Hyde Park Avenue East') https://osm.org/?mlat=29.87003797113243&mlon=-90.05000365299782&zoom=16
address does not match a street: ('2800', 'Hyde Park Avenue East') https://osm.org/?mlat=29.87006769547019&mlon=-90.05037556054215&zoom=16
address does not match a street: ('2808', 'Hyde Park Avenue East') https://osm.org/?mlat=29.869958796823415&mlon=-90.05026561453253&zoom=16
address does not match a street: ('2812', 'Hyde Park Avenue East') https://osm.org/?mlat=29.869875617283434&mlon=-90.05021307289059&zoom=16
address does not match a street: ('2749', 'Hyde Park Avenue North') https://osm.org/?mlat=29.870464588298965&mlon=-90.05030008266922&zoom=16
address does not match a street: ('2145', 'Hyde Park Avenue East') https://osm.org/?mlat=29.870095227272067&mlon=-90.04989172941086&zoom=16
address does not match a street: ('2141', 'Hyde Park Avenue East') https://osm.org/?mlat=29.87012053333998&mlon=-90.04981890941363&zoom=16
address does not match a street: ('2753', 'Hyde Park Avenue North') https://osm.org/?mlat=29.87039580887884&mlon=-90.0502803976635&zoom=16
address does not match a street: ('2757', 'Hyde Park Avenue North') https://osm.org/?mlat=29.870312057973354&mlon=-90.05024391512825&zoom=16
address has no house number: (None, 'Hyde Park Avenue North') https://osm.org/?mlat=29.870656174028724&mlon=-90.05047212453486&zoom=16
address does not match a street: (None, 'Hyde Park Avenue North') https://osm.org/?mlat=29.870656174028724&mlon=-90.05047212453486&zoom=16
address has no house number: (None, 'Hyde Park Avenue North') https://osm.org/?mlat=29.87059746295145&mlon=-90.05043212125925&zoom=16
address does not match a street: (None, 'Hyde Park Avenue North') https://osm.org/?mlat=29.87059746295145&mlon=-90.05043212125925&zoom=16
address has no house number: (None, 'Hyde Park Avenue North') https://osm.org/?mlat=29.87052436247389&mlon=-90.05038439488082&zoom=16
address does not match a street: (None, 'Hyde Park Avenue North') https://osm.org/?mlat=29.87052436247389&mlon=-90.05038439488082&zoom=16
address does not match a street: ('2105', 'Hyde Park Avenue East') https://osm.org/?mlat=29.870441105499317&mlon=-90.04915379887208&zoom=16
address does not match a street: ('2', 'Tunica Court') https://osm.org/?mlat=29.869473426229277&mlon=-90.04686660339219&zoom=16
address does not match a street: ('2827', 'Hyde Park Avenue South') https://osm.org/?mlat=29.870087227722163&mlon=-90.04926282802242&zoom=16
address does not match a street: ('2831', 'Hyde Park Avenue South') https://osm.org/?mlat=29.870007287494932&mlon=-90.04925959186225&zoom=16
address does not match a street: ('2200', 'Phillip Drive') https://osm.org/?mlat=29.877209967691126&mlon=-90.04613402041261&zoom=16
address does not match a street: ('6', 'Brookhaven Court') https://osm.org/?mlat=29.869692179380944&mlon=-90.04403560788847&zoom=16
address does not match a street: ('2823', 'Hyde Park Avenue South') https://osm.org/?mlat=29.870165227188686&mlon=-90.04925756107177&zoom=16
address does not match a street: ('2125', 'Hyde Park Avenue East') https://osm.org/?mlat=29.8702681877215&mlon=-90.04952489653252&zoom=16
address does not match a street: ('2121', 'Hyde Park Avenue East') https://osm.org/?mlat=29.870302804490848&mlon=-90.0494540881171&zoom=16
address does not match a street: ('2835', 'Hyde Park Avenue South') https://osm.org/?mlat=29.869925718831073&mlon=-90.04927983033545&zoom=16
address does not match a street: ('2137', 'Hyde Park Avenue East') https://osm.org/?mlat=29.87017533994951&mlon=-90.04972225438658&zoom=16
address does not match a street: ('2133', 'Hyde Park Avenue East') https://osm.org/?mlat=29.870204382599486&mlon=-90.04965151879223&zoom=16
address does not match a street: ('2117', 'Hyde Park Avenue East') https://osm.org/?mlat=29.87034648319357&mlon=-90.04935970935632&zoom=16
address does not match a street: ('2129', 'Hyde Park Avenue East') https://osm.org/?mlat=29.870237203509244&mlon=-90.04958713012695&zoom=16
address does not match a street: ('2451', 'Phillip Drive') https://osm.org/?mlat=29.87712661227342&mlon=-90.04540623440514&zoom=16
