address does not match a street: (None, '7', 'Dauterive Court') https://osm.org/?mlat=30.026441500379047&mlon=-90.2780337816061&zoom=16
address does not match a street: (None, '8', 'Dauterive Court') https://osm.org/?mlat=30.026827810574055&mlon=-90.2777990935303&zoom=16
address does not match a street: (None, '10', 'Dauterive Court') https://osm.org/?mlat=30.02683189297845&mlon=-90.27760652486452&zoom=16
address does not match a street: (None, '3608', 'East Grand Lake Boulevard') https://osm.org/?mlat=30.02721371631799&mlon=-90.27618943021966&zoom=16
address does not match a street: (None, '3610', 'East Grand Lake Boulevard') https://osm.org/?mlat=30.027392406408136&mlon=-90.27617819597126&zoom=16
address does not match a street: (None, '3612', 'East Grand Lake Boulevard') https://osm.org/?mlat=30.027571021534794&mlon=-90.27615762483617&zoom=16
address does not match a street: (None, '3718', 'East Grand Lake Boulevard') https://osm.org/?mlat=30.030617925166496&mlon=-90.27586310039344&zoom=16
address does not match a street: (None, '3721', 'West Grand Lake Boulevard') https://osm.org/?mlat=30.03096301274437&mlon=-90.27875102729412&zoom=16
address does not match a street: (None, '3717', 'West Grand Lake Boulevard') https://osm.org/?mlat=30.030597581651765&mlon=-90.27878290937015&zoom=16
address does not match a street: (None, '20', 'Dauterive Court') https://osm.org/?mlat=30.026765955856085&mlon=-90.27663382384785&zoom=16
address does not match a street: (None, '18', 'Dauterive Court') https://osm.org/?mlat=30.02676187486574&mlon=-90.27682639138933&zoom=16
address does not match a street: (None, '19', 'Dauterive Court') https://osm.org/?mlat=30.02636846347642&mlon=-90.27679895170382&zoom=16
address does not match a street: (None, '3614', 'East Grand Lake Boulevard') https://osm.org/?mlat=30.02774905760795&mlon=-90.27614280585844&zoom=16
address does not match a street: (None, '3618', 'East Grand Lake Boulevard') https://osm.org/?mlat=30.028123210899913&mlon=-90.27610722991159&zoom=16
address does not match a street: (None, '3620', 'East Grand Lake Boulevard') https://osm.org/?mlat=30.0282962003365&mlon=-90.27608671711378&zoom=16
address does not match a street: (None, '3622', 'East Grand Lake Boulevard') https://osm.org/?mlat=30.028455231965772&mlon=-90.27604049154482&zoom=16
address does not match a street: (None, '3626', 'East Grand Lake Boulevard') https://osm.org/?mlat=30.028837816294992&mlon=-90.27604289927044&zoom=16
address does not match a street: (None, '3628', 'East Grand Lake Boulevard') https://osm.org/?mlat=30.02898577449172&mlon=-90.27601906107793&zoom=16
address does not match a street: (None, '3700', 'East Grand Lake Boulevard') https://osm.org/?mlat=30.029180716290785&mlon=-90.2760076539834&zoom=16
address does not match a street: (None, '3702', 'East Grand Lake Boulevard') https://osm.org/?mlat=30.029340574009794&mlon=-90.27598656255714&zoom=16
address does not match a street: (None, '3708', 'East Grand Lake Boulevard') https://osm.org/?mlat=30.02969727786142&mlon=-90.2759576362827&zoom=16
address does not match a street: (None, '3625', 'West Grand Lake Boulevard') https://osm.org/?mlat=30.02880972820247&mlon=-90.2787766754417&zoom=16
address does not match a street: (None, '20', 'Darbonne Court') https://osm.org/?mlat=30.030469282469426&mlon=-90.27650261932862&zoom=16
address does not match a street: (None, '18', 'Darbonne Court') https://osm.org/?mlat=30.030467604373978&mlon=-90.27668295545502&zoom=16
address does not match a street: (None, '14', 'Darbonne Court') https://osm.org/?mlat=30.03050975212021&mlon=-90.277105649294&zoom=16
address does not match a street: (None, '10', 'Darbonne Court') https://osm.org/?mlat=30.03054052625151&mlon=-90.27751337559774&zoom=16
address does not match a street: (None, '6', 'Darbonne Court') https://osm.org/?mlat=30.030563121876725&mlon=-90.27791472391891&zoom=16
address does not match a street: (None, '4', 'Darbonne Court') https://osm.org/?mlat=30.030578467563704&mlon=-90.27811355998693&zoom=16
address does not match a street: (None, '14', 'Dauterive Court') https://osm.org/?mlat=30.026795620208684&mlon=-90.27721467613401&zoom=16
address does not match a street: (None, '3715', 'West Grand Lake Boulevard') https://osm.org/?mlat=30.030418644068266&mlon=-90.27876324990386&zoom=16
address does not match a street: (None, '1', 'Darbonne Court') https://osm.org/?mlat=30.03018109928295&mlon=-90.27829449165395&zoom=16
address does not match a street: (None, '3', 'Darbonne Court') https://osm.org/?mlat=30.030162651937918&mlon=-90.2780985633319&zoom=16
address does not match a street: (None, '2', 'Dauterive Court') https://osm.org/?mlat=30.026884323775935&mlon=-90.27837678834&zoom=16
address does not match a street: (None, '4', 'Dauterive Court') https://osm.org/?mlat=30.026855354018632&mlon=-90.27819390901422&zoom=16
address does not match a street: (None, '3611', 'West Grand Lake Boulevard') https://osm.org/?mlat=30.027559071728664&mlon=-90.27879924169186&zoom=16
address does not match a street: (None, '3605', 'West Grand Lake Boulevard') https://osm.org/?mlat=30.02701460406444&mlon=-90.27879925301693&zoom=16
address does not match a street: (None, '3603', 'West Grand Lake Boulevard') https://osm.org/?mlat=30.02685216552396&mlon=-90.27881031064527&zoom=16
address does not match a street: (None, '1', 'Dauterive Court') https://osm.org/?mlat=30.026430463336165&mlon=-90.27868474498112&zoom=16
address does not match a street: (None, '7', 'Darbonne Court') https://osm.org/?mlat=30.030134756954002&mlon=-90.2776599159896&zoom=16
address does not match a street: (None, '9', 'Darbonne Court') https://osm.org/?mlat=30.030116754382373&mlon=-90.27744171263674&zoom=16
address does not match a street: (None, '3615', 'West Grand Lake Boulevard') https://osm.org/?mlat=30.02791345393753&mlon=-90.27879262058374&zoom=16
address does not match a street: (None, '3720', 'East Grand Lake Boulevard') https://osm.org/?mlat=30.030799137995782&mlon=-90.27585471258921&zoom=16
address does not match a street: (None, '3600', 'East Grand Lake Boulevard') https://osm.org/?mlat=30.026451776188903&mlon=-90.27619750856448&zoom=16
address does not match a street: (None, '3604', 'East Grand Lake Boulevard') https://osm.org/?mlat=30.026862041581293&mlon=-90.27622189315763&zoom=16
address does not match a street: (None, '3606', 'East Grand Lake Boulevard') https://osm.org/?mlat=30.027035077211885&mlon=-90.27620712845295&zoom=16
address does not match a street: (None, '3710', 'East Grand Lake Boulevard') https://osm.org/?mlat=30.02990644502288&mlon=-90.27592740033049&zoom=16
address does not match a street: (None, '3714', 'East Grand Lake Boulevard') https://osm.org/?mlat=30.03026374515467&mlon=-90.2758948746619&zoom=16
address does not match a street: (None, '19', 'Darbonne Court') https://osm.org/?mlat=30.030039383698597&mlon=-90.2763685243306&zoom=16
address does not match a street: (None, '17', 'Darbonne Court') https://osm.org/?mlat=30.030068580795724&mlon=-90.27657942435488&zoom=16
address does not match a street: (None, '13', 'Darbonne Court') https://osm.org/?mlat=30.030074504909248&mlon=-90.27700609188594&zoom=16
address does not match a street: (None, '11', 'Darbonne Court') https://osm.org/?mlat=30.030103729787466&mlon=-90.27722058351702&zoom=16
address does not match a street: (None, '3621', 'West Grand Lake Boulevard') https://osm.org/?mlat=30.02845537481315&mlon=-90.2787868889897&zoom=16
address does not match a street: (None, '3623', 'West Grand Lake Boulevard') https://osm.org/?mlat=30.02863091136891&mlon=-90.2787721010147&zoom=16
address does not match a street: (None, '3629', 'West Grand Lake Boulevard') https://osm.org/?mlat=30.02915080609187&mlon=-90.27874792458488&zoom=16
address does not match a street: (None, '3701', 'West Grand Lake Boulevard') https://osm.org/?mlat=30.029340346826945&mlon=-90.27876459749902&zoom=16
address does not match a street: (None, '3709', 'West Grand Lake Boulevard') https://osm.org/?mlat=30.029887973761536&mlon=-90.27876886274568&zoom=16
address does not match a street: (None, '3713', 'West Grand Lake Boulevard') https://osm.org/?mlat=30.030236626636803&mlon=-90.27874937035446&zoom=16
address does not match a street: (None, '3722', 'East Grand Lake Boulevard') https://osm.org/?mlat=30.030975224339283&mlon=-90.2758305742719&zoom=16
address does not match a street: (None, '22', 'Darbonne Court') https://osm.org/?mlat=30.030459583066115&mlon=-90.27630659800148&zoom=16
address does not match a street: (None, '16', 'Darbonne Court') https://osm.org/?mlat=30.03050808108105&mlon=-90.27689732965871&zoom=16
address does not match a street: (None, '8', 'Darbonne Court') https://osm.org/?mlat=30.030553371855397&mlon=-90.27771223803492&zoom=16
address does not match a street: (None, '2', 'Darbonne Court') https://osm.org/?mlat=30.030579987044188&mlon=-90.27830320241968&zoom=16
address does not match a street: (None, '3719', 'West Grand Lake Boulevard') https://osm.org/?mlat=30.030786518325442&mlon=-90.27872415758401&zoom=16
address does not match a street: (None, '3711', 'West Grand Lake Boulevard') https://osm.org/?mlat=30.03004952908619&mlon=-90.27872548714373&zoom=16
address does not match a street: (None, '3705', 'West Grand Lake Boulevard') https://osm.org/?mlat=30.029530443699922&mlon=-90.27877264426809&zoom=16
address does not match a street: (None, '3627', 'West Grand Lake Boulevard') https://osm.org/?mlat=30.028980293037723&mlon=-90.2787655326278&zoom=16
address does not match a street: (None, '13', 'Dauterive Court') https://osm.org/?mlat=30.026412487845455&mlon=-90.27745579728177&zoom=16
address does not match a street: (None, '5', 'Dauterive Court') https://osm.org/?mlat=30.02645184540851&mlon=-90.27823266135097&zoom=16
address does not match a street: (None, '3601', 'West Grand Lake Boulevard') https://osm.org/?mlat=30.02666567671139&mlon=-90.2788625684837&zoom=16
address does not match a street: (None, '21', 'Dauterive Court') https://osm.org/?mlat=30.02631741233319&mlon=-90.27659116406561&zoom=16
address does not match a street: (None, '12', 'Dauterive Court') https://osm.org/?mlat=30.026802841513547&mlon=-90.27741358959383&zoom=16
address does not match a street: (None, '6', 'Dauterive Court') https://osm.org/?mlat=30.02685128187692&mlon=-90.27799783509347&zoom=16
address does not match a street: (None, '3607', 'West Grand Lake Boulevard') https://osm.org/?mlat=30.027206964950004&mlon=-90.27877782276151&zoom=16
address does not match a street: (None, '5', 'Darbonne Court') https://osm.org/?mlat=30.03015033331844&mlon=-90.27788748401906&zoom=16
address does not match a street: (None, '3619', 'West Grand Lake Boulevard') https://osm.org/?mlat=30.0282709093128&mlon=-90.27877950124355&zoom=16
address does not match a street: (None, '3613', 'West Grand Lake Boulevard') https://osm.org/?mlat=30.027734637078822&mlon=-90.27878804616921&zoom=16
address does not match a street: (None, '17', 'Dauterive Court') https://osm.org/?mlat=30.026389562375194&mlon=-90.27701352242974&zoom=16
address does not match a street: (None, '16', 'Dauterive Court') https://osm.org/?mlat=30.026774699364218&mlon=-90.27702237238235&zoom=16
address does not match a street: (None, '15', 'Dauterive Court') https://osm.org/?mlat=30.026402565179527&mlon=-90.2772317694766&zoom=16
address does not match a street: (None, '9', 'Dauterive Court') https://osm.org/?mlat=30.026407201471816&mlon=-90.27781001173744&zoom=16
address does not match a street: (None, '12', 'Darbonne Court') https://osm.org/?mlat=30.030522575284966&mlon=-90.27730163666237&zoom=16
address does not match a street: (None, '23', 'Dauterive Court') https://osm.org/?mlat=30.026274562161987&mlon=-90.2763926292965&zoom=16
address does not match a street: (None, '3712', 'East Grand Lake Boulevard') https://osm.org/?mlat=30.030087710693497&mlon=-90.27592547794359&zoom=16
address does not match a street: (None, '15', 'Darbonne Court') https://osm.org/?mlat=30.030105961528463&mlon=-90.27679742211858&zoom=16
address does not match a street: (None, '3616', 'East Grand Lake Boulevard') https://osm.org/?mlat=30.02792769578288&mlon=-90.27612510739276&zoom=16
address does not match a street: (None, '3624', 'East Grand Lake Boulevard') https://osm.org/?mlat=30.028639599565906&mlon=-90.27603566239057&zoom=16
address does not match a street: (None, '3704', 'East Grand Lake Boulevard') https://osm.org/?mlat=30.029535515803264&mlon=-90.27597515639526&zoom=16
address does not match a street: (None, '3602', 'East Grand Lake Boulevard') https://osm.org/?mlat=30.026669196722676&mlon=-90.27618299076674&zoom=16
address does not match a street: (None, '3617', 'West Grand Lake Boulevard') https://osm.org/?mlat=30.028119491095335&mlon=-90.27876170570906&zoom=16
address does not match a street: (None, '3707', 'West Grand Lake Boulevard') https://osm.org/?mlat=30.02970110631066&mlon=-90.27877371334617&zoom=16
address does not match a street: (None, '3609', 'West Grand Lake Boulevard') https://osm.org/?mlat=30.02737713475022&mlon=-90.27879541879881&zoom=16
address does not match a street: (None, '3', 'Dauterive Court') https://osm.org/?mlat=30.02644489606342&mlon=-90.27845758532176&zoom=16
address does not match a street: (None, '3716', 'East Grand Lake Boulevard') https://osm.org/?mlat=30.030442510125578&mlon=-90.27589297873062&zoom=16
address does not match a street: (None, '34', 'Grand Bay Court') https://osm.org/?mlat=30.024347352959495&mlon=-90.27646980867611&zoom=16
address has no house number: (None, None, 'Grandlake') https://osm.org/?mlat=30.025935679013525&mlon=-90.27809804131594&zoom=16
address does not match a street: (None, None, 'Grandlake') https://osm.org/?mlat=30.025935679013525&mlon=-90.27809804131594&zoom=16
address has no house number: (None, None, 'Grandlake') https://osm.org/?mlat=30.025944669547187&mlon=-90.27867407929048&zoom=16
address does not match a street: (None, None, 'Grandlake') https://osm.org/?mlat=30.025944669547187&mlon=-90.27867407929048&zoom=16
