address has no house number: (None, None, 'Kings Road') https://osm.org/?mlat=29.88190504514841&mlon=-90.0486176024198&zoom=16
address does not match a street: (None, '148', 'Mason Street') https://osm.org/?mlat=29.886463892557412&mlon=-90.04667726197695&zoom=16
address does not match a street: (None, '150', 'Mason Street') https://osm.org/?mlat=29.886309813676593&mlon=-90.04671081199488&zoom=16
address does not match a street: (None, '154', 'Mason Street') https://osm.org/?mlat=29.886018629814853&mlon=-90.04672388970566&zoom=16
address does not match a street: (None, '146', 'Mason Street') https://osm.org/?mlat=29.88662912394842&mlon=-90.04669737177599&zoom=16
address does not match a street: (None, '128', 'Mason Street') https://osm.org/?mlat=29.88797237617496&mlon=-90.04655380125473&zoom=16
address does not match a street: (None, '134', 'Mason Street') https://osm.org/?mlat=29.88751105221551&mlon=-90.04662000732071&zoom=16
address does not match a street: (None, '138', 'Mason Street') https://osm.org/?mlat=29.887213998000227&mlon=-90.04660805293727&zoom=16
address does not match a street: (None, '142', 'Mason Street') https://osm.org/?mlat=29.88691745564291&mlon=-90.04671230780374&zoom=16
address does not match a street: (None, '152', 'Mason Street') https://osm.org/?mlat=29.886164422220524&mlon=-90.04673779335593&zoom=16
address does not match a street: (None, '124', 'Mason Street') https://osm.org/?mlat=29.88827496476436&mlon=-90.0465563584026&zoom=16
address does not match a street: (None, '126', 'Mason Street') https://osm.org/?mlat=29.88812644841664&mlon=-90.0465833807913&zoom=16
address does not match a street: (None, '140', 'Mason Street') https://osm.org/?mlat=29.887065755359654&mlon=-90.04666304965461&zoom=16
address does not match a street: (None, '144', 'Mason Street') https://osm.org/?mlat=29.886768854642916&mlon=-90.04666687557122&zoom=16
address does not match a street: (None, '132', 'Mason Street') https://osm.org/?mlat=29.887670097323518&mlon=-90.04658280512159&zoom=16
address does not match a street: (None, '1551', 'Central Park Boulevard') https://osm.org/?mlat=29.884665866119448&mlon=-90.05062886424747&zoom=16
address does not match a street: (None, '136', 'Mason Street') https://osm.org/?mlat=29.8873707244427&mlon=-90.04665338057764&zoom=16
address has no house number: (None, None, '35th Street') https://osm.org/?mlat=29.885232602413392&mlon=-90.04714124049825&zoom=16
address does not match a street: (None, '1499', 'Central Park Boulevard') https://osm.org/?mlat=29.88481869425715&mlon=-90.04977768584392&zoom=16
address does not match a street: (None, '1499', 'Central Park Boulevard') https://osm.org/?mlat=29.885203930827597&mlon=-90.04932746165416&zoom=16
address does not match a street: (None, '1499', 'Central Park Boulevard') https://osm.org/?mlat=29.885257313291934&mlon=-90.04925712704281&zoom=16
address does not match a street: (None, '1499', 'Central Park Boulevard') https://osm.org/?mlat=29.88526584193927&mlon=-90.04936659344418&zoom=16
address does not match a street: (None, '1499', 'Central Park Boulevard') https://osm.org/?mlat=29.8852967209593&mlon=-90.04935078699002&zoom=16
address does not match a street: (None, '1499', 'Central Park Boulevard') https://osm.org/?mlat=29.88528624438819&mlon=-90.04937797380407&zoom=16
address does not match a street: (None, '1499', 'Central Park Boulevard') https://osm.org/?mlat=29.88527691237841&mlon=-90.04933905732638&zoom=16
address does not match a street: (None, '1499', 'Central Park Boulevard') https://osm.org/?mlat=29.885311791027505&mlon=-90.0493050504589&zoom=16
address does not match a street: (None, '1499', 'Central Park Boulevard') https://osm.org/?mlat=29.885294654692146&mlon=-90.04929191664637&zoom=16
address does not match a street: (None, '1499', 'Central Park Boulevard') https://osm.org/?mlat=29.885258991796704&mlon=-90.04939852736972&zoom=16
address does not match a street: (None, '1499', 'Central Park Boulevard') https://osm.org/?mlat=29.885278191606936&mlon=-90.04940889611447&zoom=16
address does not match a street: (None, '1499', 'Central Park Boulevard') https://osm.org/?mlat=29.885318893168368&mlon=-90.04936009042216&zoom=16
address does not match a street: (None, '1499', 'Central Park Boulevard') https://osm.org/?mlat=29.885329823181138&mlon=-90.04931817379158&zoom=16
address does not match a street: (None, '1499', 'Central Park Boulevard') https://osm.org/?mlat=29.885299491393152&mlon=-90.04942060661756&zoom=16
address does not match a street: (None, '1499', 'Central Park Boulevard') https://osm.org/?mlat=29.885308161448908&mlon=-90.04939173157013&zoom=16
address does not match a street: (None, '1499', 'Central Park Boulevard') https://osm.org/?mlat=29.88343328783789&mlon=-90.05030410346872&zoom=16
address does not match a street: (None, '1499', 'Central Park Boulevard') https://osm.org/?mlat=29.883462741314936&mlon=-90.0503256402449&zoom=16
address does not match a street: (None, '1499', 'Central Park Boulevard') https://osm.org/?mlat=29.883474287983617&mlon=-90.05028577071205&zoom=16
address does not match a street: (None, '1499', 'Central Park Boulevard') https://osm.org/?mlat=29.883427463132882&mlon=-90.05025760936574&zoom=16
address does not match a street: (None, '1499', 'Central Park Boulevard') https://osm.org/?mlat=29.883446121562173&mlon=-90.05027380577233&zoom=16
address does not match a street: (None, '1499', 'Central Park Boulevard') https://osm.org/?mlat=29.883411848163945&mlon=-90.05024753728647&zoom=16
address does not match a street: (None, '1499', 'Central Park Boulevard') https://osm.org/?mlat=29.88348118086832&mlon=-90.05025828783786&zoom=16
address does not match a street: (None, '1499', 'Central Park Boulevard') https://osm.org/?mlat=29.883433262731888&mlon=-90.05024041328095&zoom=16
address does not match a street: (None, '1499', 'Central Park Boulevard') https://osm.org/?mlat=29.883420028106&mlon=-90.05022962625092&zoom=16
address does not match a street: (None, '1499', 'Central Park Boulevard') https://osm.org/?mlat=29.88345125803578&mlon=-90.05024976937344&zoom=16
address does not match a street: (None, '1499', 'Central Park Boulevard') https://osm.org/?mlat=29.883490480831384&mlon=-90.0502328302325&zoom=16
address does not match a street: (None, '1499', 'Central Park Boulevard') https://osm.org/?mlat=29.883447303317443&mlon=-90.05021146983427&zoom=16
address does not match a street: (None, '1499', 'Central Park Boulevard') https://osm.org/?mlat=29.883428174637963&mlon=-90.05020829174376&zoom=16
address does not match a street: (None, '1499', 'Central Park Boulevard') https://osm.org/?mlat=29.883461751508115&mlon=-90.05022429643817&zoom=16
address does not match a street: (None, '1499', 'Central Park Boulevard') https://osm.org/?mlat=29.883226784319714&mlon=-90.04890382804453&zoom=16
address does not match a street: (None, '1499', 'Central Park Boulevard') https://osm.org/?mlat=29.88319668431243&mlon=-90.04890175006939&zoom=16
address does not match a street: (None, '1499', 'Central Park Boulevard') https://osm.org/?mlat=29.88318278336575&mlon=-90.04879838286824&zoom=16
address does not match a street: (None, '1499', 'Central Park Boulevard') https://osm.org/?mlat=29.882903039298192&mlon=-90.04984577120206&zoom=16
address does not match a street: (None, '1499', 'Central Park Boulevard') https://osm.org/?mlat=29.882880029082127&mlon=-90.04983620532862&zoom=16
address does not match a street: (None, '1499', 'Central Park Boulevard') https://osm.org/?mlat=29.88292759438262&mlon=-90.04986682299491&zoom=16
address does not match a street: (None, '1499', 'Central Park Boulevard') https://osm.org/?mlat=29.88292826008262&mlon=-90.04983722949768&zoom=16
address does not match a street: (None, '1499', 'Central Park Boulevard') https://osm.org/?mlat=29.88294945674999&mlon=-90.04985668033592&zoom=16
address does not match a street: (None, '1499', 'Central Park Boulevard') https://osm.org/?mlat=29.88288702972899&mlon=-90.04981967927166&zoom=16
address does not match a street: (None, '1499', 'Central Park Boulevard') https://osm.org/?mlat=29.882908082027907&mlon=-90.04982434000424&zoom=16
address does not match a street: (None, '1499', 'Central Park Boulevard') https://osm.org/?mlat=29.8824796918636&mlon=-90.04951756346304&zoom=16
address does not match a street: (None, '1499', 'Central Park Boulevard') https://osm.org/?mlat=29.88256709285445&mlon=-90.04964299657406&zoom=16
address does not match a street: (None, '1499', 'Central Park Boulevard') https://osm.org/?mlat=29.882520784268173&mlon=-90.04974111258583&zoom=16
address does not match a street: (None, '1499', 'Central Park Boulevard') https://osm.org/?mlat=29.882543943926752&mlon=-90.04969260325244&zoom=16
address does not match a street: (None, '1499', 'Central Park Boulevard') https://osm.org/?mlat=29.882542228977137&mlon=-90.04963920695613&zoom=16
address does not match a street: (None, '1499', 'Central Park Boulevard') https://osm.org/?mlat=29.882427231139715&mlon=-90.04962123755092&zoom=16
address does not match a street: (None, '1499', 'Central Park Boulevard') https://osm.org/?mlat=29.882442172735225&mlon=-90.04968459764405&zoom=16
address does not match a street: (None, '1499', 'Central Park Boulevard') https://osm.org/?mlat=29.88249184324393&mlon=-90.04958863027336&zoom=16
address does not match a street: (None, '1499', 'Central Park Boulevard') https://osm.org/?mlat=29.88254809974132&mlon=-90.04958023722564&zoom=16
address does not match a street: (None, '1499', 'Central Park Boulevard') https://osm.org/?mlat=29.882521416258584&mlon=-90.04968357790433&zoom=16
address does not match a street: (None, '1499', 'Central Park Boulevard') https://osm.org/?mlat=29.883185518202364&mlon=-90.04885833875551&zoom=16
address does not match a street: (None, '1499', 'Central Park Boulevard') https://osm.org/?mlat=29.88315284202546&mlon=-90.04888587997947&zoom=16
address does not match a street: (None, '1499', 'Central Park Boulevard') https://osm.org/?mlat=29.88319316186436&mlon=-90.04883440779189&zoom=16
address does not match a street: (None, '1499', 'Central Park Boulevard') https://osm.org/?mlat=29.883228661244516&mlon=-90.04880272196573&zoom=16
address does not match a street: (None, '1499', 'Central Park Boulevard') https://osm.org/?mlat=29.883200122246272&mlon=-90.04881377283931&zoom=16
address does not match a street: (None, '1499', 'Central Park Boulevard') https://osm.org/?mlat=29.883161910236748&mlon=-90.04886110863607&zoom=16
address does not match a street: (None, '1499', 'Central Park Boulevard') https://osm.org/?mlat=29.883166046515502&mlon=-90.04884461930942&zoom=16
address does not match a street: (None, '1499', 'Central Park Boulevard') https://osm.org/?mlat=29.883188335248246&mlon=-90.04878023119447&zoom=16
address does not match a street: (None, '1499', 'Central Park Boulevard') https://osm.org/?mlat=29.88322169283459&mlon=-90.04882253496304&zoom=16
address does not match a street: (None, '1499', 'Central Park Boulevard') https://osm.org/?mlat=29.883235659888285&mlon=-90.04885933580628&zoom=16
address does not match a street: (None, '1499', 'Central Park Boulevard') https://osm.org/?mlat=29.883230912574433&mlon=-90.04888651674692&zoom=16
address does not match a street: (None, '1499', 'Central Park Boulevard') https://osm.org/?mlat=29.883239079879875&mlon=-90.0488428556816&zoom=16
address does not match a street: (None, '1499', 'Central Park Boulevard') https://osm.org/?mlat=29.88324393957077&mlon=-90.04882717910077&zoom=16
address does not match a street: (None, '1499', 'Central Park Boulevard') https://osm.org/?mlat=29.883330835198073&mlon=-90.047899061558&zoom=16
address does not match a street: (None, '1499', 'Central Park Boulevard') https://osm.org/?mlat=29.883256461231692&mlon=-90.04790988171614&zoom=16
address does not match a street: (None, '1499', 'Central Park Boulevard') https://osm.org/?mlat=29.883325621730503&mlon=-90.04795172641268&zoom=16
address does not match a street: (None, '1499', 'Central Park Boulevard') https://osm.org/?mlat=29.883280936291925&mlon=-90.04792271555428&zoom=16
address does not match a street: (None, '1499', 'Central Park Boulevard') https://osm.org/?mlat=29.88256631898126&mlon=-90.04958822048336&zoom=16
address does not match a street: (None, '1499', 'Central Park Boulevard') https://osm.org/?mlat=29.88250127028558&mlon=-90.04967397631877&zoom=16
address does not match a street: (None, '1499', 'Central Park Boulevard') https://osm.org/?mlat=29.88240760925974&mlon=-90.0496653187784&zoom=16
address does not match a street: (None, '1499', 'Central Park Boulevard') https://osm.org/?mlat=29.88246944270183&mlon=-90.04964151347137&zoom=16
address does not match a street: (None, '1499', 'Central Park Boulevard') https://osm.org/?mlat=29.882497895969045&mlon=-90.04952390381536&zoom=16
address does not match a street: (None, '1499', 'Central Park Boulevard') https://osm.org/?mlat=29.882424900788177&mlon=-90.04967605347157&zoom=16
address does not match a street: (None, '1499', 'Central Park Boulevard') https://osm.org/?mlat=29.882480629777188&mlon=-90.04971149729627&zoom=16
address does not match a street: (None, '1499', 'Central Park Boulevard') https://osm.org/?mlat=29.882523746623335&mlon=-90.04962876296607&zoom=16
address does not match a street: (None, '1499', 'Central Park Boulevard') https://osm.org/?mlat=29.882472684693738&mlon=-90.04958230218038&zoom=16
address does not match a street: (None, '1499', 'Central Park Boulevard') https://osm.org/?mlat=29.882515188421092&mlon=-90.0495346395174&zoom=16
address does not match a street: (None, '1499', 'Central Park Boulevard') https://osm.org/?mlat=29.88249964106313&mlon=-90.04972714018253&zoom=16
address does not match a street: (None, '1499', 'Central Park Boulevard') https://osm.org/?mlat=29.882446464548142&mlon=-90.04963523343861&zoom=16
address does not match a street: (None, '1499', 'Central Park Boulevard') https://osm.org/?mlat=29.882588382793294&mlon=-90.04959862049701&zoom=16
address does not match a street: (None, '1499', 'Central Park Boulevard') https://osm.org/?mlat=29.882451552165076&mlon=-90.04956942506816&zoom=16
address does not match a street: (None, '1499', 'Central Park Boulevard') https://osm.org/?mlat=29.88277218821095&mlon=-90.04887160091177&zoom=16
address does not match a street: (None, '1499', 'Central Park Boulevard') https://osm.org/?mlat=29.88278804636416&mlon=-90.04888208061539&zoom=16
address does not match a street: (None, '1499', 'Central Park Boulevard') https://osm.org/?mlat=29.882756748364486&mlon=-90.0489038505996&zoom=16
address does not match a street: (None, '1499', 'Central Park Boulevard') https://osm.org/?mlat=29.883372624265327&mlon=-90.04792482247471&zoom=16
address does not match a street: (None, '1499', 'Central Park Boulevard') https://osm.org/?mlat=29.883238390325854&mlon=-90.04796599823203&zoom=16
address does not match a street: (None, '1499', 'Central Park Boulevard') https://osm.org/?mlat=29.883324912089808&mlon=-90.04802569975948&zoom=16
address does not match a street: (None, '1499', 'Central Park Boulevard') https://osm.org/?mlat=29.88330634406448&mlon=-90.04788458379416&zoom=16
address does not match a street: (None, '1499', 'Central Park Boulevard') https://osm.org/?mlat=29.883304717788874&mlon=-90.04801116665581&zoom=16
address does not match a street: (None, '1499', 'Central Park Boulevard') https://osm.org/?mlat=29.883254497557427&mlon=-90.04785566619658&zoom=16
address does not match a street: (None, '1499', 'Central Park Boulevard') https://osm.org/?mlat=29.883303994847765&mlon=-90.04793721176529&zoom=16
address does not match a street: (None, '1499', 'Central Park Boulevard') https://osm.org/?mlat=29.883279036888144&mlon=-90.04787507364944&zoom=16
address does not match a street: (None, '1499', 'Central Park Boulevard') https://osm.org/?mlat=29.88334583209801&mlon=-90.04796790239796&zoom=16
address does not match a street: (None, '1499', 'Central Park Boulevard') https://osm.org/?mlat=29.88323628298883&mlon=-90.04789699256982&zoom=16
address does not match a street: (None, '1499', 'Central Park Boulevard') https://osm.org/?mlat=29.883264280992233&mlon=-90.0479771707631&zoom=16
address does not match a street: (None, '1499', 'Central Park Boulevard') https://osm.org/?mlat=29.88328452348629&mlon=-90.04799663355797&zoom=16
address does not match a street: (None, '1499', 'Central Park Boulevard') https://osm.org/?mlat=29.883348133134692&mlon=-90.04791034469844&zoom=16
address does not match a street: (None, '1499', 'Central Park Boulevard') https://osm.org/?mlat=29.883215283582036&mlon=-90.0479465723234&zoom=16
address does not match a street: (None, '1499', 'Central Park Boulevard') https://osm.org/?mlat=29.88322023907871&mlon=-90.04801389821459&zoom=16
address does not match a street: (None, '1499', 'Central Park Boulevard') https://osm.org/?mlat=29.883292359271348&mlon=-90.04806556655556&zoom=16
address does not match a street: (None, '1499', 'Central Park Boulevard') https://osm.org/?mlat=29.883190003407517&mlon=-90.04799785128957&zoom=16
address does not match a street: (None, '1499', 'Central Park Boulevard') https://osm.org/?mlat=29.882764456249753&mlon=-90.04888649333726&zoom=16
address does not match a street: (None, '1499', 'Central Park Boulevard') https://osm.org/?mlat=29.88274622438581&mlon=-90.04892617437997&zoom=16
address does not match a street: (None, '1499', 'Central Park Boulevard') https://osm.org/?mlat=29.882762757784466&mlon=-90.04893253613194&zoom=16
address does not match a street: (None, '1499', 'Central Park Boulevard') https://osm.org/?mlat=29.882829487269046&mlon=-90.0489456487074&zoom=16
address does not match a street: (None, '1499', 'Central Park Boulevard') https://osm.org/?mlat=29.882801755655837&mlon=-90.04889258796379&zoom=16
address does not match a street: (None, '1499', 'Central Park Boulevard') https://osm.org/?mlat=29.88280094915959&mlon=-90.0489566994844&zoom=16
address does not match a street: (None, '1499', 'Central Park Boulevard') https://osm.org/?mlat=29.88281424909956&mlon=-90.04892530041349&zoom=16
address does not match a street: (None, '1499', 'Central Park Boulevard') https://osm.org/?mlat=29.882808705215677&mlon=-90.04894427293455&zoom=16
address does not match a street: (None, '1499', 'Central Park Boulevard') https://osm.org/?mlat=29.882853784751184&mlon=-90.04894040587101&zoom=16
address does not match a street: (None, '1499', 'Central Park Boulevard') https://osm.org/?mlat=29.88283366369374&mlon=-90.04893326819773&zoom=16
address does not match a street: (None, '1499', 'Central Park Boulevard') https://osm.org/?mlat=29.882841403689326&mlon=-90.04891919772433&zoom=16
address does not match a street: (None, '1499', 'Central Park Boulevard') https://osm.org/?mlat=29.882774978315478&mlon=-90.04893731027404&zoom=16
address does not match a street: (None, '1499', 'Central Park Boulevard') https://osm.org/?mlat=29.882859400865993&mlon=-90.04892882786628&zoom=16
address does not match a street: (None, '1499', 'Central Park Boulevard') https://osm.org/?mlat=29.88282341363889&mlon=-90.04891038955618&zoom=16
address does not match a street: (None, '1499', 'Central Park Boulevard') https://osm.org/?mlat=29.882771866140747&mlon=-90.04891187364561&zoom=16
address does not match a street: (None, '1499', 'Central Park Boulevard') https://osm.org/?mlat=29.882839784578366&mlon=-90.04897345808324&zoom=16
address does not match a street: (None, '1499', 'Central Park Boulevard') https://osm.org/?mlat=29.88277743409775&mlon=-90.04889536596941&zoom=16
address does not match a street: (None, '1499', 'Central Park Boulevard') https://osm.org/?mlat=29.883249074302825&mlon=-90.04803325040265&zoom=16
address does not match a street: (None, '1499', 'Central Park Boulevard') https://osm.org/?mlat=29.88330870273593&mlon=-90.04807686097048&zoom=16
address does not match a street: (None, '1499', 'Central Park Boulevard') https://osm.org/?mlat=29.883269300729612&mlon=-90.04805107031657&zoom=16
address does not match a street: (None, '1499', 'Central Park Boulevard') https://osm.org/?mlat=29.883731309629308&mlon=-90.04832892269283&zoom=16
address does not match a street: (None, '1499', 'Central Park Boulevard') https://osm.org/?mlat=29.883661174300183&mlon=-90.04828489930898&zoom=16
address does not match a street: (None, '1499', 'Central Park Boulevard') https://osm.org/?mlat=29.88368230695166&mlon=-90.04829777630539&zoom=16
address does not match a street: (None, '1499', 'Central Park Boulevard') https://osm.org/?mlat=29.883704416369355&mlon=-90.04831283257649&zoom=16
address does not match a street: (None, '1499', 'Central Park Boulevard') https://osm.org/?mlat=29.88371381691811&mlon=-90.04819984996843&zoom=16
address does not match a street: (None, '1499', 'Central Park Boulevard') https://osm.org/?mlat=29.883675142175406&mlon=-90.04824855990107&zoom=16
address does not match a street: (None, '1499', 'Central Park Boulevard') https://osm.org/?mlat=29.88369363870477&mlon=-90.04818696070444&zoom=16
address does not match a street: (None, '1499', 'Central Park Boulevard') https://osm.org/?mlat=29.883764729416136&mlon=-90.04823097173839&zoom=16
address does not match a street: (None, '1499', 'Central Park Boulevard') https://osm.org/?mlat=29.883701016749953&mlon=-90.0482580886226&zoom=16
address does not match a street: (None, '1499', 'Central Park Boulevard') https://osm.org/?mlat=29.88371738696781&mlon=-90.04827212231169&zoom=16
address does not match a street: (None, '1499', 'Central Park Boulevard') https://osm.org/?mlat=29.883741373161364&mlon=-90.04828386718634&zoom=16
address does not match a street: (None, '1499', 'Central Park Boulevard') https://osm.org/?mlat=29.88373341454899&mlon=-90.0482510971838&zoom=16
address does not match a street: (None, '1499', 'Central Park Boulevard') https://osm.org/?mlat=29.883688177914475&mlon=-90.0482144243189&zoom=16
address does not match a street: (None, '1499', 'Central Park Boulevard') https://osm.org/?mlat=29.88278338644388&mlon=-90.048918300916&zoom=16
address does not match a street: (None, '1499', 'Central Park Boulevard') https://osm.org/?mlat=29.882789726872947&mlon=-90.04890753566286&zoom=16
address does not match a street: (None, '1499', 'Central Park Boulevard') https://osm.org/?mlat=29.882823178942356&mlon=-90.04895970076191&zoom=16
address does not match a street: (None, '1499', 'Central Park Boulevard') https://osm.org/?mlat=29.882846028695525&mlon=-90.04895283242676&zoom=16
address does not match a street: (None, '1499', 'Central Park Boulevard') https://osm.org/?mlat=29.883739809287487&mlon=-90.04822143073389&zoom=16
address does not match a street: (None, '1499', 'Central Park Boulevard') https://osm.org/?mlat=29.8837517150813&mlon=-90.04826729787428&zoom=16
address does not match a street: (None, '1499', 'Central Park Boulevard') https://osm.org/?mlat=29.883712196226874&mlon=-90.04822945496956&zoom=16
address does not match a street: (None, '1499', 'Central Park Boulevard') https://osm.org/?mlat=29.883770307991654&mlon=-90.04821555912517&zoom=16
address does not match a street: (None, '1499', 'Central Park Boulevard') https://osm.org/?mlat=29.88372963031637&mlon=-90.04815691229078&zoom=16
address does not match a street: (None, '1499', 'Central Park Boulevard') https://osm.org/?mlat=29.883785326669578&mlon=-90.04818906787621&zoom=16
address does not match a street: (None, '1499', 'Central Park Boulevard') https://osm.org/?mlat=29.88375269419771&mlon=-90.04817195625346&zoom=16
address does not match a street: (None, '1499', 'Central Park Boulevard') https://osm.org/?mlat=29.883704678056482&mlon=-90.04814408447989&zoom=16
address does not match a street: (None, '1499', 'Central Park Boulevard') https://osm.org/?mlat=29.88372705519726&mlon=-90.04818653061676&zoom=16
address does not match a street: (None, '1499', 'Central Park Boulevard') https://osm.org/?mlat=29.883747233410602&mlon=-90.04819941988497&zoom=16
address does not match a street: (None, '1499', 'Central Park Boulevard') https://osm.org/?mlat=29.883704870809748&mlon=-90.04816380544935&zoom=16
address does not match a street: (None, '1499', 'Central Park Boulevard') https://osm.org/?mlat=29.884081461129384&mlon=-90.0485376097205&zoom=16
address does not match a street: (None, '1499', 'Central Park Boulevard') https://osm.org/?mlat=29.88404995913385&mlon=-90.04855068470069&zoom=16
address does not match a street: (None, '1499', 'Central Park Boulevard') https://osm.org/?mlat=29.884110776819913&mlon=-90.04854510743074&zoom=16
address does not match a street: (None, '1499', 'Central Park Boulevard') https://osm.org/?mlat=29.88402152405615&mlon=-90.04854180485259&zoom=16
address does not match a street: (None, '1499', 'Central Park Boulevard') https://osm.org/?mlat=29.884025510208556&mlon=-90.04852223608539&zoom=16
address does not match a street: (None, '1499', 'Central Park Boulevard') https://osm.org/?mlat=29.884073165905797&mlon=-90.04857435561622&zoom=16
address does not match a street: (None, '1499', 'Central Park Boulevard') https://osm.org/?mlat=29.884106478688825&mlon=-90.04856331148741&zoom=16
address does not match a street: (None, '1499', 'Central Park Boulevard') https://osm.org/?mlat=29.884055142136198&mlon=-90.04853144219553&zoom=16
address does not match a street: (None, '1499', 'Central Park Boulevard') https://osm.org/?mlat=29.884045650055658&mlon=-90.04856786077914&zoom=16
address does not match a street: (None, '1499', 'Central Park Boulevard') https://osm.org/?mlat=29.884016900557814&mlon=-90.04855727353048&zoom=16
address does not match a street: (None, '1499', 'Central Park Boulevard') https://osm.org/?mlat=29.884078339779524&mlon=-90.04855408615262&zoom=16
address does not match a street: (None, '1499', 'Central Park Boulevard') https://osm.org/?mlat=29.884101888648175&mlon=-90.04858220470388&zoom=16
address does not match a street: (None, '1499', 'Central Park Boulevard') https://osm.org/?mlat=29.884046595158164&mlon=-90.04842026494211&zoom=16
address does not match a street: (None, '1499', 'Central Park Boulevard') https://osm.org/?mlat=29.884122357260136&mlon=-90.04847818624498&zoom=16
address does not match a street: (None, '1499', 'Central Park Boulevard') https://osm.org/?mlat=29.884088413875606&mlon=-90.04851629029122&zoom=16
address does not match a street: (None, '1499', 'Central Park Boulevard') https://osm.org/?mlat=29.884086390649916&mlon=-90.0484313943835&zoom=16
address does not match a street: (None, '1499', 'Central Park Boulevard') https://osm.org/?mlat=29.88406365888035&mlon=-90.04842586613042&zoom=16
address does not match a street: (None, '1499', 'Central Park Boulevard') https://osm.org/?mlat=29.884114510409823&mlon=-90.04843856682018&zoom=16
address does not match a street: (None, '1499', 'Central Park Boulevard') https://osm.org/?mlat=29.88403215520658&mlon=-90.04849989251926&zoom=16
address does not match a street: (None, '1499', 'Central Park Boulevard') https://osm.org/?mlat=29.884117401762882&mlon=-90.04852071099425&zoom=16
address does not match a street: (None, '1499', 'Central Park Boulevard') https://osm.org/?mlat=29.884039480986605&mlon=-90.04845562482727&zoom=16
address does not match a street: (None, '1499', 'Central Park Boulevard') https://osm.org/?mlat=29.88406297640612&mlon=-90.0485087416534&zoom=16
address does not match a street: (None, '1499', 'Central Park Boulevard') https://osm.org/?mlat=29.88409484810204&mlon=-90.04847237675055&zoom=16
address does not match a street: (None, '1499', 'Central Park Boulevard') https://osm.org/?mlat=29.884069397246765&mlon=-90.04846345852035&zoom=16
address does not match a street: (None, '1499', 'Central Park Boulevard') https://osm.org/?mlat=29.883877919161403&mlon=-90.04875390080883&zoom=16
address does not match a street: (None, '1499', 'Central Park Boulevard') https://osm.org/?mlat=29.88388586785066&mlon=-90.04878557562094&zoom=16
address does not match a street: (None, '1499', 'Central Park Boulevard') https://osm.org/?mlat=29.88391519313657&mlon=-90.04877567828571&zoom=16
address does not match a street: (None, '1499', 'Central Park Boulevard') https://osm.org/?mlat=29.883932377712345&mlon=-90.04878155337659&zoom=16
address does not match a street: (None, '1499', 'Central Park Boulevard') https://osm.org/?mlat=29.883868575350306&mlon=-90.04877484093645&zoom=16
address does not match a street: (None, '1499', 'Central Park Boulevard') https://osm.org/?mlat=29.883916910668578&mlon=-90.04882311577585&zoom=16
address does not match a street: (None, '1499', 'Central Park Boulevard') https://osm.org/?mlat=29.883879377559683&mlon=-90.04880538156385&zoom=16
address does not match a street: (None, '1499', 'Central Park Boulevard') https://osm.org/?mlat=29.88386206365119&mlon=-90.04879245530913&zoom=16
address does not match a street: (None, '1499', 'Central Park Boulevard') https://osm.org/?mlat=29.883926610393647&mlon=-90.04880203439735&zoom=16
address does not match a street: (None, '1499', 'Central Park Boulevard') https://osm.org/?mlat=29.883895182233207&mlon=-90.04876162299024&zoom=16
address does not match a street: (None, '1499', 'Central Park Boulevard') https://osm.org/?mlat=29.8839070111523&mlon=-90.04879954801885&zoom=16
address does not match a street: (None, '1499', 'Central Park Boulevard') https://osm.org/?mlat=29.88389994797137&mlon=-90.04881566305144&zoom=16
address does not match a street: (None, '1499', 'Central Park Boulevard') https://osm.org/?mlat=29.88386188474888&mlon=-90.048841285907&zoom=16
address does not match a street: (None, '1499', 'Central Park Boulevard') https://osm.org/?mlat=29.883834807090125&mlon=-90.04884916746195&zoom=16
address does not match a street: (None, '1499', 'Central Park Boulevard') https://osm.org/?mlat=29.88388138230724&mlon=-90.04885165056994&zoom=16
address does not match a street: (None, '1499', 'Central Park Boulevard') https://osm.org/?mlat=29.88389877625315&mlon=-90.0488606714891&zoom=16
address does not match a street: (None, '1499', 'Central Park Boulevard') https://osm.org/?mlat=29.883872736743918&mlon=-90.04882197052676&zoom=16
address does not match a street: (None, '1499', 'Central Park Boulevard') https://osm.org/?mlat=29.88387290548307&mlon=-90.04886990728917&zoom=16
address does not match a street: (None, '1499', 'Central Park Boulevard') https://osm.org/?mlat=29.883853826367492&mlon=-90.04881057228178&zoom=16
address does not match a street: (None, '1499', 'Central Park Boulevard') https://osm.org/?mlat=29.883909333907425&mlon=-90.04884170362773&zoom=16
address does not match a street: (None, '1499', 'Central Park Boulevard') https://osm.org/?mlat=29.88385250724638&mlon=-90.0488588708766&zoom=16
address does not match a street: (None, '1499', 'Central Park Boulevard') https://osm.org/?mlat=29.88389030034&mlon=-90.04887892923435&zoom=16
address does not match a street: (None, '1499', 'Central Park Boulevard') https://osm.org/?mlat=29.88384151570375&mlon=-90.04883333033668&zoom=16
address does not match a street: (None, '1499', 'Central Park Boulevard') https://osm.org/?mlat=29.88389105083531&mlon=-90.04883337851743&zoom=16
address does not match a street: (None, '1499', 'Central Park Boulevard') https://osm.org/?mlat=29.88424452102454&mlon=-90.04897299043802&zoom=16
address does not match a street: (None, '1499', 'Central Park Boulevard') https://osm.org/?mlat=29.884274788677644&mlon=-90.04899232467505&zoom=16
address does not match a street: (None, '1499', 'Central Park Boulevard') https://osm.org/?mlat=29.884236112899774&mlon=-90.04899200110485&zoom=16
address does not match a street: (None, '1499', 'Central Park Boulevard') https://osm.org/?mlat=29.884229853632593&mlon=-90.04901098412908&zoom=16
address does not match a street: (None, '1499', 'Central Park Boulevard') https://osm.org/?mlat=29.884255583676843&mlon=-90.04900572177353&zoom=16
address does not match a street: (None, '1499', 'Central Park Boulevard') https://osm.org/?mlat=29.88426869796859&mlon=-90.04902856494786&zoom=16
address does not match a street: (None, '1499', 'Central Park Boulevard') https://osm.org/?mlat=29.884288699523317&mlon=-90.04902337627587&zoom=16
address does not match a street: (None, '1499', 'Central Park Boulevard') https://osm.org/?mlat=29.88428456413492&mlon=-90.04903986680412&zoom=16
address does not match a street: (None, '1499', 'Central Park Boulevard') https://osm.org/?mlat=29.884259686956277&mlon=-90.04898594440185&zoom=16
address does not match a street: (None, '1499', 'Central Park Boulevard') https://osm.org/?mlat=29.88425144829066&mlon=-90.04902221229709&zoom=16
address does not match a street: (None, '1499', 'Central Park Boulevard') https://osm.org/?mlat=29.88427070145436&mlon=-90.04901374599064&zoom=16
address does not match a street: (None, '1499', 'Central Park Boulevard') https://osm.org/?mlat=29.88429781500865&mlon=-90.04900353442927&zoom=16
address does not match a street: (None, '1499', 'Central Park Boulevard') https://osm.org/?mlat=29.884268351775866&mlon=-90.04906637340824&zoom=16
address does not match a street: (None, '1499', 'Central Park Boulevard') https://osm.org/?mlat=29.88421649840815&mlon=-90.0490366329367&zoom=16
address does not match a street: (None, '1499', 'Central Park Boulevard') https://osm.org/?mlat=29.884232364573958&mlon=-90.0490479347884&zoom=16
address does not match a street: (None, '1499', 'Central Park Boulevard') https://osm.org/?mlat=29.884211244334995&mlon=-90.04908518731328&zoom=16
address does not match a street: (None, '1499', 'Central Park Boulevard') https://osm.org/?mlat=29.884239058145717&mlon=-90.04907332469453&zoom=16
address does not match a street: (None, '1499', 'Central Park Boulevard') https://osm.org/?mlat=29.88424889796383&mlon=-90.0490542966552&zoom=16
address does not match a street: (None, '1499', 'Central Park Boulevard') https://osm.org/?mlat=29.884207398062085&mlon=-90.04905811768066&zoom=16
address does not match a street: (None, '1499', 'Central Park Boulevard') https://osm.org/?mlat=29.88419398663157&mlon=-90.04907801268641&zoom=16
address does not match a street: (None, '1499', 'Central Park Boulevard') https://osm.org/?mlat=29.884259944529617&mlon=-90.04908538302489&zoom=16
address does not match a street: (None, '1499', 'Central Park Boulevard') https://osm.org/?mlat=29.884250844165443&mlon=-90.04910686673848&zoom=16
address does not match a street: (None, '1499', 'Central Park Boulevard') https://osm.org/?mlat=29.884223248169576&mlon=-90.04906777559427&zoom=16
address does not match a street: (None, '1499', 'Central Park Boulevard') https://osm.org/?mlat=29.88423357041738&mlon=-90.0490980491997&zoom=16
address does not match a street: (None, '1499', 'Central Park Boulevard') https://osm.org/?mlat=29.88306922662231&mlon=-90.04924581236492&zoom=16
address does not match a street: (None, '1499', 'Central Park Boulevard') https://osm.org/?mlat=29.88308645863684&mlon=-90.04920758220622&zoom=16
address does not match a street: (None, '1499', 'Central Park Boulevard') https://osm.org/?mlat=29.883094786570783&mlon=-90.04917426019475&zoom=16
address does not match a street: (None, '1499', 'Central Park Boulevard') https://osm.org/?mlat=29.883077426486132&mlon=-90.04922995517552&zoom=16
address does not match a street: (None, '1499', 'Central Park Boulevard') https://osm.org/?mlat=29.883100523578452&mlon=-90.04927280305844&zoom=16
address does not match a street: (None, '1499', 'Central Park Boulevard') https://osm.org/?mlat=29.883106882178037&mlon=-90.04919054074716&zoom=16
address does not match a street: (None, '1499', 'Central Park Boulevard') https://osm.org/?mlat=29.88309762923527&mlon=-90.04922079243389&zoom=16
address does not match a street: (None, '1499', 'Central Park Boulevard') https://osm.org/?mlat=29.88309066878934&mlon=-90.04924142733692&zoom=16
address does not match a street: (None, '1499', 'Central Park Boulevard') https://osm.org/?mlat=29.883126149507024&mlon=-90.04920809780037&zoom=16
address does not match a street: (None, '1499', 'Central Park Boulevard') https://osm.org/?mlat=29.883118009829733&mlon=-90.04923011763728&zoom=16
address does not match a street: (None, '1499', 'Central Park Boulevard') https://osm.org/?mlat=29.883109870148772&mlon=-90.04925213747062&zoom=16
address does not match a street: (None, '1499', 'Central Park Boulevard') https://osm.org/?mlat=29.8830848617261&mlon=-90.04925793811991&zoom=16
address does not match a street: (None, '1499', 'Central Park Boulevard') https://osm.org/?mlat=29.883143847444142&mlon=-90.04930922641324&zoom=16
address does not match a street: (None, '1499', 'Central Park Boulevard') https://osm.org/?mlat=29.883128185596004&mlon=-90.04929436146254&zoom=16
address does not match a street: (None, '1499', 'Central Park Boulevard') https://osm.org/?mlat=29.883148086528063&mlon=-90.04925438450624&zoom=16
address does not match a street: (None, '1499', 'Central Park Boulevard') https://osm.org/?mlat=29.883169675810002&mlon=-90.04926506394072&zoom=16
address does not match a street: (None, '1499', 'Central Park Boulevard') https://osm.org/?mlat=29.883190044840692&mlon=-90.04927302058074&zoom=16
address does not match a street: (None, '1499', 'Central Park Boulevard') https://osm.org/?mlat=29.88316426995951&mlon=-90.04932266038816&zoom=16
address does not match a street: (None, '1499', 'Central Park Boulevard') https://osm.org/?mlat=29.883206417832515&mlon=-90.04923856801798&zoom=16
address does not match a street: (None, '1499', 'Central Park Boulevard') https://osm.org/?mlat=29.883183582438512&mlon=-90.04922242555817&zoom=16
address does not match a street: (None, '1499', 'Central Park Boulevard') https://osm.org/?mlat=29.883165600426327&mlon=-90.04921443823146&zoom=16
address does not match a street: (None, '1499', 'Central Park Boulevard') https://osm.org/?mlat=29.883192338531618&mlon=-90.04919026277383&zoom=16
address does not match a street: (None, '1499', 'Central Park Boulevard') https://osm.org/?mlat=29.883181493509863&mlon=-90.04917971850782&zoom=16
address does not match a street: (None, '1499', 'Central Park Boulevard') https://osm.org/?mlat=29.883216821494386&mlon=-90.04920391887951&zoom=16
address does not match a street: (None, '1499', 'Central Park Boulevard') https://osm.org/?mlat=29.883204988985657&mlon=-90.0488720582186&zoom=16
address does not match a street: (None, '1499', 'Central Park Boulevard') https://osm.org/?mlat=29.883179241992814&mlon=-90.04887567767686&zoom=16
address does not match a street: (None, '1499', 'Central Park Boulevard') https://osm.org/?mlat=29.883204925734468&mlon=-90.0487923435658&zoom=16
address does not match a street: (None, '1499', 'Central Park Boulevard') https://osm.org/?mlat=29.883175806926662&mlon=-90.04881737389518&zoom=16
address does not match a street: (None, '1499', 'Central Park Boulevard') https://osm.org/?mlat=29.88317585410411&mlon=-90.04889544460163&zoom=16
address does not match a street: (None, '1499', 'Central Park Boulevard') https://osm.org/?mlat=29.88321976774008&mlon=-90.04891871133326&zoom=16
address does not match a street: (None, '1499', 'Central Park Boulevard') https://osm.org/?mlat=29.88321618910372&mlon=-90.0488456163415&zoom=16
address does not match a street: (None, '1499', 'Central Park Boulevard') https://osm.org/?mlat=29.883200820596254&mlon=-90.04888526073867&zoom=16
address does not match a street: (None, '1499', 'Central Park Boulevard') https://osm.org/?mlat=29.88375559536126&mlon=-90.04968883201958&zoom=16
address does not match a street: (None, '1499', 'Central Park Boulevard') https://osm.org/?mlat=29.88374218687139&mlon=-90.04966024024402&zoom=16
address does not match a street: (None, '1499', 'Central Park Boulevard') https://osm.org/?mlat=29.883733796298984&mlon=-90.04967662280738&zoom=16
address does not match a street: (None, '1499', 'Central Park Boulevard') https://osm.org/?mlat=29.883749791382343&mlon=-90.04964439063626&zoom=16
address does not match a street: (None, '1499', 'Central Park Boulevard') https://osm.org/?mlat=29.883710390495292&mlon=-90.0496632270363&zoom=16
address does not match a street: (None, '1499', 'Central Park Boulevard') https://osm.org/?mlat=29.883713647826927&mlon=-90.04960992874186&zoom=16
address does not match a street: (None, '1499', 'Central Park Boulevard') https://osm.org/?mlat=29.88370005571457&mlon=-90.04962380118636&zoom=16
address does not match a street: (None, '1499', 'Central Park Boulevard') https://osm.org/?mlat=29.883733513217244&mlon=-90.04962747932856&zoom=16
address does not match a street: (None, '1499', 'Central Park Boulevard') https://osm.org/?mlat=29.88376844320606&mlon=-90.04965990269861&zoom=16
address does not match a street: (None, '1499', 'Central Park Boulevard') https://osm.org/?mlat=29.883685757757103&mlon=-90.04964642313776&zoom=16
address does not match a street: (None, '1499', 'Central Park Boulevard') https://osm.org/?mlat=29.883724688455573&mlon=-90.04964060508169&zoom=16
address does not match a street: (None, '1499', 'Central Park Boulevard') https://osm.org/?mlat=29.883762629410487&mlon=-90.04967572928739&zoom=16
address does not match a street: (None, '1499', 'Central Park Boulevard') https://osm.org/?mlat=29.883774504792452&mlon=-90.0496084630154&zoom=16
address does not match a street: (None, '1499', 'Central Park Boulevard') https://osm.org/?mlat=29.883799126374335&mlon=-90.04956294608648&zoom=16
address does not match a street: (None, '1499', 'Central Park Boulevard') https://osm.org/?mlat=29.88380072679133&mlon=-90.04960470095136&zoom=16
address does not match a street: (None, '1499', 'Central Park Boulevard') https://osm.org/?mlat=29.883787668136552&mlon=-90.04955076649594&zoom=16
address does not match a street: (None, '1499', 'Central Park Boulevard') https://osm.org/?mlat=29.883817128416585&mlon=-90.04957298740862&zoom=16
address does not match a street: (None, '1499', 'Central Park Boulevard') https://osm.org/?mlat=29.882993900152453&mlon=-90.05005663246226&zoom=16
address does not match a street: (None, '1499', 'Central Park Boulevard') https://osm.org/?mlat=29.882947783514833&mlon=-90.05002764019335&zoom=16
address does not match a street: (None, '1499', 'Central Park Boulevard') https://osm.org/?mlat=29.88299925883448&mlon=-90.0500187600706&zoom=16
address does not match a street: (None, '1499', 'Central Park Boulevard') https://osm.org/?mlat=29.882968718634643&mlon=-90.0499714863774&zoom=16
address does not match a street: (None, '1499', 'Central Park Boulevard') https://osm.org/?mlat=29.8829326112439&mlon=-90.04994072138214&zoom=16
address does not match a street: (None, '1499', 'Central Park Boulevard') https://osm.org/?mlat=29.88288387095953&mlon=-90.04993641856538&zoom=16
address does not match a street: (None, '1499', 'Central Park Boulevard') https://osm.org/?mlat=29.883014868276124&mlon=-90.0500037664562&zoom=16
address does not match a street: (None, '1499', 'Central Park Boulevard') https://osm.org/?mlat=29.882918482519067&mlon=-90.04996062833884&zoom=16
address does not match a street: (None, '1499', 'Central Park Boulevard') https://osm.org/?mlat=29.882892255153507&mlon=-90.04991494235759&zoom=16
address does not match a street: (None, '1499', 'Central Park Boulevard') https://osm.org/?mlat=29.882869902616573&mlon=-90.04997275744928&zoom=16
address does not match a street: (None, '1499', 'Central Park Boulevard') https://osm.org/?mlat=29.882953110108872&mlon=-90.04998648101353&zoom=16
address does not match a street: (None, '1499', 'Central Park Boulevard') https://osm.org/?mlat=29.882911707314427&mlon=-90.05000016199857&zoom=16
address does not match a street: (None, '1499', 'Central Park Boulevard') https://osm.org/?mlat=29.88291636107466&mlon=-90.04988997788979&zoom=16
address does not match a street: (None, '1499', 'Central Park Boulevard') https://osm.org/?mlat=29.882891789957597&mlon=-90.04986728321023&zoom=16
address does not match a street: (None, '1499', 'Central Park Boulevard') https://osm.org/?mlat=29.882867379251987&mlon=-90.04986102254796&zoom=16
address does not match a street: (None, '1499', 'Central Park Boulevard') https://osm.org/?mlat=29.882969654853966&mlon=-90.04992052196415&zoom=16
address does not match a street: (None, '1499', 'Central Park Boulevard') https://osm.org/?mlat=29.882941068102152&mlon=-90.04987760685083&zoom=16
address does not match a street: (None, '1499', 'Central Park Boulevard') https://osm.org/?mlat=29.883742651718176&mlon=-90.04958558849715&zoom=16
address does not match a street: (None, '1499', 'Central Park Boulevard') https://osm.org/?mlat=29.883794289955613&mlon=-90.04961779601575&zoom=16
address does not match a street: (None, '1499', 'Central Park Boulevard') https://osm.org/?mlat=29.88377059757543&mlon=-90.0495749554102&zoom=16
address does not match a street: (None, '1499', 'Central Park Boulevard') https://osm.org/?mlat=29.88375948030014&mlon=-90.04959769904283&zoom=16
address does not match a street: (None, '1499', 'Central Park Boulevard') https://osm.org/?mlat=29.88375253536512&mlon=-90.04955875141495&zoom=16
address does not match a street: (None, '1499', 'Central Park Boulevard') https://osm.org/?mlat=29.883768432465637&mlon=-90.04953663172839&zoom=16
address does not match a street: (None, '1499', 'Central Park Boulevard') https://osm.org/?mlat=29.883785675555732&mlon=-90.04959119777786&zoom=16
address does not match a street: (None, '1499', 'Central Park Boulevard') https://osm.org/?mlat=29.883451213772155&mlon=-90.0503675636548&zoom=16
address does not match a street: (None, '1499', 'Central Park Boulevard') https://osm.org/?mlat=29.883387950494626&mlon=-90.05030605578632&zoom=16
address does not match a street: (None, '1499', 'Central Park Boulevard') https://osm.org/?mlat=29.883426373990677&mlon=-90.05032953142882&zoom=16
address does not match a street: (None, '1499', 'Central Park Boulevard') https://osm.org/?mlat=29.88342299390375&mlon=-90.05035012031689&zoom=16
address does not match a street: (None, '1499', 'Central Park Boulevard') https://osm.org/?mlat=29.883404181804433&mlon=-90.050318174084&zoom=16
address does not match a street: (None, '1499', 'Central Park Boulevard') https://osm.org/?mlat=29.883398971812706&mlon=-90.05033467718272&zoom=16
address does not match a street: (None, '1499', 'Central Park Boulevard') https://osm.org/?mlat=29.883380340118695&mlon=-90.05032121996014&zoom=16
address does not match a street: (None, '1499', 'Central Park Boulevard') https://osm.org/?mlat=29.883455196843&mlon=-90.05034765137951&zoom=16
address does not match a street: (None, '1499', 'Central Park Boulevard') https://osm.org/?mlat=29.88339430722375&mlon=-90.05028474429044&zoom=16
address does not match a street: (None, '1499', 'Central Park Boulevard') https://osm.org/?mlat=29.883413502722583&mlon=-90.05029477036612&zoom=16
address does not match a street: (None, '1499', 'Central Park Boulevard') https://osm.org/?mlat=29.884134856406213&mlon=-90.04993330741881&zoom=16
address does not match a street: (None, '1499', 'Central Park Boulevard') https://osm.org/?mlat=29.884147715316477&mlon=-90.04982000567026&zoom=16
address does not match a street: (None, '1499', 'Central Park Boulevard') https://osm.org/?mlat=29.884187721514365&mlon=-90.04992002661417&zoom=16
address does not match a street: (None, '1499', 'Central Park Boulevard') https://osm.org/?mlat=29.88408223357521&mlon=-90.04983700928531&zoom=16
address does not match a street: (None, '1499', 'Central Park Boulevard') https://osm.org/?mlat=29.884110211545494&mlon=-90.04982966410991&zoom=16
address does not match a street: (None, '1499', 'Central Park Boulevard') https://osm.org/?mlat=29.884159621349557&mlon=-90.04992696230406&zoom=16
address does not match a street: (None, '1499', 'Central Park Boulevard') https://osm.org/?mlat=29.884105288016194&mlon=-90.04993670138414&zoom=16
address does not match a street: (None, '1499', 'Central Park Boulevard') https://osm.org/?mlat=29.88419501096467&mlon=-90.04980460558097&zoom=16
address does not match a street: (None, '1499', 'Central Park Boulevard') https://osm.org/?mlat=29.884183605375277&mlon=-90.04986529155919&zoom=16
address does not match a street: (None, '1499', 'Central Park Boulevard') https://osm.org/?mlat=29.884128138931544&mlon=-90.04990545157307&zoom=16
address does not match a street: (None, '1499', 'Central Park Boulevard') https://osm.org/?mlat=29.884153584508734&mlon=-90.04989553711334&zoom=16
address does not match a street: (None, '1499', 'Central Park Boulevard') https://osm.org/?mlat=29.884183380377838&mlon=-90.04989104583844&zoom=16
address does not match a street: (None, '1499', 'Central Park Boulevard') https://osm.org/?mlat=29.884098653418764&mlon=-90.04991733646807&zoom=16
address does not match a street: (None, '1499', 'Central Park Boulevard') https://osm.org/?mlat=29.884164548436008&mlon=-90.04986937147247&zoom=16
address does not match a street: (None, '1499', 'Central Park Boulevard') https://osm.org/?mlat=29.884128533494536&mlon=-90.04987257395042&zoom=16
address does not match a street: (None, '1499', 'Central Park Boulevard') https://osm.org/?mlat=29.884100280727303&mlon=-90.04988827796736&zoom=16
address does not match a street: (None, '1499', 'Central Park Boulevard') https://osm.org/?mlat=29.884190726566306&mlon=-90.04978753999758&zoom=16
address does not match a street: (None, '1499', 'Central Park Boulevard') https://osm.org/?mlat=29.884076264645504&mlon=-90.04981845893101&zoom=16
address does not match a street: (None, '1499', 'Central Park Boulevard') https://osm.org/?mlat=29.884150246161862&mlon=-90.04979792212237&zoom=16
address does not match a street: (None, '1499', 'Central Park Boulevard') https://osm.org/?mlat=29.884108483003253&mlon=-90.04981147027988&zoom=16
address does not match a street: (None, '1499', 'Central Park Boulevard') https://osm.org/?mlat=29.884183244112137&mlon=-90.04976681619684&zoom=16
address does not match a street: (None, '1499', 'Central Park Boulevard') https://osm.org/?mlat=29.88407312167602&mlon=-90.04978994215944&zoom=16
address does not match a street: (None, '1499', 'Central Park Boulevard') https://osm.org/?mlat=29.88414248320358&mlon=-90.04977295593972&zoom=16
address does not match a street: (None, '1499', 'Central Park Boulevard') https://osm.org/?mlat=29.884106998681844&mlon=-90.04978779420858&zoom=16
address does not match a street: (None, '1499', 'Central Park Boulevard') https://osm.org/?mlat=29.884924547138784&mlon=-90.04904998915927&zoom=16
address does not match a street: (None, '1499', 'Central Park Boulevard') https://osm.org/?mlat=29.884873782661437&mlon=-90.0491073479307&zoom=16
address does not match a street: (None, '1499', 'Central Park Boulevard') https://osm.org/?mlat=29.88490340964768&mlon=-90.04903670086718&zoom=16
address does not match a street: (None, '1499', 'Central Park Boulevard') https://osm.org/?mlat=29.88491829087273&mlon=-90.0491059544464&zoom=16
address does not match a street: (None, '1499', 'Central Park Boulevard') https://osm.org/?mlat=29.88489169642256&mlon=-90.04912054102708&zoom=16
address does not match a street: (None, '1499', 'Central Park Boulevard') https://osm.org/?mlat=29.884927624038056&mlon=-90.04908391885179&zoom=16
address does not match a street: (None, '1499', 'Central Park Boulevard') https://osm.org/?mlat=29.88488499352202&mlon=-90.04908200091549&zoom=16
address does not match a street: (None, '1499', 'Central Park Boulevard') https://osm.org/?mlat=29.884904241281333&mlon=-90.04909736871723&zoom=16
address does not match a street: (None, '1499', 'Central Park Boulevard') https://osm.org/?mlat=29.884914648875377&mlon=-90.04907531930584&zoom=16
address does not match a street: (None, '1499', 'Central Park Boulevard') https://osm.org/?mlat=29.884908023748036&mlon=-90.04913019287915&zoom=16
address does not match a street: (None, '1499', 'Central Park Boulevard') https://osm.org/?mlat=29.884893485534878&mlon=-90.04905929176923&zoom=16
address does not match a street: (None, '1499', 'Central Park Boulevard') https://osm.org/?mlat=29.884936935804536&mlon=-90.0490596926972&zoom=16
address does not match a street: (None, '1499', 'Central Park Boulevard') https://osm.org/?mlat=29.884813077705097&mlon=-90.04897786964916&zoom=16
address does not match a street: (None, '1499', 'Central Park Boulevard') https://osm.org/?mlat=29.88482246699358&mlon=-90.0489859675905&zoom=16
address does not match a street: (None, '1499', 'Central Park Boulevard') https://osm.org/?mlat=29.884803308257016&mlon=-90.04904086566022&zoom=16
address does not match a street: (None, '1499', 'Central Park Boulevard') https://osm.org/?mlat=29.884793955089567&mlon=-90.04903646556717&zoom=16
address does not match a street: (None, '1499', 'Central Park Boulevard') https://osm.org/?mlat=29.884834724530705&mlon=-90.04899443864412&zoom=16
address does not match a street: (None, '1499', 'Central Park Boulevard') https://osm.org/?mlat=29.884819437232334&mlon=-90.04900573023019&zoom=16
address does not match a street: (None, '1499', 'Central Park Boulevard') https://osm.org/?mlat=29.884813031610175&mlon=-90.04904649411027&zoom=16
address does not match a street: (None, '1499', 'Central Park Boulevard') https://osm.org/?mlat=29.884818877461665&mlon=-90.04902176381702&zoom=16
address does not match a street: (None, '1499', 'Central Park Boulevard') https://osm.org/?mlat=29.884828448304397&mlon=-90.04901177784328&zoom=16
address does not match a street: (None, '1499', 'Central Park Boulevard') https://osm.org/?mlat=29.8848091902257&mlon=-90.04901983322144&zoom=16
address does not match a street: (None, '1499', 'Central Park Boulevard') https://osm.org/?mlat=29.88480058946254&mlon=-90.04901912176898&zoom=16
address does not match a street: (None, '1499', 'Central Park Boulevard') https://osm.org/?mlat=29.88481007604526&mlon=-90.04900050919986&zoom=16
address does not match a street: (None, '1499', 'Central Park Boulevard') https://osm.org/?mlat=29.885191330137246&mlon=-90.04935720930264&zoom=16
address does not match a street: (None, '1499', 'Central Park Boulevard') https://osm.org/?mlat=29.885276903526&mlon=-90.0492770782464&zoom=16
address does not match a street: (None, '1499', 'Central Park Boulevard') https://osm.org/?mlat=29.88525768338025&mlon=-90.04932560771617&zoom=16
address does not match a street: (None, '1499', 'Central Park Boulevard') https://osm.org/?mlat=29.885217253676796&mlon=-90.04937166927974&zoom=16
address does not match a street: (None, '1499', 'Central Park Boulevard') https://osm.org/?mlat=29.885224408206057&mlon=-90.04934041686468&zoom=16
address does not match a street: (None, '1499', 'Central Park Boulevard') https://osm.org/?mlat=29.885237064708857&mlon=-90.0493837426533&zoom=16
address does not match a street: (None, '1499', 'Central Park Boulevard') https://osm.org/?mlat=29.885220827427315&mlon=-90.04929765875448&zoom=16
address does not match a street: (None, '1499', 'Central Park Boulevard') https://osm.org/?mlat=29.885241764054317&mlon=-90.04924150555448&zoom=16
address does not match a street: (None, '1499', 'Central Park Boulevard') https://osm.org/?mlat=29.885235739563623&mlon=-90.04930911073316&zoom=16
address does not match a street: (None, '1499', 'Central Park Boulevard') https://osm.org/?mlat=29.885246918239122&mlon=-90.04935382531767&zoom=16
