address does not match a street: (None, '318', 'West Shannon Lane') https://osm.org/?mlat=29.940167704263352&mlon=-90.2108361803485&zoom=16
address does not match a street: (None, '8301', 'Kendall Lane') https://osm.org/?mlat=29.93997512893016&mlon=-90.21119794223078&zoom=16
address does not match a street: (None, '8305', 'Kendall Lane') https://osm.org/?mlat=29.94000704778568&mlon=-90.21134902969872&zoom=16
address does not match a street: (None, '224', 'West Shannon Lane') https://osm.org/?mlat=29.93821835971036&mlon=-90.21124927601359&zoom=16
address does not match a street: (None, '290', 'West Shannon Lane') https://osm.org/?mlat=29.939557616477924&mlon=-90.21091266436103&zoom=16
address does not match a street: (None, '258', 'West Shannon Lane') https://osm.org/?mlat=29.93891603091635&mlon=-90.21105605571728&zoom=16
address does not match a street: (None, '258', 'West Shannon Lane') https://osm.org/?mlat=29.9388084526337&mlon=-90.21110052708394&zoom=16
address does not match a street: (None, '254', 'West Shannon Lane') https://osm.org/?mlat=29.938767199053416&mlon=-90.21110099098597&zoom=16
address does not match a street: (None, '230', 'West Shannon Lane') https://osm.org/?mlat=29.93835853936285&mlon=-90.21119386917906&zoom=16
address does not match a street: (None, '246', 'Malvern Avenue') https://osm.org/?mlat=29.939362673362215&mlon=-90.21194985478529&zoom=16
address does not match a street: (None, '8400', 'Kendall Lane') https://osm.org/?mlat=29.9398690795995&mlon=-90.2119570833701&zoom=16
address does not match a street: (None, '1', 'Nimitz Court') https://osm.org/?mlat=29.938766058138505&mlon=-90.20964900227061&zoom=16
address does not match a street: (None, '2', 'Nimitz Court') https://osm.org/?mlat=29.93866554614332&mlon=-90.20981090876984&zoom=16
address does not match a street: (None, '8121', 'Mc Arthur Avenue') https://osm.org/?mlat=29.93773683213295&mlon=-90.209616090845&zoom=16
address does not match a street: (None, '319', 'East Shannon Lane') https://osm.org/?mlat=29.939719142248652&mlon=-90.20954998674985&zoom=16
address does not match a street: (None, '301', 'East Shannon Lane') https://osm.org/?mlat=29.93940108570179&mlon=-90.20963826361158&zoom=16
address does not match a street: (None, '8112', 'Mc Arthur Avenue') https://osm.org/?mlat=29.93717209241801&mlon=-90.20943942744788&zoom=16
address does not match a street: (None, '265', 'East Shannon Lane') https://osm.org/?mlat=29.938606754075785&mlon=-90.21031973533081&zoom=16
address does not match a street: (None, '273', 'East Shannon Lane') https://osm.org/?mlat=29.93873462410824&mlon=-90.21023216694583&zoom=16
address does not match a street: (None, '285', 'East Shannon Lane') https://osm.org/?mlat=29.93897202385654&mlon=-90.21003760440755&zoom=16
address does not match a street: (None, '284', 'East Shannon Lane') https://osm.org/?mlat=29.939145206489364&mlon=-90.21041407148546&zoom=16
address does not match a street: (None, '309', 'West Shannon Lane') https://osm.org/?mlat=29.939872219747535&mlon=-90.21041961799472&zoom=16
address does not match a street: (None, '291', 'West Shannon Lane') https://osm.org/?mlat=29.939583951332555&mlon=-90.21048243506354&zoom=16
address does not match a street: (None, '285', 'West Shannon Lane') https://osm.org/?mlat=29.939408610047032&mlon=-90.21051957718532&zoom=16
address does not match a street: (None, '273', 'West Shannon Lane') https://osm.org/?mlat=29.938955840806745&mlon=-90.2106445353319&zoom=16
address does not match a street: (None, '302', 'East Shannon Lane') https://osm.org/?mlat=29.939534549823037&mlon=-90.21009055916923&zoom=16
address does not match a street: (None, '312', 'East Shannon Lane') https://osm.org/?mlat=29.939732146153446&mlon=-90.210121172702&zoom=16
address does not match a street: (None, '320', 'East Shannon Lane') https://osm.org/?mlat=29.939860559202994&mlon=-90.21000560436016&zoom=16
address does not match a street: (None, '7', 'Nimitz Court') https://osm.org/?mlat=29.93793710839032&mlon=-90.2098636096427&zoom=16
address does not match a street: (None, '6', 'Nimitz Court') https://osm.org/?mlat=29.938078788743884&mlon=-90.21005724047905&zoom=16
address does not match a street: (None, '5', 'Nimitz Court') https://osm.org/?mlat=29.938230353017467&mlon=-90.21009070445207&zoom=16
address does not match a street: (None, '4', 'Nimitz Court') https://osm.org/?mlat=29.938353275184717&mlon=-90.20999098989114&zoom=16
address does not match a street: (None, '8413', 'Kendall Lane') https://osm.org/?mlat=29.940285085228787&mlon=-90.21206581444562&zoom=16
address does not match a street: (None, '8401', 'Kendall Lane') https://osm.org/?mlat=29.9401331532331&mlon=-90.21162251236981&zoom=16
address does not match a street: (None, '273', 'Malvern Avenue') https://osm.org/?mlat=29.939685363206713&mlon=-90.21137848519481&zoom=16
address does not match a street: (None, '265', 'Malvern Avenue') https://osm.org/?mlat=29.939561950425794&mlon=-90.21142078511015&zoom=16
address does not match a street: (None, '253', 'Malvern Avenue') https://osm.org/?mlat=29.93928996401818&mlon=-90.2114870044567&zoom=16
address does not match a street: (None, '239', 'Malvern Avenue') https://osm.org/?mlat=29.939010396793698&mlon=-90.2115439782139&zoom=16
address does not match a street: (None, '219', 'East Shannon Lane') https://osm.org/?mlat=29.93783076555938&mlon=-90.21095361826949&zoom=16
address does not match a street: (None, '225', 'East Shannon Lane') https://osm.org/?mlat=29.937953908822763&mlon=-90.21087974215735&zoom=16
address does not match a street: (None, '233', 'East Shannon Lane') https://osm.org/?mlat=29.938049334426346&mlon=-90.21078105601856&zoom=16
address does not match a street: (None, '243', 'East Shannon Lane') https://osm.org/?mlat=29.93816981243056&mlon=-90.21068782987035&zoom=16
address does not match a street: (None, '413', 'Bowler Drive') https://osm.org/?mlat=29.941488294788783&mlon=-90.20999733046986&zoom=16
address does not match a street: (None, '417', 'Bowler Drive') https://osm.org/?mlat=29.941666705707338&mlon=-90.2099536919924&zoom=16
address does not match a street: (None, '400', 'Bowler Drive') https://osm.org/?mlat=29.941272936970677&mlon=-90.21054597340074&zoom=16
address does not match a street: (None, '404', 'Bowler Drive') https://osm.org/?mlat=29.941393493489052&mlon=-90.21046207477212&zoom=16
address does not match a street: (None, '408', 'Bowler Drive') https://osm.org/?mlat=29.941564054700105&mlon=-90.21045082392624&zoom=16
address does not match a street: (None, '420', 'Bowler Drive') https://osm.org/?mlat=29.942080438686833&mlon=-90.21038185011075&zoom=16
address does not match a street: (None, '257', 'Malvern Avenue') https://osm.org/?mlat=29.93941111478926&mlon=-90.21147272263941&zoom=16
address does not match a street: (None, '8309', 'Kendall Lane') https://osm.org/?mlat=29.940065930247943&mlon=-90.21150986258894&zoom=16
address does not match a street: (None, '297', 'East Shannon Lane') https://osm.org/?mlat=29.939266723329304&mlon=-90.20971585808988&zoom=16
address does not match a street: (None, '258', 'Malvern Avenue') https://osm.org/?mlat=29.939554762758252&mlon=-90.2118974533905&zoom=16
address does not match a street: (None, '244', 'West Shannon Lane') https://osm.org/?mlat=29.938616259468372&mlon=-90.21114072885527&zoom=16
address does not match a street: (None, '268', 'West Shannon Lane') https://osm.org/?mlat=29.9390417717025&mlon=-90.21104479017814&zoom=16
address does not match a street: (None, '284', 'West Shannon Lane') https://osm.org/?mlat=29.939456540617314&mlon=-90.21100854488844&zoom=16
address does not match a street: (None, '218', 'West Shannon Lane') https://osm.org/?mlat=29.93807057044368&mlon=-90.21129184953534&zoom=16
address does not match a street: (None, '245', 'Malvern Avenue') https://osm.org/?mlat=29.939162034096192&mlon=-90.21158605650031&zoom=16
address does not match a street: (None, '327', 'East Shannon Lane') https://osm.org/?mlat=29.939900647500377&mlon=-90.20957593546886&zoom=16
address does not match a street: (None, '311', 'East Shannon Lane') https://osm.org/?mlat=29.939610100348304&mlon=-90.20966461951707&zoom=16
address does not match a street: (None, '317', 'West Shannon Lane') https://osm.org/?mlat=29.94000095773435&mlon=-90.21034208728824&zoom=16
address does not match a street: (None, '279', 'West Shannon Lane') https://osm.org/?mlat=29.93915373911963&mlon=-90.21061359873788&zoom=16
address does not match a street: (None, '292', 'East Shannon Lane') https://osm.org/?mlat=29.939312664666925&mlon=-90.21026441939398&zoom=16
address does not match a street: (None, '3', 'Nimitz Court') https://osm.org/?mlat=29.938501689202095&mlon=-90.20994840728501&zoom=16
address does not match a street: (None, '255', 'East Shannon Lane') https://osm.org/?mlat=29.9383628087111&mlon=-90.21044880262386&zoom=16
address does not match a street: (None, '289', 'East Shannon Lane') https://osm.org/?mlat=29.939060055962152&mlon=-90.20996437223553&zoom=16
address does not match a street: (None, '421', 'Bowler Drive') https://osm.org/?mlat=29.941823325718254&mlon=-90.20992034727925&zoom=16
address does not match a street: (None, '412', 'Bowler Drive') https://osm.org/?mlat=29.941723229775786&mlon=-90.21042391138936&zoom=16
address does not match a street: (None, '278', 'West Shannon Lane') https://osm.org/?mlat=29.939310847191425&mlon=-90.21100372341955&zoom=16
address does not match a street: (None, '238', 'West Shannon Lane') https://osm.org/?mlat=29.93849244272562&mlon=-90.2111356612361&zoom=16
address does not match a street: (None, '302', 'West Shannon Lane') https://osm.org/?mlat=29.939876016781792&mlon=-90.21086458329474&zoom=16
address does not match a street: (None, '266', 'Malvern Avenue') https://osm.org/?mlat=29.939700916148208&mlon=-90.21188289106969&zoom=16
address does not match a street: (None, '8405', 'Kendall Lane') https://osm.org/?mlat=29.940175807936427&mlon=-90.21178639957162&zoom=16
address does not match a street: (None, '274', 'West Shannon Lane') https://osm.org/?mlat=29.939171103030063&mlon=-90.2110368758067&zoom=16
address does not match a street: (None, '416', 'Bowler Drive') https://osm.org/?mlat=29.94188784063725&mlon=-90.21037468664628&zoom=16
address does not match a street: (None, '8409', 'Kendall Lane') https://osm.org/?mlat=29.94021264801165&mlon=-90.21192810167153&zoom=16
address does not match a street: (None, '310', 'West Shannon Lane') https://osm.org/?mlat=29.940018861372682&mlon=-90.21082852398634&zoom=16
address does not match a street: (None, '329', 'West Shannon Lane') https://osm.org/?mlat=29.940191378888105&mlon=-90.21038731619083&zoom=16
address does not match a street: (None, '281', 'East Shannon Lane') https://osm.org/?mlat=29.938819292002393&mlon=-90.21009986613902&zoom=16
address does not match a street: (None, '8116', 'Mc Arthur Avenue') https://osm.org/?mlat=29.93723113571551&mlon=-90.20961891444671&zoom=16
address does not match a street: (None, '8117', 'Mc Arthur Avenue') https://osm.org/?mlat=29.937666942081414&mlon=-90.20948409662445&zoom=16
address does not match a street: (None, '328', 'East Shannon Lane') https://osm.org/?mlat=29.940055742014874&mlon=-90.21002278630631&zoom=16
address does not match a street: (None, '409', 'Bowler Drive') https://osm.org/?mlat=29.941275334261825&mlon=-90.21007784326434&zoom=16
address does not match a street: (None, '221', 'Malvern Avenue') https://osm.org/?mlat=29.93859694323365&mlon=-90.21173452208818&zoom=16
address does not match a street: (None, '241', 'Malvern Avenue') https://osm.org/?mlat=29.939051651276344&mlon=-90.21154351448374&zoom=16
address has no house number: (None, None, 'East Shannon Lane') https://osm.org/?mlat=29.93896588968735&mlon=-90.21051460002346&zoom=16
address does not match a street: (None, None, 'East Shannon Lane') https://osm.org/?mlat=29.93896588968735&mlon=-90.21051460002346&zoom=16
address does not match a street: (None, '293', 'East Shannon Lane') https://osm.org/?mlat=29.939133303879018&mlon=-90.20983076459453&zoom=16
