address has no house number: (None, 'Peters Road') https://osm.org/?mlat=29.889233280683097&mlon=-90.07519072906598&zoom=16
address has no house number: (None, 'Esther Street') https://osm.org/?mlat=29.891098947606466&mlon=-90.07055652616955&zoom=16
address does not match a street: ('1157', 'Clydesbank Street') https://osm.org/?mlat=29.89478580626048&mlon=-90.06999797814892&zoom=16
address does not match a street: ('1153', 'Clydesbank Street') https://osm.org/?mlat=29.894828900576975&mlon=-90.07018995476828&zoom=16
address has no house number: (None, 'Esther Street') https://osm.org/?mlat=29.88840925740722&mlon=-90.06901613896817&zoom=16
address does not match a street: ('1133', 'Clydesbank Street') https://osm.org/?mlat=29.895433362789593&mlon=-90.0707062236062&zoom=16
address does not match a street: ('1141', 'Clydesbank Street') https://osm.org/?mlat=29.895146574893957&mlon=-90.07058360307337&zoom=16
address does not match a street: ('1105', 'Clydesbank Street') https://osm.org/?mlat=29.89650843904576&mlon=-90.0712283953448&zoom=16
address does not match a street: ('2505', 'Norman') https://osm.org/?mlat=29.89008243254758&mlon=-90.07222689620649&zoom=16
address does not match a street: ('1168', 'Clydesbank Street') https://osm.org/?mlat=29.89427913595342&mlon=-90.06995237918342&zoom=16
address does not match a street: ('1168', 'Clydesbank Street') https://osm.org/?mlat=29.894341033527862&mlon=-90.06998447178796&zoom=16
address has no house number: (None, 'Peters Road') https://osm.org/?mlat=29.897368737029915&mlon=-90.07670153110216&zoom=16
address has no house number: (None, 'Peters Road') https://osm.org/?mlat=29.897434888933695&mlon=-90.07642888822738&zoom=16
address does not match a street: ('1109', 'Clydesbank Street') https://osm.org/?mlat=29.896328592104695&mlon=-90.07114623164784&zoom=16
address does not match a street: ('1161', 'Clydesbank Street') https://osm.org/?mlat=29.894748301970747&mlon=-90.06981539819566&zoom=16
address does not match a street: ('1120', 'Clydesbank Street') https://osm.org/?mlat=29.895748422362995&mlon=-90.07149131722048&zoom=16
address does not match a street: ('1124', 'Clydesbank Street') https://osm.org/?mlat=29.895631704692498&mlon=-90.07142060022635&zoom=16
address does not match a street: ('1116', 'Clydesbank Street') https://osm.org/?mlat=29.89592873591357&mlon=-90.07150148989656&zoom=16
address does not match a street: ('1112', 'Clydesbank Street') https://osm.org/?mlat=29.89609220451549&mlon=-90.07156504936174&zoom=16
address does not match a street: ('1164', 'Clydesbank Street') https://osm.org/?mlat=29.894407922526668&mlon=-90.07013869079186&zoom=16
address does not match a street: ('1164', 'Clydesbank Street') https://osm.org/?mlat=29.89435510638154&mlon=-90.07010757868593&zoom=16
address does not match a street: ('1149', 'Clydesbank Street') https://osm.org/?mlat=29.894852326331506&mlon=-90.07039287463365&zoom=16
address does not match a street: ('1145', 'Clydesbank Street') https://osm.org/?mlat=29.894963894543647&mlon=-90.07053912186619&zoom=16
address does not match a street: ('1104', 'Clydesbank Street') https://osm.org/?mlat=29.896378941818405&mlon=-90.07166369069627&zoom=16
address does not match a street: ('1156', 'Clydesbank Street') https://osm.org/?mlat=29.894493743435493&mlon=-90.07068464957648&zoom=16
address does not match a street: ('1160', 'Clydesbank Street') https://osm.org/?mlat=29.894393201285737&mlon=-90.07047147622377&zoom=16
address does not match a street: ('1113', 'Clydesbank Street') https://osm.org/?mlat=29.896193402677657&mlon=-90.07110059863881&zoom=16
address does not match a street: ('1101', 'Clydesbank Street') https://osm.org/?mlat=29.89663113063542&mlon=-90.07132347670212&zoom=16
address does not match a street: ('1172', 'Clydesbank Street') https://osm.org/?mlat=29.894328065346027&mlon=-90.06975286168841&zoom=16
address does not match a street: ('1136', 'Clydesbank Street') https://osm.org/?mlat=29.895170080365958&mlon=-90.07123392781286&zoom=16
address does not match a street: ('1129', 'Clydesbank Street') https://osm.org/?mlat=29.895565614763537&mlon=-90.07082225116464&zoom=16
address does not match a street: ('1152', 'Clydesbank Street') https://osm.org/?mlat=29.89457411465186&mlon=-90.0708739283207&zoom=16
address does not match a street: ('2405', 'Sidney') https://osm.org/?mlat=29.88893456192327&mlon=-90.07004534560942&zoom=16
address does not match a street: ('1108', 'Clydesbank Street') https://osm.org/?mlat=29.896234241635174&mlon=-90.07170029273632&zoom=16
address has no house number: (None, 'Esther Street') https://osm.org/?mlat=29.889829687589796&mlon=-90.07013549683143&zoom=16
address does not match a street: ('1117', 'Clydesbank Street') https://osm.org/?mlat=29.896043928600857&mlon=-90.0710294458062&zoom=16
address does not match a street: ('1108', 'Clydesbank Street') https://osm.org/?mlat=29.89622739916914&mlon=-90.07159356537822&zoom=16
address does not match a street: ('1121', 'Clydesbank Street') https://osm.org/?mlat=29.895868328182075&mlon=-90.07100798361249&zoom=16
address does not match a street: ('1137', 'Clydesbank Street') https://osm.org/?mlat=29.89526389830781&mlon=-90.07070363981367&zoom=16
address does not match a street: ('1128', 'Clydesbank Street') https://osm.org/?mlat=29.89544878675837&mlon=-90.07121924121687&zoom=16
address does not match a street: ('1132', 'Clydesbank Street') https://osm.org/?mlat=29.895317383362777&mlon=-90.07116526757116&zoom=16
address does not match a street: ('1140', 'Clydesbank Street') https://osm.org/?mlat=29.895010740655934&mlon=-90.0710356217042&zoom=16
address does not match a street: ('1148', 'Clydesbank Street') https://osm.org/?mlat=29.8947184780643&mlon=-90.07088910520105&zoom=16
address has no house number: (None, 'Esther Street') https://osm.org/?mlat=29.888698853236868&mlon=-90.0692304684662&zoom=16
address has no house number: (None, 'Estalote') https://osm.org/?mlat=29.888466028469775&mlon=-90.07060408132807&zoom=16
address does not match a street: (None, 'Estalote') https://osm.org/?mlat=29.888466028469775&mlon=-90.07060408132807&zoom=16
address does not match a street: ('2411', 'Ethel Street') https://osm.org/?mlat=29.89668525815222&mlon=-90.07290956910686&zoom=16
address does not match a street: ('1125', 'Clydesbank Street') https://osm.org/?mlat=29.895712755632093&mlon=-90.07094329402771&zoom=16
address has no house number: (None, 'Brown Avenue') https://osm.org/?mlat=29.89457513447818&mlon=-90.07156491036825&zoom=16
address has no house number: (None, 'Angus Drive') https://osm.org/?mlat=29.891956519047042&mlon=-90.0698256394926&zoom=16
address does not match a street: ('1144', 'Clydesbank Street') https://osm.org/?mlat=29.894849934974072&mlon=-90.07094864000254&zoom=16
