address does not match a street: (None, '420', 'Metairie Hammond Highway') https://osm.org/?mlat=30.019716503424313&mlon=-90.12663270302276&zoom=16
address does not match a street: (None, '420', 'Metairie Hammond Highway') https://osm.org/?mlat=30.019768326487114&mlon=-90.12675644314369&zoom=16
address does not match a street: (None, '420', 'Metairie Hammond Highway') https://osm.org/?mlat=30.01935668029135&mlon=-90.12700910328294&zoom=16
address has no house number: (None, None, 'Live Oak Street') https://osm.org/?mlat=30.018391528916723&mlon=-90.12542513835929&zoom=16
address does not match a street: (None, '204', 'Metairie Hammond Highway') https://osm.org/?mlat=30.019723760739225&mlon=-90.12330828482031&zoom=16
address does not match a street: (None, '202', 'Metairie Hammond Highway') https://osm.org/?mlat=30.019707387914224&mlon=-90.12339611948339&zoom=16
address does not match a street: (None, '210', 'Metairie Hammond Highway') https://osm.org/?mlat=30.01970576991415&mlon=-90.12374458774157&zoom=16
address does not match a street: (None, '216', 'Metairie Hammond Highway') https://osm.org/?mlat=30.019676196528305&mlon=-90.12391748652843&zoom=16
address does not match a street: (None, '400', 'Metairie Hammond Highway') https://osm.org/?mlat=30.01946132608935&mlon=-90.12607183652455&zoom=16
address does not match a street: (None, '400', 'Metairie Hammond Highway') https://osm.org/?mlat=30.019531560111442&mlon=-90.1260775695806&zoom=16
address does not match a street: (None, '320', 'Metairie Hammond Highway') https://osm.org/?mlat=30.019532953832258&mlon=-90.12558898429884&zoom=16
address does not match a street: (None, '300', 'Metairie Hammond Highway') https://osm.org/?mlat=30.01965531857308&mlon=-90.12425053939326&zoom=16
address does not match a street: (None, '304', 'Metairie Hammond Highway') https://osm.org/?mlat=30.019715141465444&mlon=-90.12452132806659&zoom=16
address does not match a street: (None, '308', 'Metairie Hammond Highway') https://osm.org/?mlat=30.01970426574475&mlon=-90.12468020284093&zoom=16
address does not match a street: (None, '115', 'Metairie Hammond') https://osm.org/?mlat=30.02049360688207&mlon=-90.12241882705283&zoom=16
address does not match a street: (None, '316', 'Metairie Hammond Highway') https://osm.org/?mlat=30.019681433095624&mlon=-90.1250457577569&zoom=16
address does not match a street: (None, '312', 'Metairie Hammond Highway') https://osm.org/?mlat=30.019685851030605&mlon=-90.12483358394272&zoom=16
address does not match a street: (None, '127', 'Metairie Hammond Highway') https://osm.org/?mlat=30.020217730156855&mlon=-90.12286908793602&zoom=16
address does not match a street: (None, '208', 'Metairie Hammond Highway') https://osm.org/?mlat=30.019561162860903&mlon=-90.12356938028671&zoom=16
address has no house number: (None, None, 'Seminole Avenue') https://osm.org/?mlat=30.016433660029477&mlon=-90.1256037874643&zoom=16
address does not match a street: (None, '205', 'Metairie Hammond Highway') https://osm.org/?mlat=30.020142108694913&mlon=-90.12401409542822&zoom=16
address does not match a street: (None, '105', 'Metairie Hammond Highway') https://osm.org/?mlat=30.020430421076064&mlon=-90.12208932490537&zoom=16
new building tag (addr:housenumber=1383) does not match the old one (addr:housenumber=1385)
new building tag (addr:housenumber=1338) does not match the old one (addr:housenumber=1340)
new building tag (addr:street=Poplar Street) does not match the old one (addr:street=Huron Avenue)
new building tag (addr:street=Poplar Street) does not match the old one (addr:street=Chickasaw Avenue)
address does not match a street: (None, '201', 'Metairie Hammond Highway') https://osm.org/?mlat=30.02089985228282&mlon=-90.12334655635217&zoom=16
new building tag (addr:housenumber=201) does not match the old one (addr:housenumber=200)
