address does not match a street: (None, '4904', 'Blanca Court') https://osm.org/?mlat=29.866465555936426&mlon=-90.09489864711351&zoom=16
address does not match a street: (None, '2749', 'Magnolia Lawn Drive') https://osm.org/?mlat=29.861944547502898&mlon=-90.08826828409025&zoom=16
address does not match a street: (None, '74', 'Burleigh Court South') https://osm.org/?mlat=29.86869085600606&mlon=-90.09631491378134&zoom=16
address does not match a street: (None, '79', 'Burleigh Court South') https://osm.org/?mlat=29.868127008313255&mlon=-90.09601268282684&zoom=16
address does not match a street: (None, '75', 'Burleigh Court South') https://osm.org/?mlat=29.868688855135918&mlon=-90.09581009544011&zoom=16
address does not match a street: (None, '4316', 'Lizabeth Street') https://osm.org/?mlat=29.865962637294466&mlon=-90.09184790448951&zoom=16
address does not match a street: (None, '4208', 'Ben Michael Drive') https://osm.org/?mlat=29.866816174915602&mlon=-90.08908673741239&zoom=16
address does not match a street: (None, '4212', 'Ben Michael Drive') https://osm.org/?mlat=29.866830198303827&mlon=-90.08923192682538&zoom=16
address does not match a street: (None, '4213', 'Ben Michael Drive') https://osm.org/?mlat=29.866468675422063&mlon=-90.08919307132074&zoom=16
address does not match a street: (None, '4216', 'Ben Michael Drive') https://osm.org/?mlat=29.86681619934184&mlon=-90.08943322281738&zoom=16
address does not match a street: (None, '4220', 'Ben Michael Drive') https://osm.org/?mlat=29.866857699571096&mlon=-90.08965133134195&zoom=16
address does not match a street: (None, '4312', 'Lizabeth Street') https://osm.org/?mlat=29.865958038366646&mlon=-90.09167295589765&zoom=16
address does not match a street: (None, '4225', 'Ben Michael Drive') https://osm.org/?mlat=29.866469930479127&mlon=-90.08985270466682&zoom=16
address does not match a street: (None, '4224', 'Ben Michael Drive') https://osm.org/?mlat=29.86673989175793&mlon=-90.08987822982617&zoom=16
address does not match a street: (None, '4221', 'Ben Michael Drive') https://osm.org/?mlat=29.8664153835792&mlon=-90.08959523354908&zoom=16
address does not match a street: (None, '4217', 'Ben Michael Drive') https://osm.org/?mlat=29.866403068429367&mlon=-90.08936726689093&zoom=16
address does not match a street: (None, '4320', 'Lizabeth Street') https://osm.org/?mlat=29.8659267254977&mlon=-90.09206976090147&zoom=16
address does not match a street: (None, '4324', 'Lizabeth Street') https://osm.org/?mlat=29.865912140762347&mlon=-90.09223632079836&zoom=16
address does not match a street: (None, '4328', 'Lizabeth Street') https://osm.org/?mlat=29.865925463468024&mlon=-90.0924419425376&zoom=16
address does not match a street: (None, '4329', 'Lizabeth Street') https://osm.org/?mlat=29.865485387489485&mlon=-90.0924252580843&zoom=16
address does not match a street: (None, '4333', 'Lizabeth Street') https://osm.org/?mlat=29.865514505809383&mlon=-90.09261276413851&zoom=16
address does not match a street: (None, '2101', 'Tezcuco Lane') https://osm.org/?mlat=29.86605627230288&mlon=-90.09323049852892&zoom=16
address does not match a street: (None, '2105', 'Tezcuco Lane') https://osm.org/?mlat=29.865932881153906&mlon=-90.09323838659552&zoom=16
address does not match a street: (None, '4301', 'Lizabeth Street') https://osm.org/?mlat=29.865611396442407&mlon=-90.091069350371&zoom=16
address does not match a street: (None, '4305', 'Lizabeth Street') https://osm.org/?mlat=29.865619939191564&mlon=-90.09129092672114&zoom=16
address does not match a street: (None, '4309', 'Lizabeth Street') https://osm.org/?mlat=29.86558364407381&mlon=-90.09147707020486&zoom=16
address does not match a street: (None, '4313', 'Lizabeth Street') https://osm.org/?mlat=29.865622693970845&mlon=-90.0916627840289&zoom=16
address does not match a street: (None, '4317', 'Lizabeth Street') https://osm.org/?mlat=29.865585555069657&mlon=-90.09185154232651&zoom=16
address does not match a street: (None, '4325', 'Lizabeth Street') https://osm.org/?mlat=29.865562910794466&mlon=-90.09221800209664&zoom=16
address does not match a street: (None, '4104', 'Ben Michael Drive') https://osm.org/?mlat=29.866928556312633&mlon=-90.08845692987137&zoom=16
address does not match a street: (None, '4204', 'Ben Michael Drive') https://osm.org/?mlat=29.866845526027824&mlon=-90.08888117666037&zoom=16
address does not match a street: (None, '4200', 'Ben Michael Drive') https://osm.org/?mlat=29.866865585404316&mlon=-90.08868484007347&zoom=16
address does not match a street: (None, '66', 'Burleigh Court South') https://osm.org/?mlat=29.869141100580386&mlon=-90.096339015823&zoom=16
address does not match a street: (None, '4101', 'Ben Michael Drive') https://osm.org/?mlat=29.86658124095373&mlon=-90.0882108877256&zoom=16
address does not match a street: (None, '4105', 'Ben Michael Drive') https://osm.org/?mlat=29.866557325363726&mlon=-90.08844172962927&zoom=16
address does not match a street: (None, '4201', 'Ben Michael Drive') https://osm.org/?mlat=29.86649439128733&mlon=-90.0886178738604&zoom=16
address does not match a street: (None, '4205', 'Ben Michael Drive') https://osm.org/?mlat=29.86653738894623&mlon=-90.08879968621338&zoom=16
address does not match a street: (None, '4209', 'Ben Michael Drive') https://osm.org/?mlat=29.86652362470916&mlon=-90.08903200279057&zoom=16
address does not match a street: (None, '71', 'Burleigh Court South') https://osm.org/?mlat=29.868977918598866&mlon=-90.0957921615199&zoom=16
address does not match a street: (None, '82', 'Burleigh Court South') https://osm.org/?mlat=29.868176739347714&mlon=-90.09628725223953&zoom=16
address does not match a street: (None, '4100', 'Ben Michael Drive') https://osm.org/?mlat=29.866903972872276&mlon=-90.08827207377823&zoom=16
address does not match a street: (None, '2741', 'Magnolia Lawn Drive') https://osm.org/?mlat=29.862375249269125&mlon=-90.08823257937514&zoom=16
address does not match a street: (None, '2745', 'Magnolia Lawn Drive') https://osm.org/?mlat=29.862160489289895&mlon=-90.08827100164254&zoom=16
address does not match a street: (None, '4932', 'Blanca Court') https://osm.org/?mlat=29.866220625378887&mlon=-90.09617853338622&zoom=16
address does not match a street: (None, '4916', 'Blanca Court') https://osm.org/?mlat=29.866388398833603&mlon=-90.09555626656376&zoom=16
address has no house number: (None, None, 'Anchorage Drive') https://osm.org/?mlat=29.86892271015744&mlon=-90.09671641855864&zoom=16
address does not match a street: (None, '4321', 'Lizabeth Street') https://osm.org/?mlat=29.865551128268777&mlon=-90.09203688697691&zoom=16
address does not match a street: (None, '2109', 'Tezcuco Lane') https://osm.org/?mlat=29.865678738709914&mlon=-90.09311895342337&zoom=16
address does not match a street: (None, '2113', 'Tezcuco Lane') https://osm.org/?mlat=29.865540462672143&mlon=-90.0931985942244&zoom=16
address does not match a street: (None, '2112', 'Tezcuco Lane') https://osm.org/?mlat=29.86544895817364&mlon=-90.09345669912459&zoom=16
address does not match a street: (None, '2108', 'Tezcuco Lane') https://osm.org/?mlat=29.865520960329196&mlon=-90.09364930123576&zoom=16
address does not match a street: (None, '2104', 'Tezcuco Lane') https://osm.org/?mlat=29.865765483919624&mlon=-90.09369299005397&zoom=16
address does not match a street: (None, '2100', 'Tezcuco Lane') https://osm.org/?mlat=29.865953758360444&mlon=-90.09366834532804&zoom=16
address does not match a street: (None, '70', 'Burleigh Court South') https://osm.org/?mlat=29.868958412117784&mlon=-90.09629909762216&zoom=16
address does not match a street: (None, '2211', 'Peregrine Circle') https://osm.org/?mlat=29.86456618221556&mlon=-90.09503956812138&zoom=16
address does not match a street: (None, '2212', 'Red Shoulder Lane') https://osm.org/?mlat=29.86469660254331&mlon=-90.09376907340885&zoom=16
address does not match a street: (None, '4780', 'Bald Eagle Park') https://osm.org/?mlat=29.864094267424434&mlon=-90.09495677476053&zoom=16
address does not match a street: (None, '4760', 'Bald Eagle Park') https://osm.org/?mlat=29.864105635765227&mlon=-90.09476984518486&zoom=16
address does not match a street: (None, '4481', 'Bald Eagle Park') https://osm.org/?mlat=29.865211221557765&mlon=-90.09221117739854&zoom=16
address does not match a street: (None, '4740', 'Bald Eagle Park') https://osm.org/?mlat=29.864127187824682&mlon=-90.09457702660326&zoom=16
address does not match a street: (None, '4720', 'Bald Eagle Park') https://osm.org/?mlat=29.86413608617858&mlon=-90.09439411493267&zoom=16
address does not match a street: (None, '4700', 'Bald Eagle Park') https://osm.org/?mlat=29.864217615811118&mlon=-90.0942191204836&zoom=16
address does not match a street: (None, '4680', 'Bald Eagle Park') https://osm.org/?mlat=29.86417503177216&mlon=-90.094018277986&zoom=16
address does not match a street: (None, '4620', 'Bald Eagle Park') https://osm.org/?mlat=29.864225145511575&mlon=-90.09324988680898&zoom=16
address does not match a street: (None, '4660', 'Bald Eagle Park') https://osm.org/?mlat=29.86419655974729&mlon=-90.09382302162713&zoom=16
address does not match a street: (None, '2204', 'Red Tail Circle') https://osm.org/?mlat=29.86503514903077&mlon=-90.09464757492013&zoom=16
address does not match a street: (None, '4461', 'Bald Eagle Park') https://osm.org/?mlat=29.865281606441084&mlon=-90.09201027116117&zoom=16
address does not match a street: (None, '4901', 'Blanca Court') https://osm.org/?mlat=29.866680565441506&mlon=-90.09421350013423&zoom=16
address does not match a street: (None, '4840', 'Bald Eagle Park') https://osm.org/?mlat=29.864112678515095&mlon=-90.09552660955532&zoom=16
address does not match a street: (None, '4820', 'Bald Eagle Park') https://osm.org/?mlat=29.86413491356617&mlon=-90.09534689484208&zoom=16
address does not match a street: (None, '4800', 'Bald Eagle Park') https://osm.org/?mlat=29.86414858851376&mlon=-90.09515727632427&zoom=16
address has no house number: (None, None, 'Cousins Boulevard') https://osm.org/?mlat=29.86589794432832&mlon=-90.0958546947136&zoom=16
address does not match a street: (None, '4912', 'Blanca Court') https://osm.org/?mlat=29.866404517699735&mlon=-90.09530105219524&zoom=16
address does not match a street: (None, '4900', 'Blanca Court') https://osm.org/?mlat=29.86651136585123&mlon=-90.0946494387356&zoom=16
address does not match a street: (None, '78', 'Burleigh Court South') https://osm.org/?mlat=29.868463629055622&mlon=-90.09632518481098&zoom=16
address has no house number: (None, None, 'Cousins Boulevard') https://osm.org/?mlat=29.867501772742294&mlon=-90.09014616563091&zoom=16
address does not match a street: (None, '4520', 'Bald Eagle Park') https://osm.org/?mlat=29.864431667712317&mlon=-90.09217244290961&zoom=16
address does not match a street: (None, '4361', 'Bald Eagle Park') https://osm.org/?mlat=29.86542510940758&mlon=-90.09106423096887&zoom=16
address does not match a street: (None, '2223', 'Harris Circle') https://osm.org/?mlat=29.86443092576842&mlon=-90.09129352384383&zoom=16
address does not match a street: (None, '4400', 'Bald Eagle Park') https://osm.org/?mlat=29.86497611619359&mlon=-90.09143542372614&zoom=16
address does not match a street: (None, '2220', 'Raptor Circle') https://osm.org/?mlat=29.86476927270232&mlon=-90.09112844836476&zoom=16
address does not match a street: (None, '4421', 'Bald Eagle Park') https://osm.org/?mlat=29.865388013901804&mlon=-90.09163504245817&zoom=16
address does not match a street: (None, '4401', 'Bald Eagle Park') https://osm.org/?mlat=29.865405266285673&mlon=-90.09143739957598&zoom=16
address does not match a street: (None, '2212', 'Peregrine Circle') https://osm.org/?mlat=29.864595204767223&mlon=-90.09548509040027&zoom=16
address does not match a street: (None, '2208', 'Peregrine Circle') https://osm.org/?mlat=29.86471795838878&mlon=-90.09574430670878&zoom=16
address does not match a street: (None, '2204', 'Peregrine Circle') https://osm.org/?mlat=29.864897468596038&mlon=-90.09564238778962&zoom=16
address does not match a street: (None, '2200', 'Peregrine Circle') https://osm.org/?mlat=29.865075896642356&mlon=-90.09542545147302&zoom=16
address does not match a street: (None, '2203', 'Peregrine Circle') https://osm.org/?mlat=29.865112963420206&mlon=-90.09510290272995&zoom=16
address does not match a street: (None, '2207', 'Peregrine Circle') https://osm.org/?mlat=29.864857626085275&mlon=-90.09496036155272&zoom=16
address does not match a street: (None, '2212', 'Red Tail Circle') https://osm.org/?mlat=29.864653153384815&mlon=-90.09454111592734&zoom=16
address does not match a street: (None, '2208', 'Red Tail Circle') https://osm.org/?mlat=29.864817833833886&mlon=-90.09463876763878&zoom=16
address does not match a street: (None, '2219', 'Harris Circle') https://osm.org/?mlat=29.864715840350872&mlon=-90.09131922871529&zoom=16
address does not match a street: (None, '2216', 'Raptor Circle') https://osm.org/?mlat=29.864939205139212&mlon=-90.09112633473343&zoom=16
address does not match a street: (None, '2224', 'Raptor Circle') https://osm.org/?mlat=29.86461100229504&mlon=-90.09101586108018&zoom=16
address does not match a street: (None, '2223', 'Raptor Circle') https://osm.org/?mlat=29.864602584075232&mlon=-90.09057480166045&zoom=16
address does not match a street: (None, '2219', 'Raptor Circle') https://osm.org/?mlat=29.864772240938564&mlon=-90.09054344128633&zoom=16
address does not match a street: (None, '2215', 'Raptor Circle') https://osm.org/?mlat=29.864944574352453&mlon=-90.0905705460657&zoom=16
address does not match a street: (None, '4360', 'Bald Eagle Park') https://osm.org/?mlat=29.865005215521098&mlon=-90.0911425761265&zoom=16
address does not match a street: (None, '4300', 'Bald Eagle Park') https://osm.org/?mlat=29.86502956449973&mlon=-90.09057192522887&zoom=16
address does not match a street: (None, '4381', 'Bald Eagle Park') https://osm.org/?mlat=29.865403447384757&mlon=-90.09124486836927&zoom=16
address does not match a street: (None, '4341', 'Bald Eagle Park') https://osm.org/?mlat=29.865440053053607&mlon=-90.09084711735274&zoom=16
address does not match a street: (None, '4321', 'Bald Eagle Park') https://osm.org/?mlat=29.865440679417663&mlon=-90.09068867964142&zoom=16
address does not match a street: (None, '4281', 'Bald Eagle Park') https://osm.org/?mlat=29.865454055599958&mlon=-90.09030584209493&zoom=16
address does not match a street: (None, '4441', 'Bald Eagle Park') https://osm.org/?mlat=29.86536865972322&mlon=-90.09183514919134&zoom=16
address does not match a street: (None, '2204', 'Harrier Place') https://osm.org/?mlat=29.8655999080447&mlon=-90.08892466376004&zoom=16
address does not match a street: (None, '2200', 'Harrier Place') https://osm.org/?mlat=29.865611655655012&mlon=-90.08870941421736&zoom=16
address does not match a street: (None, '2207', 'Harrier Place') https://osm.org/?mlat=29.865603807144353&mlon=-90.08817175569216&zoom=16
address does not match a street: (None, '2215', 'Harrier Place') https://osm.org/?mlat=29.865101148144962&mlon=-90.08807996143494&zoom=16
address does not match a street: (None, '2219', 'Harrier Place') https://osm.org/?mlat=29.864875154186684&mlon=-90.08808910611273&zoom=16
address does not match a street: (None, '2223', 'Harrier Place') https://osm.org/?mlat=29.864692998417866&mlon=-90.08806923440925&zoom=16
address does not match a street: (None, '4080', 'Bald Eagle Park') https://osm.org/?mlat=29.86460708792049&mlon=-90.08860489419058&zoom=16
address does not match a street: (None, '4601', 'Bald Eagle Park') https://osm.org/?mlat=29.864653182544924&mlon=-90.09323334576443&zoom=16
address does not match a street: (None, '4581', 'Bald Eagle Park') https://osm.org/?mlat=29.864745274713453&mlon=-90.09286172181871&zoom=16
address does not match a street: (None, '4561', 'Bald Eagle Park') https://osm.org/?mlat=29.865086934987918&mlon=-90.09304759354538&zoom=16
address does not match a street: (None, '4860', 'Bald Eagle Park') https://osm.org/?mlat=29.864027871240655&mlon=-90.0957137866115&zoom=16
address does not match a street: (None, '4261', 'Bald Eagle Park') https://osm.org/?mlat=29.865452119807653&mlon=-90.09010112533029&zoom=16
address does not match a street: (None, '4640', 'Bald Eagle Park') https://osm.org/?mlat=29.864215916954063&mlon=-90.09362291762754&zoom=16
address does not match a street: (None, '4600', 'Bald Eagle Park') https://osm.org/?mlat=29.864240161748704&mlon=-90.09304008753946&zoom=16
address does not match a street: (None, '4580', 'Bald Eagle Park') https://osm.org/?mlat=29.86425958674432&mlon=-90.09284729367805&zoom=16
address does not match a street: (None, '4560', 'Bald Eagle Park') https://osm.org/?mlat=29.864272661822316&mlon=-90.09265701742494&zoom=16
address does not match a street: (None, '4540', 'Bald Eagle Park') https://osm.org/?mlat=29.864300352494443&mlon=-90.09243974820511&zoom=16
address does not match a street: (None, '4500', 'Bald Eagle Park') https://osm.org/?mlat=29.864723137933645&mlon=-90.09221756794855&zoom=16
address does not match a street: (None, '4521', 'Bald Eagle Park') https://osm.org/?mlat=29.865318600257826&mlon=-90.09260842385733&zoom=16
address does not match a street: (None, '4501', 'Bald Eagle Park') https://osm.org/?mlat=29.865237689366452&mlon=-90.0923798480268&zoom=16
address does not match a street: (None, '2200', 'Red Tail Circle') https://osm.org/?mlat=29.865177213747764&mlon=-90.09447326498771&zoom=16
address does not match a street: (None, '2203', 'Red Tail Circle') https://osm.org/?mlat=29.865188195847093&mlon=-90.09422005919716&zoom=16
address does not match a street: (None, '2207', 'Red Tail Circle') https://osm.org/?mlat=29.864952618277584&mlon=-90.09404660028608&zoom=16
address does not match a street: (None, '2211', 'Red Tail Circle') https://osm.org/?mlat=29.864690181859793&mlon=-90.094214734474&zoom=16
address does not match a street: (None, '4741', 'Bald Eagle Park') https://osm.org/?mlat=29.86457676512603&mlon=-90.09459190999208&zoom=16
address does not match a street: (None, '4701', 'Bald Eagle Park') https://osm.org/?mlat=29.864596398784165&mlon=-90.09419289186414&zoom=16
address does not match a street: (None, '2211', 'Red Shoulder Lane') https://osm.org/?mlat=29.864754453105967&mlon=-90.0933706059581&zoom=16
address does not match a street: (None, '2207', 'Red Shoulder Lane') https://osm.org/?mlat=29.86495158692351&mlon=-90.09332428553788&zoom=16
address does not match a street: (None, '2200', 'Red Shoulder Lane') https://osm.org/?mlat=29.865207717686527&mlon=-90.09367696388786&zoom=16
address does not match a street: (None, '2208', 'Red Shoulder Lane') https://osm.org/?mlat=29.864874282921463&mlon=-90.09391265270084&zoom=16
address does not match a street: (None, '4100', 'Bald Eagle Park') https://osm.org/?mlat=29.86458961705823&mlon=-90.08879806898247&zoom=16
address does not match a street: (None, '2224', 'Harrier Place') https://osm.org/?mlat=29.86468643481504&mlon=-90.08854063997025&zoom=16
address does not match a street: (None, '2204', 'Red Shoulder Lane') https://osm.org/?mlat=29.86515698056112&mlon=-90.09392864357487&zoom=16
address does not match a street: (None, '4241', 'Bald Eagle Park') https://osm.org/?mlat=29.86549070453656&mlon=-90.08991296555637&zoom=16
address does not match a street: (None, '4221', 'Bald Eagle Park') https://osm.org/?mlat=29.865527354808965&mlon=-90.08970689662483&zoom=16
address does not match a street: (None, '4201', 'Bald Eagle Park') https://osm.org/?mlat=29.865414211180163&mlon=-90.08940463158298&zoom=16
address does not match a street: (None, '4181', 'Bald Eagle Park') https://osm.org/?mlat=29.865144618050852&mlon=-90.08946809160794&zoom=16
address does not match a street: (None, '4120', 'Bald Eagle Park') https://osm.org/?mlat=29.864585929564814&mlon=-90.0889910730055&zoom=16
address does not match a street: (None, '4140', 'Bald Eagle Park') https://osm.org/?mlat=29.864565582409572&mlon=-90.08917163191934&zoom=16
address does not match a street: (None, '4141', 'Bald Eagle Park') https://osm.org/?mlat=29.864976818215943&mlon=-90.08921712063974&zoom=16
address does not match a street: (None, '4180', 'Bald Eagle Park') https://osm.org/?mlat=29.8645390282717&mlon=-90.089570531291&zoom=16
address does not match a street: (None, '4200', 'Bald Eagle Park') https://osm.org/?mlat=29.86450246886142&mlon=-90.08978608631108&zoom=16
address does not match a street: (None, '4220', 'Bald Eagle Park') https://osm.org/?mlat=29.864494522404158&mlon=-90.09011199925568&zoom=16
address does not match a street: (None, '4240', 'Bald Eagle Park') https://osm.org/?mlat=29.86471581116091&mlon=-90.09018832597708&zoom=16
address does not match a street: (None, '4260', 'Bald Eagle Park') https://osm.org/?mlat=29.864906685042882&mlon=-90.0902555413217&zoom=16
address does not match a street: (None, '2216', 'Harrier Place') https://osm.org/?mlat=29.865093681768904&mlon=-90.08903852192404&zoom=16
address does not match a street: (None, '2212', 'Harrier Place') https://osm.org/?mlat=29.865291028823304&mlon=-90.08920687956086&zoom=16
address does not match a street: (None, '2228', 'Harris Circle') https://osm.org/?mlat=29.86436864490402&mlon=-90.09167208976625&zoom=16
address does not match a street: (None, '4924', 'Blanca Court') https://osm.org/?mlat=29.866411911265377&mlon=-90.09588962006251&zoom=16
address does not match a street: (None, '4928', 'Blanca Court') https://osm.org/?mlat=29.866305654587002&mlon=-90.09601419392997&zoom=16
address does not match a street: (None, '4905', 'Blanca Court') https://osm.org/?mlat=29.86653062443075&mlon=-90.09418523294713&zoom=16
address does not match a street: (None, '2216', 'Harris Circle') https://osm.org/?mlat=29.86486244378004&mlon=-90.09180770945328&zoom=16
address does not match a street: (None, '4541', 'Bald Eagle Park') https://osm.org/?mlat=29.865243321558747&mlon=-90.09281180761272&zoom=16
address does not match a street: (None, '4460', 'Bald Eagle Park') https://osm.org/?mlat=29.864919888984424&mlon=-90.0919042841576&zoom=16
address does not match a street: (None, '2220', 'Harris Circle') https://osm.org/?mlat=29.864721337234904&mlon=-90.09190119759194&zoom=16
address does not match a street: (None, '2224', 'Harris Circle') https://osm.org/?mlat=29.86446920519917&mlon=-90.09184345150429&zoom=16
address does not match a street: (None, '4841', 'Bald Eagle Park') https://osm.org/?mlat=29.864523709759105&mlon=-90.09570070146248&zoom=16
address does not match a street: (None, '2215', 'Harris Circle') https://osm.org/?mlat=29.86488595788987&mlon=-90.09133661227241&zoom=16
address does not match a street: (None, '4301', 'Bald Eagle Park') https://osm.org/?mlat=29.86544527814359&mlon=-90.09050094306257&zoom=16
address does not match a street: (None, '2203', 'Harrier Place') https://osm.org/?mlat=29.865628587293983&mlon=-90.08845930515945&zoom=16
address does not match a street: (None, '4160', 'Bald Eagle Park') https://osm.org/?mlat=29.86456207392707&mlon=-90.08938361207055&zoom=16
address does not match a street: (None, '2203', 'Red Shoulder Lane') https://osm.org/?mlat=29.865139271376613&mlon=-90.09340238882358&zoom=16
address does not match a street: (None, '4908', 'Blanca Court') https://osm.org/?mlat=29.866424920607763&mlon=-90.09510741230739&zoom=16
address does not match a street: (None, '2208', 'Harrier Place') https://osm.org/?mlat=29.865381005889013&mlon=-90.08900418139172&zoom=16
address does not match a street: (None, '2753', 'Magnolia Lawn Drive') https://osm.org/?mlat=29.86178614067201&mlon=-90.08827902320455&zoom=16
address does not match a street: (None, '2228', 'Raptor Circle') https://osm.org/?mlat=29.864527818826755&mlon=-90.09075609734977&zoom=16
address does not match a street: (None, '2211', 'Harrier Place') https://osm.org/?mlat=29.865343893264782&mlon=-90.08809275090185&zoom=16
