address does not match a street: (None, '229', 'Kielman Avenue') https://osm.org/?mlat=29.939041135933067&mlon=-90.19561390520136&zoom=16
address does not match a street: (None, '183', 'Oakland Avenue') https://osm.org/?mlat=29.93607798622797&mlon=-90.19734008866929&zoom=16
address does not match a street: (None, '146', 'Elodie Avenue') https://osm.org/?mlat=29.938107082074332&mlon=-90.19379359152623&zoom=16
address does not match a street: (None, '45', 'Elodie Avenue') https://osm.org/?mlat=29.93607534629788&mlon=-90.19161910529277&zoom=16
address does not match a street: (None, '41', 'Elodie Avenue') https://osm.org/?mlat=29.935994927994436&mlon=-90.19157265550405&zoom=16
address does not match a street: (None, '37', 'Elodie Avenue') https://osm.org/?mlat=29.93593681842811&mlon=-90.19150370089332&zoom=16
address has no house number: (None, None, 'Jefferson Highway') https://osm.org/?mlat=29.94278578817747&mlon=-90.18727310003757&zoom=16
address does not match a street: (None, '265', 'Funston Street') https://osm.org/?mlat=29.94265768839657&mlon=-90.19246542225771&zoom=16
address does not match a street: (None, '126', 'Elodie Avenue') https://osm.org/?mlat=29.93740592253782&mlon=-90.1931699876574&zoom=16
address does not match a street: (None, '122', 'Elodie Avenue') https://osm.org/?mlat=29.937291125601774&mlon=-90.1929796640042&zoom=16
address does not match a street: (None, '118', 'Elodie Avenue') https://osm.org/?mlat=29.93718313385168&mlon=-90.19285314029848&zoom=16
address does not match a street: (None, '112', 'Elodie Avenue') https://osm.org/?mlat=29.936961720490697&mlon=-90.1926948983039&zoom=16
address does not match a street: (None, '106', 'Elodie Avenue') https://osm.org/?mlat=29.936810386391812&mlon=-90.19240020422357&zoom=16
address does not match a street: (None, '142', 'Elodie Avenue') https://osm.org/?mlat=29.937633533113654&mlon=-90.19339419388525&zoom=16
address does not match a street: (None, '156', 'Elodie Avenue') https://osm.org/?mlat=29.937845479239222&mlon=-90.19361103867452&zoom=16
address does not match a street: (None, '179', 'Oakland Avenue') https://osm.org/?mlat=29.93592134450416&mlon=-90.19737058106571&zoom=16
address does not match a street: (None, '140', 'Elodie Avenue') https://osm.org/?mlat=29.93747256095258&mlon=-90.19328550044152&zoom=16
address does not match a street: (None, '219', 'Funston Street') https://osm.org/?mlat=29.941655494057237&mlon=-90.19190951743873&zoom=16
address does not match a street: (None, '215', 'Funston Street') https://osm.org/?mlat=29.94147362388938&mlon=-90.19181458727866&zoom=16
address does not match a street: (None, '225', 'Funston Street') https://osm.org/?mlat=29.94196004394558&mlon=-90.1921867381643&zoom=16
address does not match a street: (None, '223', 'Funston Street') https://osm.org/?mlat=29.941949494064456&mlon=-90.19206033296533&zoom=16
address does not match a street: (None, '231', 'Funston Street') https://osm.org/?mlat=29.942024740317187&mlon=-90.19229940199999&zoom=16
address does not match a street: (None, '227', 'Funston Street') https://osm.org/?mlat=29.942082744614734&mlon=-90.19211597658064&zoom=16
address does not match a street: (None, '202', 'Funston Street') https://osm.org/?mlat=29.941421085702853&mlon=-90.1923133992253&zoom=16
address does not match a street: (None, '200', 'Funston Street') https://osm.org/?mlat=29.94154573037613&mlon=-90.19233601612189&zoom=16
address does not match a street: (None, '40', 'Elodie Avenue') https://osm.org/?mlat=29.935924245327644&mlon=-90.19199979390339&zoom=16
address does not match a street: (None, '100', 'Elodie Avenue') https://osm.org/?mlat=29.936159354712224&mlon=-90.19215141738661&zoom=16
address does not match a street: (None, '235', 'Kielman Avenue') https://osm.org/?mlat=29.938880859400676&mlon=-90.19580234745632&zoom=16
address does not match a street: (None, '321', 'Funston Street') https://osm.org/?mlat=29.944298621213566&mlon=-90.19344610682052&zoom=16
address does not match a street: (None, '325', 'Funston Street') https://osm.org/?mlat=29.94450757714541&mlon=-90.1935297592441&zoom=16
address does not match a street: (None, '255', 'Funston Street') https://osm.org/?mlat=29.94230728974596&mlon=-90.1922606580824&zoom=16
address does not match a street: (None, '301', 'Funston Street') https://osm.org/?mlat=29.943466750351288&mlon=-90.1929246359939&zoom=16
address does not match a street: (None, '114', 'Elodie Avenue') https://osm.org/?mlat=29.937058445364602&mlon=-90.19274762289453&zoom=16
address does not match a street: (None, '141', 'Elodie Avenue') https://osm.org/?mlat=29.93780027758014&mlon=-90.19321550583305&zoom=16
address does not match a street: (None, '278', 'Funston Street') https://osm.org/?mlat=29.943008092150944&mlon=-90.19301043418291&zoom=16
address does not match a street: (None, '275', 'Funston Street') https://osm.org/?mlat=29.943095667717586&mlon=-90.19270378869284&zoom=16
address does not match a street: (None, '301A', 'Funston Street') https://osm.org/?mlat=29.94374098358284&mlon=-90.19294671945359&zoom=16
address does not match a street: (None, '303', 'Funston Street') https://osm.org/?mlat=29.943839931945742&mlon=-90.19301575750467&zoom=16
