address does not match a street: (None, '4717', 'Sturtz Drive') https://osm.org/?mlat=29.992401254672586&mlon=-90.1857710604553&zoom=16
address does not match a street: (None, '4741', 'Sturtz Drive') https://osm.org/?mlat=29.992456284549313&mlon=-90.18672133423748&zoom=16
address does not match a street: (None, '4720', 'Sturtz Drive') https://osm.org/?mlat=29.991979920773353&mlon=-90.18570324781895&zoom=16
address does not match a street: (None, '4729', 'Sturtz Drive') https://osm.org/?mlat=29.99243849065786&mlon=-90.1862571424596&zoom=16
address does not match a street: (None, '4725', 'Sturtz Drive') https://osm.org/?mlat=29.99242878265234&mlon=-90.18608981907862&zoom=16
address has no house number: (None, None, 'North Woodlawn Avenue') https://osm.org/?mlat=29.98422621180024&mlon=-90.17797733744162&zoom=16
address does not match a street: (None, '4737', 'Sturtz Drive') https://osm.org/?mlat=29.992468794649664&mlon=-90.18657902855885&zoom=16
address has no house number: (None, None, 'North Woodlawn Avenue') https://osm.org/?mlat=29.986152379000497&mlon=-90.1779394699108&zoom=16
address does not match a street: (None, '1020', 'Clearview Parkway West') https://osm.org/?mlat=29.984171641957392&mlon=-90.18084940837211&zoom=16
address does not match a street: (None, '4724', 'Sturtz Drive') https://osm.org/?mlat=29.992077071668284&mlon=-90.18612229671987&zoom=16
address does not match a street: (None, '4721', 'Sturtz Drive') https://osm.org/?mlat=29.99239726980682&mlon=-90.1859448606179&zoom=16
address does not match a street: (None, '4733', 'Sturtz Drive') https://osm.org/?mlat=29.99245633738262&mlon=-90.18641173671364&zoom=16
address has no house number: (None, None, 'Harvard Avenue') https://osm.org/?mlat=29.99274248031338&mlon=-90.18676361572746&zoom=16
address has no house number: (None, None, 'Houma Boulevard') https://osm.org/?mlat=29.992575515353916&mlon=-90.17710876241556&zoom=16
address has no house number: (None, None, 'Butternut Avenue') https://osm.org/?mlat=29.991976724799265&mlon=-90.18461371592672&zoom=16
address has no house number: (None, None, 'Apple Street') https://osm.org/?mlat=29.991147083916108&mlon=-90.18546060507836&zoom=16
address does not match a street: (None, '1109', 'Clearview Parkway East') https://osm.org/?mlat=29.984477290942987&mlon=-90.18028521558153&zoom=16
address does not match a street: (None, '1113', 'Clearview Parkway East') https://osm.org/?mlat=29.984732756383504&mlon=-90.18033832595785&zoom=16
address has no house number: (None, None, 'Clearview Parkway') https://osm.org/?mlat=29.992401734650862&mlon=-90.181087262736&zoom=16
address does not match a street: (None, '1329', 'Clearview Parkway East') https://osm.org/?mlat=29.987046200205057&mlon=-90.18063297386479&zoom=16
new building tag (addr:street=Clearview Parkway East) does not match the old one (addr:street=Clearview Parkway)
address has no house number: (None, None, 'Shaw Street') https://osm.org/?mlat=29.98815247660478&mlon=-90.18048988206068&zoom=16
