address does not match a street: (None, '800', 'Rue Burgundy Drive') https://osm.org/?mlat=29.993203419230163&mlon=-90.13090249289179&zoom=16
address does not match a street: (None, '401', 'Rue SaintPeter') https://osm.org/?mlat=29.993025778483823&mlon=-90.13039517422094&zoom=16
address does not match a street: (None, '800', 'Rue Burgundy Drive') https://osm.org/?mlat=29.993196023691844&mlon=-90.13079246121889&zoom=16
address does not match a street: (None, '800', 'Rue Burgundy Drive') https://osm.org/?mlat=29.99319975545131&mlon=-90.1308511473381&zoom=16
address does not match a street: (None, '800', 'Rue Burgundy Drive') https://osm.org/?mlat=29.99316730399843&mlon=-90.13079647765487&zoom=16
address does not match a street: (None, '800', 'Rue Burgundy Drive') https://osm.org/?mlat=29.993220982794224&mlon=-90.13071465644062&zoom=16
address does not match a street: (None, '108', 'HollyGrove Avenue') https://osm.org/?mlat=29.9952219024013&mlon=-90.12453752055447&zoom=16
address does not match a street: (None, '208', 'North I 10 Service Road') https://osm.org/?mlat=29.99674598217054&mlon=-90.12550159521759&zoom=16
address has no house number: (None, None, 'Focis Street') https://osm.org/?mlat=29.99336618819188&mlon=-90.12981096735574&zoom=16
address has no house number: (None, None, 'Focis Street') https://osm.org/?mlat=29.993304804320243&mlon=-90.12980577211101&zoom=16
address does not match a street: (None, '206', 'HollyGrove Avenue') https://osm.org/?mlat=29.99532113686967&mlon=-90.12546198324452&zoom=16
address does not match a street: (None, '204', 'HollyGrove Avenue') https://osm.org/?mlat=29.995279892052245&mlon=-90.12546248273061&zoom=16
address does not match a street: (None, '207', 'HollyGrove Avenue') https://osm.org/?mlat=29.99564200673916&mlon=-90.12536647856543&zoom=16
address does not match a street: (None, '211', 'HollyGrove Avenue') https://osm.org/?mlat=29.995668579677286&mlon=-90.1255651908224&zoom=16
address does not match a street: (None, '202', 'North I 10 Service Road') https://osm.org/?mlat=29.996726469497283&mlon=-90.12517326381753&zoom=16
address does not match a street: (None, '104', 'HollyGrove Avenue') https://osm.org/?mlat=29.995225342008737&mlon=-90.12431317158392&zoom=16
address does not match a street: (None, '210', 'HollyGrove Avenue') https://osm.org/?mlat=29.995284090861414&mlon=-90.1256203948348&zoom=16
address does not match a street: (None, '212', 'HollyGrove Avenue') https://osm.org/?mlat=29.99532533567934&mlon=-90.125619895414&zoom=16
address does not match a street: (None, '200', 'HollyGrove Avenue') https://osm.org/?mlat=29.995324520071637&mlon=-90.12523131626413&zoom=16
address does not match a street: (None, '204', 'North I 10 Service Road') https://osm.org/?mlat=29.996722071827797&mlon=-90.12529337066641&zoom=16
address does not match a street: (None, '204', 'North I 10 Service Road') https://osm.org/?mlat=29.996681071668956&mlon=-90.12526852131928&zoom=16
address has no house number: (None, None, 'Rue Burgundy Drive') https://osm.org/?mlat=29.99352044608638&mlon=-90.13130102141353&zoom=16
address does not match a street: (None, None, 'Rue Burgundy Drive') https://osm.org/?mlat=29.99352044608638&mlon=-90.13130102141353&zoom=16
address has no house number: (None, None, 'North I 10 Service Road') https://osm.org/?mlat=29.99673177249244&mlon=-90.12564322911344&zoom=16
address does not match a street: (None, None, 'North I 10 Service Road') https://osm.org/?mlat=29.99673177249244&mlon=-90.12564322911344&zoom=16
address does not match a street: (None, '500', 'Rue SaintAnn') https://osm.org/?mlat=29.99404136983484&mlon=-90.13089357458917&zoom=16
address does not match a street: (None, '801', 'Rue Burgundy') https://osm.org/?mlat=29.993917028714527&mlon=-90.13083320565663&zoom=16
address does not match a street: (None, '801', 'Rue Burgundy') https://osm.org/?mlat=29.993941292965882&mlon=-90.13081177498724&zoom=16
address does not match a street: (None, '801', 'Rue Burgundy') https://osm.org/?mlat=29.993974374660983&mlon=-90.13085099382728&zoom=16
address does not match a street: (None, '501', 'Rue SaintPeter') https://osm.org/?mlat=29.993848672276403&mlon=-90.13057625444793&zoom=16
address does not match a street: (None, '501', 'Rue SaintPeter') https://osm.org/?mlat=29.993877272959686&mlon=-90.13055733777936&zoom=16
address does not match a street: (None, '500', 'Rue SaintAnn') https://osm.org/?mlat=29.994063854061935&mlon=-90.130867506349&zoom=16
address does not match a street: (None, '801', 'Rue Burgundy') https://osm.org/?mlat=29.993969272856038&mlon=-90.13089991020377&zoom=16
address does not match a street: (None, '500', 'Rue SaintAnn') https://osm.org/?mlat=29.99408855790025&mlon=-90.13084185080844&zoom=16
address does not match a street: (None, '801', 'Rue Burgundy') https://osm.org/?mlat=29.993990685637783&mlon=-90.13087981056323&zoom=16
address does not match a street: (None, '801', 'Rue Burgundy') https://osm.org/?mlat=29.99394721612046&mlon=-90.13086916853817&zoom=16
address does not match a street: (None, '500', 'Rue SaintAnn') https://osm.org/?mlat=29.994016844618827&mlon=-90.13134471792922&zoom=16
address does not match a street: (None, '500', 'Rue SaintAnn') https://osm.org/?mlat=29.99417328620158&mlon=-90.13122326415164&zoom=16
address does not match a street: (None, '500', 'Rue SaintAnn') https://osm.org/?mlat=29.99407573845256&mlon=-90.13131109965889&zoom=16
address does not match a street: (None, '500', 'Rue SaintAnn') https://osm.org/?mlat=29.99406013897787&mlon=-90.13106666690915&zoom=16
address does not match a street: (None, '500', 'Rue SaintAnn') https://osm.org/?mlat=29.994286723310996&mlon=-90.13109793984583&zoom=16
address does not match a street: (None, '500', 'Rue SaintAnn') https://osm.org/?mlat=29.994072680544818&mlon=-90.13108077575238&zoom=16
address does not match a street: (None, '501', 'Rue SaintPeter') https://osm.org/?mlat=29.993541259091348&mlon=-90.13061213600416&zoom=16
address does not match a street: (None, '501', 'Rue SaintPeter') https://osm.org/?mlat=29.993530390696048&mlon=-90.13059828074996&zoom=16
address does not match a street: (None, '501', 'Rue SaintPeter') https://osm.org/?mlat=29.99364597046932&mlon=-90.13055081527281&zoom=16
address does not match a street: (None, '501', 'Rue SaintPeter') https://osm.org/?mlat=29.99355573053794&mlon=-90.13062841568279&zoom=16
address does not match a street: (None, '501', 'Rue SaintPeter') https://osm.org/?mlat=29.993624173532115&mlon=-90.13051652379981&zoom=16
address does not match a street: (None, '501', 'Rue SaintPeter') https://osm.org/?mlat=29.993635064482948&mlon=-90.13053284665627&zoom=16
address does not match a street: (None, '801', 'Rue Burgundy') https://osm.org/?mlat=29.993803061080914&mlon=-90.13104918004308&zoom=16
address does not match a street: (None, '801', 'Rue Burgundy') https://osm.org/?mlat=29.993965629092536&mlon=-90.13104968831155&zoom=16
address does not match a street: (None, '801', 'Rue Burgundy') https://osm.org/?mlat=29.993852609389418&mlon=-90.13114237137513&zoom=16
address does not match a street: (None, '801', 'Rue Burgundy') https://osm.org/?mlat=29.993733990272233&mlon=-90.13070035832192&zoom=16
address does not match a street: (None, '801', 'Rue Burgundy') https://osm.org/?mlat=29.993771395713193&mlon=-90.13079698770106&zoom=16
address does not match a street: (None, '801', 'Rue Burgundy') https://osm.org/?mlat=29.9936274071437&mlon=-90.13079214306985&zoom=16
address does not match a street: (None, '801', 'Rue Burgundy') https://osm.org/?mlat=29.993880375122135&mlon=-90.13096762182637&zoom=16
address does not match a street: (None, '801', 'Rue Burgundy') https://osm.org/?mlat=29.993791716874764&mlon=-90.13106165719265&zoom=16
address does not match a street: (None, '801', 'Rue Burgundy') https://osm.org/?mlat=29.993715522663322&mlon=-90.13071703520387&zoom=16
address does not match a street: (None, '801', 'Rue Burgundy') https://osm.org/?mlat=29.99387036828504&mlon=-90.13112652606274&zoom=16
address does not match a street: (None, '801', 'Rue Burgundy') https://osm.org/?mlat=29.99378489534571&mlon=-90.13078530646985&zoom=16
address does not match a street: (None, '801', 'Rue Burgundy') https://osm.org/?mlat=29.993686989294726&mlon=-90.13088603611658&zoom=16
address does not match a street: (None, '801', 'Rue Burgundy') https://osm.org/?mlat=29.993646560974888&mlon=-90.13077216606729&zoom=16
address does not match a street: (None, '801', 'Rue Burgundy') https://osm.org/?mlat=29.99379626958559&mlon=-90.1307761197715&zoom=16
address does not match a street: (None, '801', 'Rue Burgundy') https://osm.org/?mlat=29.993909500722246&mlon=-90.13094176587178&zoom=16
address does not match a street: (None, '801', 'Rue Burgundy') https://osm.org/?mlat=29.993703308981452&mlon=-90.13086938516601&zoom=16
address does not match a street: (None, '801', 'Rue Burgundy') https://osm.org/?mlat=29.993610379594404&mlon=-90.13080962448699&zoom=16
address does not match a street: (None, '801', 'Rue Burgundy') https://osm.org/?mlat=29.993947825132096&mlon=-90.1310605984407&zoom=16
address does not match a street: (None, '801', 'Rue Burgundy') https://osm.org/?mlat=29.993779648879418&mlon=-90.13107332113022&zoom=16
address does not match a street: (None, '501', 'Rue SaintPeter') https://osm.org/?mlat=29.993995898502348&mlon=-90.13021378004763&zoom=16
address does not match a street: (None, '801', 'Rue Burgundy') https://osm.org/?mlat=29.993896708939655&mlon=-90.13095261559208&zoom=16
address does not match a street: (None, '500', 'Rue SaintAnn') https://osm.org/?mlat=29.99435378900965&mlon=-90.13101815075952&zoom=16
address does not match a street: (None, '801', 'Rue Burgundy') https://osm.org/?mlat=29.99383982510513&mlon=-90.13115404394345&zoom=16
address does not match a street: (None, '500', 'Rue SaintAnn') https://osm.org/?mlat=29.994149156626552&mlon=-90.1311950338753&zoom=16
address does not match a street: (None, '500', 'Rue SaintAnn') https://osm.org/?mlat=29.994168168082567&mlon=-90.13097651057393&zoom=16
address does not match a street: (None, '500', 'Rue SaintAnn') https://osm.org/?mlat=29.99447526492335&mlon=-90.13093660902578&zoom=16
address does not match a street: (None, '500', 'Rue SaintAnn') https://osm.org/?mlat=29.994183633993188&mlon=-90.13099716588293&zoom=16
address does not match a street: (None, '500', 'Rue SaintAnn') https://osm.org/?mlat=29.994004283046234&mlon=-90.13132841505603&zoom=16
address does not match a street: (None, '500', 'Rue SaintAnn') https://osm.org/?mlat=29.993993640366185&mlon=-90.13131318566613&zoom=16
address does not match a street: (None, '500', 'Rue SaintAnn') https://osm.org/?mlat=29.99446653198295&mlon=-90.1309213565825&zoom=16
address does not match a street: (None, '500', 'Rue SaintAnn') https://osm.org/?mlat=29.994056353760815&mlon=-90.13127952135235&zoom=16
address does not match a street: (None, '500', 'Rue SaintAnn') https://osm.org/?mlat=29.994156520835077&mlon=-90.13095580923712&zoom=16
address does not match a street: (None, '500', 'Rue SaintAnn') https://osm.org/?mlat=29.994378902213903&mlon=-90.13104966005794&zoom=16
address does not match a street: (None, '500', 'Rue SaintAnn') https://osm.org/?mlat=29.994484932262893&mlon=-90.13094965595066&zoom=16
address does not match a street: (None, '500', 'Rue SaintAnn') https://osm.org/?mlat=29.994082377922552&mlon=-90.13109711312987&zoom=16
address does not match a street: (None, '500', 'Rue SaintAnn') https://osm.org/?mlat=29.994162673558677&mlon=-90.1312113252411&zoom=16
address does not match a street: (None, '500', 'Rue SaintAnn') https://osm.org/?mlat=29.99406604110138&mlon=-90.13129476226167&zoom=16
address does not match a street: (None, '500', 'Rue SaintAnn') https://osm.org/?mlat=29.99427319635086&mlon=-90.13108055198808&zoom=16
address does not match a street: (None, '500', 'Rue SaintAnn') https://osm.org/?mlat=29.994296390634823&mlon=-90.13111098676167&zoom=16
address does not match a street: (None, '500', 'Rue SaintAnn') https://osm.org/?mlat=29.994366320566595&mlon=-90.13103116315017&zoom=16
address does not match a street: (None, '501', 'Rue SaintPeter') https://osm.org/?mlat=29.993774010169147&mlon=-90.13035686623559&zoom=16
address does not match a street: (None, '501', 'Rue SaintPeter') https://osm.org/?mlat=29.99376999334764&mlon=-90.13062265002819&zoom=16
address does not match a street: (None, '501', 'Rue SaintPeter') https://osm.org/?mlat=29.9937462966825&mlon=-90.13058948008027&zoom=16
address does not match a street: (None, '501', 'Rue SaintPeter') https://osm.org/?mlat=29.993760305938242&mlon=-90.13060741026572&zoom=16
address does not match a street: (None, '501', 'Rue SaintPeter') https://osm.org/?mlat=29.993671654357637&mlon=-90.1304878697192&zoom=16
address does not match a street: (None, '501', 'Rue SaintPeter') https://osm.org/?mlat=29.993684209519756&mlon=-90.13050345940891&zoom=16
address does not match a street: (None, '501', 'Rue SaintPeter') https://osm.org/?mlat=29.99380148866288&mlon=-90.13038822331735&zoom=16
address does not match a street: (None, '501', 'Rue SaintPeter') https://osm.org/?mlat=29.994011810081673&mlon=-90.1302308653439&zoom=16
address does not match a street: (None, '501', 'Rue SaintPeter') https://osm.org/?mlat=29.993903605387146&mlon=-90.13049516473545&zoom=16
address does not match a street: (None, '501', 'Rue SaintPeter') https://osm.org/?mlat=29.99385327366879&mlon=-90.13027967247274&zoom=16
address does not match a street: (None, '501', 'Rue SaintPeter') https://osm.org/?mlat=29.993889915557393&mlon=-90.13048079516757&zoom=16
address does not match a street: (None, '501', 'Rue SaintPeter') https://osm.org/?mlat=29.993883887709753&mlon=-90.13046369948655&zoom=16
address does not match a street: (None, '501', 'Rue SaintPeter') https://osm.org/?mlat=29.993879315735303&mlon=-90.13030815404785&zoom=16
address does not match a street: (None, '501', 'Rue SaintPeter') https://osm.org/?mlat=29.993657137191004&mlon=-90.1304719201954&zoom=16
address does not match a street: (None, '501', 'Rue SaintPeter') https://osm.org/?mlat=29.993985678687476&mlon=-90.13019251331316&zoom=16
address does not match a street: (None, '501', 'Rue SaintPeter') https://osm.org/?mlat=29.993788448858236&mlon=-90.13037192740276&zoom=16
address does not match a street: (None, '501', 'Rue SaintPeter') https://osm.org/?mlat=29.993867630256236&mlon=-90.13029226468218&zoom=16
address has no house number: (None, None, 'Carrollton Avenue') https://osm.org/?mlat=29.99664400527108&mlon=-90.12594976257249&zoom=16
address has no house number: (None, None, 'Carrollton Avenue') https://osm.org/?mlat=29.996686178464916&mlon=-90.12573287189285&zoom=16
address does not match a street: (None, '801', 'Rue Burgundy') https://osm.org/?mlat=29.99366851415511&mlon=-90.13090189111423&zoom=16
address has no house number: (None, None, 'Papworth Avenue') https://osm.org/?mlat=29.999197186686313&mlon=-90.1261529956786&zoom=16
