address does not match a street: (None, '2441', 'East Sunnymeade Drive') https://osm.org/?mlat=29.86072418222773&mlon=-90.07949321232995&zoom=16
address does not match a street: (None, '2437', 'East Sunnymeade Drive') https://osm.org/?mlat=29.860887197155957&mlon=-90.07957319639014&zoom=16
address does not match a street: (None, '2453', 'East Sunnymeade Drive') https://osm.org/?mlat=29.86025256997074&mlon=-90.0793508478711&zoom=16
address does not match a street: (None, '2425', 'West Sunnymeade Drive') https://osm.org/?mlat=29.861082777841954&mlon=-90.08047308116736&zoom=16
address does not match a street: (None, '2428', 'East Sunnymeade Drive') https://osm.org/?mlat=29.861015655922134&mlon=-90.08006692385305&zoom=16
address does not match a street: (None, '2461', 'East Sunnymeade Drive') https://osm.org/?mlat=29.859932311814976&mlon=-90.07921920419791&zoom=16
address does not match a street: (None, '2412', 'West Sunnymeade Drive') https://osm.org/?mlat=29.86150408373036&mlon=-90.08110827045513&zoom=16
address does not match a street: (None, '2420', 'West Sunnymeade Drive') https://osm.org/?mlat=29.861194915398343&mlon=-90.08098594555432&zoom=16
address does not match a street: (None, '2405', 'West Sunnymeade Drive') https://osm.org/?mlat=29.86192988073199&mlon=-90.08077165112479&zoom=16
address does not match a street: (None, '3852', 'Deerrun Lane') https://osm.org/?mlat=29.859727539119877&mlon=-90.07707007131985&zoom=16
address does not match a street: (None, '2408', 'East Sunnymeade Drive') https://osm.org/?mlat=29.86185212178489&mlon=-90.08040348424437&zoom=16
address does not match a street: (None, '2400', 'West Sunnymeade Drive') https://osm.org/?mlat=29.861973184707594&mlon=-90.0812759179322&zoom=16
address does not match a street: (None, '2404', 'West Sunnymeade Drive') https://osm.org/?mlat=29.861832229358303&mlon=-90.08120196377433&zoom=16
address does not match a street: (None, '2452', 'East Sunnymeade Drive') https://osm.org/?mlat=29.86000359998356&mlon=-90.07977358897136&zoom=16
address does not match a street: (None, '2448', 'West Sunnymeade Drive') https://osm.org/?mlat=29.860091069573887&mlon=-90.0805833261871&zoom=16
address does not match a street: (None, '2417', 'West Sunnymeade Drive') https://osm.org/?mlat=29.861441260714017&mlon=-90.08057585555967&zoom=16
address does not match a street: (None, '2409', 'West Sunnymeade Drive') https://osm.org/?mlat=29.861775086465723&mlon=-90.08068840612864&zoom=16
address does not match a street: (None, '2412', 'East Sunnymeade Drive') https://osm.org/?mlat=29.861681099756215&mlon=-90.08034883888985&zoom=16
address does not match a street: (None, '2420', 'East Sunnymeade Drive') https://osm.org/?mlat=29.86134972269957&mlon=-90.0802047095106&zoom=16
address does not match a street: (None, '2449', 'West Sunnymeade Drive') https://osm.org/?mlat=29.860070121349867&mlon=-90.08011664857354&zoom=16
address does not match a street: (None, '2437', 'West Sunnymeade Drive') https://osm.org/?mlat=29.86057530040815&mlon=-90.08031854148993&zoom=16
address does not match a street: (None, '2440', 'East Sunnymeade Drive') https://osm.org/?mlat=29.86050240791571&mlon=-90.07988406367318&zoom=16
address does not match a street: (None, '2421', 'East Sunnymeade Drive') https://osm.org/?mlat=29.861513423549845&mlon=-90.07977987899773&zoom=16
address does not match a street: (None, '2425', 'East Sunnymeade Drive') https://osm.org/?mlat=29.861345271277564&mlon=-90.07973781901617&zoom=16
address does not match a street: (None, '2401', 'East Sunnymeade Drive') https://osm.org/?mlat=29.862299764103486&mlon=-90.08005081022237&zoom=16
address does not match a street: (None, '2405', 'East Sunnymeade Drive') https://osm.org/?mlat=29.86215073945947&mlon=-90.07999588917572&zoom=16
address does not match a street: (None, '2413', 'East Sunnymeade Drive') https://osm.org/?mlat=29.86182812245289&mlon=-90.07990528621119&zoom=16
address does not match a street: (None, '3817', 'Spencer Street') https://osm.org/?mlat=29.868874765386746&mlon=-90.08506213977618&zoom=16
address does not match a street: (None, '2441', 'West Sunnymeade Drive') https://osm.org/?mlat=29.86040122792466&mlon=-90.08023238519071&zoom=16
address does not match a street: (None, '2432', 'East Sunnymeade Drive') https://osm.org/?mlat=29.86082565658458&mlon=-90.0800409128492&zoom=16
address does not match a street: (None, '2444', 'West Sunnymeade Drive') https://osm.org/?mlat=29.860243084183583&mlon=-90.08066344948023&zoom=16
address does not match a street: (None, '2456', 'West Sunnymeade Drive') https://osm.org/?mlat=29.859782171290963&mlon=-90.08048939612475&zoom=16
address does not match a street: (None, '2457', 'East Sunnymeade Drive') https://osm.org/?mlat=29.86010614422419&mlon=-90.07928012137405&zoom=16
address does not match a street: (None, '2453', 'West Sunnymeade Drive') https://osm.org/?mlat=29.859929135243735&mlon=-90.08003954284703&zoom=16
address does not match a street: (None, '2428', 'West Sunnymeade Drive') https://osm.org/?mlat=29.860869460086363&mlon=-90.08088591079772&zoom=16
address does not match a street: (None, '2432', 'West Sunnymeade Drive') https://osm.org/?mlat=29.860720314639238&mlon=-90.080818370747&zoom=16
address does not match a street: (None, '2440', 'West Sunnymeade Drive') https://osm.org/?mlat=29.860397608873935&mlon=-90.08071830252585&zoom=16
address does not match a street: (None, '2452', 'West Sunnymeade Drive') https://osm.org/?mlat=29.859928507104886&mlon=-90.08055066031223&zoom=16
address does not match a street: (None, '2448', 'East Sunnymeade Drive') https://osm.org/?mlat=29.86015238410869&mlon=-90.07980327153993&zoom=16
address does not match a street: (None, '2465', 'Sunnymeade Court') https://osm.org/?mlat=29.859740193689014&mlon=-90.0792594763855&zoom=16
address does not match a street: (None, '2449', 'East Sunnymeade Drive') https://osm.org/?mlat=29.86040960416158&mlon=-90.07938042630441&zoom=16
address does not match a street: (None, '2445', 'East Sunnymeade Drive') https://osm.org/?mlat=29.860572527993433&mlon=-90.07945094603832&zoom=16
address does not match a street: (None, '2433', 'East Sunnymeade Drive') https://osm.org/?mlat=29.861044350726978&mlon=-90.0796153939676&zoom=16
address does not match a street: (None, '2421', 'West Sunnymeade Drive') https://osm.org/?mlat=29.86126760931355&mlon=-90.080533863251&zoom=16
address does not match a street: (None, '2429', 'East Sunnymeade Drive') https://osm.org/?mlat=29.861196246487253&mlon=-90.07968289896138&zoom=16
address does not match a street: (None, '2417', 'East Sunnymeade Drive') https://osm.org/?mlat=29.861673237393937&mlon=-90.07981257863632&zoom=16
address does not match a street: (None, '2413', 'West Sunnymeade Drive') https://osm.org/?mlat=29.86160424400797&mlon=-90.08065268730564&zoom=16
address does not match a street: (None, '2416', 'West Sunnymeade Drive') https://osm.org/?mlat=29.861349349773523&mlon=-90.08103133460995&zoom=16
address does not match a street: (None, '2408', 'West Sunnymeade Drive') https://osm.org/?mlat=29.861663867195045&mlon=-90.08113781754734&zoom=16
address does not match a street: (None, '2424', 'East Sunnymeade Drive') https://osm.org/?mlat=29.86118419904824&mlon=-90.08014999474396&zoom=16
address does not match a street: (None, '2416', 'East Sunnymeade Drive') https://osm.org/?mlat=29.86153434289554&mlon=-90.08024340861989&zoom=16
address does not match a street: (None, '2404', 'East Sunnymeade Drive') https://osm.org/?mlat=29.862028613103245&mlon=-90.08045490611862&zoom=16
address does not match a street: (None, '2401', 'West Sunnymeade Drive') https://osm.org/?mlat=29.862103712383888&mlon=-90.08083257222118&zoom=16
address does not match a street: (None, '2445', 'West Sunnymeade Drive') https://osm.org/?mlat=29.86024371276093&mlon=-90.08015233040595&zoom=16
address does not match a street: (None, '2433', 'West Sunnymeade Drive') https://osm.org/?mlat=29.860757021457278&mlon=-90.08034150179435&zoom=16
address does not match a street: (None, '2429', 'West Sunnymeade Drive') https://osm.org/?mlat=29.860920185297278&mlon=-90.08043726050242&zoom=16
address does not match a street: (None, '2436', 'East Sunnymeade Drive') https://osm.org/?mlat=29.860652004099457&mlon=-90.07999892174072&zoom=16
address does not match a street: (None, '2409', 'East Sunnymeade Drive') https://osm.org/?mlat=29.861982917214096&mlon=-90.0799885300378&zoom=16
address does not match a street: (None, '2436', 'West Sunnymeade Drive') https://osm.org/?mlat=29.86056582096613&mlon=-90.0807666730271&zoom=16
address does not match a street: (None, '3757', 'Spencer Street') https://osm.org/?mlat=29.869145642157747&mlon=-90.0838657027181&zoom=16
address does not match a street: (None, '3823', 'Spencer Street') https://osm.org/?mlat=29.868810236412457&mlon=-90.08527823038443&zoom=16
address does not match a street: (None, '3835', 'Spencer Street') https://osm.org/?mlat=29.868792310109388&mlon=-90.08563936838134&zoom=16
address does not match a street: (None, '3827', 'Spencer Street') https://osm.org/?mlat=29.868782929667347&mlon=-90.0854905109087&zoom=16
address does not match a street: (None, '2424', 'West Sunnymeade Drive') https://osm.org/?mlat=29.861023983761292&mlon=-90.0809407635078&zoom=16
address does not match a street: (None, '2400', 'East Sunnymeade Drive') https://osm.org/?mlat=29.862191326783528&mlon=-90.0805033459397&zoom=16
address does not match a street: (None, '3751', 'Spencer Street') https://osm.org/?mlat=29.869190792788178&mlon=-90.0836270630556&zoom=16
address does not match a street: (None, '2444', 'East Sunnymeade Drive') https://osm.org/?mlat=29.860326066745866&mlon=-90.07984841672442&zoom=16
address does not match a street: (None, '3843', 'Spencer Street') https://osm.org/?mlat=29.868750789529706&mlon=-90.08609676745044&zoom=16
address does not match a street: (None, '3832', 'Spencer Street') https://osm.org/?mlat=29.869200526191847&mlon=-90.08569843295753&zoom=16
address does not match a street: (None, '3813', 'Spencer Street') https://osm.org/?mlat=29.86901725603809&mlon=-90.08487111045619&zoom=16
address does not match a street: (None, '3809', 'Spencer Street') https://osm.org/?mlat=29.869058263659277&mlon=-90.08468405751972&zoom=16
address does not match a street: (None, '3805', 'Spencer Street') https://osm.org/?mlat=29.869099318540417&mlon=-90.08450191273796&zoom=16
address does not match a street: (None, '3801', 'Spencer Street') https://osm.org/?mlat=29.869165900651574&mlon=-90.08430472182172&zoom=16
address does not match a street: (None, '3761', 'Spencer Street') https://osm.org/?mlat=29.86921123200043&mlon=-90.08412252318786&zoom=16
address does not match a street: (None, '3839', 'Spencer Street') https://osm.org/?mlat=29.868795705107452&mlon=-90.08587039459262&zoom=16
