address does not match a street: (None, '1924', 'Green Oak Drive') https://osm.org/?mlat=29.89949413274206&mlon=-90.03278925971456&zoom=16
address does not match a street: (None, '1924', 'Friedrica Street') https://osm.org/?mlat=29.907323445708155&mlon=-90.03251049641102&zoom=16
address does not match a street: (None, '1934', 'Friedrica Street') https://osm.org/?mlat=29.906966713333453&mlon=-90.0311988843918&zoom=16
address does not match a street: (None, '1940', 'Green Oak Drive') https://osm.org/?mlat=29.89958344163411&mlon=-90.03208740580503&zoom=16
address does not match a street: (None, '1938', 'Friedrica Street') https://osm.org/?mlat=29.906946058786563&mlon=-90.03077933932423&zoom=16
address does not match a street: (None, '1941', 'Green Oak Drive') https://osm.org/?mlat=29.89996676924504&mlon=-90.03219603530371&zoom=16
address has no house number: (None, None, 'Deerfield Road') https://osm.org/?mlat=29.905011573312006&mlon=-90.02714841420098&zoom=16
address does not match a street: (None, '2008', 'Harvard Lane') https://osm.org/?mlat=29.898738498710454&mlon=-90.02924202179382&zoom=16
address does not match a street: (None, '1940', 'Friedrica Street') https://osm.org/?mlat=29.906927497659154&mlon=-90.03057125306469&zoom=16
address does not match a street: (None, '609', 'Oakwood Drive East') https://osm.org/?mlat=29.90301278546222&mlon=-90.0220870488864&zoom=16
address does not match a street: (None, '1926', 'Friedrica Street') https://osm.org/?mlat=29.90726386090678&mlon=-90.03232503820527&zoom=16
address does not match a street: (None, '1933', 'Green Oak Drive') https://osm.org/?mlat=29.8999319265541&mlon=-90.03256577401282&zoom=16
address does not match a street: (None, '1936', 'Green Oak Drive') https://osm.org/?mlat=29.89958772128285&mlon=-90.03224200671856&zoom=16
address does not match a street: (None, '1928', 'Green Oak Drive') https://osm.org/?mlat=29.899506414157287&mlon=-90.03264075567992&zoom=16
address does not match a street: (None, '1949', 'Green Oak Drive') https://osm.org/?mlat=29.90002079699198&mlon=-90.03181973367052&zoom=16
address does not match a street: (None, '1944', 'Green Oak Drive') https://osm.org/?mlat=29.89961971970558&mlon=-90.03186283745674&zoom=16
address does not match a street: (None, '2016', 'Harvard Lane') https://osm.org/?mlat=29.89869340395472&mlon=-90.02885439329046&zoom=16
address does not match a street: (None, '2020', 'Harvard Lane') https://osm.org/?mlat=29.89864456213914&mlon=-90.02864356403283&zoom=16
address does not match a street: (None, '1925', 'Green Oak Drive') https://osm.org/?mlat=29.8998364341364&mlon=-90.03292052006847&zoom=16
address does not match a street: (None, '1953', 'Green Oak Drive') https://osm.org/?mlat=29.900021766286425&mlon=-90.03163981347802&zoom=16
address does not match a street: (None, '1932', 'Friedrica Street') https://osm.org/?mlat=29.907040141757765&mlon=-90.03139362929623&zoom=16
address does not match a street: (None, '1948', 'Green Oak Drive') https://osm.org/?mlat=29.8996288755841&mlon=-90.03167649873109&zoom=16
address does not match a street: (None, '1932', 'Green Oak Drive') https://osm.org/?mlat=29.89956203539053&mlon=-90.03242540444035&zoom=16
address does not match a street: (None, '1952', 'Green Oak Drive') https://osm.org/?mlat=29.899654529181323&mlon=-90.03148994380447&zoom=16
address does not match a street: (None, '1929', 'Green Oak Drive') https://osm.org/?mlat=29.89988146200947&mlon=-90.03274633880788&zoom=16
address does not match a street: (None, '1945', 'Green Oak Drive') https://osm.org/?mlat=29.899984144255818&mlon=-90.03200643152599&zoom=16
address does not match a street: (None, '2011', 'Harvard Lane') https://osm.org/?mlat=29.899190205358412&mlon=-90.02931666375699&zoom=16
address does not match a street: (None, '1937', 'Green Oak Drive') https://osm.org/?mlat=29.899965486995132&mlon=-90.03234439675052&zoom=16
address does not match a street: (None, '1928', 'Friedrica Street') https://osm.org/?mlat=29.90720983762927&mlon=-90.03214582176238&zoom=16
address does not match a street: (None, '2015', 'Harvard Lane') https://osm.org/?mlat=29.899086153687637&mlon=-90.0289344511501&zoom=16
