address does not match a street: ('10525', 'Sedalia Avenue') https://osm.org/?mlat=29.96704647086678&mlon=-90.22750654663083&zoom=16
address does not match a street: ('10521', 'Sedalia Avenue') https://osm.org/?mlat=29.966901071829014&mlon=-90.22722075000875&zoom=16
address does not match a street: ('10520', 'Sedalia Avenue') https://osm.org/?mlat=29.966606227557094&mlon=-90.22747668467908&zoom=16
address does not match a street: ('10516', 'Sedalia Avenue') https://osm.org/?mlat=29.966527696934428&mlon=-90.22729437255576&zoom=16
address does not match a street: ('10413', 'Ware Street') https://osm.org/?mlat=29.970441176264732&mlon=-90.22080458753432&zoom=16
address does not match a street: ('10416', 'Ware Street') https://osm.org/?mlat=29.970264233412983&mlon=-90.22134349656203&zoom=16
address does not match a street: ('10412', 'Ware Street') https://osm.org/?mlat=29.970171972575578&mlon=-90.22116449295147&zoom=16
address does not match a street: ('10404', 'Ware Street') https://osm.org/?mlat=29.969973808533215&mlon=-90.22081927464339&zoom=16
address has no house number: (None, 'Tudor Avenue') https://osm.org/?mlat=29.96629437588164&mlon=-90.22603679019976&zoom=16
address does not match a street: ('10506', 'Stein Drive') https://osm.org/?mlat=29.967957949191586&mlon=-90.22503923111135&zoom=16
address does not match a street: ('10525', 'Stein Drive') https://osm.org/?mlat=29.968492347261304&mlon=-90.22514699637225&zoom=16
address does not match a street: ('10415', 'Ware Street') https://osm.org/?mlat=29.970571345943036&mlon=-90.22091368169482&zoom=16
address does not match a street: ('10515', 'Saint Joseph Lane') https://osm.org/?mlat=29.967528217868608&mlon=-90.22658528387096&zoom=16
address does not match a street: ('10520', 'Saint Joseph Lane') https://osm.org/?mlat=29.96726433924217&mlon=-90.22692615389148&zoom=16
address does not match a street: ('10511', 'Saint Joseph Lane') https://osm.org/?mlat=29.96743937787122&mlon=-90.22648520221448&zoom=16
address has no house number: (None, 'Marmandie Avenue') https://osm.org/?mlat=29.971743565390906&mlon=-90.23047715819435&zoom=16
address does not match a street: ('10514', 'Stein Drive') https://osm.org/?mlat=29.96834425450898&mlon=-90.22553773011981&zoom=16
address does not match a street: ('10533', 'Stein Drive') https://osm.org/?mlat=29.96858449724183&mlon=-90.22531336724369&zoom=16
address does not match a street: ('10417', 'Ware Street') https://osm.org/?mlat=29.970619665485444&mlon=-90.22109949154458&zoom=16
address does not match a street: ('10408', 'Ware Street') https://osm.org/?mlat=29.97007143574572&mlon=-90.2209824245456&zoom=16
address does not match a street: ('10504', 'Stein Drive') https://osm.org/?mlat=29.96788042777918&mlon=-90.2249235799526&zoom=16
address does not match a street: ('10508', 'Stein Drive') https://osm.org/?mlat=29.968046976432923&mlon=-90.22516141851462&zoom=16
address does not match a street: ('10517', 'Sedalia Avenue') https://osm.org/?mlat=29.966822912515198&mlon=-90.22708265004113&zoom=16
address does not match a street: ('10512', 'Saint Joseph Lane') https://osm.org/?mlat=29.967152837232756&mlon=-90.2267473650351&zoom=16
address does not match a street: ('10510', 'Stein Drive') https://osm.org/?mlat=29.968127781982705&mlon=-90.2252868558188&zoom=16
address does not match a street: ('10509', 'Saint Joseph Lane') https://osm.org/?mlat=29.96723142447808&mlon=-90.22628221597377&zoom=16
address does not match a street: ('10400', 'Ware Street') https://osm.org/?mlat=29.969889448920483&mlon=-90.22059912433892&zoom=16
address does not match a street: ('10519', 'Saint Joseph Lane') https://osm.org/?mlat=29.96758958744335&mlon=-90.22668882876636&zoom=16
address does not match a street: ('10502', 'Stein Drive') https://osm.org/?mlat=29.9678105200719&mlon=-90.22475395017095&zoom=16
address has no house number: (None, 'Celeste Avenue') https://osm.org/?mlat=29.96627246483979&mlon=-90.22098282574221&zoom=16
address does not match a street: ('10401', 'Ware Street') https://osm.org/?mlat=29.970206676895156&mlon=-90.22039028763388&zoom=16
address has no house number: (None, 'Bolivar Street') https://osm.org/?mlat=29.96945964943212&mlon=-90.22494070158591&zoom=16
address does not match a street: ('10512', 'Stein Drive') https://osm.org/?mlat=29.96811272466566&mlon=-90.22550919495863&zoom=16
address does not match a street: ('10420', 'Ware Street') https://osm.org/?mlat=29.970455323580172&mlon=-90.22150244740641&zoom=16
