address does not match a street: ('3845', 'Chriswood Lane') https://osm.org/?mlat=29.855480073259766&mlon=-90.07519587585816&zoom=16
address does not match a street: ('3840', 'Timberview Lane') https://osm.org/?mlat=29.85461739658996&mlon=-90.07470827902237&zoom=16
address does not match a street: ('3828', 'Greenbriar Lane') https://osm.org/?mlat=29.85539263085466&mlon=-90.07439248864391&zoom=16
address does not match a street: ('3829', 'Chriswood Lane') https://osm.org/?mlat=29.855654818202403&mlon=-90.07449013936059&zoom=16
address does not match a street: ('2824', 'Keithway Drive') https://osm.org/?mlat=29.850538448468377&mlon=-90.07435271962433&zoom=16
address does not match a street: ('2804', 'Keithway Drive') https://osm.org/?mlat=29.851333140838967&mlon=-90.0746329384627&zoom=16
address does not match a street: ('3848', 'Chriswood Lane') https://osm.org/?mlat=29.85583218298985&mlon=-90.0754943073867&zoom=16
address does not match a street: ('3861', 'Nathan Kornman Drive') https://osm.org/?mlat=29.852259964181993&mlon=-90.07550143537311&zoom=16
address does not match a street: ('3804', 'Deercreek Lane') https://osm.org/?mlat=29.85965514148196&mlon=-90.07467634411933&zoom=16
address does not match a street: ('3800', 'Deercreek Lane') https://osm.org/?mlat=29.859683575681576&mlon=-90.07448668668599&zoom=16
address does not match a street: ('3813', 'Deercreek Lane') https://osm.org/?mlat=29.85917055958456&mlon=-90.07490329867183&zoom=16
address does not match a street: ('3848', 'Deercreek Lane') https://osm.org/?mlat=29.85910212817105&mlon=-90.07666148126015&zoom=16
address does not match a street: ('3833', 'Timberview Lane') https://osm.org/?mlat=29.854254195622563&mlon=-90.07440052819055&zoom=16
address does not match a street: ('3836', 'Nathan Kornman Drive') https://osm.org/?mlat=29.853051490446216&mlon=-90.07458920085183&zoom=16
address does not match a street: ('3868', 'Nathan Kornman Drive') https://osm.org/?mlat=29.852553419890825&mlon=-90.07599303816377&zoom=16
address does not match a street: ('3860', 'Chriswood Lane') https://osm.org/?mlat=29.855672451590763&mlon=-90.07604526527642&zoom=16
address does not match a street: ('3837', 'Deerrun Lane') https://osm.org/?mlat=29.859504725838235&mlon=-90.07620808159525&zoom=16
address does not match a street: ('3833', 'Deerrun Lane') https://osm.org/?mlat=29.85959672087999&mlon=-90.07604319067431&zoom=16
address does not match a street: ('3841', 'Redbud Lane') https://osm.org/?mlat=29.858176761591046&mlon=-90.07594433179733&zoom=16
address does not match a street: ('3844', 'Redbud Lane') https://osm.org/?mlat=29.85849318388627&mlon=-90.07624953410101&zoom=16
address does not match a street: ('3816', 'Greenbriar Lane') https://osm.org/?mlat=29.85557438217921&mlon=-90.07384440675202&zoom=16
address does not match a street: ('3813', 'Chriswood Lane') https://osm.org/?mlat=29.855864973756727&mlon=-90.07374925132108&zoom=16
address does not match a street: ('3820', 'Timberview Lane') https://osm.org/?mlat=29.854864507680333&mlon=-90.07380603567493&zoom=16
address does not match a street: ('3821', 'Greenbriar Lane') https://osm.org/?mlat=29.855132104191778&mlon=-90.07389415161146&zoom=16
address does not match a street: ('3841', 'Deerrun Lane') https://osm.org/?mlat=29.859498421387407&mlon=-90.07640409568043&zoom=16
address does not match a street: ('3848', 'Redbud Lane') https://osm.org/?mlat=29.858478586077688&mlon=-90.07644847945741&zoom=16
address does not match a street: ('3852', 'Redbud Lane') https://osm.org/?mlat=29.85840878216404&mlon=-90.07662603579482&zoom=16
address does not match a street: ('3845', 'Deercreek Lane') https://osm.org/?mlat=29.858763679165904&mlon=-90.07635339805827&zoom=16
address does not match a street: ('3840', 'Deercreek Lane') https://osm.org/?mlat=29.85923611400748&mlon=-90.07629381783035&zoom=16
address does not match a street: ('3849', 'Deerrun Lane') https://osm.org/?mlat=29.859394711994018&mlon=-90.07677453398753&zoom=16
address does not match a street: ('3857', 'Deercreek Lane') https://osm.org/?mlat=29.858639660946114&mlon=-90.07690076648744&zoom=16
address does not match a street: ('3857', 'Chriswood Lane') https://osm.org/?mlat=29.855356120172623&mlon=-90.07574953666635&zoom=16
address does not match a street: ('3861', 'Greenbriar Lane') https://osm.org/?mlat=29.854621588625577&mlon=-90.07572092707504&zoom=16
address does not match a street: ('3832', 'Chriswood Lane') https://osm.org/?mlat=29.85603170695675&mlon=-90.0747914126187&zoom=16
address does not match a street: ('3828', 'Deercreek Lane') https://osm.org/?mlat=29.859374029936138&mlon=-90.07576204522994&zoom=16
address does not match a street: ('3837', 'Redbud Lane') https://osm.org/?mlat=29.858196827839425&mlon=-90.07574216316661&zoom=16
address does not match a street: ('3833', 'Deercreek Lane') https://osm.org/?mlat=29.858931781581692&mlon=-90.07581493807135&zoom=16
address does not match a street: ('3829', 'Deercreek Lane') https://osm.org/?mlat=29.858960307970047&mlon=-90.0756347460811&zoom=16
address does not match a street: ('3852', 'Greenbriar Lane') https://osm.org/?mlat=29.855103271547762&mlon=-90.07547824811836&zoom=16
address does not match a street: ('3857', 'Greenbriar Lane') https://osm.org/?mlat=29.85466652248628&mlon=-90.07553107070133&zoom=16
address does not match a street: ('3876', 'Nathan Kornman Drive') https://osm.org/?mlat=29.852466209731887&mlon=-90.07636324352353&zoom=16
address does not match a street: ('3877', 'Timberview Lane') https://osm.org/?mlat=29.85372300270995&mlon=-90.07636635619767&zoom=16
address does not match a street: ('3877', 'Greenbriar Lane') https://osm.org/?mlat=29.85446067599094&mlon=-90.07643594339405&zoom=16
address does not match a street: ('3880', 'Timberview Lane') https://osm.org/?mlat=29.8541342157918&mlon=-90.07651892173936&zoom=16
address does not match a street: ('3880', 'Greenbriar Lane') https://osm.org/?mlat=29.85479111621681&mlon=-90.07676935299875&zoom=16
address does not match a street: ('3881', 'Chriswood Lane') https://osm.org/?mlat=29.855072399800466&mlon=-90.07685099492754&zoom=16
address does not match a street: ('3856', 'Redbud Lane') https://osm.org/?mlat=29.85837194503703&mlon=-90.0768000211585&zoom=16
address does not match a street: ('3821', 'Redbud Lane') https://osm.org/?mlat=29.858423789591246&mlon=-90.0750325967081&zoom=16
address does not match a street: ('3836', 'Greenbriar Lane') https://osm.org/?mlat=29.85532192337593&mlon=-90.07476249803551&zoom=16
address does not match a street: ('3840', 'Greenbriar Lane') https://osm.org/?mlat=29.855262969479828&mlon=-90.074924138008&zoom=16
address does not match a street: ('3841', 'Timberview Lane') https://osm.org/?mlat=29.854185996186096&mlon=-90.07474526326578&zoom=16
address does not match a street: ('3825', 'Redbud Lane') https://osm.org/?mlat=29.858370637579085&mlon=-90.07522571788552&zoom=16
address does not match a street: ('3853', 'Redbud Lane') https://osm.org/?mlat=29.85804718536388&mlon=-90.07648545761445&zoom=16
address does not match a street: ('3873', 'Chriswood Lane') https://osm.org/?mlat=29.855157012420623&mlon=-90.07649658724473&zoom=16
address does not match a street: ('3877', 'Chriswood Lane') https://osm.org/?mlat=29.855081649623276&mlon=-90.07666789790423&zoom=16
address does not match a street: ('3872', 'Chriswood Lane') https://osm.org/?mlat=29.85554571507923&mlon=-90.07659580622028&zoom=16
address does not match a street: ('3872', 'Timberview Lane') https://osm.org/?mlat=29.854213297983158&mlon=-90.07616143292522&zoom=16
address does not match a street: ('3868', 'Timberview Lane') https://osm.org/?mlat=29.854288690300155&mlon=-90.0759932778072&zoom=16
address does not match a street: ('3869', 'Greenbriar Lane') https://osm.org/?mlat=29.854539667432057&mlon=-90.07606898898386&zoom=16
address does not match a street: ('3869', 'Timberview Lane') https://osm.org/?mlat=29.853854539827783&mlon=-90.07603029099181&zoom=16
address does not match a street: ('3868', 'Greenbriar Lane') https://osm.org/?mlat=29.85494263175834&mlon=-90.07622165940711&zoom=16
address does not match a street: ('3805', 'Greenbriar Lane') https://osm.org/?mlat=29.855306691864186&mlon=-90.07317264399039&zoom=16
address does not match a street: ('3804', 'Greenbriar Lane') https://osm.org/?mlat=29.85569572873526&mlon=-90.07330654944862&zoom=16
address does not match a street: ('3805', 'Chriswood Lane') https://osm.org/?mlat=29.855960486064077&mlon=-90.07338523599567&zoom=16
address does not match a street: ('3853', 'Timberview Lane') https://osm.org/?mlat=29.854034638631557&mlon=-90.0753087270675&zoom=16
address does not match a street: ('3848', 'Nathan Kornman Drive') https://osm.org/?mlat=29.85288617282977&mlon=-90.07513075095545&zoom=16
address does not match a street: ('3800', 'Redbud Lane') https://osm.org/?mlat=29.859060060317823&mlon=-90.07427685180474&zoom=16
address does not match a street: ('3808', 'Redbud Lane') https://osm.org/?mlat=29.858931307652025&mlon=-90.07461605676161&zoom=16
address does not match a street: ('3812', 'Redbud Lane') https://osm.org/?mlat=29.85888918431346&mlon=-90.07481219514044&zoom=16
address does not match a street: ('3805', 'Redbud Lane') https://osm.org/?mlat=29.85859270278118&mlon=-90.07429220816869&zoom=16
address does not match a street: ('3809', 'Redbud Lane') https://osm.org/?mlat=29.858558829896328&mlon=-90.07448824203745&zoom=16
address does not match a street: ('3816', 'Deercreek Lane') https://osm.org/?mlat=29.859522700039676&mlon=-90.07520489583008&zoom=16
address does not match a street: ('3812', 'Deercreek Lane') https://osm.org/?mlat=29.85953753753232&mlon=-90.07503118501097&zoom=16
address does not match a street: ('3820', 'Redbud Lane') https://osm.org/?mlat=29.858807386343276&mlon=-90.07517289200838&zoom=16
address does not match a street: ('3817', 'Deercreek Lane') https://osm.org/?mlat=29.859117286999624&mlon=-90.07508380405051&zoom=16
address does not match a street: ('3817', 'Chriswood Lane') https://osm.org/?mlat=29.85583119233639&mlon=-90.07395474346794&zoom=16
address does not match a street: ('3824', 'Timberview Lane') https://osm.org/?mlat=29.854824954801323&mlon=-90.07398320502516&zoom=16
address does not match a street: ('3825', 'Greenbriar Lane') https://osm.org/?mlat=29.85509542177021&mlon=-90.07408390560637&zoom=16
address does not match a street: ('3816', 'Chriswood Lane') https://osm.org/?mlat=29.856242105951683&mlon=-90.07407575838134&zoom=16
address does not match a street: ('3852', 'Chriswood Lane') https://osm.org/?mlat=29.855790089418644&mlon=-90.07569359481477&zoom=16
address does not match a street: ('3865', 'Timberview Lane') https://osm.org/?mlat=29.853882975998534&mlon=-90.0758406449577&zoom=16
address does not match a street: ('3869', 'Nathan Kornman Drive') https://osm.org/?mlat=29.85219765351165&mlon=-90.07588710036762&zoom=16
address does not match a street: ('3841', 'Nathan Kornman Drive') https://osm.org/?mlat=29.852592442057805&mlon=-90.07461075963685&zoom=16
address does not match a street: ('3813', 'Nathan Kornman Drive') https://osm.org/?mlat=29.853366888713918&mlon=-90.07363878837121&zoom=16
address does not match a street: ('3853', 'Deercreek Lane') https://osm.org/?mlat=29.858665378822714&mlon=-90.07671430078405&zoom=16
address does not match a street: ('3817', 'Nathan Kornman Drive') https://osm.org/?mlat=29.853202360661463&mlon=-90.07368818505964&zoom=16
address does not match a street: ('3813', 'Greenbriar Lane') https://osm.org/?mlat=29.855211118773457&mlon=-90.0735303482223&zoom=16
address does not match a street: ('3817', 'Timberview Lane') https://osm.org/?mlat=29.85448640868836&mlon=-90.07366568180588&zoom=16
address does not match a street: ('3812', 'Chriswood Lane') https://osm.org/?mlat=29.856251200782097&mlon=-90.07387688544338&zoom=16
address does not match a street: ('3800', 'Timberview Lane') https://osm.org/?mlat=29.85509783296978&mlon=-90.07290080691173&zoom=16
address does not match a street: ('3829', 'Timberview Lane') https://osm.org/?mlat=29.854340463601307&mlon=-90.07421961631817&zoom=16
address does not match a street: ('3828', 'Timberview Lane') https://osm.org/?mlat=29.85477736323223&mlon=-90.07418256041963&zoom=16
address does not match a street: ('3808', 'Chriswood Lane') https://osm.org/?mlat=29.85632374979713&mlon=-90.07369929738876&zoom=16
address does not match a street: ('3828', 'Nathan Kornman Drive') https://osm.org/?mlat=29.85318562164901&mlon=-90.07423732890857&zoom=16
address does not match a street: ('3825', 'Nathan Kornman Drive') https://osm.org/?mlat=29.852894123056235&mlon=-90.07395076350352&zoom=16
address does not match a street: ('3829', 'Nathan Kornman Drive') https://osm.org/?mlat=29.852818793775736&mlon=-90.0741252265902&zoom=16
address does not match a street: ('3820', 'Greenbriar Lane') https://osm.org/?mlat=29.855529601855903&mlon=-90.07405003797494&zoom=16
address does not match a street: ('3824', 'Redbud Lane') https://osm.org/?mlat=29.858776201460856&mlon=-90.07536258221542&zoom=16
address does not match a street: ('3829', 'Redbud Lane') https://osm.org/?mlat=29.858303314215046&mlon=-90.07537484815889&zoom=16
address does not match a street: ('3828', 'Redbud Lane') https://osm.org/?mlat=29.858687001158618&mlon=-90.07552460832378&zoom=16
address does not match a street: ('3805', 'Timberview Lane') https://osm.org/?mlat=29.854645796569592&mlon=-90.07308002777185&zoom=16
address does not match a street: ('3812', 'Timberview Lane') https://osm.org/?mlat=29.854935212470394&mlon=-90.07343602730067&zoom=16
address does not match a street: ('3805', 'Nathan Kornman Drive') https://osm.org/?mlat=29.85367630479314&mlon=-90.07349922884242&zoom=16
address does not match a street: ('3889', 'Nathan Kornman Drive') https://osm.org/?mlat=29.85195333806699&mlon=-90.07679558860866&zoom=16
address does not match a street: ('3876', 'Greenbriar Lane') https://osm.org/?mlat=29.854835961114965&mlon=-90.07657003341897&zoom=16
address does not match a street: ('3869', 'Chriswood Lane') https://osm.org/?mlat=29.855218445557643&mlon=-90.07630652360383&zoom=16
address does not match a street: ('3857', 'Redbud Lane') https://osm.org/?mlat=29.85797723061355&mlon=-90.07664724040379&zoom=16
address does not match a street: ('3888', 'Timberview Lane') https://osm.org/?mlat=29.85403035525847&mlon=-90.07687356790109&zoom=16
address does not match a street: ('3833', 'Greenbriar Lane') https://osm.org/?mlat=29.854961200365388&mlon=-90.0744263200831&zoom=16
address does not match a street: ('3801', 'Nathan Kornman Drive') https://osm.org/?mlat=29.85381001171163&mlon=-90.07339027917794&zoom=16
address does not match a street: ('3808', 'Timberview Lane') https://osm.org/?mlat=29.8549886037794&mlon=-90.07326814745831&zoom=16
address does not match a street: ('3876', 'Timberview Lane') https://osm.org/?mlat=29.854201269008957&mlon=-90.07634140857606&zoom=16
address does not match a street: ('3881', 'Greenbriar Lane') https://osm.org/?mlat=29.85437972249755&mlon=-90.07659785776318&zoom=16
address does not match a street: ('3881', 'Timberview Lane') https://osm.org/?mlat=29.853711184567892&mlon=-90.07656841185458&zoom=16
address does not match a street: ('3885', 'Nathan Kornman Drive') https://osm.org/?mlat=29.851995433326085&mlon=-90.07659630929972&zoom=16
address does not match a street: ('3801', 'Redbud Lane') https://osm.org/?mlat=29.858673712930226&mlon=-90.0741365942573&zoom=16
address does not match a street: ('3840', 'Redbud Lane') https://osm.org/?mlat=29.858568696972274&mlon=-90.07609399115739&zoom=16
address does not match a street: ('3837', 'Deercreek Lane') https://osm.org/?mlat=29.85889497480075&mlon=-90.0759920792364&zoom=16
address does not match a street: ('3845', 'Redbud Lane') https://osm.org/?mlat=29.858126267430865&mlon=-90.07612795476884&zoom=16
address does not match a street: ('3876', 'Chriswood Lane') https://osm.org/?mlat=29.855511597528242&mlon=-90.07676659857682&zoom=16
address does not match a street: ('3860', 'Greenbriar Lane') https://osm.org/?mlat=29.855021411363953&mlon=-90.07583262185456&zoom=16
address does not match a street: ('3829', 'Deerrun Lane') https://osm.org/?mlat=29.85963905637062&mlon=-90.07586913262479&zoom=16
address does not match a street: ('3836', 'Redbud Lane') https://osm.org/?mlat=29.85860239119112&mlon=-90.07587902935535&zoom=16
address does not match a street: ('3845', 'Timberview Lane') https://osm.org/?mlat=29.854121785410122&mlon=-90.07493220611649&zoom=16
address does not match a street: ('3844', 'Greenbriar Lane') https://osm.org/?mlat=29.85524009441493&mlon=-90.07512002760957&zoom=16
address does not match a street: ('3841', 'Greenbriar Lane') https://osm.org/?mlat=29.85489058339172&mlon=-90.07480579121167&zoom=16
address does not match a street: ('3853', 'Greenbriar Lane') https://osm.org/?mlat=29.85474445237865&mlon=-90.07534079960807&zoom=16
address does not match a street: ('3844', 'Timberview Lane') https://osm.org/?mlat=29.854547626088966&mlon=-90.07488898310814&zoom=16
address does not match a street: ('3837', 'Chriswood Lane') https://osm.org/?mlat=29.85560610797853&mlon=-90.0748598724902&zoom=16
address does not match a street: ('3840', 'Nathan Kornman Drive') https://osm.org/?mlat=29.853000936835084&mlon=-90.07476650527634&zoom=16
address does not match a street: ('3852', 'Nathan Kornman Drive') https://osm.org/?mlat=29.852791443183495&mlon=-90.07528968259504&zoom=16
address does not match a street: ('3840', 'Chriswood Lane') https://osm.org/?mlat=29.85595274928721&mlon=-90.07516152800733&zoom=16
address does not match a street: ('3836', 'Timberview Lane') https://osm.org/?mlat=29.85465404970668&mlon=-90.0745153717194&zoom=16
address does not match a street: ('3832', 'Greenbriar Lane') https://osm.org/?mlat=29.85534482812455&mlon=-90.07456976369384&zoom=16
address does not match a street: ('3833', 'Chriswood Lane') https://osm.org/?mlat=29.85564276132372&mlon=-90.0746669643683&zoom=16
address does not match a street: ('2808', 'Keithway Drive') https://osm.org/?mlat=29.8511704247953&mlon=-90.07458451243485&zoom=16
address does not match a street: ('3837', 'Nathan Kornman Drive') https://osm.org/?mlat=29.85269010182322&mlon=-90.07447071827991&zoom=16
address does not match a street: ('3877', 'Nathan Kornman Drive') https://osm.org/?mlat=29.852096513284923&mlon=-90.0762385513505&zoom=16
address does not match a street: ('3836', 'Deercreek Lane') https://osm.org/?mlat=29.859256512658746&mlon=-90.07612634762988&zoom=16
address does not match a street: ('3865', 'Chriswood Lane') https://osm.org/?mlat=29.8552304141439&mlon=-90.07612023718768&zoom=16
address does not match a street: ('3860', 'Nathan Kornman Drive') https://osm.org/?mlat=29.852648969538578&mlon=-90.07563219245809&zoom=16
address does not match a street: ('3833', 'Redbud Lane') https://osm.org/?mlat=29.858258471145795&mlon=-90.07557417519456&zoom=16
address does not match a street: ('3801', 'Chriswood Lane') https://osm.org/?mlat=29.856044033178822&mlon=-90.0732075093362&zoom=16
address does not match a street: ('3804', 'Chriswood Lane') https://osm.org/?mlat=29.85636315112678&mlon=-90.07350635277196&zoom=16
address does not match a street: ('3856', 'Chriswood Lane') https://osm.org/?mlat=29.855750715051435&mlon=-90.07588969194234&zoom=16
address does not match a street: ('3809', 'Greenbriar Lane') https://osm.org/?mlat=29.855247800395528&mlon=-90.0733405938043&zoom=16
address does not match a street: ('2812', 'Keithway Drive') https://osm.org/?mlat=29.85102928426741&mlon=-90.07449164973146&zoom=16
address does not match a street: ('3828', 'Chriswood Lane') https://osm.org/?mlat=29.856090569166383&mlon=-90.07462030786259&zoom=16
address does not match a street: ('3813', 'Redbud Lane') https://osm.org/?mlat=29.858491839631792&mlon=-90.07467207435762&zoom=16
address does not match a street: ('3821', 'Deercreek Lane') https://osm.org/?mlat=29.859058363825216&mlon=-90.07524860454889&zoom=16
address does not match a street: ('3816', 'Redbud Lane') https://osm.org/?mlat=29.858871567222362&mlon=-90.07498278492885&zoom=16
address does not match a street: ('3804', 'Redbud Lane') https://osm.org/?mlat=29.858981860115904&mlon=-90.07443874071005&zoom=16
address does not match a street: ('3837', 'Greenbriar Lane') https://osm.org/?mlat=29.85493288707019&mlon=-90.07462858741913&zoom=16
address does not match a street: ('3809', 'Deercreek Lane') https://osm.org/?mlat=29.859221172850276&mlon=-90.07473229255542&zoom=16
address does not match a street: ('3801', 'Deercreek Lane') https://osm.org/?mlat=29.859330406082055&mlon=-90.07436493804357&zoom=16
address does not match a street: ('3808', 'Deercreek Lane') https://osm.org/?mlat=29.859626616409464&mlon=-90.0748565376368&zoom=16
address does not match a street: ('3861', 'Chriswood Lane') https://osm.org/?mlat=29.8553167457201&mlon=-90.07594563291983&zoom=16
address does not match a street: ('3865', 'Greenbriar Lane') https://osm.org/?mlat=29.85458747219798&mlon=-90.0758917171154&zoom=16
address does not match a street: ('3852', 'Timberview Lane') https://osm.org/?mlat=29.85447975746804&mlon=-90.07526841770454&zoom=16
address does not match a street: ('3841', 'Chriswood Lane') https://osm.org/?mlat=29.85553352719453&mlon=-90.07503430395252&zoom=16
address does not match a street: ('3844', 'Nathan Kornman Drive') https://osm.org/?mlat=29.852925485670923&mlon=-90.07492834933548&zoom=16
address does not match a street: ('3857', 'Nathan Kornman Drive') https://osm.org/?mlat=29.85234647520169&mlon=-90.07534576304613&zoom=16
address does not match a street: ('3849', 'Nathan Kornman Drive') https://osm.org/?mlat=29.852483237344728&mlon=-90.07498124245338&zoom=16
address does not match a street: ('3821', 'Timberview Lane') https://osm.org/?mlat=29.854430327626467&mlon=-90.07383990414148&zoom=16
address does not match a street: ('3856', 'Timberview Lane') https://osm.org/?mlat=29.85442086421874&mlon=-90.075436364881&zoom=16
address does not match a street: ('3872', 'Nathan Kornman Drive') https://osm.org/?mlat=29.852536163281915&mlon=-90.07620147050747&zoom=16
address does not match a street: ('3832', 'Deercreek Lane') https://osm.org/?mlat=29.859337283575837&mlon=-90.07594549638647&zoom=16
address does not match a street: ('3849', 'Redbud Lane') https://osm.org/?mlat=29.85807290265308&mlon=-90.0762989929102&zoom=16
address does not match a street: ('3872', 'Greenbriar Lane') https://osm.org/?mlat=29.854861619108572&mlon=-90.07637726581463&zoom=16
address does not match a street: ('3832', 'Timberview Lane') https://osm.org/?mlat=29.854699132898077&mlon=-90.07434128801076&zoom=16
address does not match a street: ('3849', 'Timberview Lane') https://osm.org/?mlat=29.85409607005853&mlon=-90.07511866483169&zoom=16
address does not match a street: ('3848', 'Greenbriar Lane') https://osm.org/?mlat=29.85518425294257&mlon=-90.07531948614276&zoom=16
address does not match a street: ('3845', 'Greenbriar Lane') https://osm.org/?mlat=29.854829030733534&mlon=-90.07498323735852&zoom=16
address does not match a street: ('2832', 'Keithway Drive') https://osm.org/?mlat=29.85020712487148&mlon=-90.07421493482438&zoom=16
address does not match a street: ('3844', 'Deercreek Lane') https://osm.org/?mlat=29.859166341361774&mlon=-90.07647452916473&zoom=16
address does not match a street: ('3849', 'Deercreek Lane') https://osm.org/?mlat=29.858746090234465&mlon=-90.0765271419358&zoom=16
address does not match a street: ('3844', 'Chriswood Lane') https://osm.org/?mlat=29.85586354920555&mlon=-90.07532354971515&zoom=16
address does not match a street: ('3873', 'Greenbriar Lane') https://osm.org/?mlat=29.854497542817775&mlon=-90.07626511914997&zoom=16
address does not match a street: ('3864', 'Greenbriar Lane') https://osm.org/?mlat=29.854965538637313&mlon=-90.07602892509696&zoom=16
address does not match a street: ('3873', 'Timberview Lane') https://osm.org/?mlat=29.85379304675666&mlon=-90.07621404440467&zoom=16
address does not match a street: ('3808', 'Greenbriar Lane') https://osm.org/?mlat=29.855634209241014&mlon=-90.07348715241439&zoom=16
address does not match a street: ('3800', 'Chriswood Lane') https://osm.org/?mlat=29.856408172490706&mlon=-90.07332595559322&zoom=16
address does not match a street: ('3804', 'Timberview Lane') https://osm.org/?mlat=29.855061212466268&mlon=-90.07309687012216&zoom=16
address does not match a street: ('3856', 'Nathan Kornman Drive') https://osm.org/?mlat=29.852721520942985&mlon=-90.07545461104783&zoom=16
address does not match a street: ('3820', 'Deercreek Lane') https://osm.org/?mlat=29.85945292889302&mlon=-90.07538560844365&zoom=16
address does not match a street: ('3825', 'Deercreek Lane') https://osm.org/?mlat=29.859032798957564&mlon=-90.0754508442835&zoom=16
address does not match a street: ('3829', 'Greenbriar Lane') https://osm.org/?mlat=29.855017312415605&mlon=-90.07425525160761&zoom=16
address does not match a street: ('3845', 'Deerrun Lane') https://osm.org/?mlat=29.859436807197365&mlon=-90.07657524085785&zoom=16
address does not match a street: ('3884', 'Timberview Lane') https://osm.org/?mlat=29.854067102032772&mlon=-90.07669012684411&zoom=16
address does not match a street: ('3885', 'Timberview Lane') https://osm.org/?mlat=29.853613884438126&mlon=-90.07674630555147&zoom=16
address does not match a street: ('3881', 'Nathan Kornman Drive') https://osm.org/?mlat=29.852029520516332&mlon=-90.07642236956879&zoom=16
address does not match a street: ('3885', 'Greenbriar Lane') https://osm.org/?mlat=29.854345846169004&mlon=-90.07679388361665&zoom=16
address does not match a street: ('3825', 'Deerrun Lane') https://osm.org/?mlat=29.859667371570083&mlon=-90.07566685714498&zoom=16
address does not match a street: ('3801', 'Greenbriar Lane') https://osm.org/?mlat=29.85539008746383&mlon=-90.07297914494022&zoom=16
address does not match a street: ('3864', 'Timberview Lane') https://osm.org/?mlat=29.854308877341403&mlon=-90.07580373479554&zoom=16
address does not match a street: ('3864', 'Chriswood Lane') https://osm.org/?mlat=29.855663413812405&mlon=-90.07625044582028&zoom=16
address does not match a street: ('3853', 'Chriswood Lane') https://osm.org/?mlat=29.85537083765068&mlon=-90.07556321426564&zoom=16
address does not match a street: ('3849', 'Chriswood Lane') https://osm.org/?mlat=29.855443600258944&mlon=-90.07540771029576&zoom=16
address does not match a street: ('3857', 'Timberview Lane') https://osm.org/?mlat=29.853997833415395&mlon=-90.07548585972299&zoom=16
address does not match a street: ('3852', 'Deercreek Lane') https://osm.org/?mlat=29.859076410370545&mlon=-90.0768479477925&zoom=16
address does not match a street: ('3813', 'Timberview Lane') https://osm.org/?mlat=29.85449547266687&mlon=-90.07346365788608&zoom=16
address does not match a street: ('3809', 'Chriswood Lane') https://osm.org/?mlat=29.85594589259613&mlon=-90.07358417776109&zoom=16
address does not match a street: ('3816', 'Timberview Lane') https://osm.org/?mlat=29.854881972105293&mlon=-90.0736196802605&zoom=16
address does not match a street: ('3817', 'Greenbriar Lane') https://osm.org/?mlat=29.855177277239253&mlon=-90.07372953017449&zoom=16
address does not match a street: ('3841', 'Deercreek Lane') https://osm.org/?mlat=29.858819673028123&mlon=-90.07616970584276&zoom=16
address does not match a street: ('3833', 'Nathan Kornman Drive') https://osm.org/?mlat=29.85273494325608&mlon=-90.07427140289553&zoom=16
address does not match a street: ('3824', 'Greenbriar Lane') https://osm.org/?mlat=29.85545681063877&mlon=-90.07420238859704&zoom=16
address does not match a street: ('3821', 'Chriswood Lane') https://osm.org/?mlat=29.855775110909377&mlon=-90.0741289690218&zoom=16
address does not match a street: ('3820', 'Chriswood Lane') https://osm.org/?mlat=29.85616943466736&mlon=-90.07424072805573&zoom=16
address does not match a street: ('3861', 'Timberview Lane') https://osm.org/?mlat=29.853914252129286&mlon=-90.07566042745978&zoom=16
address does not match a street: ('3864', 'Nathan Kornman Drive') https://osm.org/?mlat=29.852617844326012&mlon=-90.0758281795898&zoom=16
address does not match a street: ('3809', 'Nathan Kornman Drive') https://osm.org/?mlat=29.853512109347662&mlon=-90.07358332544887&zoom=16
address does not match a street: ('3821', 'Nathan Kornman Drive') https://osm.org/?mlat=29.853062972751392&mlon=-90.07377827664031&zoom=16
address does not match a street: ('3836', 'Chriswood Lane') https://osm.org/?mlat=29.855967375339542&mlon=-90.07496574094583&zoom=16
address does not match a street: ('2816', 'Keithway Drive') https://osm.org/?mlat=29.850847291022934&mlon=-90.07444031336675&zoom=16
address does not match a street: ('3832', 'Redbud Lane') https://osm.org/?mlat=29.8586391969188&mlon=-90.07570188867888&zoom=16
address does not match a street: ('3805', 'Deercreek Lane') https://osm.org/?mlat=29.859254895057973&mlon=-90.07452048451559&zoom=16
address does not match a street: ('2828', 'Keithway Drive') https://osm.org/?mlat=29.850378331845526&mlon=-90.07428848925086&zoom=16
address does not match a street: ('3861', 'Redbud Lane') https://osm.org/?mlat=29.857910388077244&mlon=-90.07684684191553&zoom=16
address does not match a street: ('3868', 'Chriswood Lane') https://osm.org/?mlat=29.855574182223304&mlon=-90.07640931161127&zoom=16
address does not match a street: ('3873', 'Nathan Kornman Drive') https://osm.org/?mlat=29.85212501009388&mlon=-90.07605521641067&zoom=16
address does not match a street: ('3817', 'Redbud Lane') https://osm.org/?mlat=29.858471533431835&mlon=-90.07484900727138&zoom=16
address does not match a street: ('3832', 'Nathan Kornman Drive') https://osm.org/?mlat=29.853162656962134&mlon=-90.07442375036356&zoom=16
address does not match a street: ('3825', 'Chriswood Lane') https://osm.org/?mlat=29.855746647001013&mlon=-90.07431546465583&zoom=16
address does not match a street: ('2820', 'Keithway Drive') https://osm.org/?mlat=29.850698565057066&mlon=-90.07441695020377&zoom=16
address does not match a street: ('3824', 'Chriswood Lane') https://osm.org/?mlat=29.856118791813802&mlon=-90.07440857470483&zoom=16
address does not match a street: ('3853', 'Nathan Kornman Drive') https://osm.org/?mlat=29.85237478961815&mlon=-90.07514350218564&zoom=16
address does not match a street: ('3845', 'Nathan Kornman Drive') https://osm.org/?mlat=29.85255037910037&mlon=-90.0748131943292&zoom=16
address does not match a street: ('3848', 'Timberview Lane') https://osm.org/?mlat=29.854494293107436&mlon=-90.0750631712591&zoom=16
address does not match a street: ('3865', 'Nathan Kornman Drive') https://osm.org/?mlat=29.852229020249794&mlon=-90.07571634903266&zoom=16
address does not match a street: ('3824', 'Deercreek Lane') https://osm.org/?mlat=29.85939974619556&mlon=-90.07557557786237&zoom=16
address does not match a street: ('3856', 'Greenbriar Lane') https://osm.org/?mlat=29.855077585604814&mlon=-90.0756678629844&zoom=16
address does not match a street: ('3809', 'Timberview Lane') https://osm.org/?mlat=29.8545569618987&mlon=-90.0732799025227&zoom=16
address does not match a street: ('3801', 'Timberview Lane') https://osm.org/?mlat=29.854696165503203&mlon=-90.0728837918727&zoom=16
address does not match a street: ('3800', 'Greenbriar Lane') https://osm.org/?mlat=29.855762566814313&mlon=-90.073106949982&zoom=16
address does not match a street: ('3812', 'Greenbriar Lane') https://osm.org/?mlat=29.855589157423694&mlon=-90.0736643936479&zoom=16
address does not match a street: ('3860', 'Timberview Lane') https://osm.org/?mlat=29.854348251586494&mlon=-90.07560764046474&zoom=16
address does not match a street: ('3849', 'Greenbriar Lane') https://osm.org/?mlat=29.85478965743177&mlon=-90.0751793339142&zoom=16
address does not match a street: ('3837', 'Timberview Lane') https://osm.org/?mlat=29.85420361297787&mlon=-90.07457468143767&zoom=16
address does not match a street: ('2800', 'Keithway Drive') https://osm.org/?mlat=29.851487969316974&mlon=-90.07471931971818&zoom=16
address does not match a street: ('3825', 'Timberview Lane') https://osm.org/?mlat=29.854366117237607&mlon=-90.07402684804283&zoom=16
address does not match a street: ('3609', 'Farris Avenue') https://osm.org/?mlat=29.85754732453207&mlon=-90.06891434345742&zoom=16
address does not match a street: ('3624', 'Farris Avenue') https://osm.org/?mlat=29.857732988240755&mlon=-90.06958417837616&zoom=16
address does not match a street: ('3648', 'Farris Avenue') https://osm.org/?mlat=29.857493299651047&mlon=-90.07046500369749&zoom=16
address does not match a street: ('3625', 'Farris Avenue') https://osm.org/?mlat=29.857401397533692&mlon=-90.0695092930288&zoom=16
address does not match a street: ('3601', 'Farris Avenue') https://osm.org/?mlat=29.85763380618774&mlon=-90.06858901829122&zoom=16
address does not match a street: ('3617', 'Farris Avenue') https://osm.org/?mlat=29.857474323356&mlon=-90.06920786546225&zoom=16
address does not match a street: ('3649', 'Farris Avenue') https://osm.org/?mlat=29.857147545067214&mlon=-90.07035075487556&zoom=16
address does not match a street: ('3608', 'Farris Avenue') https://osm.org/?mlat=29.85787891647493&mlon=-90.06898922692763&zoom=16
address does not match a street: ('3632', 'Farris Avenue') https://osm.org/?mlat=29.85763923186545&mlon=-90.06987005392858&zoom=16
address does not match a street: ('3641', 'Farris Avenue') https://osm.org/?mlat=29.857220472810994&mlon=-90.0700493276545&zoom=16
address does not match a street: ('3640', 'Farris Avenue') https://osm.org/?mlat=29.85756622855619&mlon=-90.07016357550498&zoom=16
address does not match a street: ('3600', 'Farris Avenue') https://osm.org/?mlat=29.857979562284417&mlon=-90.06870326157082&zoom=16
address does not match a street: ('3633', 'Farris Avenue') https://osm.org/?mlat=29.85729347677995&mlon=-90.06975580803423&zoom=16
address does not match a street: ('3616', 'Farris Avenue') https://osm.org/?mlat=29.85780591422221&mlon=-90.0692827488286&zoom=16
