address does not match a street: (None, '702', 'Jefferson Park West') https://osm.org/?mlat=29.968399656221283&mlon=-90.16700514719064&zoom=16
address does not match a street: (None, '706', 'Jefferson Park West') https://osm.org/?mlat=29.96861807496737&mlon=-90.16718411694468&zoom=16
address does not match a street: (None, '1004', 'Greentree Street') https://osm.org/?mlat=29.971745324309275&mlon=-90.16657753646068&zoom=16
address does not match a street: (None, '703', 'Jefferson Park East') https://osm.org/?mlat=29.968426609938984&mlon=-90.16601309338648&zoom=16
address does not match a street: (None, '712', 'Jefferson Park West') https://osm.org/?mlat=29.96930567580085&mlon=-90.16808105532462&zoom=16
address does not match a street: (None, '713', 'Jefferson Park West') https://osm.org/?mlat=29.96961623118827&mlon=-90.16774894988141&zoom=16
address does not match a street: (None, '1016', 'Flanders Street') https://osm.org/?mlat=29.972702204149662&mlon=-90.17185057900808&zoom=16
address does not match a street: (None, '1018', 'Flanders Street') https://osm.org/?mlat=29.97284263268193&mlon=-90.1718710538172&zoom=16
address does not match a street: (None, '1004', 'Flanders Street') https://osm.org/?mlat=29.972007834744073&mlon=-90.17169442066877&zoom=16
address does not match a street: (None, '1008', 'Flanders Street') https://osm.org/?mlat=29.972179179628576&mlon=-90.17179033947484&zoom=16
address does not match a street: (None, '1010', 'Flanders Street') https://osm.org/?mlat=29.972316942123847&mlon=-90.17182032068801&zoom=16
address does not match a street: (None, '716', 'Jefferson Park East') https://osm.org/?mlat=29.969753229864292&mlon=-90.16490159061445&zoom=16
address does not match a street: (None, '715', 'Jefferson Park East') https://osm.org/?mlat=29.969361990950464&mlon=-90.16481773674474&zoom=16
address does not match a street: (None, '4300', 'Firestone Road') https://osm.org/?mlat=29.97075146225545&mlon=-90.17534621785529&zoom=16
address does not match a street: (None, '1035', 'Flanders Street') https://osm.org/?mlat=29.973736101556526&mlon=-90.17152900253505&zoom=16
address does not match a street: (None, '700', 'Jefferson Park East') https://osm.org/?mlat=29.968507970721305&mlon=-90.1665048527918&zoom=16
address does not match a street: (None, '701', 'Jefferson Park West') https://osm.org/?mlat=29.96866887981316&mlon=-90.16666404949905&zoom=16
address does not match a street: (None, '1007', 'Greentree Street') https://osm.org/?mlat=29.972074675399394&mlon=-90.1661946620878&zoom=16
address does not match a street: (None, '1011', 'Greentree Street') https://osm.org/?mlat=29.97241855268577&mlon=-90.16620959016154&zoom=16
address does not match a street: (None, '1034', 'Flanders Street') https://osm.org/?mlat=29.973894459524203&mlon=-90.17202305462044&zoom=16
address does not match a street: (None, '1030', 'Flanders Street') https://osm.org/?mlat=29.973644044036753&mlon=-90.17200385871026&zoom=16
address does not match a street: (None, '1018', 'Greentree Street') https://osm.org/?mlat=29.97296107398856&mlon=-90.16660753739706&zoom=16
address does not match a street: (None, '1012', 'Greentree Street') https://osm.org/?mlat=29.972435661397093&mlon=-90.16658841390583&zoom=16
address does not match a street: (None, '1006', 'Greentree Street') https://osm.org/?mlat=29.971924445103397&mlon=-90.1666196607071&zoom=16
address has no house number: (None, None, 'Terrace Street') https://osm.org/?mlat=29.96555852686515&mlon=-90.17173435332184&zoom=16
address does not match a street: (None, '714', 'Jefferson Park East') https://osm.org/?mlat=29.969691361153547&mlon=-90.16505707863797&zoom=16
address does not match a street: (None, '1024', 'Greentree Street') https://osm.org/?mlat=29.973500235807446&mlon=-90.16662650029294&zoom=16
address does not match a street: (None, '1025', 'Greentree Street') https://osm.org/?mlat=29.973656244607458&mlon=-90.16623301299249&zoom=16
address does not match a street: (None, '1023', 'Greentree Street') https://osm.org/?mlat=29.973483043188853&mlon=-90.16623819781158&zoom=16
address does not match a street: (None, '1021', 'Greentree Street') https://osm.org/?mlat=29.97332069952419&mlon=-90.16622746283078&zoom=16
address does not match a street: (None, '1017', 'Greentree Street') https://osm.org/?mlat=29.97294132768671&mlon=-90.16624137667156&zoom=16
address has no house number: (None, None, 'Central Avenue') https://osm.org/?mlat=29.964799521453944&mlon=-90.17192754757123&zoom=16
address does not match a street: (None, '1003', 'Greentree Street') https://osm.org/?mlat=29.97168433280831&mlon=-90.1662118627247&zoom=16
address does not match a street: (None, '1015', 'Greentree Street') https://osm.org/?mlat=29.972773597591015&mlon=-90.16624333889703&zoom=16
address does not match a street: (None, '701', 'Jefferson Park East') https://osm.org/?mlat=29.96833732717345&mlon=-90.16617837453487&zoom=16
address does not match a street: (None, '720', 'Jefferson Park West') https://osm.org/?mlat=29.96962644627486&mlon=-90.16859213459966&zoom=16
address does not match a street: (None, '714', 'Jefferson Park West') https://osm.org/?mlat=29.969402810105937&mlon=-90.16818099048429&zoom=16
address does not match a street: (None, '1005', 'Flanders Street') https://osm.org/?mlat=29.971952719304788&mlon=-90.17136973515964&zoom=16
address does not match a street: (None, '1013', 'Flanders Street') https://osm.org/?mlat=29.972403890009183&mlon=-90.1713897484311&zoom=16
address does not match a street: (None, '1015', 'Flanders Street') https://osm.org/?mlat=29.972513737597506&mlon=-90.17137267640418&zoom=16
address does not match a street: (None, '1019', 'Flanders Street') https://osm.org/?mlat=29.972796676189027&mlon=-90.17133779560251&zoom=16
address does not match a street: (None, '1022', 'Greentree Street') https://osm.org/?mlat=29.97335147255609&mlon=-90.16659665453884&zoom=16
address has no house number: (None, None, 'Central Avenue') https://osm.org/?mlat=29.969029150549485&mlon=-90.17374346797241&zoom=16
address does not match a street: (None, '1020', 'Flanders Street') https://osm.org/?mlat=29.972952591812653&mlon=-90.1718666151019&zoom=16
address does not match a street: (None, '1021', 'Flanders Street') https://osm.org/?mlat=29.972929050958907&mlon=-90.1713804732824&zoom=16
address does not match a street: (None, '1024', 'Flanders Street') https://osm.org/?mlat=29.97325553076909&mlon=-90.17191678349373&zoom=16
address does not match a street: (None, '724', 'Jefferson Park West') https://osm.org/?mlat=29.96983179565843&mlon=-90.16880135271998&zoom=16
address does not match a street: (None, '1031', 'Flanders Street') https://osm.org/?mlat=29.973513099107016&mlon=-90.17150001400944&zoom=16
address does not match a street: (None, '1027', 'Flanders Street') https://osm.org/?mlat=29.973287178770228&mlon=-90.17145210726336&zoom=16
address does not match a street: (None, '715', 'Jefferson Park West') https://osm.org/?mlat=29.96967506515838&mlon=-90.16787144151724&zoom=16
address does not match a street: (None, '718', 'Jefferson Park West') https://osm.org/?mlat=29.969619129994488&mlon=-90.16838692076271&zoom=16
address does not match a street: (None, '717', 'Jefferson Park West') https://osm.org/?mlat=29.969824107871627&mlon=-90.16793287024905&zoom=16
address does not match a street: (None, '719', 'Jefferson Park West') https://osm.org/?mlat=29.969891582169886&mlon=-90.16809947952568&zoom=16
address does not match a street: (None, '1014', 'Flanders Street') https://osm.org/?mlat=29.972575551859695&mlon=-90.17183310239116&zoom=16
address does not match a street: (None, '1017', 'Flanders Street') https://osm.org/?mlat=29.97264583443579&mlon=-90.1713837719552&zoom=16
address does not match a street: (None, '1023', 'Flanders Street') https://osm.org/?mlat=29.973052731464858&mlon=-90.1713727156638&zoom=16
address does not match a street: (None, '1022', 'Flanders Street') https://osm.org/?mlat=29.973109965216977&mlon=-90.17193742940867&zoom=16
address does not match a street: (None, '1009', 'Flanders Street') https://osm.org/?mlat=29.97226873767311&mlon=-90.17134394479795&zoom=16
address does not match a street: (None, '1012', 'Flanders Street') https://osm.org/?mlat=29.972454537376446&mlon=-90.17183135279342&zoom=16
address does not match a street: (None, '1033', 'Flanders Street') https://osm.org/?mlat=29.973623086095095&mlon=-90.1714987330907&zoom=16
address does not match a street: (None, '1029', 'Flanders Street') https://osm.org/?mlat=29.97340311121509&mlon=-90.17150129493587&zoom=16
address does not match a street: (None, '1032', 'Flanders Street') https://osm.org/?mlat=29.973770724161593&mlon=-90.17202449500745&zoom=16
address does not match a street: (None, '1026', 'Greentree Street') https://osm.org/?mlat=29.97367332525061&mlon=-90.16660868320491&zoom=16
address does not match a street: (None, '1020', 'Greentree Street') https://osm.org/?mlat=29.973172855761618&mlon=-90.16661137768548&zoom=16
address does not match a street: (None, '704', 'Jefferson Park West') https://osm.org/?mlat=29.96849390175006&mlon=-90.16708932217915&zoom=16
address does not match a street: (None, '704', 'Jefferson Park East') https://osm.org/?mlat=29.96865805479511&mlon=-90.16637360289751&zoom=16
address does not match a street: (None, '1008', 'Greentree Street') https://osm.org/?mlat=29.972067261073896&mlon=-90.1665990394255&zoom=16
address does not match a street: (None, '713', 'Jefferson Park East') https://osm.org/?mlat=29.969297147460033&mlon=-90.16494799165011&zoom=16
address does not match a street: (None, '716', 'Jefferson Park West') https://osm.org/?mlat=29.969489140431083&mlon=-90.16830316101547&zoom=16
address does not match a street: (None, '722', 'Jefferson Park West') https://osm.org/?mlat=29.969742938804437&mlon=-90.1687044783418&zoom=16
address does not match a street: (None, '1026', 'Flanders Street') https://osm.org/?mlat=29.97338793321176&mlon=-90.1719626203661&zoom=16
address does not match a street: (None, '723', 'Jefferson Park West') https://osm.org/?mlat=29.970154898260972&mlon=-90.1683332878897&zoom=16
address does not match a street: (None, '1007', 'Flanders Street') https://osm.org/?mlat=29.972131449099603&mlon=-90.1713676534539&zoom=16
address does not match a street: (None, '1037', 'Flanders Street') https://osm.org/?mlat=29.973870417399468&mlon=-90.17148005876129&zoom=16
address does not match a street: (None, '1028', 'Greentree Street') https://osm.org/?mlat=29.973852222009054&mlon=-90.1666255423916&zoom=16
address does not match a street: (None, '1016', 'Greentree Street') https://osm.org/?mlat=29.972801508915815&mlon=-90.16659992791102&zoom=16
address does not match a street: (None, '1014', 'Greentree Street') https://osm.org/?mlat=29.97263644449119&mlon=-90.1665923827651&zoom=16
address does not match a street: (None, '1027', 'Greentree Street') https://osm.org/?mlat=29.97384038870093&mlon=-90.16622138300053&zoom=16
address does not match a street: (None, '1019', 'Greentree Street') https://osm.org/?mlat=29.97313363770186&mlon=-90.16622017560859&zoom=16
address does not match a street: (None, '1013', 'Greentree Street') https://osm.org/?mlat=29.972622141479874&mlon=-90.16621984249376&zoom=16
address does not match a street: (None, '1009', 'Greentree Street') https://osm.org/?mlat=29.972245379244477&mlon=-90.16621793314721&zoom=16
address does not match a street: (None, '1025', 'Flanders Street') https://osm.org/?mlat=29.973177080250768&mlon=-90.17144075534443&zoom=16
address does not match a street: (None, '1010', 'Greentree Street') https://osm.org/?mlat=29.97227909796785&mlon=-90.16660919605488&zoom=16
address does not match a street: (None, '700', 'Jefferson Park West') https://osm.org/?mlat=29.968323847510266&mlon=-90.16682916235978&zoom=16
address does not match a street: (None, '1028', 'Flanders Street') https://osm.org/?mlat=29.973517168832302&mlon=-90.17196111587693&zoom=16
address has no house number: (None, None, 'Central Avenue') https://osm.org/?mlat=29.969176584419817&mlon=-90.17371979462321&zoom=16
address does not match a street: (None, '1005', 'Greentree Street') https://osm.org/?mlat=29.971868420936758&mlon=-90.16619391656702&zoom=16
address has no house number: (None, None, 'Carol Drive') https://osm.org/?mlat=29.968545249008695&mlon=-90.1657857915125&zoom=16
address does not match a street: (None, '721', 'Jefferson Park West') https://osm.org/?mlat=29.970018766260075&mlon=-90.16817695521806&zoom=16
address does not match a street: (None, '707', 'Jefferson Park East') https://osm.org/?mlat=29.96861596766193&mlon=-90.16590011402019&zoom=16
