address does not match a street: (None, '2856', 'Dove Street') https://osm.org/?mlat=29.858706821767736&mlon=-90.09091108857261&zoom=16
address does not match a street: (None, '2852', 'Dove Street') https://osm.org/?mlat=29.858689332847273&mlon=-90.09109744913275&zoom=16
address does not match a street: (None, '2824', 'Dove Street') https://osm.org/?mlat=29.858580888756684&mlon=-90.09242703184327&zoom=16
address does not match a street: (None, '2820', 'Dove Street') https://osm.org/?mlat=29.858571557439756&mlon=-90.09260382467069&zoom=16
address does not match a street: (None, '2816', 'Dove Street') https://osm.org/?mlat=29.858556875353095&mlon=-90.09279645967752&zoom=16
address does not match a street: (None, '2804', 'Dove Street') https://osm.org/?mlat=29.858509928906397&mlon=-90.09335862356058&zoom=16
address does not match a street: (None, '2801', 'Dove Street') https://osm.org/?mlat=29.858836595540037&mlon=-90.09358803449668&zoom=16
address does not match a street: (None, '2805', 'Dove Street') https://osm.org/?mlat=29.85884036928117&mlon=-90.09340500039723&zoom=16
address does not match a street: (None, '2813', 'Dove Street') https://osm.org/?mlat=29.858872425131086&mlon=-90.09301338713207&zoom=16
address does not match a street: (None, '2817', 'Dove Street') https://osm.org/?mlat=29.858881846303316&mlon=-90.09284605756382&zoom=16
address does not match a street: (None, '2800', 'Dove Street') https://osm.org/?mlat=29.858464939556203&mlon=-90.09354532361097&zoom=16
address does not match a street: (None, '2828', 'Dove Street') https://osm.org/?mlat=29.85859557031172&mlon=-90.0922343977708&zoom=16
address does not match a street: (None, '2844', 'Dove Street') https://osm.org/?mlat=29.85866009199009&mlon=-90.09149533622525&zoom=16
address does not match a street: (None, '2840', 'Dove Street') https://osm.org/?mlat=29.858634323361752&mlon=-90.09167864457&zoom=16
address does not match a street: (None, '2836', 'Dove Street') https://osm.org/?mlat=29.85863043285639&mlon=-90.09184906005204&zoom=16
address does not match a street: (None, '2830', 'Dove Street') https://osm.org/?mlat=29.858630398190233&mlon=-90.09184882862336&zoom=16
address does not match a street: (None, '2829', 'Dove Street') https://osm.org/?mlat=29.858931450905473&mlon=-90.09227439342192&zoom=16
address does not match a street: (None, '2857', 'Dove Street') https://osm.org/?mlat=29.859070229515083&mlon=-90.09095389237076&zoom=16
address does not match a street: (None, '2853', 'Dove Street') https://osm.org/?mlat=29.859030652651263&mlon=-90.09113106343474&zoom=16
address does not match a street: (None, '2849', 'Dove Street') https://osm.org/?mlat=29.859029780794213&mlon=-90.09132983671857&zoom=16
address does not match a street: (None, '2841', 'Dove Street') https://osm.org/?mlat=29.8589892425132&mlon=-90.09169631698806&zoom=16
address does not match a street: (None, '2837', 'Dove Street') https://osm.org/?mlat=29.85896643182788&mlon=-90.09190167278004&zoom=16
address does not match a street: (None, '2821', 'Dove Street') https://osm.org/?mlat=29.858904598917707&mlon=-90.09263439299112&zoom=16
address does not match a street: (None, '2833', 'Dove Street') https://osm.org/?mlat=29.858954411106215&mlon=-90.09208481071975&zoom=16
address does not match a street: (None, '2808', 'Dove Street') https://osm.org/?mlat=29.858491764289454&mlon=-90.09318217233398&zoom=16
address does not match a street: (None, '2825', 'Dove Street') https://osm.org/?mlat=29.858919429654758&mlon=-90.09245753021764&zoom=16
address does not match a street: (None, '2845', 'Dove Street') https://osm.org/?mlat=29.858990323516494&mlon=-90.09151962486574&zoom=16
address has no house number: (None, None, 'Crestwood Drive') https://osm.org/?mlat=29.85668892180218&mlon=-90.08871538807696&zoom=16
address does not match a street: (None, '2532', 'Bark Avenue') https://osm.org/?mlat=29.853596745525383&mlon=-90.0879312261768&zoom=16
address does not match a street: (None, '2848', 'Dove Street') https://osm.org/?mlat=29.858666374069724&mlon=-90.09128703155874&zoom=16
address does not match a street: (None, '2832', 'Dove Street') https://osm.org/?mlat=29.85860481266254&mlon=-90.0920481400936&zoom=16
address does not match a street: (None, '2812', 'Dove Street') https://osm.org/?mlat=29.858536693584703&mlon=-90.09298916188764&zoom=16
address does not match a street: (None, '2809', 'Dove Street') https://osm.org/?mlat=29.85885783172303&mlon=-90.0932154864105&zoom=16
address has no house number: (None, None, 'Crestwood Drive') https://osm.org/?mlat=29.856454707388888&mlon=-90.09110321982556&zoom=16
address does not match a street: (None, '2723', 'Bark Avenue') https://osm.org/?mlat=29.85256791971125&mlon=-90.0908922645056&zoom=16
address does not match a street: (None, '2744', 'Bark Avenue') https://osm.org/?mlat=29.852276667317945&mlon=-90.09001865466062&zoom=16
address does not match a street: (None, '2740', 'Bark Avenue') https://osm.org/?mlat=29.85227456360926&mlon=-90.0902210213915&zoom=16
address does not match a street: (None, '2612', 'Daniel Court') https://osm.org/?mlat=29.85252034893378&mlon=-90.09503616714814&zoom=16
address does not match a street: (None, '2628', 'Daniel Court') https://osm.org/?mlat=29.852021145635316&mlon=-90.09482298372335&zoom=16
address does not match a street: (None, '2743', 'Bark Avenue') https://osm.org/?mlat=29.852633840005016&mlon=-90.08997719929988&zoom=16
address does not match a street: (None, '2731', 'Bark Avenue') https://osm.org/?mlat=29.852625962289782&mlon=-90.09058816520687&zoom=16
address does not match a street: (None, '2760', 'Bark Avenue') https://osm.org/?mlat=29.852321554994404&mlon=-90.08919816160008&zoom=16
address does not match a street: (None, '2756', 'Bark Avenue') https://osm.org/?mlat=29.85231155187827&mlon=-90.08945966449959&zoom=16
address does not match a street: (None, '2772', 'Bark Avenue') https://osm.org/?mlat=29.85241023989119&mlon=-90.08862981140881&zoom=16
address does not match a street: (None, '2775', 'Bark Avenue') https://osm.org/?mlat=29.852737218752505&mlon=-90.08843572343604&zoom=16
address does not match a street: (None, '2755', 'Bark Avenue') https://osm.org/?mlat=29.852683138532246&mlon=-90.08941296323434&zoom=16
address does not match a street: (None, '2759', 'Bark Avenue') https://osm.org/?mlat=29.85268514447884&mlon=-90.08926550706579&zoom=16
address does not match a street: (None, '2763', 'Bark Avenue') https://osm.org/?mlat=29.852708304205574&mlon=-90.08908774884887&zoom=16
address does not match a street: (None, '2767', 'Bark Avenue') https://osm.org/?mlat=29.852703415385825&mlon=-90.08886953511816&zoom=16
address does not match a street: (None, '2747', 'Bark Avenue') https://osm.org/?mlat=29.8526589383805&mlon=-90.08974590534753&zoom=16
address does not match a street: (None, '2771', 'Bark Avenue') https://osm.org/?mlat=29.852724259623784&mlon=-90.08862395445676&zoom=16
address does not match a street: (None, '2764', 'Bark Avenue') https://osm.org/?mlat=29.852341768754197&mlon=-90.0890430807968&zoom=16
address does not match a street: (None, '2719', 'Bark Avenue') https://osm.org/?mlat=29.852533222867386&mlon=-90.09113116881217&zoom=16
address does not match a street: (None, '2701', 'Bark Avenue') https://osm.org/?mlat=29.852689775933346&mlon=-90.0917489901963&zoom=16
address does not match a street: (None, '2724', 'Bark Avenue') https://osm.org/?mlat=29.85221199329104&mlon=-90.0909579277991&zoom=16
address does not match a street: (None, '2732', 'Bark Avenue') https://osm.org/?mlat=29.852244489244963&mlon=-90.09056909250134&zoom=16
address does not match a street: (None, '2700', 'Bark Avenue') https://osm.org/?mlat=29.852445486466685&mlon=-90.0921232327356&zoom=16
address does not match a street: (None, '2779', 'Bark Avenue') https://osm.org/?mlat=29.85279488439147&mlon=-90.08823663448715&zoom=16
address does not match a street: (None, '2536', 'Bark Avenue') https://osm.org/?mlat=29.85341025692085&mlon=-90.08794134937847&zoom=16
address does not match a street: (None, '2736', 'Bark Avenue') https://osm.org/?mlat=29.852263189852586&mlon=-90.09038787698306&zoom=16
address does not match a street: (None, '2735', 'Bark Avenue') https://osm.org/?mlat=29.852612720423952&mlon=-90.09032234917618&zoom=16
address does not match a street: (None, '2727', 'Bark Avenue') https://osm.org/?mlat=29.852575902596367&mlon=-90.09069830298849&zoom=16
address does not match a street: (None, '2712', 'Bark Avenue') https://osm.org/?mlat=29.852210070351322&mlon=-90.09161359507318&zoom=16
address does not match a street: (None, '2705', 'Bark Avenue') https://osm.org/?mlat=29.852554923173766&mlon=-90.09155186412158&zoom=16
address does not match a street: (None, '2708', 'Bark Avenue') https://osm.org/?mlat=29.852253287727656&mlon=-90.09177781044617&zoom=16
address does not match a street: (None, '2704', 'Bark Avenue') https://osm.org/?mlat=29.852259603033225&mlon=-90.09197217728446&zoom=16
address does not match a street: (None, '2748', 'Bark Avenue') https://osm.org/?mlat=29.852246273678553&mlon=-90.08979928550497&zoom=16
address does not match a street: (None, '2776', 'Bark Avenue') https://osm.org/?mlat=29.852397074910048&mlon=-90.08849866517774&zoom=16
address does not match a street: (None, '2756', 'Bark Avenue') https://osm.org/?mlat=29.85228199896498&mlon=-90.08963929418&zoom=16
address does not match a street: (None, '2713', 'Bark Avenue') https://osm.org/?mlat=29.852539472834092&mlon=-90.09133398898783&zoom=16
address does not match a street: (None, '2780', 'Bark Avenue') https://osm.org/?mlat=29.852431821837165&mlon=-90.08828022201456&zoom=16
address does not match a street: (None, '2768', 'Bark Avenue') https://osm.org/?mlat=29.852362308891575&mlon=-90.08880098770558&zoom=16
address does not match a street: (None, '2540', 'Bark Avenue') https://osm.org/?mlat=29.853157184922033&mlon=-90.08793460990832&zoom=16
address does not match a street: (None, '2751', 'Bark Avenue') https://osm.org/?mlat=29.852677312572446&mlon=-90.08957093211036&zoom=16
address does not match a street: (None, '2739', 'Bark Avenue') https://osm.org/?mlat=29.85261645969342&mlon=-90.09016010693358&zoom=16
address does not match a street: (None, '2728', 'Bark Avenue') https://osm.org/?mlat=29.85222078421818&mlon=-90.09075695086933&zoom=16
address does not match a street: (None, '2720', 'Bark Avenue') https://osm.org/?mlat=29.85219786959583&mlon=-90.09116527635598&zoom=16
address does not match a street: (None, '2716', 'Bark Avenue') https://osm.org/?mlat=29.852195445669782&mlon=-90.091413197094&zoom=16
address does not match a street: (None, '2625', 'Daniel Court') https://osm.org/?mlat=29.852082326805487&mlon=-90.09456451564819&zoom=16
address does not match a street: (None, '2613', 'Daniel Court') https://osm.org/?mlat=29.852548214431764&mlon=-90.0947018535562&zoom=16
address does not match a street: (None, '2616', 'Daniel Court') https://osm.org/?mlat=29.85237873192324&mlon=-90.09502476044615&zoom=16
address does not match a street: (None, '2624', 'Daniel Court') https://osm.org/?mlat=29.85207654342585&mlon=-90.09501973191644&zoom=16
address does not match a street: (None, '2617', 'Daniel Court') https://osm.org/?mlat=29.852421852292526&mlon=-90.09473026592451&zoom=16
address does not match a street: (None, '2621', 'Daniel Court') https://osm.org/?mlat=29.85225671169873&mlon=-90.09465772700767&zoom=16
address does not match a street: (None, '2620', 'Daniel Court') https://osm.org/?mlat=29.8522262624009&mlon=-90.09507930011765&zoom=16
address has no house number: (None, None, 'Christy Court') https://osm.org/?mlat=29.85224912928012&mlon=-90.09849432979145&zoom=16
address does not match a street: (None, '2804', 'Megan Lane') https://osm.org/?mlat=29.850952613551808&mlon=-90.09649668708428&zoom=16
address does not match a street: (None, '2812', 'Megan Lane') https://osm.org/?mlat=29.850545862750476&mlon=-90.09639766238485&zoom=16
address does not match a street: (None, '2820', 'Megan Lane') https://osm.org/?mlat=29.85019208697771&mlon=-90.09634727427922&zoom=16
address does not match a street: (None, '2808', 'Megan Lane') https://osm.org/?mlat=29.85076114669846&mlon=-90.09644428854554&zoom=16
address does not match a street: (None, '2801', 'Quinn Drive') https://osm.org/?mlat=29.85037136828149&mlon=-90.0969281707504&zoom=16
address does not match a street: (None, '2805', 'Quinn Drive') https://osm.org/?mlat=29.850241505594706&mlon=-90.09708039244912&zoom=16
address does not match a street: (None, '2816', 'Megan Lane') https://osm.org/?mlat=29.850354705055974&mlon=-90.09637812171007&zoom=16
