address does not match a street: (None, '2713', 'Britannica Drive') https://osm.org/?mlat=29.848089390693627&mlon=-90.10942195144463&zoom=16
address does not match a street: (None, '2400', 'Ramsey Street') https://osm.org/?mlat=29.848556235244494&mlon=-90.10199023018312&zoom=16
address does not match a street: (None, '2404', 'Ramsey Street') https://osm.org/?mlat=29.848552213198186&mlon=-90.10214801206027&zoom=16
address does not match a street: (None, '2416', 'Ramsey Street') https://osm.org/?mlat=29.848531778667557&mlon=-90.10260884014036&zoom=16
address does not match a street: (None, '2417', 'Ramsey Street') https://osm.org/?mlat=29.84813005571037&mlon=-90.10258539826813&zoom=16
address does not match a street: (None, '2409', 'Ramsey Street') https://osm.org/?mlat=29.84816275934972&mlon=-90.10226006916254&zoom=16
address does not match a street: (None, '2712', 'Britannica Drive') https://osm.org/?mlat=29.848408915065946&mlon=-90.10947797411757&zoom=16
address does not match a street: (None, '2708', 'Britannica Drive') https://osm.org/?mlat=29.848450942388883&mlon=-90.1092660986205&zoom=16
address does not match a street: (None, '2433', 'Ramsey Street') https://osm.org/?mlat=29.84807833547094&mlon=-90.10322957700357&zoom=16
address does not match a street: (None, '2429', 'Ramsey Street') https://osm.org/?mlat=29.848093357617795&mlon=-90.10307166045314&zoom=16
address does not match a street: (None, '2425', 'Ramsey Street') https://osm.org/?mlat=29.848097321729302&mlon=-90.10290757187896&zoom=16
address does not match a street: (None, '2700', 'Britannica Drive') https://osm.org/?mlat=29.84851308656653&mlon=-90.10885208160752&zoom=16
address does not match a street: (None, '2717', 'Britannica Drive') https://osm.org/?mlat=29.848058391282468&mlon=-90.10963684457933&zoom=16
address does not match a street: (None, '2721', 'Britannica Drive') https://osm.org/?mlat=29.848035699356462&mlon=-90.10985794607045&zoom=16
address does not match a street: (None, '2705', 'Britannica Drive') https://osm.org/?mlat=29.848140301501406&mlon=-90.10898283580363&zoom=16
address does not match a street: (None, '2432', 'Ramsey Street') https://osm.org/?mlat=29.848433136295622&mlon=-90.10323467155348&zoom=16
address does not match a street: (None, '2424', 'Ramsey Street') https://osm.org/?mlat=29.848460489772776&mlon=-90.10292518070708&zoom=16
address does not match a street: (None, '2413', 'Ramsey Street') https://osm.org/?mlat=29.848156075884543&mlon=-90.10242734600268&zoom=16
address does not match a street: (None, '2412', 'Ramsey Street') https://osm.org/?mlat=29.848511083502668&mlon=-90.1024545175259&zoom=16
address does not match a street: (None, '2401', 'Ramsey Street') https://osm.org/?mlat=29.84820657918437&mlon=-90.10194722125348&zoom=16
address does not match a street: (None, '2420', 'Ramsey Street') https://osm.org/?mlat=29.84847823173316&mlon=-90.10276407640782&zoom=16
address does not match a street: (None, '2421', 'Ramsey Street') https://osm.org/?mlat=29.848123371831132&mlon=-90.10275267503177&zoom=16
address does not match a street: (None, '2704', 'Britannica Drive') https://osm.org/?mlat=29.84845988481828&mlon=-90.10904516562084&zoom=16
address has no house number: (None, None, 'Pritchard Road') https://osm.org/?mlat=29.84689758704409&mlon=-90.10427032331717&zoom=16
address does not match a street: (None, '2716', 'Britannica Drive') https://osm.org/?mlat=29.84838891347062&mlon=-90.10969273319664&zoom=16
address does not match a street: (None, '2709', 'Britannica Drive') https://osm.org/?mlat=29.848090054893664&mlon=-90.10919796506806&zoom=16
address does not match a street: (None, '2701', 'Britannica Drive') https://osm.org/?mlat=29.84814661128795&mlon=-90.10877455314129&zoom=16
address does not match a street: (None, '2408', 'Ramsey Street') https://osm.org/?mlat=29.84852610472732&mlon=-90.10229660120964&zoom=16
address does not match a street: (None, '2405', 'Ramsey Street') https://osm.org/?mlat=29.84818872004998&mlon=-90.10209570929635&zoom=16
address does not match a street: (None, '2428', 'Ramsey Street') https://osm.org/?mlat=29.848448187970657&mlon=-90.1030799087009&zoom=16
address does not match a street: (None, '2720', 'Marisha') https://osm.org/?mlat=29.846080030413738&mlon=-90.10923013714658&zoom=16
address does not match a street: (None, '2721', 'Marisha') https://osm.org/?mlat=29.845650892764155&mlon=-90.10916835907722&zoom=16
address does not match a street: (None, '2725', 'Marisha') https://osm.org/?mlat=29.845600546788933&mlon=-90.10934029146658&zoom=16
address does not match a street: (None, '2728', 'Marisha') https://osm.org/?mlat=29.84608322055312&mlon=-90.1095727305004&zoom=16
address does not match a street: (None, '2716', 'Marisha') https://osm.org/?mlat=29.84607857374009&mlon=-90.10907373489529&zoom=16
address does not match a street: (None, '2724', 'Marisha') https://osm.org/?mlat=29.846094680254847&mlon=-90.10940872244254&zoom=16
address does not match a street: (None, '2701', 'Marisha') https://osm.org/?mlat=29.845734711674698&mlon=-90.10840758278601&zoom=16
address does not match a street: (None, '2705', 'Marisha') https://osm.org/?mlat=29.84572953767904&mlon=-90.10854916766186&zoom=16
address does not match a street: (None, '2709', 'Marisha') https://osm.org/?mlat=29.84568554729966&mlon=-90.1087061265325&zoom=16
address does not match a street: (None, '2713', 'Marisha') https://osm.org/?mlat=29.84567408847411&mlon=-90.10887013399922&zoom=16
address does not match a street: (None, '2717', 'Marisha') https://osm.org/?mlat=29.845669052735637&mlon=-90.10902661519111&zoom=16
address does not match a street: (None, '2732', 'Marisha') https://osm.org/?mlat=29.846033359363744&mlon=-90.10979679749273&zoom=16
address does not match a street: (None, '2729', 'Marisha') https://osm.org/?mlat=29.84557658727026&mlon=-90.10955659163572&zoom=16
address does not match a street: (None, '2733', 'Marisha') https://osm.org/?mlat=29.845623977278798&mlon=-90.10976457023109&zoom=16
address does not match a street: (None, '2700', 'Marisha') https://osm.org/?mlat=29.84618318883029&mlon=-90.10845422333134&zoom=16
address does not match a street: (None, '2704', 'Marisha') https://osm.org/?mlat=29.846165237665804&mlon=-90.10861831124784&zoom=16
address does not match a street: (None, '2708', 'Marisha') https://osm.org/?mlat=29.846140585491206&mlon=-90.10876013654166&zoom=16
address does not match a street: (None, '2712', 'Marisha') https://osm.org/?mlat=29.846122564566233&mlon=-90.10891677660388&zoom=16
address does not match a street: (None, '2800', 'Green Briar Drive') https://osm.org/?mlat=29.850138181041956&mlon=-90.09974001293703&zoom=16
address does not match a street: (None, '2804', 'Green Briar Drive') https://osm.org/?mlat=29.84998053056483&mlon=-90.0997296372401&zoom=16
address does not match a street: (None, '2808', 'Green Briar Drive') https://osm.org/?mlat=29.849829924662433&mlon=-90.0997068508829&zoom=16
address does not match a street: (None, '2535', 'Frazier Street') https://osm.org/?mlat=29.84816157927519&mlon=-90.0990762653876&zoom=16
address does not match a street: (None, '2537', 'Frazier Street') https://osm.org/?mlat=29.848183725147802&mlon=-90.0988925200688&zoom=16
address does not match a street: (None, '2533', 'Frazier Street') https://osm.org/?mlat=29.848156089230123&mlon=-90.09925432877691&zoom=16
address does not match a street: (None, '2531', 'Frazier Street') https://osm.org/?mlat=29.84813412277389&mlon=-90.09945724056877&zoom=16
address does not match a street: (None, '2812', 'Green Briar Drive') https://osm.org/?mlat=29.849664958863933&mlon=-90.09968013509064&zoom=16
address does not match a street: (None, '2844', 'Green Briar Drive') https://osm.org/?mlat=29.848449524809315&mlon=-90.09951441152867&zoom=16
address does not match a street: (None, '2820', 'Green Briar Drive') https://osm.org/?mlat=29.849381841682643&mlon=-90.09965487761067&zoom=16
address does not match a street: (None, '2816', 'Green Briar Drive') https://osm.org/?mlat=29.849521706814155&mlon=-90.09967779644174&zoom=16
address does not match a street: (None, '2824', 'Green Briar Drive') https://osm.org/?mlat=29.84921321819995&mlon=-90.09961999145631&zoom=16
address does not match a street: (None, '2828', 'Green Briar Drive') https://osm.org/?mlat=29.849066231381617&mlon=-90.09960126860446&zoom=16
address does not match a street: (None, '2832', 'Green Briar Drive') https://osm.org/?mlat=29.84892628913395&mlon=-90.09957013625225&zoom=16
address does not match a street: (None, '2836', 'Green Briar Drive') https://osm.org/?mlat=29.84876505805992&mlon=-90.09955980517506&zoom=16
address does not match a street: (None, '2840', 'Green Briar Drive') https://osm.org/?mlat=29.848625231450647&mlon=-90.0995409940542&zoom=16
