new building address (('5512', 'Fisher Street') https://osm.org/?mlat=29.66811365559298&mlon=-90.10832856857097&zoom=16) does not match the old one ((None, 'Fisher Street'))
new building address (('5527', 'Fisher Street') https://osm.org/?mlat=29.667818812538826&mlon=-90.10776069634105&zoom=16) does not match the old one ((None, 'Fisher Street'))
new building address (('5531', 'Fisher Street') https://osm.org/?mlat=29.667673224650056&mlon=-90.10774397636142&zoom=16) does not match the old one ((None, 'Fisher Street'))
new building address (('5535', 'Fisher Street') https://osm.org/?mlat=29.667533665320104&mlon=-90.10775388640634&zoom=16) does not match the old one ((None, 'Fisher Street'))
new building address (('5541', 'Fisher Street') https://osm.org/?mlat=29.66736701562536&mlon=-90.10783098886019&zoom=16) does not match the old one ((None, 'Fisher Street'))
new building address (('5540', 'Fisher Street') https://osm.org/?mlat=29.66741853015196&mlon=-90.10829818344573&zoom=16) does not match the old one ((None, 'Fisher Street'))
new building address (('5550', 'Fisher Street') https://osm.org/?mlat=29.66713808212325&mlon=-90.10826096081637&zoom=16) does not match the old one ((None, 'Fisher Street'))
new building address (('5558', 'Fisher Street') https://osm.org/?mlat=29.66687031191053&mlon=-90.10831392903074&zoom=16) does not match the old one ((None, 'Fisher Street'))
new building address (('5554', 'Fisher Street') https://osm.org/?mlat=29.666984874494865&mlon=-90.10833059559282&zoom=16) does not match the old one ((None, 'Fisher Street'))
new building address (('5564', 'Fisher Street') https://osm.org/?mlat=29.666735857017088&mlon=-90.10827943708411&zoom=16) does not match the old one ((None, '4th Street'))
new building address (('5571', 'Fisher Street') https://osm.org/?mlat=29.66658310216771&mlon=-90.10782443845376&zoom=16) does not match the old one ((None, 'Fisher Street'))
new building address (('5583', 'Fisher Street') https://osm.org/?mlat=29.666236578165908&mlon=-90.10762151949777&zoom=16) does not match the old one ((None, 'Fisher Street'))
new building address (('5596', 'Fisher Street') https://osm.org/?mlat=29.665841649662966&mlon=-90.10842138183482&zoom=16) does not match the old one ((None, 'Fisher Street'))
new building address (('5597', 'Fisher Street') https://osm.org/?mlat=29.665840683698363&mlon=-90.10782519532788&zoom=16) does not match the old one ((None, 'Fisher Street'))
new building address (('5687', 'Fisher Street') https://osm.org/?mlat=29.663344107447728&mlon=-90.10772931067758&zoom=16) does not match the old one ((None, 'Fisher Street'))
new building address (('5672', 'Fisher Street') https://osm.org/?mlat=29.66376398079937&mlon=-90.1084684946917&zoom=16) does not match the old one ((None, 'Fisher Street'))
new building address (('5682', 'Fisher Street') https://osm.org/?mlat=29.66347636033963&mlon=-90.1085081517329&zoom=16) does not match the old one ((None, 'Fisher Street'))
new building address (('5694', 'Fisher Street') https://osm.org/?mlat=29.663136532434404&mlon=-90.10844907191749&zoom=16) does not match the old one ((None, 'Fisher Street'))
new building address (('5700', 'Fisher Street') https://osm.org/?mlat=29.662946684007114&mlon=-90.108397190841&zoom=16) does not match the old one ((None, 'Fisher Street'))
new building address (('5697', 'Fisher Street') https://osm.org/?mlat=29.663104411757143&mlon=-90.10779531473781&zoom=16) does not match the old one ((None, 'Fisher Street'))
new building address (('4981', '2nd Street') https://osm.org/?mlat=29.668336572243614&mlon=-90.10642427920739&zoom=16) does not match the old one ((None, '2nd Street'))
new building address (('4973', '2nd Street') https://osm.org/?mlat=29.66828252872721&mlon=-90.10613025855493&zoom=16) does not match the old one ((None, '2nd Street'))
new building address (('4971', '2nd Street') https://osm.org/?mlat=29.668296106540915&mlon=-90.1060002198905&zoom=16) does not match the old one ((None, '2nd Street'))
new building address (('5507', 'Perrin Street') https://osm.org/?mlat=29.668287650041048&mlon=-90.10667791732922&zoom=16) does not match the old one ((None, 'Perrin Street'))
new building address (('5517', 'Perrin Street') https://osm.org/?mlat=29.6680312490979&mlon=-90.1067173122829&zoom=16) does not match the old one ((None, 'Perrin Street'))
new building address (('5525', 'Perrin Street') https://osm.org/?mlat=29.667821248465316&mlon=-90.10672451162688&zoom=16) does not match the old one ((None, 'Perrin Street'))
new building address (('5532', 'Perrin Street') https://osm.org/?mlat=29.667337443801483&mlon=-90.10726008087353&zoom=16) does not match the old one ((None, 'Perrin Street'))
new building address (('5563', 'Perrin Street') https://osm.org/?mlat=29.66684592934685&mlon=-90.10661415440606&zoom=16) does not match the old one ((None, 'Perrin Street'))
new building address (('5569', 'Perrin Street') https://osm.org/?mlat=29.666589838792845&mlon=-90.10675883867266&zoom=16) does not match the old one ((None, 'Perrin Street'))
new building address (('5580', 'Perrin Street') https://osm.org/?mlat=29.666248853917875&mlon=-90.10724644203066&zoom=16) does not match the old one ((None, 'Perrin Street'))
new building address (('5592', 'Perrin Street') https://osm.org/?mlat=29.66596462932988&mlon=-90.10722733785197&zoom=16) does not match the old one ((None, 'Perrin Street'))
new building address (('5611', 'Perrin Street') https://osm.org/?mlat=29.665446297274165&mlon=-90.10664193995186&zoom=16) does not match the old one ((None, 'Perrin Street'))
new building address (('5681', 'Fisher Street') https://osm.org/?mlat=29.66361163843787&mlon=-90.10774550242182&zoom=16) does not match the old one ((None, 'Fisher Street'))
new building address (('5661', 'Fisher Street') https://osm.org/?mlat=29.664061973587344&mlon=-90.10781592020686&zoom=16) does not match the old one ((None, 'Fisher Street'))
new building address (('5655', 'Fisher Street') https://osm.org/?mlat=29.664365750430257&mlon=-90.10774477635503&zoom=16) does not match the old one ((None, 'Fisher Street'))
new building address (('5629', 'Fisher Street') https://osm.org/?mlat=29.66494434375046&mlon=-90.10780899887418&zoom=16) does not match the old one ((None, 'Fisher Street'))
new building address (('5639', 'Fisher Street') https://osm.org/?mlat=29.664670772202555&mlon=-90.10766328395914&zoom=16) does not match the old one ((None, 'Fisher Street'))
new building address (('5621', 'Perrin Street') https://osm.org/?mlat=29.66518171138533&mlon=-90.1065290923672&zoom=16) does not match the old one ((None, 'Perrin Street'))
new building address (('5612', 'Perrin Street') https://osm.org/?mlat=29.665381898804625&mlon=-90.1072737441841&zoom=16) does not match the old one ((None, 'Perrin Street'))
new building address (('5626', 'Perrin Street') https://osm.org/?mlat=29.665026399490277&mlon=-90.10730207338246&zoom=16) does not match the old one ((None, 'Perrin Street'))
new building address (('5668', 'Perrin Street') https://osm.org/?mlat=29.6637127885074&mlon=-90.10722789604966&zoom=16) does not match the old one ((None, 'Perrin Street'))
new building address (('5652', 'Perrin Street') https://osm.org/?mlat=29.664286550281105&mlon=-90.10726099716118&zoom=16) does not match the old one ((None, 'Perrin Street'))
new building address (('5675', 'Perrin Street') https://osm.org/?mlat=29.663689966290583&mlon=-90.10664386418627&zoom=16) does not match the old one ((None, 'Perrin Street'))
new building address (('5703', 'Perrin Street') https://osm.org/?mlat=29.662729210915355&mlon=-90.10676113999736&zoom=16) does not match the old one ((None, 'Perrin Street'))
new building address (('5103', 'Orange Avenue') https://osm.org/?mlat=29.66215543087212&mlon=-90.10697520683598&zoom=16) does not match the old one ((None, 'Orange Avenue'))
new building address (('5111', 'Orange Avenue') https://osm.org/?mlat=29.662140755023437&mlon=-90.10726395577716&zoom=16) does not match the old one ((None, 'Orange Avenue'))
new building address (('5123', 'Orange Avenue') https://osm.org/?mlat=29.66213257457194&mlon=-90.10758764558416&zoom=16) does not match the old one ((None, 'Orange Avenue'))
new building address (('5742', 'Lisa Street') https://osm.org/?mlat=29.661791529687964&mlon=-90.10856242388263&zoom=16) does not match the old one ((None, 'Lisa Street'))
new building address (('5759', 'Lisa Street') https://osm.org/?mlat=29.661334608244214&mlon=-90.10811986943055&zoom=16) does not match the old one ((None, 'Lisa Street'))
new building address (('5756', 'Lisa Street') https://osm.org/?mlat=29.661396898552763&mlon=-90.10854918554412&zoom=16) does not match the old one ((None, 'Lisa Street'))
new building address (('5772', 'Lisa Street') https://osm.org/?mlat=29.661020381285596&mlon=-90.10859145720671&zoom=16) does not match the old one ((None, 'Lisa Street'))
new building address (('5773', 'Lisa Street') https://osm.org/?mlat=29.660943859935436&mlon=-90.10813112938794&zoom=16) does not match the old one ((None, 'Lisa Street'))
new building address (('5657', 'Jean Lafitte Boulevard') https://osm.org/?mlat=29.664165619799824&mlon=-90.10887737366652&zoom=16) does not match the old one ((None, 'Jean Lafitte Boulevard'))
new building address (('5679', 'Jean Lafitte Boulevard') https://osm.org/?mlat=29.663617836941764&mlon=-90.10887230423202&zoom=16) does not match the old one ((None, 'Jean Lafitte Boulevard'))
new building address (('5691', 'Jean Lafitte Boulevard') https://osm.org/?mlat=29.663259960823837&mlon=-90.10899286978695&zoom=16) does not match the old one ((None, 'Jean Lafitte Boulevard'))
new building address (('5688', 'Jean Lafitte Boulevard') https://osm.org/?mlat=29.663336286928107&mlon=-90.10976855151665&zoom=16) does not match the old one ((None, 'Jean Lafitte Boulevard'))
new building address (('5688', 'Jean Lafitte Boulevard') https://osm.org/?mlat=29.663339549427&mlon=-90.10962972749336&zoom=16) does not match the old one ((None, 'Jean Lafitte Boulevard'))
new building address (('5745', 'Jean Lafitte Boulevard') https://osm.org/?mlat=29.661807862291464&mlon=-90.10895971999875&zoom=16) does not match the old one ((None, 'Jean Lafitte Boulevard'))
new building address (('5753', 'Jean Lafitte Boulevard') https://osm.org/?mlat=29.661320837392076&mlon=-90.10891951992154&zoom=16) does not match the old one ((None, 'Jean Lafitte Boulevard'))
new building address (('5769', 'Jean Lafitte Boulevard') https://osm.org/?mlat=29.661097492783977&mlon=-90.10893227610042&zoom=16) does not match the old one ((None, 'Jean Lafitte Boulevard'))
new building address (('5782', 'Lisa Street') https://osm.org/?mlat=29.660711874886346&mlon=-90.10853227414839&zoom=16) does not match the old one ((None, 'Lisa Street'))
new building address (('5089', 'Kenal Road') https://osm.org/?mlat=29.660267007511845&mlon=-90.10824239172666&zoom=16) does not match the old one ((None, 'Kenal Road'))
new building address (('5145', 'Maise Street') https://osm.org/?mlat=29.66538822906475&mlon=-90.10844951820104&zoom=16) does not match the old one ((None, 'Maise Street'))
new building address (('5579', 'Jean Lafitte Boulevard') https://osm.org/?mlat=29.666292978913905&mlon=-90.10884280310665&zoom=16) does not match the old one ((None, 'Jean Lafitte Boulevard'))
new building address (('5159', '4th Street') https://osm.org/?mlat=29.666441715618053&mlon=-90.10888834448235&zoom=16) does not match the old one ((None, '4th Street'))
new building address (('5602', 'Jean Lafitte Boulevard') https://osm.org/?mlat=29.66622176509693&mlon=-90.10946464969989&zoom=16) does not match the old one ((None, 'Jean Lafitte Boulevard'))
new building address (('5471', 'Jean Lafitte Boulevard') https://osm.org/?mlat=29.668344609203956&mlon=-90.10869327707752&zoom=16) does not match the old one ((None, 'Jean Lafitte Boulevard'))
new building address (('5485', 'Jean Lafitte Boulevard') https://osm.org/?mlat=29.6683706851329&mlon=-90.10908725153365&zoom=16) does not match the old one ((None, 'Jean Lafitte Boulevard'))
new building address (('5549', 'Jean Lafitte Boulevard') https://osm.org/?mlat=29.667180866844497&mlon=-90.10895699301194&zoom=16) does not match the old one ((None, 'Jean Lafitte Boulevard'))
new building address (('5555', 'Jean Lafitte Boulevard') https://osm.org/?mlat=29.667008688004874&mlon=-90.10876847648552&zoom=16) does not match the old one ((None, 'Jean Lafitte Boulevard'))
new building address (('5117', '2nd Street') https://osm.org/?mlat=29.668064006790317&mlon=-90.10979300172541&zoom=16) does not match the old one ((None, 'Jean Lafitte Boulevard'))
new building address (('5541', 'Jean Lafitte Boulevard') https://osm.org/?mlat=29.667408274878476&mlon=-90.10889006910166&zoom=16) does not match the old one ((None, 'Jean Lafitte Boulevard'))
new building address (('5510', 'Jean Lafitte Boulevard') https://osm.org/?mlat=29.66823695516891&mlon=-90.10949484242661&zoom=16) does not match the old one (('5510', '2nd Street'))
new building address (('5108', '2nd Street') https://osm.org/?mlat=29.668668739796598&mlon=-90.10938428051357&zoom=16) does not match the old one ((None, 'Jean Lafitte Boulevard'))
new building address (('5474', 'Jean Lafitte Boulevard') https://osm.org/?mlat=29.668652524026317&mlon=-90.10878896220984&zoom=16) does not match the old one ((None, 'Jean Lafitte Boulevard'))
