address does not match a street: (None, '73', 'Megehee Court') https://osm.org/?mlat=29.948352741897043&mlon=-90.2453428604442&zoom=16
address does not match a street: (None, '54', 'Megehee Court') https://osm.org/?mlat=29.947919827018506&mlon=-90.24522580602776&zoom=16
address does not match a street: (None, '67', 'Megehee Court') https://osm.org/?mlat=29.948120630132834&mlon=-90.24489778977882&zoom=16
address does not match a street: (None, '48', 'Megehee Court') https://osm.org/?mlat=29.947746964285077&mlon=-90.24476155723595&zoom=16
address does not match a street: (None, '50', 'Megehee Court') https://osm.org/?mlat=29.947818815943396&mlon=-90.24490281088528&zoom=16
address does not match a street: (None, '52', 'Megehee Court') https://osm.org/?mlat=29.94789075135673&mlon=-90.24505420936342&zoom=16
address does not match a street: (None, '46', 'Megehee Court') https://osm.org/?mlat=29.94766177619745&mlon=-90.24461030377417&zoom=16
address does not match a street: (None, '304', 'Jeffer Drive') https://osm.org/?mlat=29.95467353787902&mlon=-90.24222392267781&zoom=16
address does not match a street: (None, '300', 'Jeffer Drive') https://osm.org/?mlat=29.954799447957164&mlon=-90.24215307002093&zoom=16
address does not match a street: (None, '356', 'Jeffer Drive') https://osm.org/?mlat=29.952944910023856&mlon=-90.24335124503743&zoom=16
address does not match a street: (None, '352', 'Jeffer Drive') https://osm.org/?mlat=29.953076189355755&mlon=-90.24326454796737&zoom=16
address does not match a street: (None, '340', 'Jeffer Drive') https://osm.org/?mlat=29.953467278188704&mlon=-90.24300448438875&zoom=16
address does not match a street: (None, '336', 'Jeffer Drive') https://osm.org/?mlat=29.953598531115983&mlon=-90.24291462878776&zoom=16
address does not match a street: (None, '328', 'Jeffer Drive') https://osm.org/?mlat=29.95386106385251&mlon=-90.2427380744959&zoom=16
address does not match a street: (None, '316', 'Jeffer Drive') https://osm.org/?mlat=29.954268597441576&mlon=-90.24247151115915&zoom=16
address does not match a street: (None, '312', 'Jeffer Drive') https://osm.org/?mlat=29.954408282341955&mlon=-90.24240366746938&zoom=16
address does not match a street: (None, '324', 'Holmes Street') https://osm.org/?mlat=29.9536159225386&mlon=-90.24202706465654&zoom=16
address does not match a street: (None, '348', 'Holmes Street') https://osm.org/?mlat=29.952825682337355&mlon=-90.24256939052549&zoom=16
address does not match a street: (None, '341', 'Jeffer Drive') https://osm.org/?mlat=29.953241751587797&mlon=-90.2426690528645&zoom=16
address does not match a street: (None, '333', 'Jeffer Drive') https://osm.org/?mlat=29.95350428400774&mlon=-90.24249249855781&zoom=16
address does not match a street: (None, '329', 'Jeffer Drive') https://osm.org/?mlat=29.95362998482823&mlon=-90.24239638713209&zoom=16
address does not match a street: (None, '317', 'Jeffer Drive') https://osm.org/?mlat=29.95403770103538&mlon=-90.24215192645913&zoom=16
address does not match a street: (None, '344', 'Holmes Street') https://osm.org/?mlat=29.952967725258752&mlon=-90.24245415387188&zoom=16
address does not match a street: (None, '336', 'Holmes Street') https://osm.org/?mlat=29.95323020413384&mlon=-90.2422712842764&zoom=16
address does not match a street: (None, '361', 'Jeffer Drive') https://osm.org/?mlat=29.95258271036533&mlon=-90.24311520201412&zoom=16
address does not match a street: (None, '357', 'Jeffer Drive') https://osm.org/?mlat=29.95270296458565&mlon=-90.24302546753655&zoom=16
address does not match a street: (None, '353', 'Jeffer Drive') https://osm.org/?mlat=29.952842492805942&mlon=-90.24293868010487&zoom=16
address does not match a street: (None, '71', 'Megehee Court') https://osm.org/?mlat=29.948258803790843&mlon=-90.2452018465682&zoom=16
address does not match a street: (None, '75', 'Megehee Court') https://osm.org/?mlat=29.948424577046826&mlon=-90.24548546856487&zoom=16
address does not match a street: (None, '77', 'Megehee Court') https://osm.org/?mlat=29.948500287574678&mlon=-90.2456357798239&zoom=16
address does not match a street: (None, '69', 'Megehee Court') https://osm.org/?mlat=29.948214610516363&mlon=-90.24504387498453&zoom=16
address does not match a street: (None, '384', 'Jeffer Drive') https://osm.org/?mlat=29.9520205825468&mlon=-90.24397396709114&zoom=16
address does not match a street: (None, '396', 'Jeffer Drive') https://osm.org/?mlat=29.951640516647913&mlon=-90.2442370595763&zoom=16
address does not match a street: (None, '388', 'Jeffer Drive') https://osm.org/?mlat=29.951891973108385&mlon=-90.24405115960253&zoom=16
address does not match a street: (None, '376', 'Jeffer Drive') https://osm.org/?mlat=29.952283063568093&mlon=-90.24379110322913&zoom=16
address does not match a street: (None, '372', 'Jeffer Drive') https://osm.org/?mlat=29.952414317045335&mlon=-90.24370124869317&zoom=16
address does not match a street: (None, '364', 'Jeffer Drive') https://osm.org/?mlat=29.95268512613137&mlon=-90.24352776606364&zoom=16
address does not match a street: (None, '360', 'Jeffer Drive') https://osm.org/?mlat=29.952808130331004&mlon=-90.24343800195717&zoom=16
address does not match a street: (None, '63', 'Megehee Court') https://osm.org/?mlat=29.94796784023476&mlon=-90.24458494328996&zoom=16
address does not match a street: (None, '79', 'Megehee Court') https://osm.org/?mlat=29.948558927881084&mlon=-90.2457822524675&zoom=16
address does not match a street: (None, '60', 'Megehee Court') https://osm.org/?mlat=29.948122707593953&mlon=-90.24572565051191&zoom=16
address does not match a street: (None, '61', 'Megehee Court') https://osm.org/?mlat=29.94788711167416&mlon=-90.24443871426743&zoom=16
address does not match a street: (None, '62', 'Megehee Court') https://osm.org/?mlat=29.94823186762195&mlon=-90.24583209936362&zoom=16
address does not match a street: (None, '64', 'Megehee Court') https://osm.org/?mlat=29.94830813497038&mlon=-90.24597330634099&zoom=16
address does not match a street: (None, '65', 'Megehee Court') https://osm.org/?mlat=29.94804865257201&mlon=-90.24474131822615&zoom=16
address does not match a street: (None, '380', 'Jeffer Drive') https://osm.org/?mlat=29.952146310618556&mlon=-90.24388101653587&zoom=16
address does not match a street: (None, '368', 'Jeffer Drive') https://osm.org/?mlat=29.952551096919144&mlon=-90.24361449247665&zoom=16
address does not match a street: (None, '349', 'Jeffer Drive') https://osm.org/?mlat=29.952970996902184&mlon=-90.24284885502034&zoom=16
address does not match a street: (None, '328', 'Holmes Street') https://osm.org/?mlat=29.95351637475536&mlon=-90.24209405496694&zoom=16
address does not match a street: (None, '340', 'Holmes Street') https://osm.org/?mlat=29.953082427263176&mlon=-90.24235816316992&zoom=16
address does not match a street: (None, '325', 'Jeffer Drive') https://osm.org/?mlat=29.953763960854985&mlon=-90.24230334289331&zoom=16
address does not match a street: (None, '320', 'Jeffer Drive') https://osm.org/?mlat=29.95412631895565&mlon=-90.2425583305529&zoom=16
address does not match a street: (None, '332', 'Jeffer Drive') https://osm.org/?mlat=29.953732533678725&mlon=-90.24282474289926&zoom=16
address does not match a street: (None, '344', 'Jeffer Drive') https://osm.org/?mlat=29.953330499636426&mlon=-90.24309124222812&zoom=16
address does not match a street: (None, '324', 'Jeffer Drive') https://osm.org/?mlat=29.953995092454306&mlon=-90.24265134473119&zoom=16
address does not match a street: (None, '308', 'Jeffer Drive') https://osm.org/?mlat=29.954542284540693&mlon=-90.24231378016523&zoom=16
address does not match a street: (None, '345', 'Jeffer Drive') https://osm.org/?mlat=29.953104999431552&mlon=-90.2427589696088&zoom=16
address does not match a street: (None, '321', 'Jeffer Drive') https://osm.org/?mlat=29.953906317729952&mlon=-90.24222599634255&zoom=16
address does not match a street: (None, '332', 'Holmes Street') https://osm.org/?mlat=29.953361588387708&mlon=-90.24219721598055&zoom=16
address does not match a street: (None, '316', 'Holmes Street') https://osm.org/?mlat=29.95387025737131&mlon=-90.24185691349129&zoom=16
address does not match a street: (None, '348', 'Jeffer Drive') https://osm.org/?mlat=29.95320744245908&mlon=-90.24317469202467&zoom=16
address does not match a street: (None, '392', 'Jeffer Drive') https://osm.org/?mlat=29.951760745511592&mlon=-90.24414416973497&zoom=16
address does not match a street: (None, '337', 'Jeffer Drive') https://osm.org/?mlat=29.95337303136701&mlon=-90.24258235462918&zoom=16
address does not match a street: (None, '58', 'Megehee Court') https://osm.org/?mlat=29.948087998417176&mlon=-90.24552930046907&zoom=16
address does not match a street: (None, '472', 'Jeffer Drive') https://osm.org/?mlat=29.948994222762984&mlon=-90.24598157546411&zoom=16
address does not match a street: (None, '464', 'Jeffer Drive') https://osm.org/?mlat=29.949253427108577&mlon=-90.24576313485359&zoom=16
address does not match a street: (None, '480', 'Jeffer Drive') https://osm.org/?mlat=29.948735111727867&mlon=-90.24616702017575&zoom=16
address does not match a street: (None, '624', 'Oleander Lane') https://osm.org/?mlat=29.94566695759993&mlon=-90.24189817469379&zoom=16
address does not match a street: (None, '445', 'Jeffer Drive') https://osm.org/?mlat=29.949745642855408&mlon=-90.24504897091828&zoom=16
address does not match a street: (None, '417', 'Jeffer Drive') https://osm.org/?mlat=29.950680454821995&mlon=-90.24444130539842&zoom=16
address does not match a street: (None, '429', 'Jeffer Drive') https://osm.org/?mlat=29.950278349882304&mlon=-90.24469680169227&zoom=16
address does not match a street: (None, '421', 'Jeffer Drive') https://osm.org/?mlat=29.95053754364137&mlon=-90.2445214951793&zoom=16
address does not match a street: (None, '441', 'Jeffer Drive') https://osm.org/?mlat=29.94989494978046&mlon=-90.2449408127549&zoom=16
address does not match a street: (None, '433', 'Jeffer Drive') https://osm.org/?mlat=29.950150877400556&mlon=-90.24477428514305&zoom=16
address does not match a street: (None, '457', 'Jeffer Drive') https://osm.org/?mlat=29.94936806271891&mlon=-90.24533209585681&zoom=16
address does not match a street: (None, '432', 'Jeffer Drive') https://osm.org/?mlat=29.95030558245188&mlon=-90.24505160710531&zoom=16
address does not match a street: (None, '452', 'Jeffer Drive') https://osm.org/?mlat=29.949639884699526&mlon=-90.24548498744194&zoom=16
address does not match a street: (None, '476', 'Jeffer Drive') https://osm.org/?mlat=29.948866834233655&mlon=-90.24606920099224&zoom=16
address does not match a street: (None, '416', 'Jeffer Drive') https://osm.org/?mlat=29.950826157208226&mlon=-90.24469843486071&zoom=16
address does not match a street: (None, '436', 'Jeffer Drive') https://osm.org/?mlat=29.950187005574822&mlon=-90.24520501751955&zoom=16
address does not match a street: (None, '444', 'Jeffer Drive') https://osm.org/?mlat=29.949903622208414&mlon=-90.24532485370176&zoom=16
address does not match a street: (None, '456', 'Jeffer Drive') https://osm.org/?mlat=29.94952986964362&mlon=-90.24559510732712&zoom=16
address does not match a street: (None, '473', 'Jeffer Drive') https://osm.org/?mlat=29.948858339586348&mlon=-90.24566231390934&zoom=16
address does not match a street: (None, '424', 'Jeffer Drive') https://osm.org/?mlat=29.95055815051704&mlon=-90.24487637374412&zoom=16
address does not match a street: (None, '408', 'Jeffer Drive') https://osm.org/?mlat=29.95108764330993&mlon=-90.24453324720619&zoom=16
address does not match a street: (None, '400', 'Jeffer Drive') https://osm.org/?mlat=29.951349234150555&mlon=-90.24438074068337&zoom=16
address does not match a street: (None, '404', 'Jeffer Drive') https://osm.org/?mlat=29.951221699817236&mlon=-90.24445061741396&zoom=16
address does not match a street: (None, '401', 'Jeffer Drive') https://osm.org/?mlat=29.9511942556717&mlon=-90.24407044598867&zoom=16
address does not match a street: (None, '405', 'Jeffer Drive') https://osm.org/?mlat=29.95107561816897&mlon=-90.24414783555426&zoom=16
address does not match a street: (None, '409', 'Jeffer Drive') https://osm.org/?mlat=29.95093954325975&mlon=-90.24425331557012&zoom=16
address does not match a street: (None, '412', 'Jeffer Drive') https://osm.org/?mlat=29.950978140021956&mlon=-90.24468658739013&zoom=16
address does not match a street: (None, '428', 'Jeffer Drive') https://osm.org/?mlat=29.950428637341094&mlon=-90.24497417103699&zoom=16
address does not match a street: (None, '440', 'Jeffer Drive') https://osm.org/?mlat=29.950061241141736&mlon=-90.24528833825354&zoom=16
address does not match a street: (None, '448', 'Jeffer Drive') https://osm.org/?mlat=29.94977393226007&mlon=-90.2454518342706&zoom=16
address does not match a street: (None, '620', 'Oleander Lane') https://osm.org/?mlat=29.94577332756632&mlon=-90.24176915509274&zoom=16
address does not match a street: (None, '320', 'Holmes Street') https://osm.org/?mlat=29.953766047770525&mlon=-90.24192649451798&zoom=16
address does not match a street: (None, '460', 'Jeffer Drive') https://osm.org/?mlat=29.94937631471604&mlon=-90.2456654109253&zoom=16
address does not match a street: (None, '425', 'Jeffer Drive') https://osm.org/?mlat=29.950407946787895&mlon=-90.24460914803166&zoom=16
address does not match a street: (None, '449', 'Jeffer Drive') https://osm.org/?mlat=29.9496272573566&mlon=-90.24515679259308&zoom=16
address does not match a street: (None, '468', 'Jeffer Drive') https://osm.org/?mlat=29.949109271019626&mlon=-90.24589387388075&zoom=16
address does not match a street: (None, '413', 'Jeffer Drive') https://osm.org/?mlat=29.950803341423825&mlon=-90.24434357844486&zoom=16
address does not match a street: (None, '437', 'Jeffer Drive') https://osm.org/?mlat=29.950027822624318&mlon=-90.24485172124238&zoom=16
address does not match a street: (None, '9534', 'Catalpa Loop') https://osm.org/?mlat=29.950094158444017&mlon=-90.25180492944094&zoom=16
address does not match a street: (None, '9579', 'Catalpa Loop') https://osm.org/?mlat=29.94770870687295&mlon=-90.25204997140162&zoom=16
address does not match a street: (None, '9523', 'Catalpa Loop') https://osm.org/?mlat=29.94943618619675&mlon=-90.25103648879522&zoom=16
address does not match a street: (None, '9551', 'Silver Bell Place') https://osm.org/?mlat=29.948261725865766&mlon=-90.25072430341292&zoom=16
address does not match a street: (None, '9567', 'Silver Bell Place') https://osm.org/?mlat=29.94893540523189&mlon=-90.2517454059897&zoom=16
address does not match a street: (None, '9542', 'Catalpa Loop') https://osm.org/?mlat=29.949532390933378&mlon=-90.25205669783738&zoom=16
address does not match a street: (None, '9557', 'Catalpa Loop') https://osm.org/?mlat=29.94843107762711&mlon=-90.25212128426776&zoom=16
address has no house number: (None, None, 'Willard Place') https://osm.org/?mlat=29.948149015195465&mlon=-90.24217418926584&zoom=16
address does not match a street: (None, '453', 'Jeffer Drive') https://osm.org/?mlat=29.94950432818094&mlon=-90.24524944448075&zoom=16
address does not match a street: (None, '461', 'Jeffer Drive') https://osm.org/?mlat=29.94923629882672&mlon=-90.24542484360545&zoom=16
address does not match a street: (None, '10', 'Megehee Court') https://osm.org/?mlat=29.9477006686112&mlon=-90.2455737049833&zoom=16
address does not match a street: (None, '12', 'Megehee Court') https://osm.org/?mlat=29.947628732883025&mlon=-90.245422305393&zoom=16
address does not match a street: (None, '8', 'Megehee Court') https://osm.org/?mlat=29.94778585468882&mlon=-90.24572495933627&zoom=16
address does not match a street: (None, '59', 'Megehee Court') https://osm.org/?mlat=29.947815301496583&mlon=-90.24430253264613&zoom=16
address does not match a street: (None, '57', 'Megehee Court') https://osm.org/?mlat=29.94773956378098&mlon=-90.24415239361404&zoom=16
address does not match a street: (None, '55', 'Megehee Court') https://osm.org/?mlat=29.94766320958267&mlon=-90.24400104424141&zoom=16
address does not match a street: (None, '53', 'Megehee Court') https://osm.org/?mlat=29.94761332738069&mlon=-90.24383218781782&zoom=16
address does not match a street: (None, '51', 'Megehee Court') https://osm.org/?mlat=29.947492874385677&mlon=-90.24370361089251&zoom=16
address does not match a street: (None, '49', 'Megehee Court') https://osm.org/?mlat=29.947390015899717&mlon=-90.24355255168217&zoom=16
address does not match a street: (None, '47', 'Megehee Court') https://osm.org/?mlat=29.947287452252457&mlon=-90.24343699822465&zoom=16
address does not match a street: (None, '39', 'Megehee Court') https://osm.org/?mlat=29.94684176717451&mlon=-90.24349766640266&zoom=16
address does not match a street: (None, '35', 'Megehee Court') https://osm.org/?mlat=29.946618543095557&mlon=-90.24374866743113&zoom=16
address does not match a street: (None, '29', 'Megehee Court') https://osm.org/?mlat=29.94659311079335&mlon=-90.24410076488184&zoom=16
address does not match a street: (None, '27', 'Megehee Court') https://osm.org/?mlat=29.946709346955263&mlon=-90.24426689609223&zoom=16
address does not match a street: (None, '25', 'Megehee Court') https://osm.org/?mlat=29.94680774491019&mlon=-90.24441293147622&zoom=16
address does not match a street: (None, '23', 'Megehee Court') https://osm.org/?mlat=29.946901808891425&mlon=-90.24456915883762&zoom=16
address does not match a street: (None, '19', 'Megehee Court') https://osm.org/?mlat=29.947054556884662&mlon=-90.24487692917224&zoom=16
address does not match a street: (None, '17', 'Megehee Court') https://osm.org/?mlat=29.94713095204047&mlon=-90.24503335108395&zoom=16
address does not match a street: (None, '15', 'Megehee Court') https://osm.org/?mlat=29.947198512409994&mlon=-90.24518986853575&zoom=16
address does not match a street: (None, '13', 'Megehee Court') https://osm.org/?mlat=29.947296951272275&mlon=-90.24534097731025&zoom=16
address does not match a street: (None, '11', 'Megehee Court') https://osm.org/?mlat=29.947360009663047&mlon=-90.24548739985438&zoom=16
address does not match a street: (None, '9', 'Megehee Court') https://osm.org/?mlat=29.947440611273883&mlon=-90.24561841260075&zoom=16
address does not match a street: (None, '7', 'Megehee Court') https://osm.org/?mlat=29.947502121284007&mlon=-90.24578853732365&zoom=16
address does not match a street: (None, '3', 'Megehee Court') https://osm.org/?mlat=29.947659074585882&mlon=-90.24607090121832&zoom=16
address does not match a street: (None, '1', 'Megehee Court') https://osm.org/?mlat=29.947730924839412&mlon=-90.24621215568605&zoom=16
address does not match a street: (None, '2', 'Megehee Court') https://osm.org/?mlat=29.948001531840163&mlon=-90.24616394061499&zoom=16
address does not match a street: (None, '4', 'Megehee Court') https://osm.org/?mlat=29.9479209307701&mlon=-90.2460329256557&zoom=16
address does not match a street: (None, '36', 'Megehee Court') https://osm.org/?mlat=29.947226622340615&mlon=-90.2438084857502&zoom=16
address does not match a street: (None, '38', 'Megehee Court') https://osm.org/?mlat=29.947329606516906&mlon=-90.24397476131013&zoom=16
address does not match a street: (None, '40', 'Megehee Court') https://osm.org/?mlat=29.947419296161083&mlon=-90.24413611009207&zoom=16
address does not match a street: (None, '42', 'Megehee Court') https://osm.org/?mlat=29.94750019300314&mlon=-90.24430262839016&zoom=16
address does not match a street: (None, '44', 'Megehee Court') https://osm.org/?mlat=29.94758979829029&mlon=-90.24445383314833&zoom=16
address does not match a street: (None, '465', 'Jeffer Drive') https://osm.org/?mlat=29.94910011712121&mlon=-90.24551763926868&zoom=16
address does not match a street: (None, '469', 'Jeffer Drive') https://osm.org/?mlat=29.948981479635584&mlon=-90.2455950254799&zoom=16
address does not match a street: (None, '496', 'Jeffer Drive') https://osm.org/?mlat=29.948189973349546&mlon=-90.24644433286798&zoom=16
address does not match a street: (None, '500', 'Jeffer Drive') https://osm.org/?mlat=29.948066917557686&mlon=-90.24652176538628&zoom=16
address does not match a street: (None, '508', 'Jeffer Drive') https://osm.org/?mlat=29.947799012120395&mlon=-90.24671237497532&zoom=16
address does not match a street: (None, '505', 'Jeffer Drive') https://osm.org/?mlat=29.947655605839007&mlon=-90.24646537195729&zoom=16
address does not match a street: (None, '501', 'Jeffer Drive') https://osm.org/?mlat=29.947782994644633&mlon=-90.24637774696257&zoom=16
address does not match a street: (None, '484', 'Jeffer Drive') https://osm.org/?mlat=29.948593988235032&mlon=-90.24619649982048&zoom=16
address does not match a street: (None, '628', 'Oleander Lane') https://osm.org/?mlat=29.94553043224864&mlon=-90.24201777630816&zoom=16
address does not match a street: (None, '22', 'Megehee Court') https://osm.org/?mlat=29.947238219492714&mlon=-90.24467579773997&zoom=16
address does not match a street: (None, '24', 'Megehee Court') https://osm.org/?mlat=29.94717061653362&mlon=-90.24451420778018&zoom=16
address does not match a street: (None, '26', 'Megehee Court') https://osm.org/?mlat=29.94709430472129&mlon=-90.24436793074753&zoom=16
address does not match a street: (None, '28', 'Megehee Court') https://osm.org/?mlat=29.947009159057167&mlon=-90.24422175035072&zoom=16
address does not match a street: (None, '30', 'Megehee Court') https://osm.org/?mlat=29.94693305687611&mlon=-90.24410083561425&zoom=16
address does not match a street: (None, '32', 'Megehee Court') https://osm.org/?mlat=29.946821323158034&mlon=-90.24394480153799&zoom=16
address does not match a street: (None, '14', 'Megehee Court') https://osm.org/?mlat=29.947556755949734&mlon=-90.24526583526925&zoom=16
address does not match a street: (None, '16', 'Megehee Court') https://osm.org/?mlat=29.947471653243642&mlon=-90.24512472623825&zoom=16
address does not match a street: (None, '18', 'Megehee Court') https://osm.org/?mlat=29.947386465570297&mlon=-90.24497347288371&zoom=16
address does not match a street: (None, '20', 'Megehee Court') https://osm.org/?mlat=29.94731457201719&mlon=-90.2448271469942&zoom=16
address does not match a street: (None, '420', 'Jeffer Drive') https://osm.org/?mlat=29.950689976946666&mlon=-90.2447912329839&zoom=16
address does not match a street: (None, '488', 'Jeffer Drive') https://osm.org/?mlat=29.94845534061002&mlon=-90.24627427064563&zoom=16
address does not match a street: (None, '492', 'Jeffer Drive') https://osm.org/?mlat=29.94832246767666&mlon=-90.24636335885029&zoom=16
address does not match a street: (None, '56', 'Megehee Court') https://osm.org/?mlat=29.948002811216014&mlon=-90.24537804583498&zoom=16
address does not match a street: (None, '509', 'Jeffer Drive') https://osm.org/?mlat=29.947526706375573&mlon=-90.24654487854471&zoom=16
address does not match a street: (None, '513', 'Jeffer Drive') https://osm.org/?mlat=29.947401137656374&mlon=-90.24663550527353&zoom=16
address does not match a street: (None, '517', 'Jeffer Drive') https://osm.org/?mlat=29.947256199254465&mlon=-90.24673378215354&zoom=16
address does not match a street: (None, '525', 'Jeffer Drive') https://osm.org/?mlat=29.947005061490614&mlon=-90.24691503545228&zoom=16
address does not match a street: (None, '529', 'Jeffer Drive') https://osm.org/?mlat=29.946863237812334&mlon=-90.2469984008332&zoom=16
address does not match a street: (None, '533', 'Jeffer Drive') https://osm.org/?mlat=29.946737608276322&mlon=-90.24708158969608&zoom=16
address does not match a street: (None, '537', 'Jeffer Drive') https://osm.org/?mlat=29.946592576519237&mlon=-90.24716870768648&zoom=16
address does not match a street: (None, '9586', 'Catalpa Loop') https://osm.org/?mlat=29.946843239700115&mlon=-90.25193961192625&zoom=16
address does not match a street: (None, '9578', 'Catalpa Loop') https://osm.org/?mlat=29.9471198661188&mlon=-90.25249448579936&zoom=16
address does not match a street: (None, '9582', 'Catalpa Loop') https://osm.org/?mlat=29.94698793840607&mlon=-90.25220582221475&zoom=16
address does not match a street: (None, '9546', 'Catalpa Loop') https://osm.org/?mlat=29.9493859763465&mlon=-90.2523583637917&zoom=16
address does not match a street: (None, '9550', 'Catalpa Loop') https://osm.org/?mlat=29.94912169389176&mlon=-90.25251743444184&zoom=16
address does not match a street: (None, '9554', 'Catalpa Loop') https://osm.org/?mlat=29.948844517675507&mlon=-90.2526840813865&zoom=16
address does not match a street: (None, '9591', 'Catalpa Loop') https://osm.org/?mlat=29.94756279568494&mlon=-90.25113510690555&zoom=16
address does not match a street: (None, '9587', 'Catalpa Loop') https://osm.org/?mlat=29.947626948000583&mlon=-90.2513677278281&zoom=16
address does not match a street: (None, '9583', 'Catalpa Loop') https://osm.org/?mlat=29.947758504157417&mlon=-90.25168615004262&zoom=16
address does not match a street: (None, '9575', 'Catalpa Loop') https://osm.org/?mlat=29.948059995998513&mlon=-90.2523117788214&zoom=16
address does not match a street: (None, '9590', 'Catalpa Loop') https://osm.org/?mlat=29.946679086913708&mlon=-90.25159098613273&zoom=16
address does not match a street: (None, '9530', 'Catalpa Loop') https://osm.org/?mlat=29.950590409834394&mlon=-90.25143700672838&zoom=16
address does not match a street: (None, '9566', 'Silver Bell Place') https://osm.org/?mlat=29.948282832554177&mlon=-90.25212484752916&zoom=16
address does not match a street: (None, '9519', 'Catalpa Loop') https://osm.org/?mlat=29.94906265755388&mlon=-90.25085186284677&zoom=16
address does not match a street: (None, '9515', 'Catalpa Loop') https://osm.org/?mlat=29.94893720358199&mlon=-90.25056312449387&zoom=16
address does not match a street: (None, '9511', 'Catalpa Loop') https://osm.org/?mlat=29.948759502764652&mlon=-90.25022288521438&zoom=16
address does not match a street: (None, '9514', 'Catalpa Loop') https://osm.org/?mlat=29.94981406470006&mlon=-90.25006266845276&zoom=16
address does not match a street: (None, '9518', 'Catalpa Loop') https://osm.org/?mlat=29.950004597204842&mlon=-90.25038789453309&zoom=16
address does not match a street: (None, '9522', 'Catalpa Loop') https://osm.org/?mlat=29.95016225452447&mlon=-90.25065397043733&zoom=16
address does not match a street: (None, '9526', 'Catalpa Loop') https://osm.org/?mlat=29.950055869870283&mlon=-90.25102495734765&zoom=16
address does not match a street: (None, '9562', 'Silver Bell Place') https://osm.org/?mlat=29.94815090404284&mlon=-90.25183618003324&zoom=16
address does not match a street: (None, '9558', 'Silver Bell Place') https://osm.org/?mlat=29.947992821918636&mlon=-90.25151804394432&zoom=16
address does not match a street: (None, '9550', 'Silver Bell Place') https://osm.org/?mlat=29.94782508027115&mlon=-90.2508132185592&zoom=16
address does not match a street: (None, '9555', 'Silver Bell Place') https://osm.org/?mlat=29.948763909913357&mlon=-90.25075840369617&zoom=16
address does not match a street: (None, '9559', 'Silver Bell Place') https://osm.org/?mlat=29.94892187150887&mlon=-90.2510616663077&zoom=16
address does not match a street: (None, '9563', 'Silver Bell Place') https://osm.org/?mlat=29.94907983239351&mlon=-90.25136492884342&zoom=16
address does not match a street: (None, '9537', 'Catalpa Loop') https://osm.org/?mlat=29.94936556379697&mlon=-90.25145109264085&zoom=16
address does not match a street: (None, '9512', 'Catalpa Loop') https://osm.org/?mlat=29.949698474432797&mlon=-90.24966237012643&zoom=16
address does not match a street: (None, '504', 'Jeffer Drive') https://osm.org/?mlat=29.94793090262875&mlon=-90.24663484772667&zoom=16
address does not match a street: (None, '5', 'Megehee Court') https://osm.org/?mlat=29.947582849250878&mlon=-90.24593476686421&zoom=16
address does not match a street: (None, '9510', 'Catalpa Loop') https://osm.org/?mlat=29.949296714609993&mlon=-90.24992220580621&zoom=16
address does not match a street: (None, '9554', 'Silver Bell Place') https://osm.org/?mlat=29.94777558761846&mlon=-90.2510964128848&zoom=16
address does not match a street: (None, '37', 'Megehee Court') https://osm.org/?mlat=29.946732468641024&mlon=-90.24363582383303&zoom=16
address does not match a street: (None, '9538', 'Catalpa Loop') https://osm.org/?mlat=29.94992755732088&mlon=-90.25204751857169&zoom=16
address does not match a street: (None, '521', 'Jeffer Drive') https://osm.org/?mlat=29.94712739174163&mlon=-90.24682444366175&zoom=16
address does not match a street: (None, '9550', 'West Kayla Lane') https://osm.org/?mlat=29.950577866572903&mlon=-90.24913784002932&zoom=16
address does not match a street: (None, '9558', 'West Kayla Lane') https://osm.org/?mlat=29.950863088318282&mlon=-90.2495678449451&zoom=16
address does not match a street: (None, '9562', 'West Kayla Lane') https://osm.org/?mlat=29.95095068694361&mlon=-90.24976974003975&zoom=16
address does not match a street: (None, '9566', 'West Kayla Lane') https://osm.org/?mlat=29.951043285013153&mlon=-90.24999899252906&zoom=16
address does not match a street: (None, '9570', 'West Kayla Lane') https://osm.org/?mlat=29.951145745820728&mlon=-90.25026651510403&zoom=16
address does not match a street: (None, '9574', 'West Kayla Lane') https://osm.org/?mlat=29.951267211316033&mlon=-90.25052286765012&zoom=16
address does not match a street: (None, '9578', 'West Kayla Lane') https://osm.org/?mlat=29.951669969577697&mlon=-90.25073230945557&zoom=16
address does not match a street: (None, '9567', 'West Kayla Lane') https://osm.org/?mlat=29.952061853176453&mlon=-90.24962061265558&zoom=16
address does not match a street: (None, '9551', 'West Kayla Lane') https://osm.org/?mlat=29.951413898108623&mlon=-90.24862437687925&zoom=16
address does not match a street: (None, '9571', 'West Kayla Lane') https://osm.org/?mlat=29.952337345492158&mlon=-90.25002880202635&zoom=16
address does not match a street: (None, '9555', 'West Kayla Lane') https://osm.org/?mlat=29.951554417065093&mlon=-90.24887503837046&zoom=16
address does not match a street: (None, '9563', 'West Kayla Lane') https://osm.org/?mlat=29.951855044828083&mlon=-90.2494364575032&zoom=16
address does not match a street: (None, '9559', 'West Kayla Lane') https://osm.org/?mlat=29.951718939684415&mlon=-90.24914188686334&zoom=16
address does not match a street: (None, '9575', 'West Kayla Lane') https://osm.org/?mlat=29.95189081947805&mlon=-90.25030228669463&zoom=16
address does not match a street: (None, '41', 'Megehee Court') https://osm.org/?mlat=29.946955818549654&mlon=-90.24340003854095&zoom=16
address does not match a street: (None, '34', 'Megehee Court') https://osm.org/?mlat=29.947092927362988&mlon=-90.24366790798909&zoom=16
address does not match a street: (None, '9554', 'West Kayla Lane') https://osm.org/?mlat=29.950717932965887&mlon=-90.2493336815444&zoom=16
address does not match a street: (None, '9550', 'West Terran Lane') https://osm.org/?mlat=29.95348973918983&mlon=-90.24735180599345&zoom=16
address does not match a street: (None, '9566', 'West Terran Lane') https://osm.org/?mlat=29.95401281711832&mlon=-90.24825620904595&zoom=16
address does not match a street: (None, '9554', 'West Terran Lane') https://osm.org/?mlat=29.953630079593296&mlon=-90.24758054262358&zoom=16
address does not match a street: (None, '9578', 'West Terran Lane') https://osm.org/?mlat=29.954511386891184&mlon=-90.2490841328078&zoom=16
address does not match a street: (None, '9570', 'West Keri Lane') https://osm.org/?mlat=29.95264240536437&mlon=-90.24938952750112&zoom=16
address does not match a street: (None, '9566', 'West Keri Lane') https://osm.org/?mlat=29.952544580469514&mlon=-90.24910550417364&zoom=16
address does not match a street: (None, '9562', 'West Keri Lane') https://osm.org/?mlat=29.952442433589944&mlon=-90.24887635282502&zoom=16
address does not match a street: (None, '9558', 'West Keri Lane') https://osm.org/?mlat=29.95233551222263&mlon=-90.24864725384168&zoom=16
address does not match a street: (None, '9554', 'West Keri Lane') https://osm.org/?mlat=29.95222399715665&mlon=-90.24844013419641&zoom=16
address does not match a street: (None, '9550', 'West Keri Lane') https://osm.org/?mlat=29.95206460887744&mlon=-90.2482170884364&zoom=16
address does not match a street: (None, '9551', 'West Terran Lane') https://osm.org/?mlat=29.954235017759643&mlon=-90.24683381918008&zoom=16
address does not match a street: (None, '9559', 'West Terran Lane') https://osm.org/?mlat=29.954525609182323&mlon=-90.24733504912457&zoom=16
address does not match a street: (None, '9555', 'West Terran Lane') https://osm.org/?mlat=29.954370856501917&mlon=-90.24709550194912&zoom=16
address does not match a street: (None, '9563', 'West Terran Lane') https://osm.org/?mlat=29.95464208007053&mlon=-90.24756404784169&zoom=16
address does not match a street: (None, '9567', 'West Terran Lane') https://osm.org/?mlat=29.954815519397265&mlon=-90.24775405021543&zoom=16
address does not match a street: (None, '9570', 'West Terran Lane') https://osm.org/?mlat=29.954115281427324&mlon=-90.24852373779267&zoom=16
address does not match a street: (None, '9574', 'West Terran Lane') https://osm.org/?mlat=29.954208197921005&mlon=-90.24879137085944&zoom=16
address does not match a street: (None, '9558', 'West Terran Lane') https://osm.org/?mlat=29.95374141508448&mlon=-90.24776573591842&zoom=16
address does not match a street: (None, '9562', 'West Terran Lane') https://osm.org/?mlat=29.953886618386257&mlon=-90.24800538647756&zoom=16
address does not match a street: (None, '6', 'Megehee Court') https://osm.org/?mlat=29.94785333038598&mlon=-90.24587133366119&zoom=16
address does not match a street: (None, '21', 'Megehee Court') https://osm.org/?mlat=29.94700033240289&mlon=-90.24473041108513&zoom=16
address does not match a street: (None, '9551', 'West Keri Lane') https://osm.org/?mlat=29.95257282920505&mlon=-90.24789906279783&zoom=16
address does not match a street: (None, '9555', 'West Keri Lane') https://osm.org/?mlat=29.95273739899299&mlon=-90.24817139468611&zoom=16
address does not match a street: (None, '9559', 'West Keri Lane') https://osm.org/?mlat=29.952858687743863&mlon=-90.24840582065528&zoom=16
address does not match a street: (None, '9563', 'West Keri Lane') https://osm.org/?mlat=29.952998981142798&mlon=-90.24862907606153&zoom=16
address does not match a street: (None, '9567', 'West Keri Lane') https://osm.org/?mlat=29.953191559592582&mlon=-90.2488243508845&zoom=16
address does not match a street: (None, '9571', 'West Keri Lane') https://osm.org/?mlat=29.953379408837502&mlon=-90.24902516065684&zoom=16
address does not match a street: (None, '9575', 'West Keri Lane') https://osm.org/?mlat=29.953538931210815&mlon=-90.24926465658737&zoom=16
address does not match a street: (None, '9579', 'West Keri Lane') https://osm.org/?mlat=29.953431707505615&mlon=-90.24957832304086&zoom=16
address does not match a street: (None, '9578', 'West Keri Lane') https://osm.org/?mlat=29.953083446552107&mlon=-90.24960951743178&zoom=16
address does not match a street: (None, '9574', 'West Keri Lane') https://osm.org/?mlat=29.952840434023194&mlon=-90.24966698140946&zoom=16
address does not match a street: (None, '9525', 'East Keri Lane') https://osm.org/?mlat=29.952040956792356&mlon=-90.24708660101706&zoom=16
address does not match a street: (None, '9529', 'East Keri Lane') https://osm.org/?mlat=29.952221908652202&mlon=-90.24731900401368&zoom=16
address does not match a street: (None, '9501', 'East Terran Lane') https://osm.org/?mlat=29.95242056738122&mlon=-90.24475113776121&zoom=16
address does not match a street: (None, '9505', 'East Terran Lane') https://osm.org/?mlat=29.952723225172086&mlon=-90.24474516188194&zoom=16
address does not match a street: (None, '9500', 'East Terran Lane') https://osm.org/?mlat=29.952163386049147&mlon=-90.24490635686792&zoom=16
address does not match a street: (None, '9504', 'East Terran Lane') https://osm.org/?mlat=29.952202739513083&mlon=-90.24515995005325&zoom=16
address does not match a street: (None, '9508', 'East Terran Lane') https://osm.org/?mlat=29.952272139780348&mlon=-90.24538647656236&zoom=16
address does not match a street: (None, '9512', 'East Terran Lane') https://osm.org/?mlat=29.952471350223675&mlon=-90.24554206650281&zoom=16
address does not match a street: (None, '9516', 'East Terran Lane') https://osm.org/?mlat=29.952622174075294&mlon=-90.24575968430148&zoom=16
address does not match a street: (None, '9520', 'East Terran Lane') https://osm.org/?mlat=29.95277774275372&mlon=-90.24598794722777&zoom=16
address does not match a street: (None, '9524', 'East Terran Lane') https://osm.org/?mlat=29.952914706790843&mlon=-90.24621908760382&zoom=16
address does not match a street: (None, '9528', 'East Terran Lane') https://osm.org/?mlat=29.95303523998405&mlon=-90.24643436430918&zoom=16
address does not match a street: (None, '9532', 'East Terran Lane') https://osm.org/?mlat=29.953158123300543&mlon=-90.24665228895554&zoom=16
address does not match a street: (None, '9509', 'East Terran Lane') https://osm.org/?mlat=29.952825797871576&mlon=-90.24504084956573&zoom=16
address does not match a street: (None, '9513', 'East Terran Lane') https://osm.org/?mlat=29.952958217302474&mlon=-90.24528540753951&zoom=16
address does not match a street: (None, '9517', 'East Terran Lane') https://osm.org/?mlat=29.9530881531482&mlon=-90.2455112758966&zoom=16
address does not match a street: (None, '9521', 'East Terran Lane') https://osm.org/?mlat=29.953199793762092&mlon=-90.24577745405468&zoom=16
address does not match a street: (None, '9525', 'East Terran Lane') https://osm.org/?mlat=29.9533319025063&mlon=-90.24598458253085&zoom=16
address does not match a street: (None, '9529', 'East Terran Lane') https://osm.org/?mlat=29.953450328569406&mlon=-90.24622662240559&zoom=16
address does not match a street: (None, '9533', 'East Terran Lane') https://osm.org/?mlat=29.953596605791244&mlon=-90.24645766321898&zoom=16
address does not match a street: (None, '9520', 'East Kayla Lane') https://osm.org/?mlat=29.950006228362515&mlon=-90.24798865874402&zoom=16
address does not match a street: (None, '9528', 'East Kayla Lane') https://osm.org/?mlat=29.950250315186267&mlon=-90.24849585794978&zoom=16
address does not match a street: (None, '9524', 'East Kayla Lane') https://osm.org/?mlat=29.950137189077672&mlon=-90.2482380490985&zoom=16
address does not match a street: (None, '9512', 'East Kayla Lane') https://osm.org/?mlat=29.949776731461764&mlon=-90.24751419682433&zoom=16
address does not match a street: (None, '9508', 'East Kayla Lane') https://osm.org/?mlat=29.94949641260843&mlon=-90.24738978504506&zoom=16
address does not match a street: (None, '9504', 'East Kayla Lane') https://osm.org/?mlat=29.949308232693294&mlon=-90.24714924306818&zoom=16
address does not match a street: (None, '9500', 'East Kayla Lane') https://osm.org/?mlat=29.949315816604287&mlon=-90.24676677401776&zoom=16
address does not match a street: (None, '9501', 'East Kayla Lane') https://osm.org/?mlat=29.94962608460456&mlon=-90.24661537458931&zoom=16
address does not match a street: (None, '9505', 'East Kayla Lane') https://osm.org/?mlat=29.94987278876107&mlon=-90.24657157031645&zoom=16
address does not match a street: (None, '9509', 'East Kayla Lane') https://osm.org/?mlat=29.95005350393464&mlon=-90.24677518820313&zoom=16
address does not match a street: (None, '9513', 'East Kayla Lane') https://osm.org/?mlat=29.95015974421776&mlon=-90.24706596389021&zoom=16
address does not match a street: (None, '9517', 'East Kayla Lane') https://osm.org/?mlat=29.950237001796527&mlon=-90.24731593791424&zoom=16
address does not match a street: (None, '9521', 'East Kayla Lane') https://osm.org/?mlat=29.9503604642903&mlon=-90.24752429285415&zoom=16
address does not match a street: (None, '9525', 'East Kayla Lane') https://osm.org/?mlat=29.95050936172907&mlon=-90.24777760034955&zoom=16
address does not match a street: (None, '9533', 'East Kayla Lane') https://osm.org/?mlat=29.950763784187732&mlon=-90.24823534731034&zoom=16
address does not match a street: (None, '9528', 'East Keri Lane') https://osm.org/?mlat=29.951719218995613&mlon=-90.24758351794347&zoom=16
address does not match a street: (None, '9524', 'East Keri Lane') https://osm.org/?mlat=29.951577515372&mlon=-90.24733424140086&zoom=16
address does not match a street: (None, '9520', 'East Keri Lane') https://osm.org/?mlat=29.951421422027327&mlon=-90.24707689815523&zoom=16
address does not match a street: (None, '9516', 'East Keri Lane') https://osm.org/?mlat=29.951304848387554&mlon=-90.24683557244367&zoom=16
address does not match a street: (None, '9516', 'East Kayla Lane') https://osm.org/?mlat=29.949878914673263&mlon=-90.24774745225005&zoom=16
address does not match a street: (None, '9529', 'East Kayla Lane') https://osm.org/?mlat=29.95060806563085&mlon=-90.24802323053495&zoom=16
address does not match a street: (None, '9512', 'East Keri Lane') https://osm.org/?mlat=29.95114514043944&mlon=-90.24657415802264&zoom=16
address does not match a street: (None, '9508', 'East Keri Lane') https://osm.org/?mlat=29.950914877131876&mlon=-90.24644097794153&zoom=16
address does not match a street: (None, '9504', 'East Keri Lane') https://osm.org/?mlat=29.95068025278513&mlon=-90.24621327630155&zoom=16
address does not match a street: (None, '9500', 'East Keri Lane') https://osm.org/?mlat=29.950702223289504&mlon=-90.24583886805749&zoom=16
address does not match a street: (None, '9501', 'East Keri Lane') https://osm.org/?mlat=29.95104815807139&mlon=-90.24567062785657&zoom=16
address does not match a street: (None, '9505', 'East Keri Lane') https://osm.org/?mlat=29.951381605663485&mlon=-90.24572455847861&zoom=16
address does not match a street: (None, '9509', 'East Keri Lane') https://osm.org/?mlat=29.9515135898634&mlon=-90.24609729183673&zoom=16
address does not match a street: (None, '9513', 'East Keri Lane') https://osm.org/?mlat=29.951633915241118&mlon=-90.2463591354737&zoom=16
address does not match a street: (None, '9517', 'East Keri Lane') https://osm.org/?mlat=29.951747011050003&mlon=-90.2466128343923&zoom=16
address does not match a street: (None, '9521', 'East Keri Lane') https://osm.org/?mlat=29.95189226174979&mlon=-90.24685795968209&zoom=16
address does not match a street: (None, '31', 'Megehee Court') https://osm.org/?mlat=29.946463275208362&mlon=-90.24402419316269&zoom=16
address does not match a street: (None, '33', 'Megehee Court') https://osm.org/?mlat=29.946472484224497&mlon=-90.2438390720029&zoom=16
