address does not match a street: ('2508', 'West Napoleon Avenue South') https://osm.org/?mlat=29.991479912973272&mlon=-90.15003923306317&zoom=16
address does not match a street: ('2712', 'West Napoleon Avenue South') https://osm.org/?mlat=29.991561169495295&mlon=-90.15143144920711&zoom=16
address does not match a street: ('3011', 'West Napoleon Avenue North') https://osm.org/?mlat=29.9924923495312&mlon=-90.15344377192534&zoom=16
address does not match a street: ('3012', 'West Napoleon Avenue North') https://osm.org/?mlat=29.992205719981968&mlon=-90.15338880943109&zoom=16
address does not match a street: ('412', 'North Labarre Drive') https://osm.org/?mlat=29.98641104083727&mlon=-90.15210531345723&zoom=16
address does not match a street: ('2716', 'West Napoleon Avenue South') https://osm.org/?mlat=29.99158784489863&mlon=-90.15164595530204&zoom=16
address does not match a street: ('307', 'North Labarre Drive') https://osm.org/?mlat=29.98436196850536&mlon=-90.15175998623712&zoom=16
address does not match a street: ('620', 'North Labarre Drive') https://osm.org/?mlat=29.99017698219149&mlon=-90.15193751076816&zoom=16
address does not match a street: ('2512', 'West Napoleon Avenue South') https://osm.org/?mlat=29.991489808757738&mlon=-90.15022234531064&zoom=16
address has no house number: (None, 'Labarre Drive') https://osm.org/?mlat=29.983846192914875&mlon=-90.15220202345628&zoom=16
address does not match a street: ('522', 'North Labarre Drive') https://osm.org/?mlat=29.988533105002965&mlon=-90.15200436640949&zoom=16
address does not match a street: ('2708', 'West Napoleon Avenue South') https://osm.org/?mlat=29.991548412264724&mlon=-90.15123573410699&zoom=16
address has no house number: (None, 'Bonnabel Boulevard') https://osm.org/?mlat=29.98849389726728&mlon=-90.14306677830501&zoom=16
address has no house number: (None, 'Dorrington Boulevard') https://osm.org/?mlat=29.984460613757935&mlon=-90.1470801412851&zoom=16
address has no house number: (None, 'Chatham Street') https://osm.org/?mlat=29.985782593464265&mlon=-90.15018954317433&zoom=16
address does not match a street: ('2707', 'West Napoleon Avenue North') https://osm.org/?mlat=29.992152246204622&mlon=-90.15187111808275&zoom=16
address does not match a street: ('2607', 'West Napoleon Avenue North') https://osm.org/?mlat=29.99214338180113&mlon=-90.15088398596106&zoom=16
address does not match a street: ('2501', 'West Napoleon Avenue North') https://osm.org/?mlat=29.991914027380883&mlon=-90.14953474211845&zoom=16
address does not match a street: ('3005', 'West Napoleon Avenue North') https://osm.org/?mlat=29.99255731225365&mlon=-90.15303714096125&zoom=16
address has no house number: (None, 'Labarre Drive') https://osm.org/?mlat=29.984531813050424&mlon=-90.15190003831583&zoom=16
