address does not match a street: (None, '45', 'Jasmine Lane') https://osm.org/?mlat=29.945714899418704&mlon=-90.23998669961222&zoom=16
address does not match a street: (None, '9', 'Jasmine Lane') https://osm.org/?mlat=29.94657706341663&mlon=-90.2410832998841&zoom=16
address does not match a street: (None, '13', 'Jasmine Lane') https://osm.org/?mlat=29.946491119639592&mlon=-90.2409685759627&zoom=16
address does not match a street: (None, '33', 'Jasmine Lane') https://osm.org/?mlat=29.946013829435614&mlon=-90.24035210486988&zoom=16
address does not match a street: (None, '341', 'Mitchell Street') https://osm.org/?mlat=29.95117108633049&mlon=-90.2390317527214&zoom=16
address does not match a street: (None, '317', 'Mitchell Street') https://osm.org/?mlat=29.95186095577362&mlon=-90.23832630059543&zoom=16
address does not match a street: (None, '17', 'Four O Clock Lane') https://osm.org/?mlat=29.94841849213074&mlon=-90.23871458669528&zoom=16
address does not match a street: (None, '13', 'Four O Clock Lane') https://osm.org/?mlat=29.948524005118102&mlon=-90.2388365814163&zoom=16
address does not match a street: (None, '24', 'Four O Clock Lane') https://osm.org/?mlat=29.948070540039634&mlon=-90.23886997472157&zoom=16
address does not match a street: (None, '33', 'Four O Clock Lane') https://osm.org/?mlat=29.948050781519065&mlon=-90.23822241494892&zoom=16
address does not match a street: (None, '337', 'Mitchell Street') https://osm.org/?mlat=29.95128822041327&mlon=-90.23889783909554&zoom=16
address does not match a street: (None, '196', 'Live Oak Manor Drive') https://osm.org/?mlat=29.95490784318199&mlon=-90.23673255893024&zoom=16
address does not match a street: (None, '197', 'Live Oak Manor Drive') https://osm.org/?mlat=29.954551726459357&mlon=-90.23650305976483&zoom=16
address does not match a street: (None, '41', 'Four O Clock Lane') https://osm.org/?mlat=29.947829142327567&mlon=-90.23795056443954&zoom=16
address does not match a street: (None, '109', 'Four O Clock Lane') https://osm.org/?mlat=29.947356492599976&mlon=-90.23729099246921&zoom=16
address does not match a street: (None, '113', 'Four O Clock Lane') https://osm.org/?mlat=29.947223132922918&mlon=-90.2371677889556&zoom=16
address does not match a street: (None, '125', 'Four O Clock Lane') https://osm.org/?mlat=29.946914495028185&mlon=-90.23676067765852&zoom=16
address does not match a street: (None, '116', 'Four O Clock Lane') https://osm.org/?mlat=29.946858763301535&mlon=-90.23733283393642&zoom=16
address does not match a street: (None, '112', 'Four O Clock Lane') https://osm.org/?mlat=29.946947884579885&mlon=-90.23746763610822&zoom=16
address does not match a street: (None, '100', 'Four O Clock Lane') https://osm.org/?mlat=29.947224344257123&mlon=-90.23784523527303&zoom=16
address does not match a street: (None, '101', 'Jasmine Lane') https://osm.org/?mlat=29.945533729718367&mlon=-90.23969984330027&zoom=16
address does not match a street: (None, '132', 'Four O Clock Lane') https://osm.org/?mlat=29.946480515101246&mlon=-90.23682228489865&zoom=16
address does not match a street: (None, '124', 'Four O Clock Lane') https://osm.org/?mlat=29.946664179965957&mlon=-90.23708235596143&zoom=16
address does not match a street: (None, '129', 'Four O Clock Lane') https://osm.org/?mlat=29.946852772918938&mlon=-90.23663503050483&zoom=16
address does not match a street: (None, '133', 'Four O Clock Lane') https://osm.org/?mlat=29.946719910596297&mlon=-90.23651019962335&zoom=16
address does not match a street: (None, '345', 'Mitchell Street') https://osm.org/?mlat=29.951045492963747&mlon=-90.23914049720945&zoom=16
address does not match a street: (None, '333', 'Mitchell Street') https://osm.org/?mlat=29.951394460626247&mlon=-90.23877667600486&zoom=16
address does not match a street: (None, '321', 'Mitchell Street') https://osm.org/?mlat=29.95174075729335&mlon=-90.23842235510057&zoom=16
address does not match a street: (None, '36', 'Four O Clock Lane') https://osm.org/?mlat=29.947765474347428&mlon=-90.23847375053109&zoom=16
address does not match a street: (None, '105', 'Four O Clock Lane') https://osm.org/?mlat=29.947423216383932&mlon=-90.23741820809386&zoom=16
address does not match a street: (None, '121', 'Four O Clock Lane') https://osm.org/?mlat=29.946998423152248&mlon=-90.23691359792244&zoom=16
address does not match a street: (None, '108', 'Four O Clock Lane') https://osm.org/?mlat=29.947008663366955&mlon=-90.23757468474494&zoom=16
address does not match a street: (None, '21', 'Four O Clock Lane') https://osm.org/?mlat=29.948321200948204&mlon=-90.238589343255&zoom=16
address does not match a street: (None, '117', 'Four O Clock Lane') https://osm.org/?mlat=29.94711738158946&mlon=-90.23701737982512&zoom=16
address does not match a street: (None, '140', 'Four O Clock Lane') https://osm.org/?mlat=29.946305722685683&mlon=-90.23658966821728&zoom=16
address does not match a street: (None, '9', 'Four O Clock Lane') https://osm.org/?mlat=29.948621216366632&mlon=-90.23895235193908&zoom=16
address does not match a street: (None, '120', 'Four O Clock Lane') https://osm.org/?mlat=29.946765232562853&mlon=-90.23724078698191&zoom=16
address does not match a street: (None, '37', 'Four O Clock Lane') https://osm.org/?mlat=29.947953642002332&mlon=-90.23804077194998&zoom=16
address does not match a street: (None, '29', 'Four O Clock Lane') https://osm.org/?mlat=29.948151264080074&mlon=-90.23833853797049&zoom=16
address does not match a street: (None, '104', 'Four O Clock Lane') https://osm.org/?mlat=29.947145165202688&mlon=-90.23771177155206&zoom=16
address does not match a street: (None, '44', 'Four O Clock Lane') https://osm.org/?mlat=29.947578062462917&mlon=-90.23827793350847&zoom=16
address does not match a street: (None, '32', 'Four O Clock Lane') https://osm.org/?mlat=29.94786514535111&mlon=-90.23859201238972&zoom=16
address does not match a street: (None, '137', 'Four O Clock Lane') https://osm.org/?mlat=29.94661706615607&mlon=-90.23637870714643&zoom=16
address does not match a street: (None, '128', 'Four O Clock Lane') https://osm.org/?mlat=29.946572387509917&mlon=-90.23695705588295&zoom=16
address does not match a street: (None, '136', 'Four O Clock Lane') https://osm.org/?mlat=29.94638332826613&mlon=-90.23670967632528&zoom=16
address does not match a street: (None, '141', 'Four O Clock Lane') https://osm.org/?mlat=29.946474520830304&mlon=-90.23618601339408&zoom=16
address does not match a street: (None, '25', 'Four O Clock Lane') https://osm.org/?mlat=29.948245908158054&mlon=-90.23846385972773&zoom=16
address does not match a street: (None, '329', 'Mitchell Street') https://osm.org/?mlat=29.951522909370226&mlon=-90.23868053175595&zoom=16
address does not match a street: (None, '313', 'Mitchell Street') https://osm.org/?mlat=29.951977748382042&mlon=-90.23815133681723&zoom=16
address does not match a street: (None, '28', 'Four O Clock Lane') https://osm.org/?mlat=29.94797869677818&mlon=-90.23873835738492&zoom=16
address does not match a street: (None, '5', 'Four O Clock Lane') https://osm.org/?mlat=29.948766442017575&mlon=-90.23908781076541&zoom=16
address does not match a street: (None, '244', 'Sweet Pea Lane') https://osm.org/?mlat=29.951621107983737&mlon=-90.23500891973937&zoom=16
address does not match a street: (None, '17', 'Goldenrod Lane') https://osm.org/?mlat=29.950706597946823&mlon=-90.23445784831998&zoom=16
address does not match a street: (None, '1', 'Goldenrod Lane') https://osm.org/?mlat=29.951098845583008&mlon=-90.23493099404196&zoom=16
address does not match a street: (None, '40', 'Goldenrod Lane') https://osm.org/?mlat=29.94999071989284&mlon=-90.23422050644267&zoom=16
address does not match a street: (None, '12', 'Goldenrod Lane') https://osm.org/?mlat=29.95077112329353&mlon=-90.23518198888725&zoom=16
address does not match a street: (None, '220', 'Sweet Pea Lane') https://osm.org/?mlat=29.95222629639225&mlon=-90.2342864662097&zoom=16
address does not match a street: (None, '13', 'Goldenrod Lane') https://osm.org/?mlat=29.95078985855236&mlon=-90.23459307615263&zoom=16
address does not match a street: (None, '29', 'Goldenrod Lane') https://osm.org/?mlat=29.950396645518865&mlon=-90.23407525899945&zoom=16
address does not match a street: (None, '25', 'Goldenrod Lane') https://osm.org/?mlat=29.950519226908987&mlon=-90.23418586692327&zoom=16
address does not match a street: (None, '44', 'Goldenrod Lane') https://osm.org/?mlat=29.949909467855125&mlon=-90.23409658676405&zoom=16
address does not match a street: (None, '52', 'Goldenrod Lane') https://osm.org/?mlat=29.949725273616856&mlon=-90.23389403000768&zoom=16
address does not match a street: (None, '260', 'Sweet Pea Lane') https://osm.org/?mlat=29.951102612358174&mlon=-90.23549077220176&zoom=16
address does not match a street: (None, '4', 'Goldenrod Lane') https://osm.org/?mlat=29.950949469097683&mlon=-90.23545904092644&zoom=16
address does not match a street: (None, '216', 'Sweet Pea Lane') https://osm.org/?mlat=29.952339005927588&mlon=-90.23419664179401&zoom=16
address does not match a street: (None, '232', 'Sweet Pea Lane') https://osm.org/?mlat=29.951903785644664&mlon=-90.23464453639112&zoom=16
address does not match a street: (None, '224', 'Sweet Pea Lane') https://osm.org/?mlat=29.9521207563396&mlon=-90.23439634076166&zoom=16
address does not match a street: (None, '17', 'Jasmine Lane') https://osm.org/?mlat=29.946386231391763&mlon=-90.24084683054244&zoom=16
address does not match a street: (None, '22', 'Jasmine Lane') https://osm.org/?mlat=29.94604411133384&mlon=-90.24096624012894&zoom=16
address does not match a street: (None, '30', 'Jasmine Lane') https://osm.org/?mlat=29.945856427520766&mlon=-90.24072973676579&zoom=16
address does not match a street: (None, '34', 'Jasmine Lane') https://osm.org/?mlat=29.945764038261597&mlon=-90.24059701192486&zoom=16
address does not match a street: (None, '42', 'Jasmine Lane') https://osm.org/?mlat=29.94555731841633&mlon=-90.24034264685301&zoom=16
address does not match a street: (None, '20', 'Goldenrod Lane') https://osm.org/?mlat=29.950604506063108&mlon=-90.23495567046086&zoom=16
address does not match a street: (None, '18', 'Jasmine Lane') https://osm.org/?mlat=29.946136350202806&mlon=-90.24108089463147&zoom=16
address does not match a street: (None, '29', 'Jasmine Lane') https://osm.org/?mlat=29.946099892932658&mlon=-90.24048128455767&zoom=16
address does not match a street: (None, '21', 'Jasmine Lane') https://osm.org/?mlat=29.946281343021255&mlon=-90.24072508434217&zoom=16
address does not match a street: (None, '5', 'Goldenrod Lane') https://osm.org/?mlat=29.95097920184693&mlon=-90.234850032477&zoom=16
address does not match a street: (None, '25', 'Jasmine Lane') https://osm.org/?mlat=29.946169640344998&mlon=-90.240575231204&zoom=16
address does not match a street: (None, '37', 'Jasmine Lane') https://osm.org/?mlat=29.945918412361554&mlon=-90.24023387145736&zoom=16
address does not match a street: (None, '38', 'Jasmine Lane') https://osm.org/?mlat=29.945668622306542&mlon=-90.24047877856424&zoom=16
address does not match a street: (None, '41', 'Jasmine Lane') https://osm.org/?mlat=29.945836510203673&mlon=-90.24006382493653&zoom=16
address does not match a street: (None, '46', 'Jasmine Lane') https://osm.org/?mlat=29.945491619343226&mlon=-90.24025210017919&zoom=16
address does not match a street: (None, '8', 'Goldenrod Lane') https://osm.org/?mlat=29.950807729698287&mlon=-90.23532738968802&zoom=16
address does not match a street: (None, '48', 'Goldenrod Lane') https://osm.org/?mlat=29.949793486490695&mlon=-90.2340351624079&zoom=16
address does not match a street: (None, '6', 'Jasmine Lane') https://osm.org/?mlat=29.94639647272489&mlon=-90.24146183084291&zoom=16
address does not match a street: (None, '5', 'Jasmine Lane') https://osm.org/?mlat=29.94667883390041&mlon=-90.24120869446371&zoom=16
address does not match a street: (None, '1', 'Jasmine Lane') https://osm.org/?mlat=29.946768104091376&mlon=-90.24134507081042&zoom=16
address does not match a street: (None, '200', 'Sweet Pea Lane') https://osm.org/?mlat=29.95268976399874&mlon=-90.23363227712285&zoom=16
address does not match a street: (None, '208', 'Sweet Pea Lane') https://osm.org/?mlat=29.952544886203246&mlon=-90.23399309772668&zoom=16
address does not match a street: (None, '36', 'Goldenrod Lane') https://osm.org/?mlat=29.95005317604116&mlon=-90.23438105470426&zoom=16
address does not match a street: (None, '252', 'Sweet Pea Lane') https://osm.org/?mlat=29.951293038820417&mlon=-90.2352175010609&zoom=16
address does not match a street: (None, '16', 'Goldenrod Lane') https://osm.org/?mlat=29.950637554312046&mlon=-90.23510138671918&zoom=16
address does not match a street: (None, '212', 'Sweet Pea Lane') https://osm.org/?mlat=29.952510685980727&mlon=-90.23413306335767&zoom=16
address does not match a street: (None, '9', 'Goldenrod Lane') https://osm.org/?mlat=29.95088736928414&mlon=-90.23469207892838&zoom=16
address does not match a street: (None, '33', 'Goldenrod Lane') https://osm.org/?mlat=29.950314452924545&mlon=-90.23393531991192&zoom=16
address does not match a street: (None, '32', 'Goldenrod Lane') https://osm.org/?mlat=29.950179207244915&mlon=-90.23448269514085&zoom=16
address does not match a street: (None, '240', 'Sweet Pea Lane') https://osm.org/?mlat=29.95169569231958&mlon=-90.23488344250508&zoom=16
address does not match a street: (None, '21', 'Goldenrod Lane') https://osm.org/?mlat=29.95059230996201&mlon=-90.23427746215258&zoom=16
address does not match a street: (None, '204', 'Sweet Pea Lane') https://osm.org/?mlat=29.952669249332182&mlon=-90.23386147229395&zoom=16
address does not match a street: (None, '228', 'Sweet Pea Lane') https://osm.org/?mlat=29.952011641217787&mlon=-90.23452593822851&zoom=16
address does not match a street: (None, '256', 'Sweet Pea Lane') https://osm.org/?mlat=29.951245099478268&mlon=-90.23535121920033&zoom=16
address does not match a street: (None, '28', 'Goldenrod Lane') https://osm.org/?mlat=29.950412811914312&mlon=-90.23473622525354&zoom=16
address does not match a street: (None, '24', 'Goldenrod Lane') https://osm.org/?mlat=29.950476288573718&mlon=-90.23483439756203&zoom=16
address does not match a street: (None, '26', 'Jasmine Lane') https://osm.org/?mlat=29.945939223077534&mlon=-90.24084449525647&zoom=16
address does not match a street: (None, '14', 'Jasmine Lane') https://osm.org/?mlat=29.94625366710516&mlon=-90.24122143862078&zoom=16
address does not match a street: (None, '10', 'Jasmine Lane') https://osm.org/?mlat=29.94632721091647&mlon=-90.2413209790919&zoom=16
address does not match a street: (None, '2', 'Jasmine Lane') https://osm.org/?mlat=29.946552418808416&mlon=-90.24161894629773&zoom=16
address does not match a street: (None, '236', 'Sweet Pea Lane') https://osm.org/?mlat=29.95179817240166&mlon=-90.23477345240333&zoom=16
address does not match a street: (None, '248', 'Sweet Pea Lane') https://osm.org/?mlat=29.95144309093421&mlon=-90.23513537247722&zoom=16
address does not match a street: (None, '325', 'Mitchell Street') https://osm.org/?mlat=29.95162912309973&mlon=-90.2385562095556&zoom=16
address does not match a street: (None, '40', 'Four O Clock Lane') https://osm.org/?mlat=29.947681377892067&mlon=-90.23836900664467&zoom=16
address does not match a street: (None, '5', 'Lake Emery Lane') https://osm.org/?mlat=29.945449832869063&mlon=-90.23248356965678&zoom=16
address does not match a street: (None, '1', 'Lake Emery Lane') https://osm.org/?mlat=29.94565062008422&mlon=-90.23261890753626&zoom=16
address does not match a street: (None, '48', 'Four O Clock Lane') https://osm.org/?mlat=29.947462290227012&mlon=-90.23814969832812&zoom=16
address does not match a street: (None, '157', 'Live Oak Manor Drive') https://osm.org/?mlat=29.95484649278924&mlon=-90.23595403125121&zoom=16
