address has no house number: (None, None, 'Elizabeth Street') https://osm.org/?mlat=30.001491320434916&mlon=-90.20014464404602&zoom=16
address does not match a street: (None, '5510', 'West Napoleon Avenue South') https://osm.org/?mlat=29.994628346710794&mlon=-90.19797795963117&zoom=16
address does not match a street: (None, '6007', 'West Napoleon Avenue North') https://osm.org/?mlat=29.995361513755856&mlon=-90.20247870305778&zoom=16
address does not match a street: (None, '2900', 'Bryant Street') https://osm.org/?mlat=30.002457130126732&mlon=-90.20831193076837&zoom=16
address does not match a street: (None, '2808', 'Bryant Street') https://osm.org/?mlat=30.002275705782157&mlon=-90.20832029621462&zoom=16
address does not match a street: (None, '2810', 'Bryant Street') https://osm.org/?mlat=30.002316950859477&mlon=-90.20831983095863&zoom=16
address does not match a street: (None, '2813', 'Bryant Street') https://osm.org/?mlat=30.00231548811215&mlon=-90.2078269708776&zoom=16
address does not match a street: (None, '2809', 'Bryant Street') https://osm.org/?mlat=30.00215336461127&mlon=-90.20784143828911&zoom=16
address does not match a street: (None, '2812', 'Tugie Street') https://osm.org/?mlat=30.002013179826378&mlon=-90.20752707536604&zoom=16
address does not match a street: (None, '2818', 'Tugie Street') https://osm.org/?mlat=30.00217805206572&mlon=-90.20751257643472&zoom=16
address does not match a street: (None, '2904', 'Tugie Street') https://osm.org/?mlat=30.00250768936155&mlon=-90.20747094177862&zoom=16
address does not match a street: (None, '2905', 'Tugie Street') https://osm.org/?mlat=30.00250918933664&mlon=-90.20700332299172&zoom=16
address does not match a street: (None, '2901', 'Tugie Street') https://osm.org/?mlat=30.002349816504676&mlon=-90.20701776070702&zoom=16
address does not match a street: (None, '2903', 'Tugie Street') https://osm.org/?mlat=30.002391061576926&mlon=-90.20701729491202&zoom=16
address does not match a street: (None, '2801', 'Bryant Street') https://osm.org/?mlat=30.001816424281145&mlon=-90.20799373551932&zoom=16
address does not match a street: (None, '2803', 'Bryant Street') https://osm.org/?mlat=30.00185766936022&mlon=-90.20799327013044&zoom=16
address does not match a street: (None, '2808', 'Tugie Street') https://osm.org/?mlat=30.001812967069725&mlon=-90.20758936481668&zoom=16
address does not match a street: (None, '2806', 'Tugie Street') https://osm.org/?mlat=30.001794650847653&mlon=-90.20753371121306&zoom=16
address does not match a street: (None, '2815', 'Tugie Street') https://osm.org/?mlat=30.00187997311597&mlon=-90.20706413957119&zoom=16
address does not match a street: (None, '2813', 'Tugie Street') https://osm.org/?mlat=30.001838728040394&mlon=-90.20706460534441&zoom=16
address does not match a street: (None, '2809', 'Tugie Street') https://osm.org/?mlat=30.001682482318593&mlon=-90.20712323969472&zoom=16
address does not match a street: (None, '2811', 'Tugie Street') https://osm.org/?mlat=30.001683632151316&mlon=-90.20705273535877&zoom=16
address does not match a street: (None, '2902', 'Tugie Street') https://osm.org/?mlat=30.002384197291853&mlon=-90.20750077100497&zoom=16
address does not match a street: (None, '2900', 'Tugie Street') https://osm.org/?mlat=30.002342952217834&mlon=-90.2075012366&zoom=16
address does not match a street: (None, '2805', 'Bryant Street') https://osm.org/?mlat=30.001980513394276&mlon=-90.20788762119534&zoom=16
address does not match a street: (None, '2807', 'Bryant Street') https://osm.org/?mlat=30.002021758471926&mlon=-90.2078871557618&zoom=16
address does not match a street: (None, '2802', 'Tugie Street') https://osm.org/?mlat=30.00170653935695&mlon=-90.20768534930704&zoom=16
address does not match a street: (None, '2800', 'Tugie Street') https://osm.org/?mlat=30.00166529427804&mlon=-90.20768581482255&zoom=16
address does not match a street: (None, '2903', 'Bryant Street') https://osm.org/?mlat=30.002480495420418&mlon=-90.20782826819364&zoom=16
address does not match a street: (None, '2819', 'Tugie Street') https://osm.org/?mlat=30.00205853961125&mlon=-90.20704316634286&zoom=16
address does not match a street: (None, '2817', 'Tugie Street') https://osm.org/?mlat=30.00201729453686&mlon=-90.2070436321256&zoom=16
address does not match a street: (None, '2823', 'Tugie Street') https://osm.org/?mlat=30.002179444078923&mlon=-90.20703232259649&zoom=16
