address has no house number: (None, None, 'Peters Road') https://osm.org/?mlat=29.897780825491072&mlon=-90.07733311143187&zoom=16
address does not match a street: (None, '1120', 'Saint Michael Drive') https://osm.org/?mlat=29.8918982314684&mlon=-90.08757560744121&zoom=16
address does not match a street: (None, '1125', 'Saint Michael Drive') https://osm.org/?mlat=29.891917656168623&mlon=-90.0870135950562&zoom=16
address does not match a street: (None, '1121', 'Saint Michael Drive') https://osm.org/?mlat=29.892075226397765&mlon=-90.08709999732291&zoom=16
address does not match a street: (None, '1205', 'Saint Michael Drive') https://osm.org/?mlat=29.891002456486405&mlon=-90.08678200933888&zoom=16
address does not match a street: (None, '1201', 'Saint Michael Drive') https://osm.org/?mlat=29.891184564640085&mlon=-90.0868460112455&zoom=16
address does not match a street: (None, '1208', 'Saint Michael Drive') https://osm.org/?mlat=29.890715805173926&mlon=-90.08729369902555&zoom=16
address does not match a street: (None, '1204', 'Saint Michael Drive') https://osm.org/?mlat=29.89088093567717&mlon=-90.08730741807335&zoom=16
address does not match a street: (None, '1132', 'Saint Michael Drive') https://osm.org/?mlat=29.891369514123323&mlon=-90.08750014766414&zoom=16
address does not match a street: (None, '1128', 'Saint Michael Drive') https://osm.org/?mlat=29.891559123575025&mlon=-90.08748515780862&zoom=16
address has no house number: (None, None, '1st Avenue') https://osm.org/?mlat=29.894058151187927&mlon=-90.08163976259142&zoom=16
address does not match a street: (None, '1104', 'Saint Michael Drive') https://osm.org/?mlat=29.89263449104966&mlon=-90.08778734258262&zoom=16
address does not match a street: (None, '1213', 'Saint Michael Drive') https://osm.org/?mlat=29.89065492124339&mlon=-90.0866524591449&zoom=16
address does not match a street: (None, '1113', 'Saint Michael Drive') https://osm.org/?mlat=29.892446618817683&mlon=-90.08717374848015&zoom=16
address does not match a street: (None, '1101', 'Saint Michael Drive') https://osm.org/?mlat=29.892898848638012&mlon=-90.08724436242584&zoom=16
address does not match a street: (None, '1001', 'Saint Michael Drive') https://osm.org/?mlat=29.89324339619745&mlon=-90.08732843145197&zoom=16
address does not match a street: (None, '1005', 'Saint Michael Drive') https://osm.org/?mlat=29.89344457241897&mlon=-90.08737326154794&zoom=16
address does not match a street: (None, '1016', 'Saint Michael Drive') https://osm.org/?mlat=29.89397675731465&mlon=-90.08781478245689&zoom=16
address does not match a street: (None, '1224', 'Saint Michael Drive') https://osm.org/?mlat=29.89001809799095&mlon=-90.08679745476235&zoom=16
address has no house number: (None, None, 'Westbank Expressway') https://osm.org/?mlat=29.895781870376428&mlon=-90.0864154859834&zoom=16
address does not match a street: (None, '1112', 'Saint Michael Drive') https://osm.org/?mlat=29.89227293659331&mlon=-90.08764983247967&zoom=16
address does not match a street: (None, '1133', 'Saint Michael Drive') https://osm.org/?mlat=29.891545701253918&mlon=-90.08693933833291&zoom=16
address does not match a street: (None, '1108', 'Saint Michael Drive') https://osm.org/?mlat=29.89244987373014&mlon=-90.08774861747065&zoom=16
address does not match a street: (None, '1200', 'Saint Michael Drive') https://osm.org/?mlat=29.891060353693238&mlon=-90.08737776637257&zoom=16
address does not match a street: (None, '1220', 'Saint Michael Drive') https://osm.org/?mlat=29.89004601552695&mlon=-90.08713163696876&zoom=16
address does not match a street: (None, '1137', 'Saint Michael Drive') https://osm.org/?mlat=29.891369391629024&mlon=-90.08690682346159&zoom=16
address does not match a street: (None, '1116', 'Saint Michael Drive') https://osm.org/?mlat=29.89210493689716&mlon=-90.08762352445028&zoom=16
address does not match a street: (None, '1009', 'Saint Michael Drive') https://osm.org/?mlat=29.89360994205036&mlon=-90.08741222654288&zoom=16
address does not match a street: (None, '1221', 'Saint Michael Drive') https://osm.org/?mlat=29.890180866107983&mlon=-90.08656188273171&zoom=16
address does not match a street: (None, '1209', 'Saint Michael Drive') https://osm.org/?mlat=29.890798046566843&mlon=-90.0867065537539&zoom=16
address does not match a street: (None, '1013', 'Saint Michael Drive') https://osm.org/?mlat=29.89388009946967&mlon=-90.08748144468423&zoom=16
address does not match a street: (None, '1124', 'Saint Michael Drive') https://osm.org/?mlat=29.891732802050846&mlon=-90.08753033056675&zoom=16
address does not match a street: (None, '1212', 'Saint Michael Drive') https://osm.org/?mlat=29.890525149145848&mlon=-90.08719824372852&zoom=16
address does not match a street: (None, '1216', 'Saint Michael Drive') https://osm.org/?mlat=29.890284238319662&mlon=-90.08721709852504&zoom=16
address does not match a street: (None, '1117', 'Saint Michael Drive') https://osm.org/?mlat=29.89225844991456&mlon=-90.08713690680226&zoom=16
address does not match a street: (None, '1100', 'Saint Michael Drive') https://osm.org/?mlat=29.892802638982133&mlon=-90.08780615878919&zoom=16
address does not match a street: (None, '1217', 'Saint Michael Drive') https://osm.org/?mlat=29.89042236008331&mlon=-90.08662585870687&zoom=16
address does not match a street: (None, '1109', 'Saint Michael Drive') https://osm.org/?mlat=29.89261780869667&mlon=-90.08722060057963&zoom=16
address has no house number: (None, None, 'Destrehan Avenue') https://osm.org/?mlat=29.891343515516652&mlon=-90.07814632921065&zoom=16
