address does not match a street: (None, '645', 'Saint Joseph Lane') https://osm.org/?mlat=29.903788412432608&mlon=-90.07851676637806&zoom=16
address does not match a street: (None, '649', 'Saint Joseph Lane') https://osm.org/?mlat=29.903650627474754&mlon=-90.07848693450403&zoom=16
address does not match a street: (None, '661', 'Saint Joseph Lane') https://osm.org/?mlat=29.903291542405576&mlon=-90.07832100449316&zoom=16
address does not match a street: (None, '735', 'Saint Joseph Lane') https://osm.org/?mlat=29.90188468612164&mlon=-90.07786524144754&zoom=16
address does not match a street: (None, '641', 'Saint Joseph Lane') https://osm.org/?mlat=29.903915499782407&mlon=-90.07857829660901&zoom=16
address has no house number: (None, None, 'Peters Road') https://osm.org/?mlat=29.906410215178482&mlon=-90.08172306003291&zoom=16
address does not match a street: (None, '504', 'Saint Joseph Lane') https://osm.org/?mlat=29.906262980396306&mlon=-90.07991238306606&zoom=16
address has no house number: (None, None, 'Saint Joseph Lane') https://osm.org/?mlat=29.90607288769946&mlon=-90.07976002817628&zoom=16
address does not match a street: (None, None, 'Saint Joseph Lane') https://osm.org/?mlat=29.90607288769946&mlon=-90.07976002817628&zoom=16
address does not match a street: (None, '617', 'Saint Joseph Lane') https://osm.org/?mlat=29.90470739851451&mlon=-90.07885557742641&zoom=16
address does not match a street: (None, '700', 'Saint Joseph Lane') https://osm.org/?mlat=29.902644122572127&mlon=-90.07848696035941&zoom=16
address does not match a street: (None, '712', 'Saint Joseph Lane') https://osm.org/?mlat=29.902316594248482&mlon=-90.07844378815172&zoom=16
address does not match a street: (None, '710', 'Saint Joseph Lane') https://osm.org/?mlat=29.9022978909303&mlon=-90.07837410037999&zoom=16
address has no house number: (None, None, 'Peters Road') https://osm.org/?mlat=29.901732983287552&mlon=-90.07872403217753&zoom=16
address does not match a street: (None, '637', 'Saint Joseph Lane') https://osm.org/?mlat=29.904047906711913&mlon=-90.07862082286006&zoom=16
address does not match a street: (None, '625', 'Saint Joseph Lane') https://osm.org/?mlat=29.904442495417086&mlon=-90.07876105785253&zoom=16
address does not match a street: (None, '537', 'Saint Joseph Lane') https://osm.org/?mlat=29.90562623314113&mlon=-90.07917861442517&zoom=16
address has no house number: (None, None, 'Saint Joseph Lane') https://osm.org/?mlat=29.905773338758305&mlon=-90.07960919967904&zoom=16
address does not match a street: (None, None, 'Saint Joseph Lane') https://osm.org/?mlat=29.905773338758305&mlon=-90.07960919967904&zoom=16
address does not match a street: (None, '509', 'Saint Joseph Lane') https://osm.org/?mlat=29.90652865906886&mlon=-90.079511331805&zoom=16
address does not match a street: (None, '513', 'Saint Joseph Lane') https://osm.org/?mlat=29.906412751436005&mlon=-90.07946859712304&zoom=16
address does not match a street: (None, '517', 'Saint Joseph Lane') https://osm.org/?mlat=29.906263816682287&mlon=-90.07942312092212&zoom=16
address does not match a street: (None, '525', 'Saint Joseph Lane') https://osm.org/?mlat=29.906001634529215&mlon=-90.0793254077481&zoom=16
address does not match a street: (None, '529', 'Saint Joseph Lane') https://osm.org/?mlat=29.905888386223847&mlon=-90.07927317076917&zoom=16
address does not match a street: (None, '613', 'Saint Joseph Lane') https://osm.org/?mlat=29.90482070720698&mlon=-90.07891412537747&zoom=16
address does not match a street: (None, '600', 'Saint Joseph Lane') https://osm.org/?mlat=29.90513119802187&mlon=-90.07945597801594&zoom=16
address does not match a street: (None, '425', 'Saint Joseph Lane') https://osm.org/?mlat=29.907259521235094&mlon=-90.07973257692421&zoom=16
address has no house number: (None, None, '2nd Avenue') https://osm.org/?mlat=29.905319247442282&mlon=-90.08607807760599&zoom=16
address does not match a street: (None, '633', 'Saint Joseph Lane') https://osm.org/?mlat=29.90418040303824&mlon=-90.07867281623449&zoom=16
address has no house number: (None, None, '3rd Avenue') https://osm.org/?mlat=29.90347151571581&mlon=-90.08645311150272&zoom=16
address has no house number: (None, None, 'Destrehan Avenue') https://osm.org/?mlat=29.904108506080433&mlon=-90.08243601314977&zoom=16
address does not match a street: (None, '533', 'Saint Joseph Lane') https://osm.org/?mlat=29.905739511582404&mlon=-90.07923400722066&zoom=16
address does not match a street: (None, '505', 'Saint Joseph Lane') https://osm.org/?mlat=29.906677562798144&mlon=-90.07955365217873&zoom=16
address does not match a street: (None, '521', 'Saint Joseph Lane') https://osm.org/?mlat=29.90615062860195&mlon=-90.07937719584332&zoom=16
address does not match a street: (None, '653', 'Saint Joseph Lane') https://osm.org/?mlat=29.90352625873866&mlon=-90.07842221400914&zoom=16
address does not match a street: (None, '541', 'Saint Joseph Lane') https://osm.org/?mlat=29.905496396422606&mlon=-90.0791171169212&zoom=16
address does not match a street: (None, '540', 'Saint Joseph Lane') https://osm.org/?mlat=29.90546459274576&mlon=-90.07953100886554&zoom=16
address has no house number: (None, None, '2nd Avenue') https://osm.org/?mlat=29.906763356226687&mlon=-90.08602865464714&zoom=16
address does not match a street: (None, '737', 'Saint Joseph Lane') https://osm.org/?mlat=29.901544231198525&mlon=-90.07765772616956&zoom=16
address has no house number: (None, None, '3rd Avenue') https://osm.org/?mlat=29.901257705099166&mlon=-90.0852495291572&zoom=16
address does not match a street: (None, '629', 'Saint Joseph Lane') https://osm.org/?mlat=29.904296431389152&mlon=-90.07872817309799&zoom=16
address does not match a street: (None, '621', 'Saint Joseph Lane') https://osm.org/?mlat=29.904555835161958&mlon=-90.07882276155306&zoom=16
address does not match a street: (None, '609', 'Saint Joseph Lane') https://osm.org/?mlat=29.90496952175756&mlon=-90.07894697601527&zoom=16
address has no house number: (None, None, 'Peters Road') https://osm.org/?mlat=29.904816788124148&mlon=-90.0805742224757&zoom=16
address has no house number: (None, None, 'Peters Road') https://osm.org/?mlat=29.90652872630163&mlon=-90.08218582283023&zoom=16
address has no house number: (None, None, 'Mac Arthur Avenue') https://osm.org/?mlat=29.898964845061464&mlon=-90.08668414509337&zoom=16
address has no house number: (None, None, 'Destrehan Avenue') https://osm.org/?mlat=29.90373708657107&mlon=-90.08339131159558&zoom=16
address has no house number: (None, None, 'Saint Joseph Lane') https://osm.org/?mlat=29.900888527509245&mlon=-90.07738408629642&zoom=16
address does not match a street: (None, None, 'Saint Joseph Lane') https://osm.org/?mlat=29.900888527509245&mlon=-90.07738408629642&zoom=16
address has no house number: (None, None, 'Saint Joseph Lane') https://osm.org/?mlat=29.90199837537484&mlon=-90.07789035362288&zoom=16
address does not match a street: (None, None, 'Saint Joseph Lane') https://osm.org/?mlat=29.90199837537484&mlon=-90.07789035362288&zoom=16
address has no house number: (None, None, 'Destrehan Avenue') https://osm.org/?mlat=29.904516972834422&mlon=-90.08298943375516&zoom=16
new building tag (addr:housenumber=617) does not match the old one (addr:housenumber=600)
new building tag (addr:street=2nd Avenue) does not match the old one (addr:street=Second Avenue)
address has no house number: (None, None, '1st Avenue') https://osm.org/?mlat=29.903445530687595&mlon=-90.08452726346626&zoom=16
