address does not match a street: (None, '11', 'Clevner Street') https://osm.org/?mlat=30.04241518440813&mlon=-90.25783248126668&zoom=16
address does not match a street: (None, '9', 'Clevner Street') https://osm.org/?mlat=30.04226451464224&mlon=-90.25790667449887&zoom=16
address does not match a street: (None, '7', 'Clevner Street') https://osm.org/?mlat=30.042116526443664&mlon=-90.25800311077897&zoom=16
address does not match a street: (None, '3', 'Clevner Street') https://osm.org/?mlat=30.041815110407903&mlon=-90.25814215581825&zoom=16
address does not match a street: (None, '34', 'Clevner Street') https://osm.org/?mlat=30.04387533779044&mlon=-90.25652055352802&zoom=16
address does not match a street: (None, '20', 'Clevner Street') https://osm.org/?mlat=30.042837771472193&mlon=-90.25706919367953&zoom=16
address does not match a street: (None, '22', 'Clevner Street') https://osm.org/?mlat=30.042974818886403&mlon=-90.25701095260777&zoom=16
address has no house number: (None, None, 'Chambertin Drive') https://osm.org/?mlat=30.044389899620633&mlon=-90.26028570695884&zoom=16
address does not match a street: (None, '26', 'Clevner Street') https://osm.org/?mlat=30.04328412419862&mlon=-90.25684307820212&zoom=16
address does not match a street: (None, '42', 'Clevner Street') https://osm.org/?mlat=30.044469752764478&mlon=-90.25620733070514&zoom=16
address does not match a street: (None, '38', 'Clevner Street') https://osm.org/?mlat=30.044184590450136&mlon=-90.2563462088837&zoom=16
address does not match a street: (None, '19', 'Clevner Street') https://osm.org/?mlat=30.043006371167834&mlon=-90.25750637346627&zoom=16
address does not match a street: (None, '17', 'Clevner Street') https://osm.org/?mlat=30.04286128028276&mlon=-90.25757475942474&zoom=16
address does not match a street: (None, '15', 'Clevner Street') https://osm.org/?mlat=30.042699488505637&mlon=-90.25766488012495&zoom=16
address does not match a street: (None, '13', 'Clevner Street') https://osm.org/?mlat=30.04256264613899&mlon=-90.25774826369636&zoom=16
address does not match a street: (None, '4', 'Clevner Street') https://osm.org/?mlat=30.041643930867806&mlon=-90.25769494940543&zoom=16
address does not match a street: (None, '6', 'Clevner Street') https://osm.org/?mlat=30.041789027713385&mlon=-90.2576272830165&zoom=16
address does not match a street: (None, '8', 'Clevner Street') https://osm.org/?mlat=30.041942220589448&mlon=-90.25755593698366&zoom=16
address does not match a street: (None, '12', 'Clevner Street') https://osm.org/?mlat=30.04223772369189&mlon=-90.25738174837953&zoom=16
address does not match a street: (None, '14', 'Clevner Street') https://osm.org/?mlat=30.042397249394526&mlon=-90.25732039200217&zoom=16
address does not match a street: (None, '16', 'Clevner Street') https://osm.org/?mlat=30.042539039111862&mlon=-90.25723048692117&zoom=16
address does not match a street: (None, '40', 'Clevner Street') https://osm.org/?mlat=30.044332917245374&mlon=-90.25629143737267&zoom=16
address does not match a street: (None, '32', 'Clevner Street') https://osm.org/?mlat=30.043744327375&mlon=-90.25662902482206&zoom=16
address does not match a street: (None, '21', 'Clevner Street') https://osm.org/?mlat=30.043148366416336&mlon=-90.25744161388081&zoom=16
address does not match a street: (None, '36', 'Clevner Street') https://osm.org/?mlat=30.04400952095919&mlon=-90.25641779574866&zoom=16
address does not match a street: (None, '2', 'Clevner Street') https://osm.org/?mlat=30.041499174267923&mlon=-90.25780428363757&zoom=16
address does not match a street: (None, '10', 'Clevner Street') https://osm.org/?mlat=30.04208231780014&mlon=-90.2574883241433&zoom=16
address does not match a street: (None, '18', 'Clevner Street') https://osm.org/?mlat=30.042684106348325&mlon=-90.25715922745555&zoom=16
address does not match a street: (None, '448', 'Rue de la Rivere') https://osm.org/?mlat=30.04734887980188&mlon=-90.2634031534205&zoom=16
address does not match a street: (None, '4460', 'Rue SaintPeter') https://osm.org/?mlat=30.0468860099086&mlon=-90.26276474491956&zoom=16
address does not match a street: (None, '4400', 'Rue SaintPeter') https://osm.org/?mlat=30.04384297347847&mlon=-90.26305638209142&zoom=16
address does not match a street: (None, '4401', 'Rue SaintPeter') https://osm.org/?mlat=30.04397605251881&mlon=-90.26358664514301&zoom=16
address does not match a street: (None, '4405', 'Rue SaintPeter') https://osm.org/?mlat=30.044159618961928&mlon=-90.26356024575107&zoom=16
address does not match a street: (None, '4412', 'Rue SaintPeter') https://osm.org/?mlat=30.044452712843615&mlon=-90.26301175619474&zoom=16
address does not match a street: (None, '4408', 'Rue SaintPeter') https://osm.org/?mlat=30.0442546768891&mlon=-90.263026814814&zoom=16
address does not match a street: (None, '4404', 'Rue SaintPeter') https://osm.org/?mlat=30.044051634636197&mlon=-90.26304120951967&zoom=16
address has no house number: (None, None, 'Champs Elysees') https://osm.org/?mlat=30.043551523559398&mlon=-90.26311483562458&zoom=16
address does not match a street: (None, '4409', 'Rue SaintPeter') https://osm.org/?mlat=30.04436727671795&mlon=-90.26357526166008&zoom=16
address does not match a street: (None, '4440', 'Rue SaintPeter') https://osm.org/?mlat=30.045904905225218&mlon=-90.2628668309829&zoom=16
address does not match a street: (None, '4417', 'Rue SaintPeter') https://osm.org/?mlat=30.04475827240067&mlon=-90.26353585861007&zoom=16
address does not match a street: (None, '4421', 'Rue SaintPeter') https://osm.org/?mlat=30.044957809507416&mlon=-90.26347479980677&zoom=16
address does not match a street: (None, '4464', 'Rue SaintPeter') https://osm.org/?mlat=30.04718405067509&mlon=-90.26281213982124&zoom=16
address does not match a street: (None, '4456', 'Rue SaintPeter') https://osm.org/?mlat=30.046741468505772&mlon=-90.2628111443611&zoom=16
address does not match a street: (None, '4452', 'Rue SaintPeter') https://osm.org/?mlat=30.046531258408127&mlon=-90.2627896902212&zoom=16
address does not match a street: (None, '4448', 'Rue SaintPeter') https://osm.org/?mlat=30.046305252986887&mlon=-90.26282445053211&zoom=16
address does not match a street: (None, '4444', 'Rue SaintPeter') https://osm.org/?mlat=30.046138755427904&mlon=-90.26287437895456&zoom=16
address does not match a street: (None, '4432', 'Rue SaintPeter') https://osm.org/?mlat=30.045501986678&mlon=-90.26290061697863&zoom=16
address does not match a street: (None, '4413', 'Rue SaintPeter') https://osm.org/?mlat=30.04456372392004&mlon=-90.26351854715304&zoom=16
address does not match a street: (None, '4425', 'Rue SaintPeter') https://osm.org/?mlat=30.04515093840889&mlon=-90.26347129090915&zoom=16
address does not match a street: (None, '449', 'Rue de la Rivere') https://osm.org/?mlat=30.046816611813508&mlon=-90.26332419714895&zoom=16
address does not match a street: (None, '4428', 'Rue SaintPeter') https://osm.org/?mlat=30.045283015205488&mlon=-90.26287782073668&zoom=16
address does not match a street: (None, '4424', 'Rue SaintPeter') https://osm.org/?mlat=30.045072366361147&mlon=-90.26295624464622&zoom=16
address does not match a street: (None, '4416', 'Rue SaintPeter') https://osm.org/?mlat=30.044650177062145&mlon=-90.26300316936907&zoom=16
address does not match a street: (None, '456', 'Rue de la Rivere') https://osm.org/?mlat=30.047361605183177&mlon=-90.26304590885927&zoom=16
address does not match a street: (None, '4429', 'Rue SaintPeter') https://osm.org/?mlat=30.04537734178849&mlon=-90.26348538592192&zoom=16
address does not match a street: (None, '445', 'Rue de la Rivere') https://osm.org/?mlat=30.046670670505375&mlon=-90.2634837210722&zoom=16
address does not match a street: (None, '452', 'Rue de la Rivere') https://osm.org/?mlat=30.047363041291398&mlon=-90.26322265129674&zoom=16
address does not match a street: (None, '4420', 'Rue SaintPeter') https://osm.org/?mlat=30.044825815576022&mlon=-90.26300128360846&zoom=16
address does not match a street: (None, '5', 'Clevner Street') https://osm.org/?mlat=30.041965856574294&mlon=-90.25807730353104&zoom=16
address does not match a street: (None, '444', 'Rue de la Rivere') https://osm.org/?mlat=30.047223476174455&mlon=-90.26366388646949&zoom=16
address does not match a street: (None, '39', 'Clevner Street') https://osm.org/?mlat=30.044509493097703&mlon=-90.25670985573052&zoom=16
address does not match a street: (None, '24', 'Clevner Street') https://osm.org/?mlat=30.043139004300038&mlon=-90.25690787247008&zoom=16
address does not match a street: (None, '4436', 'Rue SaintPeter') https://osm.org/?mlat=30.045701828011744&mlon=-90.26287691576105&zoom=16
address does not match a street: (None, '31', 'Clevner Street') https://osm.org/?mlat=30.04390694564774&mlon=-90.25702244379613&zoom=16
address does not match a street: (None, '35', 'Clevner Street') https://osm.org/?mlat=30.044208231215016&mlon=-90.25686758687115&zoom=16
address does not match a street: (None, '37', 'Clevner Street') https://osm.org/?mlat=30.044358876861484&mlon=-90.25679051734669&zoom=16
address does not match a street: (None, '27', 'Clevner Street') https://osm.org/?mlat=30.04360883766516&mlon=-90.25718373216873&zoom=16
address does not match a street: (None, '28', 'Clevner Street') https://osm.org/?mlat=30.043431562682894&mlon=-90.25675598413906&zoom=16
address does not match a street: (None, '33', 'Clevner Street') https://osm.org/?mlat=30.044060144015326&mlon=-90.25695181389409&zoom=16
address does not match a street: (None, '30', 'Clevner Street') https://osm.org/?mlat=30.04358228463863&mlon=-90.25668825545138&zoom=16
address does not match a street: (None, '25', 'Clevner Street') https://osm.org/?mlat=30.04346634652956&mlon=-90.25726430567138&zoom=16
address does not match a street: (None, '41', 'Clevner Street') https://osm.org/?mlat=30.044652029954236&mlon=-90.25663502820649&zoom=16
address does not match a street: (None, '29', 'Clevner Street') https://osm.org/?mlat=30.043756329213572&mlon=-90.25710310548939&zoom=16
address does not match a street: (None, '23', 'Clevner Street') https://osm.org/?mlat=30.04330210802051&mlon=-90.25736091946314&zoom=16
address does not match a street: (None, '1', 'Clevner Street') https://osm.org/?mlat=30.041672695783287&mlon=-90.25823206568205&zoom=16
