address does not match a street: ('4809', 'West Napoleon Avenue North') https://osm.org/?mlat=29.99461954348198&mlon=-90.18729975847606&zoom=16
address does not match a street: ('4811', 'West Napoleon Avenue North') https://osm.org/?mlat=29.99456231742251&mlon=-90.18734011872641&zoom=16
address does not match a street: ('4929', 'West Napoleon Avenue North') https://osm.org/?mlat=29.994857954415714&mlon=-90.19062697144697&zoom=16
address does not match a street: ('4770', 'South I-10 Service Road') https://osm.org/?mlat=29.99796798386907&mlon=-90.18776057688082&zoom=16
address does not match a street: ('4770', 'South I-10 Service Road') https://osm.org/?mlat=29.998066978154572&mlon=-90.187823191336&zoom=16
address does not match a street: ('5213', 'West Napoleon Avenue North') https://osm.org/?mlat=29.99516843289692&mlon=-90.19504003509506&zoom=16
address does not match a street: ('5200', 'West Napoleon Avenue South') https://osm.org/?mlat=29.994353453039516&mlon=-90.1946070466673&zoom=16
address does not match a street: ('5209', 'West Napoleon Avenue North') https://osm.org/?mlat=29.995140953932964&mlon=-90.19472442520664&zoom=16
address does not match a street: ('4859', 'West Napoleon Avenue North') https://osm.org/?mlat=29.994774801155245&mlon=-90.18928525050893&zoom=16
address does not match a street: ('4849', 'West Napoleon Avenue North') https://osm.org/?mlat=29.99479045689112&mlon=-90.18885862006722&zoom=16
address does not match a street: ('4851', 'West Napoleon Avenue North') https://osm.org/?mlat=29.99473471773083&mlon=-90.18883003061018&zoom=16
address does not match a street: ('4849', 'West Napoleon Avenue North') https://osm.org/?mlat=29.994790341925054&mlon=-90.1888585757808&zoom=16
address does not match a street: ('4921', 'West Napoleon Avenue North') https://osm.org/?mlat=29.994838848049888&mlon=-90.19033160468906&zoom=16
address does not match a street: ('5113', 'West Napoleon Avenue North') https://osm.org/?mlat=29.99503421250883&mlon=-90.19416111557264&zoom=16
address does not match a street: ('5113', 'West Napoleon Avenue North') https://osm.org/?mlat=29.995064580418767&mlon=-90.19415688084028&zoom=16
address does not match a street: ('5113', 'West Napoleon Avenue North') https://osm.org/?mlat=29.995092055156498&mlon=-90.19414839739318&zoom=16
address does not match a street: ('4817', 'West Napoleon Avenue North') https://osm.org/?mlat=29.99463492363055&mlon=-90.18767477552137&zoom=16
address does not match a street: ('5216', 'West Napoleon Avenue South') https://osm.org/?mlat=29.994303732075807&mlon=-90.1952173425872&zoom=16
address does not match a street: ('4971', 'West Napoleon Avenue North') https://osm.org/?mlat=29.99498722138292&mlon=-90.19197607831994&zoom=16
address does not match a street: ('4740', 'South I 10 Service Road') https://osm.org/?mlat=29.997426875028854&mlon=-90.18751720654807&zoom=16
address does not match a street: ('5105', 'West Napoleon Avenue North') https://osm.org/?mlat=29.99521127488777&mlon=-90.19390160297935&zoom=16
address does not match a street: ('5105', 'West Napoleon Avenue North') https://osm.org/?mlat=29.99504989645547&mlon=-90.19361774126507&zoom=16
address does not match a street: ('5105', 'West Napoleon Avenue North') https://osm.org/?mlat=29.99516858997317&mlon=-90.19375137286936&zoom=16
address does not match a street: ('4855', 'West Napoleon Avenue North') https://osm.org/?mlat=29.994773418690276&mlon=-90.18904398471186&zoom=16
address does not match a street: ('5204', 'West Napoleon Avenue South') https://osm.org/?mlat=29.994288827108626&mlon=-90.19476574489305&zoom=16
address does not match a street: ('5211', 'West Napoleon Avenue North') https://osm.org/?mlat=29.99515084219025&mlon=-90.19491386644144&zoom=16
address does not match a street: ('5201', 'West Napoleon Avenue North') https://osm.org/?mlat=29.99512289836168&mlon=-90.19454455392494&zoom=16
address does not match a street: ('4813', 'West Napoleon Avenue North') https://osm.org/?mlat=29.99463817486661&mlon=-90.18752681449254&zoom=16
address does not match a street: ('4815', 'West Napoleon Avenue North') https://osm.org/?mlat=29.99458474817999&mlon=-90.18753237230587&zoom=16
address does not match a street: ('4741', 'South I 10 Service Road') https://osm.org/?mlat=29.99845918230225&mlon=-90.18800452299722&zoom=16
address does not match a street: ('4843', 'West Napoleon Avenue North') https://osm.org/?mlat=29.994758206499906&mlon=-90.18867227042169&zoom=16
address does not match a street: ('4845', 'West Napoleon Avenue North') https://osm.org/?mlat=29.994711549567242&mlon=-90.18867363092222&zoom=16
address does not match a street: ('4843', 'West Napoleon Avenue North') https://osm.org/?mlat=29.994758475059374&mlon=-90.18867254719216&zoom=16
address does not match a street: ('4909', 'West Napoleon Avenue North') https://osm.org/?mlat=29.99479901862931&mlon=-90.18984382501507&zoom=16
address does not match a street: ('4912', 'West Napoleon Avenue South') https://osm.org/?mlat=29.994014777471413&mlon=-90.19011536237623&zoom=16
address does not match a street: ('4916', 'West Napoleon Avenue South') https://osm.org/?mlat=29.994057394120492&mlon=-90.1902728340059&zoom=16
address does not match a street: ('4933', 'West Napoleon Avenue North') https://osm.org/?mlat=29.994886986597482&mlon=-90.19080355560105&zoom=16
address does not match a street: ('4943', 'West Napoleon Avenue North') https://osm.org/?mlat=29.99494995374575&mlon=-90.19139455351534&zoom=16
address does not match a street: ('4953', 'West Napoleon Avenue North') https://osm.org/?mlat=29.994971403797166&mlon=-90.19162181916931&zoom=16
address does not match a street: ('4955', 'West Napoleon Avenue North') https://osm.org/?mlat=29.994973398669153&mlon=-90.19166468744935&zoom=16
address does not match a street: ('4947', 'West Napoleon Avenue North') https://osm.org/?mlat=29.99495689629839&mlon=-90.19147880308358&zoom=16
address does not match a street: ('4949', 'West Napoleon Avenue North') https://osm.org/?mlat=29.994961861021192&mlon=-90.19152819213737&zoom=16
address does not match a street: ('4959', 'West Napoleon Avenue North') https://osm.org/?mlat=29.99498564734874&mlon=-90.19176822868465&zoom=16
address does not match a street: ('4957', 'West Napoleon Avenue North') https://osm.org/?mlat=29.99498052621072&mlon=-90.19172264014543&zoom=16
address does not match a street: ('4945', 'West Napoleon Avenue North') https://osm.org/?mlat=29.99495191634528&mlon=-90.19143369285099&zoom=16
address does not match a street: ('4927', 'West Napoleon Avenue North') https://osm.org/?mlat=29.994881525021686&mlon=-90.19049065248593&zoom=16
address does not match a street: ('4925', 'West Napoleon Avenue North') https://osm.org/?mlat=29.994840271842385&mlon=-90.19049112517285&zoom=16
address does not match a street: ('4927', 'West Napoleon Avenue North') https://osm.org/?mlat=29.994808769325076&mlon=-90.1904627597767&zoom=16
address does not match a street: ('4925', 'West Napoleon Avenue North') https://osm.org/?mlat=29.994840277205387&mlon=-90.19049132722724&zoom=16
address does not match a street: ('4927', 'West Napoleon Avenue North') https://osm.org/?mlat=29.994808646971236&mlon=-90.19046311151274&zoom=16
address does not match a street: ('5208', 'West Napoleon Avenue South') https://osm.org/?mlat=29.994301137164875&mlon=-90.19491724637189&zoom=16
address does not match a street: ('4829', 'West Napoleon Avenue North') https://osm.org/?mlat=29.99472872755036&mlon=-90.18809790884048&zoom=16
address does not match a street: ('4837', 'West Napoleon Avenue North') https://osm.org/?mlat=29.994756881776038&mlon=-90.18848933045527&zoom=16
address does not match a street: ('4720', 'South I 10 Service Road') https://osm.org/?mlat=29.99749239800811&mlon=-90.18683088215612&zoom=16
address does not match a street: ('4720', 'South I-10 Service Road') https://osm.org/?mlat=29.997551043966112&mlon=-90.18698652768883&zoom=16
address does not match a street: ('4720', 'South I-10 Service Road') https://osm.org/?mlat=29.997615203224907&mlon=-90.1869528807282&zoom=16
address does not match a street: ('4720', 'South I 10 Service Road') https://osm.org/?mlat=29.997442793716672&mlon=-90.18689110092886&zoom=16
address does not match a street: ('4720', 'South I-10 Service Road') https://osm.org/?mlat=29.997589580489954&mlon=-90.18696915838274&zoom=16
address does not match a street: ('4720', 'South I-10 Service Road') https://osm.org/?mlat=29.997640552356504&mlon=-90.18692880638883&zoom=16
address does not match a street: ('4720', 'South I 10 Service Road') https://osm.org/?mlat=29.99738135184409&mlon=-90.18690785040943&zoom=16
address does not match a street: ('5000', 'West Napoleon Avenue South') https://osm.org/?mlat=29.99421462293783&mlon=-90.19320143036704&zoom=16
address does not match a street: ('5212', 'West Napoleon Avenue South') https://osm.org/?mlat=29.994296149189548&mlon=-90.19510227141706&zoom=16
address does not match a street: ('5212', 'West Napoleon Avenue South') https://osm.org/?mlat=29.994288727313382&mlon=-90.19507218920324&zoom=16
address does not match a street: ('5212', 'West Napoleon Avenue South') https://osm.org/?mlat=29.994240298391226&mlon=-90.19510318241196&zoom=16
address does not match a street: ('4941', 'West Napoleon Avenue North') https://osm.org/?mlat=29.994934651531878&mlon=-90.19107543406028&zoom=16
address does not match a street: ('4941', 'West Napoleon Avenue North') https://osm.org/?mlat=29.994950522299582&mlon=-90.19122724152872&zoom=16
address does not match a street: ('4937', 'West Napoleon Avenue North') https://osm.org/?mlat=29.994948685640928&mlon=-90.1909418559891&zoom=16
address does not match a street: ('4917', 'West Napoleon Avenue North') https://osm.org/?mlat=29.99483483955486&mlon=-90.19018178429897&zoom=16
address does not match a street: ('4903', 'West Napoleon Avenue North') https://osm.org/?mlat=29.99484137516195&mlon=-90.1896824738177&zoom=16
address does not match a street: ('4901', 'West Napoleon Avenue North') https://osm.org/?mlat=29.994773624954313&mlon=-90.1896775530698&zoom=16
address does not match a street: ('4836', 'West Napoleon Avenue South') https://osm.org/?mlat=29.993982879618873&mlon=-90.18855146803348&zoom=16
address does not match a street: ('4840', 'West Napoleon Avenue South') https://osm.org/?mlat=29.993901604670146&mlon=-90.18869028719112&zoom=16
address does not match a street: ('4844', 'West Napoleon Avenue South') https://osm.org/?mlat=29.993903017277223&mlon=-90.1888527530223&zoom=16
address does not match a street: ('4848', 'West Napoleon Avenue South') https://osm.org/?mlat=29.993923284946302&mlon=-90.18901500149737&zoom=16
address does not match a street: ('5227', 'West Napoleon Avenue North') https://osm.org/?mlat=29.995265962079085&mlon=-90.19537167238397&zoom=16
address does not match a street: ('4971', 'West Napoleon Avenue North') https://osm.org/?mlat=29.995086005976486&mlon=-90.19221194745086&zoom=16
address does not match a street: ('4825', 'West Napoleon Avenue North') https://osm.org/?mlat=29.994697326868252&mlon=-90.1879655820315&zoom=16
address does not match a street: ('4832', 'West Napoleon Avenue South') https://osm.org/?mlat=29.99398802182709&mlon=-90.18839135427164&zoom=16
address does not match a street: ('4812', 'West Napoleon Avenue South') https://osm.org/?mlat=29.993807518850545&mlon=-90.18762982055158&zoom=16
address does not match a street: ('4822', 'West Napoleon Avenue South') https://osm.org/?mlat=29.993934903808587&mlon=-90.18809708268425&zoom=16
address does not match a street: ('4975', 'West Napoleon Avenue North') https://osm.org/?mlat=29.99509979746144&mlon=-90.19240266629083&zoom=16
address does not match a street: ('4975', 'West Napoleon Avenue North') https://osm.org/?mlat=29.995030051223896&mlon=-90.1923581372248&zoom=16
address does not match a street: ('4975', 'West Napoleon Avenue North') https://osm.org/?mlat=29.995141878534376&mlon=-90.19244879090444&zoom=16
address does not match a street: ('4833', 'West Napoleon Avenue North') https://osm.org/?mlat=29.9947275167529&mlon=-90.18827483927008&zoom=16
address does not match a street: ('4821', 'West Napoleon Avenue North') https://osm.org/?mlat=29.994690453165845&mlon=-90.18780769879889&zoom=16
address does not match a street: ('5217', 'West Napoleon Avenue North') https://osm.org/?mlat=29.995067031406073&mlon=-90.19521929512125&zoom=16
address does not match a street: ('4908', 'West Napoleon Avenue South') https://osm.org/?mlat=29.99399059412502&mlon=-90.18997029563977&zoom=16
address does not match a street: ('4970', 'West Napoleon Avenue South') https://osm.org/?mlat=29.994287877373722&mlon=-90.19204899618384&zoom=16
address does not match a street: ('4974', 'West Napoleon Avenue South') https://osm.org/?mlat=29.994311248299958&mlon=-90.19224933648722&zoom=16
address does not match a street: ('4913', 'West Napoleon Avenue North') https://osm.org/?mlat=29.994814841242203&mlon=-90.18997683587679&zoom=16
address does not match a street: ('3301', 'South I 10 Service Road') https://osm.org/?mlat=29.998678205494475&mlon=-90.18684940308259&zoom=16
address does not match a street: ('4715', 'South I 10 Service Road') https://osm.org/?mlat=29.998523537921123&mlon=-90.18759165334053&zoom=16
address does not match a street: ('5215', 'West Napoleon Avenue North') https://osm.org/?mlat=29.994852471781343&mlon=-90.19508332931834&zoom=16
address does not match a street: ('4913', 'West Napoleon Avenue North') https://osm.org/?mlat=29.99482090818999&mlon=-90.19005698040799&zoom=16
address does not match a street: ('4833', 'West Napoleon Avenue North') https://osm.org/?mlat=29.99467323215991&mlon=-90.18829109482273&zoom=16
address does not match a street: ('4833', 'West Napoleon Avenue North') https://osm.org/?mlat=29.994777741574595&mlon=-90.18828578015938&zoom=16
address does not match a street: ('4833', 'West Napoleon Avenue North') https://osm.org/?mlat=29.9946701246235&mlon=-90.18826315770286&zoom=16
address does not match a street: ('4833', 'West Napoleon Avenue North') https://osm.org/?mlat=29.994776717596032&mlon=-90.18825041543322&zoom=16
address does not match a street: ('4975', 'West Napoleon Avenue North') https://osm.org/?mlat=29.995079006341992&mlon=-90.19275804426948&zoom=16
address does not match a street: ('4826', 'West Napoleon Avenue South') https://osm.org/?mlat=29.99394777485156&mlon=-90.18823544006942&zoom=16
address does not match a street: ('4821', 'West Napoleon Avenue North') https://osm.org/?mlat=29.994628835765827&mlon=-90.18780429265132&zoom=16
address does not match a street: ('4821', 'West Napoleon Avenue North') https://osm.org/?mlat=29.994827528619492&mlon=-90.18775922944003&zoom=16
address does not match a street: ('4821', 'West Napoleon Avenue North') https://osm.org/?mlat=29.99483435996104&mlon=-90.18780357812874&zoom=16
address does not match a street: ('4821', 'West Napoleon Avenue North') https://osm.org/?mlat=29.994631349711092&mlon=-90.18784622295632&zoom=16
address does not match a street: ('4940', 'West Napoleon Avenue South') https://osm.org/?mlat=29.9941259912921&mlon=-90.19089351552475&zoom=16
new building address (('4940', 'West Napoleon Avenue South') https://osm.org/?mlat=29.9941259912921&mlon=-90.19089351552475&zoom=16) does not match the old one (('2001', 'Transcontinental Drive'))
address has no house number: (None, 'Utica Street') https://osm.org/?mlat=30.000686963803798&mlon=-90.18749072327942&zoom=16
