address has no house number: (None, 'Whitney Place') https://osm.org/?mlat=29.99835833966471&mlon=-90.15024566265751&zoom=16
address does not match a street: ('1909', 'Khan Drive') https://osm.org/?mlat=29.99805642245983&mlon=-90.14485147237826&zoom=16
address does not match a street: ('1905', 'Khan Drive') https://osm.org/?mlat=29.99802624404854&mlon=-90.14461802732686&zoom=16
address has no house number: (None, 'Metairie Heights Avenue') https://osm.org/?mlat=30.0016413480058&mlon=-90.14871131158105&zoom=16
address does not match a street: ('1908', 'Khan Drive') https://osm.org/?mlat=29.99765124001501&mlon=-90.14487066164698&zoom=16
address does not match a street: ('1912', 'Khan Drive') https://osm.org/?mlat=29.99765968508547&mlon=-90.14501861205171&zoom=16
address does not match a street: ('1918', 'Khan Drive') https://osm.org/?mlat=29.99767046712442&mlon=-90.14521608780213&zoom=16
address does not match a street: ('1914', 'Khan Drive') https://osm.org/?mlat=29.997660262629214&mlon=-90.14507020028368&zoom=16
address does not match a street: ('1916', 'Khan Drive') https://osm.org/?mlat=29.99766815853391&mlon=-90.1451696250735&zoom=16
address does not match a street: ('1920', 'Khan Drive') https://osm.org/?mlat=29.99767046607407&mlon=-90.14532683742796&zoom=16
address does not match a street: ('1922', 'Khan Drive') https://osm.org/?mlat=29.99767104349701&mlon=-90.14537842566729&zoom=16
address does not match a street: ('1906', 'Khan Drive') https://osm.org/?mlat=29.9976478246&mlon=-90.14477526844651&zoom=16
address does not match a street: ('1904', 'Khan Drive') https://osm.org/?mlat=29.997647246940694&mlon=-90.14472368022267&zoom=16
address does not match a street: ('1910', 'Khan Drive') https://osm.org/?mlat=29.997651817616767&mlon=-90.14492224987372&zoom=16
address does not match a street: ('1900', 'Khan Drive') https://osm.org/?mlat=29.997644003990057&mlon=-90.144561373137&zoom=16
address does not match a street: ('1902', 'Khan Drive') https://osm.org/?mlat=29.99764556249264&mlon=-90.14462316047701&zoom=16
address does not match a street: ('3131', 'North  I-10 Service Road') https://osm.org/?mlat=29.999040395233294&mlon=-90.15307663020863&zoom=16
address does not match a street: ('3131', 'North  I-10 Service Road') https://osm.org/?mlat=29.999064760999257&mlon=-90.15309923279547&zoom=16
address has no house number: (None, 'Metairie Heights Avenue') https://osm.org/?mlat=30.00199782366796&mlon=-90.14918942961808&zoom=16
address has no house number: (None, 'Demosthenes Street') https://osm.org/?mlat=29.99959284199198&mlon=-90.14547435722707&zoom=16
address does not match a street: ('2500', 'South I-10 Service Road') https://osm.org/?mlat=29.996679168074003&mlon=-90.15053194541964&zoom=16
address does not match a street: ('2', 'Galleria Boulevard') https://osm.org/?mlat=29.994432211571667&mlon=-90.15226280053687&zoom=16
new building address (('2', 'Galleria Boulevard') https://osm.org/?mlat=29.994432211571667&mlon=-90.15226280053687&zoom=16) does not match the old one (('2', 'Galleria Blvd'))
address does not match a street: ('1', 'Galleria Access Road') https://osm.org/?mlat=29.995927426708082&mlon=-90.15187814140185&zoom=16
address does not match a street: ('1', 'Galleria Access Road') https://osm.org/?mlat=29.995929198617382&mlon=-90.15192578727519&zoom=16
address does not match a street: ('1', 'Galleria Access Road') https://osm.org/?mlat=29.99592776879425&mlon=-90.15202403082408&zoom=16
address does not match a street: ('1', 'Galleria Access Road') https://osm.org/?mlat=29.9959392975649&mlon=-90.15227875259669&zoom=16
address does not match a street: ('1', 'Galleria Access Road') https://osm.org/?mlat=29.99593091372642&mlon=-90.15211691120382&zoom=16
address does not match a street: ('1', 'Galleria Access Road') https://osm.org/?mlat=29.995925623505862&mlon=-90.15183103177455&zoom=16
address does not match a street: ('1', 'Galleria Access Road') https://osm.org/?mlat=29.995933628964153&mlon=-90.15216200957907&zoom=16
address does not match a street: ('1', 'Galleria Access Road') https://osm.org/?mlat=29.996105635453247&mlon=-90.15227412841097&zoom=16
address does not match a street: ('1', 'Galleria Access Road') https://osm.org/?mlat=29.995886899063596&mlon=-90.15234536741202&zoom=16
address does not match a street: ('1', 'Galleria Access Road') https://osm.org/?mlat=29.99555176121291&mlon=-90.15239998232126&zoom=16
address does not match a street: ('1', 'Galleria Access Road') https://osm.org/?mlat=29.995926838772142&mlon=-90.15198946398247&zoom=16
address does not match a street: ('1', 'Galleria Access Road') https://osm.org/?mlat=29.996117816115223&mlon=-90.15243441598787&zoom=16
address does not match a street: ('1', 'Galleria Access Road') https://osm.org/?mlat=29.995932795303773&mlon=-90.15206910285855&zoom=16
address does not match a street: ('1', 'Galleria Access Road') https://osm.org/?mlat=29.995938773606053&mlon=-90.15222035372719&zoom=16
address does not match a street: ('1', 'Galleria Access Road East') https://osm.org/?mlat=29.99592947518413&mlon=-90.15195660452099&zoom=16
address does not match a street: ('4', 'Galleria Boulevard') https://osm.org/?mlat=29.995752413686937&mlon=-90.15314521556265&zoom=16
new building address (('2324', 'Veterans Memorial Boulevard') https://osm.org/?mlat=30.002283429098&mlon=-90.14907652049938&zoom=16) does not match the old one (('2320', 'Veterans Memorial Boulevard'))
new building address (('1906', 'Veterans Memorial Boulevard') https://osm.org/?mlat=30.001759180280068&mlon=-90.14441231402303&zoom=16) does not match the old one (('1904', 'Veterans Memorial Boulevard'))
address has no house number: (None, 'Veterans Memorial Boulevard') https://osm.org/?mlat=30.00177593487492&mlon=-90.14353136212385&zoom=16
