address does not match a street: ('1013', 'Mcdermott Road') https://osm.org/?mlat=29.971610415517954&mlon=-90.14169568329741&zoom=16
address does not match a street: ('1013', 'Mcdermott Road') https://osm.org/?mlat=29.97141178178569&mlon=-90.14190294275802&zoom=16
address does not match a street: ('1009', 'Mcdermott Road') https://osm.org/?mlat=29.9708493209372&mlon=-90.14206600367346&zoom=16
address has no house number: (None, 'L and A Road') https://osm.org/?mlat=29.97134516043037&mlon=-90.13970311494882&zoom=16
address does not match a street: ('1001', 'East Harimaw Court') https://osm.org/?mlat=29.96983408323556&mlon=-90.13686622204415&zoom=16
address does not match a street: ('1013', 'East Harimaw Court') https://osm.org/?mlat=29.970392948867598&mlon=-90.13663210892578&zoom=16
address does not match a street: ('1025', 'East Harimaw Court') https://osm.org/?mlat=29.970976389616172&mlon=-90.13637874845443&zoom=16
address does not match a street: ('1029', 'East Harimaw Court') https://osm.org/?mlat=29.97117929049561&mlon=-90.13631314422305&zoom=16
address does not match a street: ('1001', 'South Harimaw Court') https://osm.org/?mlat=29.97001363658487&mlon=-90.13816535438018&zoom=16
address does not match a street: ('1005', 'West Harimaw Court') https://osm.org/?mlat=29.970219416936153&mlon=-90.1377750014578&zoom=16
address does not match a street: ('1020', 'East Harimaw Court') https://osm.org/?mlat=29.971125517336773&mlon=-90.13705287731088&zoom=16
address has no house number: (None, 'Jefferson Highway') https://osm.org/?mlat=29.968284431271716&mlon=-90.13335200710637&zoom=16
address does not match a street: ('1009', 'East Harimaw Court') https://osm.org/?mlat=29.970206603241806&mlon=-90.13670383033973&zoom=16
address does not match a street: ('1021', 'West Harimaw Court') https://osm.org/?mlat=29.970988052220154&mlon=-90.13752412149356&zoom=16
address does not match a street: ('1017', 'West Harimaw Court') https://osm.org/?mlat=29.970871693541795&mlon=-90.13759131792939&zoom=16
address does not match a street: ('1012', 'East Harimaw Court') https://osm.org/?mlat=29.970320213235887&mlon=-90.13740364899583&zoom=16
address does not match a street: ('1029', 'West Harimaw Court') https://osm.org/?mlat=29.97147261354071&mlon=-90.1374214194596&zoom=16
address does not match a street: ('1028', 'West Harimaw Court') https://osm.org/?mlat=29.97157733836248&mlon=-90.13822985009567&zoom=16
address does not match a street: ('1020', 'West Harimaw Court') https://osm.org/?mlat=29.971302232213183&mlon=-90.13834258528864&zoom=16
address does not match a street: ('1019', 'East Harimaw Court') https://osm.org/?mlat=29.970595783676586&mlon=-90.13654781460431&zoom=16
address does not match a street: ('1017', 'East Harimaw Court') https://osm.org/?mlat=29.970570666495966&mlon=-90.13655334065746&zoom=16
address has no house number: (None, 'Jefferson Highway') https://osm.org/?mlat=29.968048253690103&mlon=-90.13357370858006&zoom=16
address does not match a street: ('1028', 'Mcdermott Road') https://osm.org/?mlat=29.971900043826192&mlon=-90.14239454129893&zoom=16
address does not match a street: ('1016', 'East Harimaw Court') https://osm.org/?mlat=29.97091639369255&mlon=-90.13715602534128&zoom=16
address does not match a street: ('1021', 'East Harimaw Court') https://osm.org/?mlat=29.970760055392944&mlon=-90.136479256853&zoom=16
address does not match a street: ('1008', 'West Harimaw Court') https://osm.org/?mlat=29.97070194657195&mlon=-90.13855823609931&zoom=16
address does not match a street: ('1013', 'West Harimaw Court') https://osm.org/?mlat=29.97055859297644&mlon=-90.13784679924716&zoom=16
address does not match a street: ('1013', 'West Harimaw Court') https://osm.org/?mlat=29.970667356072376&mlon=-90.13787038965205&zoom=16
address does not match a street: ('1013', 'West Harimaw Court') https://osm.org/?mlat=29.970652745662903&mlon=-90.1377684044157&zoom=16
address does not match a street: ('1016', 'West Harimaw Court') https://osm.org/?mlat=29.97104454223042&mlon=-90.13846692657854&zoom=16
address has no house number: (None, 'Brooklyn Avenue') https://osm.org/?mlat=29.964457726371442&mlon=-90.13842513542828&zoom=16
address does not match a street: ('1005', 'East Harimaw Court') https://osm.org/?mlat=29.969996384088958&mlon=-90.13676951676332&zoom=16
address has no house number: (None, 'Coolidge Street') https://osm.org/?mlat=29.966358697693916&mlon=-90.14158679532035&zoom=16
address has no house number: (None, 'Coolidge Street') https://osm.org/?mlat=29.96458615324224&mlon=-90.14180273508944&zoom=16
address has no house number: (None, 'Coolidge Street') https://osm.org/?mlat=29.96713886349899&mlon=-90.14125344544216&zoom=16
address has no house number: (None, 'West Harimaw Court') https://osm.org/?mlat=29.971281540349377&mlon=-90.1376327063833&zoom=16
address does not match a street: (None, 'West Harimaw Court') https://osm.org/?mlat=29.971281540349377&mlon=-90.1376327063833&zoom=16
address does not match a street: ('1001', 'Mcdermott Road') https://osm.org/?mlat=29.97048792700902&mlon=-90.1424898026483&zoom=16
address does not match a street: ('1027', 'West Harimaw Court') https://osm.org/?mlat=29.971342994533217&mlon=-90.13772063470222&zoom=16
address does not match a street: ('1000', 'West Harimaw Court') https://osm.org/?mlat=29.97023750085462&mlon=-90.13879349555327&zoom=16
