address does not match a street: ('424', 'Rebenstich Street') https://osm.org/?mlat=29.90477323532082&mlon=-90.09129733051897&zoom=16
address does not match a street: ('619', 'Avenue East') https://osm.org/?mlat=29.899794080506776&mlon=-90.09754553075128&zoom=16
address does not match a street: ('624', 'Avenue East') https://osm.org/?mlat=29.899536388156676&mlon=-90.09792431379647&zoom=16
address does not match a street: ('628', 'Avenue East') https://osm.org/?mlat=29.899288501614183&mlon=-90.09788319401068&zoom=16
address does not match a street: ('632', 'Avenue East') https://osm.org/?mlat=29.899057527315907&mlon=-90.09788605224954&zoom=16
address does not match a street: ('532', 'Avenue East') https://osm.org/?mlat=29.901009220248323&mlon=-90.09809230893296&zoom=16
address does not match a street: ('528', 'Avenue East') https://osm.org/?mlat=29.901190640924053&mlon=-90.09808375165782&zoom=16
address does not match a street: ('520', 'Avenue East') https://osm.org/?mlat=29.90149094916263&mlon=-90.09814316192612&zoom=16
address does not match a street: ('533', 'Avenue East') https://osm.org/?mlat=29.901367465178936&mlon=-90.0975860244161&zoom=16
address does not match a street: ('419', 'Rebenstich Street') https://osm.org/?mlat=29.904864157649058&mlon=-90.09095849992232&zoom=16
address does not match a street: ('508', 'Avenue East') https://osm.org/?mlat=29.901964885178877&mlon=-90.098180440675&zoom=16
address does not match a street: ('490', 'Rebenstich Street') https://osm.org/?mlat=29.904204445547872&mlon=-90.09105505244716&zoom=16
address does not match a street: ('500', 'Rebenstich Street') https://osm.org/?mlat=29.903849080072003&mlon=-90.09099003320863&zoom=16
address does not match a street: ('438', 'Rebenstich Street') https://osm.org/?mlat=29.904378808140383&mlon=-90.09117282563358&zoom=16
address does not match a street: ('412', 'Avenue East') https://osm.org/?mlat=29.90335196179219&mlon=-90.09835686416965&zoom=16
address does not match a street: ('538', 'Rebenstich Street') https://osm.org/?mlat=29.902256270427113&mlon=-90.09079730051188&zoom=16
address does not match a street: ('620', 'Avenue East') https://osm.org/?mlat=29.899660153544918&mlon=-90.09792593851923&zoom=16
address does not match a street: ('616', 'Avenue East') https://osm.org/?mlat=29.89981972500557&mlon=-90.09793343266156&zoom=16
address does not match a street: ('612', 'Avenue East') https://osm.org/?mlat=29.899977020200257&mlon=-90.09799145501576&zoom=16
address does not match a street: ('604', 'Avenue East') https://osm.org/?mlat=29.900301602273572&mlon=-90.09800006375598&zoom=16
address does not match a street: ('600', 'Avenue East') https://osm.org/?mlat=29.90044834333389&mlon=-90.09810556107493&zoom=16
address does not match a street: ('607', 'Avenue East') https://osm.org/?mlat=29.900322346731596&mlon=-90.09757371062781&zoom=16
address does not match a street: ('601', 'Avenue East') https://osm.org/?mlat=29.900505804432573&mlon=-90.0974893768189&zoom=16
address does not match a street: ('613', 'Avenue East') https://osm.org/?mlat=29.89999415492745&mlon=-90.09747361664546&zoom=16
address does not match a street: ('415', 'Avenue East') https://osm.org/?mlat=29.903366555804805&mlon=-90.09786113432696&zoom=16
address does not match a street: ('416', 'Avenue East') https://osm.org/?mlat=29.90319977998589&mlon=-90.09825774239727&zoom=16
address does not match a street: ('538', 'Rebenstich Street') https://osm.org/?mlat=29.90248447649219&mlon=-90.09065988634123&zoom=16
address does not match a street: ('534', 'Rebenstich Street') https://osm.org/?mlat=29.90248470588864&mlon=-90.09065981514003&zoom=16
address does not match a street: ('424', 'Avenue East') https://osm.org/?mlat=29.90287221215451&mlon=-90.09822391876735&zoom=16
address does not match a street: ('428', 'Avenue East') https://osm.org/?mlat=29.90270190879009&mlon=-90.09824496374209&zoom=16
address does not match a street: ('419', 'Avenue East') https://osm.org/?mlat=29.90326218558055&mlon=-90.09787505137659&zoom=16
address does not match a street: ('709', 'Avenue East') https://osm.org/?mlat=29.89841112689105&mlon=-90.09728490215312&zoom=16
address does not match a street: ('715', 'Avenue East') https://osm.org/?mlat=29.898202328026112&mlon=-90.09730642541439&zoom=16
address does not match a street: ('723', 'Avenue East') https://osm.org/?mlat=29.897846935719432&mlon=-90.09723823201735&zoom=16
address does not match a street: ('724', 'Avenue East') https://osm.org/?mlat=29.897866259396014&mlon=-90.09783135756633&zoom=16
address does not match a street: ('716', 'Avenue East') https://osm.org/?mlat=29.898299418383033&mlon=-90.09783175039563&zoom=16
address does not match a street: ('716', 'Avenue East') https://osm.org/?mlat=29.898281462527546&mlon=-90.09782621937498&zoom=16
address does not match a street: ('524', 'Rebenstich Street') https://osm.org/?mlat=29.90289864976187&mlon=-90.09081247984535&zoom=16
address does not match a street: ('515', 'Rebenstich Street') https://osm.org/?mlat=29.9032841190812&mlon=-90.09057095541688&zoom=16
address does not match a street: ('515', 'Avenue East') https://osm.org/?mlat=29.901868797875682&mlon=-90.09767450823917&zoom=16
address does not match a street: ('504', 'Rebenstich Street') https://osm.org/?mlat=29.90366332319068&mlon=-90.09112175703125&zoom=16
address does not match a street: ('514', 'Rebenstich Street') https://osm.org/?mlat=29.90330652761329&mlon=-90.09090525048853&zoom=16
address has no house number: (None, 'Allo Avenue') https://osm.org/?mlat=29.89963476243133&mlon=-90.09263998866226&zoom=16
address does not match a street: ('622', 'Rebenstich Street') https://osm.org/?mlat=29.901038198153856&mlon=-90.09036850310727&zoom=16
address does not match a street: ('624', 'Rebenstich Street') https://osm.org/?mlat=29.900913507101684&mlon=-90.09026905447568&zoom=16
address has no house number: (None, 'Fos Avenue') https://osm.org/?mlat=29.899743274647587&mlon=-90.08890216774846&zoom=16
address does not match a street: ('543', 'Avenue East') https://osm.org/?mlat=29.900974852741104&mlon=-90.09765400980159&zoom=16
address does not match a street: ('416', 'Rebenstich Street') https://osm.org/?mlat=29.905026384679715&mlon=-90.09131311945664&zoom=16
address does not match a street: ('512', 'Avenue East') https://osm.org/?mlat=29.901821371702862&mlon=-90.09819417769486&zoom=16
address does not match a street: ('431', 'Avenue East') https://osm.org/?mlat=29.902615090303716&mlon=-90.09778521295468&zoom=16
address does not match a street: ('508', 'Rebenstich Street') https://osm.org/?mlat=29.90354051874688&mlon=-90.09093074572377&zoom=16
address does not match a street: ('720', 'Avenue East') https://osm.org/?mlat=29.898089755510235&mlon=-90.0979106527624&zoom=16
address does not match a street: ('705', 'Avenue East') https://osm.org/?mlat=29.898652704153736&mlon=-90.09747249952625&zoom=16
address does not match a street: ('721', 'Avenue East') https://osm.org/?mlat=29.898012243918576&mlon=-90.0972709034143&zoom=16
address does not match a street: ('618', 'Rebenstich Street') https://osm.org/?mlat=29.901324781437495&mlon=-90.09061682365511&zoom=16
address does not match a street: ('425', 'Rebenstich Street') https://osm.org/?mlat=29.90470037948551&mlon=-90.09086265234092&zoom=16
address does not match a street: ('614', 'Rebenstich Street') https://osm.org/?mlat=29.90153739772431&mlon=-90.09042013069741&zoom=16
address does not match a street: ('539', 'Rebenstich Street') https://osm.org/?mlat=29.902209086603794&mlon=-90.09030342391756&zoom=16
address does not match a street: ('536', 'Avenue East') https://osm.org/?mlat=29.900792024951834&mlon=-90.09809815253008&zoom=16
address does not match a street: ('630', 'Rebenstich Street') https://osm.org/?mlat=29.900724345881727&mlon=-90.09033137902458&zoom=16
address does not match a street: ('608', 'Avenue East') https://osm.org/?mlat=29.900141941892088&mlon=-90.09798310180186&zoom=16
address does not match a street: ('611', 'Avenue East') https://osm.org/?mlat=29.900145595083337&mlon=-90.09749383577366&zoom=16
address does not match a street: ('623', 'Avenue East') https://osm.org/?mlat=29.89959246305354&mlon=-90.09745333922473&zoom=16
address does not match a street: ('521', 'Avenue East') https://osm.org/?mlat=29.90170360936736&mlon=-90.09765445865655&zoom=16
address does not match a street: ('529', 'Avenue East') https://osm.org/?mlat=29.901544157440075&mlon=-90.0976595885432&zoom=16
address does not match a street: ('430', 'Rebenstich Street') https://osm.org/?mlat=29.904590801753553&mlon=-90.09119859546996&zoom=16
address does not match a street: ('618', 'Rebenstich Street') https://osm.org/?mlat=29.901330231014516&mlon=-90.09042483685053&zoom=16
address does not match a street: ('629', 'Avenue East') https://osm.org/?mlat=29.899404387228515&mlon=-90.09733888679094&zoom=16
address does not match a street: ('518', 'Avenue East') https://osm.org/?mlat=29.90162852311519&mlon=-90.09815092871331&zoom=16
address does not match a street: ('504', 'Avenue East') https://osm.org/?mlat=29.902115366015327&mlon=-90.09816068688937&zoom=16
address does not match a street: ('500', 'Avenue East') https://osm.org/?mlat=29.902264589852045&mlon=-90.09823774873207&zoom=16
address does not match a street: ('537', 'Avenue East') https://osm.org/?mlat=29.901148202257154&mlon=-90.0976644893627&zoom=16
address does not match a street: ('512', 'Rebenstich Street') https://osm.org/?mlat=29.903397416128065&mlon=-90.09091990117489&zoom=16
address does not match a street: ('604', 'Rebenstich Street') https://osm.org/?mlat=29.901818237666387&mlon=-90.0905576400347&zoom=16
address does not match a street: ('608', 'Rebenstich Street') https://osm.org/?mlat=29.901710165045195&mlon=-90.09047060769986&zoom=16
address does not match a street: ('524', 'Avenue East') https://osm.org/?mlat=29.901339153429028&mlon=-90.0980850704096&zoom=16
address does not match a street: ('423', 'Avenue East') https://osm.org/?mlat=29.90300330040693&mlon=-90.09783406629543&zoom=16
address does not match a street: ('518', 'Rebenstich Street') https://osm.org/?mlat=29.903121206761796&mlon=-90.09095676300142&zoom=16
address does not match a street: ('427', 'Avenue East') https://osm.org/?mlat=29.90276360278594&mlon=-90.09778653128117&zoom=16
address does not match a street: ('528', 'Rebenstich Street') https://osm.org/?mlat=29.902702616482514&mlon=-90.09072969850467&zoom=16
address does not match a street: ('420', 'Avenue East') https://osm.org/?mlat=29.903042988831775&mlon=-90.09825336943538&zoom=16
address has no house number: (None, 'Avenue B') https://osm.org/?mlat=29.901601739888438&mlon=-90.09529543129757&zoom=16
address does not match a street: ('432', 'Avenue East') https://osm.org/?mlat=29.902548163690234&mlon=-90.09827211646252&zoom=16
address does not match a street: ('409', 'Rebenstich Street') https://osm.org/?mlat=29.905356248017966&mlon=-90.09106992059452&zoom=16
address has no house number: (None, 'Avenue A') https://osm.org/?mlat=29.900873250438163&mlon=-90.09417063869473&zoom=16
address has no house number: (None, 'Gaudet Drive') https://osm.org/?mlat=29.901429731111364&mlon=-90.09269528952366&zoom=16
address has no house number: (None, 'Avenue D') https://osm.org/?mlat=29.89833146370126&mlon=-90.09688288482653&zoom=16
address does not match a street: ('421', 'Avenue East') https://osm.org/?mlat=29.90315309100169&mlon=-90.09778598461075&zoom=16
address does not match a street: ('714', 'Avenue East') https://osm.org/?mlat=29.898389466995006&mlon=-90.0978881714663&zoom=16
address does not match a street: ('505', 'Avenue East') https://osm.org/?mlat=29.902207958541094&mlon=-90.09777131371948&zoom=16
address does not match a street: ('509', 'Avenue East') https://osm.org/?mlat=29.902056192297987&mlon=-90.09771637726585&zoom=16
address does not match a street: ('501', 'Avenue East') https://osm.org/?mlat=29.9023504082968&mlon=-90.0977127358165&zoom=16
