address does not match a street: (None, '3013', 'Arlington Street') https://osm.org/?mlat=29.96137257741831&mlon=-90.15763169666984&zoom=16
address does not match a street: (None, '3105', 'Arlington Street') https://osm.org/?mlat=29.961430053417796&mlon=-90.15790894008329&zoom=16
address does not match a street: (None, '3109', 'Arlington Street') https://osm.org/?mlat=29.96142015471078&mlon=-90.1580322256222&zoom=16
address does not match a street: (None, '3115', 'Arlington Street') https://osm.org/?mlat=29.961435284985633&mlon=-90.1581867991494&zoom=16
address does not match a street: (None, '3113', 'Arlington Street') https://osm.org/?mlat=29.961476530128166&mlon=-90.15818631336003&zoom=16
address does not match a street: (None, '3113.5', 'Arlington Street') https://osm.org/?mlat=29.96157436939471&mlon=-90.1582160019747&zoom=16
address does not match a street: (None, '3406', 'Arlington Street') https://osm.org/?mlat=29.961198961202424&mlon=-90.16019975065181&zoom=16
address does not match a street: (None, '3404', 'Arlington Street') https://osm.org/?mlat=29.961142518588492&mlon=-90.16020200374294&zoom=16
address does not match a street: (None, '3405', 'Arlington Street') https://osm.org/?mlat=29.961598385570237&mlon=-90.1602068445864&zoom=16
address does not match a street: (None, '3407', 'Arlington Street') https://osm.org/?mlat=29.961654131207474&mlon=-90.16023803934202&zoom=16
address does not match a street: (None, '308', 'South Causeway Boulevard') https://osm.org/?mlat=29.961823453145172&mlon=-90.15731056464044&zoom=16
address does not match a street: (None, '3117', 'Arlington Street') https://osm.org/?mlat=29.961584273611226&mlon=-90.15831972922946&zoom=16
address does not match a street: (None, '3117', 'Arlington Street') https://osm.org/?mlat=29.961599516727027&mlon=-90.15834257813306&zoom=16
address does not match a street: (None, '3117', 'Arlington Street') https://osm.org/?mlat=29.961578794779026&mlon=-90.15834775734425&zoom=16
address does not match a street: (None, '300', 'South Causeway Boulevard') https://osm.org/?mlat=29.961303064659234&mlon=-90.15725727125078&zoom=16
address does not match a street: (None, '3009', 'Arlington Street') https://osm.org/?mlat=29.96136111220612&mlon=-90.15731709592956&zoom=16
address does not match a street: (None, '2821', 'Arlington Street') https://osm.org/?mlat=29.96134242435586&mlon=-90.15579714895529&zoom=16
address does not match a street: (None, '2901', 'Arlington Street') https://osm.org/?mlat=29.96134055061758&mlon=-90.155895074513&zoom=16
address does not match a street: (None, '2903', 'Arlington Street') https://osm.org/?mlat=29.96132753684017&mlon=-90.15597734064369&zoom=16
address does not match a street: (None, '2920', 'Arlington Street') https://osm.org/?mlat=29.960909526332983&mlon=-90.15689814223485&zoom=16
address does not match a street: (None, '3116', 'Arlington Street') https://osm.org/?mlat=29.96103507206676&mlon=-90.15833047214689&zoom=16
address does not match a street: (None, '306', 'South Causeway Boulevard') https://osm.org/?mlat=29.961706628032985&mlon=-90.15746985098532&zoom=16
address does not match a street: (None, '7', 'Hawkins Avenue') https://osm.org/?mlat=29.963714640791807&mlon=-90.15722194967394&zoom=16
address does not match a street: (None, '3000', 'Arlington Street') https://osm.org/?mlat=29.961017288298187&mlon=-90.15726321979689&zoom=16
address does not match a street: (None, '3008', 'Arlington Street') https://osm.org/?mlat=29.96102269051133&mlon=-90.15756002363905&zoom=16
address does not match a street: (None, '3100', 'Arlington Street') https://osm.org/?mlat=29.96103920359988&mlon=-90.15786933030242&zoom=16
address does not match a street: (None, '6', 'Hawkins Avenue') https://osm.org/?mlat=29.963726388889093&mlon=-90.15761343427131&zoom=16
address does not match a street: (None, '10', 'Hawkins Avenue') https://osm.org/?mlat=29.96413892570187&mlon=-90.15761804869695&zoom=16
address does not match a street: (None, '13', 'Hawkins Avenue') https://osm.org/?mlat=29.964336210246994&mlon=-90.15723041389381&zoom=16
address does not match a street: (None, '9', 'Hawkins Avenue') https://osm.org/?mlat=29.963923758109754&mlon=-90.15723527587076&zoom=16
address does not match a street: (None, '2818', 'Arlington Street') https://osm.org/?mlat=29.960985076997645&mlon=-90.15579828798481&zoom=16
address does not match a street: (None, '2904', 'Arlington Street') https://osm.org/?mlat=29.960989582583604&mlon=-90.1560890947119&zoom=16
address does not match a street: (None, '2908', 'Arlington Street') https://osm.org/?mlat=29.961056821186975&mlon=-90.15632064522451&zoom=16
address has no house number: (None, None, 'Clermont Street') https://osm.org/?mlat=29.964227971715584&mlon=-90.15411137791727&zoom=16
address does not match a street: (None, '3409', 'Arlington Street') https://osm.org/?mlat=29.961536635567462&mlon=-90.16042067736323&zoom=16
address does not match a street: (None, '3411', 'Arlington Street') https://osm.org/?mlat=29.961643237427843&mlon=-90.1604975229183&zoom=16
address does not match a street: (None, '3400', 'Arlington Street') https://osm.org/?mlat=29.961138361241048&mlon=-90.16004414422457&zoom=16
address does not match a street: (None, '3402', 'Arlington Street') https://osm.org/?mlat=29.96117990420123&mlon=-90.16004387018431&zoom=16
address has no house number: (None, None, 'Shrewsbury Road') https://osm.org/?mlat=29.96110456254953&mlon=-90.16084213215397&zoom=16
address has no house number: (None, None, 'Mole Cottage Street') https://osm.org/?mlat=29.959167221782483&mlon=-90.16013645552087&zoom=16
address does not match a street: (None, '3407', "D'Aquin  Street") https://osm.org/?mlat=29.959914846776208&mlon=-90.1603775039836&zoom=16
address does not match a street: (None, '717', 'Causeway Boulevard Service Road') https://osm.org/?mlat=29.963645536347098&mlon=-90.15643118271036&zoom=16
address does not match a street: (None, '2910', 'Arlington Street') https://osm.org/?mlat=29.960999580616846&mlon=-90.15620544132183&zoom=16
address does not match a street: (None, '3408', 'Arlington Street') https://osm.org/?mlat=29.961149566170356&mlon=-90.16037562117141&zoom=16
address does not match a street: (None, '3004', 'Arlington Street') https://osm.org/?mlat=29.961021307889396&mlon=-90.15740528984543&zoom=16
address does not match a street: (None, '3104', 'Arlington Street') https://osm.org/?mlat=29.961035029915887&mlon=-90.15801781324467&zoom=16
address does not match a street: (None, '3401', 'Arlington Street') https://osm.org/?mlat=29.961506931438702&mlon=-90.16005244274747&zoom=16
address does not match a street: (None, '11', 'Hawkins Avenue') https://osm.org/?mlat=29.964127036494272&mlon=-90.15721077179064&zoom=16
address does not match a street: (None, '8', 'Hawkins Avenue') https://osm.org/?mlat=29.963932643647397&mlon=-90.15761416302972&zoom=16
address does not match a street: (None, '310', 'South Causeway Boulevard') https://osm.org/?mlat=29.961955381140868&mlon=-90.15730269322394&zoom=16
address does not match a street: (None, '2907', 'Arlington Street') https://osm.org/?mlat=29.961306298302347&mlon=-90.15616488924476&zoom=16
address does not match a street: (None, '2905', 'Arlington Street') https://osm.org/?mlat=29.961313847766267&mlon=-90.15609939963957&zoom=16
address does not match a street: (None, '3101', 'Arlington Street') https://osm.org/?mlat=29.961420563228327&mlon=-90.15777009207271&zoom=16
address does not match a street: (None, '302', 'South Causeway Boulevard') https://osm.org/?mlat=29.96144935521799&mlon=-90.15729918319414&zoom=16
address does not match a street: (None, '12', 'Hawkins Avenue') https://osm.org/?mlat=29.964345011147326&mlon=-90.15759982776933&zoom=16
address does not match a street: (None, '3108', 'Arlington Street') https://osm.org/?mlat=29.96104760793187&mlon=-90.15819452339396&zoom=16
address does not match a street: (None, '713', 'Causeway Boulevard Service Road') https://osm.org/?mlat=29.963539458698513&mlon=-90.15634966165715&zoom=16
address does not match a street: (None, '3012', 'Arlington Street') https://osm.org/?mlat=29.961010339836637&mlon=-90.15771481045614&zoom=16
address does not match a street: (None, '3017', 'Arlington Street') https://osm.org/?mlat=29.96101032457946&mlon=-90.15771492046704&zoom=16
address has no house number: (None, None, 'Jefferson Highway') https://osm.org/?mlat=29.96150792782876&mlon=-90.15469354689084&zoom=16
address has no house number: (None, None, 'Jefferson Highway') https://osm.org/?mlat=29.961346341730245&mlon=-90.15447464139348&zoom=16
address has no house number: (None, None, 'Jefferson Highway') https://osm.org/?mlat=29.961539845338304&mlon=-90.15435902732071&zoom=16
address does not match a street: (None, '304', 'South Causeway Boulevard') https://osm.org/?mlat=29.961587036560907&mlon=-90.15731966762392&zoom=16
address has no house number: (None, None, 'Jefferson Highway') https://osm.org/?mlat=29.96243138225401&mlon=-90.15449551705116&zoom=16
address has no house number: (None, None, 'Jefferson Highway') https://osm.org/?mlat=29.96169697201337&mlon=-90.15391406492677&zoom=16
address has no house number: (None, None, 'Jefferson Highway') https://osm.org/?mlat=29.962200127906314&mlon=-90.1539168374032&zoom=16
address has no house number: (None, None, 'Jefferson Highway') https://osm.org/?mlat=29.961955258722465&mlon=-90.15391478021385&zoom=16
address does not match a street: (None, '2820', 'Arlington Street') https://osm.org/?mlat=29.961018350670148&mlon=-90.1558694513601&zoom=16
address does not match a street: (None, '2812', 'Arlington Street') https://osm.org/?mlat=29.96111316341866&mlon=-90.15555129813342&zoom=16
address has no house number: (None, None, 'Mole Cottage') https://osm.org/?mlat=29.95929514669009&mlon=-90.16060034147816&zoom=16
address does not match a street: (None, None, 'Mole Cottage') https://osm.org/?mlat=29.95929514669009&mlon=-90.16060034147816&zoom=16
address does not match a street: (None, '2822', 'Arlington Street') https://osm.org/?mlat=29.961027415084278&mlon=-90.15600203190075&zoom=16
address has no house number: (None, None, 'Jefferson Highway') https://osm.org/?mlat=29.962479292263893&mlon=-90.15390017094691&zoom=16
address has no house number: (None, None, 'Jefferson Highway') https://osm.org/?mlat=29.96258602381234&mlon=-90.15443299478605&zoom=16
address does not match a street: (None, '4', 'Hawkins Avenue') https://osm.org/?mlat=29.96353685880354&mlon=-90.15763777645996&zoom=16
