address does not match a street: (None, '6716', 'Rue Louis Phillipe') https://osm.org/?mlat=29.875101112042067&mlon=-90.12534729445409&zoom=16
address does not match a street: (None, '6720', 'Rue Louis Phillipe') https://osm.org/?mlat=29.875186185396405&mlon=-90.12543038299086&zoom=16
address does not match a street: (None, '6724', 'Rue Louis Phillipe') https://osm.org/?mlat=29.87526732982219&mlon=-90.12549671490312&zoom=16
address does not match a street: (None, '6712', 'Rue Louis Phillipe') https://osm.org/?mlat=29.875016535428607&mlon=-90.1252651514474&zoom=16
address does not match a street: (None, '6708', 'Rue Louis Phillipe') https://osm.org/?mlat=29.874935159026002&mlon=-90.12519126120527&zoom=16
address does not match a street: (None, '6548', 'Rue Louis Phillipe') https://osm.org/?mlat=29.87295296266077&mlon=-90.12166624611669&zoom=16
address does not match a street: (None, '6557', 'Rue Louis Phillipe') https://osm.org/?mlat=29.872567551161055&mlon=-90.1219201972607&zoom=16
address does not match a street: (None, '6545', 'Rue Louis Phillipe') https://osm.org/?mlat=29.87252993161748&mlon=-90.12141894765087&zoom=16
address does not match a street: (None, '6568', 'Rue Louis Phillipe') https://osm.org/?mlat=29.87299748641968&mlon=-90.1226186362076&zoom=16
address does not match a street: (None, '6636', 'Rue Louis Phillipe') https://osm.org/?mlat=29.873958656239783&mlon=-90.12426673795639&zoom=16
address does not match a street: (None, '6629', 'Rue Louis Phillipe') https://osm.org/?mlat=29.873326078765754&mlon=-90.12425861973121&zoom=16
address does not match a street: (None, '6641', 'Rue Louis Phillipe') https://osm.org/?mlat=29.87367564577457&mlon=-90.12459201753825&zoom=16
address does not match a street: (None, '6657', 'Rue Louis Phillipe') https://osm.org/?mlat=29.874163740730733&mlon=-90.12503733676596&zoom=16
address does not match a street: (None, '7288', 'Rue Louis Phillipe') https://osm.org/?mlat=29.87642119506129&mlon=-90.1316367743974&zoom=16
address does not match a street: (None, '7276', 'Rue Louis Phillipe') https://osm.org/?mlat=29.876401592905363&mlon=-90.13127046853096&zoom=16
address does not match a street: (None, '7272', 'Rue Louis Phillipe') https://osm.org/?mlat=29.876408538043222&mlon=-90.13114127045291&zoom=16
address does not match a street: (None, '7260', 'Rue Louis Phillipe') https://osm.org/?mlat=29.87636138051593&mlon=-90.13076955702492&zoom=16
address does not match a street: (None, '7244', 'Rue Louis Phillipe') https://osm.org/?mlat=29.876336780636162&mlon=-90.1301988805988&zoom=16
address does not match a street: (None, '6621', 'Rue Louis Phillipe') https://osm.org/?mlat=29.873098166022235&mlon=-90.12399632500106&zoom=16
address does not match a street: (None, '6616', 'Rue Louis Phillipe') https://osm.org/?mlat=29.873359032313104&mlon=-90.1236555378546&zoom=16
address does not match a street: (None, '6612', 'Rue Louis Phillipe') https://osm.org/?mlat=29.873269792760638&mlon=-90.12352093665963&zoom=16
address does not match a street: (None, '7264', 'Rue Louis Phillipe') https://osm.org/?mlat=29.876386852495408&mlon=-90.13088904007405&zoom=16
address does not match a street: (None, '7280', 'Rue Louis Phillipe') https://osm.org/?mlat=29.876405136170398&mlon=-90.13138447720127&zoom=16
address does not match a street: (None, '7248', 'Rue Louis Phillipe') https://osm.org/?mlat=29.876340461737303&mlon=-90.1303279506472&zoom=16
address does not match a street: (None, '6556', 'Rue Louis Phillipe') https://osm.org/?mlat=29.87295656758032&mlon=-90.12205747181075&zoom=16
address does not match a street: (None, '6561', 'Rue Louis Phillipe') https://osm.org/?mlat=29.87257450399484&mlon=-90.12207788286324&zoom=16
address does not match a street: (None, '6613', 'Rue Louis Phillipe') https://osm.org/?mlat=29.872892163264797&mlon=-90.12372430094807&zoom=16
address does not match a street: (None, '6544', 'Rue Louis Phillipe') https://osm.org/?mlat=29.872937673008472&mlon=-90.12149919597093&zoom=16
address does not match a street: (None, '6649', 'Rue Louis Phillipe') https://osm.org/?mlat=29.87393056217878&mlon=-90.1248003451676&zoom=16
address does not match a street: (None, '6640', 'Rue Louis Phillipe') https://osm.org/?mlat=29.874080774453194&mlon=-90.12438832100734&zoom=16
address does not match a street: (None, '6560', 'Rue Louis Phillipe') https://osm.org/?mlat=29.872980163743247&mlon=-90.1222307321082&zoom=16
address does not match a street: (None, '6552', 'Rue Louis Phillipe') https://osm.org/?mlat=29.872965851267942&mlon=-90.12187119012675&zoom=16
address does not match a street: (None, '6644', 'Rue Louis Phillipe') https://osm.org/?mlat=29.87421655401799&mlon=-90.12450027269641&zoom=16
address does not match a street: (None, '6564', 'Rue Louis Phillipe') https://osm.org/?mlat=29.873009665890205&mlon=-90.12244809635507&zoom=16
address does not match a street: (None, '6605', 'Rue Louis Phillipe') https://osm.org/?mlat=29.87276566800769&mlon=-90.12342607064353&zoom=16
address does not match a street: (None, '6617', 'Rue Louis Phillipe') https://osm.org/?mlat=29.87299529532125&mlon=-90.12387451051175&zoom=16
address does not match a street: (None, '6620', 'Rue Louis Phillipe') https://osm.org/?mlat=29.87346207736668&mlon=-90.12379628288701&zoom=16
address does not match a street: (None, '6541', 'Rue Louis Phillipe') https://osm.org/?mlat=29.87251752957828&mlon=-90.12124523048948&zoom=16
address does not match a street: (None, '6633', 'Rue Louis Phillipe') https://osm.org/?mlat=29.873461859354702&mlon=-90.12437057038699&zoom=16
address does not match a street: (None, '6625', 'Rue Louis Phillipe') https://osm.org/?mlat=29.873201326791992&mlon=-90.12414969123664&zoom=16
address does not match a street: (None, '6632', 'Rue Louis Phillipe') https://osm.org/?mlat=29.87383390428168&mlon=-90.12415780876171&zoom=16
address does not match a street: (None, '6601', 'Rue Louis Phillipe') https://osm.org/?mlat=29.872711913853312&mlon=-90.12326264203604&zoom=16
address does not match a street: (None, '7284', 'Rue Louis Phillipe') https://osm.org/?mlat=29.876431291774082&mlon=-90.13151040815751&zoom=16
address does not match a street: (None, '6577', 'Rue Louis Phillipe') https://osm.org/?mlat=29.872621880859867&mlon=-90.12274309435008&zoom=16
address does not match a street: (None, '7268', 'Rue Louis Phillipe') https://osm.org/?mlat=29.87642494507631&mlon=-90.13102128309332&zoom=16
address does not match a street: (None, '6533', 'Rue Louis Phillipe') https://osm.org/?mlat=29.872467784826995&mlon=-90.12091183449586&zoom=16
address does not match a street: (None, '7252', 'Rue Louis Phillipe') https://osm.org/?mlat=29.876333373041287&mlon=-90.1304413698542&zoom=16
address does not match a street: (None, '6581', 'Rue Louis Phillipe') https://osm.org/?mlat=29.872615675816622&mlon=-90.12291356005018&zoom=16
address does not match a street: (None, '6704', 'Rue Louis Phillipe') https://osm.org/?mlat=29.87484120154535&mlon=-90.12511154471883&zoom=16
address does not match a street: (None, '7116', 'Rue Louis Phillipe') https://osm.org/?mlat=29.876210570309063&mlon=-90.12860426113137&zoom=16
address does not match a street: (None, '7125', 'Gentrydr') https://osm.org/?mlat=29.87820937811377&mlon=-90.12931266593691&zoom=16
address does not match a street: (None, '7124', 'Rue Louis Phillipe') https://osm.org/?mlat=29.876202772490508&mlon=-90.12902539582956&zoom=16
address does not match a street: (None, '7128', 'Rue Louis Phillipe') https://osm.org/?mlat=29.87619692374043&mlon=-90.12920186947004&zoom=16
address does not match a street: (None, '7120', 'Rue Louis Phillipe') https://osm.org/?mlat=29.876189221810694&mlon=-90.12884022181153&zoom=16
address does not match a street: (None, '7105', 'Gentry Drive') https://osm.org/?mlat=29.878064252363245&mlon=-90.12814175841514&zoom=16
address does not match a street: (None, '7112', 'Gentry Drive') https://osm.org/?mlat=29.878423108490917&mlon=-90.1283180407838&zoom=16
address does not match a street: (None, '7108', 'Gentry Drive') https://osm.org/?mlat=29.87838881685703&mlon=-90.12819148885023&zoom=16
address does not match a street: (None, '7104', 'Gentry Drive') https://osm.org/?mlat=29.878350913015243&mlon=-90.12808004508203&zoom=16
address does not match a street: (None, '7100', 'Gentry Drive') https://osm.org/?mlat=29.878346532197472&mlon=-90.12794308996996&zoom=16
address does not match a street: (None, '6653', 'Rue Louis Phillipe') https://osm.org/?mlat=29.874058324286967&mlon=-90.12493763765639&zoom=16
address does not match a street: (None, '7136', 'Rue Louis Phillipe') https://osm.org/?mlat=29.8762358931118&mlon=-90.129585864352&zoom=16
address does not match a street: (None, '7140', 'Rue Louis Phillipe') https://osm.org/?mlat=29.876251724874596&mlon=-90.129754325663&zoom=16
address does not match a street: (None, '7112', 'Rue Louis Phillipe') https://osm.org/?mlat=29.8761902378077&mlon=-90.12839023536607&zoom=16
address does not match a street: (None, '7108', 'Rue Louis Phillipe') https://osm.org/?mlat=29.876179622788246&mlon=-90.1282254145442&zoom=16
address does not match a street: (None, '7109', 'Gentry Drive') https://osm.org/?mlat=29.87811305457225&mlon=-90.12835847799771&zoom=16
address does not match a street: (None, '7100', 'Rue Louis Phillipe') https://osm.org/?mlat=29.876136063789776&mlon=-90.12785327158099&zoom=16
address does not match a street: (None, '7128', 'Gentry Drive') https://osm.org/?mlat=29.87852227750502&mlon=-90.12883905268735&zoom=16
address does not match a street: (None, '7124', 'Gentry Drive') https://osm.org/?mlat=29.878498065364216&mlon=-90.1287209872976&zoom=16
address does not match a street: (None, '7136', 'Gentry Drive') https://osm.org/?mlat=29.878604612280153&mlon=-90.12904233073614&zoom=16
address does not match a street: (None, '7200', 'Gentry Drd') https://osm.org/?mlat=29.878632729184922&mlon=-90.12943865414239&zoom=16
address does not match a street: (None, '7104', 'Rue Louis Phillipe') https://osm.org/?mlat=29.876129052773873&mlon=-90.12805346886643&zoom=16
address does not match a street: (None, '7113', 'Gentry Drive') https://osm.org/?mlat=29.878130023344404&mlon=-90.12857543380281&zoom=16
address does not match a street: (None, '7132', 'Gentry Drive') https://osm.org/?mlat=29.8786095337238&mlon=-90.1289172113404&zoom=16
address does not match a street: (None, '6637', 'Rue Louis Phillipe') https://osm.org/?mlat=29.873580456011087&mlon=-90.12446722251094&zoom=16
address does not match a street: (None, '7132', 'Rue Louis Phillipe') https://osm.org/?mlat=29.87623164785841&mlon=-90.12934018472438&zoom=16
address does not match a street: (None, '7204', 'Gentry Drive') https://osm.org/?mlat=29.878664319233906&mlon=-90.12953672640337&zoom=16
address does not match a street: (None, '7144', 'Gentry Drive') https://osm.org/?mlat=29.87862468142015&mlon=-90.12930407532633&zoom=16
address does not match a street: (None, '7120', 'Gentry Drive') https://osm.org/?mlat=29.878467965447292&mlon=-90.12857429994727&zoom=16
address does not match a street: (None, '7116', 'Gentry Drive') https://osm.org/?mlat=29.878446208663036&mlon=-90.12845118286836&zoom=16
address does not match a street: (None, '7140', 'Gentry Drive') https://osm.org/?mlat=29.878662097562078&mlon=-90.12915774022375&zoom=16
address does not match a street: (None, '7101', 'Gentry Drive') https://osm.org/?mlat=29.87801955277814&mlon=-90.12797528883564&zoom=16
address does not match a street: (None, '7117', 'Gentry Drive') https://osm.org/?mlat=29.878176285626672&mlon=-90.1287509520142&zoom=16
address does not match a street: (None, '7121', 'Gentry Drive') https://osm.org/?mlat=29.87826242139397&mlon=-90.12909378055699&zoom=16
address does not match a street: (None, '7144', 'Rue Louis Phillipe') https://osm.org/?mlat=29.876250473865166&mlon=-90.12997398079519&zoom=16
address does not match a street: (None, '6609', 'Rue Louis Phillipe') https://osm.org/?mlat=29.87282755494092&mlon=-90.1235767803965&zoom=16
address does not match a street: (None, '6549', 'Rue Louis Phillipe') https://osm.org/?mlat=29.872539634750353&mlon=-90.12157659979397&zoom=16
address does not match a street: (None, '6553', 'Rue Louis Phillipe') https://osm.org/?mlat=29.872574628231607&mlon=-90.12175971301686&zoom=16
address does not match a street: (None, '6569', 'Rue Louis Phillipe') https://osm.org/?mlat=29.872585773842857&mlon=-90.12240316631606&zoom=16
address does not match a street: (None, '6565', 'Rue Louis Phillipe') https://osm.org/?mlat=29.872581543818296&mlon=-90.12224503253033&zoom=16
address does not match a street: (None, '6624', 'Rue Louis Phillipe') https://osm.org/?mlat=29.87357062166482&mlon=-90.12393696160888&zoom=16
address does not match a street: (None, '6573', 'Rue Louis Phillipe') https://osm.org/?mlat=29.872647405272954&mlon=-90.12260007022795&zoom=16
address does not match a street: (None, '6540', 'Rue Louis Phillipe') https://osm.org/?mlat=29.872902902571322&mlon=-90.12130713815883&zoom=16
address does not match a street: (None, '6628', 'Rue Louis Phillipe') https://osm.org/?mlat=29.873687037665903&mlon=-90.12403652598417&zoom=16
address has no house number: (None, None, 'Carver Drive') https://osm.org/?mlat=29.87354308522906&mlon=-90.12167458349451&zoom=16
address does not match a street: (None, '6585', 'Rue Louis Phillipe') https://osm.org/?mlat=29.872692602355063&mlon=-90.12308756394815&zoom=16
address does not match a street: (None, '6537', 'Rue Louis Phillipe') https://osm.org/?mlat=29.87253424531227&mlon=-90.12107398607753&zoom=16
address has no house number: (None, None, 'Maharry Drive') https://osm.org/?mlat=29.876499543333892&mlon=-90.12347687375679&zoom=16
address does not match a street: (None, '7244', 'Rue Louis Phillipe') https://osm.org/?mlat=29.87620894423706&mlon=-90.13015933316251&zoom=16
