address does not match a street: (None, '3112', 'Augusta Avenue') https://osm.org/?mlat=30.011581778455163&mlon=-90.2551590628845&zoom=16
address does not match a street: (None, '3017', 'Marietta Avenue') https://osm.org/?mlat=30.010001513184584&mlon=-90.25272042707836&zoom=16
address does not match a street: (None, '3037', 'Marietta Avenue') https://osm.org/?mlat=30.010665172910624&mlon=-90.25277141562033&zoom=16
address does not match a street: (None, '2620', 'Gadsden Street') https://osm.org/?mlat=30.00271469397374&mlon=-90.26283053875026&zoom=16
address does not match a street: (None, '2820', 'Augusta Avenue') https://osm.org/?mlat=30.007285433454584&mlon=-90.25478898167538&zoom=16
address does not match a street: (None, '2745', 'Gadsden Street') https://osm.org/?mlat=30.004778428316474&mlon=-90.26347633022351&zoom=16
address does not match a street: (None, '2751', 'Gadsden Street') https://osm.org/?mlat=30.004977160030972&mlon=-90.26354673894305&zoom=16
address does not match a street: (None, '3112', 'Helena Avenue') https://osm.org/?mlat=30.011781692967826&mlon=-90.25430503370984&zoom=16
address does not match a street: (None, '2802', 'Dawson Avenue') https://osm.org/?mlat=30.007278995165716&mlon=-90.25575072343948&zoom=16
address does not match a street: (None, '2621', 'Gadsden Street') https://osm.org/?mlat=30.0027674652077&mlon=-90.26332409689378&zoom=16
address does not match a street: (None, '3125', 'Augusta Avenue') https://osm.org/?mlat=30.011870288159187&mlon=-90.25565801401312&zoom=16
address does not match a street: (None, '2800', 'Helena Avenue') https://osm.org/?mlat=30.007062423569355&mlon=-90.25441858078143&zoom=16
address does not match a street: (None, '2706', 'Dawson Avenue') https://osm.org/?mlat=30.004521655181993&mlon=-90.25537113195342&zoom=16
address does not match a street: (None, '2737', 'Gadsden Street') https://osm.org/?mlat=30.004594329660183&mlon=-90.26343736721635&zoom=16
address does not match a street: (None, '3011', 'Augusta Avenue') https://osm.org/?mlat=30.009520493280057&mlon=-90.25542770957063&zoom=16
address does not match a street: (None, '2745', 'Dawson Avenue') https://osm.org/?mlat=30.005796501358297&mlon=-90.25601237456391&zoom=16
address does not match a street: (None, '2747', 'Dawson Avenue') https://osm.org/?mlat=30.00594124696833&mlon=-90.25605462291078&zoom=16
address does not match a street: (None, '2746', 'Dawson Avenue') https://osm.org/?mlat=30.005986476895973&mlon=-90.25554706605618&zoom=16
address does not match a street: (None, '2745', 'Augusta Avenue') https://osm.org/?mlat=30.00599860467816&mlon=-90.25511958857602&zoom=16
address does not match a street: (None, '2742', 'Dawson Avenue') https://osm.org/?mlat=30.005785103964307&mlon=-90.25553631384167&zoom=16
address does not match a street: (None, '2741', 'Augusta Avenue') https://osm.org/?mlat=30.005812373437166&mlon=-90.2551259121773&zoom=16
address does not match a street: (None, '2732', 'Dawson Avenue') https://osm.org/?mlat=30.00546573596837&mlon=-90.25554407443771&zoom=16
address does not match a street: (None, '2734', 'Dawson Avenue') https://osm.org/?mlat=30.00546891580261&mlon=-90.2554743724995&zoom=16
address does not match a street: (None, '2738', 'Dawson Avenue') https://osm.org/?mlat=30.00564746950577&mlon=-90.25544658685324&zoom=16
address does not match a street: (None, '2736', 'Dawson Avenue') https://osm.org/?mlat=30.005629682136963&mlon=-90.2555645677439&zoom=16
address does not match a street: (None, '2733', 'Augusta Avenue') https://osm.org/?mlat=30.005522810107117&mlon=-90.2550327998797&zoom=16
address does not match a street: (None, '2735', 'Augusta Avenue') https://osm.org/?mlat=30.00552738369963&mlon=-90.25513330241917&zoom=16
address does not match a street: (None, '2739', 'Augusta Avenue') https://osm.org/?mlat=30.00566830389755&mlon=-90.25516625305552&zoom=16
address does not match a street: (None, '2737', 'Augusta Avenue') https://osm.org/?mlat=30.005689841048667&mlon=-90.25504823150126&zoom=16
address does not match a street: (None, '2730', 'Dawson Avenue') https://osm.org/?mlat=30.00530181525398&mlon=-90.25545032270288&zoom=16
address does not match a street: (None, '2728', 'Dawson Avenue') https://osm.org/?mlat=30.005328531619007&mlon=-90.25550677301482&zoom=16
address does not match a street: (None, '2726', 'Dawson Avenue') https://osm.org/?mlat=30.005206877457198&mlon=-90.25545996703129&zoom=16
address does not match a street: (None, '2724', 'Dawson Avenue') https://osm.org/?mlat=30.005180358157368&mlon=-90.25550406527118&zoom=16
address does not match a street: (None, '2720', 'Dawson Avenue') https://osm.org/?mlat=30.005028541288063&mlon=-90.25551432528528&zoom=16
address does not match a street: (None, '2722', 'Dawson Avenue') https://osm.org/?mlat=30.00505437761944&mlon=-90.25538692047684&zoom=16
address does not match a street: (None, '2717', 'Augusta Avenue') https://osm.org/?mlat=30.004906772558208&mlon=-90.2549956490727&zoom=16
address does not match a street: (None, '2719', 'Augusta Avenue') https://osm.org/?mlat=30.004926489704193&mlon=-90.2551132247341&zoom=16
address does not match a street: (None, '2715', 'Augusta Avenue') https://osm.org/?mlat=30.004781137011467&mlon=-90.2549970075093&zoom=16
address does not match a street: (None, '2713', 'Augusta Avenue') https://osm.org/?mlat=30.00478792551054&mlon=-90.25491002956245&zoom=16
address does not match a street: (None, '2709', 'Augusta Avenue') https://osm.org/?mlat=30.00465132100934&mlon=-90.25494598155979&zoom=16
address does not match a street: (None, '2711', 'Augusta Avenue') https://osm.org/?mlat=30.004652320986096&mlon=-90.25506806837366&zoom=16
address does not match a street: (None, '2707', 'Augusta Avenue') https://osm.org/?mlat=30.00453456384147&mlon=-90.25503917582469&zoom=16
address does not match a street: (None, '2705', 'Augusta Avenue') https://osm.org/?mlat=30.004521652949936&mlon=-90.2549129088603&zoom=16
address does not match a street: (None, '2708', 'Dawson Avenue') https://osm.org/?mlat=30.004625465195563&mlon=-90.25545260520482&zoom=16
address does not match a street: (None, '2710', 'Dawson Avenue') https://osm.org/?mlat=30.004647396583962&mlon=-90.25538270117201&zoom=16
address does not match a street: (None, '2712', 'Dawson Avenue') https://osm.org/?mlat=30.004761944446198&mlon=-90.25547770414417&zoom=16
address does not match a street: (None, '2714', 'Dawson Avenue') https://osm.org/?mlat=30.004780427472692&mlon=-90.25536833494783&zoom=16
address does not match a street: (None, '2719', 'Dawson Avenue') https://osm.org/?mlat=30.00483406252305&mlon=-90.25588774599392&zoom=16
address does not match a street: (None, '2717', 'Dawson Avenue') https://osm.org/?mlat=30.00486558394031&mlon=-90.25599657497591&zoom=16
address does not match a street: (None, '2723', 'Dawson Avenue') https://osm.org/?mlat=30.005006074033957&mlon=-90.25597710149142&zoom=16
address does not match a street: (None, '2721', 'Dawson Avenue') https://osm.org/?mlat=30.004978521115575&mlon=-90.2558948045787&zoom=16
address does not match a street: (None, '2725', 'Dawson Avenue') https://osm.org/?mlat=30.00510794206998&mlon=-90.25589771549026&zoom=16
address does not match a street: (None, '2727', 'Dawson Avenue') https://osm.org/?mlat=30.005124118915525&mlon=-90.25604118449978&zoom=16
address does not match a street: (None, '2729', 'Dawson Avenue') https://osm.org/?mlat=30.0052561155252&mlon=-90.25590042381678&zoom=16
address does not match a street: (None, '2731', 'Dawson Avenue') https://osm.org/?mlat=30.005279792655607&mlon=-90.2560438130579&zoom=16
address does not match a street: (None, '2733', 'Dawson Avenue') https://osm.org/?mlat=30.005389463832866&mlon=-90.25592483899027&zoom=16
address does not match a street: (None, '2735', 'Dawson Avenue') https://osm.org/?mlat=30.00542025426064&mlon=-90.25602074806204&zoom=16
address does not match a street: (None, '2737', 'Dawson Avenue') https://osm.org/?mlat=30.005533962648276&mlon=-90.25593692472924&zoom=16
address does not match a street: (None, '2739', 'Dawson Avenue') https://osm.org/?mlat=30.00555339008499&mlon=-90.25601930988583&zoom=16
address does not match a street: (None, '2741', 'Dawson Avenue') https://osm.org/?mlat=30.00567092003287&mlon=-90.25594406343431&zoom=16
address does not match a street: (None, '2743', 'Dawson Avenue') https://osm.org/?mlat=30.00567549383177&mlon=-90.25604456615507&zoom=16
address does not match a street: (None, '2729', 'Augusta Avenue') https://osm.org/?mlat=30.005362725757347&mlon=-90.25502591249129&zoom=16
address does not match a street: (None, '2731', 'Augusta Avenue') https://osm.org/?mlat=30.005363472749277&mlon=-90.25511711858843&zoom=16
address does not match a street: (None, '2736', 'Augusta Avenue') https://osm.org/?mlat=30.005439261525044&mlon=-90.25460133273513&zoom=16
address does not match a street: (None, '2738', 'Augusta Avenue') https://osm.org/?mlat=30.005461121836053&mlon=-90.2545228094093&zoom=16
address does not match a street: (None, '2732', 'Augusta Avenue') https://osm.org/?mlat=30.005298589228218&mlon=-90.25459854519676&zoom=16
address does not match a street: (None, '2734', 'Augusta Avenue') https://osm.org/?mlat=30.005301656745655&mlon=-90.25451519778443&zoom=16
address does not match a street: (None, '2725', 'Augusta Avenue') https://osm.org/?mlat=30.005225515375557&mlon=-90.25498789352376&zoom=16
address does not match a street: (None, '2727', 'Augusta Avenue') https://osm.org/?mlat=30.005230300740934&mlon=-90.25511424923631&zoom=16
address does not match a street: (None, '2721', 'Augusta Avenue') https://osm.org/?mlat=30.005080840002336&mlon=-90.25495426553115&zoom=16
address does not match a street: (None, '2723', 'Augusta Avenue') https://osm.org/?mlat=30.005078412417184&mlon=-90.25511589135587&zoom=16
address does not match a street: (None, '2728', 'Augusta Avenue') https://osm.org/?mlat=30.00520358088459&mlon=-90.25459957285892&zoom=16
address does not match a street: (None, '2730', 'Augusta Avenue') https://osm.org/?mlat=30.005171805257916&mlon=-90.2544598634588&zoom=16
address does not match a street: (None, '2724', 'Augusta Avenue') https://osm.org/?mlat=30.005039675746104&mlon=-90.25458410825254&zoom=16
address does not match a street: (None, '2726', 'Augusta Avenue') https://osm.org/?mlat=30.005038563505916&mlon=-90.25444837648111&zoom=16
address does not match a street: (None, '2716', 'Augusta Avenue') https://osm.org/?mlat=30.004787704829315&mlon=-90.25442523462132&zoom=16
address does not match a street: (None, '2714', 'Augusta Avenue') https://osm.org/?mlat=30.004762311263036&mlon=-90.25453036862339&zoom=16
address does not match a street: (None, '2709', 'Helena Avenue') https://osm.org/?mlat=30.004609540357524&mlon=-90.25404291456356&zoom=16
address does not match a street: (None, '2711', 'Helena Avenue') https://osm.org/?mlat=30.004636953152872&mlon=-90.25410797580531&zoom=16
address does not match a street: (None, '2706', 'Augusta Avenue') https://osm.org/?mlat=30.004594685395453&mlon=-90.25451853622272&zoom=16
address does not match a street: (None, '2708', 'Augusta Avenue') https://osm.org/?mlat=30.004628633126973&mlon=-90.25446573942652&zoom=16
address does not match a street: (None, '2723', 'Helena Avenue') https://osm.org/?mlat=30.005020701355008&mlon=-90.25409951398268&zoom=16
address does not match a street: (None, '2733', 'Helena Avenue') https://osm.org/?mlat=30.005272384228032&mlon=-90.25422319789948&zoom=16
address does not match a street: (None, '2731', 'Helena Avenue') https://osm.org/?mlat=30.005218324288293&mlon=-90.25411030379564&zoom=16
address does not match a street: (None, '2735', 'Helena Avenue') https://osm.org/?mlat=30.005423790082023&mlon=-90.25408653366813&zoom=16
address does not match a street: (None, '2741', 'Helena Avenue') https://osm.org/?mlat=30.005591963163212&mlon=-90.25424128666512&zoom=16
address does not match a street: (None, '2743', 'Helena Avenue') https://osm.org/?mlat=30.005751011499697&mlon=-90.25412177693275&zoom=16
address does not match a street: (None, '2745', 'Helena Avenue') https://osm.org/?mlat=30.005732600144828&mlon=-90.25423976494669&zoom=16
address does not match a street: (None, '2746', 'Augusta Avenue') https://osm.org/?mlat=30.005712352599772&mlon=-90.25451506424987&zoom=16
address does not match a street: (None, '2744', 'Augusta Avenue') https://osm.org/?mlat=30.00571703838473&mlon=-90.25462921153779&zoom=16
address does not match a street: (None, '2740', 'Augusta Avenue') https://osm.org/?mlat=30.005565003879124&mlon=-90.25461290107985&zoom=16
address does not match a street: (None, '2742', 'Augusta Avenue') https://osm.org/?mlat=30.00560154198499&mlon=-90.25449471621164&zoom=16
address does not match a street: (None, '2704', 'Dawson Avenue') https://osm.org/?mlat=30.004484651781993&mlon=-90.25543258062149&zoom=16
address does not match a street: (None, '2716', 'Dawson Avenue') https://osm.org/?mlat=30.004898972431636&mlon=-90.25549346065098&zoom=16
address does not match a street: (None, '2718', 'Dawson Avenue') https://osm.org/?mlat=30.004921705410087&mlon=-90.25544509434734&zoom=16
address does not match a street: (None, '2713', 'Dawson Avenue') https://osm.org/?mlat=30.0047120301675&mlon=-90.25587110859169&zoom=16
address does not match a street: (None, '2715', 'Dawson Avenue') https://osm.org/?mlat=30.004731941778733&mlon=-90.25593625142888&zoom=16
address does not match a street: (None, '2709', 'Dawson Avenue') https://osm.org/?mlat=30.004586772928242&mlon=-90.25584229714687&zoom=16
address does not match a street: (None, '2711', 'Dawson Avenue') https://osm.org/?mlat=30.004602591348092&mlon=-90.25594195894057&zoom=16
address does not match a street: (None, '2705', 'Dawson Avenue') https://osm.org/?mlat=30.00444252592442&mlon=-90.25586109297444&zoom=16
address does not match a street: (None, '2707', 'Dawson Avenue') https://osm.org/?mlat=30.004450849919383&mlon=-90.25596155290505&zoom=16
address does not match a street: (None, '2722', 'Helena Avenue') https://osm.org/?mlat=30.004952881443796&mlon=-90.25368080681201&zoom=16
address does not match a street: (None, '2720', 'Helena Avenue') https://osm.org/?mlat=30.004936254458418&mlon=-90.25355888985956&zoom=16
address does not match a street: (None, '2726', 'Helena Avenue') https://osm.org/?mlat=30.005074980586734&mlon=-90.25355307876264&zoom=16
address does not match a street: (None, '2724', 'Helena Avenue') https://osm.org/?mlat=30.005066659053956&mlon=-90.25368173016149&zoom=16
address does not match a street: (None, '2728', 'Helena Avenue') https://osm.org/?mlat=30.005204347755654&mlon=-90.25370178621907&zoom=16
address does not match a street: (None, '2730', 'Helena Avenue') https://osm.org/?mlat=30.005227959368078&mlon=-90.25360816147094&zoom=16
address does not match a street: (None, '2732', 'Helena Avenue') https://osm.org/?mlat=30.005338404092505&mlon=-90.25373624575374&zoom=16
address does not match a street: (None, '2734', 'Helena Avenue') https://osm.org/?mlat=30.005365441938363&mlon=-90.25360308224965&zoom=16
address does not match a street: (None, '2748', 'Helena Avenue') https://osm.org/?mlat=30.005642752864343&mlon=-90.25365035598091&zoom=16
address does not match a street: (None, '2742', 'Helena Avenue') https://osm.org/?mlat=30.005602801975552&mlon=-90.25373338358402&zoom=16
address does not match a street: (None, '2736', 'Helena Avenue') https://osm.org/?mlat=30.005490623108294&mlon=-90.25369868712518&zoom=16
address does not match a street: (None, '2738', 'Helena Avenue') https://osm.org/?mlat=30.00548349472432&mlon=-90.25359174915567&zoom=16
address does not match a street: (None, '2714', 'Helena Avenue') https://osm.org/?mlat=30.00480413754549&mlon=-90.25360844084655&zoom=16
address does not match a street: (None, '2716', 'Helena Avenue') https://osm.org/?mlat=30.00483724270373&mlon=-90.25352907872595&zoom=16
address does not match a street: (None, '2710', 'Helena Avenue') https://osm.org/?mlat=30.004663783260597&mlon=-90.2536444352317&zoom=16
address does not match a street: (None, '2712', 'Helena Avenue') https://osm.org/?mlat=30.004685749027033&mlon=-90.25357883949006&zoom=16
address does not match a street: (None, '2706', 'Helena Avenue') https://osm.org/?mlat=30.00448830273325&mlon=-90.2535895953599&zoom=16
address does not match a street: (None, '2708', 'Helena Avenue') https://osm.org/?mlat=30.00452971593441&mlon=-90.25353240837872&zoom=16
address does not match a street: (None, '2700', 'Helena Avenue') https://osm.org/?mlat=30.004344020711663&mlon=-90.25360408572615&zoom=16
address does not match a street: (None, '2702', 'Helena Avenue') https://osm.org/?mlat=30.0043892968699&mlon=-90.25356050261959&zoom=16
address does not match a street: (None, '2615', 'Dawson Avenue') https://osm.org/?mlat=30.002647550107273&mlon=-90.25574977200347&zoom=16
address does not match a street: (None, '2613', 'Dawson Avenue') https://osm.org/?mlat=30.002597235716223&mlon=-90.25563612124273&zoom=16
address does not match a street: (None, '2619', 'Dawson Avenue') https://osm.org/?mlat=30.0027765937218&mlon=-90.25578285191438&zoom=16
address does not match a street: (None, '2617', 'Dawson Avenue') https://osm.org/?mlat=30.00277198445171&mlon=-90.25567804349308&zoom=16
address does not match a street: (None, '2621', 'Dawson Avenue') https://osm.org/?mlat=30.002947070297317&mlon=-90.25568476965245&zoom=16
address does not match a street: (None, '2623', 'Dawson Avenue') https://osm.org/?mlat=30.002936572288867&mlon=-90.25577681338011&zoom=16
address does not match a street: (None, '2625', 'Dawson Avenue') https://osm.org/?mlat=30.003099387803708&mlon=-90.25573555359877&zoom=16
address does not match a street: (None, '2627', 'Dawson Avenue') https://osm.org/?mlat=30.003119446426428&mlon=-90.25581864823154&zoom=16
address does not match a street: (None, '2631', 'Dawson Avenue') https://osm.org/?mlat=30.003293871817007&mlon=-90.25582107275923&zoom=16
address does not match a street: (None, '2629', 'Dawson Avenue') https://osm.org/?mlat=30.00326679700884&mlon=-90.25572081660869&zoom=16
address does not match a street: (None, '2633', 'Dawson Avenue') https://osm.org/?mlat=30.003422576602876&mlon=-90.2557363706033&zoom=16
address does not match a street: (None, '2635', 'Dawson Avenue') https://osm.org/?mlat=30.003400721431674&mlon=-90.25581560930459&zoom=16
address does not match a street: (None, '2639', 'Dawson Avenue') https://osm.org/?mlat=30.003567786697968&mlon=-90.25583535058671&zoom=16
address does not match a street: (None, '2637', 'Dawson Avenue') https://osm.org/?mlat=30.003567040203414&mlon=-90.25574414612628&zoom=16
address does not match a street: (None, '2610', 'Dawson Avenue') https://osm.org/?mlat=30.002532981721085&mlon=-90.25527053151536&zoom=16
address does not match a street: (None, '2612', 'Dawson Avenue') https://osm.org/?mlat=30.002589269497022&mlon=-90.25512125558924&zoom=16
address does not match a street: (None, '2616', 'Dawson Avenue') https://osm.org/?mlat=30.00284524266364&mlon=-90.25531096671241&zoom=16
address does not match a street: (None, '2618', 'Dawson Avenue') https://osm.org/?mlat=30.00289344031323&mlon=-90.255166086822&zoom=16
address does not match a street: (None, '2620', 'Dawson Avenue') https://osm.org/?mlat=30.003012610672446&mlon=-90.2552912031596&zoom=16
address does not match a street: (None, '2622', 'Dawson Avenue') https://osm.org/?mlat=30.00299605484322&mlon=-90.25517790560669&zoom=16
address does not match a street: (None, '2614', 'Dawson Avenue') https://osm.org/?mlat=30.002696817179114&mlon=-90.25527737959074&zoom=16
address does not match a street: (None, '2624', 'Dawson Avenue') https://osm.org/?mlat=30.00311497819687&mlon=-90.25527285947544&zoom=16
address does not match a street: (None, '2626', 'Dawson Avenue') https://osm.org/?mlat=30.003163675712315&mlon=-90.25518902063496&zoom=16
address does not match a street: (None, '2630', 'Dawson Avenue') https://osm.org/?mlat=30.00329254800564&mlon=-90.25520127396669&zoom=16
address does not match a street: (None, '2628', 'Dawson Avenue') https://osm.org/?mlat=30.00327811789265&mlon=-90.25527109600507&zoom=16
address does not match a street: (None, '2634', 'Dawson Avenue') https://osm.org/?mlat=30.00341193001584&mlon=-90.25535224385094&zoom=16
address does not match a street: (None, '2654', 'Dawson Avenue') https://osm.org/?mlat=30.003605520495004&mlon=-90.25532860507643&zoom=16
address does not match a street: (None, '2656', 'Dawson Avenue') https://osm.org/?mlat=30.003631575152752&mlon=-90.25522777337304&zoom=16
address does not match a street: (None, '2639', 'Augusta Avenue') https://osm.org/?mlat=30.003631306134125&mlon=-90.25481336819301&zoom=16
address does not match a street: (None, '2641', 'Augusta Avenue') https://osm.org/?mlat=30.003669309406803&mlon=-90.25487400542953&zoom=16
address does not match a street: (None, '2617', 'Augusta Avenue') https://osm.org/?mlat=30.00278781399754&mlon=-90.25478657997688&zoom=16
address does not match a street: (None, '2619', 'Augusta Avenue') https://osm.org/?mlat=30.002816441484146&mlon=-90.25484731807833&zoom=16
address does not match a street: (None, '2611', 'Augusta Avenue') https://osm.org/?mlat=30.002551065300818&mlon=-90.25480709566386&zoom=16
address does not match a street: (None, '2609', 'Augusta Avenue') https://osm.org/?mlat=30.00251928250996&mlon=-90.25474280119512&zoom=16
address does not match a street: (None, '2613', 'Augusta Avenue') https://osm.org/?mlat=30.002665780562566&mlon=-90.25476994427308&zoom=16
address does not match a street: (None, '2615', 'Augusta Avenue') https://osm.org/?mlat=30.0026631262668&mlon=-90.2548274299056&zoom=16
address does not match a street: (None, '2621', 'Augusta Avenue') https://osm.org/?mlat=30.002918479482958&mlon=-90.25478875758533&zoom=16
address does not match a street: (None, '2623', 'Augusta Avenue') https://osm.org/?mlat=30.002943982001018&mlon=-90.2548495295597&zoom=16
address does not match a street: (None, '2625', 'Augusta Avenue') https://osm.org/?mlat=30.003065036360564&mlon=-90.25482308364366&zoom=16
address does not match a street: (None, '2627', 'Augusta Avenue') https://osm.org/?mlat=30.003099620511748&mlon=-90.25484784651633&zoom=16
address does not match a street: (None, '2633', 'Augusta Avenue') https://osm.org/?mlat=30.003246147949916&mlon=-90.25487858131514&zoom=16
address does not match a street: (None, '2631', 'Augusta Avenue') https://osm.org/?mlat=30.003204695230746&mlon=-90.2547784809509&zoom=16
address does not match a street: (None, '2637', 'Augusta Avenue') https://osm.org/?mlat=30.003404352530858&mlon=-90.2548086411215&zoom=16
address does not match a street: (None, '2620', 'Augusta Avenue') https://osm.org/?mlat=30.00258785674488&mlon=-90.25433842884526&zoom=16
address does not match a street: (None, '2622', 'Augusta Avenue') https://osm.org/?mlat=30.002643022620507&mlon=-90.25420496483243&zoom=16
address does not match a street: (None, '2628', 'Augusta Avenue') https://osm.org/?mlat=30.002879587535638&mlon=-90.25423831502593&zoom=16
address does not match a street: (None, '2626', 'Augusta Avenue') https://osm.org/?mlat=30.00275579092569&mlon=-90.25431147520241&zoom=16
address does not match a street: (None, '2629', 'Helena Avenue') https://osm.org/?mlat=30.003165673299495&mlon=-90.25383086816429&zoom=16
address does not match a street: (None, '2631', 'Helena Avenue') https://osm.org/?mlat=30.003144915494612&mlon=-90.2539675524235&zoom=16
address does not match a street: (None, '2635', 'Helena Avenue') https://osm.org/?mlat=30.00326989645188&mlon=-90.25396260910566&zoom=16
address does not match a street: (None, '2633', 'Helena Avenue') https://osm.org/?mlat=30.003312377624766&mlon=-90.2538831458079&zoom=16
address does not match a street: (None, '2643', 'Helena Avenue') https://osm.org/?mlat=30.003584446499215&mlon=-90.25397716039731&zoom=16
address does not match a street: (None, '2641', 'Helena Avenue') https://osm.org/?mlat=30.00356495888473&mlon=-90.25388759442525&zoom=16
address does not match a street: (None, '2645', 'Helena Avenue') https://osm.org/?mlat=30.00371148653664&mlon=-90.25391832795673&zoom=16
address does not match a street: (None, '2647', 'Helena Avenue') https://osm.org/?mlat=30.003734181521544&mlon=-90.25401791416681&zoom=16
address does not match a street: (None, '2627', 'Helena Avenue') https://osm.org/?mlat=30.003014043023096&mlon=-90.25394024127792&zoom=16
address does not match a street: (None, '2625', 'Helena Avenue') https://osm.org/?mlat=30.003038397753457&mlon=-90.25386097436963&zoom=16
address does not match a street: (None, '2617', 'Helena Avenue') https://osm.org/?mlat=30.00274557793287&mlon=-90.25382823392053&zoom=16
address does not match a street: (None, '2619', 'Helena Avenue') https://osm.org/?mlat=30.00277441194648&mlon=-90.25391410627847&zoom=16
address does not match a street: (None, '2621', 'Helena Avenue') https://osm.org/?mlat=30.002876125664972&mlon=-90.2538160478018&zoom=16
address does not match a street: (None, '2623', 'Helena Avenue') https://osm.org/?mlat=30.00288667912256&mlon=-90.25395957414804&zoom=16
address does not match a street: (None, '2615', 'Helena Avenue') https://osm.org/?mlat=30.002603323443378&mlon=-90.25393750406775&zoom=16
address does not match a street: (None, '2613', 'Helena Avenue') https://osm.org/?mlat=30.002621044582916&mlon=-90.25381162645452&zoom=16
address does not match a street: (None, '2630', 'Augusta Avenue') https://osm.org/?mlat=30.002974369735693&mlon=-90.25436225740746&zoom=16
address does not match a street: (None, '2632', 'Augusta Avenue') https://osm.org/?mlat=30.003001084153883&mlon=-90.25426572900508&zoom=16
address does not match a street: (None, '2644', 'Augusta Avenue') https://osm.org/?mlat=30.00341307543035&mlon=-90.25434745639504&zoom=16
address does not match a street: (None, '2642', 'Augusta Avenue') https://osm.org/?mlat=30.003360735144447&mlon=-90.25444426239149&zoom=16
address does not match a street: (None, '2650', 'Augusta Avenue') https://osm.org/?mlat=30.003656650328264&mlon=-90.25447338065976&zoom=16
address does not match a street: (None, '2652', 'Augusta Avenue') https://osm.org/?mlat=30.0036777038516&mlon=-90.25437260381622&zoom=16
address does not match a street: (None, '2650', 'Helena Avenue') https://osm.org/?mlat=30.003800685231607&mlon=-90.25343759738054&zoom=16
address does not match a street: (None, '2648', 'Helena Avenue') https://osm.org/?mlat=30.00376156490075&mlon=-90.25354575261804&zoom=16
address does not match a street: (None, '2644', 'Helena Avenue') https://osm.org/?mlat=30.003661409699934&mlon=-90.25352888139074&zoom=16
address does not match a street: (None, '2646', 'Helena Avenue') https://osm.org/?mlat=30.003688629953924&mlon=-90.25341798171686&zoom=16
address does not match a street: (None, '2640', 'Helena Avenue') https://osm.org/?mlat=30.003512109505312&mlon=-90.25354127101399&zoom=16
address does not match a street: (None, '2642', 'Helena Avenue') https://osm.org/?mlat=30.00353903522911&mlon=-90.25339446457708&zoom=16
address does not match a street: (None, '2638', 'Helena Avenue') https://osm.org/?mlat=30.003398964470975&mlon=-90.25338879889343&zoom=16
address does not match a street: (None, '2636', 'Helena Avenue') https://osm.org/?mlat=30.00337498701133&mlon=-90.25351402696015&zoom=16
address does not match a street: (None, '2632', 'Helena Avenue') https://osm.org/?mlat=30.0032191423634&mlon=-90.25349057742105&zoom=16
address does not match a street: (None, '2634', 'Helena Avenue') https://osm.org/?mlat=30.003271571215667&mlon=-90.25340454320617&zoom=16
address does not match a street: (None, '2628', 'Helena Avenue') https://osm.org/?mlat=30.003091513471666&mlon=-90.25347759553628&zoom=16
address does not match a street: (None, '2630', 'Helena Avenue') https://osm.org/?mlat=30.003136565555852&mlon=-90.25333059340969&zoom=16
address does not match a street: (None, '2624', 'Helena Avenue') https://osm.org/?mlat=30.002972429025384&mlon=-90.2534393832931&zoom=16
address does not match a street: (None, '2626', 'Helena Avenue') https://osm.org/?mlat=30.002969022008255&mlon=-90.25332881602394&zoom=16
address does not match a street: (None, '2620', 'Helena Avenue') https://osm.org/?mlat=30.002819862477907&mlon=-90.25343457122474&zoom=16
address does not match a street: (None, '2622', 'Helena Avenue') https://osm.org/?mlat=30.002837789339978&mlon=-90.25333382885744&zoom=16
address does not match a street: (None, '2616', 'Helena Avenue') https://osm.org/?mlat=30.00270786021086&mlon=-90.2534214202573&zoom=16
address does not match a street: (None, '2618', 'Helena Avenue') https://osm.org/?mlat=30.002697423995063&mlon=-90.25329225666961&zoom=16
address does not match a street: (None, '2612', 'Helena Avenue') https://osm.org/?mlat=30.002555317216043&mlon=-90.25341948029939&zoom=16
address does not match a street: (None, '2614', 'Helena Avenue') https://osm.org/?mlat=30.00259491534273&mlon=-90.25329336677248&zoom=16
address does not match a street: (None, '2850', 'Helena Avenue') https://osm.org/?mlat=30.008111046485368&mlon=-90.25399927373253&zoom=16
address does not match a street: (None, '2823', 'Helena Avenue') https://osm.org/?mlat=30.00745678143293&mlon=-90.25433171776031&zoom=16
address does not match a street: (None, '2827', 'Helena Avenue') https://osm.org/?mlat=30.00759738894019&mlon=-90.25432660457575&zoom=16
address does not match a street: (None, '2831', 'Helena Avenue') https://osm.org/?mlat=30.007734422890557&mlon=-90.25434307826293&zoom=16
address does not match a street: (None, '2835', 'Helena Avenue') https://osm.org/?mlat=30.00787747223272&mlon=-90.25433075694652&zoom=16
address does not match a street: (None, '2841', 'Augusta Avenue') https://osm.org/?mlat=30.00794440438689&mlon=-90.25532838912552&zoom=16
address does not match a street: (None, '2801', 'Augusta Avenue') https://osm.org/?mlat=30.006741438825664&mlon=-90.25514459625626&zoom=16
address does not match a street: (None, '2805', 'Augusta Avenue') https://osm.org/?mlat=30.006881598559104&mlon=-90.25516103713196&zoom=16
address does not match a street: (None, '2800', 'Dawson Avenue') https://osm.org/?mlat=30.006994867835484&mlon=-90.25571069840696&zoom=16
address does not match a street: (None, '2801', 'Dawson Avenue') https://osm.org/?mlat=30.007109031076695&mlon=-90.25605188518006&zoom=16
address does not match a street: (None, '2628', 'Gadsden Street') https://osm.org/?mlat=30.002997125178425&mlon=-90.26281601682237&zoom=16
address does not match a street: (None, '2630', 'Gadsden Street') https://osm.org/?mlat=30.003043460802687&mlon=-90.26282557419495&zoom=16
address does not match a street: (None, '2612', 'Gadsden Street') https://osm.org/?mlat=30.002562022968522&mlon=-90.26273593857923&zoom=16
address does not match a street: (None, '2614', 'Gadsden Street') https://osm.org/?mlat=30.002619551539844&mlon=-90.26273819439083&zoom=16
address does not match a street: (None, '2715', 'Gadsden Street') https://osm.org/?mlat=30.00359586008899&mlon=-90.26341647747219&zoom=16
address does not match a street: (None, '2619', 'Gadsden Street') https://osm.org/?mlat=30.00271506555699&mlon=-90.26333758714351&zoom=16
address does not match a street: (None, '2629', 'Gadsden Street') https://osm.org/?mlat=30.002965139984816&mlon=-90.2633413682266&zoom=16
address does not match a street: (None, '2727', 'Gadsden Street') https://osm.org/?mlat=30.004396776792998&mlon=-90.26351202672075&zoom=16
address does not match a street: (None, '2734', 'Gadsden Street') https://osm.org/?mlat=30.00467824778262&mlon=-90.26299476248025&zoom=16
address does not match a street: (None, '2736', 'Gadsden Street') https://osm.org/?mlat=30.004739071047112&mlon=-90.26294096175543&zoom=16
address does not match a street: (None, '2740', 'Gadsden Street') https://osm.org/?mlat=30.004874578779148&mlon=-90.26300055628009&zoom=16
address does not match a street: (None, '2738', 'Gadsden Street') https://osm.org/?mlat=30.004849705205274&mlon=-90.26293977433531&zoom=16
address does not match a street: (None, '2728', 'Gadsden Street') https://osm.org/?mlat=30.004526850232676&mlon=-90.26297986828614&zoom=16
address does not match a street: (None, '2730', 'Gadsden Street') https://osm.org/?mlat=30.004584979695252&mlon=-90.26297924441553&zoom=16
address does not match a street: (None, '2726', 'Gadsden Street') https://osm.org/?mlat=30.00444744420584&mlon=-90.2629778481273&zoom=16
address does not match a street: (None, '2724', 'Gadsden Street') https://osm.org/?mlat=30.00437308627252&mlon=-90.26298151854411&zoom=16
address does not match a street: (None, '3001', 'Marietta Avenue') https://osm.org/?mlat=30.009595558719052&mlon=-90.25268891364122&zoom=16
address does not match a street: (None, '3033', 'Marietta Avenue') https://osm.org/?mlat=30.0104392690275&mlon=-90.25281839469206&zoom=16
address does not match a street: (None, '3039', 'Marietta Avenue') https://osm.org/?mlat=30.010774557431784&mlon=-90.25277023038625&zoom=16
address does not match a street: (None, '3115', 'Marietta Avenue') https://osm.org/?mlat=30.01176188195745&mlon=-90.25288020063263&zoom=16
address does not match a street: (None, '3117', 'Marietta Avenue') https://osm.org/?mlat=30.011890902541424&mlon=-90.25291040751465&zoom=16
address does not match a street: (None, '3124', 'Augusta Avenue') https://osm.org/?mlat=30.011948976907366&mlon=-90.25526714273914&zoom=16
address does not match a street: (None, '3120', 'Augusta Avenue') https://osm.org/?mlat=30.011800804494396&mlon=-90.25526443516203&zoom=16
address does not match a street: (None, '3116', 'Augusta Avenue') https://osm.org/?mlat=30.011718586960907&mlon=-90.25522438311219&zoom=16
address does not match a street: (None, '3015', 'Augusta Avenue') https://osm.org/?mlat=30.009645832829552&mlon=-90.255466576437&zoom=16
address does not match a street: (None, '3017', 'Augusta Avenue') https://osm.org/?mlat=30.00984882639615&mlon=-90.25552256083125&zoom=16
address does not match a street: (None, '3032', 'Dawson Avenue') https://osm.org/?mlat=30.01019222846475&mlon=-90.25600726493337&zoom=16
address does not match a street: (None, '3039', 'Augusta Avenue') https://osm.org/?mlat=30.010351924625457&mlon=-90.25550850473797&zoom=16
address does not match a street: (None, '3045', 'Augusta Avenue') https://osm.org/?mlat=30.0105552846405&mlon=-90.25553288236244&zoom=16
address does not match a street: (None, '3049', 'Augusta Avenue') https://osm.org/?mlat=30.01067981762131&mlon=-90.25554949329911&zoom=16
address does not match a street: (None, '3116', 'Dawson Avenue') https://osm.org/?mlat=30.01161253604531&mlon=-90.25609104248127&zoom=16
address does not match a street: (None, '3121', 'Augusta Avenue') https://osm.org/?mlat=30.011715231813874&mlon=-90.25573079839964&zoom=16
address does not match a street: (None, '3129', 'Augusta Avenue') https://osm.org/?mlat=30.01199194800491&mlon=-90.25570554171048&zoom=16
address does not match a street: (None, '3129', 'Dawson Avenue') https://osm.org/?mlat=30.011917950927145&mlon=-90.25667026104271&zoom=16
address does not match a street: (None, '3025', 'Dawson Avenue') https://osm.org/?mlat=30.01004334862037&mlon=-90.25637662167202&zoom=16
address does not match a street: (None, '3031', 'Dawson Avenue') https://osm.org/?mlat=30.010156888669258&mlon=-90.2564249554519&zoom=16
address does not match a street: (None, '3013', 'Dawson Avenue') https://osm.org/?mlat=30.00955915118095&mlon=-90.25633229098332&zoom=16
