address does not match a street: (None, '1625', 'Mayfield Street') https://osm.org/?mlat=30.010885067285802&mlon=-90.24584497181867&zoom=16
address does not match a street: (None, '3042', 'Lexington Avenue') https://osm.org/?mlat=30.01087249396344&mlon=-90.25145115522777&zoom=16
address does not match a street: (None, '3050', 'Marietta Avenue') https://osm.org/?mlat=30.010923427142185&mlon=-90.25240086555571&zoom=16
address does not match a street: (None, '2726', 'East Bainbridge Avenue') https://osm.org/?mlat=30.006122541136897&mlon=-90.24836761368095&zoom=16
address does not match a street: (None, '3021', 'Lexington Avenue') https://osm.org/?mlat=30.010119459717828&mlon=-90.25185867661058&zoom=16
address does not match a street: (None, '1550', 'Virginia Avenue') https://osm.org/?mlat=30.00731913248185&mlon=-90.24694325805233&zoom=16
address does not match a street: (None, '2744', 'Lexington Avenue') https://osm.org/?mlat=30.00596833376741&mlon=-90.25082132183796&zoom=16
address does not match a street: (None, '2828', 'Marietta Avenue') https://osm.org/?mlat=30.007777348391198&mlon=-90.2520320330987&zoom=16
address does not match a street: (None, '2715', 'Marietta Avenue') https://osm.org/?mlat=30.004896651508243&mlon=-90.25231320599478&zoom=16
address does not match a street: (None, '2707', 'Marietta Avenue') https://osm.org/?mlat=30.004768350253954&mlon=-90.25221835559594&zoom=16
address does not match a street: (None, '2745', 'Lexington Avenue') https://osm.org/?mlat=30.00584451901112&mlon=-90.25134840790084&zoom=16
address does not match a street: (None, '2724', 'Marietta Avenue') https://osm.org/?mlat=30.00536263965492&mlon=-90.25181473540675&zoom=16
address does not match a street: (None, '2746', 'Marietta Avenue') https://osm.org/?mlat=30.005755645648904&mlon=-90.2518679321677&zoom=16
address does not match a street: (None, '2744', 'Marietta Avenue') https://osm.org/?mlat=30.005549619821227&mlon=-90.25182348105922&zoom=16
address does not match a street: (None, '2748', 'Marietta Avenue') https://osm.org/?mlat=30.005917623375517&mlon=-90.25187694907865&zoom=16
address does not match a street: (None, '2726', 'Lexington Avenue') https://osm.org/?mlat=30.005191561284743&mlon=-90.25078054406626&zoom=16
address does not match a street: (None, '2716', 'Marietta Avenue') https://osm.org/?mlat=30.005069671931256&mlon=-90.25176404594491&zoom=16
address does not match a street: (None, '2718', 'Marietta Avenue') https://osm.org/?mlat=30.005194500474147&mlon=-90.25181655878546&zoom=16
address does not match a street: (None, '2714', 'Marietta Avenue') https://osm.org/?mlat=30.004985973926022&mlon=-90.25177213618937&zoom=16
address does not match a street: (None, '2725', 'Lexington Avenue') https://osm.org/?mlat=30.005321884755514&mlon=-90.25134330470425&zoom=16
address does not match a street: (None, '2707', 'Lexington Avenue') https://osm.org/?mlat=30.004848600632148&mlon=-90.25133407540227&zoom=16
address does not match a street: (None, '2708', 'Marietta Avenue') https://osm.org/?mlat=30.004817864232372&mlon=-90.2517775500609&zoom=16
address does not match a street: (None, '2630', 'Lexington Avenue') https://osm.org/?mlat=30.004070679243892&mlon=-90.2506910947491&zoom=16
address does not match a street: (None, '2628', 'Lexington Avenue') https://osm.org/?mlat=30.003908642329403&mlon=-90.25067489810503&zoom=16
address does not match a street: (None, '2644', 'Lexington Avenue') https://osm.org/?mlat=30.004215764869667&mlon=-90.25085039963642&zoom=16
address does not match a street: (None, '2640', 'Marietta Avenue') https://osm.org/?mlat=30.003225690480964&mlon=-90.25162316519584&zoom=16
address does not match a street: (None, '2635', 'Marietta Avenue') https://osm.org/?mlat=30.002960686885952&mlon=-90.25200884294104&zoom=16
address does not match a street: (None, '2625', 'Marietta Avenue') https://osm.org/?mlat=30.00276483896281&mlon=-90.25198582958299&zoom=16
address does not match a street: (None, '2641', 'Marietta Avenue') https://osm.org/?mlat=30.00317591248485&mlon=-90.25203164733192&zoom=16
address does not match a street: (None, '2643', 'Marietta Avenue') https://osm.org/?mlat=30.003347648545184&mlon=-90.25208724165378&zoom=16
address does not match a street: (None, '2651', 'Marietta Avenue') https://osm.org/?mlat=30.003506589820997&mlon=-90.25210706476105&zoom=16
address does not match a street: (None, '2620', 'Marietta Avenue') https://osm.org/?mlat=30.002708334444332&mlon=-90.2515756295764&zoom=16
address does not match a street: (None, '2601', 'Lexington Avenue') https://osm.org/?mlat=30.003112547237315&mlon=-90.25116689392478&zoom=16
address does not match a street: (None, '2659', 'Lexington Avenue') https://osm.org/?mlat=30.00370529346832&mlon=-90.2512602939952&zoom=16
address does not match a street: (None, '2669', 'Lexington Avenue') https://osm.org/?mlat=30.0039316628191&mlon=-90.25119391715815&zoom=16
address does not match a street: (None, '2612', 'Lexington Avenue') https://osm.org/?mlat=30.003329730379466&mlon=-90.25066753712237&zoom=16
address does not match a street: (None, '2600', 'Lexington Avenue') https://osm.org/?mlat=30.00324272936682&mlon=-90.25065411674498&zoom=16
address does not match a street: (None, '2530', 'Lexington Avenue') https://osm.org/?mlat=30.002663212444222&mlon=-90.25052274442997&zoom=16
address does not match a street: (None, '2735', 'Virginia Avenue') https://osm.org/?mlat=30.00625273187275&mlon=-90.24694769217261&zoom=16
address does not match a street: (None, '2709', 'Virginia Avenue') https://osm.org/?mlat=30.005013758260436&mlon=-90.24671986678582&zoom=16
address does not match a street: (None, '2727', 'Virginia Avenue') https://osm.org/?mlat=30.00573047071202&mlon=-90.24683631085122&zoom=16
address does not match a street: (None, '2731', 'Virginia Avenue') https://osm.org/?mlat=30.005866625609233&mlon=-90.24682189902599&zoom=16
address does not match a street: (None, '2661', 'Marietta Avenue') https://osm.org/?mlat=30.004060894399203&mlon=-90.25208669140339&zoom=16
address does not match a street: (None, '1509', 'Mayfield Street') https://osm.org/?mlat=30.01078816617945&mlon=-90.24781335129438&zoom=16
address does not match a street: (None, '1513', 'Mayfield Street') https://osm.org/?mlat=30.01073962317125&mlon=-90.24761204771845&zoom=16
address does not match a street: (None, '1517', 'Mayfield Street') https://osm.org/?mlat=30.010796791197684&mlon=-90.24741893035103&zoom=16
address does not match a street: (None, '1521', 'Mayfield Street') https://osm.org/?mlat=30.010822074629523&mlon=-90.24722544265381&zoom=16
address does not match a street: (None, '1601', 'Mayfield Street') https://osm.org/?mlat=30.010858905336626&mlon=-90.24691618833334&zoom=16
address does not match a street: (None, '1605', 'Mayfield Street') https://osm.org/?mlat=30.010841281329693&mlon=-90.24667432496162&zoom=16
address does not match a street: (None, '1609', 'Mayfield Street') https://osm.org/?mlat=30.01087884921462&mlon=-90.24653026342195&zoom=16
address does not match a street: (None, '1613', 'Mayfield Street') https://osm.org/?mlat=30.010892998622964&mlon=-90.24635126159603&zoom=16
address does not match a street: (None, '1617', 'Mayfield Street') https://osm.org/?mlat=30.010864239319112&mlon=-90.24619930313771&zoom=16
address does not match a street: (None, '1621', 'Mayfield Street') https://osm.org/?mlat=30.010921215467217&mlon=-90.24598320209793&zoom=16
address does not match a street: (None, '1616', 'Mayfield Street') https://osm.org/?mlat=30.01120066977896&mlon=-90.24628972771764&zoom=16
address does not match a street: (None, '1620', 'Mayfield Street') https://osm.org/?mlat=30.01123055312537&mlon=-90.24612348292756&zoom=16
address does not match a street: (None, '1624', 'Mayfield Street') https://osm.org/?mlat=30.01121370471958&mlon=-90.24597570352763&zoom=16
address does not match a street: (None, '1612', 'Mayfield Street') https://osm.org/?mlat=30.011190270588415&mlon=-90.2464686892328&zoom=16
address does not match a street: (None, '1608', 'Mayfield Street') https://osm.org/?mlat=30.0111914918321&mlon=-90.24661663896842&zoom=16
address does not match a street: (None, '1604', 'Mayfield Street') https://osm.org/?mlat=30.011165834997623&mlon=-90.246764881563&zoom=16
address does not match a street: (None, '1600', 'Mayfield Street') https://osm.org/?mlat=30.0111627161584&mlon=-90.2469171879249&zoom=16
address does not match a street: (None, '1524', 'Mayfield Street') https://osm.org/?mlat=30.011211727438315&mlon=-90.24710447858367&zoom=16
address does not match a street: (None, '1520', 'Mayfield Street') https://osm.org/?mlat=30.011126552997073&mlon=-90.24723146369811&zoom=16
address does not match a street: (None, '1516', 'Mayfield Street') https://osm.org/?mlat=30.011131559058384&mlon=-90.24738368150301&zoom=16
address does not match a street: (None, '1512', 'Mayfield Street') https://osm.org/?mlat=30.011122007714867&mlon=-90.2475899276453&zoom=16
address does not match a street: (None, '3038', 'Lexington Avenue') https://osm.org/?mlat=30.01071262791482&mlon=-90.25147084644273&zoom=16
address does not match a street: (None, '3034', 'Lexington Avenue') https://osm.org/?mlat=30.010552872691964&mlon=-90.25142804715263&zoom=16
address does not match a street: (None, '3030', 'Lexington Avenue') https://osm.org/?mlat=30.010435433560414&mlon=-90.25143794097154&zoom=16
address does not match a street: (None, '3022', 'Lexington Avenue') https://osm.org/?mlat=30.010306819413362&mlon=-90.25138115653739&zoom=16
address does not match a street: (None, '3012', 'Lexington Avenue') https://osm.org/?mlat=30.009986609241423&mlon=-90.25136236453464&zoom=16
address does not match a street: (None, '3108', 'Lexington Avenue') https://osm.org/?mlat=30.01186802173643&mlon=-90.2515703618108&zoom=16
address does not match a street: (None, '3112', 'Lexington Avenue') https://osm.org/?mlat=30.01199306825198&mlon=-90.25157331579985&zoom=16
address does not match a street: (None, '3044', 'Lexington Avenue') https://osm.org/?mlat=30.01098949087334&mlon=-90.25146353351005&zoom=16
address does not match a street: (None, '3000', 'Marietta Avenue') https://osm.org/?mlat=30.009638864687666&mlon=-90.25225318202281&zoom=16
address does not match a street: (None, '3011', 'Lexington Avenue') https://osm.org/?mlat=30.00990443472275&mlon=-90.2517841548663&zoom=16
address does not match a street: (None, '3024', 'Marietta Avenue') https://osm.org/?mlat=30.01031444148161&mlon=-90.25230906479159&zoom=16
address does not match a street: (None, '3034', 'Marietta Avenue') https://osm.org/?mlat=30.010521039997258&mlon=-90.25234704827137&zoom=16
address does not match a street: (None, '3038', 'Marietta Avenue') https://osm.org/?mlat=30.010630535655935&mlon=-90.25235950887081&zoom=16
address does not match a street: (None, '3042', 'Marietta Avenue') https://osm.org/?mlat=30.01082220345599&mlon=-90.25240627314038&zoom=16
address does not match a street: (None, '3033', 'Lexington Avenue') https://osm.org/?mlat=30.010509823125187&mlon=-90.25189466525993&zoom=16
address does not match a street: (None, '3007', 'Marietta Avenue') https://osm.org/?mlat=30.009739799259464&mlon=-90.25266939392583&zoom=16
address does not match a street: (None, '3112', 'Marietta Avenue') https://osm.org/?mlat=30.01179357829829&mlon=-90.25247690860886&zoom=16
address does not match a street: (None, '3116', 'Marietta Avenue') https://osm.org/?mlat=30.011911046960396&mlon=-90.25247060656214&zoom=16
