address does not match a street: (None, '1108', 'South Howard Avenue') https://osm.org/?mlat=29.975721588789792&mlon=-90.22640910312346&zoom=16
address does not match a street: (None, '1301', 'South Wilson Avenue') https://osm.org/?mlat=29.974902853959694&mlon=-90.2219460752586&zoom=16
address does not match a street: (None, '8200', 'Buras Street') https://osm.org/?mlat=29.980180724664816&mlon=-90.22658389424193&zoom=16
address does not match a street: (None, '1209', 'South Starrett Road') https://osm.org/?mlat=29.97796134842029&mlon=-90.23027343138227&zoom=16
address does not match a street: (None, '1438', 'South Wilson Avenue') https://osm.org/?mlat=29.977354404054857&mlon=-90.2204048413824&zoom=16
address does not match a street: (None, '1420', 'South Wilson Avenue') https://osm.org/?mlat=29.976876900139843&mlon=-90.22080644328821&zoom=16
address does not match a street: (None, '1346', 'South Wilson Avenue') https://osm.org/?mlat=29.976129625648404&mlon=-90.22149214054272&zoom=16
address does not match a street: (None, '1340', 'South Wilson Avenue') https://osm.org/?mlat=29.97603953677636&mlon=-90.22157424597516&zoom=16
address does not match a street: (None, '1421', 'South Wilson Avenue') https://osm.org/?mlat=29.97667214782292&mlon=-90.22043948672841&zoom=16
address does not match a street: (None, '1104', 'South Howard Avenue') https://osm.org/?mlat=29.975584582560362&mlon=-90.22646747825605&zoom=16
address does not match a street: (None, '1113', 'South Starrett Road') https://osm.org/?mlat=29.97729091936486&mlon=-90.23062002431853&zoom=16
address does not match a street: (None, '1105', 'South Starrett Road') https://osm.org/?mlat=29.977099171690437&mlon=-90.2306891989388&zoom=16
address does not match a street: (None, '1412', 'South Howard Avenue') https://osm.org/?mlat=29.977668992667574&mlon=-90.22518858524411&zoom=16
address does not match a street: (None, '8109', 'Buras Street') https://osm.org/?mlat=29.980777417776125&mlon=-90.22531702887512&zoom=16
address does not match a street: (None, '8113', 'Buras Street') https://osm.org/?mlat=29.980593878279436&mlon=-90.22539003612154&zoom=16
address does not match a street: (None, '8122', 'Buras Street') https://osm.org/?mlat=29.98007008494146&mlon=-90.22552693867608&zoom=16
address does not match a street: (None, '8126', 'Buras Street') https://osm.org/?mlat=29.98012926374629&mlon=-90.22569685404892&zoom=16
address does not match a street: (None, '8130', 'Buras Street') https://osm.org/?mlat=29.980122689078517&mlon=-90.22589592939958&zoom=16
address does not match a street: (None, '1435', 'South Wilson Avenue') https://osm.org/?mlat=29.976954716954534&mlon=-90.22005785473013&zoom=16
address does not match a street: (None, '1205', 'South Starrett Road') https://osm.org/?mlat=29.9778584404886&mlon=-90.23030143980223&zoom=16
address does not match a street: (None, '1304', 'South Howard Avenue') https://osm.org/?mlat=29.976892186375885&mlon=-90.22565067099328&zoom=16
address does not match a street: (None, '1316', 'South Howard Avenue') https://osm.org/?mlat=29.977242685037563&mlon=-90.22547305288049&zoom=16
address does not match a street: (None, '1400', 'South Howard Avenue') https://osm.org/?mlat=29.977349391073645&mlon=-90.22540869459543&zoom=16
address does not match a street: (None, '1408', 'South Howard Avenue') https://osm.org/?mlat=29.977551459522086&mlon=-90.22523903986699&zoom=16
address does not match a street: (None, '1408', 'South Wilson Avenue') https://osm.org/?mlat=29.976720163306826&mlon=-90.22094873745547&zoom=16
address does not match a street: (None, '1348', 'South Wilson Avenue') https://osm.org/?mlat=29.976196050160834&mlon=-90.221394850673&zoom=16
address does not match a street: (None, '1361', 'South Wilson Avenue') https://osm.org/?mlat=29.976134849488197&mlon=-90.22091664450969&zoom=16
address does not match a street: (None, '1401', 'South Wilson Avenue') https://osm.org/?mlat=29.976231956171247&mlon=-90.22086921749481&zoom=16
address does not match a street: (None, '1409', 'South Wilson Avenue') https://osm.org/?mlat=29.976415494297473&mlon=-90.22070496636604&zoom=16
address does not match a street: (None, '1339', 'South Wilson Avenue') https://osm.org/?mlat=29.975647555094323&mlon=-90.22134303362459&zoom=16
address does not match a street: (None, '8102', 'Buras Street') https://osm.org/?mlat=29.98065539114696&mlon=-90.2248223499101&zoom=16
address does not match a street: (None, '8106', 'Buras Street') https://osm.org/?mlat=29.980510429254355&mlon=-90.2249155649179&zoom=16
address does not match a street: (None, '8110', 'Buras Street') https://osm.org/?mlat=29.98036242504368&mlon=-90.22497406710879&zoom=16
address does not match a street: (None, '8208', 'Buras Street') https://osm.org/?mlat=29.980167492688985&mlon=-90.22697256859621&zoom=16
address does not match a street: (None, '1115', 'South Starrett Road') https://osm.org/?mlat=29.977256149243967&mlon=-90.2303921064292&zoom=16
address does not match a street: (None, '1300', 'South Howard Avenue') https://osm.org/?mlat=29.97680494065137&mlon=-90.22574008182349&zoom=16
address does not match a street: (None, '1212', 'South Howard Avenue') https://osm.org/?mlat=29.97649129701298&mlon=-90.22592059695326&zoom=16
address does not match a street: (None, '1204', 'South Howard Avenue') https://osm.org/?mlat=29.976243938099046&mlon=-90.22606533292245&zoom=16
address does not match a street: (None, '1116', 'South Howard Avenue') https://osm.org/?mlat=29.975934922986795&mlon=-90.2262709143641&zoom=16
address does not match a street: (None, '1112', 'South Howard Avenue') https://osm.org/?mlat=29.975800560250434&mlon=-90.22631662602198&zoom=16
address does not match a street: (None, '8134', 'Buras Street') https://osm.org/?mlat=29.98013797872909&mlon=-90.22607896724344&zoom=16
address does not match a street: (None, '1100', 'South Howard Avenue') https://osm.org/?mlat=29.975491730653008&mlon=-90.22654431497422&zoom=16
address does not match a street: (None, '1404', 'South Howard Avenue') https://osm.org/?mlat=29.97744531103674&mlon=-90.22536972530136&zoom=16
address does not match a street: (None, '1312', 'South Howard Avenue') https://osm.org/?mlat=29.97712220395401&mlon=-90.22553440534043&zoom=16
address does not match a street: (None, '1201', 'South Starrett Road') https://osm.org/?mlat=29.97775585285886&mlon=-90.23031480984385&zoom=16
address does not match a street: (None, '8205', 'Buras Street') https://osm.org/?mlat=29.98061660986445&mlon=-90.2267496316153&zoom=16
address does not match a street: (None, '8204', 'Buras Street') https://osm.org/?mlat=29.98017684522426&mlon=-90.22677662118346&zoom=16
address does not match a street: (None, '1123', 'South Starrett Road') https://osm.org/?mlat=29.977564514520104&mlon=-90.23050925812893&zoom=16
address does not match a street: (None, '1121', 'South Starrett Road') https://osm.org/?mlat=29.977522726037687&mlon=-90.23050766302849&zoom=16
address does not match a street: (None, '1101', 'South Starrett Road') https://osm.org/?mlat=29.97697827636255&mlon=-90.2306379594373&zoom=16
address does not match a street: (None, '1101', 'South Starrett Road') https://osm.org/?mlat=29.97700605791856&mlon=-90.23069694234341&zoom=16
address does not match a street: (None, '1308', 'South Howard Avenue') https://osm.org/?mlat=29.977007141562822&mlon=-90.22558622152441&zoom=16
address does not match a street: (None, '8125', 'Buras Street') https://osm.org/?mlat=29.980587702197198&mlon=-90.2258062410166&zoom=16
address does not match a street: (None, '1206', 'South Wilson Avenue') https://osm.org/?mlat=29.975027210772804&mlon=-90.22233861004467&zoom=16
address does not match a street: (None, '1220', 'South Howard Avenue') https://osm.org/?mlat=29.976731390143293&mlon=-90.22582302316764&zoom=16
address does not match a street: (None, '1200', 'South Howard Avenue') https://osm.org/?mlat=29.97614836241563&mlon=-90.22614535938065&zoom=16
address does not match a street: (None, '8114', 'Buras Street') https://osm.org/?mlat=29.98023700246846&mlon=-90.22510181084488&zoom=16
address does not match a street: (None, '1353', 'South Wilson Avenue') https://osm.org/?mlat=29.975984930687382&mlon=-90.22108051995082&zoom=16
address does not match a street: (None, '1425', 'South Wilson Avenue') https://osm.org/?mlat=29.976749016536626&mlon=-90.22038456018497&zoom=16
address does not match a street: (None, '1447', 'South Wilson Avenue') https://osm.org/?mlat=29.977141844965868&mlon=-90.21992059596857&zoom=16
address does not match a street: (None, '1429', 'South Wilson Avenue') https://osm.org/?mlat=29.976825493351583&mlon=-90.22028329451005&zoom=16
address does not match a street: (None, '1120', 'South Howard Avenue') https://osm.org/?mlat=29.976044671359038&mlon=-90.22624126885624&zoom=16
address does not match a street: (None, '8118', 'Buras Street') https://osm.org/?mlat=29.980101220101393&mlon=-90.22530548038425&zoom=16
address does not match a street: (None, '1208', 'South Howard Avenue') https://osm.org/?mlat=29.97636933913341&mlon=-90.22599635896098&zoom=16
address has no house number: (None, None, 'South Howard Avenue') https://osm.org/?mlat=29.976347788462867&mlon=-90.22598837309107&zoom=16
address does not match a street: (None, None, 'South Howard Avenue') https://osm.org/?mlat=29.976347788462867&mlon=-90.22598837309107&zoom=16
address does not match a street: (None, '1455', 'South Wilson Avenue') https://osm.org/?mlat=29.97725569527453&mlon=-90.21986525598817&zoom=16
address does not match a street: (None, '1357', 'South Wilson Avenue') https://osm.org/?mlat=29.97596962233766&mlon=-90.22086055714435&zoom=16
address does not match a street: (None, '1405', 'South Wilson Avenue') https://osm.org/?mlat=29.976301839477497&mlon=-90.2207834743247&zoom=16
address does not match a street: (None, '1310', 'South Wilson Avenue') https://osm.org/?mlat=29.975173635816905&mlon=-90.222126736921&zoom=16
address does not match a street: (None, '1115', 'South Starrett Road') https://osm.org/?mlat=29.977333462191076&mlon=-90.2305382858849&zoom=16
address does not match a street: (None, '1119', 'South Starrett Road') https://osm.org/?mlat=29.977441622911694&mlon=-90.23055518516426&zoom=16
address does not match a street: (None, '1109', 'South Starrett Road') https://osm.org/?mlat=29.97716966024785&mlon=-90.2306115135868&zoom=16
address does not match a street: (None, '1412', 'South Wilson Avenue') https://osm.org/?mlat=29.97681254519466&mlon=-90.22089075322437&zoom=16
address does not match a street: (None, '1411', 'South Wilson Avenue') https://osm.org/?mlat=29.976505648276408&mlon=-90.22064353844358&zoom=16
address does not match a street: (None, '1413', 'South Wilson Avenue') https://osm.org/?mlat=29.976585356547332&mlon=-90.22051383324157&zoom=16
address does not match a street: (None, '1457', 'South Wilson Avenue') https://osm.org/?mlat=29.977028157957466&mlon=-90.21999524345209&zoom=16
address does not match a street: (None, '1129', 'South Starrett Road') https://osm.org/?mlat=29.9776278350711&mlon=-90.23046152522242&zoom=16
address does not match a street: (None, '1431', 'South Wilson Avenue') https://osm.org/?mlat=29.976895475150016&mlon=-90.22020913517905&zoom=16
address does not match a street: (None, '1400', 'South Wilson Avenue') https://osm.org/?mlat=29.97653326175231&mlon=-90.2211130261332&zoom=16
address does not match a street: (None, '1424', 'South Wilson Avenue') https://osm.org/?mlat=29.976957430800617&mlon=-90.22072149271557&zoom=16
address has no house number: (None, None, 'Warsaw Street') https://osm.org/?mlat=29.975154984252708&mlon=-90.2226646757186&zoom=16
address has no house number: (None, None, 'South Wilson Avenue') https://osm.org/?mlat=29.97576032936584&mlon=-90.22111351488347&zoom=16
address does not match a street: (None, None, 'South Wilson Avenue') https://osm.org/?mlat=29.97576032936584&mlon=-90.22111351488347&zoom=16
address does not match a street: (None, '1336', 'South Wilson Avenue') https://osm.org/?mlat=29.975879436079907&mlon=-90.22161917310291&zoom=16
address does not match a street: (None, '1404', 'South Wilson Avenue') https://osm.org/?mlat=29.976618171805647&mlon=-90.22101396675946&zoom=16
address does not match a street: (None, '1349', 'South Wilson Avenue') https://osm.org/?mlat=29.97589636236151&mlon=-90.22116444810537&zoom=16
address has no house number: (None, None, 'South Starrett Road') https://osm.org/?mlat=29.978053065088936&mlon=-90.2301643400729&zoom=16
address does not match a street: (None, None, 'South Starrett Road') https://osm.org/?mlat=29.978053065088936&mlon=-90.2301643400729&zoom=16
address does not match a street: (None, '1428', 'South Wilson Avenue') https://osm.org/?mlat=29.97723157783942&mlon=-90.22059158919936&zoom=16
address does not match a street: (None, '1216', 'South Howard Avenue') https://osm.org/?mlat=29.976577778879573&mlon=-90.22586895051766&zoom=16
address does not match a street: (None, '8123', 'Buras Street') https://osm.org/?mlat=29.980530324283993&mlon=-90.22562098666246&zoom=16
address has no house number: (None, None, 'Airline Drive') https://osm.org/?mlat=29.97543505449324&mlon=-90.22935695033335&zoom=16
