address does not match a street: (None, '3928', 'I-10 Service Road West') https://osm.org/?mlat=29.99786031854561&mlon=-90.17510330809654&zoom=16
address does not match a street: (None, '3801', 'West Napoleon Avenue North') https://osm.org/?mlat=29.993220950586583&mlon=-90.16485097867128&zoom=16
address does not match a street: (None, '3106', 'Orris Lane') https://osm.org/?mlat=30.00192747617104&mlon=-90.16618336911496&zoom=16
address does not match a street: (None, '3108', 'Orris Lane') https://osm.org/?mlat=30.001946980141728&mlon=-90.16614865840182&zoom=16
address does not match a street: (None, '3102', 'Orris Lane') https://osm.org/?mlat=30.001785678194192&mlon=-90.16618186908686&zoom=16
address does not match a street: (None, '3104', 'Orris Lane') https://osm.org/?mlat=30.00180938169553&mlon=-90.1661372567123&zoom=16
address does not match a street: (None, '3725', 'Diane Place') https://osm.org/?mlat=30.00162862470743&mlon=-90.16601115015918&zoom=16
address does not match a street: (None, '3727', 'Diane Place') https://osm.org/?mlat=30.001636675242317&mlon=-90.16595194272934&zoom=16
address does not match a street: (None, '3731', 'Diane Place') https://osm.org/?mlat=30.001655882061776&mlon=-90.16618338805762&zoom=16
address does not match a street: (None, '3729', 'Diane Place') https://osm.org/?mlat=30.00163409164869&mlon=-90.16614409087325&zoom=16
address does not match a street: (None, '3737', 'Diane Place') https://osm.org/?mlat=30.001633478492913&mlon=-90.16664327329197&zoom=16
address does not match a street: (None, '3720', 'South I 10 Service Road') https://osm.org/?mlat=29.99725147708032&mlon=-90.16557987212558&zoom=16
address does not match a street: (None, '3722', 'South I 10 Service Road') https://osm.org/?mlat=29.997297583227216&mlon=-90.16557563296477&zoom=16
address does not match a street: (None, '3728', 'Diane Place') https://osm.org/?mlat=30.001264397037765&mlon=-90.16618165060825&zoom=16
address does not match a street: (None, '3730', 'Diane Place') https://osm.org/?mlat=30.00130992974668&mlon=-90.16618111775244&zoom=16
address does not match a street: (None, '3107', 'Orris Lane') https://osm.org/?mlat=30.001836780472452&mlon=-90.16549566825447&zoom=16
address does not match a street: (None, '3705', 'Diane Place') https://osm.org/?mlat=30.00157543412142&mlon=-90.1648946138498&zoom=16
address does not match a street: (None, '3707', 'Diane Place') https://osm.org/?mlat=30.001600594138253&mlon=-90.16491077454172&zoom=16
address does not match a street: (None, '3716', 'Diane Place') https://osm.org/?mlat=30.001257188507672&mlon=-90.16556880320432&zoom=16
address does not match a street: (None, '3708', 'South I 10 Service Road') https://osm.org/?mlat=29.997218231590423&mlon=-90.16511376162782&zoom=16
address does not match a street: (None, '3710', 'South I 10 Service Road') https://osm.org/?mlat=29.997267696385347&mlon=-90.16511742057722&zoom=16
address does not match a street: (None, '3713', 'Diane Place') https://osm.org/?mlat=30.001579743791286&mlon=-90.16535018300564&zoom=16
address does not match a street: (None, '3736', 'South I 10 Service Road') https://osm.org/?mlat=29.997285767971015&mlon=-90.16621719019535&zoom=16
address does not match a street: (None, '3738', 'South I 10 Service Road') https://osm.org/?mlat=29.997335583439774&mlon=-90.16620759161164&zoom=16
address does not match a street: (None, '3732', 'South I 10 Service Road') https://osm.org/?mlat=29.99727061314291&mlon=-90.16603613008786&zoom=16
address does not match a street: (None, '3734', 'South I 10 Service Road') https://osm.org/?mlat=29.997327893308317&mlon=-90.16605133399872&zoom=16
address does not match a street: (None, '3801', 'West Napoleon Avenue North') https://osm.org/?mlat=29.993287736041605&mlon=-90.16526146136212&zoom=16
address does not match a street: (None, '3724', 'South I 10 Service Road') https://osm.org/?mlat=29.997273659672146&mlon=-90.16571767676761&zoom=16
address does not match a street: (None, '3726', 'South I 10 Service Road') https://osm.org/?mlat=29.997283681823145&mlon=-90.16576593275995&zoom=16
address does not match a street: (None, '3714', 'South  I -10 Service Road') https://osm.org/?mlat=29.997290328558353&mlon=-90.16527838505215&zoom=16
address does not match a street: (None, '3712', 'South I-10 Service Road') https://osm.org/?mlat=29.997203212643768&mlon=-90.16526558435214&zoom=16
address does not match a street: (None, '3708', 'Diane Place') https://osm.org/?mlat=30.001203742647913&mlon=-90.16512394759474&zoom=16
address does not match a street: (None, '3710', 'Diane Place') https://osm.org/?mlat=30.00124498757635&mlon=-90.16512346448043&zoom=16
address does not match a street: (None, '3712', 'Diane Place') https://osm.org/?mlat=30.00123039569113&mlon=-90.16533847705222&zoom=16
address does not match a street: (None, '3714', 'Diane Place') https://osm.org/?mlat=30.001271640620224&mlon=-90.1653379940265&zoom=16
address does not match a street: (None, '3724', 'Diane Place') https://osm.org/?mlat=30.00127177342445&mlon=-90.16597304039678&zoom=16
address does not match a street: (None, '3734', 'Diane Place') https://osm.org/?mlat=30.001327004311882&mlon=-90.166382748857&zoom=16
address does not match a street: (None, '3732', 'Diane Place') https://osm.org/?mlat=30.001281516162567&mlon=-90.16638820683642&zoom=16
address does not match a street: (None, '3711', 'Diane Place') https://osm.org/?mlat=30.001624497874737&mlon=-90.16512533803999&zoom=16
address does not match a street: (None, '3709', 'Diane Place') https://osm.org/?mlat=30.00158325294864&mlon=-90.16512582115536&zoom=16
address does not match a street: (None, '3733', 'Diane Place') https://osm.org/?mlat=30.001657814421208&mlon=-90.16640136744606&zoom=16
address does not match a street: (None, '3801', 'West Napoleon Avenue North') https://osm.org/?mlat=29.993298389746563&mlon=-90.16608841695434&zoom=16
address does not match a street: (None, '3718', 'South I 10 Service Road') https://osm.org/?mlat=29.997230550500454&mlon=-90.16542114936101&zoom=16
address does not match a street: (None, '3716', 'South I 10 Service Road') https://osm.org/?mlat=29.99727909098485&mlon=-90.16541896295263&zoom=16
address does not match a street: (None, '3704', 'Diane Place') https://osm.org/?mlat=30.00119978785038&mlon=-90.16492494846706&zoom=16
address does not match a street: (None, '3706', 'Diane Place') https://osm.org/?mlat=30.001245320554645&mlon=-90.16492441503789&zoom=16
address does not match a street: (None, '3723', 'Diane Place') https://osm.org/?mlat=30.001655927311894&mlon=-90.16570541197505&zoom=16
address does not match a street: (None, '3721', 'Diane Place') https://osm.org/?mlat=30.001627017126523&mlon=-90.16571928590037&zoom=16
address does not match a street: (None, '3730', 'South I 10 Service Road') https://osm.org/?mlat=29.99724934558624&mlon=-90.16588426984075&zoom=16
address does not match a street: (None, '3728', 'South I 10 Service Road') https://osm.org/?mlat=29.99730761934796&mlon=-90.16589044638414&zoom=16
address does not match a street: (None, '3704', 'South I 10 Service Road') https://osm.org/?mlat=29.99725127270298&mlon=-90.16495224876905&zoom=16
address does not match a street: (None, '3706', 'South I 10 Service Road') https://osm.org/?mlat=29.997204529538543&mlon=-90.16494539974728&zoom=16
address does not match a street: (None, '4025', 'West Napoleon Avenue North') https://osm.org/?mlat=29.99366350976095&mlon=-90.17228974884529&zoom=16
address does not match a street: (None, '4025', 'West Napoleon Avenue North') https://osm.org/?mlat=29.993738974288537&mlon=-90.1724270002636&zoom=16
address does not match a street: (None, '3801', 'West Napoleon Avenue North') https://osm.org/?mlat=29.993314744356017&mlon=-90.16568802479551&zoom=16
address does not match a street: (None, '3740', 'South I 10 Service Road') https://osm.org/?mlat=29.997298833567545&mlon=-90.16636706623575&zoom=16
address does not match a street: (None, '3742', 'South I 10 Service Road') https://osm.org/?mlat=29.99735932707383&mlon=-90.1663663584391&zoom=16
address does not match a street: (None, '3801', 'West Napoleon Avenue North') https://osm.org/?mlat=29.99313019446257&mlon=-90.16584649934128&zoom=16
address does not match a street: (None, '3750', 'West Napoleon Avenue South') https://osm.org/?mlat=29.993079198917957&mlon=-90.16946669346396&zoom=16
address does not match a street: (None, '3913', 'North I-10 Service Road') https://osm.org/?mlat=29.998860375941813&mlon=-90.17239720418524&zoom=16
address does not match a street: (None, '4013', 'North I-10 Service Road') https://osm.org/?mlat=29.999437307935278&mlon=-90.175119797383&zoom=16
address does not match a street: (None, '3945', 'North I 10 Service Road') https://osm.org/?mlat=29.998914137727148&mlon=-90.17368951662104&zoom=16
address does not match a street: (None, '3945', 'North I 10 Service Road') https://osm.org/?mlat=29.998898313000687&mlon=-90.17371841057405&zoom=16
address does not match a street: (None, '3945', 'North I 10 Service Road') https://osm.org/?mlat=29.998929378554088&mlon=-90.17371171200035&zoom=16
address does not match a street: (None, '3945', 'North I-10 Service Road') https://osm.org/?mlat=29.99886919154961&mlon=-90.17369538773708&zoom=16
address does not match a street: (None, '3945', 'North I-10 Service Road') https://osm.org/?mlat=29.998909100886433&mlon=-90.1735106266605&zoom=16
