address does not match a street: (None, '737', 'Gladstone Court') https://osm.org/?mlat=29.894564886642648&mlon=-90.00979177267857&zoom=16
address does not match a street: (None, '739', 'Gladstone Court') https://osm.org/?mlat=29.894582480984166&mlon=-90.0098226759754&zoom=16
address does not match a street: (None, '745', 'Gladstone Court') https://osm.org/?mlat=29.89423573616489&mlon=-90.00982487952733&zoom=16
address does not match a street: (None, '747', 'Gladstone Court') https://osm.org/?mlat=29.8942018750358&mlon=-90.00980533150478&zoom=16
address does not match a street: (None, '729', 'Gladstone Court') https://osm.org/?mlat=29.89491128132712&mlon=-90.0097808684337&zoom=16
address does not match a street: (None, '731', 'Gladstone Court') https://osm.org/?mlat=29.894874799188994&mlon=-90.00979081316898&zoom=16
address does not match a street: (None, '733', 'Gladstone Court') https://osm.org/?mlat=29.89473533387461&mlon=-90.00978635702275&zoom=16
address does not match a street: (None, '735', 'Gladstone Court') https://osm.org/?mlat=29.894762861244793&mlon=-90.00981468705709&zoom=16
address does not match a street: (None, '743', 'Gladstone Court') https://osm.org/?mlat=29.89439744916858&mlon=-90.00985311641941&zoom=16
address does not match a street: (None, '741', 'Gladstone Court') https://osm.org/?mlat=29.89439175326743&mlon=-90.00980353612829&zoom=16
address does not match a street: (None, '725', 'Gladstone Court') https://osm.org/?mlat=29.89508438292804&mlon=-90.00976594918075&zoom=16
address does not match a street: (None, '727', 'Gladstone Court') https://osm.org/?mlat=29.895108992087195&mlon=-90.00979890410807&zoom=16
address does not match a street: (None, '724', 'Eton Court') https://osm.org/?mlat=29.895118338294253&mlon=-90.00943149031788&zoom=16
address does not match a street: (None, '728', 'Eton Court') https://osm.org/?mlat=29.89493318376019&mlon=-90.00946917951283&zoom=16
address does not match a street: (None, '732', 'Eton Court') https://osm.org/?mlat=29.894758575129732&mlon=-90.00936119959295&zoom=16
address does not match a street: (None, '740', 'Eton Court') https://osm.org/?mlat=29.89442233386134&mlon=-90.00937331777828&zoom=16
address does not match a street: (None, '736', 'Eton Court') https://osm.org/?mlat=29.89460689344153&mlon=-90.0094091671959&zoom=16
address does not match a street: (None, '741', 'Eton Court') https://osm.org/?mlat=29.894402030893477&mlon=-90.00894772649343&zoom=16
address does not match a street: (None, '737', 'Eton Court') https://osm.org/?mlat=29.894571524760583&mlon=-90.00894547815939&zoom=16
address does not match a street: (None, '733', 'Eton Court') https://osm.org/?mlat=29.894744976848266&mlon=-90.00893858085924&zoom=16
address does not match a street: (None, '729', 'Eton Court') https://osm.org/?mlat=29.89491124600241&mlon=-90.00888122811197&zoom=16
address does not match a street: (None, '725', 'Eton Court') https://osm.org/?mlat=29.89510052739784&mlon=-90.00885573895492&zoom=16
address does not match a street: (None, '721', 'Eton Court') https://osm.org/?mlat=29.895255657376946&mlon=-90.00901759263648&zoom=16
address does not match a street: (None, '720', 'Eton Court') https://osm.org/?mlat=29.895256712866765&mlon=-90.00925502042328&zoom=16
address does not match a street: (None, '700', 'Gladstone Court') https://osm.org/?mlat=29.895349376120784&mlon=-90.01015073880993&zoom=16
address does not match a street: (None, '2461', 'Avenue Mont Martre') https://osm.org/?mlat=29.89640663377881&mlon=-90.01012869864732&zoom=16
address does not match a street: (None, '2472', 'Avenue Mont Martre') https://osm.org/?mlat=29.896134234879877&mlon=-90.01021271836527&zoom=16
address does not match a street: (None, '2466', 'Avenue Mont Martre') https://osm.org/?mlat=29.896061447087227&mlon=-90.01066093637192&zoom=16
address does not match a street: (None, '2453', 'Avenue Mont Martre') https://osm.org/?mlat=29.896426387068214&mlon=-90.01069934771938&zoom=16
address does not match a street: (None, '2462', 'Avenue Mont Martre') https://osm.org/?mlat=29.896109791377583&mlon=-90.01083466212651&zoom=16
address has no house number: (None, None, 'Rue Saint Louis') https://osm.org/?mlat=29.896568500685554&mlon=-90.0107651953373&zoom=16
address does not match a street: (None, None, 'Rue Saint Louis') https://osm.org/?mlat=29.896568500685554&mlon=-90.0107651953373&zoom=16
address does not match a street: (None, '2476', 'Avenue Mont Martre') https://osm.org/?mlat=29.89607584642322&mlon=-90.00998030428607&zoom=16
address does not match a street: (None, '763', 'Rue SaintMichael') https://osm.org/?mlat=29.897768770639637&mlon=-90.00977455583381&zoom=16
address has no house number: (None, None, 'Rue SaintMichael') https://osm.org/?mlat=29.897496532086894&mlon=-90.01006590515755&zoom=16
address does not match a street: (None, None, 'Rue SaintMichael') https://osm.org/?mlat=29.897496532086894&mlon=-90.01006590515755&zoom=16
address does not match a street: (None, '775', 'Rue SaintMichael') https://osm.org/?mlat=29.897224900062962&mlon=-90.00980983825312&zoom=16
address does not match a street: (None, '771', 'Rue SaintMichael') https://osm.org/?mlat=29.897408251984697&mlon=-90.00980038900173&zoom=16
address does not match a street: (None, '779', 'Rue SaintMichael') https://osm.org/?mlat=29.89707816220068&mlon=-90.00981178351132&zoom=16
address does not match a street: (None, '2468', 'Avenue Mont Martre') https://osm.org/?mlat=29.896143181107984&mlon=-90.01040558307015&zoom=16
address does not match a street: (None, '2480', 'Avenue Mont Martre') https://osm.org/?mlat=29.89615096268896&mlon=-90.00978632534235&zoom=16
address does not match a street: (None, '2469', 'Rue Saint Louis') https://osm.org/?mlat=29.89671481861804&mlon=-90.01081614162314&zoom=16
address does not match a street: (None, '2457', 'Avenue Mont Martre') https://osm.org/?mlat=29.896410192777388&mlon=-90.01048245473213&zoom=16
address does not match a street: (None, '2486', 'Avenue Mont Martre') https://osm.org/?mlat=29.89638230080166&mlon=-90.00979934068285&zoom=16
address does not match a street: (None, '2490', 'Avenue Mont Martre') https://osm.org/?mlat=29.896543585711033&mlon=-90.00981328475031&zoom=16
address does not match a street: (None, '2465', 'Rue Saint Louis') https://osm.org/?mlat=29.896856219547516&mlon=-90.0109429253112&zoom=16
address does not match a street: (None, '767', 'Rue SaintMichael') https://osm.org/?mlat=29.897585418727736&mlon=-90.00978400516676&zoom=16
address does not match a street: (None, '2465', 'Avenue Mont Martre') https://osm.org/?mlat=29.89660962751971&mlon=-90.01010992609682&zoom=16
