address does not match a street: (None, '32', 'Platt Drive') https://osm.org/?mlat=30.04696063959737&mlon=-90.27414707322114&zoom=16
address does not match a street: (None, '24', 'Platt Drive') https://osm.org/?mlat=30.046045217198984&mlon=-90.27419128863474&zoom=16
address does not match a street: (None, '59', 'Mc Kinley Street') https://osm.org/?mlat=30.045438827604205&mlon=-90.2733319248893&zoom=16
address does not match a street: (None, '95', 'Mc Kinley Street') https://osm.org/?mlat=30.045467114637734&mlon=-90.27102376562098&zoom=16
address does not match a street: (None, '79', 'Mc Kinley Street') https://osm.org/?mlat=30.04543437470922&mlon=-90.27208032643492&zoom=16
address does not match a street: (None, '87', 'Mc Kinley Street') https://osm.org/?mlat=30.045435669055824&mlon=-90.27154286634003&zoom=16
address does not match a street: (None, '107', 'Mc Kinley Street') https://osm.org/?mlat=30.045425213986718&mlon=-90.27024678288801&zoom=16
address does not match a street: (None, '92', 'Mc Kinley Street') https://osm.org/?mlat=30.045910902071327&mlon=-90.27117423626763&zoom=16
address does not match a street: (None, '18', 'Platt Drive') https://osm.org/?mlat=30.045459087820742&mlon=-90.2741407530743&zoom=16
address does not match a street: (None, '8', 'Platt Drive') https://osm.org/?mlat=30.04414051710774&mlon=-90.27426828579142&zoom=16
address does not match a street: (None, '35', 'Platt Drive') https://osm.org/?mlat=30.047465343171798&mlon=-90.27464396062369&zoom=16
address does not match a street: (None, '83', 'Mc Kinley Street') https://osm.org/?mlat=30.045448356837827&mlon=-90.27179852131769&zoom=16
address does not match a street: (None, '30', 'Platt Drive') https://osm.org/?mlat=30.04671874464746&mlon=-90.2741496433584&zoom=16
address does not match a street: (None, '23', 'Platt Drive') https://osm.org/?mlat=30.046123104286718&mlon=-90.27462660063792&zoom=16
address does not match a street: (None, '10', 'Platt Drive') https://osm.org/?mlat=30.044356982331546&mlon=-90.27421281714061&zoom=16
address does not match a street: (None, '51', 'Mc Kinley Street') https://osm.org/?mlat=30.0454049424937&mlon=-90.27385967226547&zoom=16
address does not match a street: (None, '63', 'Mc Kinley Street') https://osm.org/?mlat=30.045475516464087&mlon=-90.27307502597274&zoom=16
address does not match a street: (None, '14', 'Platt Drive') https://osm.org/?mlat=30.04501948493589&mlon=-90.27419931183049&zoom=16
address does not match a street: (None, '16', 'Platt Drive') https://osm.org/?mlat=30.0452449260146&mlon=-90.27417176921516&zoom=16
address does not match a street: (None, '99', 'Mc Kinley Street') https://osm.org/?mlat=30.04545382337068&mlon=-90.27077099170444&zoom=16
address does not match a street: (None, '82', 'Mc Kinley Street') https://osm.org/?mlat=30.04593203556328&mlon=-90.27170211866489&zoom=16
address does not match a street: (None, '22', 'Platt Drive') https://osm.org/?mlat=30.04583829105472&mlon=-90.27411157644221&zoom=16
address does not match a street: (None, '26', 'Platt Drive') https://osm.org/?mlat=30.04631023346591&mlon=-90.27411015413622&zoom=16
address does not match a street: (None, '2', 'Platt Drive') https://osm.org/?mlat=30.04362332189585&mlon=-90.27462799992078&zoom=16
address does not match a street: (None, '54', 'Mc Kinley Street') https://osm.org/?mlat=30.045843573244248&mlon=-90.2737580113399&zoom=16
address does not match a street: (None, '28', 'Platt Drive') https://osm.org/?mlat=30.046447392346728&mlon=-90.27406486708328&zoom=16
address does not match a street: (None, '58', 'Mc Kinley Street') https://osm.org/?mlat=30.045962289465013&mlon=-90.27351820266988&zoom=16
address does not match a street: (None, '75', 'Mc Kinley Street') https://osm.org/?mlat=30.045436250145883&mlon=-90.27231310394389&zoom=16
address does not match a street: (None, '4408', 'Rue SaintMartin') https://osm.org/?mlat=30.044585270499365&mlon=-90.2660201515741&zoom=16
address does not match a street: (None, '4424', 'Rue SaintMartin') https://osm.org/?mlat=30.045390026894744&mlon=-90.26597345442813&zoom=16
address does not match a street: (None, '433', 'Rue de la Rivere') https://osm.org/?mlat=30.04637950170141&mlon=-90.26411554927178&zoom=16
address does not match a street: (None, '437', 'Rue de la Rivere') https://osm.org/?mlat=30.046472373588426&mlon=-90.26392845747806&zoom=16
address does not match a street: (None, '4436', 'Rue SaintMartin') https://osm.org/?mlat=30.04600973396926&mlon=-90.26592442704428&zoom=16
address does not match a street: (None, '4429', 'Rue Plac Pontchartrain') https://osm.org/?mlat=30.04559781326121&mlon=-90.26546467898764&zoom=16
address does not match a street: (None, '29', 'Platt Drive') https://osm.org/?mlat=30.046816412807736&mlon=-90.27463504492196&zoom=16
address does not match a street: (None, '4417', 'Rue SaintMartin') https://osm.org/?mlat=30.04481585774221&mlon=-90.26655081521686&zoom=16
address does not match a street: (None, '4413', 'Rue SaintMartin') https://osm.org/?mlat=30.044667182471414&mlon=-90.2665631837632&zoom=16
address does not match a street: (None, '4405', 'Rue SaintMartin') https://osm.org/?mlat=30.044249413700697&mlon=-90.26661579378904&zoom=16
address does not match a street: (None, '4412', 'Rue SaintMartin') https://osm.org/?mlat=30.044779904388655&mlon=-90.26609436431347&zoom=16
address does not match a street: (None, '4420', 'Rue SaintMartin') https://osm.org/?mlat=30.045172099421098&mlon=-90.26600237249002&zoom=16
address does not match a street: (None, '4428', 'Rue SaintMartin') https://osm.org/?mlat=30.045567962328807&mlon=-90.26594640174078&zoom=16
address does not match a street: (None, '4432', 'Rue SaintMartin') https://osm.org/?mlat=30.04575355609751&mlon=-90.26593866638454&zoom=16
address does not match a street: (None, '4401', 'Rue Plac Pontchartrain') https://osm.org/?mlat=30.044157452516696&mlon=-90.2656812885919&zoom=16
address does not match a street: (None, '4405', 'Rue Plac Pontchartrain') https://osm.org/?mlat=30.044352720178985&mlon=-90.26563321261419&zoom=16
address does not match a street: (None, '4409', 'Rue Plac Pontchartrain') https://osm.org/?mlat=30.044586186785114&mlon=-90.2655933499858&zoom=16
address does not match a street: (None, '4413', 'Rue Plac Pontchartrain') https://osm.org/?mlat=30.044753490249718&mlon=-90.2655656920715&zoom=16
address does not match a street: (None, '4417', 'Rue Plac Pontchartrain') https://osm.org/?mlat=30.044968946984593&mlon=-90.26554039183003&zoom=16
address does not match a street: (None, '4425', 'Rue Plac Pontchartrain') https://osm.org/?mlat=30.045339987979556&mlon=-90.26550695814934&zoom=16
address does not match a street: (None, '4433', 'Rue Plac Pontchartrain') https://osm.org/?mlat=30.045816435670996&mlon=-90.26544437392486&zoom=16
address does not match a street: (None, '4437', 'Rue SaintMartin') https://osm.org/?mlat=30.045861985373286&mlon=-90.26643687297793&zoom=16
address does not match a street: (None, '4433', 'Rue SaintMartin') https://osm.org/?mlat=30.045662756932938&mlon=-90.26645912323067&zoom=16
address does not match a street: (None, '4429', 'Rue SaintMartin') https://osm.org/?mlat=30.04544481772957&mlon=-90.26648660417399&zoom=16
address does not match a street: (None, '4425', 'Rue SaintMartin') https://osm.org/?mlat=30.04528993331806&mlon=-90.26650406883837&zoom=16
address does not match a street: (None, '436', 'Rue de la Rivere') https://osm.org/?mlat=30.04692262981314&mlon=-90.26410469427876&zoom=16
address does not match a street: (None, '4437', 'Rue Plac Pontchartrain') https://osm.org/?mlat=30.045996982341318&mlon=-90.26543094349515&zoom=16
address does not match a street: (None, '4416', 'Rue SaintMartin') https://osm.org/?mlat=30.045042135856264&mlon=-90.26600951207973&zoom=16
address does not match a street: (None, '4409', 'Rue SaintMartin') https://osm.org/?mlat=30.04442116832341&mlon=-90.26659743032009&zoom=16
address does not match a street: (None, '416', 'Rue de la Rivere') https://osm.org/?mlat=30.046423060115504&mlon=-90.26524674942665&zoom=16
address does not match a street: (None, '440', 'Rue de la Rivere') https://osm.org/?mlat=30.047082960776883&mlon=-90.26383424735049&zoom=16
address does not match a street: (None, '4401', 'Rue SaintMartin') https://osm.org/?mlat=30.043996110421702&mlon=-90.26659910511654&zoom=16
address does not match a street: (None, '4441', 'Rue SaintMartin') https://osm.org/?mlat=30.046073795976817&mlon=-90.26642454704722&zoom=16
address does not match a street: (None, '4400', 'Rue SaintMartin') https://osm.org/?mlat=30.044154270380037&mlon=-90.26605997308651&zoom=16
address does not match a street: (None, '4404', 'Rue SaintMartin') https://osm.org/?mlat=30.044334718187237&mlon=-90.26603433023618&zoom=16
address does not match a street: (None, '4404', 'Rue Plac Pontchartrain') https://osm.org/?mlat=30.04458514208961&mlon=-90.2650020313343&zoom=16
address does not match a street: (None, '4408', 'Rue Plac Pontchartrain') https://osm.org/?mlat=30.044832993838924&mlon=-90.26504032965467&zoom=16
address does not match a street: (None, '4416', 'Rue Plac Pontchartrain') https://osm.org/?mlat=30.045227933263643&mlon=-90.26502460111928&zoom=16
address does not match a street: (None, '4424', 'Rue Plac Pontchartrain') https://osm.org/?mlat=30.045628077794234&mlon=-90.2649570842371&zoom=16
address does not match a street: (None, '421', 'Rue de la Rivere') https://osm.org/?mlat=30.04609437426245&mlon=-90.2647990427099&zoom=16
address does not match a street: (None, '429', 'Rue de la Rivere') https://osm.org/?mlat=30.046266877225918&mlon=-90.2644106310513&zoom=16
address does not match a street: (None, '404', 'Rue de la Rivere') https://osm.org/?mlat=30.04635767282397&mlon=-90.2662799607326&zoom=16
address does not match a street: (None, '408', 'Rue de la Rivere') https://osm.org/?mlat=30.046412193250468&mlon=-90.26583389562597&zoom=16
address does not match a street: (None, '412', 'Rue de la Rivere') https://osm.org/?mlat=30.046399472523195&mlon=-90.26549848393954&zoom=16
address does not match a street: (None, '441', 'Rue de la Rivere') https://osm.org/?mlat=30.046576630608627&mlon=-90.26368088635404&zoom=16
address does not match a street: (None, '425', 'Rue de la Rivere') https://osm.org/?mlat=30.046172835935298&mlon=-90.26460779466011&zoom=16
address does not match a street: (None, '432', 'Rue de la Rivere') https://osm.org/?mlat=30.04682548063873&mlon=-90.26430404878289&zoom=16
address does not match a street: (None, '428', 'Rue de la Rivere') https://osm.org/?mlat=30.046734361295734&mlon=-90.26447603338293&zoom=16
address does not match a street: (None, '4428', 'Rue Plac Pontchartrain') https://osm.org/?mlat=30.045911237371097&mlon=-90.26495548688685&zoom=16
address does not match a street: (None, '4420', 'Rue Plac Pontchartrain') https://osm.org/?mlat=30.045419380603&mlon=-90.26496794256825&zoom=16
address does not match a street: (None, '4412', 'Rue Plac Pontchartrain') https://osm.org/?mlat=30.045017981501246&mlon=-90.26495787452312&zoom=16
address does not match a street: (None, '4421', 'Rue Plac Pontchartrain') https://osm.org/?mlat=30.045169395601235&mlon=-90.2655145335908&zoom=16
address does not match a street: (None, '4421', 'Rue SaintMartin') https://osm.org/?mlat=30.045077578978944&mlon=-90.26652645929282&zoom=16
address does not match a street: (None, '424', 'Rue de la Rivere') https://osm.org/?mlat=30.046637352364677&mlon=-90.26469263030688&zoom=16
address does not match a street: (None, '420', 'Rue de la Rivere') https://osm.org/?mlat=30.046499416339493&mlon=-90.26494990191267&zoom=16
address does not match a street: (None, '88', 'Mc Kinley Street') https://osm.org/?mlat=30.04590726353423&mlon=-90.27142072489937&zoom=16
address does not match a street: (None, '67', 'Mc Kinley Street') https://osm.org/?mlat=30.045420981785053&mlon=-90.27282340920573&zoom=16
address does not match a street: (None, '71', 'Mc Kinley Street') https://osm.org/?mlat=30.04542472130797&mlon=-90.27258913468998&zoom=16
address does not match a street: (None, '31', 'Platt Drive') https://osm.org/?mlat=30.047000356764762&mlon=-90.27465536570561&zoom=16
address does not match a street: (None, '91', 'Mc Kinley Street') https://osm.org/?mlat=30.045430354466752&mlon=-90.27127132571844&zoom=16
address does not match a street: (None, '103', 'Mc Kinley Street') https://osm.org/?mlat=30.045443634275816&mlon=-90.27051531018296&zoom=16
address does not match a street: (None, '55', 'Mc Kinley Street') https://osm.org/?mlat=30.04543270837661&mlon=-90.27358131319633&zoom=16
address does not match a street: (None, '33', 'Platt Drive') https://osm.org/?mlat=30.047245174530882&mlon=-90.27462761675233&zoom=16
