address does not match a street: (None, '124', 'Joy Avenue') https://osm.org/?mlat=29.963702275107778&mlon=-90.22649507745291&zoom=16
address does not match a street: (None, '105', 'Joy Avenue') https://osm.org/?mlat=29.962889108209765&mlon=-90.22659252916985&zoom=16
address does not match a street: (None, '101', 'Joy Avenue') https://osm.org/?mlat=29.962740810748986&mlon=-90.22661628157621&zoom=16
address does not match a street: (None, '120', 'Joy Avenue') https://osm.org/?mlat=29.963595913604323&mlon=-90.22660047993763&zoom=16
address does not match a street: (None, '137', 'Joy Avenue') https://osm.org/?mlat=29.963574872885438&mlon=-90.22606065548698&zoom=16
address does not match a street: (None, '129', 'Joy Avenue') https://osm.org/?mlat=29.963432658550776&mlon=-90.22615382223468&zoom=16
address does not match a street: (None, '125', 'Joy Avenue') https://osm.org/?mlat=29.96326035783905&mlon=-90.22626627185997&zoom=16
address does not match a street: (None, '128', 'Joy Avenue') https://osm.org/?mlat=29.9638032699661&mlon=-90.2264055264911&zoom=16
address does not match a street: (None, '144', 'Drolla Park') https://osm.org/?mlat=29.958440082526515&mlon=-90.22184494951155&zoom=16
address does not match a street: (None, '136', 'Drolla Park') https://osm.org/?mlat=29.958086839480973&mlon=-90.2222497761056&zoom=16
address does not match a street: (None, '123', 'Drolla Park') https://osm.org/?mlat=29.95724989202864&mlon=-90.22213593284533&zoom=16
address does not match a street: (None, '127', 'Drolla Park') https://osm.org/?mlat=29.957512262498184&mlon=-90.22194352873942&zoom=16
address does not match a street: (None, '111', 'Drolla Park') https://osm.org/?mlat=29.956884684850007&mlon=-90.22252527903262&zoom=16
address does not match a street: (None, '179', 'Valerie Street') https://osm.org/?mlat=29.962991839497104&mlon=-90.22409639950025&zoom=16
address does not match a street: (None, '175', 'Valerie Street') https://osm.org/?mlat=29.962841218671556&mlon=-90.224170712745&zoom=16
address does not match a street: (None, '116', 'Valerie Street') https://osm.org/?mlat=29.96146513718238&mlon=-90.22599879750369&zoom=16
address does not match a street: (None, '105', 'Drolla Park') https://osm.org/?mlat=29.956548528266644&mlon=-90.22244691216696&zoom=16
address does not match a street: (None, '137', 'Drolla Park') https://osm.org/?mlat=29.957988933054605&mlon=-90.2215922023174&zoom=16
address does not match a street: (None, '163', 'Valerie Street') https://osm.org/?mlat=29.96248908901266&mlon=-90.2244809730825&zoom=16
address does not match a street: (None, '156', 'Valerie Street') https://osm.org/?mlat=29.962446588457148&mlon=-90.22514845591367&zoom=16
address does not match a street: (None, '141', 'Valerie Street') https://osm.org/?mlat=29.962079986482234&mlon=-90.224883450408&zoom=16
address does not match a street: (None, '159', 'Valerie Street') https://osm.org/?mlat=29.96237162390202&mlon=-90.22457386604744&zoom=16
address does not match a street: (None, '174', 'Valerie Street') https://osm.org/?mlat=29.96305394740747&mlon=-90.22461365664697&zoom=16
address does not match a street: (None, '186', 'Valerie Street') https://osm.org/?mlat=29.9632695508178&mlon=-90.22441860843651&zoom=16
address does not match a street: (None, '172', 'Drolla Park') https://osm.org/?mlat=29.959197324435195&mlon=-90.22056361939872&zoom=16
address does not match a street: (None, '175', 'Drolla Park') https://osm.org/?mlat=29.958994859422933&mlon=-90.22003531832695&zoom=16
address does not match a street: (None, '169', 'Drolla Park') https://osm.org/?mlat=29.958757585362612&mlon=-90.22026850535659&zoom=16
address does not match a street: (None, '167', 'Drolla Park') https://osm.org/?mlat=29.958617885252675&mlon=-90.22033322521612&zoom=16
address does not match a street: (None, '100', 'Joy Avenue') https://osm.org/?mlat=29.963041521401404&mlon=-90.22705825461648&zoom=16
address does not match a street: (None, '144', 'Valerie Street') https://osm.org/?mlat=29.96230318072083&mlon=-90.22526311246223&zoom=16
address does not match a street: (None, '128', 'Valerie Street') https://osm.org/?mlat=29.961787103604998&mlon=-90.2256983561534&zoom=16
address does not match a street: (None, '109', 'Valerie Street') https://osm.org/?mlat=29.961039717067095&mlon=-90.22576981609876&zoom=16
address does not match a street: (None, '117', 'Valerie Street') https://osm.org/?mlat=29.96128535530919&mlon=-90.2255491766768&zoom=16
address does not match a street: (None, '155', 'Valerie Street') https://osm.org/?mlat=29.962243376883237&mlon=-90.224660395409&zoom=16
address does not match a street: (None, '155', 'Valerie Street') https://osm.org/?mlat=29.962243106747458&mlon=-90.22466056523086&zoom=16
address does not match a street: (None, '132', 'Joy Avenue') https://osm.org/?mlat=29.96393477701513&mlon=-90.22634721918297&zoom=16
address does not match a street: (None, '136', 'Joy Avenue') https://osm.org/?mlat=29.96401641856531&mlon=-90.22624524964388&zoom=16
address does not match a street: (None, '140', 'Joy Avenue') https://osm.org/?mlat=29.96414739416173&mlon=-90.22612378299387&zoom=16
address does not match a street: (None, '116', 'Joy Avenue') https://osm.org/?mlat=29.963492380462522&mlon=-90.22671532446238&zoom=16
address does not match a street: (None, '104', 'Joy Avenue') https://osm.org/?mlat=29.963123269702095&mlon=-90.22696891720841&zoom=16
address does not match a street: (None, '132', 'Drolla Park') https://osm.org/?mlat=29.957879249176603&mlon=-90.22241630622491&zoom=16
address does not match a street: (None, '157', 'Joy Avenue') https://osm.org/?mlat=29.964000529328747&mlon=-90.22566430865916&zoom=16
address does not match a street: (None, '113', 'Valerie Street') https://osm.org/?mlat=29.96115990615582&mlon=-90.22567373740021&zoom=16
address does not match a street: (None, '176', 'Drolla Park') https://osm.org/?mlat=29.95945907913104&mlon=-90.22029857694865&zoom=16
address does not match a street: (None, '173', 'Drolla Park') https://osm.org/?mlat=29.958874673512447&mlon=-90.22013140174236&zoom=16
address does not match a street: (None, '165', 'Drolla Park') https://osm.org/?mlat=29.95848157485463&mlon=-90.22047370173651&zoom=16
address does not match a street: (None, '105', 'Valerie Street') https://osm.org/?mlat=29.96091656560451&mlon=-90.22584066230277&zoom=16
address does not match a street: (None, '124', 'Valerie Street') https://osm.org/?mlat=29.961601425951976&mlon=-90.22585516750745&zoom=16
address does not match a street: (None, '121', 'Drolla Park') https://osm.org/?mlat=29.95705642265987&mlon=-90.22234651687421&zoom=16
address does not match a street: (None, '112', 'Drolla Park') https://osm.org/?mlat=29.957311443288248&mlon=-90.2229121237212&zoom=16
address does not match a street: (None, '171', 'Valerie Street') https://osm.org/?mlat=29.962732162544487&mlon=-90.22428246213684&zoom=16
address does not match a street: (None, '137', 'Valerie Street') https://osm.org/?mlat=29.961908287654474&mlon=-90.22500189435267&zoom=16
address does not match a street: (None, '170', 'Valerie Street') https://osm.org/?mlat=29.962944598267814&mlon=-90.22469066876266&zoom=16
address does not match a street: (None, '141', 'Drolla Park') https://osm.org/?mlat=29.958131909537208&mlon=-90.2213997551177&zoom=16
address does not match a street: (None, '164', 'Drolla Park') https://osm.org/?mlat=29.958727740476995&mlon=-90.22096677495418&zoom=16
address does not match a street: (None, '132', 'Valerie Street') https://osm.org/?mlat=29.962099691327005&mlon=-90.22559066601215&zoom=16
address does not match a street: (None, '140', 'Valerie Street') https://osm.org/?mlat=29.962196687234684&mlon=-90.22535272430446&zoom=16
address does not match a street: (None, '182', 'Valerie Street') https://osm.org/?mlat=29.963160334846922&mlon=-90.22451141156148&zoom=16
address does not match a street: (None, '162', 'Valerie Street') https://osm.org/?mlat=29.96265776934477&mlon=-90.22491808798567&zoom=16
address does not match a street: (None, '133', 'Drolla Park') https://osm.org/?mlat=29.957763341373937&mlon=-90.2217165098902&zoom=16
address does not match a street: (None, '187', 'Drolla Park') https://osm.org/?mlat=29.959092833077232&mlon=-90.2199142178483&zoom=16
address does not match a street: (None, '160', 'Valerie Street') https://osm.org/?mlat=29.962565183241324&mlon=-90.22502649623603&zoom=16
address does not match a street: (None, '120', 'Drolla Park') https://osm.org/?mlat=29.957717923649746&mlon=-90.2225254768891&zoom=16
address does not match a street: (None, '147', 'Joy Avenue') https://osm.org/?mlat=29.963768559718016&mlon=-90.22587532738216&zoom=16
address does not match a street: (None, '117', 'Joy Avenue') https://osm.org/?mlat=29.963082025455655&mlon=-90.22631562378864&zoom=16
address does not match a street: (None, '144', 'Joy Avenue') https://osm.org/?mlat=29.964223508679407&mlon=-90.2260187161468&zoom=16
address does not match a street: (None, '125', 'Valerie Street') https://osm.org/?mlat=29.961424606869848&mlon=-90.22543077765697&zoom=16
address does not match a street: (None, '145', 'Valerie Street') https://osm.org/?mlat=29.962150813461186&mlon=-90.22480370898764&zoom=16
address does not match a street: (None, '166', 'Valerie Street') https://osm.org/?mlat=29.962830230829717&mlon=-90.22475952492964&zoom=16
address does not match a street: (None, '108', 'Joy Avenue') https://osm.org/?mlat=29.96325723464222&mlon=-90.22687584340213&zoom=16
address does not match a street: (None, '112', 'Joy Avenue') https://osm.org/?mlat=29.963363569825756&mlon=-90.22676728467911&zoom=16
address does not match a street: (None, '160', 'Drolla Park') https://osm.org/?mlat=29.95910451940449&mlon=-90.22122951874714&zoom=16
address does not match a street: (None, '114', 'Drolla Park') https://osm.org/?mlat=29.95839357156494&mlon=-90.2212796218834&zoom=16
address does not match a street: (None, '133', 'Valerie Street') https://osm.org/?mlat=29.96179011496988&mlon=-90.22507616205442&zoom=16
address does not match a street: (None, '168', 'Drolla Park') https://osm.org/?mlat=29.958923662686452&mlon=-90.22072141741718&zoom=16
address does not match a street: (None, '100', 'Valerie Street') https://osm.org/?mlat=29.96134521356984&mlon=-90.22612645575649&zoom=16
address does not match a street: (None, '101', 'Drolla Park') https://osm.org/?mlat=29.956614116827247&mlon=-90.22272408764907&zoom=16
address does not match a street: (None, '111', 'Joy Avenue') https://osm.org/?mlat=29.96301195440353&mlon=-90.22645252027549&zoom=16
address does not match a street: (None, '163', 'Drolla Park') https://osm.org/?mlat=29.958343510414505&mlon=-90.22057886401336&zoom=16
address does not match a street: (None, '167', 'Valerie Street') https://osm.org/?mlat=29.962613338700933&mlon=-90.22437726579086&zoom=16
address does not match a street: (None, '129', 'Valerie Street') https://osm.org/?mlat=29.961514283200895&mlon=-90.22530345540244&zoom=16
address has no house number: (None, None, 'Sauve Road') https://osm.org/?mlat=29.96171926854391&mlon=-90.21997771380983&zoom=16
address does not match a street: (None, '140', 'Drolla Park') https://osm.org/?mlat=29.958289204655276&mlon=-90.22207232590783&zoom=16
address does not match a street: (None, '148', 'Drolla Park') https://osm.org/?mlat=29.958652317474062&mlon=-90.22170606392008&zoom=16
address does not match a street: (None, '152', 'Drolla Park') https://osm.org/?mlat=29.958833073167895&mlon=-90.22157081815894&zoom=16
address has no house number: (None, None, 'Manguno Drive') https://osm.org/?mlat=29.962090134825818&mlon=-90.22065039503642&zoom=16
