address does not match a street: ('113', 'Jasmine Lane') https://osm.org/?mlat=29.9452472818762&mlon=-90.23931459137675&zoom=16
address does not match a street: ('133', 'Jasmine Lane') https://osm.org/?mlat=29.94471120417513&mlon=-90.23867315393672&zoom=16
address does not match a street: ('24', 'Foundry') https://osm.org/?mlat=29.935895518191767&mlon=-90.23496277888187&zoom=16
address does not match a street: ('128', 'Jasmine Lane') https://osm.org/?mlat=29.94454167608019&mlon=-90.23912023817215&zoom=16
address does not match a street: ('112', 'Jasmine Lane') https://osm.org/?mlat=29.944950004707476&mlon=-90.23961151042069&zoom=16
address does not match a street: ('108', 'Jasmine Lane') https://osm.org/?mlat=29.945047372788135&mlon=-90.23974622268484&zoom=16
address has no house number: (None, 'Phillip Bros') https://osm.org/?mlat=29.9412277777916&mlon=-90.2315227317125&zoom=16
address does not match a street: (None, 'Phillip Bros') https://osm.org/?mlat=29.9412277777916&mlon=-90.2315227317125&zoom=16
address does not match a street: ('136', 'Jasmine Lane') https://osm.org/?mlat=29.944366133885577&mlon=-90.23884429280506&zoom=16
address does not match a street: ('120', 'Jasmine Lane') https://osm.org/?mlat=29.944750110018514&mlon=-90.23938319446108&zoom=16
address does not match a street: ('104', 'Jasmine Lane') https://osm.org/?mlat=29.945141964779655&mlon=-90.23987780695315&zoom=16
address does not match a street: ('121', 'Jasmine Lane') https://osm.org/?mlat=29.945019757459136&mlon=-90.23907078907907&zoom=16
address does not match a street: ('137', 'Jasmine Lane') https://osm.org/?mlat=29.944589008860916&mlon=-90.23852924266791&zoom=16
address does not match a street: ('132', 'Jasmine Lane') https://osm.org/?mlat=29.944457950824624&mlon=-90.23897274814401&zoom=16
address does not match a street: ('100', 'Jasmine Lane') https://osm.org/?mlat=29.94526947525135&mlon=-90.2399995578772&zoom=16
address does not match a street: ('117', 'Jasmine Lane') https://osm.org/?mlat=29.94510615354189&mlon=-90.23920877885409&zoom=16
address does not match a street: ('109', 'Jasmine Lane') https://osm.org/?mlat=29.945314587278784&mlon=-90.23947173577947&zoom=16
address does not match a street: ('125', 'Jasmine Lane') https://osm.org/?mlat=29.94493330871443&mlon=-90.23892648588749&zoom=16
address does not match a street: ('116', 'Jasmine Lane') https://osm.org/?mlat=29.94484996554192&mlon=-90.23948630162543&zoom=16
address does not match a street: ('50', 'Jasmine Lane') https://osm.org/?mlat=29.9453727500804&mlon=-90.24010249716164&zoom=16
address does not match a street: ('51', 'Foundry') https://osm.org/?mlat=29.936654924124102&mlon=-90.23628644071505&zoom=16
address does not match a street: ('245', 'Lake Joseph') https://osm.org/?mlat=29.940397668089194&mlon=-90.24147977345578&zoom=16
address does not match a street: ('13', 'Lake Emery Lane') https://osm.org/?mlat=29.944968787608676&mlon=-90.23225962238912&zoom=16
address does not match a street: ('29', 'Lake Colby') https://osm.org/?mlat=29.940018375053384&mlon=-90.23524854066616&zoom=16
address does not match a street: ('1', 'Lake Colby') https://osm.org/?mlat=29.94155153411347&mlon=-90.23641573824426&zoom=16
address does not match a street: ('5', 'Lake Colby') https://osm.org/?mlat=29.94135245033293&mlon=-90.23625170914332&zoom=16
address does not match a street: ('78', 'Lake Colby') https://osm.org/?mlat=29.93778302892784&mlon=-90.23630011749161&zoom=16
address does not match a street: ('82', 'Lake Colby') https://osm.org/?mlat=29.938241028800846&mlon=-90.23663435459088&zoom=16
address does not match a street: ('129', 'Jasmine Lane') https://osm.org/?mlat=29.94477689542636&mlon=-90.23881099709023&zoom=16
address does not match a street: ('124', 'Jasmine Lane') https://osm.org/?mlat=29.94467892954585&mlon=-90.23918841021441&zoom=16
address does not match a street: ('256', 'Lake Marion') https://osm.org/?mlat=29.937388140424464&mlon=-90.24163190134723&zoom=16
address does not match a street: ('260', 'Lake Marion') https://osm.org/?mlat=29.937018678910025&mlon=-90.24137919940547&zoom=16
address does not match a street: ('264', 'Lake Marion') https://osm.org/?mlat=29.936837599481972&mlon=-90.24169294057279&zoom=16
address does not match a street: ('9', 'Lake Emery Lane') https://osm.org/?mlat=29.94520120997098&mlon=-90.23235792947992&zoom=16
address does not match a street: ('128', 'Lake David') https://osm.org/?mlat=29.94442208815899&mlon=-90.23277917995657&zoom=16
address does not match a street: ('132', 'Lake David') https://osm.org/?mlat=29.944248555928343&mlon=-90.2330378560189&zoom=16
address does not match a street: ('136', 'Lake David') https://osm.org/?mlat=29.944098825991187&mlon=-90.23327792814466&zoom=16
address does not match a street: ('152', 'Lake David') https://osm.org/?mlat=29.943397162987644&mlon=-90.23436772256193&zoom=16
address does not match a street: ('148', 'Lake David') https://osm.org/?mlat=29.94354689491876&mlon=-90.23412765272336&zoom=16
address does not match a street: ('144', 'Lake David') https://osm.org/?mlat=29.943720429308303&mlon=-90.23386898037482&zoom=16
address does not match a street: ('140', 'Lake David') https://osm.org/?mlat=29.94386993041513&mlon=-90.23360140270256&zoom=16
address does not match a street: ('233', 'Lake Joseph') https://osm.org/?mlat=29.94090310515839&mlon=-90.24079568125447&zoom=16
address does not match a street: ('237', 'Lake Joseph') https://osm.org/?mlat=29.940737313498932&mlon=-90.24102673932768&zoom=16
address does not match a street: ('241', 'Lake Joseph') https://osm.org/?mlat=29.940571370121283&mlon=-90.24123945933398&zoom=16
address does not match a street: ('120', 'Lake David') https://osm.org/?mlat=29.944721469025463&mlon=-90.23228986239565&zoom=16
address does not match a street: ('86', 'Lake Colby') https://osm.org/?mlat=29.938472912232008&mlon=-90.23666848455989&zoom=16
address does not match a street: ('90', 'Lake Colby') https://osm.org/?mlat=29.938752479593585&mlon=-90.2366745822493&zoom=16
address does not match a street: ('69', 'Lake Colby') https://osm.org/?mlat=29.93819039493237&mlon=-90.23535117900917&zoom=16
address does not match a street: ('189', 'Lake David') https://osm.org/?mlat=29.94147043802606&mlon=-90.2369931669138&zoom=16
address does not match a street: ('200', 'Lake Joseph') https://osm.org/?mlat=29.941326378228556&mlon=-90.23887455845406&zoom=16
address does not match a street: ('201', 'Lake Joseph') https://osm.org/?mlat=29.940929520835503&mlon=-90.23820951827058&zoom=16
address does not match a street: ('205', 'Lake Joseph') https://osm.org/?mlat=29.94098839570253&mlon=-90.23856649323757&zoom=16
address does not match a street: ('204', 'Lake Joseph') https://osm.org/?mlat=29.94136882242018&mlon=-90.23917669700128&zoom=16
address does not match a street: ('160', 'Lake David') https://osm.org/?mlat=29.943113362025667&mlon=-90.23481100567986&zoom=16
address does not match a street: ('164', 'Lake David') https://osm.org/?mlat=29.94294811669689&mlon=-90.23510626341015&zoom=16
address does not match a street: ('168', 'Lake David') https://osm.org/?mlat=29.94279016862249&mlon=-90.23531891010765&zoom=16
address does not match a street: ('208', 'Lake Joseph') https://osm.org/?mlat=29.941427312611918&mlon=-90.2394878289563&zoom=16
address does not match a street: ('124', 'Lake David') https://osm.org/?mlat=29.944571587026726&mlon=-90.2325115977345&zoom=16
address does not match a street: ('212', 'Lake Joseph') https://osm.org/?mlat=29.941485725865007&mlon=-90.23978979306646&zoom=16
address does not match a street: ('17', 'Lake Nicholas Lane') https://osm.org/?mlat=29.940225243573824&mlon=-90.23995032047488&zoom=16
address does not match a street: ('21', 'Lake Nicholas Lane') https://osm.org/?mlat=29.94026677022051&mlon=-90.24014242862144&zoom=16
address does not match a street: ('25', 'Lake Nicholas Lane') https://osm.org/?mlat=29.940387542277477&mlon=-90.24026031227383&zoom=16
address does not match a street: ('33', 'Lake Nicholas Lane') https://osm.org/?mlat=29.94073760750576&mlon=-90.24010059190627&zoom=16
address does not match a street: ('37', 'Lake Nicholas Lane') https://osm.org/?mlat=29.941071929749953&mlon=-90.23996855302941&zoom=16
address does not match a street: ('13', 'Lake Nicholas Lane') https://osm.org/?mlat=29.940295740382144&mlon=-90.23978449275988&zoom=16
address does not match a street: ('1', 'Lake Nicholas Lane') https://osm.org/?mlat=29.9410218836739&mlon=-90.23971234752857&zoom=16
address does not match a street: ('5', 'Lake Nicholas Lane') https://osm.org/?mlat=29.940702998704943&mlon=-90.23978003006057&zoom=16
address does not match a street: ('184', 'Lake David') https://osm.org/?mlat=29.942159669001867&mlon=-90.2363253642417&zoom=16
address does not match a street: ('180', 'Lake David') https://osm.org/?mlat=29.94231761961839&mlon=-90.2361127204706&zoom=16
address does not match a street: ('176', 'Lake David') https://osm.org/?mlat=29.942482867219656&mlon=-90.23581746627227&zoom=16
address does not match a street: ('172', 'Lake David') https://osm.org/?mlat=29.942632831326296&mlon=-90.23560490885122&zoom=16
address does not match a street: ('188', 'Lake David') https://osm.org/?mlat=29.94201046804412&mlon=-90.23662960937678&zoom=16
address does not match a street: ('185', 'Lake David') https://osm.org/?mlat=29.94185884276817&mlon=-90.23640907334102&zoom=16
address does not match a street: ('193', 'Lake David') https://osm.org/?mlat=29.941144118338652&mlon=-90.23759587358559&zoom=16
address does not match a street: ('192', 'Lake David') https://osm.org/?mlat=29.941655478529203&mlon=-90.23715619168637&zoom=16
address does not match a street: ('216', 'Lake Joseph') https://osm.org/?mlat=29.941512044199328&mlon=-90.24007376895412&zoom=16
address does not match a street: ('200', 'Lake Marion') https://osm.org/?mlat=29.94009697299081&mlon=-90.2379710728239&zoom=16
address does not match a street: ('204', 'Lake Marion') https://osm.org/?mlat=29.939955448617532&mlon=-90.23823854724053&zoom=16
address does not match a street: ('208', 'Lake Marion') https://osm.org/?mlat=29.939789814033354&mlon=-90.238487945545&zoom=16
address does not match a street: ('212', 'Lake Marion') https://osm.org/?mlat=29.939640379190617&mlon=-90.23876467403257&zoom=16
address does not match a street: ('236', 'Lake Marion') https://osm.org/?mlat=29.938710749633263&mlon=-90.24029701666392&zoom=16
address does not match a street: ('232', 'Lake Marion') https://osm.org/?mlat=29.93886847727222&mlon=-90.24005688055733&zoom=16
address does not match a street: ('228', 'Lake Marion') https://osm.org/?mlat=29.939017915750362&mlon=-90.23978015613511&zoom=16
address does not match a street: ('224', 'Lake Marion') https://osm.org/?mlat=29.93918355189888&mlon=-90.23953076191414&zoom=16
address does not match a street: ('220', 'Lake Marion') https://osm.org/?mlat=29.939325079815852&mlon=-90.23926329138887&zoom=16
address does not match a street: ('248', 'Lake Marion') https://osm.org/?mlat=29.938246612733288&mlon=-90.2411456962653&zoom=16
address does not match a street: ('244', 'Lake Marion') https://osm.org/?mlat=29.938404342824523&mlon=-90.24090556157107&zoom=16
address does not match a street: ('74', 'Lake Colby') https://osm.org/?mlat=29.937725372344445&mlon=-90.2360898535265&zoom=16
address does not match a street: ('9', 'Lake Colby') https://osm.org/?mlat=29.941143529029024&mlon=-90.23609812018758&zoom=16
address does not match a street: ('13', 'Lake Colby') https://osm.org/?mlat=29.94095057799768&mlon=-90.23594435522114&zoom=16
address does not match a street: ('17', 'Lake Colby') https://osm.org/?mlat=29.940717623682428&mlon=-90.23578186182355&zoom=16
address does not match a street: ('37', 'Lake Colby') https://osm.org/?mlat=29.939592467600676&mlon=-90.23493228949341&zoom=16
address does not match a street: ('33', 'Lake Colby') https://osm.org/?mlat=29.939825423000162&mlon=-90.23509477907591&zoom=16
address does not match a street: ('62', 'Lake Colby') https://osm.org/?mlat=29.93879292644205&mlon=-90.23482188472701&zoom=16
address does not match a street: ('66', 'Lake Colby') https://osm.org/?mlat=29.93833596904698&mlon=-90.23556964624494&zoom=16
address does not match a street: ('70', 'Lake Colby') https://osm.org/?mlat=29.93812181525964&mlon=-90.23574622244531&zoom=16
address does not match a street: ('9', 'Lake Nicholas Lane') https://osm.org/?mlat=29.940422745647393&mlon=-90.23969140432995&zoom=16
address does not match a street: ('221', 'Lake Joseph') https://osm.org/?mlat=29.941271947482825&mlon=-90.24001221087777&zoom=16
address does not match a street: ('225', 'Lake Joseph') https://osm.org/?mlat=29.94126678052064&mlon=-90.24035154935261&zoom=16
address does not match a street: ('229', 'Lake Joseph') https://osm.org/?mlat=29.94108494302914&mlon=-90.24057361570813&zoom=16
address does not match a street: ('25', 'Lake Colby') https://osm.org/?mlat=29.94022729738044&mlon=-90.23540212611182&zoom=16
address does not match a street: ('41', 'Lake Colby') https://osm.org/?mlat=29.939311900828724&mlon=-90.23478294631381&zoom=16
address does not match a street: ('44', 'Lake Colby') https://osm.org/?mlat=29.939056520127586&mlon=-90.23480409619168&zoom=16
address does not match a street: ('213', 'Lake Joseph') https://osm.org/?mlat=29.941121273369177&mlon=-90.23917941114047&zoom=16
address does not match a street: ('94', 'Lake Colby') https://osm.org/?mlat=29.939048476857863&mlon=-90.23673551650967&zoom=16
address does not match a street: ('106', 'Lake Colby') https://osm.org/?mlat=29.939763460864917&mlon=-90.23724116127843&zoom=16
address does not match a street: ('110', 'Lake Colby') https://osm.org/?mlat=29.940020370466197&mlon=-90.23740339343976&zoom=16
address does not match a street: ('85', 'Lake Colby') https://osm.org/?mlat=29.938914569659378&mlon=-90.23695372550804&zoom=16
address does not match a street: ('89', 'Lake Colby') https://osm.org/?mlat=29.939163570354665&mlon=-90.23712521229815&zoom=16
address does not match a street: ('93', 'Lake Colby') https://osm.org/?mlat=29.93938838551024&mlon=-90.23726945693033&zoom=16
address does not match a street: ('97', 'Lake Colby') https://osm.org/?mlat=29.939629552831956&mlon=-90.23745937012586&zoom=16
address does not match a street: ('101', 'Lake Colby') https://osm.org/?mlat=29.93988646217733&mlon=-90.23762160366707&zoom=16
address does not match a street: ('81', 'Lake Colby') https://osm.org/?mlat=29.938706630551117&mlon=-90.23692266416946&zoom=16
address does not match a street: ('114', 'Lake Marion') https://osm.org/?mlat=29.94033971160526&mlon=-90.23739071654482&zoom=16
address does not match a street: ('118', 'Lake Marion') https://osm.org/?mlat=29.940651067954782&mlon=-90.23737812829356&zoom=16
address does not match a street: ('109', 'Lake Marion') https://osm.org/?mlat=29.940717853508367&mlon=-90.23772584494016&zoom=16
address does not match a street: ('105', 'Lake Marion') https://osm.org/?mlat=29.940461860646653&mlon=-90.23767363646803&zoom=16
address does not match a street: ('77', 'Lake Colby') https://osm.org/?mlat=29.937431440123166&mlon=-90.23627647422144&zoom=16
address does not match a street: ('49', 'Lake Colby') https://osm.org/?mlat=29.93905047356918&mlon=-90.23410382135582&zoom=16
address does not match a street: ('53', 'Lake Colby') https://osm.org/?mlat=29.93881251880494&mlon=-90.23429900378272&zoom=16
address does not match a street: ('57', 'Lake Colby') https://osm.org/?mlat=29.938655183642055&mlon=-90.23458499273535&zoom=16
address does not match a street: ('61', 'Lake Colby') https://osm.org/?mlat=29.93848970905845&mlon=-90.23485273075106&zoom=16
address does not match a street: ('65', 'Lake Colby') https://osm.org/?mlat=29.938355947076012&mlon=-90.23509261157724&zoom=16
address does not match a street: ('217', 'Lake Joseph') https://osm.org/?mlat=29.94118767210804&mlon=-90.239481285587&zoom=16
address does not match a street: ('240', 'Lake Marion') https://osm.org/?mlat=29.938553782194752&mlon=-90.24062883971646&zoom=16
address does not match a street: ('73', 'Lake Colby') https://osm.org/?mlat=29.93795243829045&mlon=-90.23554635677989&zoom=16
address does not match a street: ('21', 'Lake Colby') https://osm.org/?mlat=29.940426382258735&mlon=-90.23556615270448&zoom=16
address does not match a street: ('29', 'Lake Nicholas Lane') https://osm.org/?mlat=29.94053768865127&mlon=-90.24029175923644&zoom=16
address does not match a street: ('216', 'Lake Marion') https://osm.org/?mlat=29.93948265302421&mlon=-90.23900481404864&zoom=16
address does not match a street: ('98', 'Lake Colby') https://osm.org/?mlat=29.939297477833115&mlon=-90.23690700298543&zoom=16
address does not match a street: ('122', 'Lake Marion') https://osm.org/?mlat=29.940955584195045&mlon=-90.2375031604085&zoom=16
address does not match a street: ('102', 'Lake Colby') https://osm.org/?mlat=29.93952229322393&mlon=-90.2370512473196&zoom=16
address does not match a street: ('156', 'Lake David') https://osm.org/?mlat=29.943263324493607&mlon=-90.2345984454035&zoom=16
address does not match a street: ('209', 'Lake Joseph') https://osm.org/?mlat=29.941062934084886&mlon=-90.23888661770616&zoom=16
address does not match a street: ('196', 'Lake David') https://osm.org/?mlat=29.941387256763115&mlon=-90.23755343968227&zoom=16
