address does not match a street: (None, '3701', 'West Napoleon Avenue North') https://osm.org/?mlat=29.993218268439286&mlon=-90.16349732523291&zoom=16
address does not match a street: (None, '3220', 'South I-10 Service Road') https://osm.org/?mlat=29.995057198087178&mlon=-90.1566463368212&zoom=16
address does not match a street: (None, '3220', 'South I-10 Service Road') https://osm.org/?mlat=29.99524432765159&mlon=-90.15671913228196&zoom=16
address does not match a street: (None, '3220', 'South I-10 Service Road') https://osm.org/?mlat=29.995217834395184&mlon=-90.15655928814942&zoom=16
address does not match a street: (None, '3220', 'South I-10 Service Road') https://osm.org/?mlat=29.995033034357256&mlon=-90.15664031481148&zoom=16
address does not match a street: (None, '3220', 'South I-10 Service Road') https://osm.org/?mlat=29.99503578728946&mlon=-90.15673462012651&zoom=16
address does not match a street: (None, '3220', 'South I-10 Service Road') https://osm.org/?mlat=29.995033397112977&mlon=-90.15668089767277&zoom=16
address does not match a street: (None, '3220', 'South I-10 Service Road') https://osm.org/?mlat=29.995033429931322&mlon=-90.15657778347598&zoom=16
address does not match a street: (None, '3230', 'South I-10 Service Road') https://osm.org/?mlat=29.995088790434608&mlon=-90.15661508996136&zoom=16
address does not match a street: (None, '3703', 'Diane Place') https://osm.org/?mlat=30.001518244862186&mlon=-90.1647447168022&zoom=16
address does not match a street: (None, '3701', 'Diane Place') https://osm.org/?mlat=30.001568235471247&mlon=-90.16472904697656&zoom=16
address does not match a street: (None, '2644', 'North I 10 Service Road') https://osm.org/?mlat=30.00013672475597&mlon=-90.15613947019881&zoom=16
address does not match a street: (None, '2644', 'North I 10 Service Road') https://osm.org/?mlat=30.000154409958782&mlon=-90.15626145723063&zoom=16
address does not match a street: (None, '3700', 'Diane Place') https://osm.org/?mlat=30.00118280905999&mlon=-90.1646976680817&zoom=16
address does not match a street: (None, '3702', 'Diane Place') https://osm.org/?mlat=30.00122834086131&mlon=-90.16469713455945&zoom=16
address does not match a street: (None, '2013', 'Athania Street') https://osm.org/?mlat=29.993128655222794&mlon=-90.15743684117491&zoom=16
address has no house number: (None, None, 'Edenborn Avenue') https://osm.org/?mlat=29.9988175612512&mlon=-90.16193735067667&zoom=16
address has no house number: (None, None, 'Edenborn Avenue') https://osm.org/?mlat=29.99631568824075&mlon=-90.16227051768854&zoom=16
address has no house number: (None, None, 'Hessmer Avenue') https://osm.org/?mlat=29.999902293667496&mlon=-90.1633609896084&zoom=16
address does not match a street: (None, '3658', 'Tierney Place') https://osm.org/?mlat=30.001337635596027&mlon=-90.1644243390248&zoom=16
address has no house number: (None, None, 'Division Street') https://osm.org/?mlat=29.99913150873912&mlon=-90.16437467691934&zoom=16
address does not match a street: (None, '2814', 'Causeway Boulevard Service Road') https://osm.org/?mlat=30.002337627041314&mlon=-90.15552441164145&zoom=16
address does not match a street: (None, '3210', 'South I-10 Service Road') https://osm.org/?mlat=29.995268152521454&mlon=-90.15656622671266&zoom=16
address does not match a street: (None, '2735', 'North Causeway') https://osm.org/?mlat=30.0017061079407&mlon=-90.1549836504777&zoom=16
address does not match a street: (None, '2801', 'Causeway Boulevard Service Road') https://osm.org/?mlat=30.001755636444575&mlon=-90.15496990089788&zoom=16
address does not match a street: (None, '3116', 'South I-10 Service Road') https://osm.org/?mlat=29.994475472444424&mlon=-90.1550395096003&zoom=16
address does not match a street: (None, '3100', 'South I-10 Service Road') https://osm.org/?mlat=29.994693838436127&mlon=-90.15483330766361&zoom=16
new building tag (addr:housenumber=3640) does not match the old one (addr:housenumber=3742)
new building tag (addr:housenumber=2541) does not match the old one (addr:housenumber=2540)
new building tag (addr:street=North Arnoult Road) does not match the old one (addr:street=Severn Avenue)
new building tag (addr:street=I-10 Service Road) does not match the old one (addr:street=North I-10 Service Road West)
address does not match a street: (None, '2727', 'North Causeway Boulevard East') https://osm.org/?mlat=30.001488359685744&mlon=-90.15475772196466&zoom=16
address does not match a street: (None, '2721', 'North Causeway Boulevard East') https://osm.org/?mlat=30.001306867676412&mlon=-90.15478404658754&zoom=16
address does not match a street: (None, '2729', 'North Causeway Boulevard East') https://osm.org/?mlat=30.001644789201894&mlon=-90.15482695173479&zoom=16
address does not match a street: (None, '2805', 'Causeway Boulevard Service Road') https://osm.org/?mlat=30.002158979301303&mlon=-90.15474652663121&zoom=16
