address does not match a street: (None, '5124', 'Crown Point Drive') https://osm.org/?mlat=29.77438861915906&mlon=-90.08946418517185&zoom=16
address does not match a street: (None, '4884', 'Delgrandile Drive') https://osm.org/?mlat=29.775641750267383&mlon=-90.08929344826744&zoom=16
address does not match a street: (None, '4877', 'Delgrandile Drive') https://osm.org/?mlat=29.77538051673138&mlon=-90.08862219182244&zoom=16
address has no house number: (None, None, 'Barataria Boulevard') https://osm.org/?mlat=29.77584026867599&mlon=-90.09252994080067&zoom=16
address has no house number: (None, None, 'Oak Trailer Park') https://osm.org/?mlat=29.776189277169138&mlon=-90.09042871187056&zoom=16
address does not match a street: (None, None, 'Oak Trailer Park') https://osm.org/?mlat=29.776189277169138&mlon=-90.09042871187056&zoom=16
address has no house number: (None, None, 'Oak Trailer Park') https://osm.org/?mlat=29.776405934951796&mlon=-90.090063031041&zoom=16
address does not match a street: (None, None, 'Oak Trailer Park') https://osm.org/?mlat=29.776405934951796&mlon=-90.090063031041&zoom=16
address has no house number: (None, None, 'Oak Trailer Park') https://osm.org/?mlat=29.77678449949807&mlon=-90.09048328461543&zoom=16
address does not match a street: (None, None, 'Oak Trailer Park') https://osm.org/?mlat=29.77678449949807&mlon=-90.09048328461543&zoom=16
address has no house number: (None, None, 'Oak Trailer Park') https://osm.org/?mlat=29.77663151387603&mlon=-90.09064012085233&zoom=16
address does not match a street: (None, None, 'Oak Trailer Park') https://osm.org/?mlat=29.77663151387603&mlon=-90.09064012085233&zoom=16
address has no house number: (None, None, 'Oak Trailer Park') https://osm.org/?mlat=29.77686303784452&mlon=-90.08980502508173&zoom=16
address does not match a street: (None, None, 'Oak Trailer Park') https://osm.org/?mlat=29.77686303784452&mlon=-90.08980502508173&zoom=16
address has no house number: (None, None, 'Oak Trailer Park') https://osm.org/?mlat=29.77683038762281&mlon=-90.08961950995234&zoom=16
address does not match a street: (None, None, 'Oak Trailer Park') https://osm.org/?mlat=29.77683038762281&mlon=-90.08961950995234&zoom=16
address has no house number: (None, None, 'Oak Trailer Park') https://osm.org/?mlat=29.77666165871326&mlon=-90.09015281093414&zoom=16
address does not match a street: (None, None, 'Oak Trailer Park') https://osm.org/?mlat=29.77666165871326&mlon=-90.09015281093414&zoom=16
address has no house number: (None, None, 'Oak Trailer Park') https://osm.org/?mlat=29.77632445530092&mlon=-90.09083871155114&zoom=16
address does not match a street: (None, None, 'Oak Trailer Park') https://osm.org/?mlat=29.77632445530092&mlon=-90.09083871155114&zoom=16
address has no house number: (None, None, 'Oak Trailer Park') https://osm.org/?mlat=29.776350913412678&mlon=-90.08996190211502&zoom=16
address does not match a street: (None, None, 'Oak Trailer Park') https://osm.org/?mlat=29.776350913412678&mlon=-90.08996190211502&zoom=16
address does not match a street: (None, '4897', 'Delgrandile Drive') https://osm.org/?mlat=29.77568144498851&mlon=-90.08828644686771&zoom=16
address has no house number: (None, None, 'Oak Trailer Park') https://osm.org/?mlat=29.776446725732573&mlon=-90.09029271064793&zoom=16
address does not match a street: (None, None, 'Oak Trailer Park') https://osm.org/?mlat=29.776446725732573&mlon=-90.09029271064793&zoom=16
address has no house number: (None, None, 'Oak Trailer Park') https://osm.org/?mlat=29.775840581960548&mlon=-90.09071635318438&zoom=16
address does not match a street: (None, None, 'Oak Trailer Park') https://osm.org/?mlat=29.775840581960548&mlon=-90.09071635318438&zoom=16
address has no house number: (None, None, 'Oak Trailer Park') https://osm.org/?mlat=29.776385849025477&mlon=-90.09120536178517&zoom=16
address does not match a street: (None, None, 'Oak Trailer Park') https://osm.org/?mlat=29.776385849025477&mlon=-90.09120536178517&zoom=16
address has no house number: (None, None, 'Oak Trailer Park') https://osm.org/?mlat=29.776300282576557&mlon=-90.09073277125096&zoom=16
address does not match a street: (None, None, 'Oak Trailer Park') https://osm.org/?mlat=29.776300282576557&mlon=-90.09073277125096&zoom=16
address has no house number: (None, None, 'Oak Trailer Park') https://osm.org/?mlat=29.77611507582862&mlon=-90.09034110205381&zoom=16
address does not match a street: (None, None, 'Oak Trailer Park') https://osm.org/?mlat=29.77611507582862&mlon=-90.09034110205381&zoom=16
address has no house number: (None, None, 'Oak Trailer Park') https://osm.org/?mlat=29.776595220472828&mlon=-90.09006952985675&zoom=16
address does not match a street: (None, None, 'Oak Trailer Park') https://osm.org/?mlat=29.776595220472828&mlon=-90.09006952985675&zoom=16
address has no house number: (None, None, 'Oak Trailer Park') https://osm.org/?mlat=29.776599911849996&mlon=-90.09056525945108&zoom=16
address does not match a street: (None, None, 'Oak Trailer Park') https://osm.org/?mlat=29.776599911849996&mlon=-90.09056525945108&zoom=16
address does not match a street: (None, '5144', 'Crown Point Drive') https://osm.org/?mlat=29.774018796844544&mlon=-90.08994628866786&zoom=16
address has no house number: (None, None, 'Oak Trailer Park') https://osm.org/?mlat=29.77656768155224&mlon=-90.09042400680289&zoom=16
address does not match a street: (None, None, 'Oak Trailer Park') https://osm.org/?mlat=29.77656768155224&mlon=-90.09042400680289&zoom=16
address has no house number: (None, None, 'Oak Trailer Park') https://osm.org/?mlat=29.776771504595086&mlon=-90.08951842888575&zoom=16
address does not match a street: (None, None, 'Oak Trailer Park') https://osm.org/?mlat=29.776771504595086&mlon=-90.08951842888575&zoom=16
address has no house number: (None, None, 'Oak Trailer Park') https://osm.org/?mlat=29.77628781976337&mlon=-90.09063996706915&zoom=16
address does not match a street: (None, None, 'Oak Trailer Park') https://osm.org/?mlat=29.77628781976337&mlon=-90.09063996706915&zoom=16
address has no house number: (None, None, 'Oak Trailer Park') https://osm.org/?mlat=29.776804495305957&mlon=-90.08933209711594&zoom=16
address does not match a street: (None, None, 'Oak Trailer Park') https://osm.org/?mlat=29.776804495305957&mlon=-90.08933209711594&zoom=16
address has no house number: (None, None, 'Oak Trailer Park') https://osm.org/?mlat=29.776988769791128&mlon=-90.0904409047814&zoom=16
address does not match a street: (None, None, 'Oak Trailer Park') https://osm.org/?mlat=29.776988769791128&mlon=-90.0904409047814&zoom=16
address has no house number: (None, None, 'Oak Trailer Park') https://osm.org/?mlat=29.77670119271614&mlon=-90.0902497063325&zoom=16
address does not match a street: (None, None, 'Oak Trailer Park') https://osm.org/?mlat=29.77670119271614&mlon=-90.0902497063325&zoom=16
address has no house number: (None, None, 'Oak Trailer Park') https://osm.org/?mlat=29.77671535080429&mlon=-90.08929779312056&zoom=16
address does not match a street: (None, None, 'Oak Trailer Park') https://osm.org/?mlat=29.77671535080429&mlon=-90.08929779312056&zoom=16
address has no house number: (None, None, 'Oak Trailer Park') https://osm.org/?mlat=29.77597828970255&mlon=-90.09057741533177&zoom=16
address does not match a street: (None, None, 'Oak Trailer Park') https://osm.org/?mlat=29.77597828970255&mlon=-90.09057741533177&zoom=16
address has no house number: (None, None, 'Barataria Boulevard') https://osm.org/?mlat=29.77424999026053&mlon=-90.09480003500153&zoom=16
address has no house number: (None, None, 'Lafitte Avenue') https://osm.org/?mlat=29.7765278742596&mlon=-90.09768562087424&zoom=16
address does not match a street: (None, None, 'Lafitte Avenue') https://osm.org/?mlat=29.7765278742596&mlon=-90.09768562087424&zoom=16
