address does not match a street: ('11', 'Mason Street') https://osm.org/?mlat=29.896515554343203&mlon=-90.04535459718863&zoom=16
address does not match a street: ('9', 'Mason Street') https://osm.org/?mlat=29.896647756214154&mlon=-90.04532132387492&zoom=16
address does not match a street: ('5', 'Mason Street') https://osm.org/?mlat=29.896927568846998&mlon=-90.04529619034955&zoom=16
address does not match a street: ('12', 'Mason Street') https://osm.org/?mlat=29.896531287334742&mlon=-90.04581212933043&zoom=16
address does not match a street: ('8', 'Mason Street') https://osm.org/?mlat=29.896791912180205&mlon=-90.04574276321773&zoom=16
address does not match a street: ('6', 'Mason Street') https://osm.org/?mlat=29.89692917781883&mlon=-90.04571588129396&zoom=16
address does not match a street: ('16', 'White Boulevard') https://osm.org/?mlat=29.897420660804503&mlon=-90.0484775052254&zoom=16
address does not match a street: ('88', 'Mason Street') https://osm.org/?mlat=29.891220170706966&mlon=-90.04632254643275&zoom=16
address does not match a street: ('90', 'Mason Street') https://osm.org/?mlat=29.89087976287087&mlon=-90.0463520434217&zoom=16
address does not match a street: ('18', 'White Boulevard') https://osm.org/?mlat=29.89727737782606&mlon=-90.04840042809631&zoom=16
address does not match a street: ('70', 'Mason Street') https://osm.org/?mlat=29.892546588158325&mlon=-90.04611963499185&zoom=16
address does not match a street: ('64', 'Mason Street') https://osm.org/?mlat=29.892950434741007&mlon=-90.04605703459089&zoom=16
address does not match a street: ('63', 'Mason Street') https://osm.org/?mlat=29.892946171625752&mlon=-90.04562161024386&zoom=16
address does not match a street: ('67', 'Mason Street') https://osm.org/?mlat=29.892673930198306&mlon=-90.04565381880398&zoom=16
address does not match a street: ('73', 'Mason Street') https://osm.org/?mlat=29.892259021289423&mlon=-90.04567208286811&zoom=16
address does not match a street: ('12', 'White Boulevard') https://osm.org/?mlat=29.89766449735939&mlon=-90.0486731038077&zoom=16
address does not match a street: ('10', 'White Boulevard') https://osm.org/?mlat=29.89778909079935&mlon=-90.04875687842605&zoom=16
address does not match a street: ('57', 'Mason Street') https://osm.org/?mlat=29.893354997342406&mlon=-90.04555679064856&zoom=16
address does not match a street: ('95', 'Mason Street') https://osm.org/?mlat=29.890545473303128&mlon=-90.04592088455098&zoom=16
address does not match a street: ('94', 'Mason Street') https://osm.org/?mlat=29.8905776728178&mlon=-90.04640041700895&zoom=16
address does not match a street: ('62', 'Mason Street') https://osm.org/?mlat=29.89310828498151&mlon=-90.04615328738262&zoom=16
address does not match a street: ('58', 'Mason Street') https://osm.org/?mlat=29.893368566020143&mlon=-90.0460487733036&zoom=16
address does not match a street: ('83', 'Mason Street') https://osm.org/?mlat=29.891460064932335&mlon=-90.04579573867478&zoom=16
address does not match a street: ('76', 'Mason Street') https://osm.org/?mlat=29.892145921761266&mlon=-90.0461879343641&zoom=16
address does not match a street: ('78', 'Mason Street') https://osm.org/?mlat=29.891981308269333&mlon=-90.04623094904174&zoom=16
address does not match a street: ('82', 'Mason Street') https://osm.org/?mlat=29.891693025534487&mlon=-90.04628488495936&zoom=16
address does not match a street: ('41', 'Mason Street') https://osm.org/?mlat=29.894465967601953&mlon=-90.0455044367639&zoom=16
address does not match a street: ('26', 'Mason Street') https://osm.org/?mlat=29.89557242267841&mlon=-90.04588476039223&zoom=16
address does not match a street: ('28', 'Mason Street') https://osm.org/?mlat=29.895437902559383&mlon=-90.04593671655005&zoom=16
address does not match a street: ('32', 'Mason Street') https://osm.org/?mlat=29.895165822803378&mlon=-90.04592157089068&zoom=16
address does not match a street: ('34', 'Mason Street') https://osm.org/?mlat=29.895025368933638&mlon=-90.04594203597958&zoom=16
address does not match a street: ('40', 'Mason Street') https://osm.org/?mlat=29.89459886561815&mlon=-90.04592529474426&zoom=16
address does not match a street: ('20', 'Mason Street') https://osm.org/?mlat=29.895986902133597&mlon=-90.04582273760849&zoom=16
address does not match a street: ('19', 'Mason Street') https://osm.org/?mlat=29.895980011092234&mlon=-90.04537441942209&zoom=16
address does not match a street: ('33', 'Mason Street') https://osm.org/?mlat=29.89501833077176&mlon=-90.04547865792685&zoom=16
address does not match a street: ('31', 'Mason Street') https://osm.org/?mlat=29.895138558796834&mlon=-90.04543549566887&zoom=16
address does not match a street: ('29', 'Mason Street') https://osm.org/?mlat=29.895276013193197&mlon=-90.04542798294244&zoom=16
address does not match a street: ('25', 'Mason Street') https://osm.org/?mlat=29.895564351660198&mlon=-90.0453797815279&zoom=16
address does not match a street: ('120', 'Mason Street') https://osm.org/?mlat=29.88856343024066&mlon=-90.04652107553474&zoom=16
address does not match a street: ('122', 'Mason Street') https://osm.org/?mlat=29.88842851055127&mlon=-90.04653214021114&zoom=16
address does not match a street: ('23', 'Mason Street') https://osm.org/?mlat=29.89568820343795&mlon=-90.0453875113854&zoom=16
address does not match a street: ('114', 'Mason Street') https://osm.org/?mlat=29.889046785930848&mlon=-90.04647036706851&zoom=16
address does not match a street: ('101', 'Mason Street') https://osm.org/?mlat=29.889888978738888&mlon=-90.04597382777536&zoom=16
address does not match a street: ('100', 'Mason Street') https://osm.org/?mlat=29.890129356022733&mlon=-90.04639041259226&zoom=16
address does not match a street: ('102', 'Mason Street') https://osm.org/?mlat=29.889969875763&mlon=-90.04638314218631&zoom=16
address does not match a street: ('104', 'Mason Street') https://osm.org/?mlat=29.889810642107207&mlon=-90.04640097744395&zoom=16
address does not match a street: ('106', 'Mason Street') https://osm.org/?mlat=29.8896483747478&mlon=-90.0464281777157&zoom=16
address does not match a street: ('110', 'Mason Street') https://osm.org/?mlat=29.889349100706983&mlon=-90.04644494865909&zoom=16
address does not match a street: ('112', 'Mason Street') https://osm.org/?mlat=29.889198146894092&mlon=-90.04647845972944&zoom=16
address does not match a street: ('55', 'Mason Street') https://osm.org/?mlat=29.893506379362854&mlon=-90.04556703470996&zoom=16
address does not match a street: ('51', 'Mason Street') https://osm.org/?mlat=29.893780024569068&mlon=-90.0455729630728&zoom=16
address does not match a street: ('49', 'Mason Street') https://osm.org/?mlat=29.893921982705994&mlon=-90.04555593467573&zoom=16
address does not match a street: ('47', 'Mason Street') https://osm.org/?mlat=29.894042091343643&mlon=-90.04550057785144&zoom=16
address does not match a street: ('105', 'Mason Street') https://osm.org/?mlat=29.88944109024523&mlon=-90.04600758148368&zoom=16
address does not match a street: ('43', 'Mason Street') https://osm.org/?mlat=29.894330619558662&mlon=-90.04547174518662&zoom=16
address does not match a street: ('42', 'Mason Street') https://osm.org/?mlat=29.894464731866577&mlon=-90.04595285190894&zoom=16
address does not match a street: ('44', 'Mason Street') https://osm.org/?mlat=29.894323997073414&mlon=-90.04594462260103&zoom=16
address does not match a street: ('48', 'Mason Street') https://osm.org/?mlat=29.894052661682643&mlon=-90.04600551679505&zoom=16
address does not match a street: ('50', 'Mason Street') https://osm.org/?mlat=29.893926456708684&mlon=-90.0460128835878&zoom=16
address does not match a street: ('52', 'Mason Street') https://osm.org/?mlat=29.893777449009033&mlon=-90.04598969398188&zoom=16
address does not match a street: ('56', 'Mason Street') https://osm.org/?mlat=29.89351404939942&mlon=-90.04603111413502&zoom=16
address does not match a street: ('14', 'White Boulevard') https://osm.org/?mlat=29.897539874923744&mlon=-90.04858645937833&zoom=16
address does not match a street: ('4', 'Mason Street') https://osm.org/?mlat=29.897086775391504&mlon=-90.04578631239731&zoom=16
address does not match a street: ('10', 'Mason Street') https://osm.org/?mlat=29.8966603634656&mlon=-90.04577889692933&zoom=16
address does not match a street: ('16', 'Mason Street') https://osm.org/?mlat=29.896258890564273&mlon=-90.04582855667742&zoom=16
address does not match a street: ('118', 'Mason Street') https://osm.org/?mlat=29.888744758936426&mlon=-90.04652519434055&zoom=16
address does not match a street: ('81', 'Mason Street') https://osm.org/?mlat=29.89161394675207&mlon=-90.04580595066835&zoom=16
address does not match a street: ('7', 'Mason Street') https://osm.org/?mlat=29.89679008547321&mlon=-90.04530083338403&zoom=16
address does not match a street: ('17', 'Mason Street') https://osm.org/?mlat=29.896114271168273&mlon=-90.04535977394582&zoom=16
address does not match a street: ('24', 'Mason Street') https://osm.org/?mlat=29.895698647791317&mlon=-90.04587954581127&zoom=16
address does not match a street: ('86', 'Mason Street') https://osm.org/?mlat=29.891382346736837&mlon=-90.0462860195706&zoom=16
address does not match a street: ('80', 'Mason Street') https://osm.org/?mlat=29.891835671276418&mlon=-90.04623282647317&zoom=16
address does not match a street: ('36', 'Mason Street') https://osm.org/?mlat=29.894871142171006&mlon=-90.04589667374627&zoom=16
address does not match a street: ('30', 'Mason Street') https://osm.org/?mlat=29.895283458989894&mlon=-90.04586911602978&zoom=16
address does not match a street: ('72', 'Mason Street') https://osm.org/?mlat=29.892417693538917&mlon=-90.04617151673382&zoom=16
address does not match a street: ('22', 'Mason Street') https://osm.org/?mlat=29.895843821185828&mlon=-90.04583032240313&zoom=16
address does not match a street: ('27', 'Mason Street') https://osm.org/?mlat=29.895430247048274&mlon=-90.04541020965047&zoom=16
address does not match a street: ('115', 'Mason Street') https://osm.org/?mlat=29.888789659242487&mlon=-90.04606691608794&zoom=16
address does not match a street: ('108', 'Mason Street') https://osm.org/?mlat=29.889505363860234&mlon=-90.04644293462655&zoom=16
address does not match a street: ('116', 'Mason Street') https://osm.org/?mlat=29.888901520927984&mlon=-90.04651026147152&zoom=16
address does not match a street: ('98', 'Mason Street') https://osm.org/?mlat=29.890274964971002&mlon=-90.04638566663577&zoom=16
address does not match a street: ('11', 'White Boulevard') https://osm.org/?mlat=29.89777009716228&mlon=-90.04822046067392&zoom=16
address does not match a street: ('53', 'Mason Street') https://osm.org/?mlat=29.893635709272676&mlon=-90.04555962707859&zoom=16
address does not match a street: ('21', 'Mason Street') https://osm.org/?mlat=29.8958426260689&mlon=-90.04538910620671&zoom=16
address does not match a street: ('96', 'Mason Street') https://osm.org/?mlat=29.890426101265913&mlon=-90.04637080479579&zoom=16
address does not match a street: ('15', 'Mason Street') https://osm.org/?mlat=29.896251909112863&mlon=-90.04537091184847&zoom=16
address does not match a street: ('14', 'Mason Street') https://osm.org/?mlat=29.89638534049391&mlon=-90.04578244370647&zoom=16
address does not match a street: ('2', 'Mason Street') https://osm.org/?mlat=29.89721269142872&mlon=-90.04574953255252&zoom=16
address does not match a street: ('13', 'White Boulevard') https://osm.org/?mlat=29.89760752938881&mlon=-90.04815295963785&zoom=16
address does not match a street: ('15', 'White Boulevard') https://osm.org/?mlat=29.897490632396536&mlon=-90.04802532165704&zoom=16
address does not match a street: ('45', 'Mason Street') https://osm.org/?mlat=29.89419097267089&mlon=-90.04551085415369&zoom=16
address does not match a street: ('46', 'Mason Street') https://osm.org/?mlat=29.89418698415128&mlon=-90.04599732774396&zoom=16
address does not match a street: ('54', 'Mason Street') https://osm.org/?mlat=29.8936482753316&mlon=-90.04602218709248&zoom=16
address does not match a street: ('60', 'Mason Street') https://osm.org/?mlat=29.893231300255003&mlon=-90.0460756538111&zoom=16
address does not match a street: ('68', 'Mason Street') https://osm.org/?mlat=29.89269234450872&mlon=-90.04612995235111&zoom=16
address does not match a street: ('66', 'Mason Street') https://osm.org/?mlat=29.892821483977546&mlon=-90.046103177868&zoom=16
address does not match a street: ('71', 'Mason Street') https://osm.org/?mlat=29.892412784593382&mlon=-90.0456700998067&zoom=16
address does not match a street: ('65', 'Mason Street') https://osm.org/?mlat=29.892825192808907&mlon=-90.04565186795779&zoom=16
address does not match a street: ('75', 'Mason Street') https://osm.org/?mlat=29.892124944658303&mlon=-90.0457053794661&zoom=16
address does not match a street: ('84', 'Mason Street') https://osm.org/?mlat=29.891530920036626&mlon=-90.04626473452822&zoom=16
address does not match a street: ('79', 'Mason Street') https://osm.org/?mlat=29.891786721554062&mlon=-90.04576641694909&zoom=16
address does not match a street: ('61', 'Mason Street') https://osm.org/?mlat=29.893086028412647&mlon=-90.04560402309654&zoom=16
address has no house number: (None, 'Mason Street') https://osm.org/?mlat=29.89407714347782&mlon=-90.04620751749235&zoom=16
address does not match a street: (None, 'Mason Street') https://osm.org/?mlat=29.89407714347782&mlon=-90.04620751749235&zoom=16
address has no house number: (None, 'Creagan Avenue') https://osm.org/?mlat=29.89458820194651&mlon=-90.04426240625459&zoom=16
address does not match a street: ('13', 'Mason Street') https://osm.org/?mlat=29.896389237929785&mlon=-90.04535048705388&zoom=16
address does not match a street: ('92', 'Mason Street') https://osm.org/?mlat=29.8907298699077&mlon=-90.04636617178231&zoom=16
address does not match a street: ('35', 'Mason Street') https://osm.org/?mlat=29.894866351617296&mlon=-90.04540743974533&zoom=16
address does not match a street: ('37', 'Mason Street') https://osm.org/?mlat=29.8947235587233&mlon=-90.04544443685988&zoom=16
address does not match a street: ('38', 'Mason Street') https://osm.org/?mlat=29.89475406074931&mlon=-90.04600579953559&zoom=16
address has no house number: (None, 'Huey P Long Avenue & 27th Street') https://osm.org/?mlat=29.897631016607793&mlon=-90.05123591182021&zoom=16
address does not match a street: (None, 'Huey P Long Avenue & 27th Street') https://osm.org/?mlat=29.897631016607793&mlon=-90.05123591182021&zoom=16
address does not match a street: ('119', 'Mason Street') https://osm.org/?mlat=29.888653943554466&mlon=-90.04622386031056&zoom=16
address does not match a street: ('59', 'Mason Street') https://osm.org/?mlat=29.89322085752431&mlon=-90.04558363047663&zoom=16
