address does not match a street: (None, '1', 'White Boulevard') https://osm.org/?mlat=29.898419143374117&mlon=-90.04874877171073&zoom=16
address does not match a street: (None, '7', 'White Boulevard') https://osm.org/?mlat=29.898008842505007&mlon=-90.0484067980934&zoom=16
address does not match a street: (None, '64', 'Howard Street') https://osm.org/?mlat=29.90645324726205&mlon=-90.04605655950348&zoom=16
address does not match a street: (None, '66', 'Howard Street') https://osm.org/?mlat=29.906280073109986&mlon=-90.04611906469478&zoom=16
address does not match a street: (None, '8', 'White Boulevard') https://osm.org/?mlat=29.89791127639971&mlon=-90.04885001200638&zoom=16
address does not match a street: (None, '2', 'White Boulevard') https://osm.org/?mlat=29.898287831914995&mlon=-90.04912928446107&zoom=16
address does not match a street: (None, '9', 'White Boulevard') https://osm.org/?mlat=29.897897999002762&mlon=-90.04832284674919&zoom=16
address does not match a street: (None, '60', 'Howard Street') https://osm.org/?mlat=29.90688422375036&mlon=-90.04601943104356&zoom=16
address does not match a street: (None, '6', 'White Boulevard') https://osm.org/?mlat=29.898046523860256&mlon=-90.04893652039509&zoom=16
address does not match a street: (None, '5', 'White Boulevard') https://osm.org/?mlat=29.898152616077454&mlon=-90.04853409234133&zoom=16
address does not match a street: (None, '62', 'Howard Street') https://osm.org/?mlat=29.906634393013217&mlon=-90.04604202544424&zoom=16
address has no house number: (None, None, 'Smithway Drive') https://osm.org/?mlat=29.90685981167096&mlon=-90.04972577815751&zoom=16
address has no house number: (None, None, 'Lafayette Street') https://osm.org/?mlat=29.899476363990253&mlon=-90.04940170271047&zoom=16
address has no house number: (None, None, 'Lafayette Street') https://osm.org/?mlat=29.8993719619466&mlon=-90.04927318257717&zoom=16
address does not match a street: (None, '3', 'White Boulevard') https://osm.org/?mlat=29.89828055270432&mlon=-90.04864006574157&zoom=16
address has no house number: (None, None, 'Belle Chasse Highway') https://osm.org/?mlat=29.901029591081517&mlon=-90.04797115029726&zoom=16
address has no house number: (None, None, '23rd Street') https://osm.org/?mlat=29.90190675269865&mlon=-90.05208185083484&zoom=16
address has no house number: (None, None, 'Weyer Street') https://osm.org/?mlat=29.90167902236819&mlon=-90.05488944316022&zoom=16
address does not match a street: (None, '4', 'White Boulevard') https://osm.org/?mlat=29.898152576675994&mlon=-90.04904205810142&zoom=16
address has no house number: (None, None, 'Lafayette Street') https://osm.org/?mlat=29.906641707861105&mlon=-90.05441689992999&zoom=16
