address does not match a street: ('3729', 'North Causeway Boulevard East') https://osm.org/?mlat=30.01664604259797&mlon=-90.15422180081787&zoom=16
address does not match a street: ('3525', 'North Causeway Boulevard East') https://osm.org/?mlat=30.013558404574088&mlon=-90.15420630799686&zoom=16
address does not match a street: ('3525', 'North Causeway Boulevard East') https://osm.org/?mlat=30.013363286242708&mlon=-90.15403713560106&zoom=16
address does not match a street: ('3525', 'North Causeway Boulevard East') https://osm.org/?mlat=30.01361856674699&mlon=-90.15416851939902&zoom=16
address does not match a street: ('3525', 'North Causeway Boulevard East') https://osm.org/?mlat=30.013279798184463&mlon=-90.15417252520368&zoom=16
address does not match a street: ('3525', 'North Causeway Boulevard East') https://osm.org/?mlat=30.01330736409856&mlon=-90.15409804710461&zoom=16
address does not match a street: ('3525', 'North Causeway Boulevard East') https://osm.org/?mlat=30.013492839437507&mlon=-90.15409121876014&zoom=16
address does not match a street: ('3525', 'North Causeway Boulevard East') https://osm.org/?mlat=30.013581689010085&mlon=-90.15410407216058&zoom=16
address does not match a street: ('3525', 'North Causeway Boulevard East') https://osm.org/?mlat=30.013409018419555&mlon=-90.1541895363201&zoom=16
address does not match a street: ('3525', 'North Causeway Boulevard East') https://osm.org/?mlat=30.01334769416237&mlon=-90.1540975701887&zoom=16
address does not match a street: ('3525', 'North Causeway Boulevard East') https://osm.org/?mlat=30.013275100769018&mlon=-90.15409842862853&zoom=16
address does not match a street: ('3525', 'North Causeway Boulevard East') https://osm.org/?mlat=30.01339604854913&mlon=-90.1540923633506&zoom=16
address does not match a street: ('3525', 'North Causeway Boulevard East') https://osm.org/?mlat=30.01331235202689&mlon=-90.15420458235135&zoom=16
address does not match a street: ('3525', 'North Causeway Boulevard East') https://osm.org/?mlat=30.013517285958333&mlon=-90.15411873678265&zoom=16
address does not match a street: ('3525', 'North Causeway Boulevard East') https://osm.org/?mlat=30.013606053423427&mlon=-90.15412232213588&zoom=16
address does not match a street: ('3525', 'North Causeway Boulevard East') https://osm.org/?mlat=30.013270569328952&mlon=-90.1540428670897&zoom=16
address does not match a street: ('3525', 'North Causeway Boulevard East') https://osm.org/?mlat=30.013586261921546&mlon=-90.15416426738844&zoom=16
address does not match a street: ('3525', 'North Causeway Boulevard East') https://osm.org/?mlat=30.01358539032975&mlon=-90.15406695117912&zoom=16
address does not match a street: ('3525', 'North Causeway Boulevard East') https://osm.org/?mlat=30.013372763219405&mlon=-90.15419459901001&zoom=16
address does not match a street: ('3525', 'North Causeway Boulevard East') https://osm.org/?mlat=30.013598982734848&mlon=-90.15423363532508&zoom=16
address does not match a street: ('3525', 'North Causeway Boulevard East') https://osm.org/?mlat=30.013528721069758&mlon=-90.15404444821525&zoom=16
address does not match a street: ('3525', 'North Causeway Boulevard East') https://osm.org/?mlat=30.013614866300877&mlon=-90.15420564037834&zoom=16
address does not match a street: ('3525', 'North Causeway Boulevard East') https://osm.org/?mlat=30.01354123533217&mlon=-90.15409064645876&zoom=16
address does not match a street: ('3525', 'North Causeway Boulevard East') https://osm.org/?mlat=30.013617819678068&mlon=-90.15408510577436&zoom=16
address does not match a street: ('3525', 'North Causeway Boulevard East') https://osm.org/?mlat=30.0135689266172&mlon=-90.15403006970388&zoom=16
address does not match a street: ('3525', 'North Causeway Boulevard East') https://osm.org/?mlat=30.013420536578217&mlon=-90.15412451588847&zoom=16
address does not match a street: ('3525', 'North Causeway Boulevard East') https://osm.org/?mlat=30.013344324843786&mlon=-90.1541717622035&zoom=16
address does not match a street: ('3525', 'North Causeway Boulevard East') https://osm.org/?mlat=30.013617321608937&mlon=-90.15402949738304&zoom=16
address does not match a street: ('3525', 'North Causeway Boulevard East') https://osm.org/?mlat=30.013448435400306&mlon=-90.15408710882174&zoom=16
address does not match a street: ('3525', 'North Causeway Boulevard East') https://osm.org/?mlat=30.013344781366914&mlon=-90.15422273797819&zoom=16
address does not match a street: ('3525', 'North Causeway Boulevard East') https://osm.org/?mlat=30.013641852055542&mlon=-90.15406628348154&zoom=16
address does not match a street: ('3525', 'North Causeway Boulevard East') https://osm.org/?mlat=30.0133157213547&mlon=-90.15413038932488&zoom=16
address does not match a street: ('3525', 'North Causeway Boulevard East') https://osm.org/?mlat=30.01363420037706&mlon=-90.15411272024659&zoom=16
address does not match a street: ('3525', 'North Causeway Boulevard East') https://osm.org/?mlat=30.0133188822122&mlon=-90.15403302672868&zoom=16
address does not match a street: ('3525', 'North Causeway Boulevard East') https://osm.org/?mlat=30.01368328996047&mlon=-90.15421529256511&zoom=16
address does not match a street: ('3525', 'North Causeway Boulevard East') https://osm.org/?mlat=30.01337613254157&mlon=-90.15412040593822&zoom=16
address does not match a street: ('3525', 'North Causeway Boulevard East') https://osm.org/?mlat=30.013541940891237&mlon=-90.15416942547196&zoom=16
address does not match a street: ('3525', 'North Causeway Boulevard East') https://osm.org/?mlat=30.01328029620249&mlon=-90.15422813444411&zoom=16
address does not match a street: ('3801', 'North Causeway Boulevard East') https://osm.org/?mlat=30.017356419202738&mlon=-90.15426670745957&zoom=16
address does not match a street: ('3801', 'North Causeway Boulevard East') https://osm.org/?mlat=30.017299922264776&mlon=-90.15427432052911&zoom=16
address does not match a street: ('3801', 'North Causeway Boulevard East') https://osm.org/?mlat=30.017235395644793&mlon=-90.1542750834932&zoom=16
address does not match a street: ('3801', 'North Causeway Boulevard East') https://osm.org/?mlat=30.01740818979251&mlon=-90.15420351935785&zoom=16
address does not match a street: ('3801', 'North Causeway Boulevard East') https://osm.org/?mlat=30.017323498154596&mlon=-90.15420452081456&zoom=16
address does not match a street: ('3801', 'North Causeway Boulevard East') https://osm.org/?mlat=30.01740519480759&mlon=-90.1543194238128&zoom=16
address does not match a street: ('3801', 'North Causeway Boulevard East') https://osm.org/?mlat=30.01732860958583&mlon=-90.15432496350171&zoom=16
address does not match a street: ('3801', 'North Causeway Boulevard East') https://osm.org/?mlat=30.017472800313307&mlon=-90.15421202475913&zoom=16
address does not match a street: ('3801', 'North Causeway Boulevard East') https://osm.org/?mlat=30.017473837783502&mlon=-90.15432788161102&zoom=16
address does not match a street: ('3801', 'North Causeway Boulevard East') https://osm.org/?mlat=30.01725597474448&mlon=-90.1543211881268&zoom=16
address does not match a street: ('3801', 'North Causeway Boulevard East') https://osm.org/?mlat=30.017428977306924&mlon=-90.15427279457664&zoom=16
address does not match a street: ('3801', 'North Causeway Boulevard East') https://osm.org/?mlat=30.017489472364492&mlon=-90.15427207927905&zoom=16
address does not match a street: ('3801', 'North Causeway Boulevard East') https://osm.org/?mlat=30.01724691293672&mlon=-90.15421006058716&zoom=16
address has no house number: (None, 'Hessmer Avenue') https://osm.org/?mlat=30.01257304215389&mlon=-90.16350218035493&zoom=16
address has no house number: (None, 'North Arnoult Road') https://osm.org/?mlat=30.01209973974637&mlon=-90.16085777083411&zoom=16
address does not match a street: ('3501', 'North Causeway Boulevard East') https://osm.org/?mlat=30.012583536620987&mlon=-90.15395542134836&zoom=16
address does not match a street: ('3501', 'North Causeway Boulevard East') https://osm.org/?mlat=30.01274132075342&mlon=-90.15389042348168&zoom=16
address does not match a street: ('3501', 'North Causeway Boulevard East') https://osm.org/?mlat=30.01268911266781&mlon=-90.15401544884823&zoom=16
address does not match a street: ('3501', 'North Causeway Boulevard East') https://osm.org/?mlat=30.012794573172137&mlon=-90.15406247889037&zoom=16
address does not match a street: ('3501', 'North Causeway Boulevard East') https://osm.org/?mlat=30.012746132044082&mlon=-90.15406676512777&zoom=16
address does not match a street: ('3501', 'North Causeway Boulevard East') https://osm.org/?mlat=30.012768986354256&mlon=-90.15409249068432&zoom=16
address does not match a street: ('3501', 'North Causeway Boulevard East') https://osm.org/?mlat=30.012821260137624&mlon=-90.15397489230774&zoom=16
address does not match a street: ('3501', 'North Causeway Boulevard East') https://osm.org/?mlat=30.01282828923359&mlon=-90.1540379410374&zoom=16
address does not match a street: ('3501', 'North Causeway Boulevard East') https://osm.org/?mlat=30.01270977447454&mlon=-90.15405929038562&zoom=16
address does not match a street: ('3501', 'North Causeway Boulevard East') https://osm.org/?mlat=30.012595252213963&mlon=-90.15401619704627&zoom=16
address does not match a street: ('3501', 'North Causeway Boulevard East') https://osm.org/?mlat=30.012814170016117&mlon=-90.15391349470585&zoom=16
address does not match a street: ('3501', 'North Causeway Boulevard East') https://osm.org/?mlat=30.012697236026&mlon=-90.15395952856618&zoom=16
address does not match a street: ('3501', 'North Causeway Boulevard East') https://osm.org/?mlat=30.012614217699372&mlon=-90.153931496836&zoom=16
address does not match a street: ('3501', 'North Causeway Boulevard East') https://osm.org/?mlat=30.012796787510418&mlon=-90.15412929897356&zoom=16
address does not match a street: ('3501', 'North Causeway Boulevard East') https://osm.org/?mlat=30.012582971157567&mlon=-90.15389229633152&zoom=16
address does not match a street: ('3501', 'North Causeway Boulevard East') https://osm.org/?mlat=30.012607055251884&mlon=-90.15405541189685&zoom=16
address does not match a street: ('3501', 'North Causeway Boulevard East') https://osm.org/?mlat=30.012753061331985&mlon=-90.15411867482007&zoom=16
address does not match a street: ('3501', 'North Causeway Boulevard East') https://osm.org/?mlat=30.012631675819385&mlon=-90.15409782780871&zoom=16
address does not match a street: ('3501', 'North Causeway Boulevard East') https://osm.org/?mlat=30.01283350216134&mlon=-90.1540787298454&zoom=16
address does not match a street: ('3501', 'North Causeway Boulevard East') https://osm.org/?mlat=30.01283875182684&mlon=-90.15394311847264&zoom=16
address does not match a street: ('3501', 'North Causeway Boulevard East') https://osm.org/?mlat=30.012784429437133&mlon=-90.15388176634067&zoom=16
address does not match a street: ('3501', 'North Causeway Boulevard East') https://osm.org/?mlat=30.012816748982587&mlon=-90.15401708573982&zoom=16
address does not match a street: ('3501', 'North Causeway Boulevard East') https://osm.org/?mlat=30.01259433871661&mlon=-90.15409229701778&zoom=16
address does not match a street: ('3501', 'North Causeway Boulevard East') https://osm.org/?mlat=30.012785012773538&mlon=-90.15395182148973&zoom=16
address does not match a street: ('3501', 'North Causeway Boulevard East') https://osm.org/?mlat=30.012712052460817&mlon=-90.15399300088552&zoom=16
address does not match a street: ('3501', 'North Causeway Boulevard East') https://osm.org/?mlat=30.012620863815926&mlon=-90.15413078109282&zoom=16
address does not match a street: ('3501', 'North Causeway Boulevard East') https://osm.org/?mlat=30.012780513490316&mlon=-90.15402726943582&zoom=16
address does not match a street: ('3501', 'North Causeway Boulevard East') https://osm.org/?mlat=30.01266414114208&mlon=-90.15411415622101&zoom=16
address does not match a street: ('3501', 'North Causeway Boulevard East') https://osm.org/?mlat=30.01276640613065&mlon=-90.15398482451927&zoom=16
address does not match a street: ('3501', 'North Causeway Boulevard East') https://osm.org/?mlat=30.012757126835414&mlon=-90.154031355809&zoom=16
address does not match a street: ('3501', 'North Causeway Boulevard East') https://osm.org/?mlat=30.012833851371422&mlon=-90.15411771947369&zoom=16
address does not match a street: ('3501', 'North Causeway Boulevard East') https://osm.org/?mlat=30.012712052460817&mlon=-90.15399300088552&zoom=16
address does not match a street: ('3501', 'North Causeway Boulevard East') https://osm.org/?mlat=30.012836587295837&mlon=-90.15388186890473&zoom=16
address does not match a street: ('3501', 'North Causeway Boulevard East') https://osm.org/?mlat=30.01277703500961&mlon=-90.15390856907885&zoom=16
address does not match a street: ('3501', 'North Causeway Boulevard East') https://osm.org/?mlat=30.012749716114445&mlon=-90.15392560348393&zoom=16
address does not match a street: ('3501', 'North Causeway Boulevard East') https://osm.org/?mlat=30.01281394730992&mlon=-90.1540887712104&zoom=16
address does not match a street: ('3501', 'North Causeway Boulevard East') https://osm.org/?mlat=30.01271273323172&mlon=-90.15412591915339&zoom=16
address does not match a street: ('3501', 'North Causeway Boulevard East') https://osm.org/?mlat=30.012599943910427&mlon=-90.15398307977601&zoom=16
address does not match a street: ('3501', 'North Causeway Boulevard East') https://osm.org/?mlat=30.012691280822033&mlon=-90.15392078567592&zoom=16
address does not match a street: ('3501', 'North Causeway Boulevard East') https://osm.org/?mlat=30.01266815764914&mlon=-90.15402126674701&zoom=16
address does not match a street: ('3501', 'North Causeway Boulevard East') https://osm.org/?mlat=30.012833851371422&mlon=-90.15411771947369&zoom=16
address does not match a street: ('3501', 'North Causeway Boulevard East') https://osm.org/?mlat=30.01265459924654&mlon=-90.15395086752594&zoom=16
address does not match a street: ('3501', 'North Causeway Boulevard East') https://osm.org/?mlat=30.012742085791594&mlon=-90.15397582866176&zoom=16
address has no house number: (None, 'North Arnoult Road') https://osm.org/?mlat=30.01248418306488&mlon=-90.16105703673733&zoom=16
address does not match a street: ('3749', 'North Causeway Boulevard East') https://osm.org/?mlat=30.016775505997973&mlon=-90.15414669167431&zoom=16
address does not match a street: ('3749', 'North Causeway Boulevard East') https://osm.org/?mlat=30.01686326303624&mlon=-90.15414565392489&zoom=16
address does not match a street: ('3749', 'North Causeway Boulevard East') https://osm.org/?mlat=30.016945831599337&mlon=-90.1541417114593&zoom=16
address has no house number: (None, 'North Causeway Boulevard East') https://osm.org/?mlat=30.015304288694683&mlon=-90.1540014439948&zoom=16
address does not match a street: (None, 'North Causeway Boulevard East') https://osm.org/?mlat=30.015304288694683&mlon=-90.1540014439948&zoom=16
address does not match a street: ('3633', 'North Causeway Boulevard East') https://osm.org/?mlat=30.015353836716905&mlon=-90.15403824378595&zoom=16
address does not match a street: ('3525', 'North Causeway Boulevard East') https://osm.org/?mlat=30.01345882354242&mlon=-90.15416427940033&zoom=16
address does not match a street: ('3501', 'North Causeway Boulevard East') https://osm.org/?mlat=30.012629663523676&mlon=-90.15387317507617&zoom=16
address does not match a street: ('3501', 'North Causeway Boulevard East') https://osm.org/?mlat=30.012737026170086&mlon=-90.15385093837018&zoom=16
address has no house number: (None, 'Division Street') https://osm.org/?mlat=30.01336656885596&mlon=-90.16442296394239&zoom=16
address does not match a street: ('3501', 'North Causeway Boulevard East') https://osm.org/?mlat=30.012766824360384&mlon=-90.1538511281096&zoom=16
address does not match a street: ('3838', 'North Causeway Boulevard West') https://osm.org/?mlat=30.018474393363224&mlon=-90.15494098517776&zoom=16
address does not match a street: ('3525', 'North Causeway Boulevard East') https://osm.org/?mlat=30.01349770287266&mlon=-90.15418385264167&zoom=16
address does not match a street: ('3525', 'North Causeway Boulevard East') https://osm.org/?mlat=30.013619355266545&mlon=-90.15425656757601&zoom=16
address does not match a street: ('3525', 'North Causeway Boulevard East') https://osm.org/?mlat=30.013432967799623&mlon=-90.15416144500716&zoom=16
address does not match a street: ('3525', 'North Causeway Boulevard East') https://osm.org/?mlat=30.013389518295813&mlon=-90.15426392013875&zoom=16
address does not match a street: ('3525', 'North Causeway Boulevard East') https://osm.org/?mlat=30.013309231651416&mlon=-90.15430658051967&zoom=16
address does not match a street: ('3525', 'North Causeway Boulevard East') https://osm.org/?mlat=30.013473006437316&mlon=-90.15412852942707&zoom=16
address does not match a street: ('3525', 'North Causeway Boulevard East') https://osm.org/?mlat=30.013595448262016&mlon=-90.15428929242138&zoom=16
address does not match a street: ('3501', 'North Causeway Boulevard East') https://osm.org/?mlat=30.012815306103683&mlon=-90.15385369271651&zoom=16
address does not match a street: ('3525', 'North Causeway Boulevard East') https://osm.org/?mlat=30.01355100273856&mlon=-90.15428054887927&zoom=16
address does not match a street: ('3525', 'North Causeway Boulevard East') https://osm.org/?mlat=30.013546637373704&mlon=-90.15424352329595&zoom=16
address does not match a street: ('3525', 'North Causeway Boulevard East') https://osm.org/?mlat=30.013284826662247&mlon=-90.1542836960075&zoom=16
address does not match a street: ('3525', 'North Causeway Boulevard East') https://osm.org/?mlat=30.013662128195545&mlon=-90.15437030721846&zoom=16
address does not match a street: ('3525', 'North Causeway Boulevard East') https://osm.org/?mlat=30.01335338759155&mlon=-90.15428288538016&zoom=16
address does not match a street: ('3525', 'North Causeway Boulevard East') https://osm.org/?mlat=30.013385858413024&mlon=-90.15430567454358&zoom=16
address does not match a street: ('3501', 'North Causeway Boulevard East') https://osm.org/?mlat=30.012602060986794&mlon=-90.1538586469622&zoom=16
address does not match a street: ('3525', 'North Causeway Boulevard East') https://osm.org/?mlat=30.01364384415682&mlon=-90.15428872021553&zoom=16
address does not match a street: ('3525', 'North Causeway Boulevard East') https://osm.org/?mlat=30.01366170723632&mlon=-90.15439160893048&zoom=16
address does not match a street: ('3613', 'North Causeway Boulevard East') https://osm.org/?mlat=30.014973201231587&mlon=-90.15437704295405&zoom=16
address does not match a street: ('3711', 'North Causeway Boulevard East') https://osm.org/?mlat=30.016068227221698&mlon=-90.15466843486293&zoom=16
address does not match a street: ('3701', 'North Causeway Boulevard East') https://osm.org/?mlat=30.016371745499523&mlon=-90.1544027430123&zoom=16
address does not match a street: ('3525', 'North Causeway Boulevard East') https://osm.org/?mlat=30.013607117733432&mlon=-90.1544533526739&zoom=16
address does not match a street: ('3748', 'North Causeway Boulevard West') https://osm.org/?mlat=30.016954045600308&mlon=-90.15508989096253&zoom=16
address does not match a street: ('3748', 'North Causeway Boulevard West') https://osm.org/?mlat=30.016886120617453&mlon=-90.15510137180833&zoom=16
address does not match a street: ('3748', 'North Causeway Boulevard West') https://osm.org/?mlat=30.01695608452278&mlon=-90.15517296243613&zoom=16
address does not match a street: ('3748', 'North Causeway Boulevard West') https://osm.org/?mlat=30.01695472380038&mlon=-90.15502090135561&zoom=16
address does not match a street: ('3748', 'North Causeway Boulevard West') https://osm.org/?mlat=30.017018452166692&mlon=-90.15509980821847&zoom=16
new building address (('3420', 'Severn Avenue') https://osm.org/?mlat=30.01211335823555&mlon=-90.1596213459078&zoom=16) does not match the old one (('3225', 'Severn Ave'))
address has no house number: (None, 'Edenborn Avenue') https://osm.org/?mlat=30.01317912488809&mlon=-90.16228408985954&zoom=16
address has no house number: (None, 'Edenborn Avenue') https://osm.org/?mlat=30.012955386512406&mlon=-90.16229224692384&zoom=16
address has no house number: (None, 'Edenborn Avenue') https://osm.org/?mlat=30.01296277397789&mlon=-90.16204052205282&zoom=16
address has no house number: (None, 'Edenborn Avenue') https://osm.org/?mlat=30.013518363326156&mlon=-90.1620035777625&zoom=16
address has no house number: (None, 'Edenborn Avenue') https://osm.org/?mlat=30.013535384241226&mlon=-90.16229373253321&zoom=16
address has no house number: (None, 'Edenborn Avenue') https://osm.org/?mlat=30.013710101607646&mlon=-90.1622732805796&zoom=16
new building address (('3532', 'Severn Avenue') https://osm.org/?mlat=30.01349065548853&mlon=-90.15955345731763&zoom=16) does not match the old one ((None, 'Severn'))
new building address (('3501', 'North Arnoult Road') https://osm.org/?mlat=30.0128107451695&mlon=-90.16014733235085&zoom=16) does not match the old one ((None, 'N Arnoult'))
address has no house number: (None, 'North Causeway Boulevard') https://osm.org/?mlat=30.012282162228466&mlon=-90.15685802044207&zoom=16
new building address ((None, 'North Causeway Boulevard') https://osm.org/?mlat=30.012282162228466&mlon=-90.15685802044207&zoom=16) does not match the old one (('3500', 'North Causeway Boulevard'))
