address does not match a street: ('536', 'Seven Oaks Boulevard') https://osm.org/?mlat=29.928262893414157&mlon=-90.15429623677636&zoom=16
address has no house number: (None, 'Lafitte Street') https://osm.org/?mlat=29.93482744351107&mlon=-90.16421055433537&zoom=16
address has no house number: (None, 'Lafitte Street') https://osm.org/?mlat=29.93472793971005&mlon=-90.16441530257234&zoom=16
address has no house number: (None, 'Lafitte Street') https://osm.org/?mlat=29.934599618385647&mlon=-90.16422776471933&zoom=16
address does not match a street: ('701', 'Seven Oaks Boulevard') https://osm.org/?mlat=29.928396526856602&mlon=-90.15760172303781&zoom=16
address does not match a street: ('539', 'Seven Oaks Boulevard') https://osm.org/?mlat=29.926500219830658&mlon=-90.1549016521395&zoom=16
address does not match a street: ('1020', 'Seven Oaks Boulevard') https://osm.org/?mlat=29.93058217503163&mlon=-90.1634366521495&zoom=16
address does not match a street: ('1020', 'Seven Oaks Boulevard') https://osm.org/?mlat=29.930427448331553&mlon=-90.16350381914305&zoom=16
address does not match a street: ('1020', 'Seven Oaks Boulevard') https://osm.org/?mlat=29.930514626202765&mlon=-90.16348623031779&zoom=16
address does not match a street: ('1024', 'Seven Oaks Boulevard') https://osm.org/?mlat=29.930587639367076&mlon=-90.1636110151301&zoom=16
address does not match a street: ('850', 'Seven Oaks Boulevard') https://osm.org/?mlat=29.929121742370075&mlon=-90.15742437361398&zoom=16
address does not match a street: ('952', 'Seven Oaks Boulevard') https://osm.org/?mlat=29.930370641262947&mlon=-90.16222446772653&zoom=16
address does not match a street: ('999', 'Seven Oaks Boulevard') https://osm.org/?mlat=29.929702018991883&mlon=-90.16249012310577&zoom=16
address does not match a street: ('999', 'Seven Oaks Boulevard') https://osm.org/?mlat=29.929662299829676&mlon=-90.16253334242033&zoom=16
address does not match a street: ('953', 'Seven Oaks Boulevard') https://osm.org/?mlat=29.92965397545774&mlon=-90.16240404577515&zoom=16
address does not match a street: ('949', 'Seven Oaks Boulevard') https://osm.org/?mlat=29.929629515018885&mlon=-90.16176631293237&zoom=16
address does not match a street: ('901', 'Seven Oaks Boulevard') https://osm.org/?mlat=29.929447640820456&mlon=-90.1604792514362&zoom=16
address does not match a street: ('836', 'Seven Oaks Boulevard') https://osm.org/?mlat=29.929796640347192&mlon=-90.15993338892936&zoom=16
address does not match a street: ('850', 'Seven Oaks Boulevard') https://osm.org/?mlat=29.9298030210568&mlon=-90.15861707885725&zoom=16
address does not match a street: ('829.5', 'Seven Oaks Boulevard') https://osm.org/?mlat=29.92903327376545&mlon=-90.15974588578797&zoom=16
address does not match a street: ('900', 'Seven Oaks Boulevard') https://osm.org/?mlat=29.930194132949538&mlon=-90.16021988968835&zoom=16
address does not match a street: ('829', 'Seven Oaks Boulevard') https://osm.org/?mlat=29.929234836573112&mlon=-90.15973150025432&zoom=16
address does not match a street: ('701', 'Seven Oaks Boulevard') https://osm.org/?mlat=29.928336134562947&mlon=-90.15941804554167&zoom=16
address does not match a street: ('1209', 'Highway 90') https://osm.org/?mlat=29.929591603921587&mlon=-90.16463433327938&zoom=16
address has no house number: (None, 'Hooter Road') https://osm.org/?mlat=29.931623111163585&mlon=-90.16361990154388&zoom=16
address does not match a street: ('1124', 'Seven Oaks Boulevard') https://osm.org/?mlat=29.93061851539832&mlon=-90.16410985670218&zoom=16
address does not match a street: ('668', 'Seven Oaks Boulevard') https://osm.org/?mlat=29.92838803688754&mlon=-90.15574705730695&zoom=16
address does not match a street: ('828', 'Seven Oaks Boulevard') https://osm.org/?mlat=29.929660334716047&mlon=-90.15961294228649&zoom=16
address has no house number: (None, 'Hooter Road') https://osm.org/?mlat=29.931007676043343&mlon=-90.16349996616741&zoom=16
address does not match a street: ('685', 'Seven Oaks Boulevard') https://osm.org/?mlat=29.92806651471166&mlon=-90.15640606459304&zoom=16
address does not match a street: ('850', 'Seven Oaks Boulevard') https://osm.org/?mlat=29.928866712663016&mlon=-90.1572547223385&zoom=16
address does not match a street: ('1108', 'Seven Oaks Boulevard') https://osm.org/?mlat=29.930447166763766&mlon=-90.16450974943633&zoom=16
address does not match a street: ('672', 'Seven Oaks Boulevard') https://osm.org/?mlat=29.928556999155127&mlon=-90.1560618745328&zoom=16
address does not match a street: ('928', 'Seven Oaks Boulevard') https://osm.org/?mlat=29.930274134026487&mlon=-90.16112899833438&zoom=16
address does not match a street: ('962', 'Seven Oaks Boulevard') https://osm.org/?mlat=29.930220899790644&mlon=-90.16274161310058&zoom=16
address does not match a street: ('901', 'Seven Oaks Boulevard') https://osm.org/?mlat=29.929354943570488&mlon=-90.16066363224324&zoom=16
address has no house number: (None, 'Seven Oaks Boulevard') https://osm.org/?mlat=29.927090284799128&mlon=-90.15905172450876&zoom=16
address does not match a street: (None, 'Seven Oaks Boulevard') https://osm.org/?mlat=29.927090284799128&mlon=-90.15905172450876&zoom=16
address does not match a street: ('850', 'Seven Oaks Boulevard') https://osm.org/?mlat=29.929126754601803&mlon=-90.15811035580583&zoom=16
address does not match a street: ('940', 'Seven Oaks Boulevard') https://osm.org/?mlat=29.930316592733053&mlon=-90.16117892669546&zoom=16
address does not match a street: ('685', 'Seven Oaks Boulevard') https://osm.org/?mlat=29.9280400369025&mlon=-90.15643487895687&zoom=16
address does not match a street: ('850', 'Seven Oaks Boulevard') https://osm.org/?mlat=29.93213763087791&mlon=-90.15625249030658&zoom=16
address does not match a street: ('1001', 'Seven Oaks Boulevard') https://osm.org/?mlat=29.92948604585593&mlon=-90.16295775135666&zoom=16
