address does not match a street: (None, '5211', 'Storey Street') https://osm.org/?mlat=29.94696843805149&mlon=-90.17775996436683&zoom=16
address does not match a street: (None, '5207', 'Storey Street') https://osm.org/?mlat=29.947016894221047&mlon=-90.17773856831644&zoom=16
address does not match a street: (None, '5123', 'Storey Street') https://osm.org/?mlat=29.94775632817494&mlon=-90.17705439197782&zoom=16
address does not match a street: (None, '140', 'Laitram Lane') https://osm.org/?mlat=29.947753499964815&mlon=-90.17610710074155&zoom=16
address does not match a street: (None, '124', 'Laitram Lane') https://osm.org/?mlat=29.947702889016856&mlon=-90.17584564718626&zoom=16
address does not match a street: (None, '124', 'Laitram Lane') https://osm.org/?mlat=29.94773400504191&mlon=-90.17588229127381&zoom=16
address has no house number: (None, None, 'Toler Street') https://osm.org/?mlat=29.947424810812773&mlon=-90.17804838140384&zoom=16
address does not match a street: (None, '5118', 'Storey Street') https://osm.org/?mlat=29.94734346669347&mlon=-90.1764488965465&zoom=16
address does not match a street: (None, '5134', 'Storey Street') https://osm.org/?mlat=29.946935350688705&mlon=-90.176842633874&zoom=16
address does not match a street: (None, '5140', 'Storey Street') https://osm.org/?mlat=29.947484460330664&mlon=-90.17630895684063&zoom=16
address does not match a street: (None, '5120', 'Storey Street') https://osm.org/?mlat=29.947195269410937&mlon=-90.1765454074406&zoom=16
address does not match a street: (None, '5128', 'Storey Street') https://osm.org/?mlat=29.94706567277226&mlon=-90.17670992282308&zoom=16
address does not match a street: (None, '221', 'Laitram Lane') https://osm.org/?mlat=29.94942975460996&mlon=-90.17659290902101&zoom=16
address does not match a street: (None, '200', 'Laitram Lane') https://osm.org/?mlat=29.948150287628255&mlon=-90.17650985032992&zoom=16
address does not match a street: (None, '220', 'Laitram Lane') https://osm.org/?mlat=29.948322841587746&mlon=-90.17768253785178&zoom=16
address does not match a street: (None, '220', 'Laitram Lane') https://osm.org/?mlat=29.94845654289406&mlon=-90.17755018993059&zoom=16
address has no house number: (None, None, 'Edwards Avenue') https://osm.org/?mlat=29.946407633156745&mlon=-90.186032041025&zoom=16
address has no house number: (None, None, 'Storey Street') https://osm.org/?mlat=29.94789035735901&mlon=-90.17682258676244&zoom=16
address does not match a street: (None, None, 'Storey Street') https://osm.org/?mlat=29.94789035735901&mlon=-90.17682258676244&zoom=16
address does not match a street: (None, '5115', 'Storey Street') https://osm.org/?mlat=29.948090013310168&mlon=-90.17685093136915&zoom=16
address has no house number: (None, None, 'Jefferson Highway') https://osm.org/?mlat=29.94727516579596&mlon=-90.18226752837893&zoom=16
address does not match a street: (None, '5129', 'Storey Street') https://osm.org/?mlat=29.947657090000206&mlon=-90.17724882167877&zoom=16
address has no house number: (None, None, 'Elmwood Park Boulevard') https://osm.org/?mlat=29.951573462187476&mlon=-90.18469133590268&zoom=16
address does not match a street: (None, '210', 'Laitram Lane') https://osm.org/?mlat=29.948462476095106&mlon=-90.17683023123463&zoom=16
address does not match a street: (None, '5135', 'Storey Street') https://osm.org/?mlat=29.947477872031392&mlon=-90.17742358691218&zoom=16
