address does not match a street: (None, '1633', 'Singleton Drive') https://osm.org/?mlat=29.884129271691126&mlon=-90.10799040097737&zoom=16
address does not match a street: (None, '1621', 'Weigel Street') https://osm.org/?mlat=29.884543111826527&mlon=-90.10805289799117&zoom=16
address does not match a street: (None, '1532', 'Kenneth Drive') https://osm.org/?mlat=29.884839195201756&mlon=-90.10308281695478&zoom=16
address does not match a street: (None, '1537', 'Kenneth Drive') https://osm.org/?mlat=29.884713927316827&mlon=-90.10262677304851&zoom=16
address does not match a street: (None, '1533', 'Kenneth Drive') https://osm.org/?mlat=29.884899219644158&mlon=-90.10259773867993&zoom=16
address does not match a street: (None, '6120', 'Singleton Drive') https://osm.org/?mlat=29.88484136676258&mlon=-90.10861802314663&zoom=16
address does not match a street: (None, '6116', 'Singleton Drive') https://osm.org/?mlat=29.884867158944232&mlon=-90.10843467210107&zoom=16
address has no house number: (None, None, 'Barataria Boulevard') https://osm.org/?mlat=29.883138524632223&mlon=-90.0996616935935&zoom=16
address does not match a street: (None, '1528', 'Kenneth Drive') https://osm.org/?mlat=29.884976119627428&mlon=-90.10302117019069&zoom=16
address does not match a street: (None, '1524', 'Kenneth Drive') https://osm.org/?mlat=29.885042584542504&mlon=-90.10307084368803&zoom=16
address does not match a street: (None, '1644', 'Weigel Street') https://osm.org/?mlat=29.883458726607806&mlon=-90.10838883491911&zoom=16
address does not match a street: (None, '1328', 'Hazel Street') https://osm.org/?mlat=29.88679255431011&mlon=-90.10611675744522&zoom=16
address does not match a street: (None, '1316', 'Hazel Street') https://osm.org/?mlat=29.887237563138488&mlon=-90.10606395025711&zoom=16
address does not match a street: (None, '1520', 'Kenneth Drive') https://osm.org/?mlat=29.88529596926072&mlon=-90.1031119027299&zoom=16
address does not match a street: (None, '1520', 'Kenneth Drive') https://osm.org/?mlat=29.885321301290933&mlon=-90.10314035507959&zoom=16
address does not match a street: (None, '1520', 'Kenneth Drive') https://osm.org/?mlat=29.885323367994957&mlon=-90.10310608705477&zoom=16
address does not match a street: (None, '1520', 'Kenneth Drive') https://osm.org/?mlat=29.88526332369369&mlon=-90.10313079651614&zoom=16
address does not match a street: (None, '1520', 'Kenneth Drive') https://osm.org/?mlat=29.885264228007145&mlon=-90.10309996677609&zoom=16
address does not match a street: (None, '1521', 'Kenneth Drive') https://osm.org/?mlat=29.885606009680465&mlon=-90.10274201054273&zoom=16
address does not match a street: (None, '1508', 'Kenneth Drive') https://osm.org/?mlat=29.88584924900283&mlon=-90.10316820304753&zoom=16
address does not match a street: (None, '6140', 'Singleton Drive') https://osm.org/?mlat=29.88481089165234&mlon=-90.1094799238488&zoom=16
address does not match a street: (None, '6128', 'Singleton Drive') https://osm.org/?mlat=29.88481417628387&mlon=-90.10894655764288&zoom=16
address does not match a street: (None, '6117', 'Singleton Drive') https://osm.org/?mlat=29.884476555888785&mlon=-90.10842368491444&zoom=16
address does not match a street: (None, '6141', 'Singleton Drive') https://osm.org/?mlat=29.884453195964518&mlon=-90.10945906196885&zoom=16
address does not match a street: (None, '1652', 'Weigel Street') https://osm.org/?mlat=29.883125925791006&mlon=-90.10838345040246&zoom=16
address does not match a street: (None, '1637', 'Weigel Street') https://osm.org/?mlat=29.88377410488403&mlon=-90.10799996515027&zoom=16
address does not match a street: (None, '1640', 'Weigel Street') https://osm.org/?mlat=29.88361638063874&mlon=-90.10840381324863&zoom=16
address does not match a street: (None, '1625', 'Singleton Drive') https://osm.org/?mlat=29.88442903206667&mlon=-90.10804557604932&zoom=16
address does not match a street: (None, '1629', 'Singleton Drive') https://osm.org/?mlat=29.88428540899029&mlon=-90.10802657033608&zoom=16
address does not match a street: (None, '1319', 'Hazel Street') https://osm.org/?mlat=29.88711002641601&mlon=-90.10565841315925&zoom=16
address does not match a street: (None, '1653', 'Weigel Street') https://osm.org/?mlat=29.883086650919154&mlon=-90.10800524544361&zoom=16
address has no house number: (None, None, 'Belle Terre Road') https://osm.org/?mlat=29.879174456737577&mlon=-90.10943583073471&zoom=16
address does not match a street: (None, '6137', 'Singleton Drive') https://osm.org/?mlat=29.884437773318854&mlon=-90.10927937183216&zoom=16
address does not match a street: (None, '6149', 'Singleton Drive') https://osm.org/?mlat=29.88442629698544&mlon=-90.10981914788869&zoom=16
address does not match a street: (None, '1309', 'Hazel Street') https://osm.org/?mlat=29.887418375490622&mlon=-90.10569564797024&zoom=16
address does not match a street: (None, '1641', 'Weigel Street') https://osm.org/?mlat=29.883595374972757&mlon=-90.1080021584239&zoom=16
address does not match a street: (None, '1636', 'Weigel Street') https://osm.org/?mlat=29.883766874727325&mlon=-90.10842113547811&zoom=16
address does not match a street: (None, '6121', 'Singleton Drive') https://osm.org/?mlat=29.88444511648707&mlon=-90.10859132572547&zoom=16
address does not match a street: (None, '6132', 'Singleton Drive') https://osm.org/?mlat=29.88482696719225&mlon=-90.10913890271819&zoom=16
address does not match a street: (None, '6144', 'Singleton Drive') https://osm.org/?mlat=29.884815227155467&mlon=-90.10965028221592&zoom=16
address does not match a street: (None, '6145', 'Singleton Drive') https://osm.org/?mlat=29.8844245939319&mlon=-90.10963613489457&zoom=16
address does not match a street: (None, '1516', 'Kenneth Drive') https://osm.org/?mlat=29.885485787278537&mlon=-90.10311903142681&zoom=16
address does not match a street: (None, '1504', 'Kenneth Drive') https://osm.org/?mlat=29.88610257462784&mlon=-90.10320295177308&zoom=16
address does not match a street: (None, '1517', 'Kenneth Drive') https://osm.org/?mlat=29.885776786600193&mlon=-90.1027714638343&zoom=16
address does not match a street: (None, '1525', 'Kenneth Drive') https://osm.org/?mlat=29.885259282182627&mlon=-90.1027178816579&zoom=16
address does not match a street: (None, '1534', 'Kenneth Drive') https://osm.org/?mlat=29.884687106107076&mlon=-90.10299317358916&zoom=16
address does not match a street: (None, '1320', 'Hazel Street') https://osm.org/?mlat=29.887094990695815&mlon=-90.10610988443709&zoom=16
address does not match a street: (None, '1308', 'Hazel Street') https://osm.org/?mlat=29.88750445970142&mlon=-90.10607960487451&zoom=16
address does not match a street: (None, '1505', 'Kenneth Drive') https://osm.org/?mlat=29.886156302723702&mlon=-90.10277309825541&zoom=16
address does not match a street: (None, '1649', 'Weigel Street') https://osm.org/?mlat=29.883268072625377&mlon=-90.1079967077144&zoom=16
address does not match a street: (None, '1645', 'Weigel Street') https://osm.org/?mlat=29.883433201110257&mlon=-90.10801045997492&zoom=16
address does not match a street: (None, '6136', 'Singleton Drive') https://osm.org/?mlat=29.884809246863643&mlon=-90.10930321993727&zoom=16
address does not match a street: (None, '1523', 'Kenneth Drive') https://osm.org/?mlat=29.88543538130845&mlon=-90.10272833447223&zoom=16
address does not match a street: (None, '1500', 'Kenneth Drive') https://osm.org/?mlat=29.886220811251235&mlon=-90.10320149511993&zoom=16
address does not match a street: (None, '1312', 'Hazel Street') https://osm.org/?mlat=29.887372415716506&mlon=-90.10607491614532&zoom=16
address does not match a street: (None, '1648', 'Weigel Street') https://osm.org/?mlat=29.883288048882548&mlon=-90.10840281857068&zoom=16
address does not match a street: (None, '6108', 'Singleton Drive') https://osm.org/?mlat=29.88472632299431&mlon=-90.10807664138423&zoom=16
address has no house number: (None, None, 'August Avenue') https://osm.org/?mlat=29.884037239533516&mlon=-90.10178761231992&zoom=16
address has no house number: (None, None, 'August Lane') https://osm.org/?mlat=29.884503824550258&mlon=-90.10575748630568&zoom=16
address does not match a street: (None, '6133', 'Singleton Drive') https://osm.org/?mlat=29.88440594042509&mlon=-90.1091093512491&zoom=16
address does not match a street: (None, '6124', 'Singleton Drive') https://osm.org/?mlat=29.88484023338621&mlon=-90.10879160438039&zoom=16
address has no house number: (None, None, 'August Lane') https://osm.org/?mlat=29.885110779186803&mlon=-90.10645825549709&zoom=16
address does not match a street: (None, '1529', 'Kenneth Drive') https://osm.org/?mlat=29.88511038552742&mlon=-90.10267553581984&zoom=16
address has no house number: (None, None, 'August Lane') https://osm.org/?mlat=29.88458997923959&mlon=-90.10520979579725&zoom=16
address does not match a street: (None, '1512', 'Kenneth Drive') https://osm.org/?mlat=29.885667384843842&mlon=-90.10312941722846&zoom=16
address does not match a street: (None, '6112', 'Singleton Drive') https://osm.org/?mlat=29.884848838216246&mlon=-90.10823923806677&zoom=16
address has no house number: (None, None, 'Taravella Road') https://osm.org/?mlat=29.880635749932605&mlon=-90.10506851400278&zoom=16
address has no house number: (None, None, 'August Lane') https://osm.org/?mlat=29.88450327574117&mlon=-90.10589953123723&zoom=16
address does not match a street: (None, '1501', 'Kenneth Drive') https://osm.org/?mlat=29.88629946462069&mlon=-90.10279026881506&zoom=16
address has no house number: (None, None, 'Barataria Boulevard') https://osm.org/?mlat=29.879621360690265&mlon=-90.09899069103253&zoom=16
address has no house number: (None, None, 'Barataria Boulevard') https://osm.org/?mlat=29.88253593540801&mlon=-90.0993398710426&zoom=16
