address does not match a street: (None, '815', 'Minden Street') https://osm.org/?mlat=29.981609569235104&mlon=-90.2745594964894&zoom=16
address does not match a street: (None, '819', 'Minden Street') https://osm.org/?mlat=29.981817397130605&mlon=-90.27444024847875&zoom=16
address does not match a street: (None, '829', 'Minden Street') https://osm.org/?mlat=29.98224918421043&mlon=-90.27441986787807&zoom=16
address does not match a street: (None, '832', 'Minden Street') https://osm.org/?mlat=29.98226501835704&mlon=-90.27405708065642&zoom=16
address does not match a street: (None, '836', 'Minden Street') https://osm.org/?mlat=29.982446477120607&mlon=-90.27400129953142&zoom=16
address does not match a street: (None, '608', 'Park Park') https://osm.org/?mlat=29.98004683935056&mlon=-90.26397206303382&zoom=16
address does not match a street: (None, '613', 'Park Park') https://osm.org/?mlat=29.979676678836398&mlon=-90.26372974363974&zoom=16
address does not match a street: (None, '324', 'Fortier  Street') https://osm.org/?mlat=29.98140675300388&mlon=-90.26747664896689&zoom=16
address has no house number: (None, None, '3rd Street') https://osm.org/?mlat=29.976936544224547&mlon=-90.27141606758602&zoom=16
address does not match a street: (None, '612', 'Park Park') https://osm.org/?mlat=29.979979696592835&mlon=-90.26378681010735&zoom=16
address does not match a street: (None, '600', 'Park Park') https://osm.org/?mlat=29.98003780550432&mlon=-90.26416818507889&zoom=16
address does not match a street: (None, '903', 'Minden Street') https://osm.org/?mlat=29.98289221818263&mlon=-90.27439437180195&zoom=16
address does not match a street: (None, '827', 'Minden Street') https://osm.org/?mlat=29.982026195362117&mlon=-90.27444162199016&zoom=16
address does not match a street: (None, '843', 'Minden Street') https://osm.org/?mlat=29.982609321419144&mlon=-90.27442896930961&zoom=16
address does not match a street: (None, '846', 'Minden Street') https://osm.org/?mlat=29.982669020747146&mlon=-90.27400180900321&zoom=16
address does not match a street: (None, '914', 'Minden Street') https://osm.org/?mlat=29.983273134316416&mlon=-90.27387834865031&zoom=16
address does not match a street: (None, '908', 'Minden Street') https://osm.org/?mlat=29.983069446429752&mlon=-90.27389056469595&zoom=16
address has no house number: (None, None, '3rd Street') https://osm.org/?mlat=29.975860230942157&mlon=-90.26787409242901&zoom=16
address does not match a street: (None, '133', 'Hanson Avenue') https://osm.org/?mlat=29.975179192658477&mlon=-90.26498493221338&zoom=16
address does not match a street: (None, '911', 'Minden Street') https://osm.org/?mlat=29.983114380532466&mlon=-90.27434749334068&zoom=16
address does not match a street: (None, '839', 'Minden Street') https://osm.org/?mlat=29.98242449623638&mlon=-90.27437707706456&zoom=16
address does not match a street: (None, '828', 'Minden Street') https://osm.org/?mlat=29.98198703083425&mlon=-90.2740025886898&zoom=16
address has no house number: (None, None, '3rd Street') https://osm.org/?mlat=29.977569455874022&mlon=-90.27145312973613&zoom=16
address does not match a street: (None, '902', 'Minden Street') https://osm.org/?mlat=29.982880689678193&mlon=-90.27397155664714&zoom=16
address has no house number: (None, None, 'East Airline Drive') https://osm.org/?mlat=29.981157879779847&mlon=-90.27024953918594&zoom=16
address has no house number: (None, None, '3rd Street') https://osm.org/?mlat=29.975569308909318&mlon=-90.26792099810902&zoom=16
