address does not match a street: (None, '4816', 'Blue Heron Trace') https://osm.org/?mlat=29.81632317728903&mlon=-90.10216466717438&zoom=16
address does not match a street: (None, '2588', 'Blue Heron Trace') https://osm.org/?mlat=29.817067809727227&mlon=-90.10221479859663&zoom=16
address does not match a street: (None, '4812', 'Blue Heron Trace') https://osm.org/?mlat=29.816524754100143&mlon=-90.10220215094735&zoom=16
address does not match a street: (None, '2741', 'Oak Leaf Drive') https://osm.org/?mlat=29.821317797993988&mlon=-90.10675696209047&zoom=16
address has no house number: (None, None, 'Ames Boulevard') https://osm.org/?mlat=29.819263386334224&mlon=-90.10124420398589&zoom=16
address does not match a street: (None, '2712', 'Oak Leaf Drive') https://osm.org/?mlat=29.821408267505923&mlon=-90.10525465523709&zoom=16
address does not match a street: (None, '2729', 'Oak Leaf Drive') https://osm.org/?mlat=29.82120212646819&mlon=-90.10614970529004&zoom=16
address does not match a street: (None, '2708', 'Oak Leaf Drive') https://osm.org/?mlat=29.821343196893306&mlon=-90.10505992158537&zoom=16
address does not match a street: (None, '2720', 'Oak Leaf Drive') https://osm.org/?mlat=29.821497162245223&mlon=-90.10564463113404&zoom=16
address does not match a street: (None, '2728', 'Oak Leaf Drive') https://osm.org/?mlat=29.821561396803627&mlon=-90.10604437193759&zoom=16
address does not match a street: (None, '2749', 'Oak Leaf Drive') https://osm.org/?mlat=29.82140665885069&mlon=-90.10714378556528&zoom=16
address does not match a street: (None, '2701', 'Oak Leaf Drive') https://osm.org/?mlat=29.820886605153916&mlon=-90.10475646587997&zoom=16
address does not match a street: (None, '2709', 'Oak Leaf Drive') https://osm.org/?mlat=29.820981089212403&mlon=-90.10515583187227&zoom=16
address does not match a street: (None, '2745', 'Oak Leaf Drive') https://osm.org/?mlat=29.82136908811738&mlon=-90.10694871214606&zoom=16
address does not match a street: (None, '2717', 'Oak Leaf Drive') https://osm.org/?mlat=29.821078262838192&mlon=-90.10554885804153&zoom=16
address does not match a street: (None, '2724', 'Oak Leaf Drive') https://osm.org/?mlat=29.821521045273936&mlon=-90.10584617900174&zoom=16
address does not match a street: (None, '2733', 'Oak Leaf Drive') https://osm.org/?mlat=29.82123697811405&mlon=-90.10634796421539&zoom=16
address does not match a street: (None, '2725', 'Oak Leaf Drive') https://osm.org/?mlat=29.82115352596971&mlon=-90.10595161435818&zoom=16
address does not match a street: (None, '2737', 'Oak Leaf Drive') https://osm.org/?mlat=29.821282769426546&mlon=-90.10653978246414&zoom=16
address does not match a street: (None, '2713', 'Oak Leaf Drive') https://osm.org/?mlat=29.82102413254791&mlon=-90.1053476818434&zoom=16
address does not match a street: (None, '2705', 'Oak Leaf Drive') https://osm.org/?mlat=29.820932487214712&mlon=-90.10495774186205&zoom=16
address does not match a street: (None, '2704', 'Oak Leaf Drive') https://osm.org/?mlat=29.821321885475452&mlon=-90.10483941900826&zoom=16
address does not match a street: (None, '2700', 'Oak Leaf Drive') https://osm.org/?mlat=29.821270532401595&mlon=-90.10464136333599&zoom=16
address does not match a street: (None, '4911', 'Meadow Lark Lane') https://osm.org/?mlat=29.816309703115625&mlon=-90.1025952602323&zoom=16
address does not match a street: (None, '4915', 'Meadow Lark Lane') https://osm.org/?mlat=29.816132893976082&mlon=-90.10248516856058&zoom=16
address does not match a street: (None, '2600', 'Meadow Lark Lane') https://osm.org/?mlat=29.816499431100613&mlon=-90.10304380514387&zoom=16
address does not match a street: (None, '2604', 'Meadow Lark Lane') https://osm.org/?mlat=29.81656353977119&mlon=-90.10323693621409&zoom=16
address has no house number: (None, None, 'Villemont Bay') https://osm.org/?mlat=29.813655030718582&mlon=-90.10946608205398&zoom=16
address does not match a street: (None, '4922', 'Meadow Lark Lane') https://osm.org/?mlat=29.815786209303997&mlon=-90.10292629313619&zoom=16
address does not match a street: (None, '4930', 'Meadow Lark Lane') https://osm.org/?mlat=29.815437542662558&mlon=-90.103104876639&zoom=16
address does not match a street: (None, '4918', 'Meadow Lark Lane') https://osm.org/?mlat=29.815966948169997&mlon=-90.10294136887302&zoom=16
address does not match a street: (None, '2595', 'Blue Heron Trace') https://osm.org/?mlat=29.8168072346074&mlon=-90.10274751982486&zoom=16
address does not match a street: (None, '2603', 'Blue Heron Trace') https://osm.org/?mlat=29.816899591045097&mlon=-90.10314012517682&zoom=16
address does not match a street: (None, '2591', 'Blue Heron Trace') https://osm.org/?mlat=29.816747238985343&mlon=-90.10246784407565&zoom=16
address does not match a street: (None, '2575', 'Blue Heron Trace') https://osm.org/?mlat=29.8160381030119&mlon=-90.1019141442892&zoom=16
address does not match a street: (None, '2587', 'Blue Heron Trace') https://osm.org/?mlat=29.816659745225195&mlon=-90.10228081081362&zoom=16
address does not match a street: (None, '2630', 'Oak Haven Drive') https://osm.org/?mlat=29.81559743166837&mlon=-90.10505587687526&zoom=16
address does not match a street: (None, '2600', 'Blue Heron Trace') https://osm.org/?mlat=29.81717563624082&mlon=-90.10283385245856&zoom=16
address does not match a street: (None, '4813', 'Blue Heron Trace') https://osm.org/?mlat=29.816858611728833&mlon=-90.10190338562379&zoom=16
address does not match a street: (None, '2584', 'Blue Heron Trace') https://osm.org/?mlat=29.81703815933295&mlon=-90.10199351378857&zoom=16
address does not match a street: (None, '5201', 'Augusta Drive') https://osm.org/?mlat=29.812713776347863&mlon=-90.10560256656883&zoom=16
address does not match a street: (None, '4820', 'Blue Heron Trace') https://osm.org/?mlat=29.81616492495586&mlon=-90.10214151448183&zoom=16
address does not match a street: (None, '2563', 'Blue Heron Trace') https://osm.org/?mlat=29.81612263513404&mlon=-90.10160720420507&zoom=16
address does not match a street: (None, '2608', 'Sweet Oak') https://osm.org/?mlat=29.816094009557094&mlon=-90.10413027382471&zoom=16
address does not match a street: (None, '2613', 'Sweet Oak') https://osm.org/?mlat=29.815763323545657&mlon=-90.10443644908791&zoom=16
address does not match a street: (None, '2609', 'Sweet Oak') https://osm.org/?mlat=29.815703295104118&mlon=-90.1042474071934&zoom=16
address does not match a street: (None, '4817', 'Blue Heron Trace') https://osm.org/?mlat=29.816618437832126&mlon=-90.10181602464354&zoom=16
address does not match a street: (None, '2716', 'Oak Leaf Drive') https://osm.org/?mlat=29.82144581127827&mlon=-90.1054465736549&zoom=16
address does not match a street: (None, '2596', 'Blue Heron Trace') https://osm.org/?mlat=29.817123382242954&mlon=-90.10256084588822&zoom=16
address does not match a street: (None, '2599', 'Blue Heron Trace') https://osm.org/?mlat=29.816840231148447&mlon=-90.10285338477823&zoom=16
address does not match a street: (None, '2604', 'Blue Heron Trace') https://osm.org/?mlat=29.817208145027607&mlon=-90.10298476246778&zoom=16
address does not match a street: (None, '4821', 'Blue Heron Trace') https://osm.org/?mlat=29.816530073880834&mlon=-90.1017840214725&zoom=16
address does not match a street: (None, '2596', 'Meadow Lark Lane') https://osm.org/?mlat=29.816427518646872&mlon=-90.10282090009586&zoom=16
address does not match a street: (None, '4926', 'Meadow Lark Lane') https://osm.org/?mlat=29.8155407425223&mlon=-90.1029910599719&zoom=16
address does not match a street: (None, '2592', 'Blue Heron Trace') https://osm.org/?mlat=29.817084655987145&mlon=-90.10244320242994&zoom=16
address does not match a street: (None, '2571', 'Blue Heron Trace') https://osm.org/?mlat=29.81608909603954&mlon=-90.10172173286995&zoom=16
address does not match a street: (None, '2033', 'Bonaire Drive') https://osm.org/?mlat=29.812403669831795&mlon=-90.10354799532462&zoom=16
address does not match a street: (None, '5205', 'Augusta Drive') https://osm.org/?mlat=29.812570505956526&mlon=-90.10553834054936&zoom=16
address does not match a street: (None, '2619', 'Oak Haven Drive') https://osm.org/?mlat=29.81498980862116&mlon=-90.10491941392561&zoom=16
address does not match a street: (None, '2615', 'Oak Haven Drive') https://osm.org/?mlat=29.81493087654694&mlon=-90.10460034457722&zoom=16
address does not match a street: (None, '5209', 'Augusta Drive') https://osm.org/?mlat=29.812358259533212&mlon=-90.105601398479&zoom=16
address does not match a street: (None, '2005', 'Bonaire Drive') https://osm.org/?mlat=29.813079552605668&mlon=-90.1024839667418&zoom=16
address does not match a street: (None, '2693', 'Forest Glen Drive') https://osm.org/?mlat=29.8147326186702&mlon=-90.10577021202892&zoom=16
address has no house number: (None, None, 'Ville Platte Court') https://osm.org/?mlat=29.813561396880427&mlon=-90.10356264374444&zoom=16
address does not match a street: (None, '2021', 'Bonaire Drive') https://osm.org/?mlat=29.81276374608771&mlon=-90.1030475442634&zoom=16
address does not match a street: (None, '2721', 'Oak Leaf Drive') https://osm.org/?mlat=29.821110512974798&mlon=-90.10576291727429&zoom=16
address has no house number: (None, None, 'Ames Boulevard') https://osm.org/?mlat=29.81846879024208&mlon=-90.10022002687231&zoom=16
address has no house number: (None, None, 'Ames Boulevard') https://osm.org/?mlat=29.818937181508904&mlon=-90.10041308818056&zoom=16
address has no house number: (None, None, 'Ames Boulevard') https://osm.org/?mlat=29.81844750213636&mlon=-90.0999672185258&zoom=16
address has no house number: (None, None, 'Creole Court') https://osm.org/?mlat=29.81269533430796&mlon=-90.1079269177049&zoom=16
address does not match a street: (None, '4965', 'Ascension Bay') https://osm.org/?mlat=29.814509332780165&mlon=-90.10746544572898&zoom=16
address does not match a street: (None, '4964', 'Ascension Bay') https://osm.org/?mlat=29.81467212019591&mlon=-90.10777050110454&zoom=16
address does not match a street: (None, '4960', 'Ascension Bay') https://osm.org/?mlat=29.81482630474446&mlon=-90.10777997750324&zoom=16
address does not match a street: (None, '2626', 'Oak Haven Drive') https://osm.org/?mlat=29.81554114520569&mlon=-90.10487594962939&zoom=16
address does not match a street: (None, '2622', 'Oak Haven Drive') https://osm.org/?mlat=29.81548876805886&mlon=-90.10467162738158&zoom=16
address does not match a street: (None, '2618', 'Oak Haven Drive') https://osm.org/?mlat=29.815371864267046&mlon=-90.10453802700111&zoom=16
address does not match a street: (None, '2612', 'Oak Haven Drive') https://osm.org/?mlat=29.81518900944138&mlon=-90.10454750985333&zoom=16
address does not match a street: (None, '2689', 'Forest Glen Drive') https://osm.org/?mlat=29.814680075103066&mlon=-90.10557178214634&zoom=16
address does not match a street: (None, '5212', 'Augusta Drive') https://osm.org/?mlat=29.812152549082082&mlon=-90.10585877909219&zoom=16
address does not match a street: (None, '5215', 'Augusta Drive') https://osm.org/?mlat=29.812221844810527&mlon=-90.10554948405988&zoom=16
address has no house number: (None, None, 'Ville Platte Court') https://osm.org/?mlat=29.813605926327202&mlon=-90.10380408813951&zoom=16
address does not match a street: (None, '1052', 'Carencro Circle') https://osm.org/?mlat=29.813365359067394&mlon=-90.10219855222739&zoom=16
address does not match a street: (None, '2009', 'Bonaire Drive') https://osm.org/?mlat=29.8129148087558&mlon=-90.10263381635056&zoom=16
address does not match a street: (None, '2025', 'Bonaire Drive') https://osm.org/?mlat=29.812591265831834&mlon=-90.1031870857385&zoom=16
address does not match a street: (None, '2012', 'Bonaire Drive') https://osm.org/?mlat=29.812736517549872&mlon=-90.1022177976348&zoom=16
address does not match a street: (None, '2029', 'Bonaire Drive') https://osm.org/?mlat=29.81246177973372&mlon=-90.10338029854788&zoom=16
address does not match a street: (None, '2037', 'Bonaire Drive') https://osm.org/?mlat=29.812256095516737&mlon=-90.1037215840652&zoom=16
address does not match a street: (None, '2045', 'Bonaire Drive') https://osm.org/?mlat=29.812197889040338&mlon=-90.10419792286736&zoom=16
address does not match a street: (None, '2016', 'Bonaire Drive') https://osm.org/?mlat=29.812635290770693&mlon=-90.1024205185443&zoom=16
address does not match a street: (None, '2020', 'Bonaire Drive') https://osm.org/?mlat=29.8125336124565&mlon=-90.10257506596679&zoom=16
address does not match a street: (None, '2024', 'Bonaire Drive') https://osm.org/?mlat=29.812447681491907&mlon=-90.10277978696043&zoom=16
address does not match a street: (None, '2028', 'Bonaire Drive') https://osm.org/?mlat=29.812359430312018&mlon=-90.10294073814461&zoom=16
address does not match a street: (None, '2032', 'Bonaire Drive') https://osm.org/?mlat=29.81223272228707&mlon=-90.10307369326105&zoom=16
address does not match a street: (None, '2036', 'Bonaire Drive') https://osm.org/?mlat=29.812135046435735&mlon=-90.10324789933537&zoom=16
address does not match a street: (None, '2040', 'Bonaire Drive') https://osm.org/?mlat=29.812050921765845&mlon=-90.10344164747643&zoom=16
address does not match a street: (None, '1016', 'Carencro Circle') https://osm.org/?mlat=29.81360711236734&mlon=-90.1012489676047&zoom=16
address does not match a street: (None, '2008', 'Bonaire Drive') https://osm.org/?mlat=29.812819226299034&mlon=-90.10200052299943&zoom=16
address does not match a street: (None, '2697', 'Forest Glen Drive') https://osm.org/?mlat=29.81482402301943&mlon=-90.10594804945889&zoom=16
address does not match a street: (None, '1008', 'Carencro Circle') https://osm.org/?mlat=29.813193458885706&mlon=-90.10143200130307&zoom=16
address does not match a street: (None, '2004', 'Bonaire Drive') https://osm.org/?mlat=29.812979945458537&mlon=-90.10182882241573&zoom=16
address does not match a street: (None, '1012', 'Carencro Circle') https://osm.org/?mlat=29.813330862664827&mlon=-90.10121788280601&zoom=16
address does not match a street: (None, '2041', 'Bonaire Drive') https://osm.org/?mlat=29.812252312173396&mlon=-90.10395499322178&zoom=16
address does not match a street: (None, '1004', 'Carencro Circle') https://osm.org/?mlat=29.813171642934968&mlon=-90.10165126424667&zoom=16
address does not match a street: (None, '1000', 'Carencro Circle') https://osm.org/?mlat=29.813216500496438&mlon=-90.10185273356012&zoom=16
address does not match a street: (None, '1020', 'Carencro Circle') https://osm.org/?mlat=29.813677328361045&mlon=-90.10150706432158&zoom=16
address does not match a street: (None, '1024', 'Carencro Circle') https://osm.org/?mlat=29.81378079658947&mlon=-90.10169631441896&zoom=16
address does not match a street: (None, '1028', 'Carencro Circle') https://osm.org/?mlat=29.81382148123792&mlon=-90.10191097610983&zoom=16
address does not match a street: (None, '1032', 'Carencro Circle') https://osm.org/?mlat=29.813876256107772&mlon=-90.10210082688292&zoom=16
address does not match a street: (None, '1036', 'Carencro Circle') https://osm.org/?mlat=29.813940269761567&mlon=-90.10235954859691&zoom=16
address does not match a street: (None, '1040', 'Carencro Circle') https://osm.org/?mlat=29.813790400364816&mlon=-90.10256834512793&zoom=16
address does not match a street: (None, '1044', 'Carencro Circle') https://osm.org/?mlat=29.813557837794338&mlon=-90.10266483027885&zoom=16
address does not match a street: (None, '1048', 'Carencro Circle') https://osm.org/?mlat=29.813365316708033&mlon=-90.1024487543142&zoom=16
