address does not match a street: (None, '1911', 'Friedrica Street') https://osm.org/?mlat=29.908186888822836&mlon=-90.03361665901093&zoom=16
address does not match a street: (None, '1908', 'Friedrica Street') https://osm.org/?mlat=29.90785373679471&mlon=-90.03385457900212&zoom=16
address does not match a street: (None, '1905', 'Friedrica Street') https://osm.org/?mlat=29.90845568993525&mlon=-90.03410242386184&zoom=16
address does not match a street: (None, '1917', 'Friedrica Street') https://osm.org/?mlat=29.90797270385144&mlon=-90.03309230711722&zoom=16
address does not match a street: (None, '1916', 'Friedrica Street') https://osm.org/?mlat=29.90756390795125&mlon=-90.03318917043993&zoom=16
address does not match a street: (None, '1906', 'Friedrica Street') https://osm.org/?mlat=29.907960001354308&mlon=-90.03403311858597&zoom=16
address does not match a street: (None, '1907', 'Friedrica Street') https://osm.org/?mlat=29.9083881702141&mlon=-90.03394863128575&zoom=16
address does not match a street: (None, '1910', 'Friedrica Street') https://osm.org/?mlat=29.907775218135548&mlon=-90.03370093174557&zoom=16
address does not match a street: (None, '1909', 'Friedrica Street') https://osm.org/?mlat=29.90829830997775&mlon=-90.03376040890437&zoom=16
address does not match a street: (None, '1914', 'Friedrica Street') https://osm.org/?mlat=29.907620617077466&mlon=-90.03336204006384&zoom=16
address does not match a street: (None, '1918', 'Friedrica Street') https://osm.org/?mlat=29.907474545873985&mlon=-90.03305144792319&zoom=16
address does not match a street: (None, '1913', 'Friedrica Street') https://osm.org/?mlat=29.908141147484198&mlon=-90.03344048788554&zoom=16
address does not match a street: (None, '1902', 'Friedrica Street') https://osm.org/?mlat=29.908067574942834&mlon=-90.03434421458859&zoom=16
address does not match a street: (None, '1903', 'Friedrica Street') https://osm.org/?mlat=29.908496336296267&mlon=-90.03431969612042&zoom=16
address does not match a street: (None, '708', 'Borden Avenue') https://osm.org/?mlat=29.913851301175516&mlon=-90.03857155244012&zoom=16
address does not match a street: (None, '1901', 'Friedrica Street') https://osm.org/?mlat=29.908551291622164&mlon=-90.03459360117057&zoom=16
address does not match a street: (None, '1904', 'Friedrica Street') https://osm.org/?mlat=29.908052049709624&mlon=-90.03416449462605&zoom=16
address does not match a street: (None, '1915', 'Friedrica Street') https://osm.org/?mlat=29.90802963148418&mlon=-90.03328727022924&zoom=16
address does not match a street: (None, '1912', 'Friedrica Street') https://osm.org/?mlat=29.90772657129609&mlon=-90.03350901759649&zoom=16
address has no house number: (None, None, 'Landry Street') https://osm.org/?mlat=29.909866618276492&mlon=-90.04211911672162&zoom=16
address has no house number: (None, None, 'Hawkins Street') https://osm.org/?mlat=29.913194916922542&mlon=-90.04092077026648&zoom=16
address has no house number: (None, None, 'Freidrichs Road') https://osm.org/?mlat=29.9140871088977&mlon=-90.04120971049966&zoom=16
address does not match a street: (None, None, 'Freidrichs Road') https://osm.org/?mlat=29.9140871088977&mlon=-90.04120971049966&zoom=16
address does not match a street: (None, '521', 'Saint Michael Court') https://osm.org/?mlat=29.91678048715374&mlon=-90.04005593173721&zoom=16
address does not match a street: (None, '525', 'Saint Michael Court') https://osm.org/?mlat=29.916595753698694&mlon=-90.0400606182206&zoom=16
address does not match a street: (None, '529', 'Saint Michael Court') https://osm.org/?mlat=29.916313317967276&mlon=-90.0400263836585&zoom=16
address does not match a street: (None, '520', 'Saint Michael Court') https://osm.org/?mlat=29.91678453730905&mlon=-90.0403372156243&zoom=16
address does not match a street: (None, '524', 'Saint Michael Court') https://osm.org/?mlat=29.916592596455107&mlon=-90.04035003607291&zoom=16
address does not match a street: (None, '528', 'Saint Michael Court') https://osm.org/?mlat=29.916338014065776&mlon=-90.04040156381146&zoom=16
address does not match a street: (None, '532', 'Saint Michael Court') https://osm.org/?mlat=29.91620719098409&mlon=-90.04022067557064&zoom=16
address has no house number: (None, None, 'Hawkins Street') https://osm.org/?mlat=29.913195207029126&mlon=-90.04092100367613&zoom=16
