address does not match a street: (None, '4040', 'West Napoleon Avenue South') https://osm.org/?mlat=29.99290574863065&mlon=-90.17273997859816&zoom=16
address does not match a street: (None, '3736', 'West Napoleon Avenue South') https://osm.org/?mlat=29.992375753065573&mlon=-90.16598238243661&zoom=16
address does not match a street: (None, '3932', 'Rayne') https://osm.org/?mlat=29.985799515042896&mlon=-90.17255980569522&zoom=16
address does not match a street: (None, '1400', 'Irene Street') https://osm.org/?mlat=29.986343078064937&mlon=-90.16637519776853&zoom=16
address does not match a street: (None, '1404', 'Irene Street') https://osm.org/?mlat=29.98647236848201&mlon=-90.16638000313706&zoom=16
address does not match a street: (None, '1508', 'Irene Street') https://osm.org/?mlat=29.98750125109823&mlon=-90.1664248281836&zoom=16
address does not match a street: (None, '3850', 'West Napoleon Avenue South') https://osm.org/?mlat=29.992775980541197&mlon=-90.17081123476645&zoom=16
address does not match a street: (None, '3744', 'West Napoleon Avenue South') https://osm.org/?mlat=29.992461346391643&mlon=-90.16664164677856&zoom=16
address does not match a street: (None, '1420', 'Irene Street') https://osm.org/?mlat=29.987066438625348&mlon=-90.16638884803515&zoom=16
address does not match a street: (None, '1408', 'Irene Street') https://osm.org/?mlat=29.986618129804846&mlon=-90.16638145685327&zoom=16
address does not match a street: (None, '3728', 'West Napoleon Avenue South') https://osm.org/?mlat=29.992409453591748&mlon=-90.16575136959419&zoom=16
address has no house number: (None, None, 'Taft Park') https://osm.org/?mlat=29.990723603581177&mlon=-90.16943218340518&zoom=16
address does not match a street: (None, '1505', 'Irene Street') https://osm.org/?mlat=29.98728796221314&mlon=-90.16594083722116&zoom=16
address does not match a street: (None, '4044', 'West Napoleon Avenue South') https://osm.org/?mlat=29.99294271966371&mlon=-90.17287855298454&zoom=16
address does not match a street: (None, '1513', 'Irene Street') https://osm.org/?mlat=29.98760406285436&mlon=-90.1659245017247&zoom=16
address does not match a street: (None, '1517', 'Irene Street') https://osm.org/?mlat=29.987769407092628&mlon=-90.16596363371407&zoom=16
address does not match a street: (None, '3740', 'West Napoleon Avenue South') https://osm.org/?mlat=29.992466515266&mlon=-90.1662940778878&zoom=16
address does not match a street: (None, '1512', 'Irene Street') https://osm.org/?mlat=29.987660675828838&mlon=-90.16641664511916&zoom=16
address does not match a street: (None, '1504', 'Irene Street') https://osm.org/?mlat=29.987349934454617&mlon=-90.16641712138868&zoom=16
address does not match a street: (None, '1412', 'Irene Street') https://osm.org/?mlat=29.986761140554222&mlon=-90.16638294275258&zoom=16
address does not match a street: (None, '3716', 'West Napoleon Avenue South') https://osm.org/?mlat=29.992358701885255&mlon=-90.16530020349332&zoom=16
address does not match a street: (None, '1509', 'Irene Street') https://osm.org/?mlat=29.987442084580692&mlon=-90.16595482845092&zoom=16
address does not match a street: (None, '1416', 'Irene Street') https://osm.org/?mlat=29.98690956662726&mlon=-90.16637488835602&zoom=16
address has no house number: (None, None, 'Cleary Avenue') https://osm.org/?mlat=29.992336664254456&mlon=-90.17078548390992&zoom=16
address does not match a street: (None, '4008', 'West Napoleon Avenue South') https://osm.org/?mlat=29.992869605686565&mlon=-90.17194061731813&zoom=16
address does not match a street: (None, '1500', 'Irene Street') https://osm.org/?mlat=29.987198534701598&mlon=-90.16639993861553&zoom=16
address does not match a street: (None, '4004', 'West Napoleon Avenue South') https://osm.org/?mlat=29.99284793891483&mlon=-90.17177096996856&zoom=16
address does not match a street: (None, '3724', 'West Napoleon Avenue South') https://osm.org/?mlat=29.99238525126725&mlon=-90.16560343584713&zoom=16
address does not match a street: (None, '3720', 'West Napoleon Avenue South') https://osm.org/?mlat=29.992422188323037&mlon=-90.16544411791975&zoom=16
address has no house number: (None, None, 'Pasadena Avenue') https://osm.org/?mlat=29.987551526553514&mlon=-90.17484813881256&zoom=16
address has no house number: (None, None, 'Madison Street') https://osm.org/?mlat=29.992868499198117&mlon=-90.16985001343183&zoom=16
address has no house number: (None, None, 'Cleary Sub Station') https://osm.org/?mlat=29.992184991285413&mlon=-90.17244142731039&zoom=16
address does not match a street: (None, None, 'Cleary Sub Station') https://osm.org/?mlat=29.992184991285413&mlon=-90.17244142731039&zoom=16
address does not match a street: (None, '3708', 'West Napoleon Avenue South') https://osm.org/?mlat=29.99234417637657&mlon=-90.16497144009267&zoom=16
address does not match a street: (None, '3712', 'West Napoleon Avenue South') https://osm.org/?mlat=29.992349740842574&mlon=-90.16516251207017&zoom=16
