address has no house number: (None, 'Whitney Avenue') https://osm.org/?mlat=29.917019057539264&mlon=-90.0429810052929&zoom=16
address does not match a street: ('505', 'Saint Michael Court') https://osm.org/?mlat=29.91753289744508&mlon=-90.0399001759558&zoom=16
address does not match a street: ('501', 'Saint Michael Court') https://osm.org/?mlat=29.917755499055716&mlon=-90.03992664235165&zoom=16
address has no house number: (None, 'Holmes Boulevard') https://osm.org/?mlat=29.92051406880653&mlon=-90.03333282436753&zoom=16
address does not match a street: ('121', 'Costanza Drive') https://osm.org/?mlat=29.920528230684752&mlon=-90.04107677711173&zoom=16
address does not match a street: ('124', 'Costanza Drive') https://osm.org/?mlat=29.920158122450182&mlon=-90.0410912963051&zoom=16
address has no house number: (None, 'Hector Avenue') https://osm.org/?mlat=29.917604840489464&mlon=-90.04050199763978&zoom=16
address does not match a street: ('500', 'Saint Michael Court') https://osm.org/?mlat=29.917696705043564&mlon=-90.04029629231142&zoom=16
address does not match a street: ('500', 'Saint Michael Court') https://osm.org/?mlat=29.917739741194644&mlon=-90.04029358469569&zoom=16
address does not match a street: ('504', 'Saint Michael Court') https://osm.org/?mlat=29.9175062442165&mlon=-90.04031309366958&zoom=16
address does not match a street: ('504', 'Saint Michael Court') https://osm.org/?mlat=29.917556811124275&mlon=-90.04031458771972&zoom=16
address does not match a street: ('508', 'Saint Michael Court') https://osm.org/?mlat=29.917339037004613&mlon=-90.04032065771341&zoom=16
address does not match a street: ('508', 'Saint Michael Court') https://osm.org/?mlat=29.917389603913364&mlon=-90.04032215176488&zoom=16
address has no house number: (None, 'Holmes Boulevard') https://osm.org/?mlat=29.919781905293423&mlon=-90.03362429236014&zoom=16
address does not match a street: ('509', 'Saint Michael Court') https://osm.org/?mlat=29.917320623830722&mlon=-90.03996877853793&zoom=16
address does not match a street: ('513', 'Saint Michael Court') https://osm.org/?mlat=29.91715233310815&mlon=-90.04002699978079&zoom=16
address does not match a street: ('517', 'Saint Michael Court') https://osm.org/?mlat=29.916969393647257&mlon=-90.04003970424726&zoom=16
address does not match a street: ('512', 'Saint Michael Court') https://osm.org/?mlat=29.91715631559736&mlon=-90.04030139508322&zoom=16
address does not match a street: ('516', 'Saint Michael Court') https://osm.org/?mlat=29.916970341800102&mlon=-90.04031069362287&zoom=16
address does not match a street: ('509', 'Saint Michael Court') https://osm.org/?mlat=29.917371190743545&mlon=-90.03997027241087&zoom=16
address has no house number: (None, 'Holmes Boulevard') https://osm.org/?mlat=29.920038100842497&mlon=-90.03298239668194&zoom=16
