address does not match a street: (None, '340', 'Melbrook Drive') https://osm.org/?mlat=29.876042874090754&mlon=-90.02955734314526&zoom=16
address does not match a street: (None, '421', 'Melbrook Drive') https://osm.org/?mlat=29.874529759682336&mlon=-90.02894284810303&zoom=16
address does not match a street: (None, '400', 'Timberwood Drive') https://osm.org/?mlat=29.875552008361513&mlon=-90.02858870021926&zoom=16
address does not match a street: (None, '401', 'Melbrook Drive') https://osm.org/?mlat=29.8753739110234&mlon=-90.0289318216643&zoom=16
address does not match a street: (None, '405', 'Melbrook Drive') https://osm.org/?mlat=29.875195088395326&mlon=-90.02892469102206&zoom=16
address does not match a street: (None, '409', 'Melbrook Drive') https://osm.org/?mlat=29.87502467038914&mlon=-90.02893322803985&zoom=16
address does not match a street: (None, '417', 'Melbrook Drive') https://osm.org/?mlat=29.874694866162205&mlon=-90.02895331336403&zoom=16
address does not match a street: (None, '2925', 'Kenwood Street') https://osm.org/?mlat=29.87651514242243&mlon=-90.02560030187236&zoom=16
address does not match a street: (None, '2925', 'Kenwood Street') https://osm.org/?mlat=29.876515083390693&mlon=-90.02560044447877&zoom=16
address does not match a street: (None, '420', 'Timberwood Drive') https://osm.org/?mlat=29.87467432871632&mlon=-90.02854652460537&zoom=16
address does not match a street: (None, '412', 'Timberwood Drive') https://osm.org/?mlat=29.87500413378403&mlon=-90.02852643793011&zoom=16
address does not match a street: (None, '408', 'Timberwood Drive') https://osm.org/?mlat=29.875182832093603&mlon=-90.02852094751476&zoom=16
address does not match a street: (None, '404', 'Timberwood Drive') https://osm.org/?mlat=29.875370154250927&mlon=-90.02855321033422&zoom=16
address does not match a street: (None, '2916', 'Brookwood Street') https://osm.org/?mlat=29.8782541659435&mlon=-90.02653696985628&zoom=16
address does not match a street: (None, '2925', 'Brookwood Street') https://osm.org/?mlat=29.87859348465773&mlon=-90.02609074463794&zoom=16
address does not match a street: (None, '2917', 'Brookwood Street') https://osm.org/?mlat=29.878597938440702&mlon=-90.02653878221015&zoom=16
address does not match a street: (None, '2921', 'Kenwood Street') https://osm.org/?mlat=29.87650560433798&mlon=-90.02581788617982&zoom=16
address does not match a street: (None, '2759', 'Carlisle Drive North') https://osm.org/?mlat=29.87245554688387&mlon=-90.03248191068674&zoom=16
address does not match a street: (None, '353', 'Melbrook Drive') https://osm.org/?mlat=29.875699468809696&mlon=-90.0290380118036&zoom=16
address does not match a street: (None, '348', 'Melbrook Drive') https://osm.org/?mlat=29.875711848680634&mlon=-90.0294543778501&zoom=16
address does not match a street: (None, '344', 'Melbrook Drive') https://osm.org/?mlat=29.87587442354408&mlon=-90.02948696570816&zoom=16
address does not match a street: (None, '412', 'Melbrook Drive') https://osm.org/?mlat=29.874715151112653&mlon=-90.02933486177993&zoom=16
address does not match a street: (None, '404', 'Melbrook Drive') https://osm.org/?mlat=29.875047705069992&mlon=-90.02931474180544&zoom=16
address does not match a street: (None, '356', 'Melbrook Drive') https://osm.org/?mlat=29.87539185316002&mlon=-90.02935442470246&zoom=16
address does not match a street: (None, '352', 'Melbrook Drive') https://osm.org/?mlat=29.875548991290433&mlon=-90.02939339428555&zoom=16
address does not match a street: (None, '349', 'Melbrook Drive') https://osm.org/?mlat=29.875867511823056&mlon=-90.02906737205164&zoom=16
address does not match a street: (None, '2908', 'Brookwood Street') https://osm.org/?mlat=29.87822224549547&mlon=-90.02692237005091&zoom=16
address does not match a street: (None, '409', 'Timberwood Drive') https://osm.org/?mlat=29.87532483809838&mlon=-90.02814358725838&zoom=16
address does not match a street: (None, '328', 'Timberwood Drive') https://osm.org/?mlat=29.87672425329914&mlon=-90.02893942718907&zoom=16
address does not match a street: (None, '324', 'Timberwood Drive') https://osm.org/?mlat=29.876884391603898&mlon=-90.02900360179207&zoom=16
address does not match a street: (None, '333', 'Timberwood Drive') https://osm.org/?mlat=29.876643098684674&mlon=-90.02852080007642&zoom=16
address does not match a street: (None, '348', 'Timberwood Drive') https://osm.org/?mlat=29.875891377395124&mlon=-90.02870102001539&zoom=16
address does not match a street: (None, '2933', 'Brookwood Street') https://osm.org/?mlat=29.87858381244034&mlon=-90.0256711768349&zoom=16
address does not match a street: (None, '2928', 'Brookwood Street') https://osm.org/?mlat=29.87823420696003&mlon=-90.0259124239862&zoom=16
address does not match a street: (None, '2937', 'Brookwood Street') https://osm.org/?mlat=29.878565368698027&mlon=-90.02547577033249&zoom=16
address does not match a street: (None, '2945', 'Brookwood Street') https://osm.org/?mlat=29.87855038354459&mlon=-90.02507520586711&zoom=16
address does not match a street: (None, '2936', 'Brookwood Street') https://osm.org/?mlat=29.87823031596037&mlon=-90.02552118122506&zoom=16
address does not match a street: (None, '2909', 'Brookwood Street') https://osm.org/?mlat=29.878591266618226&mlon=-90.02697434296121&zoom=16
address does not match a street: (None, '2900', 'Brookwood Street') https://osm.org/?mlat=29.878129799808086&mlon=-90.02730540600551&zoom=16
address does not match a street: (None, '325', 'Melbrook Drive') https://osm.org/?mlat=29.87681381205382&mlon=-90.02937372292256&zoom=16
address does not match a street: (None, '2775', 'Carlisle Drive North') https://osm.org/?mlat=29.87225060711949&mlon=-90.031780925118&zoom=16
address does not match a street: (None, '328', 'Melbrook Drive') https://osm.org/?mlat=29.87653925516395&mlon=-90.02969601675898&zoom=16
address does not match a street: (None, '336', 'Timberwood Drive') https://osm.org/?mlat=29.876407232155298&mlon=-90.02883438676729&zoom=16
address does not match a street: (None, '337', 'Melbrook Drive') https://osm.org/?mlat=29.876331210312813&mlon=-90.02923802610104&zoom=16
address does not match a street: (None, '345', 'Melbrook Drive') https://osm.org/?mlat=29.876022056844693&mlon=-90.02912215281326&zoom=16
address does not match a street: (None, '429', 'Timberwood Drive') https://osm.org/?mlat=29.874491685509547&mlon=-90.02815447660235&zoom=16
address does not match a street: (None, '425', 'Timberwood Drive') https://osm.org/?mlat=29.874656822470893&mlon=-90.02816809563078&zoom=16
address does not match a street: (None, '417', 'Timberwood Drive') https://osm.org/?mlat=29.87498362724154&mlon=-90.02812280306098&zoom=16
address does not match a street: (None, '413', 'Timberwood Drive') https://osm.org/?mlat=29.87515663826028&mlon=-90.02809845333041&zoom=16
address does not match a street: (None, '2933', 'Kenwood Street') https://osm.org/?mlat=29.876483907953038&mlon=-90.02522555679332&zoom=16
address does not match a street: (None, '2940', 'Brookwood Street') https://osm.org/?mlat=29.878211746450745&mlon=-90.0253131557795&zoom=16
address does not match a street: (None, '353', 'Timberwood Drive') https://osm.org/?mlat=29.875831843588465&mlon=-90.02824424894084&zoom=16
address does not match a street: (None, '345', 'Timberwood Drive') https://osm.org/?mlat=29.87614905894879&mlon=-90.0283410797947&zoom=16
address does not match a street: (None, '341', 'Timberwood Drive') https://osm.org/?mlat=29.876320227559262&mlon=-90.02840826445697&zoom=16
address does not match a street: (None, '344', 'Timberwood Drive') https://osm.org/?mlat=29.876062171064873&mlon=-90.02873034485334&zoom=16
address does not match a street: (None, '325', 'Timberwood Drive') https://osm.org/?mlat=29.87697965544402&mlon=-90.02862684652163&zoom=16
address does not match a street: (None, '329', 'Timberwood Drive') https://osm.org/?mlat=29.876810953928377&mlon=-90.02853122894439&zoom=16
address does not match a street: (None, '340', 'Timberwood Drive') https://osm.org/?mlat=29.876219559811474&mlon=-90.02879455461665&zoom=16
address does not match a street: (None, '2901', 'Kenwood Street') https://osm.org/?mlat=29.876488375172677&mlon=-90.02680645342626&zoom=16
address does not match a street: (None, '2901', 'Kenwood') https://osm.org/?mlat=29.876488570320387&mlon=-90.0268062075824&zoom=16
address does not match a street: (None, '2905', 'Kenwood Street') https://osm.org/?mlat=29.876494843947643&mlon=-90.02660732601814&zoom=16
address does not match a street: (None, '2905', 'Kenwood Street') https://osm.org/?mlat=29.87649515140964&mlon=-90.0266076688133&zoom=16
address does not match a street: (None, '2929', 'Kenwood Street') https://osm.org/?mlat=29.876505011382182&mlon=-90.02539886978893&zoom=16
address does not match a street: (None, '2929', 'Kenwood Street') https://osm.org/?mlat=29.876504825790082&mlon=-90.02539862478798&zoom=16
address does not match a street: (None, '336', 'Melbrook Drive') https://osm.org/?mlat=29.87621110469682&mlon=-90.02960563504354&zoom=16
address does not match a street: (None, '320', 'Melbrook Drive') https://osm.org/?mlat=29.876881371994024&mlon=-90.02980830658211&zoom=16
address does not match a street: (None, '324', 'Melbrook Drive') https://osm.org/?mlat=29.876704955021676&mlon=-90.02976643195866&zoom=16
address does not match a street: (None, '2912', 'Kenwood') https://osm.org/?mlat=29.87620072778022&mlon=-90.02605974212452&zoom=16
address does not match a street: (None, '2917', 'Kenwood Street') https://osm.org/?mlat=29.87652969054882&mlon=-90.02599463260557&zoom=16
address does not match a street: (None, '2917', 'Kenwood Street') https://osm.org/?mlat=29.87653000421344&mlon=-90.02599469165123&zoom=16
address does not match a street: (None, '2920', 'Brookwood Street') https://osm.org/?mlat=29.87827147012273&mlon=-90.02634109700105&zoom=16
address does not match a street: (None, '2921', 'Brookwood Street') https://osm.org/?mlat=29.878614896712122&mlon=-90.0263082016303&zoom=16
address does not match a street: (None, '321', 'Melbrook Drive') https://osm.org/?mlat=29.876973888467678&mlon=-90.0294315879945&zoom=16
address does not match a street: (None, '332', 'Timberwood Drive') https://osm.org/?mlat=29.87655342929897&mlon=-90.02890694769927&zoom=16
address does not match a street: (None, '320', 'Timberwood Drive') https://osm.org/?mlat=29.877055279074355&mlon=-90.02904239182116&zoom=16
address does not match a street: (None, '2782', 'Carlisle Drive North') https://osm.org/?mlat=29.872015280944613&mlon=-90.03262238117267&zoom=16
address does not match a street: (None, '2755', 'Carlisle Drive North') https://osm.org/?mlat=29.87242186124731&mlon=-90.03269060591079&zoom=16
address does not match a street: (None, '2925', 'Blythewood Drive') https://osm.org/?mlat=29.871396209807017&mlon=-90.02599663830951&zoom=16
address does not match a street: (None, '2798', 'Carlisle Drive North') https://osm.org/?mlat=29.87186783795462&mlon=-90.03200679170378&zoom=16
address does not match a street: (None, '2909', 'Kenwood Street') https://osm.org/?mlat=29.876523236609717&mlon=-90.02641434487388&zoom=16
address does not match a street: (None, '2909', 'Kenwood Street') https://osm.org/?mlat=29.87652317738161&mlon=-90.026414467812&zoom=16
address does not match a street: (None, '2932', 'Brookwood Street') https://osm.org/?mlat=29.87817445576487&mlon=-90.0257112489091&zoom=16
address does not match a street: (None, '2944', 'Brookwood Street') https://osm.org/?mlat=29.878187551695472&mlon=-90.02509258176354&zoom=16
address does not match a street: (None, '2941', 'Brookwood Street') https://osm.org/?mlat=29.878535925993035&mlon=-90.02528050901202&zoom=16
address does not match a street: (None, '2771', 'Carlisle Drive North') https://osm.org/?mlat=29.872304381291734&mlon=-90.0319348397437&zoom=16
address does not match a street: (None, '2912', 'Brookwood Street') https://osm.org/?mlat=29.87825885975387&mlon=-90.02673255583855&zoom=16
address does not match a street: (None, '2901', 'Brookwood Street') https://osm.org/?mlat=29.87848016852307&mlon=-90.02741758050077&zoom=16
address does not match a street: (None, '2904', 'Brookwood Street') https://osm.org/?mlat=29.878177444639928&mlon=-90.0271186023761&zoom=16
address does not match a street: (None, '421', 'Timberwood Drive') https://osm.org/?mlat=29.87482149052419&mlon=-90.0281343886691&zoom=16
address does not match a street: (None, '405', 'Timberwood Drive') https://osm.org/?mlat=29.875490037685893&mlon=-90.02816351656107&zoom=16
address does not match a street: (None, '2913', 'Kenwood Street') https://osm.org/?mlat=29.87652141853388&mlon=-90.02623145445408&zoom=16
address does not match a street: (None, '2913', 'Kenwood Street') https://osm.org/?mlat=29.876521358246016&mlon=-90.02623147077242&zoom=16
address does not match a street: (None, '2908', 'Kenwood') https://osm.org/?mlat=29.876169284052498&mlon=-90.02632757793265&zoom=16
address does not match a street: (None, '2908', 'Kenwood Street') https://osm.org/?mlat=29.876169176085764&mlon=-90.02632788061103&zoom=16
address does not match a street: (None, '2904', 'Kenwood Street') https://osm.org/?mlat=29.876159800678295&mlon=-90.0265166554039&zoom=16
address does not match a street: (None, '2904', 'Kenwood') https://osm.org/?mlat=29.87615979635943&mlon=-90.0265168563039&zoom=16
address does not match a street: (None, '2929', 'Brookwood Street') https://osm.org/?mlat=29.878564042866035&mlon=-90.0258954830812&zoom=16
address does not match a street: (None, '2763', 'Carlisle Drive North') https://osm.org/?mlat=29.872456079976452&mlon=-90.03225786919991&zoom=16
address does not match a street: (None, '416', 'Timberwood Drive') https://osm.org/?mlat=29.87484209096491&mlon=-90.02854748809223&zoom=16
address does not match a street: (None, '357', 'Melbrook Drive') https://osm.org/?mlat=29.875544735040393&mlon=-90.02896430081299&zoom=16
address does not match a street: (None, '413', 'Melbrook Drive') https://osm.org/?mlat=29.874859533513973&mlon=-90.02891960769605&zoom=16
address does not match a street: (None, '408', 'Melbrook Drive') https://osm.org/?mlat=29.874880131487547&mlon=-90.0293327074385&zoom=16
address does not match a street: (None, '321', 'Timberwood Drive') https://osm.org/?mlat=29.877150542121583&mlon=-90.02866563595482&zoom=16
address does not match a street: (None, '333', 'Melbrook Drive') https://osm.org/?mlat=29.87650200384397&mlon=-90.02926735095146&zoom=16
address does not match a street: (None, '2913', 'Brookwood Street') https://osm.org/?mlat=29.878605695460696&mlon=-90.02676588476044&zoom=16
address does not match a street: (None, '349', 'Timberwood Drive') https://osm.org/?mlat=29.875986545537643&mlon=-90.0283148039344&zoom=16
address does not match a street: (None, '337', 'Timberwood Drive') https://osm.org/?mlat=29.876488428170877&mlon=-90.02845339942085&zoom=16
address does not match a street: (None, '2794', 'Carlisle Drive North') https://osm.org/?mlat=29.871949077375913&mlon=-90.03215719157903&zoom=16
address does not match a street: (None, '2767', 'Carlisle Drive North') https://osm.org/?mlat=29.87236359216986&mlon=-90.03208237185856&zoom=16
address does not match a street: (None, '332', 'Melbrook Drive') https://osm.org/?mlat=29.87637667946247&mlon=-90.02966342835542&zoom=16
address does not match a street: (None, '329', 'Melbrook Drive') https://osm.org/?mlat=29.876653924267927&mlon=-90.02933478878319&zoom=16
address does not match a street: (None, '401', 'Timberwood Drive') https://osm.org/?mlat=29.875669268416175&mlon=-90.02821166311972&zoom=16
address does not match a street: (None, '2905', 'Brookwood Street') https://osm.org/?mlat=29.87856046480313&mlon=-90.02719563867868&zoom=16
address does not match a street: (None, '400', 'Melbrook Drive') https://osm.org/?mlat=29.87524352728825&mlon=-90.02937213899733&zoom=16
address has no house number: (None, None, 'Brookwood Street') https://osm.org/?mlat=29.878043764388757&mlon=-90.02788217087854&zoom=16
address does not match a street: (None, None, 'Brookwood Street') https://osm.org/?mlat=29.878043764388757&mlon=-90.02788217087854&zoom=16
address does not match a street: (None, '424', 'Timberwood Drive') https://osm.org/?mlat=29.874523378510442&mlon=-90.02857689613536&zoom=16
address does not match a street: (None, '416', 'Melbrook Drive') https://osm.org/?mlat=29.874553201131267&mlon=-90.02936537576147&zoom=16
address does not match a street: (None, '2924', 'Brookwood Street') https://osm.org/?mlat=29.87824190232443&mlon=-90.02613321530936&zoom=16
address does not match a street: (None, '2786', 'Carlisle Drive North') https://osm.org/?mlat=29.8720261606127&mlon=-90.03244332855971&zoom=16
address does not match a street: (None, '2790', 'Carlisle Drive North') https://osm.org/?mlat=29.87201350726721&mlon=-90.0322762568161&zoom=16
address does not match a street: (None, '352', 'Timberwood Drive') https://osm.org/?mlat=29.875715210514638&mlon=-90.02868438853599&zoom=16
address does not match a street: (None, '2751', 'Carlisle Drive North') https://osm.org/?mlat=29.872368490656932&mlon=-90.0328553817498&zoom=16
address does not match a street: (None, '2745', 'Brookwood Street') https://osm.org/?mlat=29.877766952559845&mlon=-90.02890223331853&zoom=16
