address does not match a street: (None, '1065', 'Cedre Street') https://osm.org/?mlat=29.90583573062908&mlon=-90.13470381241555&zoom=16
address does not match a street: (None, '1037', 'Cedre Street') https://osm.org/?mlat=29.90627458559391&mlon=-90.13607832975335&zoom=16
address does not match a street: (None, '1041', 'Cedre Street') https://osm.org/?mlat=29.90617191528748&mlon=-90.13592457778726&zoom=16
address does not match a street: (None, '1034', 'Cedre Street') https://osm.org/?mlat=29.905967693993485&mlon=-90.13649529957775&zoom=16
address does not match a street: (None, '930', 'Cedre Street') https://osm.org/?mlat=29.906582676427156&mlon=-90.13819849398611&zoom=16
address does not match a street: (None, '1017', 'Cedre Street') https://osm.org/?mlat=29.906549866808575&mlon=-90.13699632376236&zoom=16
address does not match a street: (None, '1021', 'Cedre Street') https://osm.org/?mlat=29.906468169281766&mlon=-90.13681146503076&zoom=16
address does not match a street: (None, '486', 'Vine Drive') https://osm.org/?mlat=29.905345812894268&mlon=-90.13643961449421&zoom=16
address does not match a street: (None, '1035', 'Cedre Street') https://osm.org/?mlat=29.906315148207444&mlon=-90.13627659548118&zoom=16
address has no house number: (None, None, 'Central Avenue') https://osm.org/?mlat=29.900570506130595&mlon=-90.13719783826647&zoom=16
address does not match a street: (None, '494', 'Vine Drive') https://osm.org/?mlat=29.905069580713672&mlon=-90.13658499230749&zoom=16
address does not match a street: (None, '575', 'Avenue East') https://osm.org/?mlat=29.906152556129232&mlon=-90.14232936580065&zoom=16
address does not match a street: (None, '641', 'Avenue East') https://osm.org/?mlat=29.905393897615696&mlon=-90.14273425829919&zoom=16
address does not match a street: (None, '639', 'Avenue East') https://osm.org/?mlat=29.905434361930276&mlon=-90.14275432552195&zoom=16
address does not match a street: (None, '643', 'Avenue East') https://osm.org/?mlat=29.90523306724208&mlon=-90.14282034924564&zoom=16
address does not match a street: (None, '1054', 'Cedre Street') https://osm.org/?mlat=29.905728974944854&mlon=-90.13561131359467&zoom=16
address does not match a street: (None, '469', 'Vine Drive') https://osm.org/?mlat=29.905595197915684&mlon=-90.13574852858007&zoom=16
address does not match a street: (None, '481', 'Vine Drive') https://osm.org/?mlat=29.9052428289528&mlon=-90.13597661924213&zoom=16
address does not match a street: (None, '489', 'Vine Drive') https://osm.org/?mlat=29.904977223474653&mlon=-90.13612187178866&zoom=16
address does not match a street: (None, '493', 'Vine Drive') https://osm.org/?mlat=29.904854154354226&mlon=-90.13619940352707&zoom=16
address does not match a street: (None, '497', 'Vine Drive') https://osm.org/?mlat=29.904708829802956&mlon=-90.13623558688279&zoom=16
address does not match a street: (None, '478', 'Vine Drive') https://osm.org/?mlat=29.905607947648036&mlon=-90.13625637566665&zoom=16
address does not match a street: (None, '482', 'Vine Drive') https://osm.org/?mlat=29.90548266595422&mlon=-90.13636550461257&zoom=16
address does not match a street: (None, '486', 'Celomar Park') https://osm.org/?mlat=29.907327419742394&mlon=-90.14021945750603&zoom=16
address does not match a street: (None, '531', 'Avenue East') https://osm.org/?mlat=29.907047352836486&mlon=-90.141804226524&zoom=16
address does not match a street: (None, '539', 'Avenue East') https://osm.org/?mlat=29.90688563808588&mlon=-90.14189441115406&zoom=16
address does not match a street: (None, '541', 'Avenue East') https://osm.org/?mlat=29.906926891583158&mlon=-90.14189391880211&zoom=16
address does not match a street: (None, '545', 'Avenue East') https://osm.org/?mlat=29.906847912515868&mlon=-90.14193934795715&zoom=16
address does not match a street: (None, '495', 'Celomar Park') https://osm.org/?mlat=29.906804853589307&mlon=-90.13994802194586&zoom=16
address does not match a street: (None, '481', 'Celomar Park') https://osm.org/?mlat=29.907162737856844&mlon=-90.13970696107606&zoom=16
address does not match a street: (None, '916', 'Cedre Street') https://osm.org/?mlat=29.906864355788038&mlon=-90.13892771187726&zoom=16
address does not match a street: (None, '915', 'Cedre Street') https://osm.org/?mlat=29.907178998813063&mlon=-90.13874384953814&zoom=16
address does not match a street: (None, '917', 'Cedre Street') https://osm.org/?mlat=29.90712224670883&mlon=-90.1385522317757&zoom=16
address does not match a street: (None, '927', 'Cedre Street') https://osm.org/?mlat=29.90688916687596&mlon=-90.13801185683445&zoom=16
address does not match a street: (None, '579', 'Avenue East') https://osm.org/?mlat=29.906312867657714&mlon=-90.14208421482815&zoom=16
address does not match a street: (None, '547', 'Avenue East') https://osm.org/?mlat=29.906727048257572&mlon=-90.14198455923439&zoom=16
address does not match a street: (None, '549', 'Avenue East') https://osm.org/?mlat=29.906768301756053&mlon=-90.14198406692047&zoom=16
address does not match a street: (None, '1000', 'Cedre Street') https://osm.org/?mlat=29.906481283425983&mlon=-90.13790983059681&zoom=16
address does not match a street: (None, '1005', 'Cedre Street') https://osm.org/?mlat=29.906722093097997&mlon=-90.13751231061968&zoom=16
address does not match a street: (None, '911', 'Cedre Street') https://osm.org/?mlat=29.907224413667727&mlon=-90.1389262745937&zoom=16
address does not match a street: (None, '493', 'Celomar Park') https://osm.org/?mlat=29.90692792488991&mlon=-90.13987049331362&zoom=16
address does not match a street: (None, '490', 'Celomar Park') https://osm.org/?mlat=29.90718516663563&mlon=-90.14031874094977&zoom=16
address does not match a street: (None, '1025', 'Cedre Street') https://osm.org/?mlat=29.90641456635317&mlon=-90.13662268257028&zoom=16
address does not match a street: (None, '1013', 'Cedre Street') https://osm.org/?mlat=29.906595174074084&mlon=-90.1371665511255&zoom=16
address does not match a street: (None, '1040', 'Cedre Street') https://osm.org/?mlat=29.905857302292958&mlon=-90.13611131745157&zoom=16
address does not match a street: (None, '1045', 'Cedre Street') https://osm.org/?mlat=29.906131522894185&mlon=-90.13574496529974&zoom=16
address has no house number: (None, None, 'Klein Street') https://osm.org/?mlat=29.9038076657031&mlon=-90.13276723307028&zoom=16
address does not match a street: (None, '1049', 'Cedre Street') https://osm.org/?mlat=29.905999566041057&mlon=-90.13539568326489&zoom=16
address does not match a street: (None, '474', 'Vine Drive') https://osm.org/?mlat=29.905728523521407&mlon=-90.13617959096314&zoom=16
address does not match a street: (None, '1029', 'Cedre Street') https://osm.org/?mlat=29.906366192177884&mlon=-90.13645895142399&zoom=16
address does not match a street: (None, '498', 'Vine Drive') https://osm.org/?mlat=29.90494355607058&mlon=-90.13668121464447&zoom=16
address does not match a street: (None, '485', 'Vine Drive') https://osm.org/?mlat=29.90510848334359&mlon=-90.13605141705594&zoom=16
address does not match a street: (None, '511', 'Avenue East') https://osm.org/?mlat=29.907163333225736&mlon=-90.14184087099802&zoom=16
address does not match a street: (None, '535', 'Avenue East') https://osm.org/?mlat=29.90696524881406&mlon=-90.14184969206673&zoom=16
address does not match a street: (None, '551', 'Avenue East') https://osm.org/?mlat=29.906648068254867&mlon=-90.14202998823754&zoom=16
address does not match a street: (None, '553', 'Avenue East') https://osm.org/?mlat=29.906689322656018&mlon=-90.14202949593202&zoom=16
address does not match a street: (None, '920', 'Cedre Street') https://osm.org/?mlat=29.90676000794803&mlon=-90.13865773728752&zoom=16
address does not match a street: (None, '923', 'Cedre Street') https://osm.org/?mlat=29.907049152104157&mlon=-90.13835076467639&zoom=16
address does not match a street: (None, '925', 'Cedre Street') https://osm.org/?mlat=29.90698953614682&mlon=-90.13818788392378&zoom=16
address does not match a street: (None, '1009', 'Cedre Street') https://osm.org/?mlat=29.9066685172694&mlon=-90.13732639658554&zoom=16
address does not match a street: (None, '489', 'Celomar Park') https://osm.org/?mlat=29.907036991066068&mlon=-90.1397651493976&zoom=16
address does not match a street: (None, '477', 'Vine Drive') https://osm.org/?mlat=29.905398119885774&mlon=-90.13586784775491&zoom=16
address has no house number: (None, None, 'Avenue H') https://osm.org/?mlat=29.90518190623443&mlon=-90.1392456077354&zoom=16
address has no house number: (None, None, 'Spruce Street') https://osm.org/?mlat=29.900159820642198&mlon=-90.13823161705719&zoom=16
address has no house number: (None, None, 'Spruce Street') https://osm.org/?mlat=29.900540473658236&mlon=-90.13891440269637&zoom=16
address does not match a street: (None, '1047', 'Cedre Street') https://osm.org/?mlat=29.90608048356528&mlon=-90.13556332773668&zoom=16
address does not match a street: (None, '1001', 'Cedre Street') https://osm.org/?mlat=29.906776287306364&mlon=-90.13769749874994&zoom=16
address does not match a street: (None, '555', 'Avenue East') https://osm.org/?mlat=29.906524593686548&mlon=-90.1420630323752&zoom=16
new building tag (addr:street=Westbank Expressway) does not match the old one (addr:street=Westbank Expy)
