address does not match a street: (None, '2416', 'West Pearl Court') https://osm.org/?mlat=29.863445430483917&mlon=-90.1097101881078&zoom=16
address does not match a street: (None, '2412', 'East Pearl Court') https://osm.org/?mlat=29.86364445175339&mlon=-90.10891656084465&zoom=16
address does not match a street: (None, '2416', 'East Pearl Court') https://osm.org/?mlat=29.863465319758706&mlon=-90.10889277297872&zoom=16
address does not match a street: (None, '2209', 'Broas Street') https://osm.org/?mlat=29.864505822016078&mlon=-90.10219876752502&zoom=16
address does not match a street: (None, '2521', 'East Pearl Court') https://osm.org/?mlat=29.86237635298589&mlon=-90.10830666114262&zoom=16
address does not match a street: (None, '5525', 'Hudson Drive') https://osm.org/?mlat=29.867476874187076&mlon=-90.10822516496785&zoom=16
address does not match a street: (None, '5521', 'Hudson Drive') https://osm.org/?mlat=29.867477830397007&mlon=-90.10803268474264&zoom=16
address does not match a street: (None, '5509', 'Hudson Drive') https://osm.org/?mlat=29.867519340145797&mlon=-90.10747054375175&zoom=16
address does not match a street: (None, '2524', 'West Pearl Court') https://osm.org/?mlat=29.862134956494273&mlon=-90.10955271468198&zoom=16
address does not match a street: (None, '2524', 'East Pearl Court') https://osm.org/?mlat=29.86214943356722&mlon=-90.10874484278919&zoom=16
address does not match a street: (None, '5505', 'Hudson Drive') https://osm.org/?mlat=29.86746805103034&mlon=-90.10727870482232&zoom=16
address does not match a street: (None, '5524', 'Hudson Drive') https://osm.org/?mlat=29.867894593685556&mlon=-90.1081947988297&zoom=16
address does not match a street: (None, '5516', 'Hudson Drive') https://osm.org/?mlat=29.867913209761593&mlon=-90.10783171739357&zoom=16
address does not match a street: (None, '5512', 'Hudson Drive') https://osm.org/?mlat=29.867916826851417&mlon=-90.10762973795359&zoom=16
address does not match a street: (None, '5508', 'Hudson Drive') https://osm.org/?mlat=29.867920561293648&mlon=-90.10744037696114&zoom=16
address has no house number: (None, None, 'Broas Street') https://osm.org/?mlat=29.863064997118716&mlon=-90.10190897310737&zoom=16
address does not match a street: (None, None, 'Broas Street') https://osm.org/?mlat=29.863064997118716&mlon=-90.10190897310737&zoom=16
address does not match a street: (None, '2500', 'East Pearl Court') https://osm.org/?mlat=29.863143104726102&mlon=-90.10884308689285&zoom=16
address does not match a street: (None, '5532', 'Hudson Drive') https://osm.org/?mlat=29.86790923747618&mlon=-90.10858586933495&zoom=16
address does not match a street: (None, '5528', 'Hudson Drive') https://osm.org/?mlat=29.867879859363196&mlon=-90.10838429361677&zoom=16
address does not match a street: (None, '5536', 'Hudson Drive') https://osm.org/?mlat=29.86788610657147&mlon=-90.10875969087202&zoom=16
address does not match a street: (None, '2300', 'Broas Street') https://osm.org/?mlat=29.86343067354759&mlon=-90.10282593946626&zoom=16
address does not match a street: (None, '2509', 'East Pearl Court') https://osm.org/?mlat=29.862874677464326&mlon=-90.1083508467907&zoom=16
address does not match a street: (None, '2421', 'East Pearl Court') https://osm.org/?mlat=29.86336189293391&mlon=-90.10841762120648&zoom=16
address does not match a street: (None, '2417', 'East Pearl Court') https://osm.org/?mlat=29.86353551846245&mlon=-90.10842356786631&zoom=16
address does not match a street: (None, '5533', 'Hudson Drive') https://osm.org/?mlat=29.86749140032854&mlon=-90.10860361439745&zoom=16
address does not match a street: (None, '5541', 'Hudson Drive') https://osm.org/?mlat=29.867492265032187&mlon=-90.10899169603681&zoom=16
address does not match a street: (None, '5545', 'Hudson Drive') https://osm.org/?mlat=29.86746375171244&mlon=-90.10917820464105&zoom=16
address does not match a street: (None, '5549', 'Hudson Drive') https://osm.org/?mlat=29.867468175731112&mlon=-90.10935799798683&zoom=16
address does not match a street: (None, '2516', 'East Pearl Court') https://osm.org/?mlat=29.862487911772433&mlon=-90.10876908815689&zoom=16
address does not match a street: (None, '2521', 'West Pearl Court') https://osm.org/?mlat=29.862276225774096&mlon=-90.10907141404245&zoom=16
address does not match a street: (None, '2509', 'West Pearl Court') https://osm.org/?mlat=29.8627887280678&mlon=-90.10917871538057&zoom=16
address does not match a street: (None, '2505', 'West Pearl Court') https://osm.org/?mlat=29.862962136182066&mlon=-90.10919552037407&zoom=16
address does not match a street: (None, '2501', 'West Pearl Court') https://osm.org/?mlat=29.863130161494606&mlon=-90.10922501173577&zoom=16
address does not match a street: (None, '2417', 'West Pearl Court') https://osm.org/?mlat=29.863449479815223&mlon=-90.10925895908001&zoom=16
address does not match a street: (None, '2516', 'West Pearl Court') https://osm.org/?mlat=29.86245989162625&mlon=-90.10959921416172&zoom=16
address does not match a street: (None, '2512', 'West Pearl Court') https://osm.org/?mlat=29.8626277406635&mlon=-90.10960977780766&zoom=16
address does not match a street: (None, '2504', 'West Pearl Court') https://osm.org/?mlat=29.862952675767325&mlon=-90.10965627873752&zoom=16
address does not match a street: (None, '2420', 'West Pearl Court') https://osm.org/?mlat=29.863280331167534&mlon=-90.1096995905176&zoom=16
address does not match a street: (None, '2528', 'West Pearl Court') https://osm.org/?mlat=29.861959416318264&mlon=-90.10960219130882&zoom=16
address does not match a street: (None, '2409', 'East Pearl Court') https://osm.org/?mlat=29.86386335041079&mlon=-90.10845954076228&zoom=16
address does not match a street: (None, '2405', 'West Pearl Court') https://osm.org/?mlat=29.86396429099305&mlon=-90.10931890665881&zoom=16
address does not match a street: (None, '2404', 'East Pearl Court') https://osm.org/?mlat=29.863974572944485&mlon=-90.10894647659894&zoom=16
address does not match a street: (None, '2400', 'West Pearl Court') https://osm.org/?mlat=29.864128149175407&mlon=-90.10978701161235&zoom=16
address does not match a street: (None, '5553', 'Hudson Drive') https://osm.org/?mlat=29.867412576064083&mlon=-90.10958901141274&zoom=16
address does not match a street: (None, '2216', 'Broas Street') https://osm.org/?mlat=29.86450197639406&mlon=-90.1029723266524&zoom=16
address does not match a street: (None, '2517', 'East Pearl Court') https://osm.org/?mlat=29.862547932761057&mlon=-90.10831866329046&zoom=16
address does not match a street: (None, '2501', 'East Pearl Court') https://osm.org/?mlat=29.863205460261288&mlon=-90.10839142352064&zoom=16
address does not match a street: (None, '2408', 'West Pearl Court') https://osm.org/?mlat=29.863773115210964&mlon=-90.10975665502241&zoom=16
address does not match a street: (None, '2401', 'West Pearl Court') https://osm.org/?mlat=29.864159725116192&mlon=-90.10933859726602&zoom=16
address does not match a street: (None, '2412', 'West Pearl Court') https://osm.org/?mlat=29.863607838825097&mlon=-90.1097271288991&zoom=16
address does not match a street: (None, '2404', 'West Pearl Court') https://osm.org/?mlat=29.86394105229734&mlon=-90.10977668331971&zoom=16
address does not match a street: (None, '2421', 'West Pearl Court') https://osm.org/?mlat=29.8632899092323&mlon=-90.10925144956093&zoom=16
address does not match a street: (None, '2513', 'West Pearl Court') https://osm.org/?mlat=29.86262354056686&mlon=-90.10915865461604&zoom=16
address does not match a street: (None, '2520', 'East Pearl Court') https://osm.org/?mlat=29.862331285926153&mlon=-90.10876544166395&zoom=16
address does not match a street: (None, '2508', 'East Pearl Court') https://osm.org/?mlat=29.86281562534937&mlon=-90.1088187062629&zoom=16
address does not match a street: (None, '2420', 'East Pearl Court') https://osm.org/?mlat=29.863325327623148&mlon=-90.10888622994203&zoom=16
address does not match a street: (None, '2413', 'East Pearl Court') https://osm.org/?mlat=29.863664216857046&mlon=-90.10845901112724&zoom=16
address does not match a street: (None, '5504', 'Hudson Drive') https://osm.org/?mlat=29.86790709113753&mlon=-90.10717550256558&zoom=16
address does not match a street: (None, '2409', 'West Pearl Court') https://osm.org/?mlat=29.863793574766508&mlon=-90.10929575808228&zoom=16
address does not match a street: (None, '5520', 'Hudson Drive') https://osm.org/?mlat=29.86788733015812&mlon=-90.10800557284944&zoom=16
address does not match a street: (None, '2525', 'West Pearl Court') https://osm.org/?mlat=29.86210325921276&mlon=-90.10910192973431&zoom=16
address does not match a street: (None, '2505', 'East Pearl Court') https://osm.org/?mlat=29.863034295905276&mlon=-90.10838062303715&zoom=16
address does not match a street: (None, '5529', 'Hudson Drive') https://osm.org/?mlat=29.867475888300802&mlon=-90.10841449032883&zoom=16
address does not match a street: (None, '5544', 'Hudson Drive') https://osm.org/?mlat=29.867856665411946&mlon=-90.10914183609917&zoom=16
address does not match a street: (None, '5537', 'Hudson Drive') https://osm.org/?mlat=29.867487664201143&mlon=-90.10879297349763&zoom=16
address does not match a street: (None, '2500', 'West Pearl Court') https://osm.org/?mlat=29.863120495426354&mlon=-90.10966368780812&zoom=16
address does not match a street: (None, '2400', 'East Pearl Court') https://osm.org/?mlat=29.86415078862367&mlon=-90.10896955720159&zoom=16
address does not match a street: (None, '2504', 'East Pearl Court') https://osm.org/?mlat=29.862993882506697&mlon=-90.1088441731987&zoom=16
address does not match a street: (None, '2517', 'West Pearl Court') https://osm.org/?mlat=29.862469469359358&mlon=-90.10915107791169&zoom=16
address does not match a street: (None, '2413', 'West Pearl Court') https://osm.org/?mlat=29.863620166680867&mlon=-90.10927895277483&zoom=16
address does not match a street: (None, '2508', 'West Pearl Court') https://osm.org/?mlat=29.86278751680533&mlon=-90.10963937187411&zoom=16
address does not match a street: (None, '2317', 'Broas Street') https://osm.org/?mlat=29.862753929159688&mlon=-90.10191930499761&zoom=16
address does not match a street: (None, '2405', 'East Pearl Court') https://osm.org/?mlat=29.8640262995954&mlon=-90.10849122580004&zoom=16
address does not match a street: (None, '2513', 'East Pearl Court') https://osm.org/?mlat=29.86270669885439&mlon=-90.10834362511054&zoom=16
address does not match a street: (None, '5550', 'Hudson Drive') https://osm.org/?mlat=29.867850443163224&mlon=-90.10935962342636&zoom=16
address does not match a street: (None, '2220', 'Broas Street') https://osm.org/?mlat=29.864325773315215&mlon=-90.10296951314209&zoom=16
address does not match a street: (None, '2401', 'East Pearl Court') https://osm.org/?mlat=29.86417683389197&mlon=-90.10851805517126&zoom=16
address does not match a street: (None, '2512', 'East Pearl Court') https://osm.org/?mlat=29.86267116924735&mlon=-90.108810549478&zoom=16
address has no house number: (None, None, 'Ehret Road') https://osm.org/?mlat=29.861939608999116&mlon=-90.09947788192666&zoom=16
address does not match a street: (None, '2525', 'East Pearl Court') https://osm.org/?mlat=29.86219466625615&mlon=-90.10828680427959&zoom=16
address has no house number: (None, None, 'Broas Street') https://osm.org/?mlat=29.862564664253966&mlon=-90.10178559076995&zoom=16
address does not match a street: (None, None, 'Broas Street') https://osm.org/?mlat=29.862564664253966&mlon=-90.10178559076995&zoom=16
address does not match a street: (None, '2309', 'Broas Street') https://osm.org/?mlat=29.863375332046875&mlon=-90.10175740282479&zoom=16
address does not match a street: (None, '2408', 'East Pearl Court') https://osm.org/?mlat=29.863842572886803&mlon=-90.10892763842183&zoom=16
address does not match a street: (None, '2520', 'West Pearl Court') https://osm.org/?mlat=29.862286689117983&mlon=-90.10960449143074&zoom=16
address does not match a street: (None, '2224', 'Broas Street') https://osm.org/?mlat=29.864027889949618&mlon=-90.10287537331897&zoom=16
address does not match a street: (None, '5540', 'Hudson Drive') https://osm.org/?mlat=29.86786862173875&mlon=-90.10894921927085&zoom=16
address does not match a street: (None, '5517', 'Hudson Drive') https://osm.org/?mlat=29.867498093003782&mlon=-90.10784627700946&zoom=16
address does not match a street: (None, '2233', 'Broas Street') https://osm.org/?mlat=29.863980473449164&mlon=-90.10192311251417&zoom=16
address does not match a street: (None, '5513', 'Hudson Drive') https://osm.org/?mlat=29.867488049875362&mlon=-90.10765393172676&zoom=16
address does not match a street: (None, '2307', 'Broas Street') https://osm.org/?mlat=29.863101986521123&mlon=-90.10169078201726&zoom=16
