address has no house number: (None, None, 'Edenborn Avenue') https://osm.org/?mlat=30.011525963879794&mlon=-90.16155062820508&zoom=16
address has no house number: (None, None, 'Hessmer Avenue') https://osm.org/?mlat=30.009541127658956&mlon=-90.16315585292463&zoom=16
address has no house number: (None, None, 'Hessmer Avenue') https://osm.org/?mlat=30.012017026778555&mlon=-90.16293186710234&zoom=16
address has no house number: (None, None, 'North Arnoult Road') https://osm.org/?mlat=30.00974423026031&mlon=-90.161053254773&zoom=16
address has no house number: (None, None, 'Edenborn Avenue') https://osm.org/?mlat=30.009465576790028&mlon=-90.16163121186045&zoom=16
address has no house number: (None, None, 'Edenborn Avenue') https://osm.org/?mlat=30.00977492027743&mlon=-90.16240902751058&zoom=16
address has no house number: (None, None, 'Edenborn Avenue') https://osm.org/?mlat=30.01162791816818&mlon=-90.16228344663499&zoom=16
address has no house number: (None, None, '18th Street') https://osm.org/?mlat=30.00901485175573&mlon=-90.1643125291772&zoom=16
address has no house number: (None, None, '18th Street') https://osm.org/?mlat=30.00901950245492&mlon=-90.1643859715007&zoom=16
address has no house number: (None, None, '18th Street') https://osm.org/?mlat=30.008879101152033&mlon=-90.16426070347194&zoom=16
address has no house number: (None, None, '18th Street') https://osm.org/?mlat=30.009018033497245&mlon=-90.1644457054842&zoom=16
address has no house number: (None, None, 'North Arnoult Road') https://osm.org/?mlat=30.011222275828707&mlon=-90.16088038537195&zoom=16
address has no house number: (None, None, 'North Arnoult Road') https://osm.org/?mlat=30.011074605647725&mlon=-90.16062889479693&zoom=16
address does not match a street: (None, '3421', 'North Causeway Boulevard East') https://osm.org/?mlat=30.011400965559126&mlon=-90.15405588789173&zoom=16
address does not match a street: (None, '3421', 'North Causeway Boulevard East') https://osm.org/?mlat=30.011333173466664&mlon=-90.154153118205&zoom=16
address does not match a street: (None, '3421', 'North Causeway Boulevard East') https://osm.org/?mlat=30.011171720158586&mlon=-90.15401476760631&zoom=16
address does not match a street: (None, '3421', 'North Causeway Boulevard East') https://osm.org/?mlat=30.011096299786086&mlon=-90.15411208792808&zoom=16
address does not match a street: (None, '3421', 'North Causeway Boulevard East') https://osm.org/?mlat=30.0110502935089&mlon=-90.15408633283181&zoom=16
address does not match a street: (None, '3421', 'North Causeway Boulevard East') https://osm.org/?mlat=30.01105854987051&mlon=-90.15415636548965&zoom=16
address does not match a street: (None, '3421', 'North Causeway Boulevard East') https://osm.org/?mlat=30.011049037308425&mlon=-90.1539460891906&zoom=16
address does not match a street: (None, '3421', 'North Causeway Boulevard East') https://osm.org/?mlat=30.011278910831773&mlon=-90.15405733124918&zoom=16
address does not match a street: (None, '3421', 'North Causeway Boulevard East') https://osm.org/?mlat=30.01132413199611&mlon=-90.15399543309618&zoom=16
address does not match a street: (None, '3421', 'North Causeway Boulevard East') https://osm.org/?mlat=30.011392238053695&mlon=-90.15393326423316&zoom=16
address does not match a street: (None, '3421', 'North Causeway Boulevard East') https://osm.org/?mlat=30.011255476324582&mlon=-90.15399624502484&zoom=16
address does not match a street: (None, '3421', 'North Causeway Boulevard East') https://osm.org/?mlat=30.01136258849222&mlon=-90.15403004355798&zoom=16
address does not match a street: (None, '3421', 'North Causeway Boulevard East') https://osm.org/?mlat=30.011209627062836&mlon=-90.15398802120151&zoom=16
address does not match a street: (None, '3421', 'North Causeway Boulevard East') https://osm.org/?mlat=30.01131705327262&mlon=-90.15405688019635&zoom=16
address does not match a street: (None, '3421', 'North Causeway Boulevard East') https://osm.org/?mlat=30.011401593619524&mlon=-90.15412600996002&zoom=16
address does not match a street: (None, '3421', 'North Causeway Boulevard East') https://osm.org/?mlat=30.011142384551587&mlon=-90.15414660711785&zoom=16
address does not match a street: (None, '3421', 'North Causeway Boulevard East') https://osm.org/?mlat=30.011355587356537&mlon=-90.154100255815&zoom=16
address does not match a street: (None, '3421', 'North Causeway Boulevard East') https://osm.org/?mlat=30.01122874178667&mlon=-90.15405656234361&zoom=16
address does not match a street: (None, '3421', 'North Causeway Boulevard East') https://osm.org/?mlat=30.011079707580475&mlon=-90.15396325956142&zoom=16
address does not match a street: (None, '3421', 'North Causeway Boulevard East') https://osm.org/?mlat=30.01131595407563&mlon=-90.15393416642303&zoom=16
address does not match a street: (None, '3421', 'North Causeway Boulevard East') https://osm.org/?mlat=30.01109692781658&mlon=-90.15418220978252&zoom=16
address does not match a street: (None, '3421', 'North Causeway Boulevard East') https://osm.org/?mlat=30.01113310663791&mlon=-90.15396262804252&zoom=16
address does not match a street: (None, '3421', 'North Causeway Boulevard East') https://osm.org/?mlat=30.01104195860767&mlon=-90.15400753612477&zoom=16
address does not match a street: (None, '3421', 'North Causeway Boulevard East') https://osm.org/?mlat=30.011095671718245&mlon=-90.15404196607456&zoom=16
address does not match a street: (None, '3421', 'North Causeway Boulevard East') https://osm.org/?mlat=30.011400415974478&mlon=-90.1539945309531&zoom=16
address does not match a street: (None, '3421', 'North Causeway Boulevard East') https://osm.org/?mlat=30.01140206464263&mlon=-90.15417860177094&zoom=16
address does not match a street: (None, '3421', 'North Causeway Boulevard East') https://osm.org/?mlat=30.01114930630242&mlon=-90.15406762991806&zoom=16
address does not match a street: (None, '3325', 'North Causeway Boulevard East') https://osm.org/?mlat=30.01016937522471&mlon=-90.1544148761432&zoom=16
address has no house number: (None, None, 'Hessmer Avenue') https://osm.org/?mlat=30.009765027392714&mlon=-90.1628676339735&zoom=16
address has no house number: (None, None, 'Hessmer Avenue') https://osm.org/?mlat=30.00946573240183&mlon=-90.16287622426478&zoom=16
address does not match a street: (None, '3413', 'North Causeway Boulevard East') https://osm.org/?mlat=30.01082334234658&mlon=-90.15435658916091&zoom=16
address has no house number: (None, None, 'North Arnoult Road') https://osm.org/?mlat=30.011889914897843&mlon=-90.16088290153357&zoom=16
address has no house number: (None, None, 'Hessmer Avenue') https://osm.org/?mlat=30.010370492948525&mlon=-90.16285530805315&zoom=16
address has no house number: (None, None, 'Edenborn Avenue') https://osm.org/?mlat=30.010163399509175&mlon=-90.16258970679512&zoom=16
address has no house number: (None, None, 'North Causeway Boulevard') https://osm.org/?mlat=30.01054052268956&mlon=-90.15542977741703&zoom=16
address has no house number: (None, None, 'North Causeway Boulevard') https://osm.org/?mlat=30.010471683460377&mlon=-90.15539020753263&zoom=16
address has no house number: (None, None, 'North Causeway Boulevard') https://osm.org/?mlat=30.010541734725336&mlon=-90.15538938008541&zoom=16
address has no house number: (None, None, 'North Causeway Boulevard') https://osm.org/?mlat=30.010569377421643&mlon=-90.15543140728313&zoom=16
address does not match a street: (None, '3101', 'Causeway Boulevard Service Road') https://osm.org/?mlat=30.006936678467675&mlon=-90.1545541999333&zoom=16
address does not match a street: (None, '3113', 'Causeway Boulevard Service Road') https://osm.org/?mlat=30.007064039540843&mlon=-90.15465064286697&zoom=16
address does not match a street: (None, '3033', 'Causeway Boulevard Service Road') https://osm.org/?mlat=30.00652377641109&mlon=-90.15450852565948&zoom=16
address does not match a street: (None, '3021', 'Causeway Boulevard Service Road') https://osm.org/?mlat=30.006196240683106&mlon=-90.15461034576903&zoom=16
address does not match a street: (None, '3001', 'Causeway Boulevard Service Road') https://osm.org/?mlat=30.005289182737098&mlon=-90.15473481091512&zoom=16
address does not match a street: (None, '3001', 'North Causeway Boulevard East') https://osm.org/?mlat=30.00531959499541&mlon=-90.15475773569995&zoom=16
address has no house number: (None, None, 'Edenborn Avenue') https://osm.org/?mlat=30.00706004670747&mlon=-90.16151536442906&zoom=16
address has no house number: (None, None, 'Edenborn Avenue') https://osm.org/?mlat=30.007051874476726&mlon=-90.16143610191506&zoom=16
address has no house number: (None, None, 'Edenborn Avenue') https://osm.org/?mlat=30.00950925332126&mlon=-90.16218014012595&zoom=16
address has no house number: (None, None, 'Hessmer Avenue') https://osm.org/?mlat=30.010029917104905&mlon=-90.1628442967774&zoom=16
address has no house number: (None, None, 'Edenborn Avenue') https://osm.org/?mlat=30.010346975139566&mlon=-90.16237530475374&zoom=16
address has no house number: (None, None, 'Edenborn Avenue') https://osm.org/?mlat=30.011615367899235&mlon=-90.16247735255676&zoom=16
address has no house number: (None, None, 'North Arnoult Road') https://osm.org/?mlat=30.009940844952514&mlon=-90.16084361949146&zoom=16
address has no house number: (None, None, 'Edenborn Avenue') https://osm.org/?mlat=30.00974953000938&mlon=-90.16129820557491&zoom=16
address has no house number: (None, None, 'Hessmer Avenue') https://osm.org/?mlat=30.011335161256447&mlon=-90.16281369723498&zoom=16
address has no house number: (None, None, 'Edenborn Avenue') https://osm.org/?mlat=30.011901704820033&mlon=-90.16119375509673&zoom=16
address does not match a street: (None, '3025', 'Causeway Boulevard Service Road') https://osm.org/?mlat=30.006478646750484&mlon=-90.1546902108513&zoom=16
address does not match a street: (None, '3027', 'Causeway Boulevard Service Road') https://osm.org/?mlat=30.006446626783237&mlon=-90.15462758585898&zoom=16
address does not match a street: (None, '3023', 'Causeway Boulevard Service Road') https://osm.org/?mlat=30.006464610140533&mlon=-90.15472216145638&zoom=16
address does not match a street: (None, '3031', 'Causeway Boulevard Service Road') https://osm.org/?mlat=30.006443102961754&mlon=-90.15448240803428&zoom=16
address does not match a street: (None, '3025', 'Causeway Boulevard Service Road') https://osm.org/?mlat=30.006418458410923&mlon=-90.15469687961813&zoom=16
address does not match a street: (None, '3025', 'Causeway Boulevard Service Road') https://osm.org/?mlat=30.00644645991944&mlon=-90.15469460606514&zoom=16
address does not match a street: (None, '3029', 'Causeway Boulevard Service Road') https://osm.org/?mlat=30.00643151812543&mlon=-90.15455581813677&zoom=16
address does not match a street: (None, '3025', 'Causeway Boulevard Service Road') https://osm.org/?mlat=30.00646433482478&mlon=-90.15469140832042&zoom=16
address does not match a street: (None, '3029', 'Causeway Boulevard Service Road') https://osm.org/?mlat=30.006465149405393&mlon=-90.15455414454435&zoom=16
address does not match a street: (None, '3025', 'Causeway Boulevard Service Road') https://osm.org/?mlat=30.006432769520185&mlon=-90.15469559093785&zoom=16
address has no house number: (None, None, 'North Arnoult Road') https://osm.org/?mlat=30.011700229873803&mlon=-90.16127067220879&zoom=16
address has no house number: (None, None, 'Edenborn Avenue') https://osm.org/?mlat=30.009418274992914&mlon=-90.1613536096291&zoom=16
address has no house number: (None, None, 'Edenborn Avenue') https://osm.org/?mlat=30.009454592319504&mlon=-90.16249302816375&zoom=16
address has no house number: (None, None, 'Edenborn Avenue') https://osm.org/?mlat=30.0099935809343&mlon=-90.16237234491898&zoom=16
address does not match a street: (None, '3125', 'Causeway Boulevard Service Road') https://osm.org/?mlat=30.007341246645144&mlon=-90.15459049315312&zoom=16
address has no house number: (None, None, 'Edenborn Avenue') https://osm.org/?mlat=30.007358293014665&mlon=-90.16234277868568&zoom=16
address does not match a street: (None, '2901', 'Causeway Boulevard Service Road') https://osm.org/?mlat=30.004586223234497&mlon=-90.15460014897928&zoom=16
address does not match a street: (None, '2901', 'Causeway Boulevard Service Road') https://osm.org/?mlat=30.00451291542324&mlon=-90.15477527334068&zoom=16
address does not match a street: (None, '2901', 'Causeway Boulevard Service Road') https://osm.org/?mlat=30.00455018668814&mlon=-90.15457452006592&zoom=16
address does not match a street: (None, '2901', 'Causeway Boulevard Service Road') https://osm.org/?mlat=30.00459018217097&mlon=-90.15479283446167&zoom=16
address does not match a street: (None, '2901', 'Causeway Boulevard Service Road') https://osm.org/?mlat=30.004516194768343&mlon=-90.15470682135656&zoom=16
address has no house number: (None, None, 'North Arnoult Road') https://osm.org/?mlat=30.007999446667313&mlon=-90.16098516268286&zoom=16
address has no house number: (None, None, 'North Arnoult Road') https://osm.org/?mlat=30.007965227702066&mlon=-90.16113261205955&zoom=16
address has no house number: (None, None, 'Edenborn Avenue') https://osm.org/?mlat=30.006967034937592&mlon=-90.16235994595613&zoom=16
address has no house number: (None, None, 'Edenborn Avenue') https://osm.org/?mlat=30.007189157032453&mlon=-90.16255420492605&zoom=16
address does not match a street: (None, '2929', 'Causeway Boulevard Service Road') https://osm.org/?mlat=30.004994565493977&mlon=-90.15473278107615&zoom=16
address does not match a street: (None, '2929', 'Causeway Boulevard Service Road') https://osm.org/?mlat=30.005022213408026&mlon=-90.15462137634155&zoom=16
address does not match a street: (None, '3351', 'North Causeway Boulevard East') https://osm.org/?mlat=30.01046664663358&mlon=-90.15449308985657&zoom=16
address does not match a street: (None, '3017', 'North Causeway Boulevard East') https://osm.org/?mlat=30.005758086803667&mlon=-90.15471979064979&zoom=16
address does not match a street: (None, '3005', 'Causeway Boulevard Service Road') https://osm.org/?mlat=30.005503968692743&mlon=-90.15469040821574&zoom=16
address does not match a street: (None, '3101', 'Causeway Boulevard Service Road') https://osm.org/?mlat=30.00696809005289&mlon=-90.15464178075865&zoom=16
address does not match a street: (None, '3217', 'North Causeway Boulevard East') https://osm.org/?mlat=30.00822870620552&mlon=-90.15476682164187&zoom=16
address does not match a street: (None, '3101', 'Causeway Boulevard Service Road') https://osm.org/?mlat=30.006985732084317&mlon=-90.15469258748413&zoom=16
address does not match a street: (None, '3017', 'North Causeway Boulevard East') https://osm.org/?mlat=30.005922364085333&mlon=-90.1548313973892&zoom=16
address has no house number: (None, None, 'Edenborn Avenue') https://osm.org/?mlat=30.006265965478512&mlon=-90.16178543423551&zoom=16
address has no house number: (None, None, 'Edenborn Avenue') https://osm.org/?mlat=30.00624334703262&mlon=-90.16181514596633&zoom=16
address does not match a street: (None, '3211', 'North Causeway Boulevard East') https://osm.org/?mlat=30.007936734936596&mlon=-90.15445074824066&zoom=16
address does not match a street: (None, '3211', 'North Causeway Boulevard East') https://osm.org/?mlat=30.00803604145979&mlon=-90.15444408224701&zoom=16
address does not match a street: (None, '3211', 'North Causeway Boulevard East') https://osm.org/?mlat=30.007656035660187&mlon=-90.15448311169921&zoom=16
address does not match a street: (None, '3211', 'North Causeway Boulevard East') https://osm.org/?mlat=30.007785165342597&mlon=-90.15446259423175&zoom=16
new building tag (addr:housenumber=3500) does not match the old one (addr:housenumber=3501)
new building tag (addr:street=North Hullen Street) does not match the old one (addr:street=Severn Avenue)
new building tag (addr:housenumber=3505) does not match the old one (addr:housenumber=3200)
new building tag (addr:street=19th Street) does not match the old one (addr:street=Severn Avenue)
