address does not match a street: (None, '3036', 'Grinell Drive') https://osm.org/?mlat=29.850267541782344&mlon=-90.11922209719717&zoom=16
address does not match a street: (None, '3048', 'Grinell Drive') https://osm.org/?mlat=29.850190497638952&mlon=-90.119812958333&zoom=16
address does not match a street: (None, '3032', 'Grinell Drive') https://osm.org/?mlat=29.850293291462012&mlon=-90.1190325026641&zoom=16
address does not match a street: (None, '3004', 'Grinell Drive') https://osm.org/?mlat=29.8504823943649&mlon=-90.11747494271549&zoom=16
address does not match a street: (None, '3008', 'Grinell Drive') https://osm.org/?mlat=29.850429063280448&mlon=-90.1176554096777&zoom=16
address does not match a street: (None, '3016', 'Grinell Drive') https://osm.org/?mlat=29.85040529975044&mlon=-90.11805949782122&zoom=16
address does not match a street: (None, '3020', 'Grinell Drive') https://osm.org/?mlat=29.850379552376612&mlon=-90.11824909280674&zoom=16
address does not match a street: (None, '5158', 'Mount Matterhorn Drive') https://osm.org/?mlat=29.854513776396445&mlon=-90.11211946849278&zoom=16
address does not match a street: (None, '5156', 'Mount Matterhorn Drive') https://osm.org/?mlat=29.854472530881953&mlon=-90.11211997278423&zoom=16
address does not match a street: (None, '5160', 'Mount Matterhorn Drive') https://osm.org/?mlat=29.85459629673054&mlon=-90.1121216143635&zoom=16
address does not match a street: (None, '5162', 'Mount Matterhorn Drive') https://osm.org/?mlat=29.85461962514513&mlon=-90.11213426304587&zoom=16
address does not match a street: (None, '3028', 'Grinell Drive') https://osm.org/?mlat=29.85032995135775&mlon=-90.11883331238106&zoom=16
address does not match a street: (None, '2993', 'Skidmore Drive') https://osm.org/?mlat=29.851098691839315&mlon=-90.11691221236397&zoom=16
address does not match a street: (None, '2988', 'Syracuse Drive') https://osm.org/?mlat=29.85086292353606&mlon=-90.11669425501353&zoom=16
address does not match a street: (None, '2984', 'Syracuse Drive') https://osm.org/?mlat=29.850866700250805&mlon=-90.116508082063&zoom=16
address does not match a street: (None, '2989', 'Syracuse Drive') https://osm.org/?mlat=29.85052430038521&mlon=-90.11665421397497&zoom=16
address does not match a street: (None, '5092', 'Rennes Street') https://osm.org/?mlat=29.852796629584294&mlon=-90.12061099688118&zoom=16
address does not match a street: (None, '2988', 'Skidmore Drive') https://osm.org/?mlat=29.851479733783535&mlon=-90.11678138341787&zoom=16
address does not match a street: (None, '2976', 'Skidmore Drive') https://osm.org/?mlat=29.85155992289722&mlon=-90.11623463985366&zoom=16
address does not match a street: (None, '2981', 'Skidmore Drive') https://osm.org/?mlat=29.85115957517147&mlon=-90.11635939680535&zoom=16
address does not match a street: (None, '2985', 'Skidmore Drive') https://osm.org/?mlat=29.851152990574725&mlon=-90.11653929614387&zoom=16
address does not match a street: (None, '5142', 'Mount Matterhorn Drive') https://osm.org/?mlat=29.8539519865891&mlon=-90.11203484823132&zoom=16
address does not match a street: (None, '5140', 'Mount Matterhorn Drive') https://osm.org/?mlat=29.85391074107245&mlon=-90.11203535255487&zoom=16
address does not match a street: (None, '5144', 'Mount Matterhorn Drive') https://osm.org/?mlat=29.85404840197239&mlon=-90.11205259809982&zoom=16
address does not match a street: (None, '5146', 'Mount Matterhorn Drive') https://osm.org/?mlat=29.85408964748853&mlon=-90.11205209378271&zoom=16
address does not match a street: (None, '5051', 'Rennes Street') https://osm.org/?mlat=29.85089447109094&mlon=-90.12070349550571&zoom=16
address does not match a street: (None, '2960', 'Mount Arbois Drive') https://osm.org/?mlat=29.85284029396378&mlon=-90.116111776592&zoom=16
address does not match a street: (None, '2948', 'Mount Arbois Drive') https://osm.org/?mlat=29.85290134925603&mlon=-90.11557787732075&zoom=16
address does not match a street: (None, '5067', 'Rennes Street') https://osm.org/?mlat=29.851720300368317&mlon=-90.12049472131397&zoom=16
address does not match a street: (None, '2961', 'Mount Arbois Drive') https://osm.org/?mlat=29.85249851204473&mlon=-90.11602760878884&zoom=16
address does not match a street: (None, '2973', 'Mount Arbois Drive') https://osm.org/?mlat=29.852413174774885&mlon=-90.11661227729536&zoom=16
address does not match a street: (None, '5087', 'Rennes Street') https://osm.org/?mlat=29.852683003109114&mlon=-90.12021803267093&zoom=16
address does not match a street: (None, '5079', 'Rennes Street') https://osm.org/?mlat=29.852364589688715&mlon=-90.12028183994076&zoom=16
address does not match a street: (None, '5076', 'Rennes Street') https://osm.org/?mlat=29.852132946357834&mlon=-90.12080833984216&zoom=16
address does not match a street: (None, '5047', 'Rennes Street') https://osm.org/?mlat=29.85074361474545&mlon=-90.1207463378839&zoom=16
address does not match a street: (None, '5072', 'Rennes Street') https://osm.org/?mlat=29.85196281297432&mlon=-90.12084826186648&zoom=16
address does not match a street: (None, '5084', 'Rennes Street') https://osm.org/?mlat=29.85246747907212&mlon=-90.12070332704985&zoom=16
address does not match a street: (None, '2956', 'Mount Arbois Drive') https://osm.org/?mlat=29.852871625295993&mlon=-90.11593157256095&zoom=16
address does not match a street: (None, '2965', 'Mount Arbois Drive') https://osm.org/?mlat=29.852483795615484&mlon=-90.11622022760177&zoom=16
address does not match a street: (None, '2941', 'Mount Arbois Drive') https://osm.org/?mlat=29.852569194961674&mlon=-90.11504877337136&zoom=16
address does not match a street: (None, '3024', 'Grinell Drive') https://osm.org/?mlat=29.850330981398404&mlon=-90.11864717394313&zoom=16
address does not match a street: (None, '5083', 'Rennes Street') https://osm.org/?mlat=29.852526676653603&mlon=-90.1202640977306&zoom=16
address does not match a street: (None, '5136', 'Mount Matterhorn Drive') https://osm.org/?mlat=29.853773049957923&mlon=-90.11201495263961&zoom=16
address does not match a street: (None, '5138', 'Mount Matterhorn Drive') https://osm.org/?mlat=29.85381429547507&mlon=-90.11201444830833&zoom=16
address does not match a street: (None, '3044', 'Grinell Drive') https://osm.org/?mlat=29.850213381061657&mlon=-90.1196107802463&zoom=16
address does not match a street: (None, '3052', 'Grinell Drive') https://osm.org/?mlat=29.850181216834777&mlon=-90.11999919670029&zoom=16
address does not match a street: (None, '5055', 'Rennes Street') https://osm.org/?mlat=29.851062028446233&mlon=-90.12068253313019&zoom=16
address does not match a street: (None, '3040', 'Grinell Drive') https://osm.org/?mlat=29.850261128042067&mlon=-90.11942091962594&zoom=16
address does not match a street: (None, '2984', 'Skidmore Drive') https://osm.org/?mlat=29.85152469776947&mlon=-90.1165883981743&zoom=16
address does not match a street: (None, '3000', 'Grinell Drive') https://osm.org/?mlat=29.850469294596763&mlon=-90.1172479651201&zoom=16
address does not match a street: (None, '2981', 'Syracuse Drive') https://osm.org/?mlat=29.85054273541716&mlon=-90.11626911695792&zoom=16
address does not match a street: (None, '2980', 'Syracuse Drive') https://osm.org/?mlat=29.850889724613996&mlon=-90.1163216735458&zoom=16
address does not match a street: (None, '2992', 'Syracuse Drive') https://osm.org/?mlat=29.8508452812749&mlon=-90.11686797803455&zoom=16
address does not match a street: (None, '2989', 'Skidmore Drive') https://osm.org/?mlat=29.85115210949399&mlon=-90.11674120787237&zoom=16
address does not match a street: (None, '2977', 'Skidmore Drive') https://osm.org/?mlat=29.85117443875085&mlon=-90.1161825522953&zoom=16
address does not match a street: (None, '3012', 'Grinell Drive') https://osm.org/?mlat=29.850411623927304&mlon=-90.117851212045&zoom=16
address does not match a street: (None, '2980', 'Vassar Drive') https://osm.org/?mlat=29.850278355015543&mlon=-90.11622817284585&zoom=16
address does not match a street: (None, '5088', 'Rennes Street') https://osm.org/?mlat=29.85262664268833&mlon=-90.12066669250652&zoom=16
address does not match a street: (None, '2969', 'Mount Arbois Drive') https://osm.org/?mlat=29.85241121833672&mlon=-90.11640093232103&zoom=16
address does not match a street: (None, '2952', 'Mount Arbois Drive') https://osm.org/?mlat=29.852900235906816&mlon=-90.11575455737302&zoom=16
address does not match a street: (None, '5063', 'Rennes Street') https://osm.org/?mlat=29.851563973799834&mlon=-90.12054078549666&zoom=16
address does not match a street: (None, '5091', 'Rennes Street') https://osm.org/?mlat=29.852844944499985&mlon=-90.12018451829118&zoom=16
address does not match a street: (None, '5075', 'Rennes Street') https://osm.org/?mlat=29.85220027697198&mlon=-90.12035639435508&zoom=16
address does not match a street: (None, '2944', 'Mount Arbois Drive') https://osm.org/?mlat=29.852910769918786&mlon=-90.11540740444913&zoom=16
address does not match a street: (None, '5059', 'Rennes Street') https://osm.org/?mlat=29.851396561990722&mlon=-90.12057751999657&zoom=16
address does not match a street: (None, '2937', 'Mount Arbois Drive') https://osm.org/?mlat=29.852539797468303&mlon=-90.11484407231856&zoom=16
address does not match a street: (None, '2980', 'Skidmore Drive') https://osm.org/?mlat=29.851517475512757&mlon=-90.11640235695369&zoom=16
address does not match a street: (None, '2988', 'Vassar Drive') https://osm.org/?mlat=29.850218702848334&mlon=-90.11661692559451&zoom=16
address does not match a street: (None, '5080', 'Rennes Street') https://osm.org/?mlat=29.85229205091056&mlon=-90.1207653968306&zoom=16
address does not match a street: (None, '5152', 'Mount Matterhorn Drive') https://osm.org/?mlat=29.8543319444581&mlon=-90.11208383401407&zoom=16
address does not match a street: (None, '5154', 'Mount Matterhorn Drive') https://osm.org/?mlat=29.854373189973096&mlon=-90.11208332970843&zoom=16
address does not match a street: (None, '5168', 'Mount Matterhorn Drive') https://osm.org/?mlat=29.85489092590093&mlon=-90.11216217956286&zoom=16
address does not match a street: (None, '5150', 'Mount Matterhorn Drive') https://osm.org/?mlat=29.85423833649462&mlon=-90.11207235934226&zoom=16
address does not match a street: (None, '5148', 'Mount Matterhorn Drive') https://osm.org/?mlat=29.854197090979085&mlon=-90.11207286365178&zoom=16
address does not match a street: (None, '2984', 'Vassar Drive') https://osm.org/?mlat=29.850255446681707&mlon=-90.11642719649592&zoom=16
address does not match a street: (None, '5166', 'Mount Matterhorn Drive') https://osm.org/?mlat=29.854800039247955&mlon=-90.11214751666242&zoom=16
address does not match a street: (None, '5164', 'Mount Matterhorn Drive') https://osm.org/?mlat=29.8547587937346&mlon=-90.11214802094372&zoom=16
address does not match a street: (None, '2985', 'Syracuse Drive') https://osm.org/?mlat=29.850499750245074&mlon=-90.11647045467824&zoom=16
address does not match a street: (None, '5170', 'Mount Matterhorn Drive') https://osm.org/?mlat=29.854932171413747&mlon=-90.11216167528674&zoom=16
new building tag (addr:housenumber=2732) does not match the old one (addr:housenumber=3500)
new building tag (addr:street=Barataria Boulevard) does not match the old one (addr:street=Ames Boulevard)
