address does not match a street: (None, '1012', 'Cheval Place') https://osm.org/?mlat=30.018421934267188&mlon=-90.25381224541091&zoom=16
address does not match a street: (None, '1005', 'Cheval Place') https://osm.org/?mlat=30.01801198967679&mlon=-90.25413274205981&zoom=16
address does not match a street: (None, '1004', 'Cheval Place') https://osm.org/?mlat=30.01842519600624&mlon=-90.25421015835245&zoom=16
address does not match a street: (None, '1017', 'Cheval Place') https://osm.org/?mlat=30.017965843017542&mlon=-90.25353632236796&zoom=16
address does not match a street: (None, '3159', 'Augusta Avenue') https://osm.org/?mlat=30.012811797178717&mlon=-90.25582238083241&zoom=16
address does not match a street: (None, '3151', 'Augusta Avenue') https://osm.org/?mlat=30.012596703982613&mlon=-90.25573923041343&zoom=16
address does not match a street: (None, '1008', 'Cheval Place') https://osm.org/?mlat=30.01842924392967&mlon=-90.25401760598808&zoom=16
address does not match a street: (None, '1013', 'Cheval Place') https://osm.org/?mlat=30.017998544161394&mlon=-90.25378881556954&zoom=16
address does not match a street: (None, '3158', 'Augusta Avenue') https://osm.org/?mlat=30.01287423740115&mlon=-90.25535554419112&zoom=16
address does not match a street: (None, '1009', 'Cheval Place') https://osm.org/?mlat=30.018008065133245&mlon=-90.25395895238607&zoom=16
address does not match a street: (None, '1000', 'Cheval Place') https://osm.org/?mlat=30.01842761050323&mlon=-90.25442850099897&zoom=16
address does not match a street: (None, '3155', 'Augusta Avenue') https://osm.org/?mlat=30.012706641034534&mlon=-90.25580556086545&zoom=16
address does not match a street: (None, '3141', 'Marietta Avenue') https://osm.org/?mlat=30.01255448447717&mlon=-90.25295206080065&zoom=16
address has no house number: (None, None, 'West Esplanade Avenue') https://osm.org/?mlat=30.0212252584034&mlon=-90.25339614863711&zoom=16
address has no house number: (None, None, 'West Esplanade Avenue') https://osm.org/?mlat=30.021263161401773&mlon=-90.25405445446133&zoom=16
address does not match a street: (None, '3127', 'Marietta Avenue') https://osm.org/?mlat=30.0120943396015&mlon=-90.2529441166337&zoom=16
address does not match a street: (None, '3131', 'Marietta Avenue') https://osm.org/?mlat=30.012222581761126&mlon=-90.25295565657866&zoom=16
address does not match a street: (None, '3135', 'Marietta Avenue') https://osm.org/?mlat=30.012332336624926&mlon=-90.25299971807371&zoom=16
address does not match a street: (None, '3145', 'Marietta Avenue') https://osm.org/?mlat=30.012648283607476&mlon=-90.25295607244807&zoom=16
address does not match a street: (None, '3149', 'Marietta Avenue') https://osm.org/?mlat=30.012761088621275&mlon=-90.25299076377927&zoom=16
address does not match a street: (None, '3159', 'Marietta Avenue') https://osm.org/?mlat=30.012991915858624&mlon=-90.25301052984518&zoom=16
address does not match a street: (None, '3100', 'Helena Avenue') https://osm.org/?mlat=30.01203865940058&mlon=-90.25476841137258&zoom=16
address does not match a street: (None, '3154', 'Augusta Avenue') https://osm.org/?mlat=30.012772907775823&mlon=-90.2553480206488&zoom=16
address does not match a street: (None, '3150', 'Augusta Avenue') https://osm.org/?mlat=30.01266322923944&mlon=-90.25531329181929&zoom=16
address does not match a street: (None, '3146', 'Augusta Avenue') https://osm.org/?mlat=30.012554540471225&mlon=-90.25532308667727&zoom=16
address does not match a street: (None, '3142', 'Augusta Avenue') https://osm.org/?mlat=30.012433280377937&mlon=-90.25532439750818&zoom=16
address does not match a street: (None, '3138', 'Augusta Avenue') https://osm.org/?mlat=30.012323601829497&mlon=-90.25528966882293&zoom=16
address does not match a street: (None, '3134', 'Augusta Avenue') https://osm.org/?mlat=30.012148369195845&mlon=-90.25526498718766&zoom=16
address does not match a street: (None, '3130', 'Augusta Avenue') https://osm.org/?mlat=30.012050784709796&mlon=-90.25525670489566&zoom=16
address does not match a street: (None, '3139', 'Augusta Avenue') https://osm.org/?mlat=30.01225354988342&mlon=-90.25574293849674&zoom=16
address does not match a street: (None, '3143', 'Augusta Avenue') https://osm.org/?mlat=30.012374184811303&mlon=-90.25574163493266&zoom=16
address does not match a street: (None, '3147', 'Augusta Avenue') https://osm.org/?mlat=30.01249188287616&mlon=-90.25576334813518&zoom=16
address does not match a street: (None, '3159', 'Dawson Avenue') https://osm.org/?mlat=30.01272522482404&mlon=-90.25670176913208&zoom=16
address does not match a street: (None, '3141', 'Dawson Avenue') https://osm.org/?mlat=30.012257649484916&mlon=-90.25670250672283&zoom=16
