address has no house number: (None, 'Private Road') https://osm.org/?mlat=29.69261815982369&mlon=-90.09515242706085&zoom=16
address does not match a street: (None, 'Private Road') https://osm.org/?mlat=29.69261815982369&mlon=-90.09515242706085&zoom=16
address does not match a street: ('5116', 'Ronquille Street') https://osm.org/?mlat=29.688580939751468&mlon=-90.09736233401554&zoom=16
address does not match a street: ('4983', 'Decamp Street') https://osm.org/?mlat=29.690829845160213&mlon=-90.0959028020867&zoom=16
address does not match a street: ('4969', 'Decamp Street') https://osm.org/?mlat=29.690918603014193&mlon=-90.09517646788143&zoom=16
address does not match a street: ('4929', 'Decamp Street') https://osm.org/?mlat=29.6907157528656&mlon=-90.0942470722891&zoom=16
address does not match a street: ('4925', 'Decamp Street') https://osm.org/?mlat=29.69078402826027&mlon=-90.09408066323769&zoom=16
address does not match a street: ('4911', 'Decamp Street') https://osm.org/?mlat=29.690871215303332&mlon=-90.09363292114651&zoom=16
address does not match a street: ('4914', 'Decamp Street') https://osm.org/?mlat=29.69130651925565&mlon=-90.09364671453692&zoom=16
address does not match a street: ('4921', 'Decamp Street') https://osm.org/?mlat=29.690825689406182&mlon=-90.09394573816967&zoom=16
address does not match a street: ('4875', 'Decamp Street') https://osm.org/?mlat=29.691070598952145&mlon=-90.09248818329898&zoom=16
address does not match a street: ('4889', 'Decamp Street') https://osm.org/?mlat=29.690808952348984&mlon=-90.0930221213876&zoom=16
address does not match a street: ('4977', 'Decamp Street') https://osm.org/?mlat=29.690833900129693&mlon=-90.09572572648926&zoom=16
address does not match a street: ('4899', 'Decamp Street') https://osm.org/?mlat=29.69085027916056&mlon=-90.09331047833187&zoom=16
address does not match a street: ('4941', 'Decamp Street') https://osm.org/?mlat=29.690868774973406&mlon=-90.09456807260581&zoom=16
address does not match a street: ('4945', 'Decamp Street') https://osm.org/?mlat=29.690887556094548&mlon=-90.09473830900127&zoom=16
address does not match a street: ('4949', 'Decamp Street') https://osm.org/?mlat=29.69082598395725&mlon=-90.09488659247917&zoom=16
address has no house number: (None, 'Decamp Street') https://osm.org/?mlat=29.69086312554852&mlon=-90.09536401540183&zoom=16
address does not match a street: (None, 'Decamp Street') https://osm.org/?mlat=29.69086312554852&mlon=-90.09536401540183&zoom=16
address has no house number: (None, 'Decamp Street') https://osm.org/?mlat=29.69087362909653&mlon=-90.09556713638031&zoom=16
address does not match a street: (None, 'Decamp Street') https://osm.org/?mlat=29.69087362909653&mlon=-90.09556713638031&zoom=16
address has no house number: (None, 'Private Road') https://osm.org/?mlat=29.69203716876096&mlon=-90.09469142215175&zoom=16
address does not match a street: (None, 'Private Road') https://osm.org/?mlat=29.69203716876096&mlon=-90.09469142215175&zoom=16
address does not match a street: ('4954', 'Decamp Street') https://osm.org/?mlat=29.691167351898173&mlon=-90.09515569114565&zoom=16
address does not match a street: ('4942', 'Decamp Street') https://osm.org/?mlat=29.691154494189078&mlon=-90.0947409460432&zoom=16
address does not match a street: ('4894', 'Decamp Street') https://osm.org/?mlat=29.691227666783224&mlon=-90.0932289667&zoom=16
address does not match a street: ('4877', 'Decamp Street') https://osm.org/?mlat=29.690732286111857&mlon=-90.09254962791469&zoom=16
address does not match a street: ('4883', 'Decamp Street') https://osm.org/?mlat=29.69090581146551&mlon=-90.09273346683234&zoom=16
address does not match a street: ('4887', 'Decamp Street') https://osm.org/?mlat=29.690756436854016&mlon=-90.09284551561312&zoom=16
address does not match a street: ('4895', 'Decamp Street') https://osm.org/?mlat=29.690873807541124&mlon=-90.09317188497774&zoom=16
address does not match a street: ('4905', 'Decamp Street') https://osm.org/?mlat=29.69091405886522&mlon=-90.09347880313298&zoom=16
address does not match a street: ('4935', 'Decamp Street') https://osm.org/?mlat=29.690899559417232&mlon=-90.09437335307692&zoom=16
address does not match a street: ('5200', 'Ronquille Street') https://osm.org/?mlat=29.688500911932426&mlon=-90.09778456970015&zoom=16
address has no house number: (None, 'Private Road') https://osm.org/?mlat=29.69203501694403&mlon=-90.09493732009481&zoom=16
address does not match a street: (None, 'Private Road') https://osm.org/?mlat=29.69203501694403&mlon=-90.09493732009481&zoom=16
address does not match a street: ('4875', 'Decamp Street') https://osm.org/?mlat=29.69131470042073&mlon=-90.09219819993928&zoom=16
address does not match a street: ('5133', 'Ronquille Street') https://osm.org/?mlat=29.688271882625514&mlon=-90.09767429967775&zoom=16
