address does not match a street: ('303', 'Bath Avenue') https://osm.org/?mlat=29.979591869848925&mlon=-90.14363845150704&zoom=16
address does not match a street: ('123', 'Estes Street') https://osm.org/?mlat=29.976242656160313&mlon=-90.153748187219&zoom=16
address does not match a street: ('125', 'Estes Street') https://osm.org/?mlat=29.97608323195202&mlon=-90.15375638959156&zoom=16
address does not match a street: ('513', 'Bath Avenue') https://osm.org/?mlat=29.97794806028367&mlon=-90.14432138447992&zoom=16
address does not match a street: ('509', 'Bath Avenue') https://osm.org/?mlat=29.97808239446643&mlon=-90.14427556141425&zoom=16
address does not match a street: ('107', 'Estes Street') https://osm.org/?mlat=29.97746844511195&mlon=-90.15367051912993&zoom=16
address does not match a street: ('409', 'Bath Avenue') https://osm.org/?mlat=29.97874816801916&mlon=-90.14400229231856&zoom=16
address does not match a street: ('430', 'Bath Avenue') https://osm.org/?mlat=29.9789739443232&mlon=-90.14433758540083&zoom=16
address does not match a street: ('405', 'Bath Avenue') https://osm.org/?mlat=29.979011308229477&mlon=-90.14390755060539&zoom=16
address does not match a street: ('604', 'Bath Avenue') https://osm.org/?mlat=29.977439605255668&mlon=-90.1449623421756&zoom=16
address does not match a street: ('601', 'Bath Avenue') https://osm.org/?mlat=29.97744145377328&mlon=-90.1445580080304&zoom=16
address does not match a street: ('612', 'Bath Avenue') https://osm.org/?mlat=29.977182475913008&mlon=-90.14511386424834&zoom=16
address does not match a street: ('620', 'Bath Avenue') https://osm.org/?mlat=29.976924634508503&mlon=-90.14518642618236&zoom=16
address does not match a street: ('117', 'Estes Street') https://osm.org/?mlat=29.9766962675606&mlon=-90.15373334754143&zoom=16
address does not match a street: ('113', 'Estes Street') https://osm.org/?mlat=29.976995982388708&mlon=-90.15372980353271&zoom=16
address does not match a street: ('617', 'Bath Avenue') https://osm.org/?mlat=29.97692092732859&mlon=-90.14477584194881&zoom=16
address does not match a street: ('111', 'Estes Street') https://osm.org/?mlat=29.977141460079146&mlon=-90.15369965522132&zoom=16
address does not match a street: ('521', 'Bath Avenue') https://osm.org/?mlat=29.977709979649223&mlon=-90.14445057005676&zoom=16
address has no house number: (None, 'Metairie Road') https://osm.org/?mlat=29.98145136787347&mlon=-90.15103513014985&zoom=16
address does not match a street: ('708', 'Bath Avenue') https://osm.org/?mlat=29.9764043635407&mlon=-90.14543268053738&zoom=16
address does not match a street: ('510', 'Bath Avenue') https://osm.org/?mlat=29.97808083206146&mlon=-90.14471148288729&zoom=16
address does not match a street: ('438', 'Bath Avenue') https://osm.org/?mlat=29.978837174307042&mlon=-90.14441818388455&zoom=16
address does not match a street: ('506', 'Bath Avenue') https://osm.org/?mlat=29.978234614611317&mlon=-90.14468753954277&zoom=16
address does not match a street: ('508', 'Bath Avenue') https://osm.org/?mlat=29.978230743337&mlon=-90.14462332118867&zoom=16
address does not match a street: ('609', 'Bath Avenue') https://osm.org/?mlat=29.977178312123375&mlon=-90.14465274551151&zoom=16
address does not match a street: ('127', 'Estes Street') https://osm.org/?mlat=29.975934663984514&mlon=-90.15374867038086&zoom=16
address does not match a street: ('121', 'Estes Street') https://osm.org/?mlat=29.976396581025895&mlon=-90.15374004984697&zoom=16
address does not match a street: ('115', 'Estes Street') https://osm.org/?mlat=29.97685560683232&mlon=-90.15371567008368&zoom=16
address does not match a street: ('109', 'Estes Street') https://osm.org/?mlat=29.977300997489575&mlon=-90.15370408605801&zoom=16
address does not match a street: ('720', 'Bath Avenue') https://osm.org/?mlat=29.97602054940367&mlon=-90.14556359764778&zoom=16
address does not match a street: ('504', 'Bath Avenue') https://osm.org/?mlat=29.978346523705508&mlon=-90.14459460329773&zoom=16
address does not match a street: ('505', 'Bath Avenue') https://osm.org/?mlat=29.978214008401306&mlon=-90.14423292936347&zoom=16
address does not match a street: ('124', 'North Labarre Drive') https://osm.org/?mlat=29.98072117614693&mlon=-90.15239064684987&zoom=16
address does not match a street: ('517', 'Bath Avenue') https://osm.org/?mlat=29.97781933954009&mlon=-90.1443797753198&zoom=16
address does not match a street: ('1717', 'Old Metairie Street') https://osm.org/?mlat=29.976844481265015&mlon=-90.14359421333833&zoom=16
address does not match a street: ('1721', 'Old Metairie Street') https://osm.org/?mlat=29.9768524545376&mlon=-90.14364256155264&zoom=16
address does not match a street: ('1709', 'Old Metairie Street') https://osm.org/?mlat=29.976801408989246&mlon=-90.14344307570238&zoom=16
address does not match a street: ('1713', 'Old Metairie Street') https://osm.org/?mlat=29.976827859168328&mlon=-90.1435201009782&zoom=16
address does not match a street: ('1705', 'Old Metairie Street') https://osm.org/?mlat=29.976776213140404&mlon=-90.14336249029385&zoom=16
address does not match a street: ('1716', 'Old Metairie Street') https://osm.org/?mlat=29.976592569188156&mlon=-90.14368075538722&zoom=16
address does not match a street: ('1724', 'Old Metairie Street') https://osm.org/?mlat=29.976625755145218&mlon=-90.14382555553419&zoom=16
address does not match a street: ('1720', 'Old Metairie Street') https://osm.org/?mlat=29.976606499901465&mlon=-90.14376265644638&zoom=16
address does not match a street: ('948', 'Old Metairie Street') https://osm.org/?mlat=29.976497361500726&mlon=-90.14342164960645&zoom=16
address does not match a street: ('1708', 'Old Metairie Street') https://osm.org/?mlat=29.976546263439708&mlon=-90.1435436882442&zoom=16
address does not match a street: ('1704', 'Old Metairie Street') https://osm.org/?mlat=29.97652129074018&mlon=-90.14348757996814&zoom=16
address does not match a street: ('522', 'North Labarre Drive') https://osm.org/?mlat=29.978588155062575&mlon=-90.15216123956097&zoom=16
address has no house number: (None, 'Metairie Road') https://osm.org/?mlat=29.977946638980523&mlon=-90.15338078944444&zoom=16
address has no house number: (None, 'Elshor Avenue') https://osm.org/?mlat=29.979914256360992&mlon=-90.14653894443757&zoom=16
address does not match a street: ('307', 'Bath Avenue') https://osm.org/?mlat=29.979519761207328&mlon=-90.14370785376275&zoom=16
address does not match a street: ('608', 'Bath Avenue') https://osm.org/?mlat=29.977319389866377&mlon=-90.14504905976878&zoom=16
address does not match a street: ('605', 'Bath Avenue') https://osm.org/?mlat=29.977301448990655&mlon=-90.14458494588727&zoom=16
address has no house number: (None, 'Labarre Road') https://osm.org/?mlat=29.9768343924098&mlon=-90.15210356862708&zoom=16
address does not match a street: ('501', 'Bath Avenue') https://osm.org/?mlat=29.978356477402752&mlon=-90.14417437421483&zoom=16
address does not match a street: ('520', 'Bath Avenue') https://osm.org/?mlat=29.97783716705739&mlon=-90.14483125812903&zoom=16
address does not match a street: ('712', 'Bath Avenue') https://osm.org/?mlat=29.976278391040466&mlon=-90.14549103630992&zoom=16
address does not match a street: ('337', 'Livingston Place East') https://osm.org/?mlat=29.98080046580308&mlon=-90.14335845306115&zoom=16
address has no house number: (None, 'Metairie Road') https://osm.org/?mlat=29.98026663233506&mlon=-90.15175779770304&zoom=16
address does not match a street: ('407', 'Bath Avenue') https://osm.org/?mlat=29.978882502065872&mlon=-90.1439564674195&zoom=16
address does not match a street: ('444', 'Bath Avenue') https://osm.org/?mlat=29.978744541544746&mlon=-90.14451405083108&zoom=16
address does not match a street: ('621', 'Bath Avenue') https://osm.org/?mlat=29.976805839714938&mlon=-90.14482143450293&zoom=16
address does not match a street: ('809', 'Bath Avenue') https://osm.org/?mlat=29.97559773997455&mlon=-90.1453348921097&zoom=16
address does not match a street: ('500', 'Bath Avenue') https://osm.org/?mlat=29.97848326531151&mlon=-90.14451084707079&zoom=16
address does not match a street: ('700', 'Bath Avenue') https://osm.org/?mlat=29.97665894228418&mlon=-90.14530330252988&zoom=16
address does not match a street: ('119', 'Estes Street') https://osm.org/?mlat=29.976550450176145&mlon=-90.15372559579313&zoom=16
address has no house number: (None, 'Metairie Road') https://osm.org/?mlat=29.98072016257181&mlon=-90.15158563473403&zoom=16
address does not match a street: ('403', 'Bath Avenue') https://osm.org/?mlat=29.979139886923196&mlon=-90.14383336643695&zoom=16
address does not match a street: ('516', 'Bath Avenue') https://osm.org/?mlat=29.97795661537684&mlon=-90.14477860452419&zoom=16
address does not match a street: ('411', 'Bath Avenue') https://osm.org/?mlat=29.978613861581415&mlon=-90.14405127445434&zoom=16
address does not match a street: ('1712', 'Old Metairie Street') https://osm.org/?mlat=29.97657558081511&mlon=-90.14362540471136&zoom=16
address does not match a street: ('716', 'Bath Avenue') https://osm.org/?mlat=29.97614686307331&mlon=-90.1455431407867&zoom=16
address does not match a street: ('704', 'Bath Avenue') https://osm.org/?mlat=29.97652463622374&mlon=-90.1453522818776&zoom=16
address does not match a street: ('705', 'Bath Avenue') https://osm.org/?mlat=29.976219178491938&mlon=-90.14506596306107&zoom=16
address does not match a street: ('613', 'Bath Avenue') https://osm.org/?mlat=29.977049477125124&mlon=-90.14469850212845&zoom=16
address does not match a street: ('616', 'Bath Avenue') https://osm.org/?mlat=29.977064696446572&mlon=-90.14516580594501&zoom=16
address has no house number: (None, 'Edinburgh Street') https://osm.org/?mlat=29.97920300142907&mlon=-90.14364508101275&zoom=16
address does not match a street: ('711', 'Bath Avenue') https://osm.org/?mlat=29.97629407677479&mlon=-90.14507832005309&zoom=16
address has no house number: (None, 'Ridgewood Drive') https://osm.org/?mlat=29.974122170831595&mlon=-90.14335022243574&zoom=16
address does not match a street: ('223', 'North Labarre Drive') https://osm.org/?mlat=29.982967084834637&mlon=-90.15200927790015&zoom=16
address does not match a street: ('401', 'Bath Avenue') https://osm.org/?mlat=29.979310080376713&mlon=-90.14380290311523&zoom=16
address does not match a street: ('600', 'Bath Avenue') https://osm.org/?mlat=29.977562969523415&mlon=-90.1449198095869&zoom=16
new building address (('2728', 'Metairie Road') https://osm.org/?mlat=29.97871651103615&mlon=-90.15259634324546&zoom=16) does not match the old one (('115', 'Gruner Road'))
