address does not match a street: (None, '901', 'Poplar Place') https://osm.org/?mlat=29.972506201086663&mlon=-90.17989447822126&zoom=16
address does not match a street: (None, '904', 'Poplar Place') https://osm.org/?mlat=29.972812319448245&mlon=-90.18030786618208&zoom=16
address does not match a street: (None, '908', 'Poplar Place') https://osm.org/?mlat=29.97308673465248&mlon=-90.18024152271558&zoom=16
address does not match a street: (None, '2', 'Humane Way') https://osm.org/?mlat=29.97002448094666&mlon=-90.18527159185307&zoom=16
address does not match a street: (None, '905', 'Poplar Place') https://osm.org/?mlat=29.972792113048932&mlon=-90.17988485548882&zoom=16
address does not match a street: (None, '3', 'Humane Way') https://osm.org/?mlat=29.9711549265003&mlon=-90.18422325391776&zoom=16
address has no house number: (None, None, 'Earhart Boulevard') https://osm.org/?mlat=29.97117660522603&mlon=-90.18435483237408&zoom=16
address does not match a street: (None, '1', 'Humane Way') https://osm.org/?mlat=29.97078467938276&mlon=-90.18282923581647&zoom=16
address does not match a street: (None, '903', 'Poplar Place') https://osm.org/?mlat=29.97263516002044&mlon=-90.17986140195634&zoom=16
address does not match a street: (None, '4500', 'Firestone Road') https://osm.org/?mlat=29.970130230937702&mlon=-90.17900305858528&zoom=16
address does not match a street: (None, '906', 'Poplar Place') https://osm.org/?mlat=29.97293269649475&mlon=-90.18023698607608&zoom=16
address does not match a street: (None, '909', 'Poplar Place') https://osm.org/?mlat=29.9730415862883&mlon=-90.17979669052578&zoom=16
address does not match a street: (None, '902', 'Poplar Place') https://osm.org/?mlat=29.97266653121141&mlon=-90.18030323306594&zoom=16
address does not match a street: (None, '907', 'Poplar Place') https://osm.org/?mlat=29.97289890757593&mlon=-90.17983308417917&zoom=16
address does not match a street: (None, '4304', 'Firestone Road') https://osm.org/?mlat=29.970628328812715&mlon=-90.17616252873277&zoom=16
address does not match a street: (None, '4400', 'Firestone Road') https://osm.org/?mlat=29.970049552046596&mlon=-90.17723426599585&zoom=16
address does not match a street: (None, '4308', 'Firestone Road') https://osm.org/?mlat=29.970161166457128&mlon=-90.17685147382551&zoom=16
address does not match a street: (None, '4404', 'Firestone Road') https://osm.org/?mlat=29.969611937034998&mlon=-90.17815845308317&zoom=16
address does not match a street: (None, '4404', 'Firestone Road') https://osm.org/?mlat=29.969672824176754&mlon=-90.17815774807823&zoom=16
address does not match a street: (None, '900', 'Poplar Place') https://osm.org/?mlat=29.97253787652327&mlon=-90.18037105004402&zoom=16
new building tag (addr:city=Jefferson) does not match the old one (addr:city=Harahan)
