address does not match a street: (None, '5144', 'Ethel Street') https://osm.org/?mlat=29.681162973877733&mlon=-90.10227310588493&zoom=16
address does not match a street: (None, '5115', 'Ethel Street') https://osm.org/?mlat=29.68048487217349&mlon=-90.10167569541045&zoom=16
address has no house number: (None, None, 'Anthony Lane') https://osm.org/?mlat=29.684926513028486&mlon=-90.10318817343537&zoom=16
address has no house number: (None, None, 'Privateer Boulevard') https://osm.org/?mlat=29.684772375352225&mlon=-90.1040366701273&zoom=16
address has no house number: (None, None, 'Privateer Boulevard') https://osm.org/?mlat=29.681655496455072&mlon=-90.10539155600067&zoom=16
address does not match a street: (None, '5125', 'Cemetery Street') https://osm.org/?mlat=29.68234216458732&mlon=-90.1007088074544&zoom=16
address does not match a street: (None, '5131', 'Cemetery Street') https://osm.org/?mlat=29.682412375066995&mlon=-90.10083725441291&zoom=16
address does not match a street: (None, '5121', 'William Adams Street') https://osm.org/?mlat=29.68301360128502&mlon=-90.10016923347547&zoom=16
address has no house number: (None, None, 'Wm Adams Street') https://osm.org/?mlat=29.683451891735068&mlon=-90.10038926724654&zoom=16
address does not match a street: (None, None, 'Wm Adams Street') https://osm.org/?mlat=29.683451891735068&mlon=-90.10038926724654&zoom=16
address has no house number: (None, None, 'Jenic Lane') https://osm.org/?mlat=29.687716413901782&mlon=-90.10148646188932&zoom=16
address does not match a street: (None, '5133', 'Ethel Street') https://osm.org/?mlat=29.680707013209368&mlon=-90.10224827124692&zoom=16
address does not match a street: (None, '5127', 'William Adams Street') https://osm.org/?mlat=29.6829507920168&mlon=-90.1003954421454&zoom=16
address does not match a street: (None, '5138', 'Cemetery Street') https://osm.org/?mlat=29.68282922613357&mlon=-90.1009482506075&zoom=16
address does not match a street: (None, '5135', 'William Adams Street') https://osm.org/?mlat=29.68332320578722&mlon=-90.10062042768872&zoom=16
address does not match a street: (None, '5137', 'Cemetery Street') https://osm.org/?mlat=29.682485832573636&mlon=-90.10106945916333&zoom=16
address has no house number: (None, None, 'Jenic Lane') https://osm.org/?mlat=29.687124190718386&mlon=-90.10254171493553&zoom=16
address has no house number: (None, None, 'Pauline Street') https://osm.org/?mlat=29.680352163405594&mlon=-90.10296226694956&zoom=16
address does not match a street: (None, '5117', 'William Adams Street') https://osm.org/?mlat=29.68298054425377&mlon=-90.1000060763923&zoom=16
address has no house number: (None, None, 'Jenic Lane') https://osm.org/?mlat=29.6874168146394&mlon=-90.10284328204801&zoom=16
address has no house number: (None, None, 'Jenic Lane') https://osm.org/?mlat=29.68741147720755&mlon=-90.1028422523776&zoom=16
address has no house number: (None, None, 'Privateer Boulevard') https://osm.org/?mlat=29.681949335768188&mlon=-90.10599214147891&zoom=16
address does not match a street: (None, '5147', 'Ethel Street') https://osm.org/?mlat=29.680980965818186&mlon=-90.10261974770025&zoom=16
address does not match a street: (None, '5116', 'William Adams Street') https://osm.org/?mlat=29.683151795848133&mlon=-90.09986048228993&zoom=16
address has no house number: (None, None, 'Rojas Street') https://osm.org/?mlat=29.680104662072832&mlon=-90.1032905297731&zoom=16
address does not match a street: (None, '5125', 'William Adams Street') https://osm.org/?mlat=29.68313562836382&mlon=-90.10035144511468&zoom=16
