address does not match a street: (None, '5200', 'Starkville Drive') https://osm.org/?mlat=29.811734601332272&mlon=-90.10775788235186&zoom=16
address does not match a street: (None, '2636', 'Birchwood Road') https://osm.org/?mlat=29.81138523163985&mlon=-90.10716015111623&zoom=16
address does not match a street: (None, '2605', 'Birchwood Road') https://osm.org/?mlat=29.811588025958113&mlon=-90.10600222483255&zoom=16
address does not match a street: (None, '5221', 'Augusta Drive') https://osm.org/?mlat=29.811982863513883&mlon=-90.10552345259455&zoom=16
address does not match a street: (None, '5204', 'Starkville Drive') https://osm.org/?mlat=29.81161605654787&mlon=-90.10777650546478&zoom=16
address does not match a street: (None, '2600', 'Greenville Drive') https://osm.org/?mlat=29.811167559892162&mlon=-90.10560986488281&zoom=16
address does not match a street: (None, '2601', 'Greenville Drive') https://osm.org/?mlat=29.81098115984459&mlon=-90.10526838167296&zoom=16
address does not match a street: (None, '5232', 'Augusta Drive') https://osm.org/?mlat=29.81133870143666&mlon=-90.10566337999579&zoom=16
address does not match a street: (None, '2629', 'Birchwood Road') https://osm.org/?mlat=29.81115219675278&mlon=-90.10689247875695&zoom=16
address does not match a street: (None, '2640', 'Birchwood Road') https://osm.org/?mlat=29.811204946917556&mlon=-90.10732460747451&zoom=16
address does not match a street: (None, '2630', 'Birchwood Road') https://osm.org/?mlat=29.811447692086013&mlon=-90.10697600748149&zoom=16
address does not match a street: (None, '2645', 'Birchwood Road') https://osm.org/?mlat=29.810885358920487&mlon=-90.10744961092584&zoom=16
address does not match a street: (None, '2604', 'Birchwood Road') https://osm.org/?mlat=29.811927002250155&mlon=-90.10603625885952&zoom=16
address does not match a street: (None, '2610', 'Birchwood Road') https://osm.org/?mlat=29.811912420165275&mlon=-90.10631794906502&zoom=16
address does not match a street: (None, '2620', 'Birchwood Road') https://osm.org/?mlat=29.8116508545263&mlon=-90.10665141125897&zoom=16
address does not match a street: (None, '2616', 'Birchwood Road') https://osm.org/?mlat=29.811759369487586&mlon=-90.10645890357263&zoom=16
address does not match a street: (None, '2615', 'Birchwood Road') https://osm.org/?mlat=29.811423928166196&mlon=-90.10634108654955&zoom=16
address does not match a street: (None, '2611', 'Birchwood Road') https://osm.org/?mlat=29.811499938454325&mlon=-90.10619551436095&zoom=16
address does not match a street: (None, '2633', 'Birchwood Road') https://osm.org/?mlat=29.811086830673375&mlon=-90.10702697120429&zoom=16
address does not match a street: (None, '2639', 'Birchwood Road') https://osm.org/?mlat=29.810963185669376&mlon=-90.10720337917023&zoom=16
address does not match a street: (None, '2625', 'Birchwood Road') https://osm.org/?mlat=29.811217384424886&mlon=-90.10673888970014&zoom=16
address does not match a street: (None, '2624', 'Birchwood Road') https://osm.org/?mlat=29.81156264775751&mlon=-90.10681308135604&zoom=16
address does not match a street: (None, '2600', 'Birchwood Road') https://osm.org/?mlat=29.811981086326448&mlon=-90.10588280443469&zoom=16
address does not match a street: (None, '2601', 'Birchwood Road') https://osm.org/?mlat=29.811697740982975&mlon=-90.10586082035768&zoom=16
address does not match a street: (None, '2619', 'Birchwood Road') https://osm.org/?mlat=29.811276902216118&mlon=-90.1065726383152&zoom=16
address does not match a street: (None, '5208', 'Starkville Drive') https://osm.org/?mlat=29.811453982158504&mlon=-90.10774539339299&zoom=16
address does not match a street: (None, '5205', 'Starkville Drive') https://osm.org/?mlat=29.811433978358444&mlon=-90.10743452299053&zoom=16
address does not match a street: (None, '5212', 'Starkville Drive') https://osm.org/?mlat=29.81131233382095&mlon=-90.10779440035917&zoom=16
address does not match a street: (None, '5216', 'Starkville Drive') https://osm.org/?mlat=29.811179343797175&mlon=-90.10782149588891&zoom=16
address does not match a street: (None, '5220', 'Starkville Drive') https://osm.org/?mlat=29.811052201460033&mlon=-90.10788035095582&zoom=16
address does not match a street: (None, '2044', 'Bonaire Drive') https://osm.org/?mlat=29.811936305646903&mlon=-90.10364234024934&zoom=16
address does not match a street: (None, '2048', 'Bonaire Drive') https://osm.org/?mlat=29.811828774384722&mlon=-90.10378381790882&zoom=16
address does not match a street: (None, '2052', 'Bonaire Drive') https://osm.org/?mlat=29.811719578998265&mlon=-90.10395159458547&zoom=16
address does not match a street: (None, '2056', 'Bonaire Drive') https://osm.org/?mlat=29.811627937805465&mlon=-90.10415857318951&zoom=16
address does not match a street: (None, '2060', 'Bonaire Drive') https://osm.org/?mlat=29.811522437793133&mlon=-90.10431316426487&zoom=16
address does not match a street: (None, '2064', 'Bonaire Drive') https://osm.org/?mlat=29.81137850172111&mlon=-90.10444194893344&zoom=16
address does not match a street: (None, '2640', 'Greenville Drive') https://osm.org/?mlat=29.8103389284441&mlon=-90.10768057953555&zoom=16
address does not match a street: (None, '2604', 'Greenville Drive') https://osm.org/?mlat=29.811123905315238&mlon=-90.1059027961325&zoom=16
address does not match a street: (None, '2608', 'Greenville Drive') https://osm.org/?mlat=29.81108709913582&mlon=-90.10614328740729&zoom=16
address does not match a street: (None, '2620', 'Greenville Drive') https://osm.org/?mlat=29.810850293402474&mlon=-90.10671275737482&zoom=16
address does not match a street: (None, '2616', 'Greenville Drive') https://osm.org/?mlat=29.810947664572367&mlon=-90.10651586798048&zoom=16
address does not match a street: (None, '2612', 'Greenville Drive') https://osm.org/?mlat=29.81102379382244&mlon=-90.10632601044456&zoom=16
address does not match a street: (None, '2624', 'Greenville Drive') https://osm.org/?mlat=29.810752466788777&mlon=-90.10689896879461&zoom=16
address does not match a street: (None, '2628', 'Greenville Drive') https://osm.org/?mlat=29.81065776009785&mlon=-90.10707447494698&zoom=16
address does not match a street: (None, '2636', 'Greenville Drive') https://osm.org/?mlat=29.810470835442032&mlon=-90.10748168759109&zoom=16
address does not match a street: (None, '2632', 'Greenville Drive') https://osm.org/?mlat=29.81055484483962&mlon=-90.10727224546042&zoom=16
address does not match a street: (None, '5224', 'Starkville Drive') https://osm.org/?mlat=29.81089545789494&mlon=-90.10817599888105&zoom=16
address does not match a street: (None, '5228', 'Starkville Drive') https://osm.org/?mlat=29.810714349718204&mlon=-90.10823456105997&zoom=16
address does not match a street: (None, '5225', 'Augusta Drive') https://osm.org/?mlat=29.81182725331684&mlon=-90.1055062658865&zoom=16
address does not match a street: (None, '5228', 'Augusta Drive') https://osm.org/?mlat=29.811607408490573&mlon=-90.10574451748977&zoom=16
address does not match a street: (None, '2637', 'Greenville Drive') https://osm.org/?mlat=29.809872550465347&mlon=-90.10696926806793&zoom=16
address does not match a street: (None, '2617', 'Greenville Drive') https://osm.org/?mlat=29.8104334267993&mlon=-90.1059810521298&zoom=16
address does not match a street: (None, '2613', 'Greenville Drive') https://osm.org/?mlat=29.810526253815315&mlon=-90.10580885529332&zoom=16
address does not match a street: (None, '2629', 'Greenville Drive') https://osm.org/?mlat=29.810079150400654&mlon=-90.10656707205318&zoom=16
address does not match a street: (None, '2605', 'Greenville Drive') https://osm.org/?mlat=29.81091650925389&mlon=-90.10547925941235&zoom=16
address does not match a street: (None, '5235', 'Starkville Drive') https://osm.org/?mlat=29.810595108730382&mlon=-90.10768223989513&zoom=16
address does not match a street: (None, '2625', 'Greenville Drive') https://osm.org/?mlat=29.8102075512331&mlon=-90.10636980199679&zoom=16
address does not match a street: (None, '2621', 'Greenville Drive') https://osm.org/?mlat=29.810323333703565&mlon=-90.10618274566808&zoom=16
address does not match a street: (None, '2633', 'Greenville Drive') https://osm.org/?mlat=29.80995878406772&mlon=-90.10676882514117&zoom=16
address does not match a street: (None, '2649', 'Greenville Drive') https://osm.org/?mlat=29.8095493394251&mlon=-90.10763084220487&zoom=16
address does not match a street: (None, '2653', 'Greenville Drive') https://osm.org/?mlat=29.809410825085912&mlon=-90.10794039898485&zoom=16
address does not match a street: (None, '5229', 'Augusta Drive') https://osm.org/?mlat=29.81165564393935&mlon=-90.10522661272081&zoom=16
address does not match a street: (None, '5233', 'Augusta Drive') https://osm.org/?mlat=29.811478361640635&mlon=-90.10511210238803&zoom=16
address does not match a street: (None, '5237', 'Augusta Drive') https://osm.org/?mlat=29.81120760637754&mlon=-90.10495774358272&zoom=16
address does not match a street: (None, '2609', 'Greenville Drive') https://osm.org/?mlat=29.81065633131166&mlon=-90.10561888351921&zoom=16
address does not match a street: (None, '2657', 'Greenville Drive') https://osm.org/?mlat=29.809465013933387&mlon=-90.10834613789716&zoom=16
address does not match a street: (None, '5232', 'Starkville Drive') https://osm.org/?mlat=29.81051953039985&mlon=-90.10828705048522&zoom=16
address does not match a street: (None, '5236', 'Starkville Drive') https://osm.org/?mlat=29.81033359541933&mlon=-90.10835763742999&zoom=16
address does not match a street: (None, '5240', 'Starkville Drive') https://osm.org/?mlat=29.81009103246284&mlon=-90.10840434484219&zoom=16
address does not match a street: (None, '5244', 'Starkville Drive') https://osm.org/?mlat=29.80985197775675&mlon=-90.1084949342122&zoom=16
address does not match a street: (None, '5239', 'Starkville Drive') https://osm.org/?mlat=29.810215366717962&mlon=-90.10775786287634&zoom=16
address does not match a street: (None, '2649', 'Birchwood Road') https://osm.org/?mlat=29.810803457588523&mlon=-90.10759703714447&zoom=16
address does not match a street: (None, '2645', 'Greenville Drive') https://osm.org/?mlat=29.809665931942032&mlon=-90.10735790240857&zoom=16
address does not match a street: (None, '2641', 'Greenville Drive') https://osm.org/?mlat=29.809774575980967&mlon=-90.1071790210906&zoom=16
