address does not match a street: (None, '4033', 'Cottonwood Street') https://osm.org/?mlat=29.885205155825147&mlon=-90.0887857297991&zoom=16
address does not match a street: (None, '4037', 'Cottonwood Street') https://osm.org/?mlat=29.88515987358827&mlon=-90.08894092769836&zoom=16
address does not match a street: (None, '4017', 'Cottonwood Street') https://osm.org/?mlat=29.88530922837153&mlon=-90.08815958507284&zoom=16
address does not match a street: (None, '1433', 'Avenue East') https://osm.org/?mlat=29.885200958681477&mlon=-90.09650169402121&zoom=16
address does not match a street: (None, '1417', 'Avenue East') https://osm.org/?mlat=29.88585864032967&mlon=-90.09654719608642&zoom=16
address does not match a street: (None, '1409', 'Avenue East') https://osm.org/?mlat=29.88612024644365&mlon=-90.09658498129019&zoom=16
address does not match a street: (None, '4032', 'Cottonwood Street') https://osm.org/?mlat=29.88480830420765&mlon=-90.08869600293413&zoom=16
address does not match a street: (None, '1325', 'Avenue East') https://osm.org/?mlat=29.887237056596636&mlon=-90.09632499096683&zoom=16
address does not match a street: (None, '1315', 'Avenue East') https://osm.org/?mlat=29.88761184604608&mlon=-90.09640871288798&zoom=16
address does not match a street: (None, '4016', 'Cottonwood Street') https://osm.org/?mlat=29.884909297922196&mlon=-90.08803518440106&zoom=16
address does not match a street: (None, '4020', 'Cottonwood Street') https://osm.org/?mlat=29.884866826926377&mlon=-90.08819665972422&zoom=16
address does not match a street: (None, '4028', 'Cottonwood Street') https://osm.org/?mlat=29.884837146874787&mlon=-90.0885473209262&zoom=16
address does not match a street: (None, '4044', 'Cottonwood Street') https://osm.org/?mlat=29.88473328057571&mlon=-90.08919555113518&zoom=16
address does not match a street: (None, '4040', 'Cottonwood Street') https://osm.org/?mlat=29.884770254329542&mlon=-90.0890341449722&zoom=16
address does not match a street: (None, '1504', 'Avenue East') https://osm.org/?mlat=29.88450592017312&mlon=-90.09687006021117&zoom=16
address does not match a street: (None, '1429', 'Avenue East') https://osm.org/?mlat=29.885366000192267&mlon=-90.09650596126075&zoom=16
address does not match a street: (None, '1424', 'Avenue East') https://osm.org/?mlat=29.885494573018118&mlon=-90.09701876409497&zoom=16
address does not match a street: (None, '1414', 'Avenue East') https://osm.org/?mlat=29.885932219239447&mlon=-90.09706068239801&zoom=16
address does not match a street: (None, '1508', 'Avenue East') https://osm.org/?mlat=29.88433866304676&mlon=-90.09692262347443&zoom=16
address does not match a street: (None, '1512', 'Avenue East') https://osm.org/?mlat=29.884123623642033&mlon=-90.09686532692982&zoom=16
address does not match a street: (None, '1516', 'Avenue East') https://osm.org/?mlat=29.883818318358944&mlon=-90.09685964029913&zoom=16
address does not match a street: (None, '1513', 'Avenue East') https://osm.org/?mlat=29.884066809233477&mlon=-90.09638004411146&zoom=16
address does not match a street: (None, '1332', 'Avenue East') https://osm.org/?mlat=29.887145862850204&mlon=-90.09686261562713&zoom=16
address does not match a street: (None, '1300', 'Avenue East') https://osm.org/?mlat=29.88802913722693&mlon=-90.09691795194897&zoom=16
address does not match a street: (None, '1420', 'Avenue East') https://osm.org/?mlat=29.885697990556956&mlon=-90.09700993384202&zoom=16
address has no house number: (None, None, 'Avenue B') https://osm.org/?mlat=29.88320093961644&mlon=-90.09219140074293&zoom=16
address does not match a street: (None, '1400', 'Avenue East') https://osm.org/?mlat=29.886430002547883&mlon=-90.09706398663405&zoom=16
address does not match a street: (None, '1401', 'Avenue East') https://osm.org/?mlat=29.886414315479993&mlon=-90.09656555980011&zoom=16
address does not match a street: (None, '1509', 'Avenue East') https://osm.org/?mlat=29.884375071996406&mlon=-90.09640778296361&zoom=16
address does not match a street: (None, '4025', 'Cottonwood Street') https://osm.org/?mlat=29.88526266196401&mlon=-90.088469433103&zoom=16
address does not match a street: (None, '4013', 'Cottonwood Street') https://osm.org/?mlat=29.88532698203685&mlon=-90.08800157308342&zoom=16
address does not match a street: (None, '4036', 'Cottonwood Street') https://osm.org/?mlat=29.88479619838675&mlon=-90.08886972141339&zoom=16
address does not match a street: (None, '4045', 'Cottonwood Street') https://osm.org/?mlat=29.885160169421233&mlon=-90.08926281517888&zoom=16
address does not match a street: (None, '1306', 'Avenue East') https://osm.org/?mlat=29.887803187268993&mlon=-90.0968702549742&zoom=16
address does not match a street: (None, '1308', 'Avenue East') https://osm.org/?mlat=29.887860886489737&mlon=-90.09686906107342&zoom=16
address does not match a street: (None, '1323', 'Avenue East') https://osm.org/?mlat=29.887461466100834&mlon=-90.09638538382377&zoom=16
address does not match a street: (None, '1313', 'Avenue East') https://osm.org/?mlat=29.88745434121965&mlon=-90.09632861077066&zoom=16
address does not match a street: (None, '4024', 'Cottonwood Street') https://osm.org/?mlat=29.88483000447122&mlon=-90.08837384232137&zoom=16
address does not match a street: (None, '4029', 'Cottonwood Street') https://osm.org/?mlat=29.885233968723316&mlon=-90.08863389181043&zoom=16
address does not match a street: (None, '1425', 'Avenue East') https://osm.org/?mlat=29.885512356895017&mlon=-90.0965704200544&zoom=16
address does not match a street: (None, '4041', 'Cottonwood Street') https://osm.org/?mlat=29.885155956785688&mlon=-90.08910823314297&zoom=16
address does not match a street: (None, '1309', 'Avenue East') https://osm.org/?mlat=29.88783202875535&mlon=-90.09642807632518&zoom=16
address does not match a street: (None, '1419', 'Avenue East') https://osm.org/?mlat=29.885695763094898&mlon=-90.09652640958028&zoom=16
address does not match a street: (None, '1517', 'Avenue East') https://osm.org/?mlat=29.88377540078316&mlon=-90.09638996551324&zoom=16
address has no house number: (None, None, 'Mimosa Street') https://osm.org/?mlat=29.885867071300325&mlon=-90.09619075272873&zoom=16
address does not match a street: (None, '4021', 'Cottonwood Street') https://osm.org/?mlat=29.885269387393265&mlon=-90.08830840400239&zoom=16
address does not match a street: (None, '1312', 'Avenue East') https://osm.org/?mlat=29.887422892381423&mlon=-90.09685222103835&zoom=16
address does not match a street: (None, '1505', 'Avenue East') https://osm.org/?mlat=29.88457056697397&mlon=-90.09643376415572&zoom=16
address does not match a street: (None, '1408', 'Avenue East') https://osm.org/?mlat=29.886194348636902&mlon=-90.09701365201215&zoom=16
address does not match a street: (None, '1432', 'Avenue East') https://osm.org/?mlat=29.885279533684283&mlon=-90.09696146668007&zoom=16
address does not match a street: (None, '4950', 'Promenade  Boulevard') https://osm.org/?mlat=29.88116688320588&mlon=-90.09623740525109&zoom=16
address has no house number: (None, None, 'Avenue A') https://osm.org/?mlat=29.887868657502636&mlon=-90.09162278397454&zoom=16
address does not match a street: (None, '4957', 'Promenade  Boulevard') https://osm.org/?mlat=29.879197762513733&mlon=-90.09687562336201&zoom=16
