address does not match a street: (None, '854', 'Curtis Drive') https://osm.org/?mlat=29.98261008875432&mlon=-90.27491293276354&zoom=16
address does not match a street: (None, '844', 'Curtis Drive') https://osm.org/?mlat=29.982393998074976&mlon=-90.27493748543687&zoom=16
address does not match a street: (None, '820', 'Curtis Drive') https://osm.org/?mlat=29.981786649540613&mlon=-90.27496977909125&zoom=16
address does not match a street: (None, '816', 'Curtis Drive') https://osm.org/?mlat=29.981380431458533&mlon=-90.27498270614724&zoom=16
address does not match a street: (None, '849', 'Curtis Drive') https://osm.org/?mlat=29.98253947747408&mlon=-90.27530502367108&zoom=16
address does not match a street: (None, '909', 'Curtis Drive') https://osm.org/?mlat=29.983053223387948&mlon=-90.27529311186346&zoom=16
address does not match a street: (None, '911', 'Curtis Drive') https://osm.org/?mlat=29.983199284770457&mlon=-90.27526643082957&zoom=16
address does not match a street: (None, '915', 'Curtis Drive') https://osm.org/?mlat=29.98332562113718&mlon=-90.2752744253246&zoom=16
address does not match a street: (None, '908', 'Curtis Drive') https://osm.org/?mlat=29.98308769777327&mlon=-90.27483821328273&zoom=16
address does not match a street: (None, '211', 'Alliance Street') https://osm.org/?mlat=29.975483041630447&mlon=-90.2763714296962&zoom=16
address does not match a street: (None, '213', 'Alliance Street') https://osm.org/?mlat=29.975618053800787&mlon=-90.27636999923875&zoom=16
address does not match a street: (None, '418', 'Alliance Street') https://osm.org/?mlat=29.97766290574721&mlon=-90.27622842359939&zoom=16
address does not match a street: (None, '414', 'Alliance Street') https://osm.org/?mlat=29.97750366614511&mlon=-90.27624878002632&zoom=16
address does not match a street: (None, '360', 'West 3rd Street') https://osm.org/?mlat=29.976264901651533&mlon=-90.27783219943278&zoom=16
address does not match a street: (None, '185', 'West Airline Drive') https://osm.org/?mlat=29.979018752730035&mlon=-90.27934396014645&zoom=16
address does not match a street: (None, '168', 'West 3rd Street') https://osm.org/?mlat=29.97501779136387&mlon=-90.27868833085869&zoom=16
address does not match a street: (None, '166', 'West 3rd Street') https://osm.org/?mlat=29.97508842700379&mlon=-90.2782201632934&zoom=16
address does not match a street: (None, '201', 'Alliance Street') https://osm.org/?mlat=29.97479424572744&mlon=-90.27653668802496&zoom=16
address does not match a street: (None, '205', 'Alliance Street') https://osm.org/?mlat=29.975077143366136&mlon=-90.27650209920434&zoom=16
address does not match a street: (None, '207', 'Alliance Street') https://osm.org/?mlat=29.97520062833097&mlon=-90.27646632643946&zoom=16
address does not match a street: (None, '838', 'Curtis Drive') https://osm.org/?mlat=29.982215300173483&mlon=-90.27494799768196&zoom=16
address does not match a street: (None, '809', 'Curtis Drive') https://osm.org/?mlat=29.98109630487881&mlon=-90.27540865053655&zoom=16
address does not match a street: (None, '907', 'Curtis Drive') https://osm.org/?mlat=29.98291573375897&mlon=-90.27529744295518&zoom=16
address does not match a street: (None, '916', 'Curtis Drive') https://osm.org/?mlat=29.983235870424135&mlon=-90.27484094915467&zoom=16
address does not match a street: (None, '819', 'Curtis Drive') https://osm.org/?mlat=29.981646534782154&mlon=-90.27542507383392&zoom=16
address does not match a street: (None, '410', 'Alliance Street') https://osm.org/?mlat=29.97734693210231&mlon=-90.27626982695999&zoom=16
address does not match a street: (None, '406', 'Alliance Street') https://osm.org/?mlat=29.97718761752894&mlon=-90.27628085008911&zoom=16
address does not match a street: (None, '408', 'Alliance Street') https://osm.org/?mlat=29.97722887111217&mlon=-90.2762804129617&zoom=16
address does not match a street: (None, '118', 'West 3rd Street') https://osm.org/?mlat=29.97585445305369&mlon=-90.27723987614613&zoom=16
address does not match a street: (None, '209', 'Alliance Street') https://osm.org/?mlat=29.97534328172188&mlon=-90.27640450253453&zoom=16
address does not match a street: (None, '412', 'Alliance Street') https://osm.org/?mlat=29.977388185684518&mlon=-90.27626938982733&zoom=16
address does not match a street: (None, '416', 'Alliance Street') https://osm.org/?mlat=29.977544919726355&mlon=-90.27624834288427&zoom=16
address does not match a street: (None, '221', 'Minden Street') https://osm.org/?mlat=29.975581627480388&mlon=-90.27494872969044&zoom=16
address does not match a street: (None, '176', 'West Airline Drive') https://osm.org/?mlat=29.979874596582594&mlon=-90.27943041627616&zoom=16
address does not match a street: (None, '130', 'West 3rd Street') https://osm.org/?mlat=29.975451102826018&mlon=-90.27761033009382&zoom=16
address does not match a street: (None, '180', 'West 3rd Street') https://osm.org/?mlat=29.974972098895336&mlon=-90.2789149846022&zoom=16
address does not match a street: (None, '181', 'West Airline Drive') https://osm.org/?mlat=29.97952306858619&mlon=-90.27870101523789&zoom=16
address does not match a street: (None, '160', 'West Airline Drive') https://osm.org/?mlat=29.980157325739327&mlon=-90.27898439863561&zoom=16
