address does not match a street: (None, '6445', 'Rue Louis Phillipe') https://osm.org/?mlat=29.87234008478421&mlon=-90.11872655925735&zoom=16
address does not match a street: (None, '6441', 'Rue Louis Phillipe') https://osm.org/?mlat=29.872319292001453&mlon=-90.11855957748317&zoom=16
address does not match a street: (None, '6444', 'Rue Louis Phillipe') https://osm.org/?mlat=29.872724383526545&mlon=-90.11878328263496&zoom=16
address does not match a street: (None, '6529', 'Rue Louis Phillipe') https://osm.org/?mlat=29.87247971105916&mlon=-90.12074430572574&zoom=16
address does not match a street: (None, '6521', 'Rue Louis Phillipe') https://osm.org/?mlat=29.87244374622886&mlon=-90.12042289422936&zoom=16
address does not match a street: (None, '6408', 'Rue Louis Phillipe') https://osm.org/?mlat=29.872609042450257&mlon=-90.11718030386336&zoom=16
address does not match a street: (None, '6416', 'Rue Louis Phillipe') https://osm.org/?mlat=29.872653876996193&mlon=-90.11756787088959&zoom=16
address has no house number: (None, None, 'Ames Boulevard') https://osm.org/?mlat=29.87608144458951&mlon=-90.11404496410988&zoom=16
address does not match a street: (None, '1749', 'Robin Drive') https://osm.org/?mlat=29.877433696356814&mlon=-90.11077890976263&zoom=16
address does not match a street: (None, '1741', 'Robin Drive') https://osm.org/?mlat=29.877703283679836&mlon=-90.11078823141213&zoom=16
address does not match a street: (None, '1740', 'Robin Drive') https://osm.org/?mlat=29.877792484975924&mlon=-90.11121313912302&zoom=16
address does not match a street: (None, '6404', 'Rue Louis Phillipe') https://osm.org/?mlat=29.872601791868746&mlon=-90.1169910693324&zoom=16
address does not match a street: (None, '1733', 'Robin Drive') https://osm.org/?mlat=29.87797840062021&mlon=-90.11080064096649&zoom=16
address does not match a street: (None, '1729', 'Robin Drive') https://osm.org/?mlat=29.878113194273688&mlon=-90.11080530183972&zoom=16
address does not match a street: (None, '1732', 'Robin Drive') https://osm.org/?mlat=29.878081349439064&mlon=-90.11122538161017&zoom=16
address does not match a street: (None, '1736', 'Robin Drive') https://osm.org/?mlat=29.877938306719226&mlon=-90.11122082112762&zoom=16
address does not match a street: (None, '2073', 'Hodges Street') https://osm.org/?mlat=29.872901853612227&mlon=-90.11732188692926&zoom=16
address does not match a street: (None, '1753', 'Robin Drive') https://osm.org/?mlat=29.877281742865744&mlon=-90.11070736882553&zoom=16
address does not match a street: (None, '1725', 'Robin Drive') https://osm.org/?mlat=29.878250445146197&mlon=-90.11077837703442&zoom=16
address does not match a street: (None, '1713', 'Robin Drive') https://osm.org/?mlat=29.878665855102184&mlon=-90.11079538018704&zoom=16
address does not match a street: (None, '1720', 'Robin Drive') https://osm.org/?mlat=29.87849137726443&mlon=-90.11125507473434&zoom=16
address does not match a street: (None, '1716', 'Robin Drive') https://osm.org/?mlat=29.878631700509&mlon=-90.11126282414521&zoom=16
address does not match a street: (None, '6504', 'Rue Louis Phillipe') https://osm.org/?mlat=29.8727954132069&mlon=-90.11979069916077&zoom=16
address does not match a street: (None, '6417', 'Rue Louis Phillipe') https://osm.org/?mlat=29.872255053340382&mlon=-90.11756010477708&zoom=16
address does not match a street: (None, '6409', 'Rue Louis Phillipe') https://osm.org/?mlat=29.872221742863758&mlon=-90.11722919559188&zoom=16
address does not match a street: (None, '1914', 'Chareston Drive') https://osm.org/?mlat=29.871868413290194&mlon=-90.11100514834843&zoom=16
address does not match a street: (None, '1912', 'Chareston Drive') https://osm.org/?mlat=29.8718508737603&mlon=-90.1110428877798&zoom=16
address does not match a street: (None, '1908', 'Chareston Drive') https://osm.org/?mlat=29.87199406414312&mlon=-90.11106322273874&zoom=16
address does not match a street: (None, '1910', 'Chareston Drive') https://osm.org/?mlat=29.872016174341738&mlon=-90.11101470549485&zoom=16
address does not match a street: (None, '1904', 'Chareston Drive') https://osm.org/?mlat=29.872134445271488&mlon=-90.11107728243901&zoom=16
address does not match a street: (None, '1906', 'Chareston Drive') https://osm.org/?mlat=29.872129373390454&mlon=-90.11112023080152&zoom=16
address does not match a street: (None, '1919', 'Chareston Drive') https://osm.org/?mlat=29.87174170576894&mlon=-90.11050910137818&zoom=16
address does not match a street: (None, '1917', 'Chareston Drive') https://osm.org/?mlat=29.871733559610753&mlon=-90.11055208724564&zoom=16
address does not match a street: (None, '1929', 'Chareston Drive') https://osm.org/?mlat=29.871287814614757&mlon=-90.11052599169635&zoom=16
address does not match a street: (None, '1928', 'Chareston Drive') https://osm.org/?mlat=29.871270364451238&mlon=-90.11101528414486&zoom=16
address does not match a street: (None, '1928', 'Chareston Drive') https://osm.org/?mlat=29.871311166649466&mlon=-90.11106463561319&zoom=16
address does not match a street: (None, '1924', 'Chareston Drive') https://osm.org/?mlat=29.871437891457273&mlon=-90.11099114624035&zoom=16
address does not match a street: (None, '1926', 'Chareston Drive') https://osm.org/?mlat=29.871445987024334&mlon=-90.11094280079598&zoom=16
address does not match a street: (None, '1920', 'Chareston Drive') https://osm.org/?mlat=29.871581080952645&mlon=-90.11101148105207&zoom=16
address does not match a street: (None, '1922', 'Chareston Drive') https://osm.org/?mlat=29.87158912669479&mlon=-90.11095777578132&zoom=16
address does not match a street: (None, '1737', 'Robin Drive') https://osm.org/?mlat=29.877840827933582&mlon=-90.1107928585809&zoom=16
address does not match a street: (None, '1748', 'Robin Drive') https://osm.org/?mlat=29.877514442407538&mlon=-90.11118183103675&zoom=16
address does not match a street: (None, '1721', 'Robin Drive') https://osm.org/?mlat=29.87839079685814&mlon=-90.11078928097388&zoom=16
address does not match a street: (None, '1724', 'Robin Drive') https://osm.org/?mlat=29.878345702164186&mlon=-90.1112631686611&zoom=16
address does not match a street: (None, '6500', 'Rue Louis Phillipe') https://osm.org/?mlat=29.87278807900396&mlon=-90.11959199899229&zoom=16
address does not match a street: (None, '6525', 'Rue Louis Phillipe') https://osm.org/?mlat=29.87246994873275&mlon=-90.12058034474944&zoom=16
address does not match a street: (None, '6509', 'Rue Louis Phillipe') https://osm.org/?mlat=29.872430839135845&mlon=-90.11991819008868&zoom=16
address does not match a street: (None, '6412', 'Rue Louis Phillipe') https://osm.org/?mlat=29.872621792162587&mlon=-90.1173694724949&zoom=16
address does not match a street: (None, '6400', 'Rue Louis Phillipe') https://osm.org/?mlat=29.87258073414476&mlon=-90.11679569226342&zoom=16
address does not match a street: (None, '6405', 'Rue Louis Phillipe') https://osm.org/?mlat=29.872222916566955&mlon=-90.11705879139976&zoom=16
address does not match a street: (None, '6449', 'Rue Louis Phillipe') https://osm.org/?mlat=29.8723471288779&mlon=-90.11889370933089&zoom=16
address does not match a street: (None, '6421', 'Rue Louis Phillipe') https://osm.org/?mlat=29.87226209890749&mlon=-90.11772725359091&zoom=16
address does not match a street: (None, '6448', 'Rue Louis Phillipe') https://osm.org/?mlat=29.872724213244947&mlon=-90.11896898753365&zoom=16
address does not match a street: (None, '6440', 'Rue Louis Phillipe') https://osm.org/?mlat=29.872732272186248&mlon=-90.11861135076599&zoom=16
address does not match a street: (None, '6440', 'Rue Louis Phillipe') https://osm.org/?mlat=29.872731852119934&mlon=-90.11859322794514&zoom=16
address does not match a street: (None, '6432', 'Rue Louis Phillipe') https://osm.org/?mlat=29.87270986474939&mlon=-90.11822846162718&zoom=16
address does not match a street: (None, '6432', 'Rue Louis Phillipe') https://osm.org/?mlat=29.872684589843242&mlon=-90.11821413824983&zoom=16
address does not match a street: (None, '2084', 'Hodges Street') https://osm.org/?mlat=29.872956479315647&mlon=-90.11814197139597&zoom=16
address does not match a street: (None, '1728', 'Robin Drive') https://osm.org/?mlat=29.87821330630324&mlon=-90.11122061110055&zoom=16
address does not match a street: (None, '6508', 'Rue Louis Phillipe') https://osm.org/?mlat=29.87281082150927&mlon=-90.11997036997197&zoom=16
address does not match a street: (None, '6505', 'Rue Louis Phillipe') https://osm.org/?mlat=29.872404431971564&mlon=-90.11973865363193&zoom=16
address does not match a street: (None, '5601', 'Florence Road') https://osm.org/?mlat=29.877419825579445&mlon=-90.11216707781631&zoom=16
address does not match a street: (None, '1717', 'Robin Drive') https://osm.org/?mlat=29.878525473155317&mlon=-90.11078132100968&zoom=16
address does not match a street: (None, '6436', 'Rue Louis Phillipe') https://osm.org/?mlat=29.872681656971764&mlon=-90.11840864613255&zoom=16
address does not match a street: (None, '6513', 'Rue Louis Phillipe') https://osm.org/?mlat=29.872429574383194&mlon=-90.12007912954054&zoom=16
address does not match a street: (None, '1913', 'Chareston Drive') https://osm.org/?mlat=29.871884969824194&mlon=-90.11056916650794&zoom=16
address does not match a street: (None, '1915', 'Chareston Drive') https://osm.org/?mlat=29.87188829428134&mlon=-90.11051015639165&zoom=16
address does not match a street: (None, '1932', 'Chareston Drive') https://osm.org/?mlat=29.871107897749198&mlon=-90.11099203000687&zoom=16
address does not match a street: (None, '1916', 'Chareston Drive') https://osm.org/?mlat=29.871721491415315&mlon=-90.11102869458183&zoom=16
address does not match a street: (None, '1918', 'Chareston Drive') https://osm.org/?mlat=29.871734308963948&mlon=-90.11098565158224&zoom=16
address does not match a street: (None, '1905', 'Chareston Drive') https://osm.org/?mlat=29.872185126743567&mlon=-90.11061282183685&zoom=16
address does not match a street: (None, '1907', 'Chareston Drive') https://osm.org/?mlat=29.872197894297503&mlon=-90.11056441775776&zoom=16
address does not match a street: (None, '1925', 'Chareston Drive') https://osm.org/?mlat=29.87143068230476&mlon=-90.11051162095227&zoom=16
address does not match a street: (None, '1927', 'Chareston Drive') https://osm.org/?mlat=29.871443448930037&mlon=-90.11046321827202&zoom=16
address does not match a street: (None, '6501', 'Rue Louis Phillipe') https://osm.org/?mlat=29.872397476341717&mlon=-90.11958096949591&zoom=16
address does not match a street: (None, '6437', 'Rue Louis Phillipe') https://osm.org/?mlat=29.87230949779533&mlon=-90.11839246196762&zoom=16
address does not match a street: (None, '6453', 'Rue Louis Phillipe') https://osm.org/?mlat=29.872334954007208&mlon=-90.11906424745028&zoom=16
address does not match a street: (None, '1744', 'Robin Drive') https://osm.org/?mlat=29.87766342443464&mlon=-90.11123365188647&zoom=16
address does not match a street: (None, '1909', 'Chareston Drive') https://osm.org/?mlat=29.872033781662918&mlon=-90.11058955101682&zoom=16
address does not match a street: (None, '1911', 'Chareston Drive') https://osm.org/?mlat=29.87204180403613&mlon=-90.11054644748822&zoom=16
address does not match a street: (None, '1921', 'Chareston Drive') https://osm.org/?mlat=29.87158487065599&mlon=-90.11053182039937&zoom=16
address does not match a street: (None, '1923', 'Chareston Drive') https://osm.org/?mlat=29.87159758833882&mlon=-90.11047805787696&zoom=16
address does not match a street: (None, '6425', 'Rue Louis Phillipe') https://osm.org/?mlat=29.872249983893024&mlon=-90.11790410277074&zoom=16
address does not match a street: (None, '6401', 'Rue Louis Phillipe') https://osm.org/?mlat=29.87220203409213&mlon=-90.11688234513167&zoom=16
address does not match a street: (None, '6433', 'Rue Louis Phillipe') https://osm.org/?mlat=29.872296953670073&mlon=-90.11822537890711&zoom=16
address does not match a street: (None, '1745', 'Robin Drive') https://osm.org/?mlat=29.877565828338547&mlon=-90.11079306978512&zoom=16
address does not match a street: (None, '6413', 'Rue Louis Phillipe') https://osm.org/?mlat=29.87224250816683&mlon=-90.11739302294733&zoom=16
address does not match a street: (None, '6429', 'Rue Louis Phillipe') https://osm.org/?mlat=29.872273410553603&mlon=-90.11805843077124&zoom=16
address does not match a street: (None, '6517', 'Rue Louis Phillipe') https://osm.org/?mlat=29.872442087032304&mlon=-90.12024305699978&zoom=16
address does not match a street: (None, '6512', 'Rue Louis Phillipe') https://osm.org/?mlat=29.872820904837806&mlon=-90.12016903680954&zoom=16
address does not match a street: (None, '2020', 'Chareston Drive') https://osm.org/?mlat=29.870712163953023&mlon=-90.11089289820006&zoom=16
address does not match a street: (None, '2024', 'Chareston Drive') https://osm.org/?mlat=29.870684715264943&mlon=-90.11108717364289&zoom=16
address does not match a street: (None, '2028', 'Chareston Drive') https://osm.org/?mlat=29.870611383288065&mlon=-90.11124098405014&zoom=16
address does not match a street: (None, '2017', 'Chareston Drive') https://osm.org/?mlat=29.871034092814092&mlon=-90.11055702124686&zoom=16
address does not match a street: (None, '2021', 'Chareston Drive') https://osm.org/?mlat=29.87084243807058&mlon=-90.11057055648892&zoom=16
address does not match a street: (None, '2029', 'Chareston Drive') https://osm.org/?mlat=29.870426904052444&mlon=-90.11062785916465&zoom=16
address does not match a street: (None, '2016', 'Chareston Drive') https://osm.org/?mlat=29.87095948763585&mlon=-90.11092343649453&zoom=16
address does not match a street: (None, '6393', 'Rue Louis Phillipe') https://osm.org/?mlat=29.872155263531834&mlon=-90.116469575293&zoom=16
address has no house number: (None, None, 'Lapalco Boulevard') https://osm.org/?mlat=29.87536265878389&mlon=-90.11033246808061&zoom=16
address does not match a street: (None, '6390', 'Rue Louis Phillipe') https://osm.org/?mlat=29.872483140394838&mlon=-90.1163793009724&zoom=16
address does not match a street: (None, '6390', 'Rue Louis Phillipe') https://osm.org/?mlat=29.87226131980288&mlon=-90.11603494963842&zoom=16
address does not match a street: (None, '6393', 'Rue Louis Phillipe') https://osm.org/?mlat=29.87176381606786&mlon=-90.1159141579525&zoom=16
