address does not match a street: ('1720', 'Oconnor Street') https://osm.org/?mlat=29.92151482101911&mlon=-90.04577117433129&zoom=16
address does not match a street: ('1710', 'Oconnor Street') https://osm.org/?mlat=29.92163107282338&mlon=-90.04583282618653&zoom=16
address does not match a street: ('1522', 'Oconnor Street') https://osm.org/?mlat=29.923380917356525&mlon=-90.04590785444115&zoom=16
address does not match a street: ('1938', 'Oconnor Street') https://osm.org/?mlat=29.91913222344058&mlon=-90.04565049024937&zoom=16
address does not match a street: ('1413', 'Oconnor Street') https://osm.org/?mlat=29.9245210772816&mlon=-90.04641129447755&zoom=16
address does not match a street: ('1411', 'Oconnor Street') https://osm.org/?mlat=29.924661032271008&mlon=-90.04633987746334&zoom=16
address does not match a street: ('1621', 'Oconnor Street') https://osm.org/?mlat=29.922324526682903&mlon=-90.04617121876235&zoom=16
address does not match a street: ('1623', 'Oconnor Street') https://osm.org/?mlat=29.922365780629576&mlon=-90.0461706867613&zoom=16
address does not match a street: ('1404', 'Oconnor Street') https://osm.org/?mlat=29.924888923075635&mlon=-90.04605561719673&zoom=16
address does not match a street: ('1616', 'Oconnor Street') https://osm.org/?mlat=29.92246444712445&mlon=-90.04584073442723&zoom=16
address does not match a street: ('1617', 'Oconnor Street') https://osm.org/?mlat=29.922459958934652&mlon=-90.046276400385&zoom=16
address does not match a street: ('1514', 'Oconnor Street') https://osm.org/?mlat=29.923561908201172&mlon=-90.04587753146853&zoom=16
address does not match a street: ('1811', 'Oconnor Street') https://osm.org/?mlat=29.92049278683439&mlon=-90.04615967580774&zoom=16
address does not match a street: ('1406', 'Oconnor Street') https://osm.org/?mlat=29.924707259007793&mlon=-90.04601705420846&zoom=16
address does not match a street: ('1412', 'Oconnor Street') https://osm.org/?mlat=29.92451390827504&mlon=-90.04593414622569&zoom=16
address does not match a street: ('2010', 'Oconnor Street') https://osm.org/?mlat=29.91858117289229&mlon=-90.04558799082014&zoom=16
address does not match a street: ('1919', 'Oconnor Street') https://osm.org/?mlat=29.91945265462717&mlon=-90.0461041977328&zoom=16
address has no house number: (None, 'Beauregard Drive') https://osm.org/?mlat=29.919099562157214&mlon=-90.05258308281783&zoom=16
address has no house number: (None, 'Holly Drive') https://osm.org/?mlat=29.91708061952119&mlon=-90.05222076565497&zoom=16
address does not match a street: ('1719', 'Oconnor Street') https://osm.org/?mlat=29.92146636894233&mlon=-90.04612200394563&zoom=16
address does not match a street: ('1810', 'Oconnor Street') https://osm.org/?mlat=29.920537257126494&mlon=-90.04578521893859&zoom=16
address has no house number: (None, 'Pratt Street') https://osm.org/?mlat=29.921661614912075&mlon=-90.04518512534104&zoom=16
address has no house number: (None, 'Kepler Street') https://osm.org/?mlat=29.921842522154503&mlon=-90.04552940873923&zoom=16
address has no house number: (None, 'Kepler Street') https://osm.org/?mlat=29.922193695106436&mlon=-90.04570572311452&zoom=16
address does not match a street: ('1921', 'Oconnor Street') https://osm.org/?mlat=29.91933671188546&mlon=-90.04607411792855&zoom=16
address does not match a street: ('1812', 'Oconnor Street') https://osm.org/?mlat=29.920439811976077&mlon=-90.04579293475125&zoom=16
address does not match a street: ('1721', 'Oconnor Street') https://osm.org/?mlat=29.921283594909266&mlon=-90.04609780874563&zoom=16
address does not match a street: ('1705', 'Oconnor Street') https://osm.org/?mlat=29.921609133233947&mlon=-90.04614599742493&zoom=16
address does not match a street: ('1519', 'Oconnor Street') https://osm.org/?mlat=29.923470403886906&mlon=-90.04636455881365&zoom=16
address does not match a street: ('1615', 'Oconnor Street') https://osm.org/?mlat=29.922556434585065&mlon=-90.04629740333688&zoom=16
address has no house number: (None, 'Solon Street') https://osm.org/?mlat=29.92318415525836&mlon=-90.0459028499636&zoom=16
address does not match a street: ('1939', 'Oconnor Street') https://osm.org/?mlat=29.91901427262233&mlon=-90.04596757657059&zoom=16
address does not match a street: ('1324', 'Oconnor Street') https://osm.org/?mlat=29.92523619667458&mlon=-90.04602448658116&zoom=16
address does not match a street: ('1316', 'Oconnor Street') https://osm.org/?mlat=29.925598147239004&mlon=-90.04596896115099&zoom=16
address does not match a street: ('1310', 'Oconnor Street') https://osm.org/?mlat=29.92584899936878&mlon=-90.04604323473319&zoom=16
