address does not match a street: (None, '7213', 'Westminister Drive') https://osm.org/?mlat=29.93188112074852&mlon=-90.20178591261346&zoom=16
address does not match a street: (None, '7221', 'Westminister Drive') https://osm.org/?mlat=29.931833147397302&mlon=-90.20224075879113&zoom=16
address does not match a street: (None, '7301', 'Westminister Drive') https://osm.org/?mlat=29.931829668655098&mlon=-90.20249055698102&zoom=16
address does not match a street: (None, '7309', 'Westminister Drive') https://osm.org/?mlat=29.931772566039474&mlon=-90.20290172636447&zoom=16
address does not match a street: (None, '144', 'Oakland Avenue') https://osm.org/?mlat=29.935119183499488&mlon=-90.19778953100287&zoom=16
address does not match a street: (None, '7405', 'Ashburne Drive') https://osm.org/?mlat=29.928932710776166&mlon=-90.20269059881362&zoom=16
address does not match a street: (None, '7305', 'Oneil Drive') https://osm.org/?mlat=29.93111367658023&mlon=-90.20239101586496&zoom=16
address does not match a street: (None, '7219', 'Oneil Drive') https://osm.org/?mlat=29.9311040894124&mlon=-90.20193036612719&zoom=16
address does not match a street: (None, '7215', 'Oneil Drive') https://osm.org/?mlat=29.93116271385761&mlon=-90.20169645142069&zoom=16
address does not match a street: (None, '7312', 'Oneil Drive') https://osm.org/?mlat=29.930677786565294&mlon=-90.20287896000201&zoom=16
address does not match a street: (None, '178', 'Oakland Avenue') https://osm.org/?mlat=29.935823245951937&mlon=-90.1978102283781&zoom=16
address does not match a street: (None, '7211', 'Oneil Drive') https://osm.org/?mlat=29.931177064270592&mlon=-90.20147523853998&zoom=16
address does not match a street: (None, '7401', 'Ashburne Drive') https://osm.org/?mlat=29.92893910302039&mlon=-90.20248885907046&zoom=16
address does not match a street: (None, '7305', 'Ashburne Drive') https://osm.org/?mlat=29.92899022967544&mlon=-90.2016737161373&zoom=16
address does not match a street: (None, '7308', 'Ashburne Drive') https://osm.org/?mlat=29.928627287029762&mlon=-90.20170295059832&zoom=16
address does not match a street: (None, '7408', 'Ashburne Drive') https://osm.org/?mlat=29.92852729016183&mlon=-90.20286886856688&zoom=16
address does not match a street: (None, '7400', 'Ashburne Drive') https://osm.org/?mlat=29.928530855974486&mlon=-90.20262912495616&zoom=16
address does not match a street: (None, '7313', 'Oneil Drive') https://osm.org/?mlat=29.93107616700307&mlon=-90.20282707925936&zoom=16
address does not match a street: (None, '7309', 'Oneil Drive') https://osm.org/?mlat=29.93107994862832&mlon=-90.20261244695438&zoom=16
address does not match a street: (None, '7504', 'Ashburne Drive') https://osm.org/?mlat=29.92854391123343&mlon=-90.20349377443341&zoom=16
address does not match a street: (None, '7208', 'Westminister Drive') https://osm.org/?mlat=29.931510540818046&mlon=-90.20150877772862&zoom=16
address does not match a street: (None, '7216', 'Westminister Drive') https://osm.org/?mlat=29.93143170034943&mlon=-90.20193598200994&zoom=16
address does not match a street: (None, '7220', 'Westminister Drive') https://osm.org/?mlat=29.93141656444773&mlon=-90.2021385437695&zoom=16
address does not match a street: (None, '7308', 'Westminister Drive') https://osm.org/?mlat=29.931367123076825&mlon=-90.20278646357474&zoom=16
address does not match a street: (None, '7317', 'Ashburne Drive') https://osm.org/?mlat=29.928919894053834&mlon=-90.20225317810028&zoom=16
address does not match a street: (None, '7212', 'Oneil Drive') https://osm.org/?mlat=29.930789361560787&mlon=-90.20146025816018&zoom=16
address does not match a street: (None, '7216', 'Oneil Drive') https://osm.org/?mlat=29.930744278847573&mlon=-90.20166961766196&zoom=16
address does not match a street: (None, '7300', 'Oneil Drive') https://osm.org/?mlat=29.930696632933913&mlon=-90.20216249255566&zoom=16
address does not match a street: (None, '7308', 'Oneil Drive') https://osm.org/?mlat=29.930648168790746&mlon=-90.20263312776456&zoom=16
address does not match a street: (None, '7312', 'Westminister Drive') https://osm.org/?mlat=29.93141030061782&mlon=-90.20300989542689&zoom=16
address does not match a street: (None, '7317', 'Oneil Drive') https://osm.org/?mlat=29.931113192255378&mlon=-90.20306206334877&zoom=16
address does not match a street: (None, '7501', 'Ashburne Drive') https://osm.org/?mlat=29.928954471400587&mlon=-90.20325875207722&zoom=16
address does not match a street: (None, '7409', 'Ashburne Drive') https://osm.org/?mlat=29.928931863756375&mlon=-90.20288294621501&zoom=16
address does not match a street: (None, '7313', 'Ashburne Drive') https://osm.org/?mlat=29.928963293150083&mlon=-90.2021031924612&zoom=16
address does not match a street: (None, '7412', 'Ashburne Drive') https://osm.org/?mlat=29.928548510722337&mlon=-90.2030832132718&zoom=16
address does not match a street: (None, '150', 'Oakland Avenue') https://osm.org/?mlat=29.935298222343242&mlon=-90.19781907349096&zoom=16
address does not match a street: (None, '172', 'Oakland Avenue') https://osm.org/?mlat=29.935666708973045&mlon=-90.19778042971866&zoom=16
address does not match a street: (None, '7217', 'Westminister Drive') https://osm.org/?mlat=29.931833777489064&mlon=-90.20202328921037&zoom=16
address does not match a street: (None, '7316', 'Oneil Drive') https://osm.org/?mlat=29.93069667375694&mlon=-90.20311271291877&zoom=16
address does not match a street: (None, '7209', 'Westminister Drive') https://osm.org/?mlat=29.931871309088653&mlon=-90.20159009222753&zoom=16
address does not match a street: (None, '7301', 'Oneil Drive') https://osm.org/?mlat=29.931141730002448&mlon=-90.20216390733457&zoom=16
address does not match a street: (None, '7212', 'Westminister Drive') https://osm.org/?mlat=29.931457332521457&mlon=-90.201718229815&zoom=16
address does not match a street: (None, '7304', 'Oneil Drive') https://osm.org/?mlat=29.930701874168413&mlon=-90.20240859996512&zoom=16
address does not match a street: (None, '7413', 'Ashburne Drive') https://osm.org/?mlat=29.92893036570871&mlon=-90.20307242972795&zoom=16
address does not match a street: (None, '7309', 'Ashburne Drive') https://osm.org/?mlat=29.92896150344888&mlon=-90.20189508710673&zoom=16
address does not match a street: (None, '7505', 'Ashburne Drive') https://osm.org/?mlat=29.928942211900708&mlon=-90.20343256865462&zoom=16
address does not match a street: (None, '7304', 'Westminister Drive') https://osm.org/?mlat=29.931374109805375&mlon=-90.20258112406309&zoom=16
address does not match a street: (None, '7305', 'Westminister Drive') https://osm.org/?mlat=29.93179580395121&mlon=-90.20269620192647&zoom=16
address does not match a street: (None, '7220', 'Oneil Drive') https://osm.org/?mlat=29.930761459292288&mlon=-90.20192276706044&zoom=16
address does not match a street: (None, '7301', 'Ashburne Drive') https://osm.org/?mlat=29.929024166307677&mlon=-90.2014562779476&zoom=16
address does not match a street: (None, '7300', 'Westminister Drive') https://osm.org/?mlat=29.931402178034595&mlon=-90.20234730367507&zoom=16
new building tag (addr:housenumber=7118) does not match the old one (addr:housenumber=7100)
