address does not match a street: (None, '246', 'Garden') https://osm.org/?mlat=29.960759846132675&mlon=-90.21557715895659&zoom=16
address does not match a street: (None, '244', 'Garden') https://osm.org/?mlat=29.960367255521813&mlon=-90.21560118966016&zoom=16
address does not match a street: (None, '9708', 'Bromeliad Circle') https://osm.org/?mlat=29.95914869299769&mlon=-90.21741869907767&zoom=16
address does not match a street: (None, '9704', 'Bromeliad Circle') https://osm.org/?mlat=29.959061417172457&mlon=-90.21717965956987&zoom=16
address does not match a street: (None, '9700', 'Bromeliad Circle') https://osm.org/?mlat=29.9588871410771&mlon=-90.2170584439485&zoom=16
address does not match a street: (None, '9406', 'Gerald Drive') https://osm.org/?mlat=29.955640550957042&mlon=-90.21169145220111&zoom=16
address does not match a street: (None, '9512', 'Kuepferle Court') https://osm.org/?mlat=29.95523081855109&mlon=-90.21557088990464&zoom=16
address does not match a street: (None, '9517', 'Kuepferle Court') https://osm.org/?mlat=29.955690125134517&mlon=-90.21539037104488&zoom=16
address does not match a street: (None, '9712', 'Bromeliad Circle') https://osm.org/?mlat=29.95941119894928&mlon=-90.21756735184991&zoom=16
address does not match a street: (None, '9709', 'Bromeliad Circle') https://osm.org/?mlat=29.959503073701264&mlon=-90.21705155302675&zoom=16
address does not match a street: (None, '9505', 'Kuepferle Court') https://osm.org/?mlat=29.955342251255114&mlon=-90.21491777684918&zoom=16
address does not match a street: (None, '9509', 'Kuepferle Court') https://osm.org/?mlat=29.955468258201424&mlon=-90.21503453152012&zoom=16
address does not match a street: (None, '9504', 'Kuepferle Court') https://osm.org/?mlat=29.955043718683807&mlon=-90.21523508412635&zoom=16
address does not match a street: (None, '9501', 'Abel Lane') https://osm.org/?mlat=29.957247738354248&mlon=-90.2144177187691&zoom=16
address does not match a street: (None, '9524', 'Abel Lane') https://osm.org/?mlat=29.957068566698158&mlon=-90.21469131911158&zoom=16
address does not match a street: (None, '9606', 'Garden Oak Lane') https://osm.org/?mlat=29.964331115307377&mlon=-90.20880724953041&zoom=16
address does not match a street: (None, '9416', 'Gerald Drive') https://osm.org/?mlat=29.95576016029894&mlon=-90.21185116481405&zoom=16
address does not match a street: (None, '9508', 'Kuepferle Court') https://osm.org/?mlat=29.95512771186916&mlon=-90.21541098883827&zoom=16
address does not match a street: (None, '9713', 'Bromeliad Circle') https://osm.org/?mlat=29.959667876720903&mlon=-90.21735288841862&zoom=16
address does not match a street: (None, '9527', 'Abel Lane') https://osm.org/?mlat=29.9574191316735&mlon=-90.21461565646477&zoom=16
address does not match a street: (None, '9532', 'Abel Lane') https://osm.org/?mlat=29.957330635014323&mlon=-90.21511155733408&zoom=16
address does not match a street: (None, '9500', 'Abel Lane') https://osm.org/?mlat=29.95698886370045&mlon=-90.21437325145546&zoom=16
address does not match a street: (None, '9513', 'Kuepferle Court') https://osm.org/?mlat=29.955604307977147&mlon=-90.2151877476318&zoom=16
address does not match a street: (None, '9501', 'Kuepferle Court') https://osm.org/?mlat=29.955257988887844&mlon=-90.21480102904201&zoom=16
address does not match a street: (None, '9516', 'Kuepferle Court') https://osm.org/?mlat=29.955396659286375&mlon=-90.2156700871904&zoom=16
address does not match a street: (None, '9420', 'Gerald Drive') https://osm.org/?mlat=29.955992588412&mlon=-90.21201908392541&zoom=16
address does not match a street: (None, '9500', 'Kuepferle Court') https://osm.org/?mlat=29.954935487877442&mlon=-90.2151194514843&zoom=16
address does not match a street: (None, '250', 'Garden') https://osm.org/?mlat=29.960952079301023&mlon=-90.21540573474601&zoom=16
address does not match a street: (None, '9705', 'Bromeliad Circle') https://osm.org/?mlat=29.95934346670447&mlon=-90.2168936590325&zoom=16
address does not match a street: (None, '242', 'Garden') https://osm.org/?mlat=29.960449831684922&mlon=-90.21635124800854&zoom=16
address does not match a street: (None, '9520', 'Kuepferle Court') https://osm.org/?mlat=29.95556064840878&mlon=-90.2155514051884&zoom=16
address does not match a street: (None, '9528', 'Abel Lane') https://osm.org/?mlat=29.957210814951186&mlon=-90.21492657647711&zoom=16
address does not match a street: (None, '301', 'Ripple Street') https://osm.org/?mlat=29.961906752638264&mlon=-90.21538288190999&zoom=16
address does not match a street: (None, '9400', 'Gerald Drive') https://osm.org/?mlat=29.955523529581406&mlon=-90.21151276198037&zoom=16
