address does not match a street: ('636', 'Avenue East') https://osm.org/?mlat=29.905855945669025&mlon=-90.1429865597123&zoom=16
address does not match a street: ('930', 'Avenue East') https://osm.org/?mlat=29.9003894780433&mlon=-90.14605652270505&zoom=16
address does not match a street: ('946', 'Avenue East') https://osm.org/?mlat=29.90028244674385&mlon=-90.14611088843147&zoom=16
address does not match a street: ('843', 'Avenue East') https://osm.org/?mlat=29.90163059535654&mlon=-90.14463047149242&zoom=16
address does not match a street: ('839', 'Avenue East') https://osm.org/?mlat=29.90193579886086&mlon=-90.14464621022213&zoom=16
address does not match a street: ('965', 'Avenue East') https://osm.org/?mlat=29.899739068330778&mlon=-90.14588704268014&zoom=16
address does not match a street: ('951', 'Avenue East') https://osm.org/?mlat=29.899881494192822&mlon=-90.14580642624799&zoom=16
address does not match a street: ('931', 'Avenue East') https://osm.org/?mlat=29.90034122162391&mlon=-90.14555845171718&zoom=16
address does not match a street: ('640', 'Avenue East') https://osm.org/?mlat=29.9056014660648&mlon=-90.14311874614016&zoom=16
address does not match a street: ('805', 'Avenue East') https://osm.org/?mlat=29.90233013952884&mlon=-90.14442626749833&zoom=16
address does not match a street: ('824', 'Avenue East') https://osm.org/?mlat=29.902151394995908&mlon=-90.14505332824272&zoom=16
address does not match a street: ('826', 'Avenue East') https://osm.org/?mlat=29.902389566421782&mlon=-90.14491488786689&zoom=16
address does not match a street: ('810', 'Avenue East') https://osm.org/?mlat=29.902449943982635&mlon=-90.14488618686052&zoom=16
address does not match a street: ('714', 'Avenue East') https://osm.org/?mlat=29.904055449607792&mlon=-90.14393862806399&zoom=16
address does not match a street: ('724', 'Avenue East') https://osm.org/?mlat=29.90381014425531&mlon=-90.14417104422297&zoom=16
address does not match a street: ('836', 'Avenue East') https://osm.org/?mlat=29.902075115530234&mlon=-90.1451209627894&zoom=16
address does not match a street: ('964', 'Avenue East') https://osm.org/?mlat=29.900020097354776&mlon=-90.14627185224911&zoom=16
address does not match a street: ('766', 'Avenue East') https://osm.org/?mlat=29.902903895610343&mlon=-90.14462176807375&zoom=16
address does not match a street: ('811', 'Avenue East') https://osm.org/?mlat=29.902149563921846&mlon=-90.14457406885477&zoom=16
address does not match a street: ('645', 'Avenue East') https://osm.org/?mlat=29.90510194662156&mlon=-90.14290657960623&zoom=16
address does not match a street: ('1062', 'Avenue East') https://osm.org/?mlat=29.898219582695383&mlon=-90.14722452218936&zoom=16
address does not match a street: ('665', 'Avenue East') https://osm.org/?mlat=29.904363125106748&mlon=-90.14332938856546&zoom=16
address does not match a street: ('653', 'Avenue East') https://osm.org/?mlat=29.904523867949703&mlon=-90.14313159352146&zoom=16
address does not match a street: ('649', 'Avenue East') https://osm.org/?mlat=29.90469250870352&mlon=-90.14290859132826&zoom=16
address does not match a street: ('842', 'Avenue East') https://osm.org/?mlat=29.901911098625984&mlon=-90.14523340813246&zoom=16
address does not match a street: ('850', 'Avenue East') https://osm.org/?mlat=29.90174647891075&mlon=-90.14527913283794&zoom=16
address does not match a street: ('858', 'Avenue East') https://osm.org/?mlat=29.90159618712733&mlon=-90.145388544785&zoom=16
address does not match a street: ('749', 'Avenue East') https://osm.org/?mlat=29.903094002949544&mlon=-90.14407636090728&zoom=16
address does not match a street: ('743', 'Avenue East') https://osm.org/?mlat=29.903408458664344&mlon=-90.14387099918349&zoom=16
address does not match a street: ('644', 'Avenue East') https://osm.org/?mlat=29.905284231779195&mlon=-90.14329329629163&zoom=16
address does not match a street: ('646', 'Avenue East') https://osm.org/?mlat=29.90516905114041&mlon=-90.1433448952499&zoom=16
address does not match a street: ('650', 'Avenue East') https://osm.org/?mlat=29.905078345416367&mlon=-90.1436143242567&zoom=16
address does not match a street: ('847', 'Avenue East') https://osm.org/?mlat=29.901565623097497&mlon=-90.14477330705066&zoom=16
address does not match a street: ('731', 'Avenue East') https://osm.org/?mlat=29.903453911207684&mlon=-90.14371260814055&zoom=16
address does not match a street: ('921', 'Avenue East') https://osm.org/?mlat=29.90051961207842&mlon=-90.1455147160797&zoom=16
address does not match a street: ('642', 'Avenue East') https://osm.org/?mlat=29.905448617014713&mlon=-90.14322173827073&zoom=16
address does not match a street: ('701', 'Avenue East') https://osm.org/?mlat=29.904041572781225&mlon=-90.14349061110009&zoom=16
address does not match a street: ('729', 'Avenue East') https://osm.org/?mlat=29.903604662343845&mlon=-90.14365412893005&zoom=16
address does not match a street: ('746', 'Avenue East') https://osm.org/?mlat=29.903560816704527&mlon=-90.14426667703823&zoom=16
address does not match a street: ('748', 'Avenue East') https://osm.org/?mlat=29.90351544870496&mlon=-90.14443439416262&zoom=16
address does not match a street: ('750', 'Avenue East') https://osm.org/?mlat=29.903357476074415&mlon=-90.14431645343656&zoom=16
address does not match a street: ('752', 'Avenue East') https://osm.org/?mlat=29.903312023705478&mlon=-90.14447484404089&zoom=16
address does not match a street: ('864', 'Avenue East') https://osm.org/?mlat=29.901049221492094&mlon=-90.1451138012229&zoom=16
address does not match a street: ('867', 'Avenue East') https://osm.org/?mlat=29.901109229627643&mlon=-90.14504420818379&zoom=16
address does not match a street: ('863', 'Avenue East') https://osm.org/?mlat=29.90130814699175&mlon=-90.14505834268141&zoom=16
address does not match a street: ('914', 'Avenue East') https://osm.org/?mlat=29.900829194192845&mlon=-90.14573847327122&zoom=16
address does not match a street: ('917', 'Avenue East') https://osm.org/?mlat=29.900611805787094&mlon=-90.14540958487302&zoom=16
address does not match a street: ('901', 'Avenue East') https://osm.org/?mlat=29.900808413002835&mlon=-90.14523720279882&zoom=16
address does not match a street: ('745', 'Avenue East') https://osm.org/?mlat=29.903315070081852&mlon=-90.1439130086753&zoom=16
address does not match a street: ('651', 'Avenue East') https://osm.org/?mlat=29.904648200727344&mlon=-90.14319325238914&zoom=16
address does not match a street: ('751', 'Avenue East') https://osm.org/?mlat=29.902964876183077&mlon=-90.14410659917353&zoom=16
address does not match a street: ('1068', 'Avenue East') https://osm.org/?mlat=29.898128867482168&mlon=-90.1472858665659&zoom=16
address does not match a street: ('716', 'Avenue East') https://osm.org/?mlat=29.904025802731727&mlon=-90.14406716618232&zoom=16
address does not match a street: ('734', 'Avenue East') https://osm.org/?mlat=29.9036842343929&mlon=-90.14422717960456&zoom=16
address does not match a street: ('722', 'Avenue East') https://osm.org/?mlat=29.903899676011402&mlon=-90.14406389375786&zoom=16
address does not match a street: ('905', 'Avenue East') https://osm.org/?mlat=29.900690815078857&mlon=-90.14529815287142&zoom=16
address does not match a street: ('861', 'Avenue East') https://osm.org/?mlat=29.901352655316927&mlon=-90.14493368864969&zoom=16
address does not match a street: ('803', 'Avenue East') https://osm.org/?mlat=29.902477966188552&mlon=-90.14439006819195&zoom=16
address does not match a street: ('849', 'Avenue East') https://osm.org/?mlat=29.901468206161667&mlon=-90.14492298618138&zoom=16
address does not match a street: ('841', 'Avenue East') https://osm.org/?mlat=29.90185397171842&mlon=-90.1447225203873&zoom=16
address does not match a street: ('713', 'Avenue East') https://osm.org/?mlat=29.90382430561351&mlon=-90.14360989683264&zoom=16
address does not match a street: ('922', 'Avenue East') https://osm.org/?mlat=29.900518663590887&mlon=-90.14603274452867&zoom=16
address does not match a street: ('868', 'Avenue East') https://osm.org/?mlat=29.90144041210324&mlon=-90.145513805131&zoom=16
address does not match a street: ('837', 'Avenue East') https://osm.org/?mlat=29.902059274147557&mlon=-90.14461317079804&zoom=16
address does not match a street: ('752', 'Avenue East') https://osm.org/?mlat=29.903129054668305&mlon=-90.14456527507083&zoom=16
address does not match a street: ('779', 'Avenue East') https://osm.org/?mlat=29.902679451721287&mlon=-90.14413511100769&zoom=16
address does not match a street: ('747', 'Avenue East') https://osm.org/?mlat=29.90320329961816&mlon=-90.14399613488236&zoom=16
address does not match a street: ('648', 'Avenue East') https://osm.org/?mlat=29.905076515106288&mlon=-90.14341200824352&zoom=16
address does not match a street: ('650', 'Avenue East') https://osm.org/?mlat=29.904920372080706&mlon=-90.143496382982&zoom=16
address does not match a street: ('647', 'Avenue East') https://osm.org/?mlat=29.904944757352816&mlon=-90.14297849635342&zoom=16
address does not match a street: ('820', 'Avenue East') https://osm.org/?mlat=29.902296235848407&mlon=-90.1449633538912&zoom=16
address does not match a street: ('947', 'Avenue East') https://osm.org/?mlat=29.900009685274032&mlon=-90.14574176425029&zoom=16
address does not match a street: ('935', 'Avenue East') https://osm.org/?mlat=29.900201581693043&mlon=-90.14567060439167&zoom=16
address does not match a street: ('948', 'Avenue East') https://osm.org/?mlat=29.90015957331791&mlon=-90.14621064359235&zoom=16
address has no house number: (None, '10th Street') https://osm.org/?mlat=29.898726438241663&mlon=-90.14943115625745&zoom=16
address does not match a street: ('655', 'Avenue East') https://osm.org/?mlat=29.904491966941226&mlon=-90.14326758224291&zoom=16
address does not match a street: ('1070', 'Avenue East') https://osm.org/?mlat=29.89805883357403&mlon=-90.14742229815431&zoom=16
address does not match a street: ('900', 'Avenue East') https://osm.org/?mlat=29.900986200373566&mlon=-90.14574951958133&zoom=16
address has no house number: (None, 'Drake Avenue') https://osm.org/?mlat=29.905659197475934&mlon=-90.15194848826609&zoom=16
address has no house number: (None, 'Avenue D') https://osm.org/?mlat=29.906239694783697&mlon=-90.14401449168896&zoom=16
address does not match a street: ('765', 'Avenue East') https://osm.org/?mlat=29.902895881908012&mlon=-90.1442193496042&zoom=16
address does not match a street: ('869', 'Avenue East') https://osm.org/?mlat=29.901090475030873&mlon=-90.14511331023&zoom=16
address has no house number: (None, 'Westbank Expressway') https://osm.org/?mlat=29.90177660233705&mlon=-90.15278940633316&zoom=16
