address does not match a street: (None, '1016', 'South Causeway Boulevard') https://osm.org/?mlat=29.96592331290689&mlon=-90.15708613771974&zoom=16
address does not match a street: (None, '1018', 'South Causeway Boulevard') https://osm.org/?mlat=29.966020277704132&mlon=-90.15711113774458&zoom=16
address does not match a street: (None, '2906', 'Sam Lenox Street') https://osm.org/?mlat=29.967471865200583&mlon=-90.15546265887745&zoom=16
address does not match a street: (None, '2812', 'Sam Lenox Street') https://osm.org/?mlat=29.96747198588048&mlon=-90.15516892905735&zoom=16
address does not match a street: (None, '2909', 'Sam Lenox Street') https://osm.org/?mlat=29.967913453067176&mlon=-90.15564063270725&zoom=16
address does not match a street: (None, '1325', 'Causeway Boulevard Service Road') https://osm.org/?mlat=29.968355087129748&mlon=-90.15613128892757&zoom=16
address does not match a street: (None, '1008', 'South Causeway Boulevard') https://osm.org/?mlat=29.965620645143684&mlon=-90.1571444490765&zoom=16
address does not match a street: (None, '1422', 'South Causeway Boulevard') https://osm.org/?mlat=29.96929154860756&mlon=-90.15701374643848&zoom=16
address does not match a street: (None, '1704', 'South Causeway Boulevard') https://osm.org/?mlat=29.972764014436258&mlon=-90.15682783767386&zoom=16
address does not match a street: (None, '1706', 'South Causeway Boulevard') https://osm.org/?mlat=29.972857559728897&mlon=-90.15683305156618&zoom=16
address has no house number: (None, None, 'Burns Street') https://osm.org/?mlat=29.968347233095294&mlon=-90.15771374165445&zoom=16
address does not match a street: (None, '1118', 'South Causeway Boulevard') https://osm.org/?mlat=29.966674636969664&mlon=-90.15710342317414&zoom=16
address does not match a street: (None, '3038', 'Sam Lenox Street') https://osm.org/?mlat=29.96756620541275&mlon=-90.15795107412525&zoom=16
address does not match a street: (None, '3036', 'Sam Lenox Street') https://osm.org/?mlat=29.967572559652638&mlon=-90.15791449664646&zoom=16
address does not match a street: (None, '3032', 'Sam Lenox Street') https://osm.org/?mlat=29.967597530450238&mlon=-90.15782996051719&zoom=16
address does not match a street: (None, '3028', 'Sam Lenox Street') https://osm.org/?mlat=29.96756360344715&mlon=-90.15772613398136&zoom=16
address does not match a street: (None, '717', 'Jefferson Park East') https://osm.org/?mlat=29.969418388067243&mlon=-90.16466547057041&zoom=16
address does not match a street: (None, '3531', 'Sam Lenox Street') https://osm.org/?mlat=29.968152365002965&mlon=-90.16176510234534&zoom=16
address does not match a street: (None, '3529', 'Sam Lenox Street') https://osm.org/?mlat=29.96811111988612&mlon=-90.16176558668774&zoom=16
address does not match a street: (None, '3528', 'Sam Lenox Street') https://osm.org/?mlat=29.96757550648515&mlon=-90.16189069351212&zoom=16
address does not match a street: (None, '1705', 'South Causeway Boulevard') https://osm.org/?mlat=29.97284125178525&mlon=-90.15605341105308&zoom=16
address does not match a street: (None, '1420', 'South Causeway Boulevard') https://osm.org/?mlat=29.969186322835046&mlon=-90.15699911004364&zoom=16
address does not match a street: (None, '1013', 'Causeway Boulevard Service Road') https://osm.org/?mlat=29.96583303222118&mlon=-90.15631518514816&zoom=16
address does not match a street: (None, '1013', 'Causeway Boulevard Service Road') https://osm.org/?mlat=29.965830185009963&mlon=-90.1562184714288&zoom=16
address does not match a street: (None, '1003', 'Causeway Boulevard Service Road') https://osm.org/?mlat=29.965499639542347&mlon=-90.1562668539078&zoom=16
address does not match a street: (None, '1121', 'Causeway Boulevard Service Road') https://osm.org/?mlat=29.966689145985786&mlon=-90.15619200128832&zoom=16
address does not match a street: (None, '3528', 'Sam Lenox Street') https://osm.org/?mlat=29.96762225985197&mlon=-90.16127789169545&zoom=16
address does not match a street: (None, '3020', 'Sam Lenox Street') https://osm.org/?mlat=29.967548170651348&mlon=-90.1575430007538&zoom=16
address does not match a street: (None, '3028', 'Sam Lenox Street') https://osm.org/?mlat=29.967497550060056&mlon=-90.15754696190722&zoom=16
address does not match a street: (None, '1214', 'South Causeway Boulevard') https://osm.org/?mlat=29.96761332555521&mlon=-90.15707274912316&zoom=16
address has no house number: (None, None, 'Brown Street') https://osm.org/?mlat=29.964770221860903&mlon=-90.15947864697478&zoom=16
address has no house number: (None, None, 'Lausat Street') https://osm.org/?mlat=29.972871118565415&mlon=-90.1598618557918&zoom=16
address does not match a street: (None, '1208', 'South Causeway Boulevard') https://osm.org/?mlat=29.96736894356882&mlon=-90.15710830931391&zoom=16
address does not match a street: (None, '1200', 'South Causeway Boulevard') https://osm.org/?mlat=29.967090130447975&mlon=-90.157111596404&zoom=16
address does not match a street: (None, '722', 'Jefferson Park East') https://osm.org/?mlat=29.969841527385036&mlon=-90.16442673005845&zoom=16
address does not match a street: (None, '721', 'Jefferson Park East') https://osm.org/?mlat=29.96941308604017&mlon=-90.1643781156679&zoom=16
address does not match a street: (None, '1007', 'Causeway Boulevard Service Road') https://osm.org/?mlat=29.96565957672983&mlon=-90.15632847414463&zoom=16
address does not match a street: (None, '1400', 'South Causeway Boulevard') https://osm.org/?mlat=29.968614370598946&mlon=-90.15701519539591&zoom=16
address does not match a street: (None, '14', 'Hawkins Avenue') https://osm.org/?mlat=29.964551208548386&mlon=-90.15759423959021&zoom=16
address does not match a street: (None, '1326', 'Causeway Boulevard Service Road') https://osm.org/?mlat=29.968410291397902&mlon=-90.15699359344207&zoom=16
address does not match a street: (None, '17', 'Hawkins Avenue') https://osm.org/?mlat=29.964745798890984&mlon=-90.1572129524996&zoom=16
address does not match a street: (None, '15', 'Hawkins Avenue') https://osm.org/?mlat=29.964539347500875&mlon=-90.15719011998364&zoom=16
address has no house number: (None, None, 'Clermont Street') https://osm.org/?mlat=29.96479259202705&mlon=-90.15410196791542&zoom=16
address does not match a street: (None, '2709', 'Sam Lenox Street') https://osm.org/?mlat=29.96744089334937&mlon=-90.15395846581431&zoom=16
address has no house number: (None, None, 'William Avenue') https://osm.org/?mlat=29.964739633293465&mlon=-90.15860985234485&zoom=16
address does not match a street: (None, '1019', 'Causeway Boulevard Service Road') https://osm.org/?mlat=29.9659914085946&mlon=-90.15627603649108&zoom=16
address does not match a street: (None, '718', 'Jefferson Park East') https://osm.org/?mlat=29.96979032326833&mlon=-90.16474323312079&zoom=16
address does not match a street: (None, '3527', 'Sam Lenox Street') https://osm.org/?mlat=29.96811495088344&mlon=-90.16196304666596&zoom=16
address does not match a street: (None, '3528', 'Sam Lenox Street') https://osm.org/?mlat=29.9676145569213&mlon=-90.16164722682649&zoom=16
address does not match a street: (None, '1700', 'South Causeway Boulevard') https://osm.org/?mlat=29.972684302196786&mlon=-90.1568319362598&zoom=16
address does not match a street: (None, '1708', 'South Causeway Boulevard') https://osm.org/?mlat=29.97293191468695&mlon=-90.15684480886414&zoom=16
address does not match a street: (None, '3037', 'Sam Lenox Street') https://osm.org/?mlat=29.9678851408406&mlon=-90.15790816123197&zoom=16
address does not match a street: (None, '1203', 'Causeway Boulevard Service Road') https://osm.org/?mlat=29.967110104807638&mlon=-90.15621546282442&zoom=16
address does not match a street: (None, '1015', 'Causeway Boulevard Service Road') https://osm.org/?mlat=29.965905999226393&mlon=-90.15625809421219&zoom=16
address does not match a street: (None, '2908', 'Sam Lenox Street') https://osm.org/?mlat=29.967512970528873&mlon=-90.15557558998364&zoom=16
address does not match a street: (None, '2900', 'Sam Lenox Street') https://osm.org/?mlat=29.967528732078126&mlon=-90.15536407797977&zoom=16
address does not match a street: (None, '2902', 'Sam Lenox Street') https://osm.org/?mlat=29.967487486981184&mlon=-90.15536456496531&zoom=16
address does not match a street: (None, '2907', 'Sam Lenox Street') https://osm.org/?mlat=29.967830085848345&mlon=-90.15554370699164&zoom=16
address does not match a street: (None, '1205', 'Causeway Boulevard Service Road') https://osm.org/?mlat=29.967187067417786&mlon=-90.15621139641716&zoom=16
address does not match a street: (None, '1703', 'South Causeway Boulevard') https://osm.org/?mlat=29.97274606826867&mlon=-90.15605104830158&zoom=16
address does not match a street: (None, '1711', 'South Causeway Boulevard') https://osm.org/?mlat=29.972935231446115&mlon=-90.15598564515756&zoom=16
address does not match a street: (None, '1710', 'South Causeway Boulevard') https://osm.org/?mlat=29.973022569144888&mlon=-90.15683426414674&zoom=16
address does not match a street: (None, '1716', 'South Causeway Boulevard') https://osm.org/?mlat=29.97326731812091&mlon=-90.15683453635808&zoom=16
address does not match a street: (None, '1714', 'South Causeway Boulevard') https://osm.org/?mlat=29.973170881999604&mlon=-90.15681356378573&zoom=16
address does not match a street: (None, '923', 'Causeway Boulevard Service Road') https://osm.org/?mlat=29.965121622801632&mlon=-90.15642175648604&zoom=16
address does not match a street: (None, '923', 'Causeway Boulevard Service Road') https://osm.org/?mlat=29.965096042349263&mlon=-90.15639080480264&zoom=16
address does not match a street: (None, '923', 'Causeway Boulevard Service Road') https://osm.org/?mlat=29.965130925499192&mlon=-90.15634104286363&zoom=16
address does not match a street: (None, '923', 'Causeway Boulevard Service Road') https://osm.org/?mlat=29.965129150574636&mlon=-90.156302681395&zoom=16
address does not match a street: (None, '923', 'Causeway Boulevard Service Road') https://osm.org/?mlat=29.965087271338522&mlon=-90.15626424700045&zoom=16
address does not match a street: (None, '923', 'Causeway Boulevard Service Road') https://osm.org/?mlat=29.965126472392466&mlon=-90.15616344024863&zoom=16
address does not match a street: (None, '923', 'Causeway Boulevard Service Road') https://osm.org/?mlat=29.96508549361294&mlon=-90.15611896365135&zoom=16
address does not match a street: (None, '923', 'Causeway Boulevard Service Road') https://osm.org/?mlat=29.965124175155342&mlon=-90.15612015062884&zoom=16
address does not match a street: (None, '923', 'Causeway Boulevard Service Road') https://osm.org/?mlat=29.965095113104837&mlon=-90.15634037009525&zoom=16
address does not match a street: (None, '923', 'Causeway Boulevard Service Road') https://osm.org/?mlat=29.965129275370487&mlon=-90.1562100148306&zoom=16
address does not match a street: (None, '923', 'Causeway Boulevard Service Road') https://osm.org/?mlat=29.965130730027695&mlon=-90.15626592685314&zoom=16
address does not match a street: (None, '923', 'Causeway Boulevard Service Road') https://osm.org/?mlat=29.96508401049706&mlon=-90.1561666850683&zoom=16
address does not match a street: (None, '923', 'Causeway Boulevard Service Road') https://osm.org/?mlat=29.965089016852286&mlon=-90.15629931890967&zoom=16
address does not match a street: (None, '923', 'Causeway Boulevard Service Road') https://osm.org/?mlat=29.965086395991364&mlon=-90.15621984329924&zoom=16
address does not match a street: (None, '2708', 'Sam Lenox Street') https://osm.org/?mlat=29.967836579600505&mlon=-90.1539756804138&zoom=16
address does not match a street: (None, '3024', 'Sam Lenox Street') https://osm.org/?mlat=29.967537120398077&mlon=-90.15764440507039&zoom=16
address does not match a street: (None, '1212', 'South Causeway Boulevard') https://osm.org/?mlat=29.96752803221953&mlon=-90.15708029011354&zoom=16
address does not match a street: (None, '3039', 'Sam Lenox Street') https://osm.org/?mlat=29.967878662264376&mlon=-90.15810882071975&zoom=16
address does not match a street: (None, '1306', 'Causeway Boulevard Service Road') https://osm.org/?mlat=29.967954281635254&mlon=-90.15702918103894&zoom=16
address does not match a street: (None, '1306', 'Causeway Boulevard Service Road') https://osm.org/?mlat=29.967954379331054&mlon=-90.1570295125122&zoom=16
address does not match a street: (None, '1412', 'South Causeway Boulevard') https://osm.org/?mlat=29.969001646437086&mlon=-90.15704984407407&zoom=16
address does not match a street: (None, '1412', 'South Causeway Boulevard') https://osm.org/?mlat=29.968974610168438&mlon=-90.15710017214634&zoom=16
address does not match a street: (None, '3528', 'Sam Lenox Street') https://osm.org/?mlat=29.967412889171058&mlon=-90.16152651428673&zoom=16
address does not match a street: (None, '719', 'Jefferson Park East') https://osm.org/?mlat=29.96940326542842&mlon=-90.16451088472881&zoom=16
address does not match a street: (None, '720', 'Jefferson Park East') https://osm.org/?mlat=29.969799861592097&mlon=-90.16455782412288&zoom=16
address does not match a street: (None, '1014', 'South Causeway Boulevard') https://osm.org/?mlat=29.965849853973204&mlon=-90.15709095478131&zoom=16
address does not match a street: (None, '1012', 'South Causeway Boulevard') https://osm.org/?mlat=29.965787743060808&mlon=-90.15716743274635&zoom=16
address does not match a street: (None, '1108', 'South Causeway Boulevard') https://osm.org/?mlat=29.96640749525573&mlon=-90.15713925127352&zoom=16
address does not match a street: (None, '1712', 'South Causeway Boulevard') https://osm.org/?mlat=29.973096979662778&mlon=-90.1568523379048&zoom=16
address does not match a street: (None, '16', 'Hawkins Avenue') https://osm.org/?mlat=29.96477307813198&mlon=-90.15756781972995&zoom=16
address does not match a street: (None, '16', 'Hawkins Avenue') https://osm.org/?mlat=29.96472703325489&mlon=-90.15759466790352&zoom=16
address has no house number: (None, None, 'Saia Lane') https://osm.org/?mlat=29.9695182042498&mlon=-90.15869510265001&zoom=16
address has no house number: (None, None, 'Saia Lane') https://osm.org/?mlat=29.968141079423518&mlon=-90.15974733485623&zoom=16
address does not match a street: (None, '1701', 'South Causeway Boulevard') https://osm.org/?mlat=29.97266383238733&mlon=-90.15608044556066&zoom=16
address does not match a street: (None, '1113', 'Causeway Boulevard Service Road') https://osm.org/?mlat=29.966529582903046&mlon=-90.1561844120145&zoom=16
address does not match a street: (None, '1122', 'South Causeway Boulevard') https://osm.org/?mlat=29.966747565377233&mlon=-90.15709022634658&zoom=16
address does not match a street: (None, '1221', 'Causeway Boulevard Service Road') https://osm.org/?mlat=29.967434592464535&mlon=-90.15623967935979&zoom=16
address does not match a street: (None, '1005', 'Causeway Boulevard Service Road') https://osm.org/?mlat=29.96557012445611&mlon=-90.15627996014013&zoom=16
address does not match a street: (None, '909', 'Causeway Boulevard Service Road') https://osm.org/?mlat=29.964751754746633&mlon=-90.15634119402205&zoom=16
address does not match a street: (None, '2905', 'Sam Lenox Street') https://osm.org/?mlat=29.968022561497047&mlon=-90.15544520237442&zoom=16
address does not match a street: (None, '3519', 'Sam Lenox Street') https://osm.org/?mlat=29.968006386022505&mlon=-90.16124935850823&zoom=16
address does not match a street: (None, '2922', 'Sam Lenox Street') https://osm.org/?mlat=29.967536738220712&mlon=-90.15595144164044&zoom=16
address does not match a street: (None, '1009', 'Causeway Boulevard Service Road') https://osm.org/?mlat=29.96574434072689&mlon=-90.15631360058173&zoom=16
address does not match a street: (None, '2813', 'Sam Lenox Street') https://osm.org/?mlat=29.967865189121817&mlon=-90.15516428567526&zoom=16
address does not match a street: (None, '1719', 'South Causeway Boulevard') https://osm.org/?mlat=29.97315837858796&mlon=-90.15603038991752&zoom=16
address has no house number: (None, None, 'Burns Street') https://osm.org/?mlat=29.96858770887778&mlon=-90.16160448015037&zoom=16
address does not match a street: (None, '3017', 'Sam Lenox Street') https://osm.org/?mlat=29.967842138895964&mlon=-90.15721142937154&zoom=16
address has no house number: (None, None, 'Sam Lenox Street') https://osm.org/?mlat=29.9675027233437&mlon=-90.1573539958103&zoom=16
address does not match a street: (None, None, 'Sam Lenox Street') https://osm.org/?mlat=29.9675027233437&mlon=-90.1573539958103&zoom=16
address does not match a street: (None, '1124', 'South Causeway Boulevard') https://osm.org/?mlat=29.96690171443661&mlon=-90.15704192379943&zoom=16
address does not match a street: (None, '1310', 'Causeway Boulevard Service Road') https://osm.org/?mlat=29.968141960242914&mlon=-90.15697527443777&zoom=16
address does not match a street: (None, '1404', 'South Causeway Boulevard') https://osm.org/?mlat=29.96871468530046&mlon=-90.1569747874165&zoom=16
address does not match a street: (None, '1408', 'South Causeway Boulevard') https://osm.org/?mlat=29.968867167559285&mlon=-90.15702364844147&zoom=16
address does not match a street: (None, '1300', 'Causeway Boulevard Service Road') https://osm.org/?mlat=29.96782341408537&mlon=-90.15700487774036&zoom=16
address does not match a street: (None, '1112', 'South Causeway Boulevard') https://osm.org/?mlat=29.966555086829402&mlon=-90.15709829729944&zoom=16
address does not match a street: (None, '3521', 'Sam Lenox Street') https://osm.org/?mlat=29.968106655109143&mlon=-90.16157297640505&zoom=16
address does not match a street: (None, '3523', 'Sam Lenox Street') https://osm.org/?mlat=29.968147964475207&mlon=-90.16157231092669&zoom=16
address does not match a street: (None, '3528', 'Sam Lenox Street') https://osm.org/?mlat=29.96777307810336&mlon=-90.16165812401965&zoom=16
address does not match a street: (None, '917', 'South Causeway Boulevard') https://osm.org/?mlat=29.96501424498997&mlon=-90.15612537797067&zoom=16
address does not match a street: (None, '1308', 'Causeway Boulevard Service Road') https://osm.org/?mlat=29.968044315403116&mlon=-90.15701732004987&zoom=16
address has no house number: (None, None, 'Shrewsbury Road') https://osm.org/?mlat=29.966529997714332&mlon=-90.16121010483371&zoom=16
address has no house number: (None, None, 'Claiborne') https://osm.org/?mlat=29.97316204102655&mlon=-90.16036765023972&zoom=16
address does not match a street: (None, None, 'Claiborne') https://osm.org/?mlat=29.97316204102655&mlon=-90.16036765023972&zoom=16
address does not match a street: (None, '3019', 'Sam Lenox Street') https://osm.org/?mlat=29.96784224864812&mlon=-90.15721119182083&zoom=16
address does not match a street: (None, '1909', 'South Arnoult Road') https://osm.org/?mlat=29.973253728485936&mlon=-90.16177099798459&zoom=16
address does not match a street: (None, '3042', 'Sam Lenox Street') https://osm.org/?mlat=29.967573676930336&mlon=-90.15812617732395&zoom=16
address does not match a street: (None, '2814', 'Sam Lenox Street') https://osm.org/?mlat=29.96747810852744&mlon=-90.15526892672581&zoom=16
address has no house number: (None, None, 'South Causeway Boulevard') https://osm.org/?mlat=29.96549418878615&mlon=-90.1571744848325&zoom=16
address does not match a street: (None, None, 'South Causeway Boulevard') https://osm.org/?mlat=29.96549418878615&mlon=-90.1571744848325&zoom=16
address does not match a street: (None, '3016', 'Sam Lenox Street') https://osm.org/?mlat=29.96755130151428&mlon=-90.1574580960861&zoom=16
address has no house number: (None, None, 'Claiborne Drive') https://osm.org/?mlat=29.966602803632256&mlon=-90.1541196324933&zoom=16
address has no house number: (None, None, 'Claiborne Drive') https://osm.org/?mlat=29.966639113809997&mlon=-90.15412249223093&zoom=16
address does not match a street: (None, '1202', 'South Causeway Boulevard') https://osm.org/?mlat=29.96722157195473&mlon=-90.15709826404688&zoom=16
address has no house number: (None, None, 'South Causeway Boulevard') https://osm.org/?mlat=29.967251652909876&mlon=-90.15712532539591&zoom=16
address does not match a street: (None, None, 'South Causeway Boulevard') https://osm.org/?mlat=29.967251652909876&mlon=-90.15712532539591&zoom=16
address does not match a street: (None, '1406', 'South Causeway Boulevard') https://osm.org/?mlat=29.968791346969994&mlon=-90.15707846751745&zoom=16
address does not match a street: (None, '1648', 'South Causeway Boulevard') https://osm.org/?mlat=29.970460319102024&mlon=-90.15606866732796&zoom=16
address does not match a street: (None, '1416', 'South Causeway Boulevard') https://osm.org/?mlat=29.96911356686145&mlon=-90.15695922343917&zoom=16
address does not match a street: (None, '1646', 'South Causeway Boulevard') https://osm.org/?mlat=29.97037319470645&mlon=-90.1563361916502&zoom=16
address does not match a street: (None, '1102', 'South Causeway Boulevard') https://osm.org/?mlat=29.96618807211592&mlon=-90.15695818459021&zoom=16
address does not match a street: (None, '1690', 'South Causeway Boulevard') https://osm.org/?mlat=29.972246537746788&mlon=-90.15731647993509&zoom=16
address does not match a street: (None, '3301', 'Anover Street') https://osm.org/?mlat=29.967313999989702&mlon=-90.15903032319233&zoom=16
