address does not match a street: (None, '219', 'South Starrett Road') https://osm.org/?mlat=29.970896032227994&mlon=-90.23402716502424&zoom=16
address has no house number: (None, None, 'Marmandie Avenue') https://osm.org/?mlat=29.970981204658692&mlon=-90.23105739971307&zoom=16
address has no house number: (None, None, 'Marmandie Avenue') https://osm.org/?mlat=29.971042740296607&mlon=-90.23118292773735&zoom=16
address has no house number: (None, None, 'Providence Lane') https://osm.org/?mlat=29.971925722796215&mlon=-90.23794604508261&zoom=16
address has no house number: (None, None, 'Newton Street') https://osm.org/?mlat=29.97263288143789&mlon=-90.23389606604933&zoom=16
address does not match a street: (None, '520', 'South Starrett Road') https://osm.org/?mlat=29.97335751799881&mlon=-90.2333055128664&zoom=16
address does not match a street: (None, '524', 'South Starrett Road') https://osm.org/?mlat=29.97341185413006&mlon=-90.23316545936694&zoom=16
address does not match a street: (None, '524', 'South Starrett Road') https://osm.org/?mlat=29.973462657135038&mlon=-90.23323511648654&zoom=16
address does not match a street: (None, '524', 'South Starrett Road') https://osm.org/?mlat=29.973430258685383&mlon=-90.23321449973804&zoom=16
address does not match a street: (None, '508', 'South Starrett Road') https://osm.org/?mlat=29.97304599998399&mlon=-90.23338718451055&zoom=16
address does not match a street: (None, '512', 'South Starrett Road') https://osm.org/?mlat=29.973126963069603&mlon=-90.23337200696432&zoom=16
address does not match a street: (None, '413', 'South Starrett Road') https://osm.org/?mlat=29.971900447110563&mlon=-90.23345072679405&zoom=16
address has no house number: (None, None, 'South Bengal Road') https://osm.org/?mlat=29.970551904735263&mlon=-90.23722351517529&zoom=16
address does not match a street: (None, '211', 'South Starrett Road') https://osm.org/?mlat=29.97056484866574&mlon=-90.23421400419585&zoom=16
address has no house number: (None, None, 'South Cumberland Street') https://osm.org/?mlat=29.97208070674926&mlon=-90.23494902727491&zoom=16
address has no house number: (None, None, 'Wilker Neal Avenue') https://osm.org/?mlat=29.972201682939943&mlon=-90.23577669735123&zoom=16
address does not match a street: (None, '401', 'South Starrett Road') https://osm.org/?mlat=29.971694984839615&mlon=-90.23354458796618&zoom=16
address does not match a street: (None, '213', 'South Starrett Road') https://osm.org/?mlat=29.970696332671125&mlon=-90.23415254506905&zoom=16
address does not match a street: (None, '500', 'South Starrett Road') https://osm.org/?mlat=29.972808348038527&mlon=-90.23350072903902&zoom=16
address does not match a street: (None, '405', 'South Starrett Road') https://osm.org/?mlat=29.971802197264477&mlon=-90.23354024757933&zoom=16
address does not match a street: (None, '209', 'South Starrett Road') https://osm.org/?mlat=29.97043064132101&mlon=-90.23427865263994&zoom=16
address has no house number: (None, None, 'Marmandie Avenue') https://osm.org/?mlat=29.97027044884346&mlon=-90.23153601422904&zoom=16
address does not match a street: (None, '609', 'South Starrett Road') https://osm.org/?mlat=29.973765135485653&mlon=-90.23251217612288&zoom=16
address does not match a street: (None, '504', 'South Starrett Road') https://osm.org/?mlat=29.972898700314417&mlon=-90.2334214072458&zoom=16
address does not match a street: (None, '620', 'South Starrett Road') https://osm.org/?mlat=29.973894139049076&mlon=-90.23288921409862&zoom=16
address does not match a street: (None, '616', 'South Starrett Road') https://osm.org/?mlat=29.973851052132737&mlon=-90.23306489773988&zoom=16
address does not match a street: (None, '603', 'South Starrett Road') https://osm.org/?mlat=29.973546222094246&mlon=-90.23261587435233&zoom=16
