address does not match a street: (None, '2425', 'Ashley Drive') https://osm.org/?mlat=29.895431170226065&mlon=-90.0114211265206&zoom=16
address does not match a street: (None, '909', 'East Monterey Court') https://osm.org/?mlat=29.891886234981257&mlon=-90.01553022404313&zoom=16
address does not match a street: (None, '912', 'East Monterey Court') https://osm.org/?mlat=29.891800554849517&mlon=-90.0160363188323&zoom=16
address does not match a street: (None, '901', 'West Monterey Court') https://osm.org/?mlat=29.891798469098873&mlon=-90.01637719731485&zoom=16
address does not match a street: (None, '936', 'West Monterey Court') https://osm.org/?mlat=29.890369018472835&mlon=-90.01698306370344&zoom=16
address does not match a street: (None, '901', 'East Monterey Court') https://osm.org/?mlat=29.89222711437524&mlon=-90.01550695745284&zoom=16
address does not match a street: (None, '2900', 'North Monterey Court') https://osm.org/?mlat=29.892163795663876&mlon=-90.01660908180169&zoom=16
address does not match a street: (None, '2900', 'North Monterey Court') https://osm.org/?mlat=29.89218831537466&mlon=-90.0166738236002&zoom=16
address does not match a street: (None, '2912', 'South Monterey Court') https://osm.org/?mlat=29.889532235107758&mlon=-90.01663116088056&zoom=16
address does not match a street: (None, '2908', 'South Monterey Court') https://osm.org/?mlat=29.88954237979165&mlon=-90.01682038491748&zoom=16
address does not match a street: (None, '905', 'West Monterey Court') https://osm.org/?mlat=29.891628210249987&mlon=-90.01640153514568&zoom=16
address does not match a street: (None, '916', 'East Monterey Court') https://osm.org/?mlat=29.891627388345906&mlon=-90.01604491554498&zoom=16
address does not match a street: (None, '924', 'East Monterey Court') https://osm.org/?mlat=29.891275652633908&mlon=-90.0160716481642&zoom=16
address does not match a street: (None, '921', 'East Monterey Court') https://osm.org/?mlat=29.891383203727123&mlon=-90.0155526433891&zoom=16
address does not match a street: (None, '933', 'East Monterey Court') https://osm.org/?mlat=29.890836304313662&mlon=-90.0155882664712&zoom=16
address does not match a street: (None, '929', 'East Monterey Court') https://osm.org/?mlat=29.891015064095598&mlon=-90.01558906319387&zoom=16
address does not match a street: (None, '920', 'West Monterey Court') https://osm.org/?mlat=29.89101623420234&mlon=-90.01694270786773&zoom=16
address does not match a street: (None, '932', 'West Monterey Court') https://osm.org/?mlat=29.890536716421074&mlon=-90.0169776968027&zoom=16
address does not match a street: (None, '961', 'East Monterey Court') https://osm.org/?mlat=29.88961349154023&mlon=-90.01568330364402&zoom=16
address does not match a street: (None, '957', 'East Monterey Court') https://osm.org/?mlat=29.889789375203836&mlon=-90.01567151466509&zoom=16
address does not match a street: (None, '941', 'West Monterey Court') https://osm.org/?mlat=29.89009196685372&mlon=-90.01650385283568&zoom=16
address does not match a street: (None, '909', 'West Monterey Court') https://osm.org/?mlat=29.891455076223266&mlon=-90.01641328678835&zoom=16
address does not match a street: (None, '2916', 'North Monterey Court') https://osm.org/?mlat=29.892934649865012&mlon=-90.01562029988939&zoom=16
address does not match a street: (None, '2916', 'North Monterey Court') https://osm.org/?mlat=29.892934902128133&mlon=-90.01562053367827&zoom=16
address does not match a street: (None, '929', 'West Monterey Court') https://osm.org/?mlat=29.890600402873748&mlon=-90.01647189935173&zoom=16
address does not match a street: (None, '2912', 'North Monterey Court') https://osm.org/?mlat=29.89250285797294&mlon=-90.01614067133316&zoom=16
address does not match a street: (None, '908', 'West Monterey Court') https://osm.org/?mlat=29.89155627508323&mlon=-90.01690744660982&zoom=16
address does not match a street: (None, '912', 'West Monterey Court') https://osm.org/?mlat=29.891385922264032&mlon=-90.01692231670131&zoom=16
address does not match a street: (None, '944', 'East Monterey Court') https://osm.org/?mlat=29.890415448491247&mlon=-90.01612718157452&zoom=16
address does not match a street: (None, '928', 'East Monterey Court') https://osm.org/?mlat=29.891110829939535&mlon=-90.01608960267816&zoom=16
address does not match a street: (None, '921', 'West Monterey Court') https://osm.org/?mlat=29.890946671870275&mlon=-90.0164483964183&zoom=16
address does not match a street: (None, '2916', 'North Monterey Court') https://osm.org/?mlat=29.892588886323622&mlon=-90.0156692849564&zoom=16
address does not match a street: (None, '2916', 'South Monterey Court') https://osm.org/?mlat=29.889521963755502&mlon=-90.01642931580132&zoom=16
address does not match a street: (None, '2928', 'South Monterey Court') https://osm.org/?mlat=29.889429655323845&mlon=-90.01569525240595&zoom=16
address does not match a street: (None, '2928', 'South Monterey Court') https://osm.org/?mlat=29.889429357976237&mlon=-90.01569520145297&zoom=16
address does not match a street: (None, '952', 'East Monterey Court') https://osm.org/?mlat=29.89006642986598&mlon=-90.01615072177113&zoom=16
address does not match a street: (None, '945', 'East Monterey Court') https://osm.org/?mlat=29.890314245783507&mlon=-90.01563302820178&zoom=16
address does not match a street: (None, '945', 'East Monterey Court') https://osm.org/?mlat=29.89036499153385&mlon=-90.01565888501743&zoom=16
address does not match a street: (None, '948', 'East Monterey Court') https://osm.org/?mlat=29.890299277943615&mlon=-90.0162019506862&zoom=16
address does not match a street: (None, '948', 'East Monterey Court') https://osm.org/?mlat=29.89026619104527&mlon=-90.0162054685792&zoom=16
address does not match a street: (None, '948', 'East Monterey Court') https://osm.org/?mlat=29.89023959550637&mlon=-90.01614212538828&zoom=16
address does not match a street: (None, '948', 'East Monterey Court') https://osm.org/?mlat=29.890229533926227&mlon=-90.01621006174175&zoom=16
address does not match a street: (None, '2904', 'South Monterey Court') https://osm.org/?mlat=29.889555305445537&mlon=-90.01701272723739&zoom=16
address does not match a street: (None, '2924', 'South Monterey Court') https://osm.org/?mlat=29.88950435944308&mlon=-90.0160445216247&zoom=16
address does not match a street: (None, '932', 'East Monterey Court') https://osm.org/?mlat=29.89093769594039&mlon=-90.0161013558361&zoom=16
address does not match a street: (None, '917', 'West Monterey Court') https://osm.org/?mlat=29.891117056246372&mlon=-90.01643668116306&zoom=16
address does not match a street: (None, '940', 'West Monterey Court') https://osm.org/?mlat=29.89019863313081&mlon=-90.01699477795039&zoom=16
address does not match a street: (None, '2916', 'North Monterey Court') https://osm.org/?mlat=29.8935506054114&mlon=-90.01531573567799&zoom=16
address does not match a street: (None, '928', 'West Monterey Court') https://osm.org/?mlat=29.89068642314104&mlon=-90.01696857861576&zoom=16
address does not match a street: (None, '2908', 'North Monterey Court') https://osm.org/?mlat=29.89238067184097&mlon=-90.01629692906782&zoom=16
address does not match a street: (None, '2916', 'North Monterey Court') https://osm.org/?mlat=29.892745186417553&mlon=-90.01574389925372&zoom=16
address does not match a street: (None, '2900', 'South Monterey Court') https://osm.org/?mlat=29.889562731498618&mlon=-90.01720514313239&zoom=16
address does not match a street: (None, '936', 'East Monterey Court') https://osm.org/?mlat=29.8907562172032&mlon=-90.01610375005258&zoom=16
address does not match a street: (None, '913', 'East Monterey Court') https://osm.org/?mlat=29.891721318405764&mlon=-90.01553871275394&zoom=16
address does not match a street: (None, '2916', 'North Monterey Court') https://osm.org/?mlat=29.892676685120193&mlon=-90.0153746129422&zoom=16
address does not match a street: (None, '937', 'East Monterey Court') https://osm.org/?mlat=29.890660419777124&mlon=-90.0156000557323&zoom=16
address does not match a street: (None, '953', 'East Monterey Court') https://osm.org/?mlat=29.88996525976485&mlon=-90.0156597256327&zoom=16
address does not match a street: (None, '2904', 'North Monterey Court') https://osm.org/?mlat=29.892266734512962&mlon=-90.01645307761997&zoom=16
address does not match a street: (None, '2904', 'North Monterey Court') https://osm.org/?mlat=29.892305274038915&mlon=-90.01654708568059&zoom=16
address does not match a street: (None, '913', 'West Monterey Court') https://osm.org/?mlat=29.891287441520166&mlon=-90.016424965856&zoom=16
address does not match a street: (None, '945', 'West Monterey Court') https://osm.org/?mlat=29.889916051522057&mlon=-90.01651248484268&zoom=16
address does not match a street: (None, '2312', 'Ashley Drive') https://osm.org/?mlat=29.89594773970429&mlon=-90.01412501603627&zoom=16
address does not match a street: (None, '924', 'West Monterey Court') https://osm.org/?mlat=29.890874704928223&mlon=-90.01695114882347&zoom=16
address does not match a street: (None, '937', 'West Monterey Court') https://osm.org/?mlat=29.890267850580948&mlon=-90.01649206524559&zoom=16
address does not match a street: (None, '2916', 'North Monterey Court') https://osm.org/?mlat=29.893085328728&mlon=-90.01553614602314&zoom=16
address does not match a street: (None, '2920', 'South Monterey Court') https://osm.org/?mlat=29.889514568183873&mlon=-90.01624005660659&zoom=16
address does not match a street: (None, '904', 'West Monterey Court') https://osm.org/?mlat=29.891726660390084&mlon=-90.01689573205456&zoom=16
address does not match a street: (None, '904', 'West Monterey Court') https://osm.org/?mlat=29.891678292137783&mlon=-90.01683335926873&zoom=16
address does not match a street: (None, '917', 'East Monterey Court') https://osm.org/?mlat=29.891545465514977&mlon=-90.01555365779952&zoom=16
address does not match a street: (None, '905', 'East Monterey Court') https://osm.org/?mlat=29.892052972672477&mlon=-90.01552123496447&zoom=16
address does not match a street: (None, '2421', 'Avenue Mont Martre') https://osm.org/?mlat=29.89660071385243&mlon=-90.01277991341675&zoom=16
address does not match a street: (None, '2429', 'Avenue Mont Martre') https://osm.org/?mlat=29.896555787985974&mlon=-90.01238843643854&zoom=16
address does not match a street: (None, '2417', 'Avenue Mont Martre') https://osm.org/?mlat=29.896585148751203&mlon=-90.01297951614654&zoom=16
address does not match a street: (None, '2413', 'Avenue Mont Martre') https://osm.org/?mlat=29.89659868173388&mlon=-90.01316080973477&zoom=16
address does not match a street: (None, '2409', 'Avenue Mont Martre') https://osm.org/?mlat=29.89662598950694&mlon=-90.01335312420753&zoom=16
address does not match a street: (None, '2405', 'Avenue Mont Martre') https://osm.org/?mlat=29.8966395669355&mlon=-90.01353889788888&zoom=16
address does not match a street: (None, '2433', 'Avenue Mont Martre') https://osm.org/?mlat=29.89656540460105&mlon=-90.01200518560192&zoom=16
address does not match a street: (None, '2433', 'Rue Saint Honore') https://osm.org/?mlat=29.89656560231092&mlon=-90.01200519748214&zoom=16
address does not match a street: (None, '2400', 'Avenue Mont Martre') https://osm.org/?mlat=29.896189282180284&mlon=-90.0139929304249&zoom=16
address does not match a street: (None, '2916', 'North Monterey Court') https://osm.org/?mlat=29.89308344642653&mlon=-90.01535030717324&zoom=16
address does not match a street: (None, '2438', 'Avenue Mont Martre') https://osm.org/?mlat=29.89615683958379&mlon=-90.01212262703794&zoom=16
address does not match a street: (None, '2432', 'Avenue Mont Martre') https://osm.org/?mlat=29.89616330847604&mlon=-90.01237794681728&zoom=16
address does not match a street: (None, '2420', 'Avenue Mont Martre') https://osm.org/?mlat=29.89620152963631&mlon=-90.01287929097779&zoom=16
address does not match a street: (None, '2408', 'Avenue Mont Martre') https://osm.org/?mlat=29.896243629859445&mlon=-90.01337834238673&zoom=16
address does not match a street: (None, '2404', 'Avenue Mont Martre') https://osm.org/?mlat=29.896222205368225&mlon=-90.01352110320761&zoom=16
address does not match a street: (None, '2402', 'Avenue Mont Martre') https://osm.org/?mlat=29.896202401225896&mlon=-90.01374407294998&zoom=16
address does not match a street: (None, '933', 'West Monterey Court') https://osm.org/?mlat=29.890435517812872&mlon=-90.01648354195588&zoom=16
address does not match a street: (None, '925', 'West Monterey Court') https://osm.org/?mlat=29.89077353692322&mlon=-90.01646014791133&zoom=16
address does not match a street: (None, '925', 'West Monterey Court') https://osm.org/?mlat=29.890793259293037&mlon=-90.01655234844488&zoom=16
address does not match a street: (None, '2400', 'Rue Saint Honore') https://osm.org/?mlat=29.89702208661297&mlon=-90.01351712837311&zoom=16
address does not match a street: (None, '2409', 'Rue Saint Honore') https://osm.org/?mlat=29.897368919203583&mlon=-90.0130766913095&zoom=16
address does not match a street: (None, '2426', 'Avenue Mont Martre') https://osm.org/?mlat=29.896189618916978&mlon=-90.0126660568295&zoom=16
address does not match a street: (None, '2416', 'Avenue Mont Martre') https://osm.org/?mlat=29.89618785180474&mlon=-90.01306271023068&zoom=16
address does not match a street: (None, '2412', 'Avenue Mont Martre') https://osm.org/?mlat=29.896189354061807&mlon=-90.01321235105175&zoom=16
address does not match a street: (None, '2428', 'Rue Saint Louis') https://osm.org/?mlat=29.89740994180061&mlon=-90.01204121670405&zoom=16
address does not match a street: (None, '2431', 'Rue Saint Honore') https://osm.org/?mlat=29.89681550649887&mlon=-90.01200861145927&zoom=16
address does not match a street: (None, '2429', 'Rue Saint Honore') https://osm.org/?mlat=29.89701020167232&mlon=-90.01215166135141&zoom=16
address does not match a street: (None, '2425', 'Rue Saint Honore') https://osm.org/?mlat=29.89713095214015&mlon=-90.01231809521872&zoom=16
address does not match a street: (None, '2421', 'Rue Saint Honore') https://osm.org/?mlat=29.89729028981723&mlon=-90.01243920994965&zoom=16
address does not match a street: (None, '2417', 'Rue Saint Honore') https://osm.org/?mlat=29.897349120684936&mlon=-90.0126602339895&zoom=16
address does not match a street: (None, '2413', 'Rue Saint Honore') https://osm.org/?mlat=29.897370775960884&mlon=-90.01287278774069&zoom=16
address does not match a street: (None, '2405', 'Rue Saint Honore') https://osm.org/?mlat=29.897386715303195&mlon=-90.0132937768062&zoom=16
address does not match a street: (None, '2401', 'Rue Saint Honore') https://osm.org/?mlat=29.897412228065637&mlon=-90.01350179916909&zoom=16
address does not match a street: (None, '2416', 'Rue Saint Honore') https://osm.org/?mlat=29.896912491415407&mlon=-90.01272426035689&zoom=16
address does not match a street: (None, '2412', 'Rue Saint Honore') https://osm.org/?mlat=29.89697533773683&mlon=-90.01295643257941&zoom=16
address does not match a street: (None, '2408', 'Rue Saint Honore') https://osm.org/?mlat=29.896949856712467&mlon=-90.01314048357486&zoom=16
address does not match a street: (None, '2404', 'Rue Saint Honore') https://osm.org/?mlat=29.896973463400684&mlon=-90.01335301077005&zoom=16
address does not match a street: (None, '2425', 'Avenue Mont Martre') https://osm.org/?mlat=29.896589041633298&mlon=-90.01258963309691&zoom=16
address does not match a street: (None, '2349', 'North Village Court') https://osm.org/?mlat=29.893242150481875&mlon=-90.01637415960647&zoom=16
address does not match a street: (None, '832', 'West Village Court') https://osm.org/?mlat=29.89276388331072&mlon=-90.01836785888426&zoom=16
address does not match a street: (None, '2317', 'North Village Court') https://osm.org/?mlat=29.893249319394858&mlon=-90.01791630939809&zoom=16
address does not match a street: (None, '2321', 'North Village Court') https://osm.org/?mlat=29.893240215927047&mlon=-90.01775343753184&zoom=16
address does not match a street: (None, '2313', 'North Village Court') https://osm.org/?mlat=29.893255646829584&mlon=-90.01805062173212&zoom=16
address does not match a street: (None, '2442', 'Avenue Mont Martre') https://osm.org/?mlat=29.89617086739442&mlon=-90.01186453529608&zoom=16
address does not match a street: (None, '844', 'West Village Court') https://osm.org/?mlat=29.892382635610225&mlon=-90.01820509657378&zoom=16
address does not match a street: (None, '2345', 'North Village Court') https://osm.org/?mlat=29.893188507691757&mlon=-90.01657028931699&zoom=16
address does not match a street: (None, '840', 'West Village Court') https://osm.org/?mlat=29.89250983417518&mlon=-90.01821771855622&zoom=16
address does not match a street: (None, '2333', 'North Village Court') https://osm.org/?mlat=29.89322062914172&mlon=-90.01704828046033&zoom=16
address does not match a street: (None, '828', 'West Village Court') https://osm.org/?mlat=29.892921896159425&mlon=-90.01831237236753&zoom=16
address does not match a street: (None, '2445', 'Avenue Mont Martre') https://osm.org/?mlat=29.896503660423217&mlon=-90.01138642668542&zoom=16
address does not match a street: (None, '2337', 'North Village Court') https://osm.org/?mlat=29.893199073342632&mlon=-90.01687897498451&zoom=16
address does not match a street: (None, '836', 'West Village Court') https://osm.org/?mlat=29.892639923787&mlon=-90.01827033495965&zoom=16
address does not match a street: (None, '2340', 'North Village Court') https://osm.org/?mlat=29.89293136015143&mlon=-90.01701690118001&zoom=16
address does not match a street: (None, '2364', 'East Village Court') https://osm.org/?mlat=29.89278812696874&mlon=-90.01639828112609&zoom=16
address does not match a street: (None, '2404', 'Rue Saint Louis') https://osm.org/?mlat=29.897797585292512&mlon=-90.01328649906647&zoom=16
address does not match a street: (None, '2325', 'North Village Court') https://osm.org/?mlat=29.893235950741886&mlon=-90.01757620542344&zoom=16
address does not match a street: (None, '916', 'West Monterey Court') https://osm.org/?mlat=29.89121800406102&mlon=-90.01692785127871&zoom=16
address does not match a street: (None, '2850', 'South Monterey Court') https://osm.org/?mlat=29.889668967599892&mlon=-90.01783126017219&zoom=16
address does not match a street: (None, '925', 'East Monterey Court') https://osm.org/?mlat=29.891212945022474&mlon=-90.0155769825247&zoom=16
address does not match a street: (None, '920', 'East Monterey Court') https://osm.org/?mlat=29.891457035625642&mlon=-90.01605978711864&zoom=16
address does not match a street: (None, '940', 'East Monterey Court') https://osm.org/?mlat=29.890583114794488&mlon=-90.01611865767138&zoom=16
address does not match a street: (None, '949', 'East Monterey Court') https://osm.org/?mlat=29.890141175039503&mlon=-90.01565109211901&zoom=16
address does not match a street: (None, '2324', 'North Village Court') https://osm.org/?mlat=29.892964972823375&mlon=-90.01763696648652&zoom=16
address does not match a street: (None, '2328', 'North Village Court') https://osm.org/?mlat=29.892958502811876&mlon=-90.01748835790274&zoom=16
address does not match a street: (None, '2332', 'North Village Court') https://osm.org/?mlat=29.892949540985526&mlon=-90.0173397832153&zoom=16
address does not match a street: (None, '2336', 'North Village Court') https://osm.org/?mlat=29.892940436803343&mlon=-90.01717691189063&zoom=16
address does not match a street: (None, '824', 'West Village Court') https://osm.org/?mlat=29.893039158475297&mlon=-90.01832798534068&zoom=16
address does not match a street: (None, '852', 'West Village Court') https://osm.org/?mlat=29.892078240961535&mlon=-90.0181633540138&zoom=16
address does not match a street: (None, '2332', 'East Village Court') https://osm.org/?mlat=29.89222901660483&mlon=-90.01729495045984&zoom=16
address does not match a street: (None, '2328', 'East Village Court') https://osm.org/?mlat=29.892168279212743&mlon=-90.01745016142684&zoom=16
address does not match a street: (None, '2324', 'East Village Court') https://osm.org/?mlat=29.892117392952276&mlon=-90.01759380592709&zoom=16
address does not match a street: (None, '2356', 'East Village Court') https://osm.org/?mlat=29.89260348519051&mlon=-90.01662089614169&zoom=16
address does not match a street: (None, '2368', 'East Village Court') https://osm.org/?mlat=29.892893849808353&mlon=-90.0162567726028&zoom=16
address does not match a street: (None, '2372', 'East Village Court') https://osm.org/?mlat=29.893024856839126&mlon=-90.01615210188285&zoom=16
address does not match a street: (None, '820', 'West Village Court') https://osm.org/?mlat=29.893214114848305&mlon=-90.01838946908767&zoom=16
address does not match a street: (None, '856', 'West Village Court') https://osm.org/?mlat=29.89197756054547&mlon=-90.01806173981247&zoom=16
address does not match a street: (None, '2329', 'North Village Court') https://osm.org/?mlat=29.893226583213387&mlon=-90.01739420086649&zoom=16
address does not match a street: (None, '2353', 'North Village Court') https://osm.org/?mlat=29.893143166410216&mlon=-90.01619711780964&zoom=16
address does not match a street: (None, '2341', 'North Village Court') https://osm.org/?mlat=29.893187505563148&mlon=-90.01671899569664&zoom=16
address does not match a street: (None, '2348', 'East Village Court') https://osm.org/?mlat=29.892434077401596&mlon=-90.01687190432116&zoom=16
address does not match a street: (None, '2333', 'East Village Court') https://osm.org/?mlat=29.892794855614408&mlon=-90.01682139600251&zoom=16
address does not match a street: (None, '2329', 'East Village Court') https://osm.org/?mlat=29.892600963750176&mlon=-90.01711561946288&zoom=16
address does not match a street: (None, '2321', 'East Village Court') https://osm.org/?mlat=29.892405866988952&mlon=-90.01753853344994&zoom=16
address does not match a street: (None, '2317', 'East Village Court') https://osm.org/?mlat=29.8923130292306&mlon=-90.01772276338895&zoom=16
address does not match a street: (None, '839', 'West Village Court') https://osm.org/?mlat=29.89250187771952&mlon=-90.01792043808031&zoom=16
address does not match a street: (None, '835', 'West Village Court') https://osm.org/?mlat=29.892661691232462&mlon=-90.017955505133&zoom=16
address does not match a street: (None, '831', 'West Village Court') https://osm.org/?mlat=29.892868954310075&mlon=-90.0180013858032&zoom=16
address does not match a street: (None, '2316', 'North Village Court') https://osm.org/?mlat=29.892983181640293&mlon=-90.01796270827045&zoom=16
address does not match a street: (None, '2344', 'North Village Court') https://osm.org/?mlat=29.89292918489032&mlon=-90.01679960845485&zoom=16
address does not match a street: (None, '2340', 'East Village Court') https://osm.org/?mlat=29.89236320398426&mlon=-90.017010094254&zoom=16
address does not match a street: (None, '2336', 'East Village Court') https://osm.org/?mlat=29.89228731937708&mlon=-90.01714548911747&zoom=16
address does not match a street: (None, '2448', 'Rue Saint Louis') https://osm.org/?mlat=29.896690566632394&mlon=-90.01115963882982&zoom=16
address has no house number: (None, None, 'Fairfax Drive') https://osm.org/?mlat=29.89491334137563&mlon=-90.01401103183622&zoom=16
address does not match a street: (None, '2408', 'Rue Saint Louis') https://osm.org/?mlat=29.89779556753926&mlon=-90.01308549867343&zoom=16
address does not match a street: (None, '2437', 'Rue Saint Louis') https://osm.org/?mlat=29.89772757373847&mlon=-90.01189631538452&zoom=16
address does not match a street: (None, '2420', 'Rue Saint Louis') https://osm.org/?mlat=29.897746834815152&mlon=-90.01241873166808&zoom=16
address does not match a street: (None, '2424', 'Rue Saint Louis') https://osm.org/?mlat=29.897618396163015&mlon=-90.01218723956788&zoom=16
address does not match a street: (None, '2445', 'Rue Saint Louis') https://osm.org/?mlat=29.897486483771036&mlon=-90.01161002766351&zoom=16
address does not match a street: (None, '2416', 'Rue Saint Louis') https://osm.org/?mlat=29.897770192348048&mlon=-90.01265161440615&zoom=16
address does not match a street: (None, '2444', 'Rue Saint Louis') https://osm.org/?mlat=29.896910221046234&mlon=-90.01142328016897&zoom=16
address does not match a street: (None, '2446', 'Avenue Mont Martre') https://osm.org/?mlat=29.896197744122762&mlon=-90.01165121135286&zoom=16
address does not match a street: (None, '2450', 'Avenue Mont Martre') https://osm.org/?mlat=29.896188638086883&mlon=-90.01144226645424&zoom=16
address does not match a street: (None, '2454', 'Avenue Mont Martre') https://osm.org/?mlat=29.896186617514587&mlon=-90.01124126933757&zoom=16
address does not match a street: (None, '2458', 'Avenue Mont Martre') https://osm.org/?mlat=29.896170585802736&mlon=-90.01104045675636&zoom=16
address does not match a street: (None, '2449', 'Avenue Mont Martre') https://osm.org/?mlat=29.896461162347972&mlon=-90.01119105957109&zoom=16
address does not match a street: (None, '2437', 'Avenue Mont Martre') https://osm.org/?mlat=29.896472648791022&mlon=-90.01181643326906&zoom=16
address does not match a street: (None, '2325', 'East Village Court') https://osm.org/?mlat=29.892481408663155&mlon=-90.0173688296083&zoom=16
address does not match a street: (None, '900', 'West Monterey Court') https://osm.org/?mlat=29.89189030458322&mlon=-90.0168483712429&zoom=16
address does not match a street: (None, '2441', 'Avenue Mont Martre') https://osm.org/?mlat=29.896472290024818&mlon=-90.01160100373146&zoom=16
address does not match a street: (None, '2449', 'Rue Saint Louis') https://osm.org/?mlat=29.89735208935674&mlon=-90.01148314947298&zoom=16
address does not match a street: (None, '2461', 'Rue Saint Louis') https://osm.org/?mlat=29.896976765340067&mlon=-90.01108606677218&zoom=16
address does not match a street: (None, '2457', 'Rue Saint Louis') https://osm.org/?mlat=29.89711116014354&mlon=-90.01121294395125&zoom=16
address does not match a street: (None, '2436', 'Rue Saint Louis') https://osm.org/?mlat=29.897193390483853&mlon=-90.01172648274189&zoom=16
address does not match a street: (None, '2432', 'Rue Saint Louis') https://osm.org/?mlat=29.89731385463197&mlon=-90.01186158607067&zoom=16
address does not match a street: (None, '2316', 'East Village Court') https://osm.org/?mlat=29.89196599330108&mlon=-90.0179017623566&zoom=16
address does not match a street: (None, '2352', 'East Village Court') https://osm.org/?mlat=29.89252513887078&mlon=-90.01675918503192&zoom=16
address does not match a street: (None, '843', 'West Village Court') https://osm.org/?mlat=29.89235961657686&mlon=-90.01789657636958&zoom=16
address does not match a street: (None, '2309', 'North Village Court') https://osm.org/?mlat=29.893279926818266&mlon=-90.01823617002772&zoom=16
address does not match a street: (None, '2360', 'East Village Court') https://osm.org/?mlat=29.892699414325676&mlon=-90.01649667363301&zoom=16
address does not match a street: (None, '2412', 'Rue Saint Louis') https://osm.org/?mlat=29.897779458824047&mlon=-90.01287664294816&zoom=16
address does not match a street: (None, '2453', 'Rue Saint Louis') https://osm.org/?mlat=29.897231624820414&mlon=-90.01134804654909&zoom=16
address does not match a street: (None, '2440', 'Rue Saint Louis') https://osm.org/?mlat=29.89705899617717&mlon=-90.01159960476707&zoom=16
address does not match a street: (None, '2320', 'East Village Court') https://osm.org/?mlat=29.892056483589787&mlon=-90.01773186257078&zoom=16
address does not match a street: (None, '956', 'East Monterey Court') https://osm.org/?mlat=29.889893295829634&mlon=-90.01616247366483&zoom=16
address does not match a street: (None, '848', 'West Village Court') https://osm.org/?mlat=29.892235277730475&mlon=-90.0181698641156&zoom=16
address does not match a street: (None, '2441', 'Rue Saint Louis') https://osm.org/?mlat=29.897606948034507&mlon=-90.01174513124836&zoom=16
address does not match a street: (None, '2891', 'South Monterey Court') https://osm.org/?mlat=29.88988243638453&mlon=-90.01746376792308&zoom=16
address does not match a street: (None, '2320', 'North Village Court') https://osm.org/?mlat=29.89296920933072&mlon=-90.01781133961336&zoom=16
address does not match a street: (None, '943', 'East Monterey Court') https://osm.org/?mlat=29.89045129406295&mlon=-90.01566488324926&zoom=16
address does not match a street: (None, '941', 'East Monterey Court') https://osm.org/?mlat=29.89049641375222&mlon=-90.01566510992544&zoom=16
