address does not match a street: (None, '4124', 'Lac SaintPierre Drive') https://osm.org/?mlat=29.847256503984504&mlon=-90.04385032604578&zoom=16
address does not match a street: (None, '1808', 'Lake Michigan Drive') https://osm.org/?mlat=29.850164288280553&mlon=-90.0414602678025&zoom=16
address does not match a street: (None, '4241', 'Lac SaintPierre Drive') https://osm.org/?mlat=29.844676426137063&mlon=-90.04294658403354&zoom=16
address does not match a street: (None, '4241', 'Lac SaintPierre Drive') https://osm.org/?mlat=29.84463426943328&mlon=-90.0428541002998&zoom=16
address does not match a street: (None, '4241', 'Lac SaintPierre Drive') https://osm.org/?mlat=29.844582060096435&mlon=-90.0428993861634&zoom=16
address does not match a street: (None, '4241', 'Lac SaintPierre Drive') https://osm.org/?mlat=29.844637664565806&mlon=-90.0429737522397&zoom=16
address does not match a street: (None, '4012', 'Red Cypress') https://osm.org/?mlat=29.849178691440102&mlon=-90.04387056395207&zoom=16
address does not match a street: (None, '4008', 'Red Cypress') https://osm.org/?mlat=29.84931126421124&mlon=-90.04392879120591&zoom=16
address does not match a street: (None, '3941', 'Red Cypress') https://osm.org/?mlat=29.849869291844794&mlon=-90.04362504742923&zoom=16
address does not match a street: (None, '4017', 'Red Cypress') https://osm.org/?mlat=29.849170927917168&mlon=-90.04335960781809&zoom=16
address does not match a street: (None, '4249', 'Lac SaintPierre Drive') https://osm.org/?mlat=29.844436786206575&mlon=-90.04315807831742&zoom=16
address does not match a street: (None, '4249', 'Lac SaintPierre Drive') https://osm.org/?mlat=29.844397796465287&mlon=-90.04319077592818&zoom=16
address does not match a street: (None, '4249', 'Lac SaintPierre Drive') https://osm.org/?mlat=29.844381182492324&mlon=-90.04308148093892&zoom=16
address does not match a street: (None, '4249', 'Lac SaintPierre Drive') https://osm.org/?mlat=29.844352673368846&mlon=-90.04311750301113&zoom=16
address does not match a street: (None, '4265', 'Lac SaintPierre Drive') https://osm.org/?mlat=29.843866001027042&mlon=-90.04352362219208&zoom=16
address does not match a street: (None, '4265', 'Lac SaintPierre Drive') https://osm.org/?mlat=29.84389381435022&mlon=-90.04364295796779&zoom=16
address does not match a street: (None, '4265', 'Lac SaintPierre Drive') https://osm.org/?mlat=29.843927342158583&mlon=-90.04360990585954&zoom=16
address does not match a street: (None, '4265', 'Lac SaintPierre Drive') https://osm.org/?mlat=29.843835322516234&mlon=-90.04356476489585&zoom=16
address does not match a street: (None, '4223', 'Lac SaintPierre Drive') https://osm.org/?mlat=29.84512828465692&mlon=-90.04277008121642&zoom=16
address does not match a street: (None, '4223', 'Lac SaintPierre Drive') https://osm.org/?mlat=29.84513646019317&mlon=-90.04267188796382&zoom=16
address does not match a street: (None, '4223', 'Lac SaintPierre Drive') https://osm.org/?mlat=29.845076497817004&mlon=-90.04267011570316&zoom=16
address does not match a street: (None, '4223', 'Lac SaintPierre Drive') https://osm.org/?mlat=29.84507969310477&mlon=-90.04276939772157&zoom=16
address does not match a street: (None, '4212', 'Lac SaintPierre Drive') https://osm.org/?mlat=29.84524110459843&mlon=-90.04315441602044&zoom=16
address does not match a street: (None, '4212', 'Lac SaintPierre Drive') https://osm.org/?mlat=29.845266898060423&mlon=-90.04329415352738&zoom=16
address does not match a street: (None, '4212', 'Lac SaintPierre Drive') https://osm.org/?mlat=29.84520461649736&mlon=-90.0432822248329&zoom=16
address does not match a street: (None, '4212', 'Lac SaintPierre Drive') https://osm.org/?mlat=29.845286988917596&mlon=-90.04317453488372&zoom=16
address does not match a street: (None, '4206', 'Lac SaintPierre Drive') https://osm.org/?mlat=29.845435967287614&mlon=-90.04322308343569&zoom=16
address does not match a street: (None, '4206', 'Lac SaintPierre Drive') https://osm.org/?mlat=29.845381482759578&mlon=-90.04320608524476&zoom=16
address does not match a street: (None, '4206', 'Lac SaintPierre Drive') https://osm.org/?mlat=29.845409396335125&mlon=-90.04333560851653&zoom=16
address does not match a street: (None, '4206', 'Lac SaintPierre Drive') https://osm.org/?mlat=29.845353749279198&mlon=-90.04332104604123&zoom=16
address does not match a street: (None, '4172', 'Lac SaintPierre Drive') https://osm.org/?mlat=29.845739548065787&mlon=-90.04333272655948&zoom=16
address does not match a street: (None, '4172', 'Lac SaintPierre Drive') https://osm.org/?mlat=29.845697807558917&mlon=-90.04331405677746&zoom=16
address does not match a street: (None, '4172', 'Lac SaintPierre Drive') https://osm.org/?mlat=29.84571901063279&mlon=-90.04343857307552&zoom=16
address does not match a street: (None, '4172', 'Lac SaintPierre Drive') https://osm.org/?mlat=29.845661683310656&mlon=-90.04341965846345&zoom=16
address does not match a street: (None, '3933', 'Red Cypress') https://osm.org/?mlat=29.850137435713652&mlon=-90.04376670108032&zoom=16
address does not match a street: (None, '4101', 'Lac SaintPierre Drive') https://osm.org/?mlat=29.84786485355793&mlon=-90.04365705797528&zoom=16
address does not match a street: (None, '4107', 'Lac SaintPierre Drive') https://osm.org/?mlat=29.847906106950504&mlon=-90.04365652534412&zoom=16
address does not match a street: (None, '4103', 'Lac SaintPierre Drive') https://osm.org/?mlat=29.847988614637284&mlon=-90.04365546006883&zoom=16
address does not match a street: (None, '4105', 'Lac SaintPierre Drive') https://osm.org/?mlat=29.847947360342946&mlon=-90.04365599271252&zoom=16
address does not match a street: (None, '4261', 'Lac SaintPierre Drive') https://osm.org/?mlat=29.844039120708867&mlon=-90.04351067315379&zoom=16
address does not match a street: (None, '4261', 'Lac SaintPierre Drive') https://osm.org/?mlat=29.84397819082038&mlon=-90.04341775845064&zoom=16
address does not match a street: (None, '4261', 'Lac SaintPierre Drive') https://osm.org/?mlat=29.843940877826707&mlon=-90.04346153388998&zoom=16
address does not match a street: (None, '4261', 'Lac SaintPierre Drive') https://osm.org/?mlat=29.844008366349556&mlon=-90.04354417801436&zoom=16
address does not match a street: (None, '4231', 'Lac SaintPierre Drive') https://osm.org/?mlat=29.844823764078754&mlon=-90.04283455902541&zoom=16
address does not match a street: (None, '4231', 'Lac SaintPierre Drive') https://osm.org/?mlat=29.844804050903146&mlon=-90.04273475792762&zoom=16
address does not match a street: (None, '4231', 'Lac SaintPierre Drive') https://osm.org/?mlat=29.844768533229445&mlon=-90.04273521681714&zoom=16
address does not match a street: (None, '4231', 'Lac SaintPierre Drive') https://osm.org/?mlat=29.844786075364325&mlon=-90.0428401389108&zoom=16
address does not match a street: (None, '4200', 'Lac SaintPierre Drive') https://osm.org/?mlat=29.8456015675807&mlon=-90.0432840356633&zoom=16
address does not match a street: (None, '4200', 'Lac SaintPierre Drive') https://osm.org/?mlat=29.845576588277183&mlon=-90.04340475791888&zoom=16
address does not match a street: (None, '4200', 'Lac SaintPierre Drive') https://osm.org/?mlat=29.845503117131162&mlon=-90.04338133863733&zoom=16
address does not match a street: (None, '4200', 'Lac SaintPierre Drive') https://osm.org/?mlat=29.84555964958138&mlon=-90.04326235856503&zoom=16
address does not match a street: (None, '4016', 'Red Cypress') https://osm.org/?mlat=29.849037899630193&mlon=-90.0438155976168&zoom=16
address does not match a street: (None, '4013', 'Red Cypress') https://osm.org/?mlat=29.849303531868937&mlon=-90.04342098865622&zoom=16
address does not match a street: (None, '4005', 'Red Cypress') https://osm.org/?mlat=29.849568233283513&mlon=-90.04349959190971&zoom=16
address does not match a street: (None, '4253', 'Lac SaintPierre Drive') https://osm.org/?mlat=29.844327662391844&mlon=-90.04326283414592&zoom=16
address does not match a street: (None, '4253', 'Lac SaintPierre Drive') https://osm.org/?mlat=29.844271037246248&mlon=-90.04316949218024&zoom=16
address does not match a street: (None, '4253', 'Lac SaintPierre Drive') https://osm.org/?mlat=29.844224409831188&mlon=-90.04321568260775&zoom=16
address does not match a street: (None, '4253', 'Lac SaintPierre Drive') https://osm.org/?mlat=29.84428775110812&mlon=-90.04328897168843&zoom=16
address does not match a street: (None, '4001', 'Red Cypress') https://osm.org/?mlat=29.849728562745756&mlon=-90.04357638960927&zoom=16
address does not match a street: (None, '4257', 'Lac SaintPierre Drive') https://osm.org/?mlat=29.84415905447478&mlon=-90.04340187140242&zoom=16
address does not match a street: (None, '4257', 'Lac SaintPierre Drive') https://osm.org/?mlat=29.844119421390396&mlon=-90.04343548995253&zoom=16
address does not match a street: (None, '4257', 'Lac SaintPierre Drive') https://osm.org/?mlat=29.84410150530409&mlon=-90.04331429779582&zoom=16
address does not match a street: (None, '4257', 'Lac SaintPierre Drive') https://osm.org/?mlat=29.844061897236088&mlon=-90.04335046302918&zoom=16
address does not match a street: (None, '1820', 'Lake Michigan Drive') https://osm.org/?mlat=29.84986681628304&mlon=-90.04226357214421&zoom=16
address does not match a street: (None, '4227', 'Lac SaintPierre Drive') https://osm.org/?mlat=29.844928865069&mlon=-90.04278407937014&zoom=16
address does not match a street: (None, '4227', 'Lac SaintPierre Drive') https://osm.org/?mlat=29.844985607172283&mlon=-90.04268402411154&zoom=16
address does not match a street: (None, '4227', 'Lac SaintPierre Drive') https://osm.org/?mlat=29.84492554477621&mlon=-90.04267206612218&zoom=16
address does not match a street: (None, '4227', 'Lac SaintPierre Drive') https://osm.org/?mlat=29.844985130448883&mlon=-90.04278956732631&zoom=16
address does not match a street: (None, '37', 'Lake Powell Court') https://osm.org/?mlat=29.848292569062053&mlon=-90.04179323826338&zoom=16
address does not match a street: (None, '15', 'Lake Bernard Court') https://osm.org/?mlat=29.846863325887867&mlon=-90.04112498191294&zoom=16
address does not match a street: (None, '33', 'Lake Powell Court') https://osm.org/?mlat=29.84813715656079&mlon=-90.04172194397403&zoom=16
address does not match a street: (None, '45', 'Lake Powell Court') https://osm.org/?mlat=29.848609587787596&mlon=-90.04188173447987&zoom=16
address does not match a street: (None, '10', 'Lake Powell Court') https://osm.org/?mlat=29.8466531455665&mlon=-90.04164082269158&zoom=16
address does not match a street: (None, '26', 'Lake Powell Court') https://osm.org/?mlat=29.847189964708434&mlon=-90.0418499337961&zoom=16
address does not match a street: (None, '3', 'Lake Bernard Court') https://osm.org/?mlat=29.847114959240066&mlon=-90.04072048618087&zoom=16
address does not match a street: (None, '14', 'Lake Bernard Court') https://osm.org/?mlat=29.846680466745607&mlon=-90.04065666334144&zoom=16
address does not match a street: (None, '6', 'Lake Bernard Court') https://osm.org/?mlat=29.84682856466509&mlon=-90.04027418924593&zoom=16
address does not match a street: (None, '34', 'Lake Powell Court') https://osm.org/?mlat=29.847454856684976&mlon=-90.04198207949878&zoom=16
address does not match a street: (None, '9', 'Lake Powell Court') https://osm.org/?mlat=29.847202924626863&mlon=-90.04134527847714&zoom=16
address does not match a street: (None, '2', 'Lake Powell Court') https://osm.org/?mlat=29.846372750576347&mlon=-90.04149267291831&zoom=16
address does not match a street: (None, '11', 'Lake Bernard Court') https://osm.org/?mlat=29.84696582760446&mlon=-90.0409471145794&zoom=16
address does not match a street: (None, '58', 'Lake Powell Court') https://osm.org/?mlat=29.848408168583497&mlon=-90.04231836333221&zoom=16
address does not match a street: (None, '4140', 'Lac SaintPierre Drive') https://osm.org/?mlat=29.846719490400407&mlon=-90.04366510817418&zoom=16
address does not match a street: (None, '18', 'Lake Bernard Court') https://osm.org/?mlat=29.846614401073158&mlon=-90.04079438454808&zoom=16
address does not match a street: (None, '22', 'Lake Bernard Court') https://osm.org/?mlat=29.84645353539085&mlon=-90.04093463721425&zoom=16
address does not match a street: (None, '26', 'Lake Bernard Court') https://osm.org/?mlat=29.846346506402927&mlon=-90.04106021160366&zoom=16
address does not match a street: (None, '30', 'Lake Bernard Court') https://osm.org/?mlat=29.846231714045285&mlon=-90.04124320349081&zoom=16
address does not match a street: (None, '2', 'Lake Bernard Court') https://osm.org/?mlat=29.846872953952428&mlon=-90.04003390918396&zoom=16
address does not match a street: (None, '10', 'Lake Bernard Court') https://osm.org/?mlat=29.846739903999058&mlon=-90.04041506609956&zoom=16
address does not match a street: (None, '4148', 'Lac SaintPierre Drive') https://osm.org/?mlat=29.846505378876792&mlon=-90.04358285522251&zoom=16
address does not match a street: (None, '54', 'Lake Powell Court') https://osm.org/?mlat=29.848248726501843&mlon=-90.04225841191543&zoom=16
address does not match a street: (None, '41', 'Lake Powell Court') https://osm.org/?mlat=29.84845248894548&mlon=-90.04182117271162&zoom=16
address does not match a street: (None, '42', 'Lake Powell Court') https://osm.org/?mlat=29.84778905904285&mlon=-90.04209239644295&zoom=16
address does not match a street: (None, '17', 'Lake Powell Court') https://osm.org/?mlat=29.8475123335817&mlon=-90.04147502039321&zoom=16
address does not match a street: (None, '25', 'Lake Powell Court') https://osm.org/?mlat=29.847830257671195&mlon=-90.04162375873683&zoom=16
address does not match a street: (None, '4123', 'Lac SaintPierre Drive') https://osm.org/?mlat=29.84741189947447&mlon=-90.04350895034202&zoom=16
address does not match a street: (None, '29', 'Lake Powell Court') https://osm.org/?mlat=29.847978230140722&mlon=-90.04163526169258&zoom=16
address does not match a street: (None, '50', 'Lake Powell Court') https://osm.org/?mlat=29.84808995295721&mlon=-90.04220314569697&zoom=16
address does not match a street: (None, '4128', 'Lac SaintPierre Drive') https://osm.org/?mlat=29.847125183444174&mlon=-90.04383992038053&zoom=16
address does not match a street: (None, '4160', 'Lac SaintPierre Drive') https://osm.org/?mlat=29.846186908664716&mlon=-90.04349022298992&zoom=16
address does not match a street: (None, '4132', 'Lac SaintPierre Drive') https://osm.org/?mlat=29.847024248105104&mlon=-90.0437924937953&zoom=16
address does not match a street: (None, '4156', 'Lac SaintPierre Drive') https://osm.org/?mlat=29.846295146679417&mlon=-90.04352595262854&zoom=16
address does not match a street: (None, '4159', 'Lac SaintPierre Drive') https://osm.org/?mlat=29.84629628682226&mlon=-90.0431233625925&zoom=16
address does not match a street: (None, '38', 'Lake Powell Court') https://osm.org/?mlat=29.847631663209437&mlon=-90.04205963820269&zoom=16
address does not match a street: (None, '4119', 'Lac SaintPierre Drive') https://osm.org/?mlat=29.847491474378664&mlon=-90.0435288893813&zoom=16
address does not match a street: (None, '4111', 'Lac SaintPierre Drive') https://osm.org/?mlat=29.847747454539835&mlon=-90.0435896358216&zoom=16
address does not match a street: (None, '4163', 'Lac SaintPierre Drive') https://osm.org/?mlat=29.846183889644728&mlon=-90.04308141212809&zoom=16
address does not match a street: (None, '4127', 'Lac SaintPierre Drive') https://osm.org/?mlat=29.847289719615095&mlon=-90.0435037033794&zoom=16
address does not match a street: (None, '4129', 'Lac SaintPierre Drive') https://osm.org/?mlat=29.847187962809077&mlon=-90.04345872812999&zoom=16
address does not match a street: (None, '4167', 'Lac SaintPierre Drive') https://osm.org/?mlat=29.846075498098752&mlon=-90.04301305263323&zoom=16
address does not match a street: (None, '4151', 'Lac SaintPierre Drive') https://osm.org/?mlat=29.846514316165315&mlon=-90.04323125994496&zoom=16
address does not match a street: (None, '4155', 'Lac SaintPierre Drive') https://osm.org/?mlat=29.84640246311599&mlon=-90.0431693667327&zoom=16
address does not match a street: (None, '13', 'Lake Powell Court') https://osm.org/?mlat=29.847336717736045&mlon=-90.04140086593628&zoom=16
address does not match a street: (None, '5', 'Lake Powell Court') https://osm.org/?mlat=29.847060803943595&mlon=-90.04128979784713&zoom=16
address does not match a street: (None, '19', 'Lake Bernard Court') https://osm.org/?mlat=29.84676898706386&mlon=-90.04125536031614&zoom=16
address does not match a street: (None, '14', 'Lake Powell Court') https://osm.org/?mlat=29.846752675785684&mlon=-90.0417141176062&zoom=16
address does not match a street: (None, '6', 'Lake Powell Court') https://osm.org/?mlat=29.846493790992742&mlon=-90.04164104109837&zoom=16
address does not match a street: (None, '34', 'Lake Bernard Court') https://osm.org/?mlat=29.84609250481305&mlon=-90.04148382904225&zoom=16
address does not match a street: (None, '7', 'Lake Bernard Court') https://osm.org/?mlat=29.84704787567724&mlon=-90.04082186356392&zoom=16
address does not match a street: (None, '1816', 'Lake Michigan Drive') https://osm.org/?mlat=29.850015813075927&mlon=-90.04195741436298&zoom=16
address does not match a street: (None, '1812', 'Lake Michigan Drive') https://osm.org/?mlat=29.85008029678984&mlon=-90.04171136757199&zoom=16
address does not match a street: (None, '4120', 'Lac SaintPierre Drive') https://osm.org/?mlat=29.847339931894997&mlon=-90.04393910974929&zoom=16
address does not match a street: (None, '4135', 'Lac SaintPierre Drive') https://osm.org/?mlat=29.84697801830874&mlon=-90.04336531928105&zoom=16
address does not match a street: (None, '4147', 'Lac SaintPierre Drive') https://osm.org/?mlat=29.84665131612715&mlon=-90.04326930887909&zoom=16
address does not match a street: (None, '4139', 'Lac SaintPierre Drive') https://osm.org/?mlat=29.846883624212715&mlon=-90.04334015688602&zoom=16
address does not match a street: (None, '4131', 'Lac SaintPierre Drive') https://osm.org/?mlat=29.84707615268965&mlon=-90.04342491663829&zoom=16
address does not match a street: (None, '46', 'Lake Powell Court') https://osm.org/?mlat=29.847946462774562&mlon=-90.04211815303293&zoom=16
address does not match a street: (None, '21', 'Lake Powell Court') https://osm.org/?mlat=29.847654641925512&mlon=-90.04154960481728&zoom=16
address does not match a street: (None, '30', 'Lake Powell Court') https://osm.org/?mlat=29.84732115765743&mlon=-90.04193604176893&zoom=16
address does not match a street: (None, '22', 'Lake Powell Court') https://osm.org/?mlat=29.847072739475546&mlon=-90.04176696460281&zoom=16
address does not match a street: (None, '18', 'Lake Powell Court') https://osm.org/?mlat=29.846926637789043&mlon=-90.04174917061626&zoom=16
address does not match a street: (None, '4009', 'Red Cypress') https://osm.org/?mlat=29.84944051346899&mlon=-90.0434457766966&zoom=16
address does not match a street: (None, '4215', 'Lac SaintPierre Drive') https://osm.org/?mlat=29.845295336690324&mlon=-90.04267985765972&zoom=16
address does not match a street: (None, '4171', 'Lac SaintPierre Drive') https://osm.org/?mlat=29.845945971732235&mlon=-90.0430047311598&zoom=16
address does not match a street: (None, '4143', 'Lac SaintPierre Drive') https://osm.org/?mlat=29.84674303710119&mlon=-90.04328667819985&zoom=16
address does not match a street: (None, '4170', 'Lac SaintPierre Drive') https://osm.org/?mlat=29.84587278284672&mlon=-90.04336892584344&zoom=16
address does not match a street: (None, '4164', 'Lac SaintPierre Drive') https://osm.org/?mlat=29.846079920053956&mlon=-90.04345989842727&zoom=16
address does not match a street: (None, '4152', 'Lac SaintPierre Drive') https://osm.org/?mlat=29.846387667818586&mlon=-90.0435380717609&zoom=16
address does not match a street: (None, '4115', 'Lac SaintPierre Drive') https://osm.org/?mlat=29.84761395710933&mlon=-90.04359663273331&zoom=16
address does not match a street: (None, '4136', 'Lac SaintPierre Drive') https://osm.org/?mlat=29.84690728340404&mlon=-90.04374937790708&zoom=16
address does not match a street: (None, '4138', 'Lac SaintPierre Drive') https://osm.org/?mlat=29.84681171613879&mlon=-90.0437106639299&zoom=16
address does not match a street: (None, '4245', 'Lac SaintPierre Drive') https://osm.org/?mlat=29.844568608441826&mlon=-90.0430471536757&zoom=16
address has no house number: (None, None, 'Manhattan Boulevard') https://osm.org/?mlat=29.848675181003316&mlon=-90.04243441213104&zoom=16
address does not match a street: (None, '4245', 'Lac SaintPierre Drive') https://osm.org/?mlat=29.84446453785506&mlon=-90.04297853562237&zoom=16
address does not match a street: (None, '4168', 'Lac SaintPierre Drive') https://osm.org/?mlat=29.845963685171743&mlon=-90.04338856190707&zoom=16
address does not match a street: (None, '4144', 'Lac SaintPierre Drive') https://osm.org/?mlat=29.846592197575827&mlon=-90.04360662520773&zoom=16
address does not match a street: (None, '4245', 'Lac SaintPierre Drive') https://osm.org/?mlat=29.844531245585344&mlon=-90.0430858371874&zoom=16
address does not match a street: (None, '4245', 'Lac SaintPierre Drive') https://osm.org/?mlat=29.844516550778767&mlon=-90.04294595738929&zoom=16
address does not match a street: (None, '3937', 'Red Cypress') https://osm.org/?mlat=29.85000458345131&mlon=-90.0436800849688&zoom=16
address does not match a street: (None, '4269', 'Lac SaintPierre Drive') https://osm.org/?mlat=29.843771361524716&mlon=-90.0437402852146&zoom=16
address does not match a street: (None, '4218', 'Lac SaintPierre Drive') https://osm.org/?mlat=29.845100870519982&mlon=-90.0431219310226&zoom=16
address does not match a street: (None, '4224', 'Lac SaintPierre Drive') https://osm.org/?mlat=29.844977902183775&mlon=-90.04312092571742&zoom=16
address does not match a street: (None, '4230', 'Lac SaintPierre Drive') https://osm.org/?mlat=29.844840180086987&mlon=-90.04318790844397&zoom=16
address does not match a street: (None, '4213', 'Lac SaintPierre Drive') https://osm.org/?mlat=29.84540140259406&mlon=-90.04285546974528&zoom=16
address does not match a street: (None, '4207', 'Lac SaintPierre Drive') https://osm.org/?mlat=29.845538050413264&mlon=-90.04291047902119&zoom=16
address does not match a street: (None, '4201', 'Lac SaintPierre Drive') https://osm.org/?mlat=29.845668372983816&mlon=-90.0429513757065&zoom=16
address does not match a street: (None, '4236', 'Lac SaintPierre Drive') https://osm.org/?mlat=29.844539358052124&mlon=-90.04344226726265&zoom=16
address does not match a street: (None, '4273', 'Lac SaintPierre Drive') https://osm.org/?mlat=29.84365583355254&mlon=-90.04385326836284&zoom=16
