address does not match a street: (None, '5151', 'Crown Point Drive') https://osm.org/?mlat=29.773632193137093&mlon=-90.08976976876454&zoom=16
address does not match a street: (None, '5228', 'Crown Point Drive') https://osm.org/?mlat=29.772247629210376&mlon=-90.09198053501203&zoom=16
address has no house number: (None, None, 'Orleans Way') https://osm.org/?mlat=29.765864407512016&mlon=-90.09035395183761&zoom=16
address does not match a street: (None, '5170', 'Crown Point Drive') https://osm.org/?mlat=29.773661519338045&mlon=-90.0906397829041&zoom=16
address has no house number: (None, None, 'Barataria Boulevard') https://osm.org/?mlat=29.767656899624566&mlon=-90.0959075824141&zoom=16
address does not match a street: (None, '5183', 'Crown Point Drive') https://osm.org/?mlat=29.773000863968747&mlon=-90.09047875603416&zoom=16
address does not match a street: (None, '5143', 'Crown Point Drive') https://osm.org/?mlat=29.773793577829185&mlon=-90.0895501655482&zoom=16
address has no house number: (None, None, 'Shady Park Drive') https://osm.org/?mlat=29.771958008972636&mlon=-90.09060656131346&zoom=16
address has no house number: (None, None, 'Shady Park Drive') https://osm.org/?mlat=29.770715942245516&mlon=-90.08974195948258&zoom=16
address does not match a street: (None, '5148', 'Crown Point Drive') https://osm.org/?mlat=29.77390105809859&mlon=-90.09007577598376&zoom=16
address does not match a street: (None, '5182', 'Pelican Drive') https://osm.org/?mlat=29.76511034207094&mlon=-90.09261457494128&zoom=16
address has no house number: (None, None, 'Barataria Boulevard') https://osm.org/?mlat=29.76916629885716&mlon=-90.0885007213298&zoom=16
address does not match a street: (None, '7960', 'Blue Teal Court') https://osm.org/?mlat=29.766310806835296&mlon=-90.09303052744933&zoom=16
address does not match a street: (None, '5131', 'Pelican Drive') https://osm.org/?mlat=29.766262690975736&mlon=-90.09360024391385&zoom=16
address does not match a street: (None, '5130', 'Pelican Drive') https://osm.org/?mlat=29.766371043478706&mlon=-90.0932421712027&zoom=16
address does not match a street: (None, '5152', 'Pelican Drive') https://osm.org/?mlat=29.765761685673443&mlon=-90.09318904745955&zoom=16
address does not match a street: (None, '5162', 'Pelican Drive') https://osm.org/?mlat=29.765548100291614&mlon=-90.09299751235083&zoom=16
address does not match a street: (None, '5172', 'Pelican Drive') https://osm.org/?mlat=29.76532392802845&mlon=-90.09280610942724&zoom=16
address does not match a street: (None, '5202', 'Pelican Drive') https://osm.org/?mlat=29.76464628599112&mlon=-90.09225017292773&zoom=16
address does not match a street: (None, '5192', 'Pelican Drive') https://osm.org/?mlat=29.764859871576096&mlon=-90.09244170472334&zoom=16
address does not match a street: (None, '5201', 'Pelican Drive') https://osm.org/?mlat=29.764443325010937&mlon=-90.09262285301062&zoom=16
address does not match a street: (None, '5191', 'Pelican Drive') https://osm.org/?mlat=29.764662032772573&mlon=-90.09279611709661&zoom=16
address does not match a street: (None, '5181', 'Pelican Drive') https://osm.org/?mlat=29.764875617570873&mlon=-90.0929876511227&zoom=16
address does not match a street: (None, '5171', 'Pelican Drive') https://osm.org/?mlat=29.765099790479624&mlon=-90.09317905358387&zoom=16
address does not match a street: (None, '5163', 'Pelican Drive') https://osm.org/?mlat=29.76531337560434&mlon=-90.09337058822153&zoom=16
address does not match a street: (None, '5174', 'Crown Point Drive') https://osm.org/?mlat=29.773380674841025&mlon=-90.09081665969043&zoom=16
address does not match a street: (None, '5178', 'Crown Point Drive') https://osm.org/?mlat=29.773309840417053&mlon=-90.09078736516565&zoom=16
address does not match a street: (None, '5161', 'Crown Point Drive') https://osm.org/?mlat=29.77344775501022&mlon=-90.09008518033977&zoom=16
address has no house number: (None, None, 'Orleans Way') https://osm.org/?mlat=29.765963849439267&mlon=-90.09007419989605&zoom=16
address does not match a street: (None, '5212', 'Pelican Drive') https://osm.org/?mlat=29.76442211172054&mlon=-90.09205877341758&zoom=16
