address does not match a street: (None, '418', 'Gardere Avenue') https://osm.org/?mlat=29.91012458223462&mlon=-90.07249327062642&zoom=16
address does not match a street: (None, '603', 'Gardere Avenue') https://osm.org/?mlat=29.907335246189028&mlon=-90.07040102054637&zoom=16
address does not match a street: (None, '540', 'Gardere Avenue') https://osm.org/?mlat=29.90765833719832&mlon=-90.07111346015259&zoom=16
address does not match a street: (None, '455', 'Marion Avenue') https://osm.org/?mlat=29.907896280268332&mlon=-90.07614509377626&zoom=16
address does not match a street: (None, '455', 'Yetta Avenue') https://osm.org/?mlat=29.90802105212629&mlon=-90.07538911394408&zoom=16
address does not match a street: (None, '447', 'Yetta Avenue') https://osm.org/?mlat=29.90826933875474&mlon=-90.07547121231427&zoom=16
address does not match a street: (None, '419', 'Gardere Avenue') https://osm.org/?mlat=29.910026039476712&mlon=-90.07196736591388&zoom=16
address does not match a street: (None, '440', 'Marion Avenue') https://osm.org/?mlat=29.907735251246777&mlon=-90.0765606246426&zoom=16
address does not match a street: (None, '436', 'Marion Avenue') https://osm.org/?mlat=29.90784324251184&mlon=-90.0766381777555&zoom=16
address does not match a street: (None, '512', 'Gardere Avenue') https://osm.org/?mlat=29.90852047690183&mlon=-90.07154447434753&zoom=16
address does not match a street: (None, '428', 'Gardere Avenue') https://osm.org/?mlat=29.909524784191657&mlon=-90.07218245411794&zoom=16
address does not match a street: (None, '444', 'Gardere Avenue') https://osm.org/?mlat=29.90906005310395&mlon=-90.07211585104952&zoom=16
address does not match a street: (None, '445', 'Gardere Avenue') https://osm.org/?mlat=29.90929346902002&mlon=-90.07156942593063&zoom=16
address does not match a street: (None, '435', 'Marion Avenue') https://osm.org/?mlat=29.908543662645183&mlon=-90.07651870373196&zoom=16
address does not match a street: (None, '423', 'Marion Avenue') https://osm.org/?mlat=29.90888574707922&mlon=-90.07675563811158&zoom=16
address does not match a street: (None, '426', 'Yetta Avenue') https://osm.org/?mlat=29.908915381153488&mlon=-90.07631218231197&zoom=16
address does not match a street: (None, '441', 'Gardere Avenue') https://osm.org/?mlat=29.909423249554386&mlon=-90.07162460359541&zoom=16
address does not match a street: (None, '456', 'Yetta Avenue') https://osm.org/?mlat=29.907884138834667&mlon=-90.07573805612667&zoom=16
address does not match a street: (None, '440', 'Yetta Avenue') https://osm.org/?mlat=29.90840122568051&mlon=-90.07603456937119&zoom=16
address does not match a street: (None, '444', 'Yetta Avenue') https://osm.org/?mlat=29.908260268146158&mlon=-90.0759605882204&zoom=16
address does not match a street: (None, '451', 'Marion Avenue') https://osm.org/?mlat=29.908001612601968&mlon=-90.07623214958582&zoom=16
address does not match a street: (None, '439', 'Marion Avenue') https://osm.org/?mlat=29.908394208948387&mlon=-90.07645131890389&zoom=16
address does not match a street: (None, '409', 'Gardere Avenue') https://osm.org/?mlat=29.91035955426326&mlon=-90.07202135387107&zoom=16
address does not match a street: (None, '420', 'Yetta Avenue') https://osm.org/?mlat=29.909148338695022&mlon=-90.0763421244212&zoom=16
address does not match a street: (None, '417', 'Gardere Avenue') https://osm.org/?mlat=29.910156272936796&mlon=-90.07206988748958&zoom=16
address does not match a street: (None, '513', 'Gardere Avenue') https://osm.org/?mlat=29.908687655748707&mlon=-90.0711982979279&zoom=16
address does not match a street: (None, '509', 'Gardere Avenue') https://osm.org/?mlat=29.908806921432443&mlon=-90.07130411336497&zoom=16
address does not match a street: (None, '505', 'Gardere Avenue') https://osm.org/?mlat=29.908947670494534&mlon=-90.07135599521405&zoom=16
address does not match a street: (None, '439', 'Yetta Avenue') https://osm.org/?mlat=29.908551285413033&mlon=-90.0756223295937&zoom=16
address does not match a street: (None, '435', 'Yetta Avenue') https://osm.org/?mlat=29.908675714907233&mlon=-90.07569336217514&zoom=16
address does not match a street: (None, '431', 'Yetta Avenue') https://osm.org/?mlat=29.90877294939343&mlon=-90.07579630288302&zoom=16
address does not match a street: (None, '427', 'Yetta Avenue') https://osm.org/?mlat=29.90888622921516&mlon=-90.07585169358661&zoom=16
address does not match a street: (None, '536', 'Gardere Avenue') https://osm.org/?mlat=29.907793676971124&mlon=-90.0711748790487&zoom=16
address does not match a street: (None, '517', 'Gardere Avenue') https://osm.org/?mlat=29.908568662594966&mlon=-90.07112088911121&zoom=16
address does not match a street: (None, '529', 'Gardere Avenue') https://osm.org/?mlat=29.908189502791586&mlon=-90.07087000514925&zoom=16
address does not match a street: (None, '535', 'Gardere Avenue') https://osm.org/?mlat=29.907989372089656&mlon=-90.07077168923645&zoom=16
address does not match a street: (None, '532', 'Gardere Avenue') https://osm.org/?mlat=29.90790133825858&mlon=-90.07121770898436&zoom=16
address does not match a street: (None, '526', 'Gardere Avenue') https://osm.org/?mlat=29.908034110929126&mlon=-90.07129810074477&zoom=16
address does not match a street: (None, '524', 'Gardere Avenue') https://osm.org/?mlat=29.908140175707132&mlon=-90.07133844286858&zoom=16
address does not match a street: (None, '520', 'Gardere Avenue') https://osm.org/?mlat=29.908258560597403&mlon=-90.0714751849125&zoom=16
address does not match a street: (None, '516', 'Gardere Avenue') https://osm.org/?mlat=29.908405937244595&mlon=-90.0715189621799&zoom=16
address has no house number: (None, None, 'Maple Avenue') https://osm.org/?mlat=29.908662018002538&mlon=-90.07494543545168&zoom=16
address does not match a street: (None, '433', 'Gardere Avenue') https://osm.org/?mlat=29.90965429676728&mlon=-90.07178400620833&zoom=16
address does not match a street: (None, '437', 'Gardere Avenue') https://osm.org/?mlat=29.9095446287621&mlon=-90.07166410477532&zoom=16
address does not match a street: (None, '500', 'Gardere Avenue') https://osm.org/?mlat=29.90887485717905&mlon=-90.07179251932762&zoom=16
address does not match a street: (None, '504', 'Gardere Avenue') https://osm.org/?mlat=29.908688909778615&mlon=-90.07185301757893&zoom=16
address does not match a street: (None, '428', 'Marion Avenue') https://osm.org/?mlat=29.908053755704113&mlon=-90.07679650983901&zoom=16
address does not match a street: (None, '424', 'Marion Avenue') https://osm.org/?mlat=29.908224206288764&mlon=-90.07679120784151&zoom=16
address does not match a street: (None, '447', 'Marion Avenue') https://osm.org/?mlat=29.908134201206092&mlon=-90.07629361024533&zoom=16
address does not match a street: (None, '541', 'Gardere Avenue') https://osm.org/?mlat=29.907723740274232&mlon=-90.07060479224167&zoom=16
address does not match a street: (None, '537', 'Gardere Avenue') https://osm.org/?mlat=29.90783988174529&mlon=-90.07065099492277&zoom=16
address does not match a street: (None, '420', 'Marion Avenue') https://osm.org/?mlat=29.90837051194758&mlon=-90.0768493402037&zoom=16
address does not match a street: (None, '421', 'Gardere Avenue') https://osm.org/?mlat=29.90992085570127&mlon=-90.07189609379385&zoom=16
address does not match a street: (None, '500', 'Yetta Avenue') https://osm.org/?mlat=29.90742878168825&mlon=-90.07557018538952&zoom=16
address does not match a street: (None, '501', 'Marion Avenue') https://osm.org/?mlat=29.907376956943494&mlon=-90.07590226999548&zoom=16
address does not match a street: (None, '461', 'Marion Avenue') https://osm.org/?mlat=29.90762315737585&mlon=-90.07605383837604&zoom=16
address does not match a street: (None, '601', 'Gardere Avenue') https://osm.org/?mlat=29.90747324505753&mlon=-90.0704529351537&zoom=16
address does not match a street: (None, '525', 'Gardere Avenue') https://osm.org/?mlat=29.90831943420412&mlon=-90.0709409620064&zoom=16
address does not match a street: (None, '521', 'Gardere Avenue') https://osm.org/?mlat=29.908463083649945&mlon=-90.07100858905436&zoom=16
address does not match a street: (None, '423', 'Marion Avenue') https://osm.org/?mlat=29.90878318198926&mlon=-90.07664910155412&zoom=16
address does not match a street: (None, '459', 'Marion Avenue') https://osm.org/?mlat=29.90774465595976&mlon=-90.07610596872279&zoom=16
address does not match a street: (None, '448', 'Marion Avenue') https://osm.org/?mlat=29.907475514162464&mlon=-90.07643132075174&zoom=16
address does not match a street: (None, '451', 'Yetta Avenue') https://osm.org/?mlat=29.90818902466064&mlon=-90.07541224943047&zoom=16
address does not match a street: (None, '452', 'Yetta Avenue') https://osm.org/?mlat=29.907995031139713&mlon=-90.07583135448458&zoom=16
address does not match a street: (None, '443', 'Marion Avenue') https://osm.org/?mlat=29.908258811323787&mlon=-90.07638358020554&zoom=16
address does not match a street: (None, '508', 'Gardere Avenue') https://osm.org/?mlat=29.90861520717472&mlon=-90.07167269480392&zoom=16
address does not match a street: (None, '444', 'Marion Avenue') https://osm.org/?mlat=29.90760547275613&mlon=-90.07650544149406&zoom=16
address does not match a street: (None, '436', 'Yetta Avenue') https://osm.org/?mlat=29.90852857513024&mlon=-90.07609612706626&zoom=16
address does not match a street: (None, '438', 'Yetta Avenue') https://osm.org/?mlat=29.908528315021513&mlon=-90.07609609927393&zoom=16
address does not match a street: (None, '420', 'Gardere Avenue') https://osm.org/?mlat=29.90985925201598&mlon=-90.07235457614604&zoom=16
address does not match a street: (None, '429', 'Gardere Avenue') https://osm.org/?mlat=29.909777448011805&mlon=-90.07185371398428&zoom=16
address does not match a street: (None, '436', 'Gardere Avenue') https://osm.org/?mlat=29.90930375144198&mlon=-90.07206803253685&zoom=16
address does not match a street: (None, '544', 'Gardere Avenue') https://osm.org/?mlat=29.907549117763146&mlon=-90.07096779466907&zoom=16
address does not match a street: (None, '460', 'Yetta Avenue') https://osm.org/?mlat=29.90776264010702&mlon=-90.07568592615485&zoom=16
address has no house number: (None, None, 'Manhattan Boulevard') https://osm.org/?mlat=29.909289550718576&mlon=-90.06907326879885&zoom=16
address does not match a street: (None, '459', 'Yetta Avenue') https://osm.org/?mlat=29.90787581343596&mlon=-90.07535308570259&zoom=16
address does not match a street: (None, '448', 'Yetta Avenue') https://osm.org/?mlat=29.908138678978872&mlon=-90.07589898833822&zoom=16
address does not match a street: (None, '424', 'Gardere Avenue') https://osm.org/?mlat=29.909693574729264&mlon=-90.07228406688873&zoom=16
address does not match a street: (None, '423', 'Yetta Avenue') https://osm.org/?mlat=29.90899010522802&mlon=-90.07593418882306&zoom=16
address does not match a street: (None, '501', 'Gardere Avenue') https://osm.org/?mlat=29.909054998593923&mlon=-90.07136410804189&zoom=16
address does not match a street: (None, '443', 'Yetta Avenue') https://osm.org/?mlat=29.908432293958935&mlon=-90.07554491562098&zoom=16
address does not match a street: (None, '442', 'Gardere Avenue') https://osm.org/?mlat=29.909272544154078&mlon=-90.07182579477828&zoom=16
