address does not match a street: (None, '4956', 'Lepine Street') https://osm.org/?mlat=29.722924177500186&mlon=-90.12259212157285&zoom=16
address does not match a street: (None, '4959', 'Lepine Street') https://osm.org/?mlat=29.72267210433757&mlon=-90.12259403499235&zoom=16
address does not match a street: (None, '4950', 'Helmer Street') https://osm.org/?mlat=29.722643056508872&mlon=-90.12212278899277&zoom=16
address does not match a street: (None, '4943', 'Lepine Street') https://osm.org/?mlat=29.722833163499438&mlon=-90.12209633068811&zoom=16
address does not match a street: (None, '4956', 'East J Ruttley Street') https://osm.org/?mlat=29.725345330377863&mlon=-90.12389717663099&zoom=16
address does not match a street: (None, '4963', 'Lo Adam Street') https://osm.org/?mlat=29.725376488428147&mlon=-90.12421168093675&zoom=16
address does not match a street: (None, '4964', 'East J Ruttley Street') https://osm.org/?mlat=29.725292306401595&mlon=-90.12415693239058&zoom=16
address does not match a street: (None, '4956', 'Silver Street') https://osm.org/?mlat=29.725876093504745&mlon=-90.12545111397154&zoom=16
address does not match a street: (None, '4980', 'Elmore Street') https://osm.org/?mlat=29.725565248092586&mlon=-90.12496466771618&zoom=16
address does not match a street: (None, '4978', 'Helmer Street') https://osm.org/?mlat=29.722228248751343&mlon=-90.12293257946746&zoom=16
address does not match a street: (None, '4975', 'Lepine Street') https://osm.org/?mlat=29.722510900483233&mlon=-90.12307624772335&zoom=16
address does not match a street: (None, '4967', 'Lepine Street') https://osm.org/?mlat=29.7226361054323&mlon=-90.12284672313086&zoom=16
address does not match a street: (None, '4940', 'Elmore Street') https://osm.org/?mlat=29.72598093499695&mlon=-90.12366415668015&zoom=16
address does not match a street: (None, '4949', 'Elmore Street') https://osm.org/?mlat=29.725596308911634&mlon=-90.12389916435467&zoom=16
address does not match a street: (None, '4960', 'Elmore Street') https://osm.org/?mlat=29.7257586586176&mlon=-90.12432083268237&zoom=16
address does not match a street: (None, '4974', 'East J Ruttley Street') https://osm.org/?mlat=29.72521754244657&mlon=-90.12449077362962&zoom=16
address does not match a street: (None, '4953', "Mary'South Lane") https://osm.org/?mlat=29.72214878686489&mlon=-90.12165270668481&zoom=16
address does not match a street: (None, '4944', 'Christen Street') https://osm.org/?mlat=29.722383749433753&mlon=-90.12141391873092&zoom=16
address does not match a street: (None, '4950', 'Christen Street') https://osm.org/?mlat=29.722327747163146&mlon=-90.12160539804532&zoom=16
address does not match a street: (None, '4968', 'A Dufrene Street') https://osm.org/?mlat=29.721805139727557&mlon=-90.12149826175697&zoom=16
address does not match a street: (None, '4959', 'A Dufrene Street') https://osm.org/?mlat=29.721735767945784&mlon=-90.1211360047377&zoom=16
address does not match a street: (None, '4975', 'A Dufrene Street') https://osm.org/?mlat=29.721602362564497&mlon=-90.12170496085182&zoom=16
address does not match a street: (None, '4943', 'Af Pizani Street') https://osm.org/?mlat=29.72395705755048&mlon=-90.1227140389156&zoom=16
address does not match a street: (None, '4965', 'Af Pizani Street') https://osm.org/?mlat=29.723852579667863&mlon=-90.12339697328774&zoom=16
address does not match a street: (None, '4975', 'Af Pizani Street') https://osm.org/?mlat=29.7237643825415&mlon=-90.1237311288651&zoom=16
address does not match a street: (None, '4962', 'Helmer Street') https://osm.org/?mlat=29.722543012336875&mlon=-90.1225258824721&zoom=16
address does not match a street: (None, '4966', 'Christen Street') https://osm.org/?mlat=29.72219996463199&mlon=-90.1220683848902&zoom=16
address does not match a street: (None, '4979', 'Silver Street') https://osm.org/?mlat=29.726152405949545&mlon=-90.12520570084129&zoom=16
address does not match a street: (None, '4973', "Mary'South Lane") https://osm.org/?mlat=29.721996557660674&mlon=-90.12220701061972&zoom=16
address does not match a street: (None, '4967', 'Helmer Street') https://osm.org/?mlat=29.722317222304397&mlon=-90.12261161477413&zoom=16
address does not match a street: (None, '4978', 'Christen Street') https://osm.org/?mlat=29.722110955533914&mlon=-90.1224401271906&zoom=16
address has no house number: (None, None, 'Marys Lane') https://osm.org/?mlat=29.721985502984687&mlon=-90.12197805314585&zoom=16
address does not match a street: (None, None, 'Marys Lane') https://osm.org/?mlat=29.721985502984687&mlon=-90.12197805314585&zoom=16
address does not match a street: (None, '4939', 'Elmore Street') https://osm.org/?mlat=29.725735232689654&mlon=-90.1234980612681&zoom=16
address does not match a street: (None, '4969', 'Af Pizani Street') https://osm.org/?mlat=29.72376369182028&mlon=-90.12355835512936&zoom=16
address does not match a street: (None, '4963', "Mary'South Lane") https://osm.org/?mlat=29.72209911979443&mlon=-90.12187292743747&zoom=16
address does not match a street: (None, '4942', 'East J Ruttley Street') https://osm.org/?mlat=29.725451881893946&mlon=-90.12353017530819&zoom=16
address does not match a street: (None, '4948', 'Lepine Street') https://osm.org/?mlat=29.723089317214093&mlon=-90.12207952085473&zoom=16
address does not match a street: (None, '4946', 'Lepine Street') https://osm.org/?mlat=29.72309994494621&mlon=-90.12225341766414&zoom=16
address does not match a street: (None, '4970', 'Lepine Street') https://osm.org/?mlat=29.722764371490086&mlon=-90.12306477258761&zoom=16
address does not match a street: (None, '4989', 'Af Pizani Street') https://osm.org/?mlat=29.723620152666754&mlon=-90.1243261672538&zoom=16
address does not match a street: (None, '4970', 'Helmer Street') https://osm.org/?mlat=29.722473297667804&mlon=-90.12279413724616&zoom=16
address does not match a street: (None, '4988', 'East J Ruttley Street') https://osm.org/?mlat=29.725110694841987&mlon=-90.1249679258789&zoom=16
address does not match a street: (None, '4995', 'Elmore Street') https://osm.org/?mlat=29.725337371556094&mlon=-90.12529972396963&zoom=16
address does not match a street: (None, '4940', 'Helmer Street') https://osm.org/?mlat=29.72275161522491&mlon=-90.1217801526917&zoom=16
address does not match a street: (None, '4947', 'Helmer Street') https://osm.org/?mlat=29.72249624597864&mlon=-90.12196076859148&zoom=16
