address does not match a street: ('4756', 'West Napoleon Avenue South') https://osm.org/?mlat=29.993826470422714&mlon=-90.18600946104637&zoom=16
address does not match a street: ('4756', 'West Napoleon Avenue South') https://osm.org/?mlat=29.99377582075334&mlon=-90.18600455861194&zoom=16
address does not match a street: ('4704', 'West Napoleon Avenue South') https://osm.org/?mlat=29.993567225243446&mlon=-90.18419384445147&zoom=16
address does not match a street: ('4501', 'West Napoleon Avenue North') https://osm.org/?mlat=29.99434525444067&mlon=-90.18058284166355&zoom=16
address does not match a street: ('4301', 'North I-10 Service Road') https://osm.org/?mlat=29.999349505750253&mlon=-90.1789092060688&zoom=16
address does not match a street: ('4400', 'West Napoleon Avenue South') https://osm.org/?mlat=29.99335727819052&mlon=-90.179056264663&zoom=16
address has no house number: (None, 'West Napoleon Avenue North') https://osm.org/?mlat=29.994086404221875&mlon=-90.17847982775575&zoom=16
address does not match a street: (None, 'West Napoleon Avenue North') https://osm.org/?mlat=29.994086404221875&mlon=-90.17847982775575&zoom=16
address does not match a street: ('4401', 'West Napoleon Avenue North') https://osm.org/?mlat=29.99417319579245&mlon=-90.17923836584927&zoom=16
address does not match a street: ('4700', 'West Napoleon Avenue South') https://osm.org/?mlat=29.993602964504923&mlon=-90.18395480507688&zoom=16
address does not match a street: ('4724', 'West Napoleon Avenue South') https://osm.org/?mlat=29.9937048332748&mlon=-90.18483673634827&zoom=16
address does not match a street: ('4701', 'West Napoleon Avenue North') https://osm.org/?mlat=29.994430973572015&mlon=-90.18447871886133&zoom=16
address does not match a street: ('4306', 'West Napoleon Avenue South') https://osm.org/?mlat=29.993278277592758&mlon=-90.17820103893798&zoom=16
address does not match a street: ('4316', 'West Napoleon Avenue South') https://osm.org/?mlat=29.99330723710423&mlon=-90.17868090016165&zoom=16
address does not match a street: ('4548', 'South I-10 Service Road') https://osm.org/?mlat=29.997164853253434&mlon=-90.18230710962727&zoom=16
address does not match a street: ('4425', 'West Napoleon Avenue North') https://osm.org/?mlat=29.99423995047495&mlon=-90.17999713794212&zoom=16
address does not match a street: ('4752', 'West Napoleon Avenue South') https://osm.org/?mlat=29.993738505866414&mlon=-90.18585992927167&zoom=16
address does not match a street: ('4309', 'West Napoleon Avenue North') https://osm.org/?mlat=29.99426992955486&mlon=-90.17884596656602&zoom=16
address does not match a street: ('4310', 'West Napoleon Avenue South') https://osm.org/?mlat=29.99328521824031&mlon=-90.178365235956&zoom=16
address does not match a street: ('4700', 'South I 10 Service Road') https://osm.org/?mlat=29.996762249078678&mlon=-90.18666867268378&zoom=16
address does not match a street: ('4748', 'West Napoleon Avenue South') https://osm.org/?mlat=29.993739878647656&mlon=-90.18570195278808&zoom=16
address does not match a street: ('4521', 'West Napoleon Avenue North') https://osm.org/?mlat=29.994337958529467&mlon=-90.1808936493435&zoom=16
address does not match a street: ('4521', 'West Napoleon Avenue North') https://osm.org/?mlat=29.99439758400136&mlon=-90.1809298210297&zoom=16
address does not match a street: ('4521', 'West Napoleon Avenue North') https://osm.org/?mlat=29.994424023706785&mlon=-90.18095129630854&zoom=16
address does not match a street: ('4312', 'West Napoleon Avenue South') https://osm.org/?mlat=29.993319489096443&mlon=-90.17851016147615&zoom=16
address does not match a street: ('4540', 'West Napoleon Avenue South') https://osm.org/?mlat=29.993592530259935&mlon=-90.18249484201138&zoom=16
address does not match a street: ('4532', 'West Napoleon Avenue South') https://osm.org/?mlat=29.993501973098795&mlon=-90.18239069778528&zoom=16
address does not match a street: ('4532', 'West Napoleon Avenue South') https://osm.org/?mlat=29.993610516072966&mlon=-90.18238258896642&zoom=16
address does not match a street: ('4532', 'West Napoleon Avenue South') https://osm.org/?mlat=29.993546082236744&mlon=-90.18238470375191&zoom=16
address does not match a street: ('4532', 'West Napoleon Avenue South') https://osm.org/?mlat=29.993585692369237&mlon=-90.18238287541566&zoom=16
address does not match a street: ('4604', 'West Napoleon Avenue South') https://osm.org/?mlat=29.993374277649504&mlon=-90.18295561685656&zoom=16
address does not match a street: ('4612', 'West Napoleon Avenue South') https://osm.org/?mlat=29.99343750194305&mlon=-90.18316643795008&zoom=16
address does not match a street: ('4763', 'West Napoleon Avenue North') https://osm.org/?mlat=29.994386416429375&mlon=-90.1863376592175&zoom=16
address does not match a street: ('4736', 'West Napoleon Avenue South') https://osm.org/?mlat=29.993722953873412&mlon=-90.18543010663171&zoom=16
address does not match a street: ('4231', 'West Napoleon Avenue North') https://osm.org/?mlat=29.99383900563911&mlon=-90.17759144384587&zoom=16
address does not match a street: ('4721', 'West Napoleon Avenue North') https://osm.org/?mlat=29.994408834588462&mlon=-90.18471139069312&zoom=16
address does not match a street: ('4226', 'West Napoleon Avenue South') https://osm.org/?mlat=29.99338822913154&mlon=-90.1773635674508&zoom=16
address does not match a street: ('4200', 'South I-10 Service Road') https://osm.org/?mlat=29.99806046340874&mlon=-90.17753109103126&zoom=16
address does not match a street: ('4320', 'West Napoleon Avenue South') https://osm.org/?mlat=29.99330301319051&mlon=-90.17887976914201&zoom=16
address does not match a street: ('4736', 'West Napoleon Avenue South') https://osm.org/?mlat=29.993807162976662&mlon=-90.18543736403775&zoom=16
address does not match a street: ('4631', 'West Napoleon Avenue North') https://osm.org/?mlat=29.994594032868147&mlon=-90.18371961446682&zoom=16
address does not match a street: ('4621', 'West Napoleon Avenue North') https://osm.org/?mlat=29.994355349664183&mlon=-90.18297768258952&zoom=16
address does not match a street: ('4621', 'West Napoleon Avenue North') https://osm.org/?mlat=29.994529385927944&mlon=-90.18286621069076&zoom=16
address does not match a street: ('4621', 'West Napoleon Avenue North') https://osm.org/?mlat=29.994348886123834&mlon=-90.1827844190949&zoom=16
address does not match a street: ('4621', 'West Napoleon Avenue North') https://osm.org/?mlat=29.99440500574824&mlon=-90.18297820648655&zoom=16
address does not match a street: ('4621', 'West Napoleon Avenue North') https://osm.org/?mlat=29.994349940600983&mlon=-90.18290507167008&zoom=16
address does not match a street: ('4648', 'South I 10 Service Road') https://osm.org/?mlat=29.99596687146818&mlon=-90.1843873465431&zoom=16
address does not match a street: ('4624', 'West Napoleon Avenue South') https://osm.org/?mlat=29.99354484476534&mlon=-90.18343248315291&zoom=16
address does not match a street: ('4300', 'South I-10 Service Road') https://osm.org/?mlat=29.998129889534134&mlon=-90.17960849398553&zoom=16
address does not match a street: ('4427', 'North I-10 Service Road') https://osm.org/?mlat=29.999622608966025&mlon=-90.18086759246803&zoom=16
address does not match a street: ('4413', 'North I-10 Service Road') https://osm.org/?mlat=29.99968302173573&mlon=-90.18082612922508&zoom=16
address does not match a street: ('3001', 'Clearview Road') https://osm.org/?mlat=30.00229260801897&mlon=-90.18448508350461&zoom=16
address does not match a street: ('3001', 'Clearview Road') https://osm.org/?mlat=30.002256327400957&mlon=-90.18448550143117&zoom=16
address does not match a street: ('4747', 'West Napoleon Avenue North') https://osm.org/?mlat=29.995334379433153&mlon=-90.18592486010019&zoom=16
