address does not match a street: ('1804', 'Eunice Drive') https://osm.org/?mlat=29.89955291774959&mlon=-90.06727693350227&zoom=16
address does not match a street: ('1808', 'Eunice Drive') https://osm.org/?mlat=29.899552765749277&mlon=-90.06727660820741&zoom=16
address does not match a street: ('605', 'Gardere Avenue') https://osm.org/?mlat=29.907232841511444&mlon=-90.07033287331502&zoom=16
address does not match a street: ('617', 'Gardere Avenue') https://osm.org/?mlat=29.906981074504053&mlon=-90.07017507702521&zoom=16
address does not match a street: ('600', 'Gardere Avenue') https://osm.org/?mlat=29.907227448554135&mlon=-90.07091689299777&zoom=16
address does not match a street: ('604', 'Gardere Avenue') https://osm.org/?mlat=29.90708793408461&mlon=-90.07070717179646&zoom=16
address has no house number: (None, 'Chalmette Street') https://osm.org/?mlat=29.906914422394852&mlon=-90.06968024030144&zoom=16
address does not match a street: ('524', 'Yetta Avenue') https://osm.org/?mlat=29.90675124648742&mlon=-90.07517469230898&zoom=16
address does not match a street: ('541', 'Marion Avenue') https://osm.org/?mlat=29.906089207037834&mlon=-90.07524932152272&zoom=16
address does not match a street: ('612', 'Marion Avenue') https://osm.org/?mlat=29.905155130761546&mlon=-90.0753463163384&zoom=16
address does not match a street: ('608', 'Marion Avenue') https://osm.org/?mlat=29.905290196918134&mlon=-90.07537933502174&zoom=16
address does not match a street: ('602', 'Marion Avenue') https://osm.org/?mlat=29.90553095903261&mlon=-90.07553728033992&zoom=16
address does not match a street: ('627', 'Yetta Avenue') https://osm.org/?mlat=29.905287754820826&mlon=-90.07397475407126&zoom=16
address does not match a street: ('500', 'Marion Avenue') https://osm.org/?mlat=29.907185953732583&mlon=-90.07634658490073&zoom=16
address does not match a street: ('615', 'Marion Avenue') https://osm.org/?mlat=29.90532408794578&mlon=-90.0748768082129&zoom=16
address does not match a street: ('604', 'Yetta Avenue') https://osm.org/?mlat=29.905715223593955&mlon=-90.07467640508328&zoom=16
address does not match a street: ('612', 'Yetta Avenue') https://osm.org/?mlat=29.905470860356438&mlon=-90.07453088517103&zoom=16
address does not match a street: ('624', 'Yetta Avenue') https://osm.org/?mlat=29.90506127356841&mlon=-90.07434350721286&zoom=16
address does not match a street: ('506', 'Marion Avenue') https://osm.org/?mlat=29.90706666102307&mlon=-90.07623761010261&zoom=16
address does not match a street: ('531', 'Yetta Avenue') https://osm.org/?mlat=29.906760948436517&mlon=-90.07475160165957&zoom=16
address does not match a street: ('518', 'Marion Avenue') https://osm.org/?mlat=29.90669376455022&mlon=-90.07606554347343&zoom=16
address does not match a street: ('505', 'Marion Avenue') https://osm.org/?mlat=29.907209045730752&mlon=-90.07588544607444&zoom=16
address does not match a street: ('509', 'Marion Avenue') https://osm.org/?mlat=29.907090054411803&mlon=-90.0758080328289&zoom=16
address does not match a street: ('508', 'Yetta Avenue') https://osm.org/?mlat=29.907243980000835&mlon=-90.07551254048701&zoom=16
address does not match a street: ('607', 'Marion Avenue') https://osm.org/?mlat=29.90556752482111&mlon=-90.07504757119737&zoom=16
address does not match a street: ('620', 'Marion Avenue') https://osm.org/?mlat=29.904906119390212&mlon=-90.07518847707152&zoom=16
address does not match a street: ('616', 'Marion Avenue') https://osm.org/?mlat=29.905069136102266&mlon=-90.07526848949975&zoom=16
address does not match a street: ('646', 'Gardere Avenue') https://osm.org/?mlat=29.905674966051503&mlon=-90.07001670366412&zoom=16
address does not match a street: ('644', 'Gardere Avenue') https://osm.org/?mlat=29.90575060724854&mlon=-90.06989495143183&zoom=16
address does not match a street: ('636', 'Gardere Avenue') https://osm.org/?mlat=29.905919304182465&mlon=-90.07007885834352&zoom=16
address does not match a street: ('632', 'Gardere Avenue') https://osm.org/?mlat=29.906133991371036&mlon=-90.07016685658635&zoom=16
address does not match a street: ('531', 'Marion Avenue') https://osm.org/?mlat=29.906462768692723&mlon=-90.07549081891702&zoom=16
address does not match a street: ('527', 'Marion Avenue') https://osm.org/?mlat=29.906598408267385&mlon=-90.07558380388251&zoom=16
address does not match a street: ('526', 'Marion Avenue') https://osm.org/?mlat=29.906442216525605&mlon=-90.07592982614315&zoom=16
address does not match a street: ('530', 'Marion Avenue') https://osm.org/?mlat=29.906323377001616&mlon=-90.07586819382038&zoom=16
address does not match a street: ('538', 'Marion Avenue') https://osm.org/?mlat=29.90593954166936&mlon=-90.07570258054449&zoom=16
address does not match a street: ('543', 'Yetta Avenue') https://osm.org/?mlat=29.90639584592644&mlon=-90.07453209588962&zoom=16
address does not match a street: ('535', 'Yetta Avenue') https://osm.org/?mlat=29.906647485997123&mlon=-90.07467727686465&zoom=16
address does not match a street: ('528', 'Yetta Avenue') https://osm.org/?mlat=29.90661049889348&mlon=-90.07512280621759&zoom=16
address does not match a street: ('532', 'Yetta Avenue') https://osm.org/?mlat=29.90648875834416&mlon=-90.07504542899194&zoom=16
address does not match a street: ('544', 'Yetta Avenue') https://osm.org/?mlat=29.906083437958127&mlon=-90.07493374910499&zoom=16
address does not match a street: ('527', 'Yetta Avenue') https://osm.org/?mlat=29.906906983212963&mlon=-90.07478132531118&zoom=16
address does not match a street: ('516', 'Yetta Avenue') https://osm.org/?mlat=29.90700261413761&mlon=-90.07529147052254&zoom=16
address does not match a street: ('653', 'Gardere Avenue') https://osm.org/?mlat=29.905956854670606&mlon=-90.06949665421423&zoom=16
address does not match a street: ('651', 'Gardere Avenue') https://osm.org/?mlat=29.90612083076704&mlon=-90.06965567653232&zoom=16
address does not match a street: ('633', 'Gardere Avenue') https://osm.org/?mlat=29.906621251490353&mlon=-90.06993342530915&zoom=16
address does not match a street: ('612', 'Gardere Avenue') https://osm.org/?mlat=29.906700767743853&mlon=-90.0704816461792&zoom=16
address does not match a street: ('1728.5', 'Eunice Drive') https://osm.org/?mlat=29.899775178404422&mlon=-90.06683406288336&zoom=16
address does not match a street: ('1728', 'Eunice Drive') https://osm.org/?mlat=29.899779119594545&mlon=-90.06677853198084&zoom=16
address does not match a street: ('1720', 'Eunice Drive') https://osm.org/?mlat=29.89988032518524&mlon=-90.06643637118233&zoom=16
address does not match a street: ('1024', 'Sandalwood Drive') https://osm.org/?mlat=29.899346017788424&mlon=-90.06606755770797&zoom=16
address does not match a street: ('1020', 'Sandalwood Drive') https://osm.org/?mlat=29.899475679151195&mlon=-90.06611009928712&zoom=16
address does not match a street: ('629', 'Gardere Avenue') https://osm.org/?mlat=29.90674290499895&mlon=-90.07000132812239&zoom=16
address does not match a street: ('631', 'Yetta Avenue') https://osm.org/?mlat=29.905154833528687&mlon=-90.07387858074661&zoom=16
address does not match a street: ('536', 'Yetta Avenue') https://osm.org/?mlat=29.906353963884047&mlon=-90.07504081507658&zoom=16
address does not match a street: ('645', 'Yetta Avenue') https://osm.org/?mlat=29.904991454168545&mlon=-90.07376069807901&zoom=16
address does not match a street: ('619', 'Yetta Avenue') https://osm.org/?mlat=29.90551777808532&mlon=-90.07412257617088&zoom=16
address does not match a street: ('604', 'Marion Avenue') https://osm.org/?mlat=29.905417377171062&mlon=-90.07545033032211&zoom=16
address does not match a street: ('624', 'Gardere Avenue') https://osm.org/?mlat=29.90634506474555&mlon=-90.07025557509563&zoom=16
address does not match a street: ('628', 'Gardere Avenue') https://osm.org/?mlat=29.906312037398777&mlon=-90.07024747632785&zoom=16
address does not match a street: ('620', 'Yetta Avenue') https://osm.org/?mlat=29.90517667991183&mlon=-90.07443699404583&zoom=16
address does not match a street: ('600', 'Yetta Avenue') https://osm.org/?mlat=29.905848145185747&mlon=-90.07477257896319&zoom=16
address does not match a street: ('609', 'Marion Avenue') https://osm.org/?mlat=29.905467509837678&mlon=-90.0749415131332&zoom=16
address does not match a street: ('539', 'Marion Avenue') https://osm.org/?mlat=29.906238866853883&mlon=-90.07537053724396&zoom=16
address does not match a street: ('510', 'Marion Avenue') https://osm.org/?mlat=29.906936943623876&mlon=-90.0761887399281&zoom=16
address does not match a street: ('1028', 'Sandalwood Drive') https://osm.org/?mlat=29.89921037136639&mlon=-90.06597459242565&zoom=16
address does not match a street: ('519', 'Marion Avenue') https://osm.org/?mlat=29.9068581462031&mlon=-90.07571310339686&zoom=16
address does not match a street: ('522', 'Marion Avenue') https://osm.org/?mlat=29.906572205590543&mlon=-90.07600710155187&zoom=16
address does not match a street: ('523', 'Marion Avenue') https://osm.org/?mlat=29.906711597665996&mlon=-90.07562972486642&zoom=16
address does not match a street: ('547', 'Yetta Avenue') https://osm.org/?mlat=29.90625784864972&mlon=-90.07448017620402&zoom=16
address does not match a street: ('624', 'Marion Avenue') https://osm.org/?mlat=29.90477652233772&mlon=-90.07515223343523&zoom=16
address does not match a street: ('545', 'Marion Avenue') https://osm.org/?mlat=29.905960032689368&mlon=-90.07525726231297&zoom=16
address has no house number: (None, 'Brown Avenue') https://osm.org/?mlat=29.904827165868745&mlon=-90.07632452092093&zoom=16
address does not match a street: ('546', 'Marion Avenue') https://osm.org/?mlat=29.905777279747802&mlon=-90.07570146823831&zoom=16
address does not match a street: ('520', 'Yetta Avenue') https://osm.org/?mlat=29.906864919072152&mlon=-90.07527111042569&zoom=16
address does not match a street: ('1810', 'Eunice Drive') https://osm.org/?mlat=29.899449479890258&mlon=-90.067391996344&zoom=16
address does not match a street: ('1808', 'Eunice Drive') https://osm.org/?mlat=29.899449523780522&mlon=-90.0673918694549&zoom=16
address does not match a street: ('613', 'Gardere Avenue') https://osm.org/?mlat=29.9070919404676&mlon=-90.07026521329415&zoom=16
address does not match a street: ('608', 'Gardere Avenue') https://osm.org/?mlat=29.906897206694826&mlon=-90.07060542032092&zoom=16
address does not match a street: ('1716', 'Eunice Drive') https://osm.org/?mlat=29.899952833380222&mlon=-90.06625554424298&zoom=16
address does not match a street: ('515', 'Marion Avenue') https://osm.org/?mlat=29.906959163823636&mlon=-90.07578038065041&zoom=16
address does not match a street: ('601', 'Marion Avenue') https://osm.org/?mlat=29.905713982266096&mlon=-90.07512147975214&zoom=16
address does not match a street: ('625', 'Marion Avenue') https://osm.org/?mlat=29.904930971404415&mlon=-90.07471784770284&zoom=16
address does not match a street: ('616', 'Yetta Avenue') https://osm.org/?mlat=29.905342083349147&mlon=-90.07447909823841&zoom=16
address does not match a street: ('540', 'Yetta Avenue') https://osm.org/?mlat=29.90619949805216&mlon=-90.07499225875237&zoom=16
address has no house number: (None, '8th Street') https://osm.org/?mlat=29.903416308649987&mlon=-90.07386506131655&zoom=16
address does not match a street: ('535', 'Marion Avenue') https://osm.org/?mlat=29.906316734068678&mlon=-90.07546109435981&zoom=16
address does not match a street: ('534', 'Marion Avenue') https://osm.org/?mlat=29.90609460989109&mlon=-90.07581425927684&zoom=16
address does not match a street: ('623', 'Yetta Avenue') https://osm.org/?mlat=29.90540680768301&mlon=-90.07405847583202&zoom=16
address does not match a street: ('640', 'Gardere Avenue') https://osm.org/?mlat=29.905835450272676&mlon=-90.07000649895627&zoom=16
address does not match a street: ('1800', 'Eunice Drive') https://osm.org/?mlat=29.899600923102494&mlon=-90.0671216675089&zoom=16
address does not match a street: ('616', 'Gardere Avenue') https://osm.org/?mlat=29.906565214582123&mlon=-90.07039813631538&zoom=16
address does not match a street: ('1013', 'Sandalwood Drive') https://osm.org/?mlat=29.89994538787551&mlon=-90.06605363707122&zoom=16
address does not match a street: ('1016', 'Sandalwood Drive') https://osm.org/?mlat=29.89959763792339&mlon=-90.06620955225783&zoom=16
address does not match a street: ('645', 'Gardere Avenue') https://osm.org/?mlat=29.906275571477245&mlon=-90.0697326292371&zoom=16
address does not match a street: ('623', 'Gardere Avenue') https://osm.org/?mlat=29.906862020095176&mlon=-90.0700913585639&zoom=16
address does not match a street: ('1724', 'Eunice Drive') https://osm.org/?mlat=29.899829539657983&mlon=-90.06658851593404&zoom=16
address does not match a street: ('1812', 'Eunice Drive') https://osm.org/?mlat=29.899329904137485&mlon=-90.06753541705385&zoom=16
address has no house number: (None, 'Maple Avenue') https://osm.org/?mlat=29.90385056291639&mlon=-90.07111743917454&zoom=16
address has no house number: (None, 'Brown Avenue') https://osm.org/?mlat=29.901367189046052&mlon=-90.07296981857885&zoom=16
address does not match a street: ('620', 'Gardere Avenue') https://osm.org/?mlat=29.90644921306571&mlon=-90.07034594395608&zoom=16
address does not match a street: ('514', 'Marion Avenue') https://osm.org/?mlat=29.906823392392326&mlon=-90.07610494507438&zoom=16
address does not match a street: ('608', 'Yetta Avenue') https://osm.org/?mlat=29.905618562104078&mlon=-90.07463343367918&zoom=16
address does not match a street: ('539', 'Yetta Avenue') https://osm.org/?mlat=29.906498971447615&mlon=-90.07461772049453&zoom=16
address does not match a street: ('601', 'Yetta Avenue') https://osm.org/?mlat=29.905984426776598&mlon=-90.07437044964807&zoom=16
address does not match a street: ('605', 'Yetta Avenue') https://osm.org/?mlat=29.90585847322456&mlon=-90.07430013989328&zoom=16
address does not match a street: ('609', 'Yetta Avenue') https://osm.org/?mlat=29.9057398872724&mlon=-90.07422973635595&zoom=16
address has no house number: (None, 'Westbank Expressway') https://osm.org/?mlat=29.9012372135362&mlon=-90.0689913070874&zoom=16
address has no house number: (None, 'Brown Avenue') https://osm.org/?mlat=29.901012170890926&mlon=-90.0738890927521&zoom=16
address does not match a street: ('619', 'Marion Avenue') https://osm.org/?mlat=29.905180859803636&mlon=-90.07490005421698&zoom=16
address has no house number: (None, 'Manhattan Boulevard') https://osm.org/?mlat=29.904946519531705&mlon=-90.06605803075776&zoom=16
address has no house number: (None, 'Maple Avenue') https://osm.org/?mlat=29.905632858845248&mlon=-90.07283091317669&zoom=16
address does not match a street: ('512', 'Yetta Avenue') https://osm.org/?mlat=29.90711634700695&mlon=-90.07539420122175&zoom=16
address does not match a street: ('644', 'Yetta Avenue') https://osm.org/?mlat=29.90474220257914&mlon=-90.07405883357302&zoom=16
address has no house number: (None, 'Pine Street') https://osm.org/?mlat=29.90570345377228&mlon=-90.07587972843044&zoom=16
address does not match a street: ('615', 'Yetta Avenue') https://osm.org/?mlat=29.905636160755645&mlon=-90.07417183448008&zoom=16
address does not match a street: ('649', 'Yetta Avenue') https://osm.org/?mlat=29.9048089871464&mlon=-90.07370951940499&zoom=16
address has no house number: (None, '8th Street') https://osm.org/?mlat=29.903951672556826&mlon=-90.07286041650384&zoom=16
