address does not match a street: (None, '10124', 'Florence Court') https://osm.org/?mlat=29.966644592686848&mlon=-90.21801074048213&zoom=16
address does not match a street: (None, '10000', 'Sauve Oaks Lane') https://osm.org/?mlat=29.96492747185634&mlon=-90.21628960670002&zoom=16
address does not match a street: (None, '10004', 'Sauve Oaks Lane') https://osm.org/?mlat=29.965072633292728&mlon=-90.21650917897108&zoom=16
address does not match a street: (None, '10016', 'Sauve Oaks Lane') https://osm.org/?mlat=29.965806939067274&mlon=-90.21687363960629&zoom=16
address does not match a street: (None, '10100', 'Florence Court') https://osm.org/?mlat=29.966034389520086&mlon=-90.21713639319962&zoom=16
address does not match a street: (None, '233', 'Thoreau Drive') https://osm.org/?mlat=29.96576737099444&mlon=-90.21736361974153&zoom=16
address does not match a street: (None, '10112', 'Florence Court') https://osm.org/?mlat=29.96631864997805&mlon=-90.21760258661779&zoom=16
address does not match a street: (None, '240', 'Thoreau Drive') https://osm.org/?mlat=29.966224570014806&mlon=-90.21744693851662&zoom=16
address does not match a street: (None, '10121', 'Florence Court') https://osm.org/?mlat=29.966802273262516&mlon=-90.2174720603821&zoom=16
address does not match a street: (None, '9630', 'Garden Oak Lane') https://osm.org/?mlat=29.965043522419183&mlon=-90.2095828054738&zoom=16
address does not match a street: (None, '9640', 'Garden Oak Lane') https://osm.org/?mlat=29.965260450085143&mlon=-90.20982097618693&zoom=16
address does not match a street: (None, '613', 'Sheldon Lane') https://osm.org/?mlat=29.970621505685294&mlon=-90.21127350485256&zoom=16
address does not match a street: (None, '620', 'Sheldon Lane') https://osm.org/?mlat=29.97110588290635&mlon=-90.21131859252665&zoom=16
address does not match a street: (None, '10012', 'Sauve Oaks Lane') https://osm.org/?mlat=29.96548824943339&mlon=-90.21687720584484&zoom=16
address does not match a street: (None, '9624', 'Garden Oak Lane') https://osm.org/?mlat=29.964953757358824&mlon=-90.20943140281264&zoom=16
address does not match a street: (None, '621', 'Sheldon Lane') https://osm.org/?mlat=29.970842076774648&mlon=-90.21101834718858&zoom=16
address does not match a street: (None, '625', 'Sheldon Lane') https://osm.org/?mlat=29.97098937467953&mlon=-90.21087771660886&zoom=16
address does not match a street: (None, '609', 'Sheldon Lane') https://osm.org/?mlat=29.97051264909196&mlon=-90.21140738409083&zoom=16
address does not match a street: (None, '9635', 'Garden Oak Lane') https://osm.org/?mlat=29.965543936815262&mlon=-90.20952722081162&zoom=16
address does not match a street: (None, '9631', 'Garden Oak Lane') https://osm.org/?mlat=29.965404861222545&mlon=-90.20934244723955&zoom=16
address does not match a street: (None, '605', 'Sheldon Lane') https://osm.org/?mlat=29.970343083929176&mlon=-90.211516679137&zoom=16
address does not match a street: (None, '10129', 'Florence Court') https://osm.org/?mlat=29.967022175995954&mlon=-90.21778543575874&zoom=16
address does not match a street: (None, '10117', 'Florence Court') https://osm.org/?mlat=29.966709380060873&mlon=-90.21735360095519&zoom=16
address does not match a street: (None, '628', 'Sheldon Lane') https://osm.org/?mlat=29.971381419935387&mlon=-90.2110596569216&zoom=16
address does not match a street: (None, '10132', 'Florence Court') https://osm.org/?mlat=29.966890284796463&mlon=-90.2184470033434&zoom=16
address does not match a street: (None, '10120', 'Florence Court') https://osm.org/?mlat=29.966549790833724&mlon=-90.21785704243047&zoom=16
address does not match a street: (None, '237', 'Thoreau Drive') https://osm.org/?mlat=29.965889982162988&mlon=-90.2172295995683&zoom=16
address does not match a street: (None, '10116', 'Florence Court') https://osm.org/?mlat=29.966446954807513&mlon=-90.21772870106932&zoom=16
address does not match a street: (None, '9612', 'Garden Oak Lane') https://osm.org/?mlat=29.964566403744403&mlon=-90.20898777787039&zoom=16
address does not match a street: (None, '9625', 'Garden Oak Lane') https://osm.org/?mlat=29.96524106517048&mlon=-90.20916111204123&zoom=16
address does not match a street: (None, '9618', 'Garden Oak Lane') https://osm.org/?mlat=29.964776772163702&mlon=-90.20923266714539&zoom=16
address does not match a street: (None, '632', 'Sheldon Lane') https://osm.org/?mlat=29.971471001432466&mlon=-90.21092283450969&zoom=16
address does not match a street: (None, '617', 'Sheldon Lane') https://osm.org/?mlat=29.97076063651023&mlon=-90.21114244324242&zoom=16
address does not match a street: (None, '624', 'Sheldon Lane') https://osm.org/?mlat=29.971222988455498&mlon=-90.21118461961&zoom=16
address does not match a street: (None, '616', 'Sheldon Lane') https://osm.org/?mlat=29.970991606775524&mlon=-90.21146200974304&zoom=16
address does not match a street: (None, '10128', 'Florence Court') https://osm.org/?mlat=29.966792012188808&mlon=-90.21820806835852&zoom=16
address does not match a street: (None, '10125', 'Florence Court') https://osm.org/?mlat=29.96691917925987&mlon=-90.21763814461313&zoom=16
address does not match a street: (None, '10105', 'Florence Court') https://osm.org/?mlat=29.9663660716457&mlon=-90.2169463406251&zoom=16
address does not match a street: (None, '10101', 'Florence Court') https://osm.org/?mlat=29.966262940001826&mlon=-90.21678326227658&zoom=16
address does not match a street: (None, '10113', 'Florence Court') https://osm.org/?mlat=29.966579940605993&mlon=-90.21719661449397&zoom=16
address does not match a street: (None, '10001', 'Sauve Oaks Lane') https://osm.org/?mlat=29.96529750538947&mlon=-90.21591214481286&zoom=16
address does not match a street: (None, '10005', 'Sauve Oaks Lane') https://osm.org/?mlat=29.965431033990924&mlon=-90.21615708180346&zoom=16
address does not match a street: (None, '9619', 'Garden Oak Lane') https://osm.org/?mlat=29.96503791848065&mlon=-90.20885208371276&zoom=16
address does not match a street: (None, '10009', 'Sauve Oaks Lane') https://osm.org/?mlat=29.965556658082917&mlon=-90.21624569060491&zoom=16
address does not match a street: (None, '10008', 'Sauve Oaks Lane') https://osm.org/?mlat=29.96527734663218&mlon=-90.21670958849819&zoom=16
address does not match a street: (None, '10013', 'Sauve Oaks Lane') https://osm.org/?mlat=29.96575303012479&mlon=-90.21632153958991&zoom=16
address does not match a street: (None, '604', 'Sheldon Lane') https://osm.org/?mlat=29.970628912437682&mlon=-90.21181983516607&zoom=16
address does not match a street: (None, '10109', 'Florence Court') https://osm.org/?mlat=29.966468801288325&mlon=-90.21706204899046&zoom=16
address does not match a street: (None, '10133', 'Florence Court') https://osm.org/?mlat=29.967138627467907&mlon=-90.2178978339857&zoom=16
address does not match a street: (None, '608', 'Sheldon Lane') https://osm.org/?mlat=29.97075151877797&mlon=-90.21168580163915&zoom=16
address does not match a street: (None, '10017', 'Sauve Oaks Lane') https://osm.org/?mlat=29.96594327256548&mlon=-90.21657227918546&zoom=16
address does not match a street: (None, '6982', 'Stable Road') https://osm.org/?mlat=29.973744527129995&mlon=-90.20877410951347&zoom=16
address does not match a street: (None, '612', 'Sheldon Lane') https://osm.org/?mlat=29.9708824808101&mlon=-90.21156430767655&zoom=16
