address does not match a street: ('652', 'Oleander Lane') https://osm.org/?mlat=29.944819991934594&mlon=-90.24273177720345&zoom=16
address does not match a street: ('632', 'Oleander Lane') https://osm.org/?mlat=29.94540118872614&mlon=-90.24214044318428&zoom=16
address does not match a street: ('636', 'Oleander Lane') https://osm.org/?mlat=29.945304521589858&mlon=-90.24223659007636&zoom=16
address does not match a street: ('648', 'Oleander Lane') https://osm.org/?mlat=29.945023346512155&mlon=-90.24256240417346&zoom=16
address does not match a street: ('641', 'Oleander Lane') https://osm.org/?mlat=29.944907392688336&mlon=-90.24209799548711&zoom=16
address does not match a street: ('645', 'Oleander Lane') https://osm.org/?mlat=29.94485098228332&mlon=-90.242212294285&zoom=16
address does not match a street: ('637', 'Oleander Lane') https://osm.org/?mlat=29.945046825931712&mlon=-90.2420427847205&zoom=16
address does not match a street: ('649', 'Oleander Lane') https://osm.org/?mlat=29.944750226597655&mlon=-90.2423311139012&zoom=16
address does not match a street: ('640', 'Oleander Lane') https://osm.org/?mlat=29.945228112980686&mlon=-90.24236192860927&zoom=16
address does not match a street: ('644', 'Oleander Lane') https://osm.org/?mlat=29.945072565754845&mlon=-90.24247597389147&zoom=16
address does not match a street: ('9501', 'Sweet Bay Lane') https://osm.org/?mlat=29.943955606493127&mlon=-90.2500552093304&zoom=16
address does not match a street: ('9505', 'Sweet Bay Lane') https://osm.org/?mlat=29.944288300114394&mlon=-90.25029260698064&zoom=16
address does not match a street: ('9520', 'Sweet Bay Lane') https://osm.org/?mlat=29.9443201086255&mlon=-90.25181718383713&zoom=16
address does not match a street: ('9521', 'Sweet Bay Lane') https://osm.org/?mlat=29.94479792112496&mlon=-90.25153653258131&zoom=16
address does not match a street: ('9508', 'Sweet Bay Lane') https://osm.org/?mlat=29.943719679971206&mlon=-90.25100281868151&zoom=16
address does not match a street: ('9517', 'Sugar Maple Lane') https://osm.org/?mlat=29.943732963532273&mlon=-90.25223696482917&zoom=16
address does not match a street: ('261', 'Lake Joseph') https://osm.org/?mlat=29.93968688773409&mlon=-90.2424411930166&zoom=16
address does not match a street: ('257', 'Lake Joseph') https://osm.org/?mlat=29.939852833074262&mlon=-90.24222847689376&zoom=16
address does not match a street: ('253', 'Lake Joseph') https://osm.org/?mlat=29.940018626855167&mlon=-90.24199742182893&zoom=16
address does not match a street: ('249', 'Lake Joseph') https://osm.org/?mlat=29.94020046677569&mlon=-90.2417753604403&zoom=16
address does not match a street: ('277', 'Lake Joseph') https://osm.org/?mlat=29.93880536953724&mlon=-90.24207487618816&zoom=16
address does not match a street: ('281', 'Lake Joseph') https://osm.org/?mlat=29.938639423520137&mlon=-90.24228759034362&zoom=16
address does not match a street: ('269', 'Lake Joseph') https://osm.org/?mlat=29.939140758611124&mlon=-90.24207120878154&zoom=16
address does not match a street: ('273', 'Lake Joseph') https://osm.org/?mlat=29.93896447041512&mlon=-90.24199977975181&zoom=16
address does not match a street: ('270', 'Lake Joseph') https://osm.org/?mlat=29.93910349242711&mlon=-90.24239255205158&zoom=16
address does not match a street: ('266', 'Lake Joseph') https://osm.org/?mlat=29.939264646138994&mlon=-90.24256501281677&zoom=16
address does not match a street: ('262', 'Lake Joseph') https://osm.org/?mlat=29.939481925664758&mlon=-90.24276437046599&zoom=16
address does not match a street: ('285', 'Lake Joseph') https://osm.org/?mlat=29.938427923473483&mlon=-90.2425782301497&zoom=16
address does not match a street: ('289', 'Lake Joseph') https://osm.org/?mlat=29.93830015457987&mlon=-90.24278645335141&zoom=16
address does not match a street: ('304', 'Lake Marion') https://osm.org/?mlat=29.93643997182349&mlon=-90.24478735986101&zoom=16
address does not match a street: ('308', 'Lake Marion') https://osm.org/?mlat=29.936585757835015&mlon=-90.24503334239022&zoom=16
address does not match a street: ('18', 'Lake Mirais Lane') https://osm.org/?mlat=29.936995021786103&mlon=-90.24334170980383&zoom=16
address does not match a street: ('22', 'Lake Mirais Lane') https://osm.org/?mlat=29.93698072140746&mlon=-90.24354359341626&zoom=16
address does not match a street: ('26', 'Lake Mirais Lane') https://osm.org/?mlat=29.936870140377525&mlon=-90.24369151021835&zoom=16
address does not match a street: ('30', 'Lake Mirais Lane') https://osm.org/?mlat=29.93670267313365&mlon=-90.24372084759248&zoom=16
address does not match a street: ('38', 'Lake Mirais Lane') https://osm.org/?mlat=29.93610194148757&mlon=-90.24350734257504&zoom=16
address does not match a street: ('288', 'Lake Marion') https://osm.org/?mlat=29.93590845116098&mlon=-90.2435555726569&zoom=16
address does not match a street: ('292', 'Lake Marion') https://osm.org/?mlat=29.936065658782375&mlon=-90.24394786513912&zoom=16
address does not match a street: ('296', 'Lake Marion') https://osm.org/?mlat=29.936203841084087&mlon=-90.24423977544132&zoom=16
address does not match a street: ('300', 'Lake Marion') https://osm.org/?mlat=29.936326051345954&mlon=-90.24453186079737&zoom=16
address does not match a street: ('268', 'Lake Marion') https://osm.org/?mlat=29.936687853604987&mlon=-90.24193298188608&zoom=16
address does not match a street: ('272', 'Lake Marion') https://osm.org/?mlat=29.936514455277653&mlon=-90.2422099585305&zoom=16
address does not match a street: ('276', 'Lake Marion') https://osm.org/?mlat=29.936348965139352&mlon=-90.24247767919624&zoom=16
address does not match a street: ('280', 'Lake Marion') https://osm.org/?mlat=29.93619921782097&mlon=-90.24271771815684&zoom=16
address does not match a street: ('2', 'Lake Mirais Lane') https://osm.org/?mlat=29.936075933517966&mlon=-90.24326005515414&zoom=16
address does not match a street: ('293', 'Lake Joseph') https://osm.org/?mlat=29.938246079466126&mlon=-90.24300711277793&zoom=16
address does not match a street: ('274', 'Lake Joseph') https://osm.org/?mlat=29.93863744351587&mlon=-90.24301200679152&zoom=16
address does not match a street: ('333', 'Lake Joseph') https://osm.org/?mlat=29.93760195972127&mlon=-90.24526983592368&zoom=16
address does not match a street: ('312', 'Lake Marion') https://osm.org/?mlat=29.9367158761979&mlon=-90.24531617396468&zoom=16
address does not match a street: ('316', 'Lake Marion') https://osm.org/?mlat=29.937092102873113&mlon=-90.24542210527733&zoom=16
address does not match a street: ('252', 'Lake Marion') https://osm.org/?mlat=29.937693717706807&mlon=-90.24188530382628&zoom=16
address does not match a street: ('278', 'Lake Joseph') https://osm.org/?mlat=29.93883076620211&mlon=-90.24321162480712&zoom=16
address does not match a street: ('282', 'Lake Joseph') https://osm.org/?mlat=29.938991993904725&mlon=-90.24339325545257&zoom=16
address does not match a street: ('297', 'Lake Joseph') https://osm.org/?mlat=29.93838297232053&mlon=-90.243143159926&zoom=16
address does not match a street: ('301', 'Lake Joseph') https://osm.org/?mlat=29.938543897172554&mlon=-90.2432881147603&zoom=16
address does not match a street: ('305', 'Lake Joseph') https://osm.org/?mlat=29.9388182128604&mlon=-90.2436243930094&zoom=16
address does not match a street: ('313', 'Lake Joseph') https://osm.org/?mlat=29.93848646819013&mlon=-90.24406815241542&zoom=16
address does not match a street: ('321', 'Lake Joseph') https://osm.org/?mlat=29.938115553220108&mlon=-90.24460403181362&zoom=16
address does not match a street: ('325', 'Lake Joseph') https://osm.org/?mlat=29.937933708475015&mlon=-90.24482608340925&zoom=16
address does not match a street: ('329', 'Lake Joseph') https://osm.org/?mlat=29.937767909680673&mlon=-90.24505712894803&zoom=16
address does not match a street: ('850', 'Water Oaks Drive') https://osm.org/?mlat=29.941786548225146&mlon=-90.24709950451337&zoom=16
address does not match a street: ('852', 'Water Oaks Drive') https://osm.org/?mlat=29.941702835144063&mlon=-90.24715991980194&zoom=16
address does not match a street: ('854', 'Water Oaks Drive') https://osm.org/?mlat=29.941635560905922&mlon=-90.24724990603241&zoom=16
address does not match a street: ('856', 'Water Oaks Drive') https://osm.org/?mlat=29.941564772597847&mlon=-90.24730646041102&zoom=16
address does not match a street: ('858', 'Water Oaks Drive') https://osm.org/?mlat=29.94149083678298&mlon=-90.24737420595446&zoom=16
address does not match a street: ('860', 'Water Oaks Drive') https://osm.org/?mlat=29.94140422250885&mlon=-90.2474755603073&zoom=16
address does not match a street: ('862', 'Water Oaks Drive') https://osm.org/?mlat=29.941326895399527&mlon=-90.24752474755432&zoom=16
address does not match a street: ('864', 'Water Oaks Drive') https://osm.org/?mlat=29.941259498168268&mlon=-90.24759985961391&zoom=16
address does not match a street: ('866', 'Water Oaks Drive') https://osm.org/?mlat=29.941178992818926&mlon=-90.24765651924193&zoom=16
address does not match a street: ('868', 'Water Oaks Drive') https://osm.org/?mlat=29.94111144209137&mlon=-90.24771303785141&zoom=16
address does not match a street: ('870', 'Water Oaks Drive') https://osm.org/?mlat=29.941057275532376&mlon=-90.24782147653603&zoom=16
address does not match a street: ('872', 'Water Oaks Drive') https://osm.org/?mlat=29.940980071008322&mlon=-90.24788553792452&zoom=16
address does not match a street: ('874', 'Water Oaks Drive') https://osm.org/?mlat=29.94089009496574&mlon=-90.24797205197049&zoom=16
address does not match a street: ('876', 'Water Oaks Drive') https://osm.org/?mlat=29.940822574775282&mlon=-90.24803228884207&zoom=16
address does not match a street: ('878', 'Water Oaks Drive') https://osm.org/?mlat=29.940761838601684&mlon=-90.24812964052808&zoom=16
address does not match a street: ('880', 'Water Oaks Drive') https://osm.org/?mlat=29.940697711254444&mlon=-90.24820843516314&zoom=16
address does not match a street: ('803', 'Laurel Oaks Drive') https://osm.org/?mlat=29.94321965310606&mlon=-90.24486104632996&zoom=16
address does not match a street: ('805', 'Laurel Oaks Drive') https://osm.org/?mlat=29.94317363592475&mlon=-90.24477972993665&zoom=16
address does not match a street: ('807', 'Laurel Oaks Drive') https://osm.org/?mlat=29.94309850153018&mlon=-90.24470245135004&zoom=16
address does not match a street: ('809', 'Laurel Oaks Drive') https://osm.org/?mlat=29.943032990746257&mlon=-90.24461390968415&zoom=16
address does not match a street: ('811', 'Laurel Oaks Drive') https://osm.org/?mlat=29.942980619186415&mlon=-90.24454753910271&zoom=16
address does not match a street: ('813', 'Laurel Oaks Drive') https://osm.org/?mlat=29.9429053615407&mlon=-90.24445538494132&zoom=16
address does not match a street: ('815', 'Laurel Oaks Drive') https://osm.org/?mlat=29.942843244043644&mlon=-90.24438540182543&zoom=16
address does not match a street: ('801', 'Laurel Oaks Drive') https://osm.org/?mlat=29.943288463906494&mlon=-90.24495699046196&zoom=16
address does not match a street: ('884', 'Water Oaks Drive') https://osm.org/?mlat=29.940530314670518&mlon=-90.24833297901709&zoom=16
address does not match a street: ('886', 'Water Oaks Drive') https://osm.org/?mlat=29.94046288720819&mlon=-90.24840437129552&zoom=16
address does not match a street: ('888', 'Water Oaks Drive') https://osm.org/?mlat=29.94039542814167&mlon=-90.24847204486379&zoom=16
address does not match a street: ('890', 'Water Oaks Drive') https://osm.org/?mlat=29.940327999700493&mlon=-90.24854343696154&zoom=16
address does not match a street: ('892', 'Water Oaks Drive') https://osm.org/?mlat=29.94024450054228&mlon=-90.24862987944564&zoom=16
address does not match a street: ('817', 'Laurel Oaks Drive') https://osm.org/?mlat=29.94278729422576&mlon=-90.24427816205333&zoom=16
address does not match a street: ('819', 'Laurel Oaks Drive') https://osm.org/?mlat=29.942731622268212&mlon=-90.24420438973895&zoom=16
address does not match a street: ('821', 'Laurel Oaks Drive') https://osm.org/?mlat=29.942659881011362&mlon=-90.24414566906619&zoom=16
address does not match a street: ('823', 'Laurel Oaks Drive') https://osm.org/?mlat=29.94258129205745&mlon=-90.24404239474428&zoom=16
address does not match a street: ('825', 'Laurel Oaks Drive') https://osm.org/?mlat=29.94255149756353&mlon=-90.24396462222646&zoom=16
address does not match a street: ('829', 'Laurel Oaks Drive') https://osm.org/?mlat=29.942411037006675&mlon=-90.24382111529387&zoom=16
address does not match a street: ('831', 'Laurel Oaks Drive') https://osm.org/?mlat=29.94234231776009&mlon=-90.24373632887243&zoom=16
address does not match a street: ('833', 'Laurel Oaks Drive') https://osm.org/?mlat=29.942289884155564&mlon=-90.2436625218256&zoom=16
address does not match a street: ('835', 'Laurel Oaks Drive') https://osm.org/?mlat=29.94222434187206&mlon=-90.24357026390547&zoom=16
address does not match a street: ('837', 'Laurel Oaks Drive') https://osm.org/?mlat=29.942149175945428&mlon=-90.24348926724139&zoom=16
address does not match a street: ('839', 'Laurel Oaks Drive') https://osm.org/?mlat=29.94204763949766&mlon=-90.2433527744471&zoom=16
address does not match a street: ('807', 'Post Oaks Drive') https://osm.org/?mlat=29.941441375279176&mlon=-90.24504221651088&zoom=16
address does not match a street: ('9551', 'Sweet Bay Lane') https://osm.org/?mlat=29.94533185397754&mlon=-90.25245884795089&zoom=16
address does not match a street: ('910', 'Water Oaks Drive') https://osm.org/?mlat=29.93960269727837&mlon=-90.24928504461981&zoom=16
address does not match a street: ('908', 'Water Oaks Drive') https://osm.org/?mlat=29.939718184250246&mlon=-90.24914991067402&zoom=16
address does not match a street: ('906', 'Water Oaks Drive') https://osm.org/?mlat=29.93978875884917&mlon=-90.24906732844174&zoom=16
address does not match a street: ('9513', 'Sugar Maple Lane') https://osm.org/?mlat=29.943620840692287&mlon=-90.25192625780998&zoom=16
address does not match a street: ('805', 'Post Oaks Drive') https://osm.org/?mlat=29.941508493285994&mlon=-90.24493363462183&zoom=16
address does not match a street: ('801', 'Post Oaks Drive') https://osm.org/?mlat=29.94185937904148&mlon=-90.24467319998814&zoom=16
address does not match a street: ('867', 'Water Oaks Drive') https://osm.org/?mlat=29.940902309759988&mlon=-90.24722366218863&zoom=16
address does not match a street: ('869', 'Water Oaks Drive') https://osm.org/?mlat=29.940815450932348&mlon=-90.24729526695413&zoom=16
address does not match a street: ('871', 'Water Oaks Drive') https://osm.org/?mlat=29.94075123110129&mlon=-90.24736290626811&zoom=16
address does not match a street: ('889', 'Water Oaks Drive') https://osm.org/?mlat=29.940076737151653&mlon=-90.2480508026534&zoom=16
address does not match a street: ('802', 'Laurel Oaks Drive') https://osm.org/?mlat=29.94285274401269&mlon=-90.24572971382442&zoom=16
address does not match a street: ('9513', 'Sweet Bay Lane') https://osm.org/?mlat=29.94464595887132&mlon=-90.25098532892397&zoom=16
address does not match a street: ('9517', 'Sweet Bay Lane') https://osm.org/?mlat=29.944788582251974&mlon=-90.25118478645184&zoom=16
address does not match a street: ('824', 'Post Oaks Drive') https://osm.org/?mlat=29.941175092498156&mlon=-90.24639956397354&zoom=16
address does not match a street: ('826', 'Post Oaks Drive') https://osm.org/?mlat=29.94107534091486&mlon=-90.24647874803674&zoom=16
address does not match a street: ('803', 'Post Oaks Drive') https://osm.org/?mlat=29.941707749301585&mlon=-90.2447455142167&zoom=16
address does not match a street: ('804', 'Laurel Oaks Drive') https://osm.org/?mlat=29.942734924363595&mlon=-90.24558223816466&zoom=16
address does not match a street: ('806', 'Laurel Oaks Drive') https://osm.org/?mlat=29.942656029076478&mlon=-90.24544177763731&zoom=16
address does not match a street: ('808', 'Laurel Oaks Drive') https://osm.org/?mlat=29.942593880449415&mlon=-90.24536807538765&zoom=16
address does not match a street: ('810', 'Laurel Oaks Drive') https://osm.org/?mlat=29.942535001193566&mlon=-90.24529805662125&zoom=16
address does not match a street: ('814', 'Laurel Oaks Drive') https://osm.org/?mlat=29.94239753379367&mlon=-90.24512476295345&zoom=16
address does not match a street: ('816', 'Laurel Oaks Drive') https://osm.org/?mlat=29.942351762844154&mlon=-90.24507319667119&zoom=16
address does not match a street: ('818', 'Laurel Oaks Drive') https://osm.org/?mlat=29.942276259474077&mlon=-90.2449512941898&zoom=16
address does not match a street: ('9504', 'Sweet Bay Lane') https://osm.org/?mlat=29.943458869700017&mlon=-90.25055501311843&zoom=16
address does not match a street: ('9500', 'Sweet Bay Lane') https://osm.org/?mlat=29.94356841259844&mlon=-90.25031720335286&zoom=16
address does not match a street: ('9516', 'Sweet Bay Lane') https://osm.org/?mlat=29.944026545527286&mlon=-90.25159136778424&zoom=16
address does not match a street: ('9501', 'Sugar Maple Lane') https://osm.org/?mlat=29.943228682075535&mlon=-90.250973638497&zoom=16
address does not match a street: ('838', 'Post Oaks Drive') https://osm.org/?mlat=29.940654675909514&mlon=-90.24691844131652&zoom=16
address does not match a street: ('840', 'Post Oaks Drive') https://osm.org/?mlat=29.940587309722822&mlon=-90.24699727190983&zoom=16
address does not match a street: ('842', 'Post Oaks Drive') https://osm.org/?mlat=29.94050017469727&mlon=-90.24703541003935&zoom=16
address does not match a street: ('844', 'Post Oaks Drive') https://osm.org/?mlat=29.940426300405576&mlon=-90.24711059127355&zoom=16
address does not match a street: ('802', 'Post Oaks Drive') https://osm.org/?mlat=29.941968575437997&mlon=-90.2456099405735&zoom=16
address does not match a street: ('804', 'Post Oaks Drive') https://osm.org/?mlat=29.941894672144482&mlon=-90.2456814063166&zoom=16
address does not match a street: ('806', 'Post Oaks Drive') https://osm.org/?mlat=29.941830483883468&mlon=-90.24575276504088&zoom=16
address does not match a street: ('810', 'Post Oaks Drive') https://osm.org/?mlat=29.941685883220117&mlon=-90.24589194206982&zoom=16
address does not match a street: ('17', 'Pin Oaks Place') https://osm.org/?mlat=29.939847429752223&mlon=-90.2459725833007&zoom=16
address does not match a street: ('902', 'Water Oaks Drive') https://osm.org/?mlat=29.939978056408457&mlon=-90.24891912980546&zoom=16
address does not match a street: ('904', 'Water Oaks Drive') https://osm.org/?mlat=29.939897611774047&mlon=-90.24898322485194&zoom=16
address does not match a street: ('829', 'Post Oaks Drive') https://osm.org/?mlat=29.940105722608916&mlon=-90.24672731635629&zoom=16
address does not match a street: ('831', 'Post Oaks Drive') https://osm.org/?mlat=29.940015502539175&mlon=-90.24678408180795&zoom=16
address does not match a street: ('835', 'Post Oaks Drive') https://osm.org/?mlat=29.93982895257616&mlon=-90.2469423061518&zoom=16
address does not match a street: ('837', 'Post Oaks Drive') https://osm.org/?mlat=29.939839589678076&mlon=-90.24705375638102&zoom=16
address does not match a street: ('839', 'Post Oaks Drive') https://osm.org/?mlat=29.939886004564187&mlon=-90.24718341192406&zoom=16
address does not match a street: ('850', 'Post Oaks Drive') https://osm.org/?mlat=29.939983838874234&mlon=-90.24726416281203&zoom=16
address does not match a street: ('852', 'Post Oaks Drive') https://osm.org/?mlat=29.940077666179526&mlon=-90.24725198486415&zoom=16
address does not match a street: ('848', 'Post Oaks Drive') https://osm.org/?mlat=29.940177387550442&mlon=-90.24716908478624&zoom=16
address does not match a street: ('846', 'Post Oaks Drive') https://osm.org/?mlat=29.9402250762542&mlon=-90.24706071720884&zoom=16
address does not match a street: ('834', 'Post Oaks Drive') https://osm.org/?mlat=29.94081210858836&mlon=-90.2467642526567&zoom=16
address does not match a street: ('836', 'Post Oaks Drive') https://osm.org/?mlat=29.940738204656405&mlon=-90.2468357167168&zoom=16
address does not match a street: ('881', 'Water Oaks Drive') https://osm.org/?mlat=29.94036881252834&mlon=-90.24772780128484&zoom=16
address does not match a street: ('883', 'Water Oaks Drive') https://osm.org/?mlat=29.94031436982098&mlon=-90.24780277157193&zoom=16
address does not match a street: ('885', 'Water Oaks Drive') https://osm.org/?mlat=29.940240588037874&mlon=-90.24788910897678&zoom=16
address does not match a street: ('887', 'Water Oaks Drive') https://osm.org/?mlat=29.940169890572136&mlon=-90.24795681796614&zoom=16
address does not match a street: ('812', 'Post Oaks Drive') https://osm.org/?mlat=29.941608618182638&mlon=-90.24594856905445&zoom=16
address does not match a street: ('814', 'Post Oaks Drive') https://osm.org/?mlat=29.941531659520294&mlon=-90.24604238054043&zoom=16
address does not match a street: ('828', 'Post Oaks Drive') https://osm.org/?mlat=29.941017690979827&mlon=-90.24655747345139&zoom=16
address does not match a street: ('830', 'Post Oaks Drive') https://osm.org/?mlat=29.940943694115077&mlon=-90.24661778189163&zoom=16
address does not match a street: ('832', 'Post Oaks Drive') https://osm.org/?mlat=29.940882774721267&mlon=-90.24669282374569&zoom=16
address does not match a street: ('833', 'Water Oaks Drive') https://osm.org/?mlat=29.942143602863766&mlon=-90.24601711808589&zoom=16
address does not match a street: ('835', 'Water Oaks Drive') https://osm.org/?mlat=29.942056560333242&mlon=-90.2460664137199&zoom=16
address does not match a street: ('837', 'Water Oaks Drive') https://osm.org/?mlat=29.94199234114454&mlon=-90.24613405466587&zoom=16
address does not match a street: ('839', 'Water Oaks Drive') https://osm.org/?mlat=29.941915198003457&mlon=-90.2462055553287&zoom=16
address does not match a street: ('841', 'Water Oaks Drive') https://osm.org/?mlat=29.9418316091275&mlon=-90.24628084510475&zoom=16
address does not match a street: ('843', 'Water Oaks Drive') https://osm.org/?mlat=29.941766371452363&mlon=-90.24635146170017&zoom=16
address does not match a street: ('816', 'Post Oaks Drive') https://osm.org/?mlat=29.94146090155788&mlon=-90.24610265438898&zoom=16
address does not match a street: ('818', 'Post Oaks Drive') https://osm.org/?mlat=29.941374166256825&mlon=-90.24618913516804&zoom=16
address does not match a street: ('820', 'Post Oaks Drive') https://osm.org/?mlat=29.941306708337905&mlon=-90.24625681085165&zoom=16
address does not match a street: ('822', 'Post Oaks Drive') https://osm.org/?mlat=29.941242550491648&mlon=-90.24633188847567&zoom=16
address does not match a street: ('10', 'Lake Mirais Lane') https://osm.org/?mlat=29.93672176904377&mlon=-90.24313379871084&zoom=16
address does not match a street: ('14', 'Lake Mirais Lane') https://osm.org/?mlat=29.936905966396218&mlon=-90.24319597208185&zoom=16
address does not match a street: ('845', 'Water Oaks Drive') https://osm.org/?mlat=29.941698913453536&mlon=-90.24641913753997&zoom=16
address does not match a street: ('847', 'Water Oaks Drive') https://osm.org/?mlat=29.941634786236552&mlon=-90.24649793402382&zoom=16
address does not match a street: ('849', 'Water Oaks Drive') https://osm.org/?mlat=29.941554497284027&mlon=-90.24658062540672&zoom=16
address does not match a street: ('851', 'Water Oaks Drive') https://osm.org/?mlat=29.941480561842784&mlon=-90.24664837148093&zoom=16
address does not match a street: ('855', 'Water Oaks Drive') https://osm.org/?mlat=29.941332753176372&mlon=-90.24679130063419&zoom=16
address does not match a street: ('804', 'Water Oaks Drive') https://osm.org/?mlat=29.9421063401692&mlon=-90.24496616395437&zoom=16
address does not match a street: ('802', 'Water Oaks Drive') https://osm.org/?mlat=29.942008197740723&mlon=-90.24484822780279&zoom=16
address does not match a street: ('806', 'Water Oaks Drive') https://osm.org/?mlat=29.9421719122341&mlon=-90.24506214137082&zoom=16
address does not match a street: ('808', 'Water Oaks Drive') https://osm.org/?mlat=29.942237361210523&mlon=-90.24514324518476&zoom=16
address does not match a street: ('810', 'Water Oaks Drive') https://osm.org/?mlat=29.942302810136354&mlon=-90.24522434910507&zoom=16
address does not match a street: ('812', 'Water Oaks Drive') https://osm.org/?mlat=29.942368320515897&mlon=-90.24531289052388&zoom=16
address does not match a street: ('814', 'Water Oaks Drive') https://osm.org/?mlat=29.942433769327472&mlon=-90.245393993626&zoom=16
address does not match a street: ('816', 'Water Oaks Drive') https://osm.org/?mlat=29.942492802270607&mlon=-90.24548260588163&zoom=16
address does not match a street: ('818', 'Water Oaks Drive') https://osm.org/?mlat=29.942551712173817&mlon=-90.2455563434303&zoom=16
address does not match a street: ('820', 'Water Oaks Drive') https://osm.org/?mlat=29.94261105241939&mlon=-90.24568214190285&zoom=16
address does not match a street: ('873', 'Water Oaks Drive') https://osm.org/?mlat=29.940674179355387&mlon=-90.24744556099259&zoom=16
address does not match a street: ('875', 'Water Oaks Drive') https://osm.org/?mlat=29.94061955267131&mlon=-90.24749821987359&zoom=16
address does not match a street: ('877', 'Water Oaks Drive') https://osm.org/?mlat=29.940529547093313&mlon=-90.24758101531815&zoom=16
address does not match a street: ('859', 'Water Oaks Drive') https://osm.org/?mlat=29.94118497415577&mlon=-90.24693794802633&zoom=16
address does not match a street: ('861', 'Water Oaks Drive') https://osm.org/?mlat=29.94110459281002&mlon=-90.2470094827341&zoom=16
address does not match a street: ('863', 'Water Oaks Drive') https://osm.org/?mlat=29.9410370730622&mlon=-90.24706972038638&zoom=16
address does not match a street: ('865', 'Water Oaks Drive') https://osm.org/?mlat=29.940966468118056&mlon=-90.24714858539387&zoom=16
address does not match a street: ('889', 'Laurel Oaks Drive') https://osm.org/?mlat=29.940678565159406&mlon=-90.24542800419746&zoom=16
address does not match a street: ('841', 'Laurel Oaks Drive') https://osm.org/?mlat=29.9419366025943&mlon=-90.24324241778396&zoom=16
address does not match a street: ('843', 'Laurel Oaks Drive') https://osm.org/?mlat=29.941764401710923&mlon=-90.24317735766397&zoom=16
address does not match a street: ('845', 'Laurel Oaks Drive') https://osm.org/?mlat=29.94161381936331&mlon=-90.24337610672295&zoom=16
address does not match a street: ('847', 'Laurel Oaks Drive') https://osm.org/?mlat=29.941495099690602&mlon=-90.24351128528518&zoom=16
address does not match a street: ('849', 'Laurel Oaks Drive') https://osm.org/?mlat=29.941424528595206&mlon=-90.24359387285848&zoom=16
address does not match a street: ('851', 'Laurel Oaks Drive') https://osm.org/?mlat=29.941363703325067&mlon=-90.24368007289429&zoom=16
address does not match a street: ('853', 'Laurel Oaks Drive') https://osm.org/?mlat=29.941299731724172&mlon=-90.24377746415223&zoom=16
address does not match a street: ('855', 'Laurel Oaks Drive') https://osm.org/?mlat=29.941222620641398&mlon=-90.24385268375751&zoom=16
address does not match a street: ('857', 'Laurel Oaks Drive') https://osm.org/?mlat=29.941178019294444&mlon=-90.24394242534109&zoom=16
address does not match a street: ('859', 'Laurel Oaks Drive') https://osm.org/?mlat=29.941113924344805&mlon=-90.24402494165396&zoom=16
address does not match a street: ('861', 'Laurel Oaks Drive') https://osm.org/?mlat=29.941049829342884&mlon=-90.24410745786088&zoom=16
address does not match a street: ('863', 'Laurel Oaks Drive') https://osm.org/?mlat=29.94098567272088&mlon=-90.24418253667342&zoom=16
address does not match a street: ('865', 'Laurel Oaks Drive') https://osm.org/?mlat=29.940921639173553&mlon=-90.24427248892088&zoom=16
address does not match a street: ('867', 'Laurel Oaks Drive') https://osm.org/?mlat=29.940857482456234&mlon=-90.2443475675309&zoom=16
address does not match a street: ('869', 'Laurel Oaks Drive') https://osm.org/?mlat=29.94078697238368&mlon=-90.24443759125886&zoom=16
address does not match a street: ('871', 'Laurel Oaks Drive') https://osm.org/?mlat=29.94072287712015&mlon=-90.24452010693042&zoom=16
address does not match a street: ('873', 'Laurel Oaks Drive') https://osm.org/?mlat=29.940658720259865&mlon=-90.24459518523173&zoom=16
address does not match a street: ('875', 'Laurel Oaks Drive') https://osm.org/?mlat=29.940581608702978&mlon=-90.24467040372203&zoom=16
address does not match a street: ('877', 'Laurel Oaks Drive') https://osm.org/?mlat=29.940543914845428&mlon=-90.2448121334637&zoom=16
address does not match a street: ('881', 'Laurel Oaks Drive') https://osm.org/?mlat=29.94037056800289&mlon=-90.24499997002133&zoom=16
address does not match a street: ('883', 'Laurel Oaks Drive') https://osm.org/?mlat=29.940229975643092&mlon=-90.24523207412645&zoom=16
address does not match a street: ('885', 'Laurel Oaks Drive') https://osm.org/?mlat=29.940580729731508&mlon=-90.24534725454744&zoom=16
address does not match a street: ('887', 'Laurel Oaks Drive') https://osm.org/?mlat=29.940534774340946&mlon=-90.24527337733555&zoom=16
address does not match a street: ('857', 'Water Oaks Drive') https://osm.org/?mlat=29.941255701786957&mlon=-90.24687395524575&zoom=16
address does not match a street: ('822', 'Laurel Oaks Drive') https://osm.org/?mlat=29.94214530060296&mlon=-90.24478164947186&zoom=16
address does not match a street: ('824', 'Laurel Oaks Drive') https://osm.org/?mlat=29.942079851411457&mlon=-90.2447005470057&zoom=16
address does not match a street: ('826', 'Laurel Oaks Drive') https://osm.org/?mlat=29.942011101956783&mlon=-90.24461204157757&zoom=16
address does not match a street: ('828', 'Laurel Oaks Drive') https://osm.org/?mlat=29.941942413990375&mlon=-90.24453097363127&zoom=16
address does not match a street: ('830', 'Laurel Oaks Drive') https://osm.org/?mlat=29.941863763785566&mlon=-90.2444202634303&zoom=16
address does not match a street: ('832', 'Laurel Oaks Drive') https://osm.org/?mlat=29.94180152224116&mlon=-90.24433540637797&zoom=16
address does not match a street: ('834', 'Laurel Oaks Drive') https://osm.org/?mlat=29.94173280332043&mlon=-90.24425062012025&zoom=16
address does not match a street: ('836', 'Laurel Oaks Drive') https://osm.org/?mlat=29.941670593360605&mlon=-90.24416948298081&zoom=16
address does not match a street: ('838', 'Laurel Oaks Drive') https://osm.org/?mlat=29.94174439678699&mlon=-90.24447735000078&zoom=16
address does not match a street: ('840', 'Laurel Oaks Drive') https://osm.org/?mlat=29.941676970525645&mlon=-90.24454874576257&zoom=16
address does not match a street: ('842', 'Laurel Oaks Drive') https://osm.org/?mlat=29.941619352521414&mlon=-90.24463119143464&zoom=16
address does not match a street: ('846', 'Laurel Oaks Drive') https://osm.org/?mlat=29.941471792175292&mlon=-90.24480387203828&zoom=16
address does not match a street: ('848', 'Laurel Oaks Drive') https://osm.org/?mlat=29.94140448879108&mlon=-90.24489014202446&zoom=16
address does not match a street: ('850', 'Laurel Oaks Drive') https://osm.org/?mlat=29.941333946688825&mlon=-90.24497644721494&zoom=16
address does not match a street: ('852', 'Laurel Oaks Drive') https://osm.org/?mlat=29.941263620734023&mlon=-90.2450887818214&zoom=16
address does not match a street: ('854', 'Laurel Oaks Drive') https://osm.org/?mlat=29.94102010958656&mlon=-90.24501705867155&zoom=16
address does not match a street: ('856', 'Laurel Oaks Drive') https://osm.org/?mlat=29.94108225842336&mlon=-90.24509075954036&zoom=16
address does not match a street: ('858', 'Laurel Oaks Drive') https://osm.org/?mlat=29.94114773814764&mlon=-90.24517558113804&zoom=16
address does not match a street: ('860', 'Laurel Oaks Drive') https://osm.org/?mlat=29.941203532578424&mlon=-90.24526422639808&zoom=16
address does not match a street: ('862', 'Laurel Oaks Drive') https://osm.org/?mlat=29.941288597007798&mlon=-90.24536742965029&zoom=16
address does not match a street: ('866', 'Laurel Oaks Drive') https://osm.org/?mlat=29.94135093012616&mlon=-90.24546344184883&zoom=16
address does not match a street: ('809', 'Post Oaks Drive') https://osm.org/?mlat=29.94137752568903&mlon=-90.245154480572&zoom=16
address does not match a street: ('9525', 'Sweet Bay Lane') https://osm.org/?mlat=29.945098324378225&mlon=-90.25178215530487&zoom=16
address does not match a street: ('846', 'Water Oaks Drive') https://osm.org/?mlat=29.94193102644753&mlon=-90.24694545541836&zoom=16
address does not match a street: ('848', 'Water Oaks Drive') https://osm.org/?mlat=29.94185067580959&mlon=-90.24702070933212&zoom=16
address does not match a street: ('891', 'Laurel Oaks Drive') https://osm.org/?mlat=29.94073729062535&mlon=-90.24547942856137&zoom=16
address does not match a street: ('893', 'Laurel Oaks Drive') https://osm.org/?mlat=29.94079644650288&mlon=-90.24558291391146&zoom=16
address does not match a street: ('895', 'Laurel Oaks Drive') https://osm.org/?mlat=29.94086177220099&mlon=-90.24564914238904&zoom=16
address does not match a street: ('824', 'Water Oaks Drive') https://osm.org/?mlat=29.942801473006472&mlon=-90.24599246129611&zoom=16
address does not match a street: ('826', 'Water Oaks Drive') https://osm.org/?mlat=29.942718253023212&mlon=-90.24611237643121&zoom=16
address does not match a street: ('828', 'Water Oaks Drive') https://osm.org/?mlat=29.94262861614962&mlon=-90.24623979831314&zoom=16
address does not match a street: ('830', 'Water Oaks Drive') https://osm.org/?mlat=29.942506471458262&mlon=-90.2463526978999&zoom=16
address does not match a street: ('899', 'Laurel Oaks Drive') https://osm.org/?mlat=29.941005746087978&mlon=-90.24582608114562&zoom=16
address does not match a street: ('897', 'Laurel Oaks Drive') https://osm.org/?mlat=29.940946836323764&mlon=-90.24575234458005&zoom=16
address does not match a street: ('802', 'Nuttall Oaks Drive') https://osm.org/?mlat=29.940710129462563&mlon=-90.24611194011425&zoom=16
address does not match a street: ('804', 'Nuttall Oaks Drive') https://osm.org/?mlat=29.940644803996086&mlon=-90.24604571143443&zoom=16
address does not match a street: ('806', 'Nuttall Oaks Drive') https://osm.org/?mlat=29.940579232626618&mlon=-90.24594973380452&zoom=16
address does not match a street: ('808', 'Nuttall Oaks Drive') https://osm.org/?mlat=29.94052038440042&mlon=-90.2458834347358&zoom=16
address does not match a street: ('810', 'Nuttall Oaks Drive') https://osm.org/?mlat=29.9404481520655&mlon=-90.24576521719834&zoom=16
address does not match a street: ('812', 'Nuttall Oaks Drive') https://osm.org/?mlat=29.940382949385913&mlon=-90.24571386340811&zoom=16
address does not match a street: ('816', 'Nuttall Oaks Drive') https://osm.org/?mlat=29.940251990562732&mlon=-90.24554422091772&zoom=16
address does not match a street: ('818', 'Nuttall Oaks Drive') https://osm.org/?mlat=29.94016704835956&mlon=-90.24545589408875&zoom=16
address does not match a street: ('820', 'Nuttall Oaks Drive') https://osm.org/?mlat=29.940088584312836&mlon=-90.2453674957494&zoom=16
address does not match a street: ('801', 'Nuttall Oaks Drive') https://osm.org/?mlat=29.940357015898613&mlon=-90.24649511440103&zoom=16
address does not match a street: ('803', 'Nuttall Oaks Drive') https://osm.org/?mlat=29.94027861399415&mlon=-90.24641415231345&zoom=16
address does not match a street: ('805', 'Nuttall Oaks Drive') https://osm.org/?mlat=29.94018084062101&mlon=-90.24634084028581&zoom=16
address does not match a street: ('834', 'Water Oaks Drive') https://osm.org/?mlat=29.942345830461253&mlon=-90.24651064483943&zoom=16
address does not match a street: ('836', 'Water Oaks Drive') https://osm.org/?mlat=29.942262241415488&mlon=-90.24658593468484&zoom=16
address does not match a street: ('838', 'Water Oaks Drive') https://osm.org/?mlat=29.942145589992464&mlon=-90.2465797669631&zoom=16
address does not match a street: ('840', 'Water Oaks Drive') https://osm.org/?mlat=29.942101232488643&mlon=-90.2466992566141&zoom=16
address does not match a street: ('842', 'Water Oaks Drive') https://osm.org/?mlat=29.942043674561038&mlon=-90.24678913876389&zoom=16
address does not match a street: ('807', 'Nuttall Oaks Drive') https://osm.org/?mlat=29.940121746786375&mlon=-90.24624479235001&zoom=16
address does not match a street: ('5', 'Pin Oaks Place') https://osm.org/?mlat=29.939825760597202&mlon=-90.24648602432603&zoom=16
address does not match a street: ('7', 'Pin Oaks Place') https://osm.org/?mlat=29.939754020330763&mlon=-90.2464273037229&zoom=16
address does not match a street: ('9', 'Pin Oaks Place') https://osm.org/?mlat=29.939688510686832&mlon=-90.24633876492778&zoom=16
address does not match a street: ('13', 'Pin Oaks Place') https://osm.org/?mlat=29.93968672859843&mlon=-90.24612308944116&zoom=16
address does not match a street: ('15', 'Pin Oaks Place') https://osm.org/?mlat=29.939731269978044&mlon=-90.2460259129772&zoom=16
address does not match a street: ('896', 'Water Oaks Drive') https://osm.org/?mlat=29.940113066926347&mlon=-90.24879493855134&zoom=16
address does not match a street: ('900', 'Water Oaks Drive') https://osm.org/?mlat=29.94004227704618&mlon=-90.24885149201694&zoom=16
address does not match a street: ('284', 'Lake Marion') https://osm.org/?mlat=29.93602581783038&mlon=-90.24299469208178&zoom=16
address does not match a street: ('827', 'Laurel Oaks Drive') https://osm.org/?mlat=29.942473155709628&mlon=-90.24389109774559&zoom=16
address does not match a street: ('882', 'Water Oaks Drive') https://osm.org/?mlat=29.940613813639086&mlon=-90.24824653707282&zoom=16
address does not match a street: ('9524', 'Sweet Bay Lane') https://osm.org/?mlat=29.94456580427878&mlon=-90.25221404786073&zoom=16
address does not match a street: ('879', 'Water Oaks Drive') https://osm.org/?mlat=29.940458819102776&mlon=-90.2476450060962&zoom=16
address does not match a street: ('831', 'Water Oaks Drive') https://osm.org/?mlat=29.942207821991044&mlon=-90.24594947696214&zoom=16
address does not match a street: ('822', 'Water Oaks Drive') https://osm.org/?mlat=29.94277421230382&mlon=-90.24582912339841&zoom=16
address does not match a street: ('832', 'Water Oaks Drive') https://osm.org/?mlat=29.942435836245906&mlon=-90.2464278469128&zoom=16
address does not match a street: ('808', 'Post Oaks Drive') https://osm.org/?mlat=29.94175324874325&mlon=-90.24581311089844&zoom=16
address does not match a street: ('833', 'Post Oaks Drive') https://osm.org/?mlat=29.939909027724315&mlon=-90.24683358728133&zoom=16
address does not match a street: ('853', 'Water Oaks Drive') https://osm.org/?mlat=29.941403356992176&mlon=-90.24671243405842&zoom=16
address does not match a street: ('19', 'Pin Oaks Place') https://osm.org/?mlat=29.939950634855922&mlon=-90.24591939465843&zoom=16
address does not match a street: ('814', 'Nuttall Oaks Drive') https://osm.org/?mlat=29.940317377772153&mlon=-90.24561788624807&zoom=16
address does not match a street: ('11', 'Pin Oaks Place') https://osm.org/?mlat=29.939674634308506&mlon=-90.24622734918717&zoom=16
address does not match a street: ('820', 'Laurel Oaks Drive') https://osm.org/?mlat=29.94221741075812&mlon=-90.24488499458243&zoom=16
address does not match a street: ('844', 'Laurel Oaks Drive') https://osm.org/?mlat=29.941548811493167&mlon=-90.24471749698414&zoom=16
address does not match a street: ('811', 'Post Oaks Drive') https://osm.org/?mlat=29.94132953102285&mlon=-90.24522566373838&zoom=16
address does not match a street: ('812', 'Laurel Oaks Drive') https://osm.org/?mlat=29.94247945282328&mlon=-90.2452391587251&zoom=16
address does not match a street: ('9512', 'Sweet Bay Lane') https://osm.org/?mlat=29.9438941865753&mlon=-90.25131250879052&zoom=16
address does not match a street: ('9517', 'Raintree Lane') https://osm.org/?mlat=29.942698905515662&mlon=-90.25256145752903&zoom=16
address does not match a street: ('881', 'Smolkin Lane') https://osm.org/?mlat=29.941723031829447&mlon=-90.25171658562256&zoom=16
address does not match a street: ('9512', 'Sugar Maple Lane') https://osm.org/?mlat=29.94287040094251&mlon=-90.2520255780868&zoom=16
address does not match a street: ('9508', 'Raintree Lane') https://osm.org/?mlat=29.941932795242273&mlon=-90.25260922266072&zoom=16
address does not match a street: ('9500', 'Raintree Lane') https://osm.org/?mlat=29.94165018387619&mlon=-90.25214715202318&zoom=16
address does not match a street: ('317', 'Lake Joseph') https://osm.org/?mlat=29.93831276184538&mlon=-90.24430845658367&zoom=16
address does not match a street: ('34', 'Lake Mirais Lane') https://osm.org/?mlat=29.936517944424445&mlon=-90.24359449287107&zoom=16
address does not match a street: ('869', 'Smolkin Lane') https://osm.org/?mlat=29.94251085591716&mlon=-90.25143921131504&zoom=16
address does not match a street: ('844', 'Water Oaks Drive') https://osm.org/?mlat=29.94196650035615&mlon=-90.24685692027555&zoom=16
address does not match a street: ('879', 'Laurel Oaks Drive') https://osm.org/?mlat=29.9404474336343&mlon=-90.24489500191405&zoom=16
address does not match a street: ('309', 'Lake Joseph') https://osm.org/?mlat=29.938652416187285&mlon=-90.24385544155646&zoom=16
address does not match a street: ('894', 'Water Oaks Drive') https://osm.org/?mlat=29.940199803963353&mlon=-90.24870846216568&zoom=16
address does not match a street: ('6', 'Lake Mirais Lane') https://osm.org/?mlat=29.936411703481166&mlon=-90.24330223469471&zoom=16
address does not match a street: ('865', 'Smolkin Lane') https://osm.org/?mlat=29.942557570115696&mlon=-90.25100933743768&zoom=16
address does not match a street: ('9504', 'Raintree Lane') https://osm.org/?mlat=29.94176259351152&mlon=-90.25228955722571&zoom=16
address does not match a street: ('873', 'Smolkin Lane') https://osm.org/?mlat=29.942226997390332&mlon=-90.25160587189988&zoom=16
address does not match a street: ('9508', 'Sugar Maple Lane') https://osm.org/?mlat=29.942729126162703&mlon=-90.25169655019086&zoom=16
address does not match a street: ('9509', 'Sugar Maple Lane') https://osm.org/?mlat=29.943461148773203&mlon=-90.25163662352226&zoom=16
address does not match a street: ('9520', 'Sugar Maple Lane') https://osm.org/?mlat=29.943205235919205&mlon=-90.25264058407325&zoom=16
address does not match a street: ('9516', 'Sugar Maple Lane') https://osm.org/?mlat=29.94303641953346&mlon=-90.25230075134643&zoom=16
address does not match a street: ('9505', 'Sugar Maple Lane') https://osm.org/?mlat=29.943365821894417&mlon=-90.25130737158142&zoom=16
address does not match a street: ('265', 'Lake Joseph') https://osm.org/?mlat=29.93930191274344&mlon=-90.24224366909216&zoom=16
address does not match a street: ('861', 'Smolkin Lane') https://osm.org/?mlat=29.942904337151127&mlon=-90.25083627170679&zoom=16
address does not match a street: ('9513', 'Raintree Lane') https://osm.org/?mlat=29.94258076039814&mlon=-90.25224396481119&zoom=16
address does not match a street: ('877', 'Smolkin Lane') https://osm.org/?mlat=29.94187158873781&mlon=-90.25143567570345&zoom=16
address does not match a street: ('9521', 'Sugar Maple Lane') https://osm.org/?mlat=29.94390524756118&mlon=-90.25251961161534&zoom=16
address does not match a street: ('9509', 'Raintree Lane') https://osm.org/?mlat=29.942407884986938&mlon=-90.25194762418063&zoom=16
address does not match a street: ('9509', 'Sweet Bay Lane') https://osm.org/?mlat=29.94437039857655&mlon=-90.25062657935668&zoom=16
