address does not match a street: (None, '1027', 'Oconnor Street') https://osm.org/?mlat=29.914623432352933&mlon=-90.04577467143223&zoom=16
address does not match a street: (None, '38', 'Howard Street') https://osm.org/?mlat=29.908771800178872&mlon=-90.04585947434494&zoom=16
address does not match a street: (None, '54', 'Howard Street') https://osm.org/?mlat=29.907447991940113&mlon=-90.04600929038844&zoom=16
address does not match a street: (None, '50', 'Howard Street') https://osm.org/?mlat=29.907738865091755&mlon=-90.04596464044417&zoom=16
address does not match a street: (None, '44', 'Howard Street') https://osm.org/?mlat=29.908319193184745&mlon=-90.04592199663621&zoom=16
address does not match a street: (None, '40', 'Howard Street') https://osm.org/?mlat=29.908560533245527&mlon=-90.04586219907122&zoom=16
address does not match a street: (None, '39', 'Howard Street') https://osm.org/?mlat=29.908595850467428&mlon=-90.04640492106824&zoom=16
address does not match a street: (None, '43', 'Howard Street') https://osm.org/?mlat=29.908367826873892&mlon=-90.04642005907762&zoom=16
address does not match a street: (None, '45', 'Howard Street') https://osm.org/?mlat=29.908065182853772&mlon=-90.04641176219626&zoom=16
address does not match a street: (None, '51', 'Howard Street') https://osm.org/?mlat=29.90748790933103&mlon=-90.04644718800766&zoom=16
address does not match a street: (None, '35', 'Howard Street') https://osm.org/?mlat=29.908896247408187&mlon=-90.04643907824025&zoom=16
address does not match a street: (None, '47', 'Howard Street') https://osm.org/?mlat=29.90779815930084&mlon=-90.0464022895263&zoom=16
address does not match a street: (None, '50', 'Oconnor Street') https://osm.org/?mlat=29.916212280830884&mlon=-90.04517651307543&zoom=16
address has no house number: (None, None, 'Westbank Expressway') https://osm.org/?mlat=29.914271292486024&mlon=-90.04767219364112&zoom=16
address has no house number: (None, None, '11th Street') https://osm.org/?mlat=29.914213461115256&mlon=-90.05347242709091&zoom=16
address has no house number: (None, None, 'Randall Court') https://osm.org/?mlat=29.912298303671086&mlon=-90.04964795284796&zoom=16
address does not match a street: (None, None, 'Randall Court') https://osm.org/?mlat=29.912298303671086&mlon=-90.04964795284796&zoom=16
address has no house number: (None, None, 'Smithway Drive') https://osm.org/?mlat=29.910088957502946&mlon=-90.04617973496413&zoom=16
address has no house number: (None, None, '9th Street') https://osm.org/?mlat=29.9159141873254&mlon=-90.05492527387878&zoom=16
address has no house number: (None, None, 'Willow Drive') https://osm.org/?mlat=29.909757926189073&mlon=-90.04921493119261&zoom=16
address has no house number: (None, None, 'Westbank Expressway') https://osm.org/?mlat=29.914585880931355&mlon=-90.04717587964157&zoom=16
address does not match a street: (None, '48', 'Howard Street') https://osm.org/?mlat=29.908021640895065&mlon=-90.04592296432511&zoom=16
address does not match a street: (None, '34', 'Howard Street') https://osm.org/?mlat=29.90908419202136&mlon=-90.04596953496171&zoom=16
