address does not match a street: (None, '360', 'South Jamie') https://osm.org/?mlat=29.90344100595354&mlon=-90.20621571584435&zoom=16
address has no house number: (None, None, 'Ursula Drive') https://osm.org/?mlat=29.903632674605312&mlon=-90.20647130277376&zoom=16
address does not match a street: (None, '132', 'Carita Drive') https://osm.org/?mlat=29.900962670765743&mlon=-90.20844565216628&zoom=16
address does not match a street: (None, '136', 'Carita Drive') https://osm.org/?mlat=29.90099701690412&mlon=-90.20860307881885&zoom=16
address does not match a street: (None, '137', 'Carita Drive') https://osm.org/?mlat=29.900637829551393&mlon=-90.20872706250249&zoom=16
address does not match a street: (None, '120', 'Carita Drive') https://osm.org/?mlat=29.900927725833135&mlon=-90.20789685735362&zoom=16
address does not match a street: (None, '113', 'Carita Drive') https://osm.org/?mlat=29.900524619699812&mlon=-90.20770887102948&zoom=16
address does not match a street: (None, '104', 'Carita Drive') https://osm.org/?mlat=29.900831474349026&mlon=-90.20725406692026&zoom=16
address does not match a street: (None, '100', 'Carita Drive') https://osm.org/?mlat=29.900824245323815&mlon=-90.20705214864468&zoom=16
address does not match a street: (None, '245', 'South Jamie Boulevard East') https://osm.org/?mlat=29.907063262600918&mlon=-90.20344894391634&zoom=16
address does not match a street: (None, '245', 'South Jamie Boulevard East') https://osm.org/?mlat=29.90717870964461&mlon=-90.2039540526302&zoom=16
address does not match a street: (None, '121', 'Carita Drive') https://osm.org/?mlat=29.90055231092164&mlon=-90.20805258879298&zoom=16
address does not match a street: (None, '133', 'Carita Drive') https://osm.org/?mlat=29.90059790316595&mlon=-90.20856023052443&zoom=16
address does not match a street: (None, '112', 'Carita Drive') https://osm.org/?mlat=29.9008617003594&mlon=-90.2075725080956&zoom=16
address does not match a street: (None, '109', 'Carita Drive') https://osm.org/?mlat=29.900501082218383&mlon=-90.20752922987803&zoom=16
address does not match a street: (None, '105', 'Carita Drive') https://osm.org/?mlat=29.900480348250873&mlon=-90.2073558706974&zoom=16
address does not match a street: (None, '125', 'Carita Drive') https://osm.org/?mlat=29.90056474085033&mlon=-90.20821973037414&zoom=16
address does not match a street: (None, '128', 'Carita Drive') https://osm.org/?mlat=29.900941938007396&mlon=-90.20827229199381&zoom=16
address does not match a street: (None, '108', 'Carita Drive') https://osm.org/?mlat=29.900846519898835&mlon=-90.20740539710857&zoom=16
address does not match a street: (None, '101', 'Carita Drive') https://osm.org/?mlat=29.900459641079177&mlon=-90.2071856675195&zoom=16
address does not match a street: (None, '116', 'Carita Drive') https://osm.org/?mlat=29.900885156739324&mlon=-90.2077426810377&zoom=16
address does not match a street: (None, '117', 'Carita Drive') https://osm.org/?mlat=29.90055074459095&mlon=-90.2078695446301&zoom=16
address does not match a street: (None, '129', 'Carita Drive') https://osm.org/?mlat=29.90059369581393&mlon=-90.20838984099507&zoom=16
address has no house number: (None, None, 'Pat Drive') https://osm.org/?mlat=29.899953461709362&mlon=-90.20490259381322&zoom=16
address does not match a street: (None, '124', 'Carita Drive') https://osm.org/?mlat=29.90092125902508&mlon=-90.20810524378452&zoom=16
address has no house number: (None, None, 'Ruth Drive') https://osm.org/?mlat=29.907017172659614&mlon=-90.20859336301592&zoom=16
address has no house number: (None, None, 'Ruth Drive') https://osm.org/?mlat=29.90714334195046&mlon=-90.20857583203612&zoom=16
address has no house number: (None, None, 'Jacqueline Drive') https://osm.org/?mlat=29.906276173429372&mlon=-90.20749651742302&zoom=16
address has no house number: (None, None, 'Ruth Drive') https://osm.org/?mlat=29.906370388517967&mlon=-90.20850336948922&zoom=16
address does not match a street: (None, '250', 'South Jamie Boulevard East') https://osm.org/?mlat=29.906850922921766&mlon=-90.20443396681051&zoom=16
address does not match a street: (None, '329', 'South Jamie Boulevard East') https://osm.org/?mlat=29.905032796403376&mlon=-90.20461212685062&zoom=16
address does not match a street: (None, '333', 'South Jamie Boulevard East') https://osm.org/?mlat=29.90503274790566&mlon=-90.20461225787922&zoom=16
address does not match a street: (None, '329', 'South Jamie Boulevard East') https://osm.org/?mlat=29.904665110974275&mlon=-90.20481052703319&zoom=16
new building tag (addr:street=South Jamie Boulevard East) does not match the old one (addr:street=South Jamie Boulevard)
