address does not match a street: (None, '1752', 'Buccola Avenue') https://osm.org/?mlat=29.88149051118399&mlon=-90.11557950338216&zoom=16
address does not match a street: (None, '1804', 'Buccola Avenue') https://osm.org/?mlat=29.88103961896747&mlon=-90.11559131340378&zoom=16
address does not match a street: (None, '1761', 'Buccola Avenue') https://osm.org/?mlat=29.88131043799486&mlon=-90.11513990755428&zoom=16
address does not match a street: (None, '1800', 'Buccola Avenue') https://osm.org/?mlat=29.881193572592387&mlon=-90.11558628026951&zoom=16
address does not match a street: (None, '1801', 'Buccola Avenue') https://osm.org/?mlat=29.881175235262344&mlon=-90.11509106551091&zoom=16
address does not match a street: (None, '1824', 'Buccola Avenue') https://osm.org/?mlat=29.880346577426984&mlon=-90.11558714254902&zoom=16
address does not match a street: (None, '1605', 'Buccola Avenue') https://osm.org/?mlat=29.88557206162062&mlon=-90.11504373290344&zoom=16
address does not match a street: (None, '1656', 'Buccola Avenue') https://osm.org/?mlat=29.88394309589993&mlon=-90.1155338140185&zoom=16
address does not match a street: (None, '1648', 'Buccola Avenue') https://osm.org/?mlat=29.88421514103984&mlon=-90.1155115616515&zoom=16
address does not match a street: (None, '1649', 'Buccola Avenue') https://osm.org/?mlat=29.884191771826806&mlon=-90.11506688630621&zoom=16
address does not match a street: (None, '1653', 'Buccola Avenue') https://osm.org/?mlat=29.884062710779634&mlon=-90.11508739540336&zoom=16
address does not match a street: (None, '1716', 'Buccola Avenue') https://osm.org/?mlat=29.88271933369765&mlon=-90.11553296037023&zoom=16
address does not match a street: (None, '6520', 'Second Zion Boulevard') https://osm.org/?mlat=29.88344373826008&mlon=-90.11852182540864&zoom=16
address does not match a street: (None, '1529', 'Mansfield Avenue') https://osm.org/?mlat=29.883439442103935&mlon=-90.11905859483387&zoom=16
address does not match a street: (None, '1628', 'Buccola Avenue') https://osm.org/?mlat=29.884905197882247&mlon=-90.11549052238402&zoom=16
address does not match a street: (None, '1624', 'Buccola Avenue') https://osm.org/?mlat=29.88503586750238&mlon=-90.1154568459936&zoom=16
address does not match a street: (None, '1642', 'Mansfield Avenue') https://osm.org/?mlat=29.881111746411328&mlon=-90.11952553670632&zoom=16
address does not match a street: (None, '1704', 'Mansfield Avenue') https://osm.org/?mlat=29.88087816709417&mlon=-90.11954415422635&zoom=16
address does not match a street: (None, '1717', 'Mansfield Avenue') https://osm.org/?mlat=29.88086855997286&mlon=-90.11909932458146&zoom=16
address does not match a street: (None, '1721', 'Mansfield Avenue') https://osm.org/?mlat=29.880755676799094&mlon=-90.11908491904468&zoom=16
address does not match a street: (None, '1821', 'Buccola Avenue') https://osm.org/?mlat=29.880340086645695&mlon=-90.11518330163965&zoom=16
address does not match a street: (None, '1837', 'Buccola Avenue') https://osm.org/?mlat=29.87976259155279&mlon=-90.115184035301&zoom=16
address does not match a street: (None, '6503', 'Deanna Street') https://osm.org/?mlat=29.88155315461831&mlon=-90.11746490062713&zoom=16
address does not match a street: (None, '6505', 'Deanna Street') https://osm.org/?mlat=29.881551970030692&mlon=-90.11733680320022&zoom=16
address does not match a street: (None, '6506', 'Deanna Street') https://osm.org/?mlat=29.881552041430112&mlon=-90.11733652382894&zoom=16
address does not match a street: (None, '6504', 'Deanna Street') https://osm.org/?mlat=29.881553228727046&mlon=-90.11746491421927&zoom=16
address does not match a street: (None, '1817', 'Buccola Avenue') https://osm.org/?mlat=29.88062547104433&mlon=-90.11511670750669&zoom=16
address does not match a street: (None, '1813', 'Buccola Avenue') https://osm.org/?mlat=29.880749265728923&mlon=-90.11512150851188&zoom=16
address does not match a street: (None, '1805', 'Buccola Avenue') https://osm.org/?mlat=29.88104582425726&mlon=-90.11507371045138&zoom=16
address does not match a street: (None, '1852', 'Buccola Avenue') https://osm.org/?mlat=29.879321173494258&mlon=-90.11562489201829&zoom=16
address does not match a street: (None, '1848', 'Buccola Avenue') https://osm.org/?mlat=29.87948600904076&mlon=-90.11560710392813&zoom=16
address does not match a street: (None, '1853', 'Buccola Avenue') https://osm.org/?mlat=29.879201711514426&mlon=-90.11519718862567&zoom=16
address does not match a street: (None, '1540', 'Mansfield Avenue') https://osm.org/?mlat=29.882834104596583&mlon=-90.11954128285046&zoom=16
address does not match a street: (None, '1545', 'Mansfield Avenue') https://osm.org/?mlat=29.883123226403587&mlon=-90.11906244021452&zoom=16
address does not match a street: (None, '1700', 'Buccola Avenue') https://osm.org/?mlat=29.883373616332875&mlon=-90.11550920215451&zoom=16
address does not match a street: (None, '1705', 'Buccola Avenue') https://osm.org/?mlat=29.88324818687516&mlon=-90.11503106182978&zoom=16
address does not match a street: (None, '1701', 'Buccola Avenue') https://osm.org/?mlat=29.88336367397541&mlon=-90.11502965277256&zoom=16
address does not match a street: (None, '1709', 'Buccola Avenue') https://osm.org/?mlat=29.88309446628842&mlon=-90.11506133878221&zoom=16
address does not match a street: (None, '1664', 'Buccola Avenue') https://osm.org/?mlat=29.88365724473889&mlon=-90.11554992317856&zoom=16
address does not match a street: (None, '1661', 'Buccola Avenue') https://osm.org/?mlat=29.883790578906904&mlon=-90.11510018274703&zoom=16
address does not match a street: (None, '1665', 'Buccola Avenue') https://osm.org/?mlat=29.88364765335189&mlon=-90.11510823794697&zoom=16
address does not match a street: (None, '1415', 'Mansfield Avenue') https://osm.org/?mlat=29.885275862182294&mlon=-90.11899523718769&zoom=16
address does not match a street: (None, '1757', 'Buccola Avenue') https://osm.org/?mlat=29.881447543525&mlon=-90.1150972102898&zoom=16
address does not match a street: (None, '1749', 'Buccola Avenue') https://osm.org/?mlat=29.881716925777972&mlon=-90.11508445678501&zoom=16
address does not match a street: (None, '1705', 'Robin Drive') https://osm.org/?mlat=29.878938250753333&mlon=-90.11081097877893&zoom=16
address does not match a street: (None, '1717', 'Buccola Avenue') https://osm.org/?mlat=29.88282224668316&mlon=-90.11506466003085&zoom=16
address does not match a street: (None, '1828', 'Buccola Avenue') https://osm.org/?mlat=29.88021757558704&mlon=-90.11561396070344&zoom=16
address does not match a street: (None, '1725', 'Mansfield Avenue') https://osm.org/?mlat=29.880260696953734&mlon=-90.11911521082425&zoom=16
address does not match a street: (None, '1840', 'Buccola Avenue') https://osm.org/?mlat=29.879771802803937&mlon=-90.11558468509136&zoom=16
address does not match a street: (None, '1836', 'Buccola Avenue') https://osm.org/?mlat=29.87992575645116&mlon=-90.11557965201077&zoom=16
address does not match a street: (None, '1704', 'Buccola Avenue') https://osm.org/?mlat=29.883131963908024&mlon=-90.11554686224042&zoom=16
address does not match a street: (None, '1429', 'Mansfield Avenue') https://osm.org/?mlat=29.88469278058964&mlon=-90.11898654949728&zoom=16
address does not match a street: (None, '1425', 'Mansfield Avenue') https://osm.org/?mlat=29.884814612152333&mlon=-90.11907658504553&zoom=16
address does not match a street: (None, '1436', 'Mansfield Avenue') https://osm.org/?mlat=29.884710873983792&mlon=-90.11944082241216&zoom=16
address does not match a street: (None, '1432', 'Mansfield Avenue') https://osm.org/?mlat=29.88471072455881&mlon=-90.1194407621074&zoom=16
address does not match a street: (None, '1617', 'Buccola Avenue') https://osm.org/?mlat=29.885297091499968&mlon=-90.11504708784267&zoom=16
address does not match a street: (None, '1640', 'Buccola Avenue') https://osm.org/?mlat=29.88448194889958&mlon=-90.11551777484712&zoom=16
address does not match a street: (None, '1632', 'Buccola Avenue') https://osm.org/?mlat=29.88474004098323&mlon=-90.11547360214307&zoom=16
address does not match a street: (None, '1644', 'Buccola Avenue') https://osm.org/?mlat=29.884341743799215&mlon=-90.11552264057394&zoom=16
address does not match a street: (None, '1633', 'Buccola Avenue') https://osm.org/?mlat=29.884744607095612&mlon=-90.11507592009545&zoom=16
address does not match a street: (None, '1820', 'Buccola Avenue') https://osm.org/?mlat=29.880492487440332&mlon=-90.11560429694798&zoom=16
address does not match a street: (None, '1812', 'Buccola Avenue') https://osm.org/?mlat=29.88078097151638&mlon=-90.11557553378928&zoom=16
address does not match a street: (None, '1808', 'Buccola Avenue') https://osm.org/?mlat=29.880890783930262&mlon=-90.11555526074409&zoom=16
address does not match a street: (None, '1624', 'Mansfield Avenue') https://osm.org/?mlat=29.881646364773314&mlon=-90.11949385791121&zoom=16
address does not match a street: (None, '6164', 'Singleton Drive') https://osm.org/?mlat=29.884815050570825&mlon=-90.1105181227824&zoom=16
address does not match a street: (None, '6156', 'Singleton Drive') https://osm.org/?mlat=29.88480623482101&mlon=-90.11016162790983&zoom=16
address does not match a street: (None, '6152', 'Singleton Drive') https://osm.org/?mlat=29.884771712091407&mlon=-90.10999795092134&zoom=16
address does not match a street: (None, '1729', 'Buccola Avenue') https://osm.org/?mlat=29.882406895949057&mlon=-90.11505394907867&zoom=16
address does not match a street: (None, '1629', 'Mansfield Avenue') https://osm.org/?mlat=29.881759695910112&mlon=-90.11911373367944&zoom=16
address does not match a street: (None, '1616', 'Mansfield Avenue') https://osm.org/?mlat=29.881914309489215&mlon=-90.11947791282223&zoom=16
address does not match a street: (None, '1705', 'Mansfield Avenue') https://osm.org/?mlat=29.881236961676947&mlon=-90.1190885335169&zoom=16
address does not match a street: (None, '1703', 'Mansfield Avenue') https://osm.org/?mlat=29.881297542371765&mlon=-90.11909726381364&zoom=16
address does not match a street: (None, '1701', 'Mansfield Avenue') https://osm.org/?mlat=29.881349873982046&mlon=-90.11910609442923&zoom=16
address does not match a street: (None, '1633', 'Mansfield Avenue') https://osm.org/?mlat=29.8816578406653&mlon=-90.11910234956403&zoom=16
address does not match a street: (None, '1636', 'Mansfield Avenue') https://osm.org/?mlat=29.88123805759794&mlon=-90.11950506738731&zoom=16
address does not match a street: (None, '1526', 'Mansfield Avenue') https://osm.org/?mlat=29.88346818070351&mlon=-90.11949058047009&zoom=16
address does not match a street: (None, '1524', 'Mansfield Avenue') https://osm.org/?mlat=29.883605315849167&mlon=-90.11945104467623&zoom=16
address does not match a street: (None, '1512', 'Mansfield Avenue') https://osm.org/?mlat=29.88388312321889&mlon=-90.1194571346398&zoom=16
address does not match a street: (None, '1704', 'Robin Drive') https://osm.org/?mlat=29.87903596407925&mlon=-90.11126418785919&zoom=16
address does not match a street: (None, '1701', 'Robin Drive') https://osm.org/?mlat=29.879067809034375&mlon=-90.1108441040854&zoom=16
address does not match a street: (None, '6161', 'Singleton Drive') https://osm.org/?mlat=29.884389777732327&mlon=-90.11032767296787&zoom=16
address does not match a street: (None, '6165', 'Singleton Drive') https://osm.org/?mlat=29.884372114616035&mlon=-90.11049830108178&zoom=16
address does not match a street: (None, '1504', 'Mansfield Avenue') https://osm.org/?mlat=29.88413893302957&mlon=-90.11946349205482&zoom=16
address does not match a street: (None, '1416', 'Mansfield Avenue') https://osm.org/?mlat=29.8852463621988&mlon=-90.11937429052102&zoom=16
address does not match a street: (None, '1420', 'Mansfield Avenue') https://osm.org/?mlat=29.88508715324579&mlon=-90.11942039041175&zoom=16
address does not match a street: (None, '1845', 'Buccola Avenue') https://osm.org/?mlat=29.87947665169897&mlon=-90.1151906790739&zoom=16
address does not match a street: (None, '1505', 'Mansfield Avenue') https://osm.org/?mlat=29.88412666336521&mlon=-90.11902814750049&zoom=16
address does not match a street: (None, '1441', 'Mansfield Avenue') https://osm.org/?mlat=29.884363218430885&mlon=-90.11902539290627&zoom=16
address does not match a street: (None, '1437', 'Mansfield Avenue') https://osm.org/?mlat=29.88436313701315&mlon=-90.11902527172494&zoom=16
address does not match a street: (None, '1617', 'Mansfield Avenue') https://osm.org/?mlat=29.882128039301207&mlon=-90.11909663191858&zoom=16
address does not match a street: (None, '1733', 'Buccola Avenue') https://osm.org/?mlat=29.882283305930976&mlon=-90.11507123538976&zoom=16
address does not match a street: (None, '1721', 'Buccola Avenue') https://osm.org/?mlat=29.882695613725506&mlon=-90.11505042652534&zoom=16
address does not match a street: (None, '1601', 'Buccola Avenue') https://osm.org/?mlat=29.885703900664137&mlon=-90.11502634533927&zoom=16
address does not match a street: (None, '1745', 'Buccola Avenue') https://osm.org/?mlat=29.881851749357967&mlon=-90.11509227892091&zoom=16
address does not match a street: (None, '1411', 'Mansfield Avenue') https://osm.org/?mlat=29.885501916528963&mlon=-90.11906237918517&zoom=16
address does not match a street: (None, '6160', 'Singleton Drive') https://osm.org/?mlat=29.884796850333462&mlon=-90.11033531010129&zoom=16
address does not match a street: (None, '6507', 'Second Zion Boulevard') https://osm.org/?mlat=29.883349472177123&mlon=-90.1174279830197&zoom=16
address does not match a street: (None, '6505', 'Second Zion Boulevard') https://osm.org/?mlat=29.883341415979903&mlon=-90.11728962080872&zoom=16
address does not match a street: (None, '1518', 'Mansfield Avenue') https://osm.org/?mlat=29.883714589859178&mlon=-90.11938461170544&zoom=16
address does not match a street: (None, '1516', 'Mansfield Avenue') https://osm.org/?mlat=29.883723524458155&mlon=-90.11944645191029&zoom=16
address does not match a street: (None, '1537', 'Mansfield Avenue') https://osm.org/?mlat=29.88323031967296&mlon=-90.11904535931733&zoom=16
address does not match a street: (None, '1530', 'Mansfield Avenue') https://osm.org/?mlat=29.88327421252391&mlon=-90.11944835251693&zoom=16
address does not match a street: (None, '1712', 'Buccola Avenue') https://osm.org/?mlat=29.882859802738146&mlon=-90.11555649286412&zoom=16
address does not match a street: (None, '1660', 'Buccola Avenue') https://osm.org/?mlat=29.883791658228&mlon=-90.11551357081211&zoom=16
address does not match a street: (None, '1500', 'Mansfield Avenue') https://osm.org/?mlat=29.884273114548673&mlon=-90.11940190162514&zoom=16
address does not match a street: (None, '1833', 'Buccola Avenue') https://osm.org/?mlat=29.879919207181842&mlon=-90.11516950229247&zoom=16
address does not match a street: (None, '1412', 'Mansfield Avenue') https://osm.org/?mlat=29.88535944919835&mlon=-90.11941078503436&zoom=16
address does not match a street: (None, '1709', 'Robin Drive') https://osm.org/?mlat=29.878806265480115&mlon=-90.11081259463418&zoom=16
address does not match a street: (None, '1557', 'Mansfield Avenue') https://osm.org/?mlat=29.882793117427987&mlon=-90.1190506760102&zoom=16
address does not match a street: (None, '1612', 'Mansfield Avenue') https://osm.org/?mlat=29.882087773267333&mlon=-90.11950104958117&zoom=16
address does not match a street: (None, '1534', 'Mansfield Avenue') https://osm.org/?mlat=29.883146845087733&mlon=-90.11943043858682&zoom=16
address does not match a street: (None, '1712', 'Robin Drive') https://osm.org/?mlat=29.878769097198074&mlon=-90.11125167593084&zoom=16
address does not match a street: (None, '6504', 'Second Zion Boulevard') https://osm.org/?mlat=29.883728883614204&mlon=-90.11734782102687&zoom=16
address does not match a street: (None, '6506', 'Second Zion Boulevard') https://osm.org/?mlat=29.88377012901389&mlon=-90.11734731874704&zoom=16
address does not match a street: (None, '1437', 'Mansfield Avenue') https://osm.org/?mlat=29.884478740700235&mlon=-90.11903648887487&zoom=16
address does not match a street: (None, '1432', 'Mansfield Avenue') https://osm.org/?mlat=29.88482042074084&mlon=-90.11938927483709&zoom=16
address does not match a street: (None, '1509', 'Mansfield Avenue') https://osm.org/?mlat=29.88401954096979&mlon=-90.11904207318314&zoom=16
address does not match a street: (None, '1508', 'Mansfield Avenue') https://osm.org/?mlat=29.884014768162743&mlon=-90.11946850510469&zoom=16
address does not match a street: (None, '1620', 'Mansfield Avenue') https://osm.org/?mlat=29.881790484949104&mlon=-90.11946995105528&zoom=16
address does not match a street: (None, '1657', 'Buccola Avenue') https://osm.org/?mlat=29.88393187280126&mlon=-90.11511594075125&zoom=16
address does not match a street: (None, '1515', 'Mansfield Avenue') https://osm.org/?mlat=29.883799244936185&mlon=-90.11901003910414&zoom=16
address does not match a street: (None, '1513', 'Mansfield Avenue') https://osm.org/?mlat=29.88391727778145&mlon=-90.11898651351954&zoom=16
address does not match a street: (None, '1725', 'Buccola Avenue') https://osm.org/?mlat=29.88254982152134&mlon=-90.11504589390115&zoom=16
address does not match a street: (None, '1844', 'Buccola Avenue') https://osm.org/?mlat=29.879642625623713&mlon=-90.11559257161235&zoom=16
address does not match a street: (None, '1841', 'Buccola Avenue') https://osm.org/?mlat=29.87963338516452&mlon=-90.1151887670929&zoom=16
address does not match a street: (None, '1708', 'Robin Drive') https://osm.org/?mlat=29.878901141129987&mlon=-90.11125637110118&zoom=16
address does not match a street: (None, '1652', 'Buccola Avenue') https://osm.org/?mlat=29.884058407652635&mlon=-90.11551347321358&zoom=16
address does not match a street: (None, '1720', 'Buccola Avenue') https://osm.org/?mlat=29.882515944070594&mlon=-90.11554490796455&zoom=16
address does not match a street: (None, '1720', 'Buccola Avenue') https://osm.org/?mlat=29.882515944070594&mlon=-90.11554490796455&zoom=16
address does not match a street: (None, '1748', 'Buccola Avenue') https://osm.org/?mlat=29.88163074555546&mlon=-90.115577793184&zoom=16
address does not match a street: (None, '1753', 'Buccola Avenue') https://osm.org/?mlat=29.881579645756403&mlon=-90.11510822232252&zoom=16
address does not match a street: (None, '1713', 'Buccola Avenue') https://osm.org/?mlat=29.88294873256143&mlon=-90.11506311682666&zoom=16
address does not match a street: (None, '1421', 'Mansfield Avenue') https://osm.org/?mlat=29.88498500572564&mlon=-90.11906504563117&zoom=16
address does not match a street: (None, '1620', 'Buccola Avenue') https://osm.org/?mlat=29.885185988879638&mlon=-90.11552181124888&zoom=16
address does not match a street: (None, '1621', 'Buccola Avenue') https://osm.org/?mlat=29.885156857195074&mlon=-90.11504879884896&zoom=16
address does not match a street: (None, '1816', 'Buccola Avenue') https://osm.org/?mlat=29.88062687177077&mlon=-90.11556479052865&zoom=16
address does not match a street: (None, '1809', 'Buccola Avenue') https://osm.org/?mlat=29.88091143918826&mlon=-90.11511321874356&zoom=16
address does not match a street: (None, '1538', 'Mansfield Avenue') https://osm.org/?mlat=29.883039285791877&mlon=-90.11950210565958&zoom=16
address does not match a street: (None, '1605', 'Mansfield Avenue') https://osm.org/?mlat=29.882474297705&mlon=-90.11907033151653&zoom=16
address does not match a street: (None, '6157', 'Singleton Drive') https://osm.org/?mlat=29.88438825150307&mlon=-90.1101635924044&zoom=16
address does not match a street: (None, '1636', 'Buccola Avenue') https://osm.org/?mlat=29.88463022863094&mlon=-90.11549387605952&zoom=16
address does not match a street: (None, '1637', 'Buccola Avenue') https://osm.org/?mlat=29.884612651093285&mlon=-90.11508068581135&zoom=16
address does not match a street: (None, '1641', 'Buccola Avenue') https://osm.org/?mlat=29.884472269701206&mlon=-90.11506661977222&zoom=16
address does not match a street: (None, '6153', 'Singleton Drive') https://osm.org/?mlat=29.884394798002607&mlon=-90.10998047840899&zoom=16
address does not match a street: (None, '1713', 'Mansfield Avenue') https://osm.org/?mlat=29.880981094387035&mlon=-90.11907586665548&zoom=16
address does not match a street: (None, '1417', 'Mansfield Avenue') https://osm.org/?mlat=29.88515168886847&mlon=-90.11894941067496&zoom=16
address does not match a street: (None, '1829', 'Buccola Avenue') https://osm.org/?mlat=29.88005128109078&mlon=-90.11517735794622&zoom=16
address does not match a street: (None, '1825', 'Buccola Avenue') https://osm.org/?mlat=29.880208042875907&mlon=-90.11517860120911&zoom=16
address does not match a street: (None, '6504', 'Deanna Street') https://osm.org/?mlat=29.88119915397049&mlon=-90.11748413000826&zoom=16
address does not match a street: (None, '6506', 'Deanna Street') https://osm.org/?mlat=29.88119796518925&mlon=-90.1173555775462&zoom=16
address does not match a street: (None, '1609', 'Mansfield Avenue') https://osm.org/?mlat=29.882311595331533&mlon=-90.11903025596251&zoom=16
address does not match a street: (None, '1744', 'Buccola Avenue') https://osm.org/?mlat=29.881762438613833&mlon=-90.11554463044115&zoom=16
address does not match a street: (None, '1707', 'Mansfield Avenue') https://osm.org/?mlat=29.881179159814195&mlon=-90.11908292509065&zoom=16
address does not match a street: (None, '1637', 'Mansfield Avenue') https://osm.org/?mlat=29.881534220966678&mlon=-90.11911647542708&zoom=16
address does not match a street: (None, '1609', 'Buccola Avenue') https://osm.org/?mlat=29.88543460624781&mlon=-90.11504856579977&zoom=16
address does not match a street: (None, '1832', 'Buccola Avenue') https://osm.org/?mlat=29.880047251875656&mlon=-90.1156058461941&zoom=16
address does not match a street: (None, '1525', 'Mansfield Avenue') https://osm.org/?mlat=29.88357637313804&mlon=-90.11899697085177&zoom=16
address does not match a street: (None, '1709', 'Mansfield Avenue') https://osm.org/?mlat=29.881091169587435&mlon=-90.11908399506335&zoom=16
address does not match a street: (None, '1630', 'Mansfield Avenue') https://osm.org/?mlat=29.88150469149227&mlon=-90.11949235921463&zoom=16
address does not match a street: (None, '1645', 'Buccola Avenue') https://osm.org/?mlat=29.88433765170639&mlon=-90.11508088522135&zoom=16
address does not match a street: (None, '1413', 'Mansfield Avenue') https://osm.org/?mlat=29.885385920475223&mlon=-90.11895826154341&zoom=16
address does not match a street: (None, '1849', 'Buccola Avenue') https://osm.org/?mlat=29.87934744530621&mlon=-90.11519541084361&zoom=16
address does not match a street: (None, '1740', 'Buccola Avenue') https://osm.org/?mlat=29.881899404068292&mlon=-90.11551124697428&zoom=16
address does not match a street: (None, '1625', 'Mansfield Avenue') https://osm.org/?mlat=29.881883345645388&mlon=-90.11910276308903&zoom=16
address does not match a street: (None, '1737', 'Buccola Avenue') https://osm.org/?mlat=29.882085093236046&mlon=-90.11504840822437&zoom=16
address does not match a street: (None, '1440', 'Mansfield Avenue') https://osm.org/?mlat=29.884559432250942&mlon=-90.11943628984884&zoom=16
address does not match a street: (None, '1446', 'Mansfield Avenue') https://osm.org/?mlat=29.88438351011953&mlon=-90.11944474003793&zoom=16
address does not match a street: (None, '1629', 'Buccola Avenue') https://osm.org/?mlat=29.884884987580108&mlon=-90.11508998619703&zoom=16
address does not match a street: (None, '1634', 'Mansfield Avenue') https://osm.org/?mlat=29.881394848448846&mlon=-90.1195094727623&zoom=16
address has no house number: (None, None, 'Cohen Street') https://osm.org/?mlat=29.886560718081125&mlon=-90.11715070297957&zoom=16
address does not match a street: (None, '1616', 'Buccola Avenue') https://osm.org/?mlat=29.885710391933006&mlon=-90.11543020896659&zoom=16
address does not match a street: (None, '1539', 'Mansfield Avenue') https://osm.org/?mlat=29.883271565081493&mlon=-90.11904485774116&zoom=16
address does not match a street: (None, '1708', 'Buccola Avenue') https://osm.org/?mlat=29.8829837999447&mlon=-90.1155356270677&zoom=16
address does not match a street: (None, '1424', 'Mansfield Avenue') https://osm.org/?mlat=29.884950006152977&mlon=-90.11944416469576&zoom=16
address has no house number: (None, None, 'Cohen Street') https://osm.org/?mlat=29.88794753046325&mlon=-90.1172553161094&zoom=16
address does not match a street: (None, '6371', 'Second Zion Boulevard') https://osm.org/?mlat=29.883497020406303&mlon=-90.11584400545755&zoom=16
address does not match a street: (None, '1732', 'Buccola Avenue') https://osm.org/?mlat=29.88220628238909&mlon=-90.1156171674139&zoom=16
address does not match a street: (None, '1728', 'Buccola Avenue') https://osm.org/?mlat=29.882340872352923&mlon=-90.11561223891415&zoom=16
