address does not match a street: (None, '7413', 'Saint Rita Drive') https://osm.org/?mlat=29.897312783044974&mlon=-90.12887912660145&zoom=16
address does not match a street: (None, '7404', 'Falcone Street') https://osm.org/?mlat=29.89699330593021&mlon=-90.12882481258269&zoom=16
address does not match a street: (None, '7425', 'Saint Rita Drive') https://osm.org/?mlat=29.8975986023126&mlon=-90.12915973453374&zoom=16
address does not match a street: (None, '1029', 'Candlelight Court') https://osm.org/?mlat=29.88945897818922&mlon=-90.12291135173774&zoom=16
address does not match a street: (None, '1021', 'Candlelight Court') https://osm.org/?mlat=29.889755171364957&mlon=-90.12286261728173&zoom=16
address does not match a street: (None, '1025', 'Candlelight Court') https://osm.org/?mlat=29.88963765103365&mlon=-90.12290287388151&zoom=16
address has no house number: (None, None, 'Wilson Street') https://osm.org/?mlat=29.897405175888462&mlon=-90.12575971830711&zoom=16
address does not match a street: (None, '1016', 'Candlelight Court') https://osm.org/?mlat=29.890449285344225&mlon=-90.12324334406651&zoom=16
address does not match a street: (None, '1008', 'Candlelight Court') https://osm.org/?mlat=29.890806165493114&mlon=-90.12317589972206&zoom=16
address does not match a street: (None, '1004', 'Candlelight Court') https://osm.org/?mlat=29.890995779014844&mlon=-90.12316097769889&zoom=16
address does not match a street: (None, '7412', 'Falcone Street') https://osm.org/?mlat=29.897104879681812&mlon=-90.12929689024315&zoom=16
address does not match a street: (None, '7391', 'Falcone Street') https://osm.org/?mlat=29.896486891622256&mlon=-90.12830836075288&zoom=16
address does not match a street: (None, '1048', 'Candlelight Court') https://osm.org/?mlat=29.889039793597778&mlon=-90.12338035148193&zoom=16
address does not match a street: (None, '1033', 'Candlelight Court') https://osm.org/?mlat=29.889266528731433&mlon=-90.12291684066803&zoom=16
address does not match a street: (None, '1060', 'Candlelight Court') https://osm.org/?mlat=29.888515152944432&mlon=-90.12344667082782&zoom=16
address does not match a street: (None, '1064', 'Candlelight Court') https://osm.org/?mlat=29.888339259670385&mlon=-90.12345826981023&zoom=16
address does not match a street: (None, '933', 'Candlelight Court') https://osm.org/?mlat=29.891966325518364&mlon=-90.12283992697957&zoom=16
address does not match a street: (None, '936', 'Candlelight Court') https://osm.org/?mlat=29.89171023526087&mlon=-90.12310182234492&zoom=16
address does not match a street: (None, '941', 'Candlelight Court') https://osm.org/?mlat=29.89144781377295&mlon=-90.12267578964666&zoom=16
address does not match a street: (None, '937', 'Candlelight Court') https://osm.org/?mlat=29.89167566053421&mlon=-90.12263199914142&zoom=16
address does not match a street: (None, '1001', 'Candlelight Court') https://osm.org/?mlat=29.89074730862002&mlon=-90.12275687144354&zoom=16
address does not match a street: (None, '1020', 'Candlelight Court') https://osm.org/?mlat=29.890286966360165&mlon=-90.12323584349376&zoom=16
address does not match a street: (None, '7421', 'Falcone Street') https://osm.org/?mlat=29.89681809679459&mlon=-90.12951181030438&zoom=16
address does not match a street: (None, '7425', 'Falcone Street') https://osm.org/?mlat=29.896836183693896&mlon=-90.12968518110597&zoom=16
address does not match a street: (None, '949', 'Candlelight Court') https://osm.org/?mlat=29.891082539576555&mlon=-90.12272755817648&zoom=16
address does not match a street: (None, '7410', 'Saint Rita Drive') https://osm.org/?mlat=29.897776103680194&mlon=-90.12842237937149&zoom=16
address does not match a street: (None, '7404', 'Saint Rita Drive') https://osm.org/?mlat=29.897744600244607&mlon=-90.12841673509728&zoom=16
address does not match a street: (None, '7400', 'Saint Rita Drive') https://osm.org/?mlat=29.897802235414048&mlon=-90.12827354780252&zoom=16
address does not match a street: (None, '7405', 'Saint Rita Drive') https://osm.org/?mlat=29.89749134306994&mlon=-90.12855819991448&zoom=16
address does not match a street: (None, '7396', 'Falcone Street') https://osm.org/?mlat=29.8968955293639&mlon=-90.1283602392406&zoom=16
address does not match a street: (None, '7400', 'Falcone Street') https://osm.org/?mlat=29.896933299290904&mlon=-90.12858071465477&zoom=16
address does not match a street: (None, '7392', 'Falcone Street') https://osm.org/?mlat=29.89686123177293&mlon=-90.1282186267071&zoom=16
address does not match a street: (None, '1044', 'Candlelight Court') https://osm.org/?mlat=29.889212792880375&mlon=-90.12335300783269&zoom=16
address does not match a street: (None, '1040', 'Candlelight Court') https://osm.org/?mlat=29.889402579772696&mlon=-90.1233570197412&zoom=16
address does not match a street: (None, '1032', 'Candlelight Court') https://osm.org/?mlat=29.88975960521074&mlon=-90.12330535435493&zoom=16
address does not match a street: (None, '1045', 'Candlelight Court') https://osm.org/?mlat=29.888544054738748&mlon=-90.12300134014838&zoom=16
address does not match a street: (None, '1049', 'Candlelight Court') https://osm.org/?mlat=29.888357307951395&mlon=-90.12302885086493&zoom=16
address does not match a street: (None, '7401', 'Falcone Street') https://osm.org/?mlat=29.89663714112431&mlon=-90.12867266019694&zoom=16
address does not match a street: (None, '7405', 'Falcone Street') https://osm.org/?mlat=29.896635990495444&mlon=-90.12884490408503&zoom=16
address does not match a street: (None, '7409', 'Falcone Street') https://osm.org/?mlat=29.896689882061718&mlon=-90.12902415380633&zoom=16
address does not match a street: (None, '7417', 'Falcone Street') https://osm.org/?mlat=29.896750515218056&mlon=-90.12933903747108&zoom=16
address does not match a street: (None, '945', 'Candlelight Court') https://osm.org/?mlat=29.891261182421463&mlon=-90.1227159242482&zoom=16
address does not match a street: (None, '1005', 'Candlelight Court') https://osm.org/?mlat=29.89055798653648&mlon=-90.12280335012667&zoom=16
address does not match a street: (None, '1052', 'Candlelight Court') https://osm.org/?mlat=29.88885594160789&mlon=-90.12342360600836&zoom=16
address does not match a street: (None, '1037', 'Candlelight Court') https://osm.org/?mlat=29.889079839167064&mlon=-90.12295066284743&zoom=16
address does not match a street: (None, '1036', 'Candlelight Court') https://osm.org/?mlat=29.889578270662643&mlon=-90.12332333150312&zoom=16
address does not match a street: (None, '1024', 'Candlelight Court') https://osm.org/?mlat=29.89010846864048&mlon=-90.1232632542783&zoom=16
address does not match a street: (None, '1012', 'Candlelight Court') https://osm.org/?mlat=29.890632963902945&mlon=-90.12318115492762&zoom=16
address does not match a street: (None, '7392', 'Saint Rita Drive') https://osm.org/?mlat=29.897725650243054&mlon=-90.12801882232097&zoom=16
address does not match a street: (None, '7395', 'Falcone Street') https://osm.org/?mlat=29.896550166036704&mlon=-90.12848434159659&zoom=16
address does not match a street: (None, '1028', 'Candlelight Court') https://osm.org/?mlat=29.889943776557764&mlon=-90.123296810542&zoom=16
address does not match a street: (None, '940', 'Candlelight Court') https://osm.org/?mlat=29.891493154782882&mlon=-90.12312023349044&zoom=16
address does not match a street: (None, '1000', 'Candlelight Court') https://osm.org/?mlat=29.89114411720167&mlon=-90.12314339993908&zoom=16
address does not match a street: (None, '1041', 'Candlelight Court') https://osm.org/?mlat=29.88890394594842&mlon=-90.12296226276915&zoom=16
address does not match a street: (None, '7413', 'Falcone Street') https://osm.org/?mlat=29.896743446314293&mlon=-90.12917004867506&zoom=16
address does not match a street: (None, '7416', 'Falcone Street') https://osm.org/?mlat=29.897162126974585&mlon=-90.12954237979395&zoom=16
address does not match a street: (None, '7433', 'Saint Rita Drive') https://osm.org/?mlat=29.897672579142206&mlon=-90.12943027387449&zoom=16
address does not match a street: (None, '7409', 'Saint Rita Drive') https://osm.org/?mlat=29.897500690711674&mlon=-90.1286780213475&zoom=16
address has no house number: (None, None, 'Saint Rita Drive') https://osm.org/?mlat=29.897668743404665&mlon=-90.12953214489424&zoom=16
address does not match a street: (None, None, 'Saint Rita Drive') https://osm.org/?mlat=29.897668743404665&mlon=-90.12953214489424&zoom=16
address does not match a street: (None, '1009', 'Candlelight Court') https://osm.org/?mlat=29.890362989855102&mlon=-90.12283096178896&zoom=16
address does not match a street: (None, '1017', 'Candlelight Court') https://osm.org/?mlat=29.889994820620593&mlon=-90.12286698464217&zoom=16
address does not match a street: (None, '1013', 'Candlelight Court') https://osm.org/?mlat=29.890173232016874&mlon=-90.12283010642369&zoom=16
address does not match a street: (None, '7408', 'Falcone Street') https://osm.org/?mlat=29.897058563678637&mlon=-90.12904631432981&zoom=16
address has no house number: (None, None, 'Jung Boulevard') https://osm.org/?mlat=29.89588278973393&mlon=-90.1312439766732&zoom=16
address does not match a street: (None, '7417', 'Saint Rita Drive') https://osm.org/?mlat=29.8975256835161&mlon=-90.12890282018851&zoom=16
address does not match a street: (None, '1056', 'Candlelight Court') https://osm.org/?mlat=29.888690930979152&mlon=-90.12342244965265&zoom=16
address does not match a street: (None, '7421', 'Saint Rita Drive') https://osm.org/?mlat=29.897406209584396&mlon=-90.1290876646819&zoom=16
address does not match a street: (None, '7401', 'Saint Rita Drive') https://osm.org/?mlat=29.897382861848268&mlon=-90.12842379408706&zoom=16
address has no house number: (None, None, 'Westwood Drive') https://osm.org/?mlat=29.88836813153546&mlon=-90.12585383697811&zoom=16
address does not match a street: (None, '7391', 'Saint Rita Drive') https://osm.org/?mlat=29.89738012761135&mlon=-90.12824217183538&zoom=16
