address does not match a street: ('1101', 'Sandalwood Drive') https://osm.org/?mlat=29.898038808819418&mlon=-90.0648279808771&zoom=16
address does not match a street: ('1025', 'Sandalwood Drive') https://osm.org/?mlat=29.899562829558953&mlon=-90.06573655583672&zoom=16
address does not match a street: ('1060', 'Sandalwood Drive') https://osm.org/?mlat=29.898203434227593&mlon=-90.06535928889595&zoom=16
address does not match a street: ('1029', 'Sandalwood Drive') https://osm.org/?mlat=29.89944636977807&mlon=-90.06563703364893&zoom=16
address does not match a street: ('1041', 'Sandalwood Drive') https://osm.org/?mlat=29.899012479434845&mlon=-90.06541529446355&zoom=16
address does not match a street: ('1037', 'Sandalwood Drive') https://osm.org/?mlat=29.899127108175644&mlon=-90.06546749466602&zoom=16
address does not match a street: ('1065', 'Sandalwood Drive') https://osm.org/?mlat=29.898174426535146&mlon=-90.06491778768175&zoom=16
address does not match a street: ('1052', 'Sandalwood Drive') https://osm.org/?mlat=29.89845792562112&mlon=-90.06551386740058&zoom=16
address does not match a street: ('1040', 'Sandalwood Drive') https://osm.org/?mlat=29.89882319563659&mlon=-90.06574910296645&zoom=16
address does not match a street: ('1017', 'Sandalwood Drive') https://osm.org/?mlat=29.89982288064616&mlon=-90.06589737933183&zoom=16
address does not match a street: ('1032', 'Sandalwood Drive') https://osm.org/?mlat=29.899088564495987&mlon=-90.06589092039673&zoom=16
address does not match a street: ('1053', 'Sandalwood Drive') https://osm.org/?mlat=29.89859478241486&mlon=-90.0651617883009&zoom=16
address does not match a street: ('1057', 'Sandalwood Drive') https://osm.org/?mlat=29.89845378726024&mlon=-90.06508467395233&zoom=16
address does not match a street: ('1061', 'Sandalwood Drive') https://osm.org/?mlat=29.89831542089027&mlon=-90.06499490159028&zoom=16
address does not match a street: ('1105', 'Sandalwood Drive') https://osm.org/?mlat=29.897895064686708&mlon=-90.06475090235654&zoom=16
address does not match a street: ('1036', 'Sandalwood Drive') https://osm.org/?mlat=29.89897253066911&mlon=-90.06583558133971&zoom=16
address does not match a street: ('1049', 'Sandalwood Drive') https://osm.org/?mlat=29.89873846544348&mlon=-90.06523255731766&zoom=16
address does not match a street: ('1064', 'Sandalwood Drive') https://osm.org/?mlat=29.898054617063917&mlon=-90.06532646072563&zoom=16
address does not match a street: ('1048', 'Sandalwood Drive') https://osm.org/?mlat=29.89858795224597&mlon=-90.06559427785207&zoom=16
address does not match a street: ('1045', 'Sandalwood Drive') https://osm.org/?mlat=29.898874112397774&mlon=-90.0653255211524&zoom=16
address does not match a street: ('1056', 'Sandalwood Drive') https://osm.org/?mlat=29.898327991124326&mlon=-90.06544292461476&zoom=16
address does not match a street: ('1044', 'Sandalwood Drive') https://osm.org/?mlat=29.89871507614134&mlon=-90.06565894426357&zoom=16
address has no house number: (None, '17th Street') https://osm.org/?mlat=29.906125052364704&mlon=-90.05605875180727&zoom=16
address has no house number: (None, '23rd Street') https://osm.org/?mlat=29.89982749165399&mlon=-90.0554146699064&zoom=16
address has no house number: (None, 'Westbank Expressway') https://osm.org/?mlat=29.906834154102434&mlon=-90.06292143687935&zoom=16
address has no house number: (None, 'Newton Street') https://osm.org/?mlat=29.90572173952728&mlon=-90.05579053771905&zoom=16
address does not match a street: ('1021', 'Sandalwood Drive') https://osm.org/?mlat=29.89970104331886&mlon=-90.06581055101776&zoom=16
new building address (('1151', 'Manhattan Boulevard') https://osm.org/?mlat=29.89922554360201&mlon=-90.06059386834399&zoom=16) does not match the old one (('115', 'Manhattan Boulevard'))
