address does not match a street: (None, '3912', 'Red Cypress') https://osm.org/?mlat=29.850651205451943&mlon=-90.04455821049685&zoom=16
address does not match a street: (None, '3920', 'Red Cypress') https://osm.org/?mlat=29.850380560206414&mlon=-90.04444182388463&zoom=16
address does not match a street: (None, '3908', 'Red Cypress') https://osm.org/?mlat=29.850781120999837&mlon=-90.04462593897499&zoom=16
address does not match a street: (None, '2100', 'Southern Oaks Drive') https://osm.org/?mlat=29.85081813475393&mlon=-90.04700096506723&zoom=16
address does not match a street: (None, '2024', 'Southern Oaks Drive') https://osm.org/?mlat=29.85094295498835&mlon=-90.04654823198548&zoom=16
address does not match a street: (None, '2020', 'Southern Oaks Drive') https://osm.org/?mlat=29.850979969189613&mlon=-90.04639632864553&zoom=16
address does not match a street: (None, '3901', 'Red Cypress') https://osm.org/?mlat=29.85116554885331&mlon=-90.04428657720585&zoom=16
address does not match a street: (None, '3909', 'Red Cypress') https://osm.org/?mlat=29.85091977428379&mlon=-90.04418248860496&zoom=16
address does not match a street: (None, '3921', 'Red Cypress') https://osm.org/?mlat=29.8505300268706&mlon=-90.04397930721713&zoom=16
address does not match a street: (None, '3616', 'Lake des Allemands Drive') https://osm.org/?mlat=29.855165566691074&mlon=-90.04406499836048&zoom=16
address does not match a street: (None, '3400', 'Lake des Allemands Drive') https://osm.org/?mlat=29.859171940503458&mlon=-90.04523385348674&zoom=16
address does not match a street: (None, '3520', 'Lake des Allemands Drive') https://osm.org/?mlat=29.856739573016124&mlon=-90.04453643950607&zoom=16
address does not match a street: (None, '2108', 'Southern Oaks Drive') https://osm.org/?mlat=29.850744044869195&mlon=-90.04729846307852&zoom=16
address does not match a street: (None, '1916', 'Southern Oaks Drive') https://osm.org/?mlat=29.851349012333618&mlon=-90.04504765546503&zoom=16
address does not match a street: (None, '1928', 'Southern Oaks Drive') https://osm.org/?mlat=29.851235165106065&mlon=-90.04549709612488&zoom=16
address does not match a street: (None, '1912', 'Southern Oaks Drive') https://osm.org/?mlat=29.851407991354026&mlon=-90.04489231286647&zoom=16
address does not match a street: (None, '2112', 'Southern Oaks Drive') https://osm.org/?mlat=29.850724221836742&mlon=-90.04747692838734&zoom=16
address does not match a street: (None, '3508', 'Lake des Allemands Drive') https://osm.org/?mlat=29.857486099501568&mlon=-90.04466562327701&zoom=16
address does not match a street: (None, '2004', 'Southern Oaks Drive') https://osm.org/?mlat=29.851144580521012&mlon=-90.045794809158&zoom=16
address does not match a street: (None, '1924', 'Southern Oaks Drive') https://osm.org/?mlat=29.85126664691256&mlon=-90.04534210854607&zoom=16
address does not match a street: (None, '3917', 'Red Cypress') https://osm.org/?mlat=29.85066241393674&mlon=-90.04401860954248&zoom=16
address does not match a street: (None, '3904', 'Red Cypress') https://osm.org/?mlat=29.850905691749713&mlon=-90.04470950913279&zoom=16
address does not match a street: (None, '3404', 'Lake des Allemands Drive') https://osm.org/?mlat=29.85894825709103&mlon=-90.04513893420643&zoom=16
address does not match a street: (None, '3501', 'Lake des Allemands Drive') https://osm.org/?mlat=29.858125474279877&mlon=-90.04424407494537&zoom=16
address does not match a street: (None, '2104', 'Southern Oaks Drive') https://osm.org/?mlat=29.850786650990027&mlon=-90.04715595142726&zoom=16
address does not match a street: (None, '2028', 'Southern Oaks Drive') https://osm.org/?mlat=29.850914221453635&mlon=-90.04670318429781&zoom=16
address does not match a street: (None, '2016', 'Southern Oaks Drive') https://osm.org/?mlat=29.851028073710832&mlon=-90.04625374644502&zoom=16
address does not match a street: (None, '3509', 'Lake des Allemands Drive') https://osm.org/?mlat=29.857549768939833&mlon=-90.04414739275035&zoom=16
address does not match a street: (None, '3416', 'Lake des Allemands Drive') https://osm.org/?mlat=29.858227837603394&mlon=-90.04486743455972&zoom=16
address does not match a street: (None, '1920', 'Southern Oaks Drive') https://osm.org/?mlat=29.851303689728383&mlon=-90.04519335860927&zoom=16
address does not match a street: (None, '1908', 'Southern Oaks Drive') https://osm.org/?mlat=29.851422881573775&mlon=-90.04472807466557&zoom=16
address does not match a street: (None, '2032', 'Southern Oaks Drive') https://osm.org/?mlat=29.85086339763141&mlon=-90.04684895585169&zoom=16
address does not match a street: (None, '3900', 'Red Cypress') https://osm.org/?mlat=29.851046514079886&mlon=-90.04476763207825&zoom=16
address does not match a street: (None, '3916', 'Red Cypress') https://osm.org/?mlat=29.850521351734443&mlon=-90.04449679184137&zoom=16
address does not match a street: (None, '3924', 'Red Cypress') https://osm.org/?mlat=29.85026142678464&mlon=-90.04435187493833&zoom=16
address does not match a street: (None, '3905', 'Red Cypress') https://osm.org/?mlat=29.85105237872888&mlon=-90.04424387159852&zoom=16
address does not match a street: (None, '3913', 'Red Cypress') https://osm.org/?mlat=29.850784297275833&mlon=-90.0441085239969&zoom=16
address does not match a street: (None, '3612', 'Lake des Allemands Drive') https://osm.org/?mlat=29.85541644389646&mlon=-90.044219096211&zoom=16
address does not match a street: (None, '3620', 'Lake des Allemands Drive') https://osm.org/?mlat=29.85494699520705&mlon=-90.04401238530075&zoom=16
address does not match a street: (None, '3608', 'Lake des Allemands Drive') https://osm.org/?mlat=29.855652588400492&mlon=-90.04427614301677&zoom=16
address does not match a street: (None, '3505', 'Lake des Allemands Drive') https://osm.org/?mlat=29.857827470673303&mlon=-90.04420361647122&zoom=16
address does not match a street: (None, '3412', 'Lake des Allemands Drive') https://osm.org/?mlat=29.858450603999543&mlon=-90.04494498935385&zoom=16
address does not match a street: (None, '1904', 'Southern Oaks Drive') https://osm.org/?mlat=29.851479250485053&mlon=-90.04459357550878&zoom=16
address does not match a street: (None, '2000', 'Southern Oaks Drive') https://osm.org/?mlat=29.851209733743964&mlon=-90.04564473565674&zoom=16
address does not match a street: (None, '3317', 'East Village Green Street') https://osm.org/?mlat=29.85905680734215&mlon=-90.0478343567007&zoom=16
address does not match a street: (None, '2008', 'Southern Oaks Drive') https://osm.org/?mlat=29.85113623823746&mlon=-90.04594844244538&zoom=16
address does not match a street: (None, '3313', 'Village Green Court') https://osm.org/?mlat=29.85922610062299&mlon=-90.04708304313144&zoom=16
address does not match a street: (None, '3525', 'Lake des Allemands Drive') https://osm.org/?mlat=29.856476448728095&mlon=-90.04395007882813&zoom=16
address does not match a street: (None, '3521', 'Lake des Allemands Drive') https://osm.org/?mlat=29.856717924252525&mlon=-90.04398647851248&zoom=16
address does not match a street: (None, '3517', 'Lake des Allemands Drive') https://osm.org/?mlat=29.856959657204712&mlon=-90.0440492187411&zoom=16
address does not match a street: (None, '3312', 'Village Green Court') https://osm.org/?mlat=29.859133178796924&mlon=-90.04741715602678&zoom=16
address does not match a street: (None, '3413', 'Lake des Allemands Drive') https://osm.org/?mlat=29.858502027926523&mlon=-90.04443765421493&zoom=16
address does not match a street: (None, '3500', 'Lake des Allemands Drive') https://osm.org/?mlat=29.857918393165754&mlon=-90.04476634574523&zoom=16
address does not match a street: (None, '3302', 'East Village Green Street') https://osm.org/?mlat=29.85946571185141&mlon=-90.04850152294507&zoom=16
address does not match a street: (None, '3300', 'Village Green Court') https://osm.org/?mlat=29.859544285423116&mlon=-90.04764959472233&zoom=16
address does not match a street: (None, '3504', 'Lake des Allemands Drive') https://osm.org/?mlat=29.857712739632284&mlon=-90.04472875494695&zoom=16
address does not match a street: (None, '3512', 'Lake des Allemands Drive') https://osm.org/?mlat=29.857233694342586&mlon=-90.04461457868055&zoom=16
address does not match a street: (None, '3516', 'Lake des Allemands Drive') https://osm.org/?mlat=29.85697675488307&mlon=-90.04456440227794&zoom=16
address does not match a street: (None, '3524', 'Lake des Allemands Drive') https://osm.org/?mlat=29.85649823472511&mlon=-90.04450371328436&zoom=16
address does not match a street: (None, '3600', 'Lake des Allemands Drive') https://osm.org/?mlat=29.856253080873955&mlon=-90.04446675748791&zoom=16
address does not match a street: (None, '3408', 'Lake des Allemands Drive') https://osm.org/?mlat=29.858638583978866&mlon=-90.0450522324859&zoom=16
address does not match a street: (None, '3604', 'Lake des Allemands Drive') https://osm.org/?mlat=29.855959759630736&mlon=-90.04440998403099&zoom=16
address does not match a street: (None, '2012', 'Southern Oaks Drive') https://osm.org/?mlat=29.851087053246324&mlon=-90.04609840403447&zoom=16
address does not match a street: (None, '3313', 'East Village Green Street') https://osm.org/?mlat=29.85925339794999&mlon=-90.04791505348828&zoom=16
address does not match a street: (None, '3309', 'Village Green Court') https://osm.org/?mlat=29.85939573912083&mlon=-90.04698762390908&zoom=16
address does not match a street: (None, '1900', 'Southern Oaks Drive') https://osm.org/?mlat=29.851497063370036&mlon=-90.04440318281146&zoom=16
address does not match a street: (None, '3513', 'Lake des Allemands Drive') https://osm.org/?mlat=29.857278906969913&mlon=-90.04415675366072&zoom=16
address does not match a street: (None, '3405', 'Lake des Allemands Drive') https://osm.org/?mlat=29.859032145281653&mlon=-90.04466656977961&zoom=16
address does not match a street: (None, '3401', 'Lake des Allemands Drive') https://osm.org/?mlat=29.859268260941537&mlon=-90.04476323020131&zoom=16
address does not match a street: (None, '3409', 'Lake des Allemands Drive') https://osm.org/?mlat=29.858755136134725&mlon=-90.04457043644729&zoom=16
address does not match a street: (None, '3316', 'Village Green Court') https://osm.org/?mlat=29.85917914795124&mlon=-90.04721259715907&zoom=16
address does not match a street: (None, '2240', 'South Harper Drive') https://osm.org/?mlat=29.859526721690383&mlon=-90.05464977896027&zoom=16
address does not match a street: (None, '2244', 'South Harper Drive') https://osm.org/?mlat=29.8595015001127&mlon=-90.05478721330248&zoom=16
address does not match a street: (None, '2247', 'South Harper Drive') https://osm.org/?mlat=29.859235876698005&mlon=-90.05478299632989&zoom=16
address does not match a street: (None, '3308', 'Village Green Court') https://osm.org/?mlat=29.85929479076695&mlon=-90.04748420744163&zoom=16
address does not match a street: (None, '3304', 'Village Green Court') https://osm.org/?mlat=29.859425526620168&mlon=-90.04752593225548&zoom=16
address does not match a street: (None, '3305', 'Village Green Court') https://osm.org/?mlat=29.85954866218162&mlon=-90.0472205126592&zoom=16
address does not match a street: (None, '3305', 'East Village Green Street') https://osm.org/?mlat=29.859532496188383&mlon=-90.04814677515799&zoom=16
address does not match a street: (None, '2227', 'South Harper Drive') https://osm.org/?mlat=29.85944083200722&mlon=-90.0540110276273&zoom=16
address does not match a street: (None, '2231', 'South Harper Drive') https://osm.org/?mlat=29.859402333585958&mlon=-90.05414863206644&zoom=16
address does not match a street: (None, '2239', 'South Harper Drive') https://osm.org/?mlat=29.859319217117974&mlon=-90.05447723896627&zoom=16
address does not match a street: (None, '2243', 'South Harper Drive') https://osm.org/?mlat=29.859281014539924&mlon=-90.05464530737082&zoom=16
address does not match a street: (None, '2845', 'Scout Street') https://osm.org/?mlat=29.859629755756448&mlon=-90.0543209164629&zoom=16
address does not match a street: (None, '2840', 'Scout Street') https://osm.org/?mlat=29.859692689681893&mlon=-90.05464765412587&zoom=16
address does not match a street: (None, '2215', 'South Harper Drive') https://osm.org/?mlat=29.859530456697023&mlon=-90.05352576204884&zoom=16
address does not match a street: (None, '2219', 'South Harper Drive') https://osm.org/?mlat=29.859510818980276&mlon=-90.0536978227513&zoom=16
address does not match a street: (None, '2223', 'South Harper Drive') https://osm.org/?mlat=29.859485672518986&mlon=-90.05384287262898&zoom=16
address does not match a street: (None, '2228', 'South Harper Drive') https://osm.org/?mlat=29.859654531278366&mlon=-90.0541377846826&zoom=16
address does not match a street: (None, '3309', 'East Village Green Street') https://osm.org/?mlat=29.859380621109022&mlon=-90.04808595376406&zoom=16
address does not match a street: (None, '2235', 'South Harper Drive') https://osm.org/?mlat=29.8593509289224&mlon=-90.05432448709836&zoom=16
