address does not match a street: (None, '1840', 'Timberlane Estates Drive') https://osm.org/?mlat=29.86352787742757&mlon=-90.04634506769929&zoom=16
address does not match a street: (None, '1836', 'Timberlane Estates Drive') https://osm.org/?mlat=29.863570358915776&mlon=-90.04618991956171&zoom=16
address does not match a street: (None, '2144', 'Colombo Street') https://osm.org/?mlat=29.86850599600763&mlon=-90.0537273704333&zoom=16
address does not match a street: (None, '2160', 'Colombo Street') https://osm.org/?mlat=29.868532948820803&mlon=-90.0545189990959&zoom=16
address does not match a street: (None, '2141', 'Colombo Street') https://osm.org/?mlat=29.868060604017312&mlon=-90.05430417959793&zoom=16
address does not match a street: (None, '2133', 'Colombo Street') https://osm.org/?mlat=29.8680534644529&mlon=-90.053853068438&zoom=16
address does not match a street: (None, '2152', 'Colombo Street') https://osm.org/?mlat=29.868523428690846&mlon=-90.05410577953704&zoom=16
address does not match a street: (None, '2129', 'Colombo Street') https://osm.org/?mlat=29.868064940560515&mlon=-90.05361943141872&zoom=16
address does not match a street: (None, '2140', 'Colombo Street') https://osm.org/?mlat=29.86851515217669&mlon=-90.05353793585519&zoom=16
address does not match a street: (None, '2115', 'la Quinta Via') https://osm.org/?mlat=29.86659375151359&mlon=-90.05334484856549&zoom=16
address does not match a street: (None, '2012', 'la Quinta Via') https://osm.org/?mlat=29.866775626723612&mlon=-90.05084358134471&zoom=16
address does not match a street: (None, '2000', 'la Quinta Via') https://osm.org/?mlat=29.866772867172205&mlon=-90.05027883202762&zoom=16
address does not match a street: (None, '1456', 'Quebrada Del Sur') https://osm.org/?mlat=29.86641878446473&mlon=-90.04500471101225&zoom=16
address does not match a street: (None, '1448', 'Quebrada Del Sur') https://osm.org/?mlat=29.866511405533796&mlon=-90.04463435560264&zoom=16
address does not match a street: (None, '1856', 'Timberlane Estates Drive') https://osm.org/?mlat=29.863365982609995&mlon=-90.04694347073087&zoom=16
address does not match a street: (None, '2704', 'Nogalera Via') https://osm.org/?mlat=29.866908663535096&mlon=-90.04560419517836&zoom=16
address does not match a street: (None, '1436', 'Quebrada Del Sur') https://osm.org/?mlat=29.86667387761957&mlon=-90.0440958714817&zoom=16
address does not match a street: (None, '21', 'Terraza Del Este') https://osm.org/?mlat=29.866697552276978&mlon=-90.04679328029606&zoom=16
address does not match a street: (None, '6', 'Joya Loma') https://osm.org/?mlat=29.86699059709743&mlon=-90.04638879067019&zoom=16
address does not match a street: (None, '10', 'Joya Loma') https://osm.org/?mlat=29.866660850773016&mlon=-90.04641512637998&zoom=16
address does not match a street: (None, '5', 'Joya Loma') https://osm.org/?mlat=29.866845977284207&mlon=-90.04594261305205&zoom=16
address does not match a street: (None, '3', 'Joya Loma') https://osm.org/?mlat=29.867010803605762&mlon=-90.04592471217973&zoom=16
address does not match a street: (None, '33', 'Terraza Del Este') https://osm.org/?mlat=29.866205358614373&mlon=-90.0467996208305&zoom=16
address does not match a street: (None, '25', 'Terraza Del Este') https://osm.org/?mlat=29.866540697013654&mlon=-90.04678268010233&zoom=16
address does not match a street: (None, '14', 'Joya Loma') https://osm.org/?mlat=29.86626452932348&mlon=-90.04643282519507&zoom=16
address does not match a street: (None, '15', 'Joya Loma') https://osm.org/?mlat=29.866142149599067&mlon=-90.04624196408102&zoom=16
address does not match a street: (None, '9', 'Terraza Del Este') https://osm.org/?mlat=29.867186502248597&mlon=-90.0467364977965&zoom=16
address does not match a street: (None, '4', 'Joya Loma') https://osm.org/?mlat=29.86715848198691&mlon=-90.04640240339249&zoom=16
address does not match a street: (None, '9', 'Terraza Del Oeste') https://osm.org/?mlat=29.86767583814069&mlon=-90.04753937038556&zoom=16
address does not match a street: (None, '2126', 'la Quinta Via') https://osm.org/?mlat=29.866746503149432&mlon=-90.053781466658&zoom=16
address does not match a street: (None, '2130', 'la Quinta Via') https://osm.org/?mlat=29.86655980111691&mlon=-90.05381225561042&zoom=16
address does not match a street: (None, '1740', 'Timberlane Estates Drive') https://osm.org/?mlat=29.864080186105628&mlon=-90.04433443692109&zoom=16
address does not match a street: (None, '2106', 'la Quinta Via') https://osm.org/?mlat=29.866999491992775&mlon=-90.0529326235552&zoom=16
address does not match a street: (None, '2114', 'la Quinta Via') https://osm.org/?mlat=29.86702517602179&mlon=-90.05331092211898&zoom=16
address does not match a street: (None, '1441', 'Quebrada Del Sur') https://osm.org/?mlat=29.86695567931262&mlon=-90.04450872422383&zoom=16
address does not match a street: (None, '1449', 'Quebrada Del Sur') https://osm.org/?mlat=29.866844521965607&mlon=-90.0449518906141&zoom=16
address does not match a street: (None, '2102', 'la Quinta Via') https://osm.org/?mlat=29.86701139670998&mlon=-90.05274315753834&zoom=16
address does not match a street: (None, '2040', 'la Quinta Via') https://osm.org/?mlat=29.866994834520618&mlon=-90.05217227355999&zoom=16
address does not match a street: (None, '2028', 'la Quinta Via') https://osm.org/?mlat=29.866901186490058&mlon=-90.0515929123741&zoom=16
address does not match a street: (None, '11', 'Joya Loma') https://osm.org/?mlat=29.86631436130152&mlon=-90.04585480883556&zoom=16
address does not match a street: (None, '2712', 'Nogalera Via') https://osm.org/?mlat=29.866506004156463&mlon=-90.04548633395747&zoom=16
address does not match a street: (None, '1828', 'Timberlane Estates Drive') https://osm.org/?mlat=29.863652727028395&mlon=-90.04589543089475&zoom=16
address does not match a street: (None, '1863', 'Timberlane Estates Drive') https://osm.org/?mlat=29.863664551285833&mlon=-90.04738449789632&zoom=16
address does not match a street: (None, '34', 'Terraza Del Oeste') https://osm.org/?mlat=29.866731738773012&mlon=-90.04803915331438&zoom=16
address does not match a street: (None, '1849', 'Timberlane Estates Drive') https://osm.org/?mlat=29.863831947467567&mlon=-90.04678602294823&zoom=16
address does not match a street: (None, '1816', 'Timberlane Estates Drive') https://osm.org/?mlat=29.863763733067042&mlon=-90.04543650609563&zoom=16
address does not match a street: (None, '1433', 'Quebrada Del Sur') https://osm.org/?mlat=29.867086670741024&mlon=-90.0441252501134&zoom=16
address does not match a street: (None, '1864', 'Timberlane Estates Drive') https://osm.org/?mlat=29.863256116236226&mlon=-90.04723831176268&zoom=16
address does not match a street: (None, '2017', 'Alejo Del Sur Street') https://osm.org/?mlat=29.86492446111077&mlon=-90.05108505891882&zoom=16
address does not match a street: (None, '2001', 'la Quinta Via') https://osm.org/?mlat=29.86636075278032&mlon=-90.05031883382624&zoom=16
address does not match a street: (None, '2013', 'la Quinta Via') https://osm.org/?mlat=29.866390979100508&mlon=-90.0508800728999&zoom=16
address does not match a street: (None, '2017', 'la Quinta Via') https://osm.org/?mlat=29.86643403992448&mlon=-90.05106567706616&zoom=16
address does not match a street: (None, '2029', 'la Quinta Via') https://osm.org/?mlat=29.86651653777229&mlon=-90.05162940213583&zoom=16
address does not match a street: (None, '6', 'Terraza Del Oeste') https://osm.org/?mlat=29.867935083552485&mlon=-90.04791954192486&zoom=16
address does not match a street: (None, '1', 'Terraza Del Oeste') https://osm.org/?mlat=29.867836911258525&mlon=-90.04749987662939&zoom=16
address does not match a street: (None, '1844', 'Timberlane Estates Drive') https://osm.org/?mlat=29.863477115842777&mlon=-90.04649716831138&zoom=16
address does not match a street: (None, '33', 'Terraza Del Oeste') https://osm.org/?mlat=29.86669683878732&mlon=-90.04760663619966&zoom=16
address does not match a street: (None, '14', 'Terraza Del Este') https://osm.org/?mlat=29.86708367902705&mlon=-90.04718902098575&zoom=16
address does not match a street: (None, '22', 'Terraza Del Este') https://osm.org/?mlat=29.86671018456399&mlon=-90.04724115918887&zoom=16
address does not match a street: (None, '26', 'Terraza Del Este') https://osm.org/?mlat=29.866550610519408&mlon=-90.04723374851321&zoom=16
address does not match a street: (None, '1748', 'Timberlane Estates Drive') https://osm.org/?mlat=29.86396532012186&mlon=-90.04467982959066&zoom=16
address does not match a street: (None, '1', 'Terraza Del Este') https://osm.org/?mlat=29.867521871478196&mlon=-90.04672271153332&zoom=16
address does not match a street: (None, '1800', 'Timberlane Estates Drive') https://osm.org/?mlat=29.863934086498926&mlon=-90.04486007491982&zoom=16
address does not match a street: (None, '1808', 'Timberlane Estates Drive') https://osm.org/?mlat=29.863854347639943&mlon=-90.04514191088417&zoom=16
address does not match a street: (None, '1817', 'Timberlane Estates Drive') https://osm.org/?mlat=29.864136486064083&mlon=-90.04558945701974&zoom=16
address does not match a street: (None, '1829', 'Timberlane Estates Drive') https://osm.org/?mlat=29.864014418088487&mlon=-90.04604221567509&zoom=16
address does not match a street: (None, '1839', 'Timberlane Estates Drive') https://osm.org/?mlat=29.863900413202966&mlon=-90.04647593751557&zoom=16
address does not match a street: (None, '10', 'Terraza Del Este') https://osm.org/?mlat=29.867207477261992&mlon=-90.04719373712949&zoom=16
address does not match a street: (None, '6', 'Terraza Del Este') https://osm.org/?mlat=29.867372180290452&mlon=-90.04716321890194&zoom=16
address does not match a street: (None, '17', 'Terraza Del Oeste') https://osm.org/?mlat=29.867320612174712&mlon=-90.04751411510559&zoom=16
address does not match a street: (None, '2009', 'Alejo Del Sur Street') https://osm.org/?mlat=29.864934454985026&mlon=-90.05070000131532&zoom=16
address does not match a street: (None, '2029', 'Alejo Del Sur Street') https://osm.org/?mlat=29.864976712387566&mlon=-90.05164916364981&zoom=16
address does not match a street: (None, '2157', 'Mars') https://osm.org/?mlat=29.865519064487994&mlon=-90.05425153908425&zoom=16
address does not match a street: (None, '2142', 'Mars') https://osm.org/?mlat=29.866039772531135&mlon=-90.05378421104358&zoom=16
address does not match a street: (None, '2160', 'Mars') https://osm.org/?mlat=29.865923557401803&mlon=-90.05455872219422&zoom=16
address does not match a street: (None, '49', 'Terraza Del Sur') https://osm.org/?mlat=29.86578465784461&mlon=-90.04742819580594&zoom=16
address does not match a street: (None, '41', 'Terraza Del Sur') https://osm.org/?mlat=29.865873728254197&mlon=-90.0470100826617&zoom=16
address does not match a street: (None, '1737', 'Timberlane Estates Drive') https://osm.org/?mlat=29.86445843883009&mlon=-90.0444873132588&zoom=16
address does not match a street: (None, '1729', 'Timberlane Estates Drive') https://osm.org/?mlat=29.864529587848985&mlon=-90.0441708793042&zoom=16
address does not match a street: (None, '1801', 'Timberlane Estates Drive') https://osm.org/?mlat=29.864314718203804&mlon=-90.04497506064405&zoom=16
address does not match a street: (None, '1809', 'Timberlane Estates Drive') https://osm.org/?mlat=29.864232414870273&mlon=-90.04527586045334&zoom=16
address does not match a street: (None, '1813', 'Timberlane Estates Drive') https://osm.org/?mlat=29.864184342384636&mlon=-90.04542161671284&zoom=16
address does not match a street: (None, '2016', 'Alejo Del Sur Street') https://osm.org/?mlat=29.8653250734994&mlon=-90.05127553701429&zoom=16
address does not match a street: (None, '2012', 'Alejo Del Sur Street') https://osm.org/?mlat=29.865251458752105&mlon=-90.05105877438929&zoom=16
address does not match a street: (None, '2004', 'Alejo Del Sur Street') https://osm.org/?mlat=29.865330225369615&mlon=-90.0506759874285&zoom=16
address does not match a street: (None, '18', 'Terraza Del Oeste') https://osm.org/?mlat=29.867402076536905&mlon=-90.04797057561447&zoom=16
address does not match a street: (None, '47', 'Terraza Del Oeste') https://osm.org/?mlat=29.866188105457592&mlon=-90.04765755615642&zoom=16
address does not match a street: (None, '42', 'Terraza Del Oeste') https://osm.org/?mlat=29.866412714145508&mlon=-90.04803694866867&zoom=16
address does not match a street: (None, '2150', 'Mars') https://osm.org/?mlat=29.865960937113815&mlon=-90.05423123840686&zoom=16
address does not match a street: (None, '2020', 'la Quinta Via') https://osm.org/?mlat=29.86685078116286&mlon=-90.05121808828422&zoom=16
address does not match a street: (None, '2110', 'la Quinta Via') https://osm.org/?mlat=29.867026082547095&mlon=-90.05312159605538&zoom=16
address does not match a street: (None, '1820', 'Timberlane Estates Drive') https://osm.org/?mlat=29.863721283381054&mlon=-90.04559481061202&zoom=16
address does not match a street: (None, '1832', 'Timberlane Estates Drive') https://osm.org/?mlat=29.863599092718392&mlon=-90.0460349484899&zoom=16
address does not match a street: (None, '2021', 'Alejo Del Sur Street') https://osm.org/?mlat=29.864786011890708&mlon=-90.05126983640234&zoom=16
address does not match a street: (None, '2700', 'Nogalera Via') https://osm.org/?mlat=29.867128421598906&mlon=-90.04557927496559&zoom=16
address does not match a street: (None, '1', 'Joya Loma') https://osm.org/?mlat=29.86724177760983&mlon=-90.04592173468764&zoom=16
address does not match a street: (None, '1843', 'Timberlane Estates Drive') https://osm.org/?mlat=29.863863554258792&mlon=-90.04664363513933&zoom=16
address does not match a street: (None, '1855', 'Timberlane Estates Drive') https://osm.org/?mlat=29.863735829858193&mlon=-90.04708068846317&zoom=16
address does not match a street: (None, '1805', 'Timberlane Estates Drive') https://osm.org/?mlat=29.864258582489633&mlon=-90.04513985200916&zoom=16
address does not match a street: (None, '1741', 'Timberlane Estates Drive') https://osm.org/?mlat=29.864407803088735&mlon=-90.04465203417472&zoom=16
address does not match a street: (None, '2145', 'Colombo Street') https://osm.org/?mlat=29.868059971972112&mlon=-90.05452190034194&zoom=16
address does not match a street: (None, '2001', 'Alejo Del Sur Street') https://osm.org/?mlat=29.864980317639056&mlon=-90.05032710242614&zoom=16
address does not match a street: (None, '2107', 'la Quinta Via') https://osm.org/?mlat=29.86659012648577&mlon=-90.05297257924218&zoom=16
address does not match a street: (None, '2045', 'la Quinta Via') https://osm.org/?mlat=29.866601185062812&mlon=-90.05241396422156&zoom=16
address does not match a street: (None, '2033', 'la Quinta Via') https://osm.org/?mlat=29.866534973414197&mlon=-90.05182794366765&zoom=16
address does not match a street: (None, '46', 'Terraza Del Oeste') https://osm.org/?mlat=29.86624794830907&mlon=-90.04806115556657&zoom=16
address does not match a street: (None, '30', 'Terraza Del Este') https://osm.org/?mlat=29.866383188641024&mlon=-90.04726745658998&zoom=16
address does not match a street: (None, '2013', 'Alejo Del Sur Street') https://osm.org/?mlat=29.864870340030176&mlon=-90.05089328926124&zoom=16
address does not match a street: (None, '1744', 'Timberlane Estates Drive') https://osm.org/?mlat=29.8640157712338&mlon=-90.04449618101523&zoom=16
address does not match a street: (None, '1831', 'Timberlane Estates Drive') https://osm.org/?mlat=29.863982781061274&mlon=-90.04618144915798&zoom=16
address does not match a street: (None, '2134', 'la Quinta Via') https://osm.org/?mlat=29.86640013532504&mlon=-90.05379537001654&zoom=16
address does not match a street: (None, '2125', 'Colombo Street') https://osm.org/?mlat=29.868090226100446&mlon=-90.05339192890223&zoom=16
address does not match a street: (None, '2036', 'la Quinta Via') https://osm.org/?mlat=29.86693790384907&mlon=-90.05197422392908&zoom=16
address does not match a street: (None, '37', 'Terraza Del Oeste') https://osm.org/?mlat=29.866508439790852&mlon=-90.0476007709604&zoom=16
address does not match a street: (None, '2021', 'la Quinta Via') https://osm.org/?mlat=29.866444196617664&mlon=-90.05126117045094&zoom=16
address does not match a street: (None, '2009', 'la Quinta Via') https://osm.org/?mlat=29.866402819301015&mlon=-90.05068429817425&zoom=16
address does not match a street: (None, '29', 'Terraza Del Este') https://osm.org/?mlat=29.866370525570545&mlon=-90.04681642435322&zoom=16
address does not match a street: (None, '12', 'Joya Loma') https://osm.org/?mlat=29.866504366063886&mlon=-90.04644238451786&zoom=16
address does not match a street: (None, '13', 'Joya Loma') https://osm.org/?mlat=29.866148236401347&mlon=-90.04602102178005&zoom=16
address does not match a street: (None, '1452', 'Quebrada Del Sur') https://osm.org/?mlat=29.866480233823285&mlon=-90.0448209151608&zoom=16
address does not match a street: (None, '1444', 'Quebrada Del Sur') https://osm.org/?mlat=29.866611098977167&mlon=-90.04446247752625&zoom=16
address does not match a street: (None, '2', 'Joya Loma') https://osm.org/?mlat=29.867331249472837&mlon=-90.04635284853798&zoom=16
address does not match a street: (None, '37', 'Terraza Del Sur') https://osm.org/?mlat=29.865999225208043&mlon=-90.04681174184154&zoom=16
address does not match a street: (None, '5', 'Terraza Del Este') https://osm.org/?mlat=29.867354326251892&mlon=-90.04674380144215&zoom=16
address does not match a street: (None, '21', 'Terraza Del Oeste') https://osm.org/?mlat=29.867150316235335&mlon=-90.04753523905764&zoom=16
address does not match a street: (None, '13', 'Terraza Del Oeste') https://osm.org/?mlat=29.867508249889834&mlon=-90.0475493385287&zoom=16
address does not match a street: (None, '4', 'Terraza Del Este') https://osm.org/?mlat=29.8675345348686&mlon=-90.0471737489578&zoom=16
address does not match a street: (None, '22', 'Terraza Del Oeste') https://osm.org/?mlat=29.867272872409&mlon=-90.04797539377479&zoom=16
address does not match a street: (None, '14', 'Terraza Del Oeste') https://osm.org/?mlat=29.867597462604536&mlon=-90.04793936141884&zoom=16
address does not match a street: (None, '8', 'Joya Loma') https://osm.org/?mlat=29.86682873656804&mlon=-90.04642873908999&zoom=16
address does not match a street: (None, '13', 'Terraza Del Este') https://osm.org/?mlat=29.867021614071234&mlon=-90.04674808770535&zoom=16
address does not match a street: (None, '2708', 'Nogalera Via') https://osm.org/?mlat=29.86675409432054&mlon=-90.0455462390927&zoom=16
address does not match a street: (None, '2005', 'Alejo Del Sur Street') https://osm.org/?mlat=29.864971042946443&mlon=-90.050503910503&zoom=16
address does not match a street: (None, '2024', 'Alejo Del Sur Street') https://osm.org/?mlat=29.86514765491388&mlon=-90.05169429734015&zoom=16
address does not match a street: (None, '18', 'Terraza Del Este') https://osm.org/?mlat=29.86688054219028&mlon=-90.04722634447502&zoom=16
address does not match a street: (None, '2948', 'la Quinta Via') https://osm.org/?mlat=29.86672585316108&mlon=-90.04941464003613&zoom=16
address does not match a street: (None, '30', 'Terraza Del Oeste') https://osm.org/?mlat=29.86690475363783&mlon=-90.04801484009734&zoom=16
address does not match a street: (None, '38', 'Terraza Del Oeste') https://osm.org/?mlat=29.866583163495903&mlon=-90.04803159981036&zoom=16
address does not match a street: (None, '50', 'Terraza Del Oeste') https://osm.org/?mlat=29.86607603689195&mlon=-90.04810069927632&zoom=16
address does not match a street: (None, '2025', 'Alejo Del Sur Street') https://osm.org/?mlat=29.86482653781782&mlon=-90.05147755636507&zoom=16
address does not match a street: (None, '1453', 'Quebrada Del Sur') https://osm.org/?mlat=29.86677738757753&mlon=-90.04511682803953&zoom=16
address does not match a street: (None, '1445', 'Quebrada Del Sur') https://osm.org/?mlat=29.866886692568766&mlon=-90.04476518746935&zoom=16
address does not match a street: (None, '1437', 'Quebrada Del Sur') https://osm.org/?mlat=29.86702522234899&mlon=-90.04430904647384&zoom=16
address does not match a street: (None, '10', 'Terraza Del Oeste') https://osm.org/?mlat=29.867740195568&mlon=-90.04795675807516&zoom=16
address does not match a street: (None, '7', 'Joya Loma') https://osm.org/?mlat=29.86668417777083&mlon=-90.04598887178214&zoom=16
address does not match a street: (None, '25', 'Terraza Del Oeste') https://osm.org/?mlat=29.86702401188812&mlon=-90.04756459351084&zoom=16
address does not match a street: (None, '29', 'Terraza Del Oeste') https://osm.org/?mlat=29.866848961158603&mlon=-90.04759310033597&zoom=16
address does not match a street: (None, '41', 'Terraza Del Oeste') https://osm.org/?mlat=29.866290745132616&mlon=-90.04762544882634&zoom=16
address does not match a street: (None, '9', 'Joya Loma') https://osm.org/?mlat=29.866501524914025&mlon=-90.04587132724654&zoom=16
address does not match a street: (None, '2049', 'la Quinta Via') https://osm.org/?mlat=29.866594687981177&mlon=-90.05259389452748&zoom=16
address does not match a street: (None, '2037', 'la Quinta Via') https://osm.org/?mlat=29.866542287038563&mlon=-90.05201400712824&zoom=16
address does not match a street: (None, '2025', 'la Quinta Via') https://osm.org/?mlat=29.866462571293127&mlon=-90.05145340214821&zoom=16
address does not match a street: (None, '2005', 'la Quinta Via') https://osm.org/?mlat=29.866357008247125&mlon=-90.05049872851535&zoom=16
address does not match a street: (None, '2118', 'la Quinta Via') https://osm.org/?mlat=29.86704085944146&mlon=-90.05350950020959&zoom=16
address does not match a street: (None, '2122', 'la Quinta Via') https://osm.org/?mlat=29.86694392844116&mlon=-90.05372214321063&zoom=16
address does not match a street: (None, '2024', 'la Quinta Via') https://osm.org/?mlat=29.866849938893477&mlon=-90.05141372264491&zoom=16
address does not match a street: (None, '2032', 'la Quinta Via') https://osm.org/?mlat=29.866944246315338&mlon=-90.05177851883091&zoom=16
address does not match a street: (None, '2044', 'la Quinta Via') https://osm.org/?mlat=29.86698846072878&mlon=-90.05236482390399&zoom=16
address does not match a street: (None, '2048', 'la Quinta Via') https://osm.org/?mlat=29.86700955273607&mlon=-90.05255386675933&zoom=16
address does not match a street: (None, '2004', 'la Quinta Via') https://osm.org/?mlat=29.866749966379448&mlon=-90.05046843918096&zoom=16
address does not match a street: (None, '2016', 'la Quinta Via') https://osm.org/?mlat=29.86680759745927&mlon=-90.05101986295405&zoom=16
address does not match a street: (None, '2020', 'Alejo Del Sur Street') https://osm.org/?mlat=29.86534354043899&mlon=-90.05147723088832&zoom=16
address does not match a street: (None, '2008', 'Alejo Del Sur Street') https://osm.org/?mlat=29.86530188709011&mlon=-90.05087197190844&zoom=16
address does not match a street: (None, '2000', 'Alejo Del Sur Street') https://osm.org/?mlat=29.865331097316023&mlon=-90.0504835097787&zoom=16
address does not match a street: (None, '2138', 'la Quinta Via') https://osm.org/?mlat=29.86622971553987&mlon=-90.0538038638446&zoom=16
address does not match a street: (None, '45', 'Terraza Del Sur') https://osm.org/?mlat=29.865816258865113&mlon=-90.0472242741751&zoom=16
address does not match a street: (None, '51', 'Terraza Del Sur') https://osm.org/?mlat=29.86573284373936&mlon=-90.04756137034576&zoom=16
address does not match a street: (None, '54', 'Terraza Del Oeste') https://osm.org/?mlat=29.86593020113804&mlon=-90.04811366786566&zoom=16
address does not match a street: (None, '2', 'Terraza Del Este') https://osm.org/?mlat=29.867702019333304&mlon=-90.04714635002215&zoom=16
address does not match a street: (None, '58', 'Terraza Del Este') https://osm.org/?mlat=29.865712462505826&mlon=-90.04807894518504&zoom=16
address does not match a street: (None, '1851', 'Timberlane Estates Drive') https://osm.org/?mlat=29.863783873305533&mlon=-90.0469317778964&zoom=16
address does not match a street: (None, '2148', 'Colombo Street') https://osm.org/?mlat=29.868496870257832&mlon=-90.05391995881803&zoom=16
address does not match a street: (None, '2156', 'Colombo Street') https://osm.org/?mlat=29.868522520748446&mlon=-90.05429510843024&zoom=16
address does not match a street: (None, '2137', 'Colombo Street') https://osm.org/?mlat=29.868047272394037&mlon=-90.05406454988922&zoom=16
address does not match a street: (None, '2103', 'la Quinta Via') https://osm.org/?mlat=29.86662399798584&mlon=-90.05277967713255&zoom=16
address does not match a street: (None, '2008', 'la Quinta Via') https://osm.org/?mlat=29.86678752933271&mlon=-90.05065411549198&zoom=16
address does not match a street: (None, '34', 'Terraza Del Este') https://osm.org/?mlat=29.866218083467146&mlon=-90.04725696192398&zoom=16
address does not match a street: (None, '26', 'Terraza Del Oeste') https://osm.org/?mlat=29.867077890970062&mlon=-90.04800314612666&zoom=16
address does not match a street: (None, '1440', 'Quebrada Del Sur') https://osm.org/?mlat=29.866604118360023&mlon=-90.04427346394706&zoom=16
address does not match a street: (None, '2161', 'Mars') https://osm.org/?mlat=29.86551284109721&mlon=-90.0544598603619&zoom=16
address does not match a street: (None, '2146', 'Mars') https://osm.org/?mlat=29.865995054329105&mlon=-90.0539930265673&zoom=16
address does not match a street: (None, '2701', 'Nogalera Via') https://osm.org/?mlat=29.867049605861098&mlon=-90.04511331667086&zoom=16
address does not match a street: (None, '17', 'Terraza Del Este') https://osm.org/?mlat=29.86686231787175&mlon=-90.04676907119753&zoom=16
address does not match a street: (None, '1821', 'Timberlane Estates Drive') https://osm.org/?mlat=29.864107784588832&mlon=-90.04574758377716&zoom=16
address does not match a street: (None, '1725', 'Timberlane Estates Drive') https://osm.org/?mlat=29.86455584714233&mlon=-90.04404433441238&zoom=16
address does not match a street: (None, '1733', 'Timberlane Estates Drive') https://osm.org/?mlat=29.86448157845519&mlon=-90.04432294602245&zoom=16
address does not match a street: (None, '1736', 'Timberlane Estates Drive') https://osm.org/?mlat=29.86410832902028&mlon=-90.04411952457525&zoom=16
address does not match a street: (None, '1824', 'Timberlane Estates Drive') https://osm.org/?mlat=29.863678771697508&mlon=-90.04574680451546&zoom=16
address does not match a street: (None, '1429', 'Quebrada Del Sur') https://osm.org/?mlat=29.867128933004167&mlon=-90.04394801169232&zoom=16
address does not match a street: (None, '1867', 'Timberlane Estates Drive') https://osm.org/?mlat=29.863641146687964&mlon=-90.04753950563537&zoom=16
address does not match a street: (None, '1820', 'Newbury Place') https://osm.org/?mlat=29.862247900504318&mlon=-90.04513084028443&zoom=16
address does not match a street: (None, '1824', 'Newbury Place') https://osm.org/?mlat=29.862173873379582&mlon=-90.04530992421913&zoom=16
address does not match a street: (None, '1817', 'Newbury Place') https://osm.org/?mlat=29.86267591320575&mlon=-90.04520015462909&zoom=16
address does not match a street: (None, '1817', 'Newbury Place') https://osm.org/?mlat=29.862666955053278&mlon=-90.04529188780307&zoom=16
address does not match a street: (None, '1813', 'Newbury Place') https://osm.org/?mlat=29.86271318777882&mlon=-90.04508030631155&zoom=16
address does not match a street: (None, '1809', 'Newbury Place') https://osm.org/?mlat=29.862849240910133&mlon=-90.04491208496738&zoom=16
address does not match a street: (None, '1825', 'Timberlane Estates Drive') https://osm.org/?mlat=29.864062275889836&mlon=-90.04587437577864&zoom=16
address does not match a street: (None, '1460', 'Quebrada Del Sur') https://osm.org/?mlat=29.866423945374272&mlon=-90.04525075057906&zoom=16
address does not match a street: (None, '1800', 'Newbury Place') https://osm.org/?mlat=29.86259526439864&mlon=-90.04426964217332&zoom=16
address does not match a street: (None, '1801', 'Newbury Place') https://osm.org/?mlat=29.862971566352833&mlon=-90.04456909071514&zoom=16
address does not match a street: (None, '1805', 'Newbury Place') https://osm.org/?mlat=29.862927981706587&mlon=-90.04474248162727&zoom=16
address does not match a street: (None, '1804', 'Newbury Place') https://osm.org/?mlat=29.862564763052546&mlon=-90.04445770753124&zoom=16
address does not match a street: (None, '1808', 'Newbury Place') https://osm.org/?mlat=29.862487922132818&mlon=-90.0446325868806&zoom=16
address does not match a street: (None, '1812', 'Newbury Place') https://osm.org/?mlat=29.8624026102185&mlon=-90.0447916714907&zoom=16
address does not match a street: (None, '1816', 'Newbury Place') https://osm.org/?mlat=29.862321221802468&mlon=-90.044974031876&zoom=16
address does not match a street: (None, '2153', 'Mars') https://osm.org/?mlat=29.865544228319273&mlon=-90.05401142235924&zoom=16
address does not match a street: (None, '55', 'Terraza Del Sur') https://osm.org/?mlat=29.865648176040754&mlon=-90.04779804418641&zoom=16
address does not match a street: (None, '1', 'Tunica Court') https://osm.org/?mlat=29.869209231535745&mlon=-90.04640658525297&zoom=16
address does not match a street: (None, '9', 'Tunica Court') https://osm.org/?mlat=29.86865407526063&mlon=-90.04654252896412&zoom=16
address does not match a street: (None, '13', 'Tunica Court') https://osm.org/?mlat=29.868713977248788&mlon=-90.04681767528587&zoom=16
address does not match a street: (None, '10', 'Tunica Court') https://osm.org/?mlat=29.86898101255789&mlon=-90.04702757842396&zoom=16
address does not match a street: (None, '6', 'Tunica Court') https://osm.org/?mlat=29.869227704438973&mlon=-90.04689642933087&zoom=16
address does not match a street: (None, '5', 'Tunica Court') https://osm.org/?mlat=29.868971034765533&mlon=-90.04634657179177&zoom=16
address does not match a street: (None, '1804', 'Timberlane Estates Drive') https://osm.org/?mlat=29.863885767151334&mlon=-90.04498059415502&zoom=16
address does not match a street: (None, '2940', 'la Quinta Via') https://osm.org/?mlat=29.8666965162516&mlon=-90.04890721091078&zoom=16
address does not match a street: (None, '1848', 'Timberlane Estates Drive') https://osm.org/?mlat=29.863437445425745&mlon=-90.04665859017726&zoom=16
address does not match a street: (None, '1812', 'Timberlane Estates Drive') https://osm.org/?mlat=29.86380077593957&mlon=-90.04528773758142&zoom=16
address does not match a street: (None, '2111', 'la Quinta Via') https://osm.org/?mlat=29.86663321507517&mlon=-90.05316133949802&zoom=16
address does not match a street: (None, '1835', 'Timberlane Estates Drive') https://osm.org/?mlat=29.863932112310646&mlon=-90.04634301370062&zoom=16
address does not match a street: (None, '1860', 'Timberlane Estates Drive') https://osm.org/?mlat=29.863353654137335&mlon=-90.04708876559242&zoom=16
address does not match a street: (None, '1852', 'Timberlane Estates Drive') https://osm.org/?mlat=29.863392059337976&mlon=-90.04679799976454&zoom=16
address does not match a street: (None, '2041', 'la Quinta Via') https://osm.org/?mlat=29.86659918690946&mlon=-90.0522089011814&zoom=16
address does not match a street: (None, '1859', 'Timberlane Estates Drive') https://osm.org/?mlat=29.863729031449445&mlon=-90.04722906671633&zoom=16
address does not match a street: (None, '1460', 'Quebrada Del Sur') https://osm.org/?mlat=29.86633263345367&mlon=-90.04533171416507&zoom=16
address does not match a street: (None, '1460', 'Quebrada Del Sur') https://osm.org/?mlat=29.866327323172808&mlon=-90.04524481372141&zoom=16
address does not match a street: (None, '2841', 'Scout Street') https://osm.org/?mlat=29.859763196876976&mlon=-90.05438776352047&zoom=16
address does not match a street: (None, '2837', 'Scout Street') https://osm.org/?mlat=29.859938701327188&mlon=-90.05431606577524&zoom=16
address does not match a street: (None, '2833', 'Scout Street') https://osm.org/?mlat=29.86005596809008&mlon=-90.05445257058582&zoom=16
address does not match a street: (None, '2829', 'Scout Street') https://osm.org/?mlat=29.860070949675727&mlon=-90.05462757666795&zoom=16
address does not match a street: (None, '2832', 'Scout Street') https://osm.org/?mlat=29.859986201553774&mlon=-90.05478862581484&zoom=16
address does not match a street: (None, '2836', 'Scout Street') https://osm.org/?mlat=29.859853501419526&mlon=-90.0547979418789&zoom=16
address does not match a street: (None, '2220', 'South Harper Drive') https://osm.org/?mlat=29.859719065843787&mlon=-90.05394652515463&zoom=16
address does not match a street: (None, '2143', 'Mars') https://osm.org/?mlat=29.86524559781798&mlon=-90.05297406743485&zoom=16
new building tag (addr:street=Mars) does not match the old one (addr:street=Mars Street)
new building tag (addr:postcode=70058) does not match the old one (addr:postcode=70058-2948)
