address has no house number: (None, 'Lake Avenue') https://osm.org/?mlat=29.983551578738414&mlon=-90.12581386540353&zoom=16
address has no house number: (None, 'Lake Avenue') https://osm.org/?mlat=29.983553364660285&mlon=-90.12568980770446&zoom=16
address does not match a street: ('320', 'Rue SaintAnn') https://osm.org/?mlat=29.990867901931903&mlon=-90.13118242488767&zoom=16
address does not match a street: ('310', 'Rue SaintAnn') https://osm.org/?mlat=29.991021846296267&mlon=-90.13108835897565&zoom=16
address does not match a street: ('306', 'Rue SaintAnn') https://osm.org/?mlat=29.99119467366992&mlon=-90.13117848649894&zoom=16
address does not match a street: ('304', 'Rue SaintAnn') https://osm.org/?mlat=29.991262384761413&mlon=-90.13105911286408&zoom=16
address does not match a street: ('314', 'Rue SaintAnn') https://osm.org/?mlat=29.990924208156727&mlon=-90.13106977579707&zoom=16
address does not match a street: ('302', 'Rue SaintAnn') https://osm.org/?mlat=29.991405705247946&mlon=-90.13105738532511&zoom=16
address does not match a street: ('316', 'Rue SaintAnn') https://osm.org/?mlat=29.99127721479692&mlon=-90.131164745288&zoom=16
address does not match a street: ('308', 'Rue SaintAnn') https://osm.org/?mlat=29.991130590352533&mlon=-90.1310672881616&zoom=16
address does not match a street: ('300', 'Rue SaintAnn') https://osm.org/?mlat=29.991391001749996&mlon=-90.13114934846276&zoom=16
address does not match a street: ('318', 'Rue SaintAnn') https://osm.org/?mlat=29.99108013738883&mlon=-90.13119304032314&zoom=16
address does not match a street: ('312', 'Rue SaintAnn') https://osm.org/?mlat=29.990971213776646&mlon=-90.13119435310124&zoom=16
address does not match a street: ('203', 'Rue SaintAnn') https://osm.org/?mlat=29.990765021151862&mlon=-90.1314611507439&zoom=16
address does not match a street: ('221', 'Rue SaintAnn') https://osm.org/?mlat=29.990333996122555&mlon=-90.13146665117614&zoom=16
address does not match a street: ('217', 'Rue SaintAnn') https://osm.org/?mlat=29.990491820585778&mlon=-90.13143724514795&zoom=16
address does not match a street: ('209', 'Rue SaintAnn') https://osm.org/?mlat=29.990463716876516&mlon=-90.13153956130655&zoom=16
address does not match a street: ('207', 'Rue SaintAnn') https://osm.org/?mlat=29.9906066575642&mlon=-90.13145562032948&zoom=16
address does not match a street: ('213', 'Rue SaintAnn') https://osm.org/?mlat=29.990212175236334&mlon=-90.1315789309998&zoom=16
address does not match a street: ('215', 'Rue SaintAnn') https://osm.org/?mlat=29.990684940165817&mlon=-90.13144107877837&zoom=16
address does not match a street: ('205', 'Rue SaintAnn') https://osm.org/?mlat=29.990692489231876&mlon=-90.13155869375301&zoom=16
address does not match a street: ('211', 'Rue SaintAnn') https://osm.org/?mlat=29.99034987361302&mlon=-90.1315487965232&zoom=16
address does not match a street: ('219', 'Rue SaintAnn') https://osm.org/?mlat=29.990584238343775&mlon=-90.13155255939876&zoom=16
address does not match a street: ('201', 'Rue SaintAnn') https://osm.org/?mlat=29.99077791908308&mlon=-90.13153662751809&zoom=16
address does not match a street: ('339', 'Rue SaintAnn') https://osm.org/?mlat=29.992107126366946&mlon=-90.13133172897841&zoom=16
address does not match a street: ('333', 'Rue SaintAnn') https://osm.org/?mlat=29.992057244479604&mlon=-90.13145790134146&zoom=16
address does not match a street: ('331', 'Rue SaintAnn') https://osm.org/?mlat=29.992015643480098&mlon=-90.13131880699467&zoom=16
address does not match a street: ('329', 'Rue SaintAnn') https://osm.org/?mlat=29.991702869882054&mlon=-90.13135635982601&zoom=16
address does not match a street: ('317', 'Rue SaintAnn') https://osm.org/?mlat=29.991816412421663&mlon=-90.13131419522583&zoom=16
address does not match a street: ('327', 'Rue SaintAnn') https://osm.org/?mlat=29.992160374980223&mlon=-90.13145007188005&zoom=16
address does not match a street: ('319', 'Rue SaintAnn') https://osm.org/?mlat=29.99219871913408&mlon=-90.13131617472956&zoom=16
address does not match a street: ('321', 'Rue SaintAnn') https://osm.org/?mlat=29.99225203955236&mlon=-90.13144238056623&zoom=16
address does not match a street: ('335', 'Rue SaintAnn') https://osm.org/?mlat=29.99195990617073&mlon=-90.13147224774174&zoom=16
address does not match a street: ('323', 'Rue SaintAnn') https://osm.org/?mlat=29.991690583450648&mlon=-90.13148866539112&zoom=16
address does not match a street: ('337', 'Rue SaintAnn') https://osm.org/?mlat=29.991918245046374&mlon=-90.13132656750298&zoom=16
address does not match a street: ('325', 'Rue SaintAnn') https://osm.org/?mlat=29.991822378776813&mlon=-90.13148049059359&zoom=16
address does not match a street: ('805', 'Rue Bourbon') https://osm.org/?mlat=29.992388070541388&mlon=-90.13083275539742&zoom=16
address does not match a street: ('305', 'Rue SaintPeter') https://osm.org/?mlat=29.99128621261557&mlon=-90.13079601871466&zoom=16
address does not match a street: ('307', 'Rue SaintPeter') https://osm.org/?mlat=29.991194853269356&mlon=-90.13081815718431&zoom=16
address does not match a street: ('309', 'Rue SaintPeter') https://osm.org/?mlat=29.991091223305343&mlon=-90.13083343190586&zoom=16
address does not match a street: ('301', 'Rue SaintPeter') https://osm.org/?mlat=29.990987465228322&mlon=-90.13083468280178&zoom=16
address does not match a street: ('311', 'Rue SaintPeter') https://osm.org/?mlat=29.990877668362383&mlon=-90.13084301812282&zoom=16
address does not match a street: ('315', 'Rue SaintPeter') https://osm.org/?mlat=29.991285187707994&mlon=-90.13068383424731&zoom=16
address does not match a street: ('317', 'Rue SaintPeter') https://osm.org/?mlat=29.991193636202194&mlon=-90.1306849381218&zoom=16
address does not match a street: ('319', 'Rue SaintPeter') https://osm.org/?mlat=29.991096109978745&mlon=-90.13070013835102&zoom=16
address does not match a street: ('321', 'Rue SaintPeter') https://osm.org/?mlat=29.990986312230504&mlon=-90.13070847487646&zoom=16
address does not match a street: ('303', 'Rue SaintPeter') https://osm.org/?mlat=29.991383995067245&mlon=-90.13080886521296&zoom=16
address does not match a street: ('313', 'Rue SaintPeter') https://osm.org/?mlat=29.99137686642684&mlon=-90.13069675319375&zoom=16
address does not match a street: ('234', 'Rue SaintPeter') https://osm.org/?mlat=29.990671049786457&mlon=-90.13045762759671&zoom=16
address does not match a street: ('232', 'Rue SaintPeter') https://osm.org/?mlat=29.990670958544463&mlon=-90.1304578121494&zoom=16
address does not match a street: ('230', 'Rue SaintPeter') https://osm.org/?mlat=29.990613687871996&mlon=-90.13036099639226&zoom=16
address does not match a street: ('224', 'Rue SaintPeter') https://osm.org/?mlat=29.990434161157857&mlon=-90.1304929253068&zoom=16
address does not match a street: ('218', 'Rue SaintPeter') https://osm.org/?mlat=29.990558282378547&mlon=-90.13047845210954&zoom=16
address does not match a street: ('216', 'Rue SaintPeter') https://osm.org/?mlat=29.990190321012633&mlon=-90.1303855669313&zoom=16
address does not match a street: ('214', 'Rue SaintPeter') https://osm.org/?mlat=29.990500801903433&mlon=-90.1303688460515&zoom=16
address does not match a street: ('228', 'Rue SaintPeter') https://osm.org/?mlat=29.990393444620082&mlon=-90.13036365264782&zoom=16
address does not match a street: ('220', 'Rue SaintPeter') https://osm.org/?mlat=29.990083497296922&mlon=-90.1304387605605&zoom=16
address does not match a street: ('226', 'Rue SaintPeter') https://osm.org/?mlat=29.99029185317379&mlon=-90.13037136606981&zoom=16
address does not match a street: ('222', 'Rue SaintPeter') https://osm.org/?mlat=29.99033827624885&mlon=-90.13050705796401&zoom=16
address does not match a street: ('212', 'Rue SaintPeter') https://osm.org/?mlat=29.99022539026695&mlon=-90.13051490743626&zoom=16
address does not match a street: ('230', 'Rue SaintPeter') https://osm.org/?mlat=29.990717883107198&mlon=-90.13036957154243&zoom=16
address does not match a street: ('400', 'Rue SaintAnn') https://osm.org/?mlat=29.99291434161056&mlon=-90.13113800051752&zoom=16
address does not match a street: ('401', 'Rue SaintPeter') https://osm.org/?mlat=29.992981084099718&mlon=-90.13039938446363&zoom=16
address does not match a street: ('801', 'Rue Dauphine Drive') https://osm.org/?mlat=29.99278193161548&mlon=-90.13093326937259&zoom=16
address does not match a street: ('801', 'Rue Dauphine Drive') https://osm.org/?mlat=29.9927782669463&mlon=-90.13088192404562&zoom=16
address does not match a street: ('801', 'Rue Dauphine Drive') https://osm.org/?mlat=29.992774603159187&mlon=-90.13083057871155&zoom=16
address does not match a street: ('400', 'Rue SaintAnn') https://osm.org/?mlat=29.992955875141952&mlon=-90.13113749991068&zoom=16
address does not match a street: ('400', 'Rue SaintAnn') https://osm.org/?mlat=29.992994179845258&mlon=-90.13113336701572&zoom=16
address does not match a street: ('400', 'Rue SaintAnn') https://osm.org/?mlat=29.992913905841053&mlon=-90.13109028636163&zoom=16
address does not match a street: ('401', 'Rue SaintPeter') https://osm.org/?mlat=29.99293356334306&mlon=-90.13044400580439&zoom=16
address does not match a street: ('401', 'Rue SaintPeter') https://osm.org/?mlat=29.992933194402557&mlon=-90.13040363220291&zoom=16
address does not match a street: ('801', 'Rue Dauphine Drive') https://osm.org/?mlat=29.992742654635887&mlon=-90.13083096388722&zoom=16
address does not match a street: ('801', 'Rue Dauphine Drive') https://osm.org/?mlat=29.99274998309189&mlon=-90.13093365451539&zoom=16
address does not match a street: ('801', 'Rue Dauphine Drive') https://osm.org/?mlat=29.99274631842284&mlon=-90.13088230920485&zoom=16
address has no house number: (None, 'Nursery Avenue') https://osm.org/?mlat=29.989464235038827&mlon=-90.12804869592702&zoom=16
address does not match a street: ('304', 'Rue SaintPeter') https://osm.org/?mlat=29.991262885902913&mlon=-90.13032721367559&zoom=16
address does not match a street: ('314', 'Rue SaintPeter') https://osm.org/?mlat=29.991183824231467&mlon=-90.13032816723755&zoom=16
address does not match a street: ('312', 'Rue SaintPeter') https://osm.org/?mlat=29.991099174586296&mlon=-90.13033567642374&zoom=16
address does not match a street: ('310', 'Rue SaintPeter') https://osm.org/?mlat=29.990941051238472&mlon=-90.13033758352962&zoom=16
address does not match a street: ('300', 'Rue SaintPeter') https://osm.org/?mlat=29.991406738848596&mlon=-90.13024939098231&zoom=16
address does not match a street: ('308', 'Rue SaintPeter') https://osm.org/?mlat=29.990850695038077&mlon=-90.13033867330171&zoom=16
address does not match a street: ('306', 'Rue SaintPeter') https://osm.org/?mlat=29.991032505262957&mlon=-90.13030685855432&zoom=16
address does not match a street: ('302', 'Rue SaintPeter') https://osm.org/?mlat=29.99135318280767&mlon=-90.13031963635777&zoom=16
address does not match a street: ('401', 'Rue SaintAnn') https://osm.org/?mlat=29.99241775067568&mlon=-90.13138110481248&zoom=16
address does not match a street: ('808', 'Rue Bourbon') https://osm.org/?mlat=29.992003525905993&mlon=-90.13100407310417&zoom=16
address does not match a street: ('804', 'Rue Bourbon') https://osm.org/?mlat=29.99209876042869&mlon=-90.13080001771164&zoom=16
address does not match a street: ('800', 'Rue Bourbon') https://osm.org/?mlat=29.99198421626626&mlon=-90.13089488806617&zoom=16
address does not match a street: ('812', 'Rue Bourbon') https://osm.org/?mlat=29.99199559423259&mlon=-90.13076344496075&zoom=16
address does not match a street: ('802', 'Rue Bourbon') https://osm.org/?mlat=29.99211093713198&mlon=-90.13071552203373&zoom=16
address does not match a street: ('806', 'Rue Bourbon') https://osm.org/?mlat=29.992118077016745&mlon=-90.1309100537148&zoom=16
address does not match a street: ('810', 'Rue Bourbon') https://osm.org/?mlat=29.99209535147827&mlon=-90.13101401081991&zoom=16
address does not match a street: ('432', 'Greenmount Street') https://osm.org/?mlat=29.989579468068126&mlon=-90.12519087298104&zoom=16
address does not match a street: ('426', 'Greenmount Street') https://osm.org/?mlat=29.98930469587345&mlon=-90.12522196939874&zoom=16
address does not match a street: ('424', 'Greenmount Street') https://osm.org/?mlat=29.98930005263928&mlon=-90.12530862954078&zoom=16
address does not match a street: ('438', 'Greenmount Street') https://osm.org/?mlat=29.989694626368653&mlon=-90.12519549470755&zoom=16
address does not match a street: ('436', 'Greenmount Street') https://osm.org/?mlat=29.989731505283793&mlon=-90.12525406421517&zoom=16
address does not match a street: ('444', 'Greenmount Street') https://osm.org/?mlat=29.989986703108404&mlon=-90.12521699029982&zoom=16
address does not match a street: ('451', 'Greenmount Street') https://osm.org/?mlat=29.99010876068877&mlon=-90.12466878736595&zoom=16
address does not match a street: ('449', 'Greenmount Street') https://osm.org/?mlat=29.99009685010768&mlon=-90.12475914520672&zoom=16
address does not match a street: ('425', 'Greenmount Street') https://osm.org/?mlat=29.989279779072426&mlon=-90.12472689848325&zoom=16
address does not match a street: ('425', 'Greenmount Street') https://osm.org/?mlat=29.989279779072426&mlon=-90.12472689848325&zoom=16
address does not match a street: ('425', 'Greenmount Street') https://osm.org/?mlat=29.989279779072426&mlon=-90.12472689848325&zoom=16
address does not match a street: ('425', 'Greenmount Street') https://osm.org/?mlat=29.9892223045306&mlon=-90.1248109588268&zoom=16
address does not match a street: ('425', 'Greenmount Street') https://osm.org/?mlat=29.989279779072426&mlon=-90.12472689848325&zoom=16
address does not match a street: ('427', 'Greenmount Street') https://osm.org/?mlat=29.989263359035906&mlon=-90.1248104614079&zoom=16
address does not match a street: ('447', 'Greenmount Street') https://osm.org/?mlat=29.989958276951338&mlon=-90.12477098143248&zoom=16
address does not match a street: ('445', 'Greenmount Street') https://osm.org/?mlat=29.98996528001736&mlon=-90.12468068318532&zoom=16
address does not match a street: ('437', 'Greenmount Street') https://osm.org/?mlat=29.989692513717895&mlon=-90.1246885073063&zoom=16
address does not match a street: ('439', 'Greenmount Street') https://osm.org/?mlat=29.98968081298487&mlon=-90.12479405753281&zoom=16
address does not match a street: ('431', 'Greenmount Street') https://osm.org/?mlat=29.989408049186164&mlon=-90.12480991889343&zoom=16
address does not match a street: ('429', 'Greenmount Street') https://osm.org/?mlat=29.989414948742315&mlon=-90.12470834488266&zoom=16
address does not match a street: ('336', 'Rue SaintPeter') https://osm.org/?mlat=29.991652251432043&mlon=-90.1302900761929&zoom=16
address does not match a street: ('334', 'Rue SaintPeter') https://osm.org/?mlat=29.992121448475476&mlon=-90.13033632335132&zoom=16
address does not match a street: ('330', 'Rue SaintPeter') https://osm.org/?mlat=29.991828819998606&mlon=-90.13041456742127&zoom=16
address does not match a street: ('318', 'Rue SaintPeter') https://osm.org/?mlat=29.99204582076305&mlon=-90.13042545137934&zoom=16
address does not match a street: ('324', 'Rue SaintPeter') https://osm.org/?mlat=29.991816199897915&mlon=-90.13030756356672&zoom=16
address does not match a street: ('338', 'Rue SaintPeter') https://osm.org/?mlat=29.991929204422398&mlon=-90.13031268887117&zoom=16
address does not match a street: ('322', 'Rue SaintPeter') https://osm.org/?mlat=29.992025563607392&mlon=-90.1303504563982&zoom=16
address does not match a street: ('326', 'Rue SaintPeter') https://osm.org/?mlat=29.991611675655303&mlon=-90.13040682987288&zoom=16
address does not match a street: ('328', 'Rue SaintPeter') https://osm.org/?mlat=29.992177864971264&mlon=-90.13041035785689&zoom=16
address does not match a street: ('332', 'Rue SaintPeter') https://osm.org/?mlat=29.991722909696488&mlon=-90.1304179414869&zoom=16
address does not match a street: ('320', 'Rue SaintPeter') https://osm.org/?mlat=29.99193760505578&mlon=-90.13042623201889&zoom=16
address does not match a street: ('316', 'Rue SaintPeter') https://osm.org/?mlat=29.992217511209457&mlon=-90.1303416530385&zoom=16
address does not match a street: ('204', 'Rue SaintPeter') https://osm.org/?mlat=29.98976780824871&mlon=-90.13050360492946&zoom=16
address does not match a street: ('202', 'Rue SaintPeter') https://osm.org/?mlat=29.98979076876289&mlon=-90.13041810015794&zoom=16
address does not match a street: ('208', 'Rue SaintPeter') https://osm.org/?mlat=29.98984758148237&mlon=-90.13049659528086&zoom=16
address does not match a street: ('206', 'Rue SaintPeter') https://osm.org/?mlat=29.989688734618714&mlon=-90.13041933067895&zoom=16
address does not match a street: ('458', 'Greenmount Street') https://osm.org/?mlat=29.990384890897676&mlon=-90.12513342921885&zoom=16
address does not match a street: ('456', 'Greenmount Street') https://osm.org/?mlat=29.99042660145673&mlon=-90.12518366970039&zoom=16
address has no house number: (None, 'Carrollton Avenue') https://osm.org/?mlat=29.988124116048045&mlon=-90.12694135075672&zoom=16
address has no house number: (None, 'Carrollton Avenue') https://osm.org/?mlat=29.988136131474622&mlon=-90.12686227004923&zoom=16
address does not match a street: ('460', 'Greenmount Street') https://osm.org/?mlat=29.990547335961804&mlon=-90.12515020681545&zoom=16
address does not match a street: ('462', 'Greenmount Street') https://osm.org/?mlat=29.990588588926272&mlon=-90.1251497071256&zoom=16
address has no house number: (None, 'Lake Avenue') https://osm.org/?mlat=29.983688474324907&mlon=-90.12572919716499&zoom=16
address does not match a street: ('428', 'Greenmount Street') https://osm.org/?mlat=29.989433239872508&mlon=-90.12530242609837&zoom=16
address does not match a street: ('440', 'Greenmount Street') https://osm.org/?mlat=29.98985480656179&mlon=-90.12522806510066&zoom=16
address does not match a street: ('448', 'Greenmount Street') https://osm.org/?mlat=29.990132347934324&mlon=-90.12520574894764&zoom=16
address does not match a street: ('455', 'Greenmount Street') https://osm.org/?mlat=29.990264198651694&mlon=-90.12465494733944&zoom=16
address does not match a street: ('453', 'Greenmount Street') https://osm.org/?mlat=29.99024738055721&mlon=-90.1247453647864&zoom=16
address does not match a street: ('441', 'Greenmount Street') https://osm.org/?mlat=29.989823163550742&mlon=-90.12477669798821&zoom=16
address does not match a street: ('435', 'Greenmount Street') https://osm.org/?mlat=29.98955751092018&mlon=-90.12472533248808&zoom=16
address has no house number: (None, 'Nursery Avenue') https://osm.org/?mlat=29.98996283073873&mlon=-90.12809609573993&zoom=16
address has no house number: (None, 'Nursery Avenue') https://osm.org/?mlat=29.989152764367514&mlon=-90.12814067398767&zoom=16
address does not match a street: ('464', 'Greenmount Street') https://osm.org/?mlat=29.99069195151462&mlon=-90.12517260243115&zoom=16
address does not match a street: ('466', 'Greenmount Street') https://osm.org/?mlat=29.99073621660398&mlon=-90.12520155133952&zoom=16
address does not match a street: ('452', 'Greenmount Street') https://osm.org/?mlat=29.990259444311675&mlon=-90.12514194685849&zoom=16
address does not match a street: ('454', 'Greenmount Street') https://osm.org/?mlat=29.990276720737533&mlon=-90.12520375981492&zoom=16
address does not match a street: ('457', 'Greenmount Street') https://osm.org/?mlat=29.99041754109427&mlon=-90.12473134646663&zoom=16
address does not match a street: ('459', 'Greenmount Street') https://osm.org/?mlat=29.990404913138356&mlon=-90.12464128568747&zoom=16
address does not match a street: ('315', 'Rue SaintAnn') https://osm.org/?mlat=29.991146165221707&mlon=-90.13155535646207&zoom=16
address does not match a street: ('309', 'Rue SaintAnn') https://osm.org/?mlat=29.991269790167014&mlon=-90.131564485477&zoom=16
address does not match a street: ('307', 'Rue SaintAnn') https://osm.org/?mlat=29.991376374590228&mlon=-90.13155045384758&zoom=16
address does not match a street: ('301', 'Rue SaintAnn') https://osm.org/?mlat=29.991452078071276&mlon=-90.13147794085184&zoom=16
address does not match a street: ('303', 'Rue SaintAnn') https://osm.org/?mlat=29.991258896891406&mlon=-90.13148642929868&zoom=16
address does not match a street: ('311', 'Rue SaintAnn') https://osm.org/?mlat=29.991446099549698&mlon=-90.13155131665539&zoom=16
address does not match a street: ('313', 'Rue SaintAnn') https://osm.org/?mlat=29.991359381460708&mlon=-90.13147289707315&zoom=16
address does not match a street: ('305', 'Rue SaintAnn') https://osm.org/?mlat=29.991146584299912&mlon=-90.1315009559845&zoom=16
address has no house number: (None, 'Nursery Avenue') https://osm.org/?mlat=29.988919041135418&mlon=-90.12797504812013&zoom=16
address has no house number: (None, 'Nursery Avenue') https://osm.org/?mlat=29.988932086793792&mlon=-90.12805205210195&zoom=16
address has no house number: (None, 'Carrollton Avenue') https://osm.org/?mlat=29.983541321449934&mlon=-90.12743380725846&zoom=16
address has no house number: (None, 'Carrollton Avenue') https://osm.org/?mlat=29.99098148611454&mlon=-90.12607061554839&zoom=16
address has no house number: (None, 'Aris Avenue') https://osm.org/?mlat=29.990955520204803&mlon=-90.12941411039164&zoom=16
address has no house number: (None, 'Central Drive') https://osm.org/?mlat=29.986718975440326&mlon=-90.13053840477622&zoom=16
address has no house number: (None, 'Metairie Road') https://osm.org/?mlat=29.986574404654423&mlon=-90.1303664030203&zoom=16
address has no house number: (None, 'Metairie Road') https://osm.org/?mlat=29.986733590129106&mlon=-90.13011763556406&zoom=16
address has no house number: (None, 'Metairie Road') https://osm.org/?mlat=29.98673971967695&mlon=-90.13004429032912&zoom=16
address has no house number: (None, 'Aris Avenue') https://osm.org/?mlat=29.9910283655497&mlon=-90.12961805694928&zoom=16
address has no house number: (None, 'Metairie Road') https://osm.org/?mlat=29.985108584279153&mlon=-90.12930495277051&zoom=16
address has no house number: (None, 'Aris Avenue') https://osm.org/?mlat=29.98783453315726&mlon=-90.12924987816085&zoom=16
