address does not match a street: (None, '117', 'Avenue East') https://osm.org/?mlat=29.97773640636712&mlon=-90.12620556461596&zoom=16
address does not match a street: (None, '127', 'Avenue East') https://osm.org/?mlat=29.977737491545152&mlon=-90.12659062827939&zoom=16
address does not match a street: (None, '109', 'Avenue East') https://osm.org/?mlat=29.977734001825894&mlon=-90.12594342135345&zoom=16
address does not match a street: (None, '111', 'Avenue East') https://osm.org/?mlat=29.977775246751968&mlon=-90.12594292215405&zoom=16
address does not match a street: (None, '120', 'Avenue East') https://osm.org/?mlat=29.977398689484037&mlon=-90.12626334897075&zoom=16
address does not match a street: (None, '49', 'Pelham Drive') https://osm.org/?mlat=29.97584668842092&mlon=-90.13126015902229&zoom=16
address does not match a street: (None, '215', 'Avenue East') https://osm.org/?mlat=29.97783363186011&mlon=-90.12751209553505&zoom=16
address does not match a street: (None, '201', 'Avenue East') https://osm.org/?mlat=29.977782314781933&mlon=-90.12701363951705&zoom=16
address does not match a street: (None, '310', 'Avenue East') https://osm.org/?mlat=29.977514364215633&mlon=-90.12852920890325&zoom=16
address does not match a street: (None, '311', 'Avenue East') https://osm.org/?mlat=29.977907061807603&mlon=-90.12848279254712&zoom=16
address does not match a street: (None, '221', 'Avenue East') https://osm.org/?mlat=29.977824398159107&mlon=-90.1277048881859&zoom=16
address does not match a street: (None, '12', 'Pelham Drive') https://osm.org/?mlat=29.975640374158047&mlon=-90.12854621315105&zoom=16
address does not match a street: (None, '26', 'Pelham Drive') https://osm.org/?mlat=29.975316731176267&mlon=-90.1290400600564&zoom=16
address does not match a street: (None, '206', 'Avenue East') https://osm.org/?mlat=29.977430096698082&mlon=-90.12728954633559&zoom=16
address does not match a street: (None, '210', 'Avenue East') https://osm.org/?mlat=29.977445523482164&mlon=-90.12747256509506&zoom=16
address does not match a street: (None, '32', 'Pelham Drive') https://osm.org/?mlat=29.975089093969522&mlon=-90.12960785154368&zoom=16
address does not match a street: (None, '30', 'Pelham Drive') https://osm.org/?mlat=29.975215468104317&mlon=-90.12929362202894&zoom=16
address does not match a street: (None, '20', 'Pelham Drive') https://osm.org/?mlat=29.975439182809197&mlon=-90.1287981746683&zoom=16
address does not match a street: (None, '123', 'Avenue East') https://osm.org/?mlat=29.977718764789774&mlon=-90.12638908750819&zoom=16
address does not match a street: (None, '301', 'Avenue East') https://osm.org/?mlat=29.977800575203926&mlon=-90.12810633263439&zoom=16
address does not match a street: (None, '209', 'Avenue East') https://osm.org/?mlat=29.977799015377762&mlon=-90.12733562545974&zoom=16
address does not match a street: (None, '116', 'Avenue East') https://osm.org/?mlat=29.977328644395747&mlon=-90.12612205545709&zoom=16
address does not match a street: (None, '214', 'Avenue East') https://osm.org/?mlat=29.97750468420364&mlon=-90.12762662604065&zoom=16
address does not match a street: (None, '218', 'Avenue East') https://osm.org/?mlat=29.97746343926953&mlon=-90.1276271245426&zoom=16
address does not match a street: (None, '107', 'Avenue East') https://osm.org/?mlat=29.977752032493612&mlon=-90.12581053652923&zoom=16
address does not match a street: (None, '105', 'Avenue East') https://osm.org/?mlat=29.977710787567872&mlon=-90.12581103578323&zoom=16
address does not match a street: (None, '115', 'Avenue East') https://osm.org/?mlat=29.977707750999382&mlon=-90.12607956327388&zoom=16
address has no house number: (None, None, 'Lake Avenue') https://osm.org/?mlat=29.983441958357115&mlon=-90.12581339323553&zoom=16
address has no house number: (None, None, 'Lake Avenue') https://osm.org/?mlat=29.98343408438662&mlon=-90.1257063663287&zoom=16
address does not match a street: (None, '129', 'Avenue East') https://osm.org/?mlat=29.977778744592722&mlon=-90.12659012924935&zoom=16
address has no house number: (None, None, 'Metairie Road') https://osm.org/?mlat=29.97946639744694&mlon=-90.12514080471838&zoom=16
address has no house number: (None, None, 'Monticello Avenue') https://osm.org/?mlat=29.974092778994432&mlon=-90.12574366989672&zoom=16
address does not match a street: (None, '45', 'Pelham Drive') https://osm.org/?mlat=29.975665861840813&mlon=-90.13073168601427&zoom=16
address has no house number: (None, None, 'Friedrichs Avenue') https://osm.org/?mlat=29.977389146008004&mlon=-90.12694865086925&zoom=16
address does not match a street: (None, '45', 'Pelham Drive') https://osm.org/?mlat=29.975665614431012&mlon=-90.13073136774443&zoom=16
new building tag (addr:street=Monticello Avenue) does not match the old one (addr:street=Cecil Street)
new building tag (addr:street=Northline Street) does not match the old one (addr:street=Palm Street)
new building tag (addr:street=Northline Street) does not match the old one (addr:street=Palm Street)
address does not match a street: (None, '38', 'Pelham Drive') https://osm.org/?mlat=29.975172768228955&mlon=-90.13093978196476&zoom=16
address does not match a street: (None, '40', 'Pelham Drive') https://osm.org/?mlat=29.97534465188723&mlon=-90.13139255344677&zoom=16
address does not match a street: (None, '33', 'Pelham Drive') https://osm.org/?mlat=29.975589001560184&mlon=-90.13014510561734&zoom=16
address does not match a street: (None, '29', 'Pelham Drive') https://osm.org/?mlat=29.975667116448776&mlon=-90.12975551232036&zoom=16
address does not match a street: (None, '15', 'Pelham Drive') https://osm.org/?mlat=29.975648986302414&mlon=-90.12948738378203&zoom=16
address does not match a street: (None, '11', 'Pelham Drive') https://osm.org/?mlat=29.975794550902112&mlon=-90.1291666044604&zoom=16
address does not match a street: (None, '47', 'Pelham Drive') https://osm.org/?mlat=29.97571777964744&mlon=-90.13099638572639&zoom=16
address does not match a street: (None, '37', 'Pelham Drive') https://osm.org/?mlat=29.975644362981516&mlon=-90.1304855705671&zoom=16
