address has no house number: (None, 'Lions Street') https://osm.org/?mlat=29.96249045772988&mlon=-90.16546435772153&zoom=16
address does not match a street: ('4448', 'Falk Street') https://osm.org/?mlat=29.957530559935872&mlon=-90.17308829435554&zoom=16
address does not match a street: ('4458', 'Falk Street') https://osm.org/?mlat=29.95736638826301&mlon=-90.17336641109245&zoom=16
address does not match a street: ('4456', 'Falk Street') https://osm.org/?mlat=29.957326309360855&mlon=-90.17342684048484&zoom=16
address does not match a street: ('4460', 'Falk Street') https://osm.org/?mlat=29.95736679933274&mlon=-90.17341304446161&zoom=16
address does not match a street: ('4454', 'Falk Street') https://osm.org/?mlat=29.95732684567669&mlon=-90.17347837107697&zoom=16
address does not match a street: ('4430', 'Melvin') https://osm.org/?mlat=29.962991369549528&mlon=-90.17395331069429&zoom=16
address has no house number: (None, 'Lions Street') https://osm.org/?mlat=29.962387042677666&mlon=-90.16527090958107&zoom=16
address does not match a street: ('4452', 'Falk Street') https://osm.org/?mlat=29.957454222054803&mlon=-90.17314505916976&zoom=16
address does not match a street: ('4450', 'Falk Street') https://osm.org/?mlat=29.957471392830797&mlon=-90.17320898820083&zoom=16
address has no house number: (None, 'Central Avenue') https://osm.org/?mlat=29.956218178085166&mlon=-90.16924650981791&zoom=16
address does not match a street: ('4451', 'Falk Street') https://osm.org/?mlat=29.95774519942755&mlon=-90.17332282576406&zoom=16
address does not match a street: ('4453', 'Falk Street') https://osm.org/?mlat=29.95769720701295&mlon=-90.17343318416681&zoom=16
address does not match a street: ('7', 'Magnolia Place') https://osm.org/?mlat=29.960677343597325&mlon=-90.17365409891201&zoom=16
address does not match a street: ('11', 'Magnolia Place') https://osm.org/?mlat=29.96082023827173&mlon=-90.17330416762329&zoom=16
address has no house number: (None, 'Central Avenue') https://osm.org/?mlat=29.956116667054165&mlon=-90.16964324270256&zoom=16
address has no house number: (None, 'Dodge Avenue') https://osm.org/?mlat=29.957751712519787&mlon=-90.17464291315741&zoom=16
address has no house number: (None, 'Newman Avenue') https://osm.org/?mlat=29.960805675580218&mlon=-90.17401344812147&zoom=16
address does not match a street: ('14', 'Magnolia Place') https://osm.org/?mlat=29.961193476857616&mlon=-90.17318358940334&zoom=16
address does not match a street: ('8', 'Magnolia Place') https://osm.org/?mlat=29.96116772631028&mlon=-90.17363330775129&zoom=16
address does not match a street: ('10', 'Magnolia Place') https://osm.org/?mlat=29.961218729927506&mlon=-90.17344866985371&zoom=16
address does not match a street: ('6', 'Magnolia Place') https://osm.org/?mlat=29.961104720448752&mlon=-90.17376268031462&zoom=16
address does not match a street: ('3', 'Magnolia Place') https://osm.org/?mlat=29.960714948206864&mlon=-90.17392514157193&zoom=16
address does not match a street: ('12', 'Magnolia Place') https://osm.org/?mlat=29.96132762547976&mlon=-90.17323685924613&zoom=16
address does not match a street: ('9', 'Magnolia Place') https://osm.org/?mlat=29.960732056882936&mlon=-90.17348283887982&zoom=16
address does not match a street: ('15', 'Magnolia Place') https://osm.org/?mlat=29.96108017773844&mlon=-90.17311253225803&zoom=16
address does not match a street: ('13', 'Magnolia Place') https://osm.org/?mlat=29.96090058776804&mlon=-90.17310365512964&zoom=16
address does not match a street: ('5', 'Magnolia Place') https://osm.org/?mlat=29.960590035669505&mlon=-90.17372184715484&zoom=16
new building address (('503', 'Newman Avenue') https://osm.org/?mlat=29.958982526803926&mlon=-90.17364047159329&zoom=16) does not match the old one (('4451', 'Jefferson Highway'))
new building address (('504', 'Hyman Drive') https://osm.org/?mlat=29.963585131040585&mlon=-90.1648759199618&zoom=16) does not match the old one (('3741', 'Jefferson Highway'))
