address does not match a street: (None, '801', 'Avenue East') https://osm.org/?mlat=29.896947342397517&mlon=-90.09720202745751&zoom=16
address does not match a street: (None, '727', 'Avenue East') https://osm.org/?mlat=29.89768216234049&mlon=-90.09726236532826&zoom=16
address does not match a street: (None, '1050', 'Medical Center Boulevard West') https://osm.org/?mlat=29.89102044028634&mlon=-90.09674244557948&zoom=16
address does not match a street: (None, '816', 'Avenue East') https://osm.org/?mlat=29.89633461418683&mlon=-90.09766296457727&zoom=16
address does not match a street: (None, '815', 'Avenue East') https://osm.org/?mlat=29.896429895498247&mlon=-90.09714717307337&zoom=16
address does not match a street: (None, '1228', 'Avenue East') https://osm.org/?mlat=29.888659142729146&mlon=-90.09694486538005&zoom=16
address does not match a street: (None, '800', 'Avenue East') https://osm.org/?mlat=29.896892009664494&mlon=-90.09775188436485&zoom=16
address has no house number: (None, None, 'Avenue A') https://osm.org/?mlat=29.89720396445193&mlon=-90.09379254731516&zoom=16
address does not match a street: (None, '728', 'Avenue East') https://osm.org/?mlat=29.897640577778926&mlon=-90.097812056109&zoom=16
address has no house number: (None, None, 'Barataria Boulevard') https://osm.org/?mlat=29.891302992096993&mlon=-90.0974020907005&zoom=16
address has no house number: (None, None, 'School Drive') https://osm.org/?mlat=29.896565251289765&mlon=-90.09163179239333&zoom=16
address does not match a street: (None, '1004', 'Saint Michael Drive') https://osm.org/?mlat=29.893323348146634&mlon=-90.08793023912533&zoom=16
address does not match a street: (None, '1000', 'Saint Michael Drive') https://osm.org/?mlat=29.893152538169343&mlon=-90.0878976533264&zoom=16
address does not match a street: (None, '807', 'Avenue East') https://osm.org/?mlat=29.896686803784878&mlon=-90.0972102711895&zoom=16
address has no house number: (None, None, 'Avenue D') https://osm.org/?mlat=29.897189403730753&mlon=-90.0961498628403&zoom=16
address does not match a street: (None, '804', 'Avenue East') https://osm.org/?mlat=29.896652401692528&mlon=-90.0977138197842&zoom=16
address does not match a street: (None, '740', 'Avenue East') https://osm.org/?mlat=29.897442303150516&mlon=-90.09778294808794&zoom=16
address does not match a street: (None, '819', 'Avenue East') https://osm.org/?mlat=29.896152057088123&mlon=-90.09713790789928&zoom=16
address does not match a street: (None, '1233', 'Avenue East') https://osm.org/?mlat=29.888644108192366&mlon=-90.09651584900605&zoom=16
address does not match a street: (None, '733', 'Avenue East') https://osm.org/?mlat=29.89743980366377&mlon=-90.09722433567639&zoom=16
address has no house number: (None, None, 'Avenue D') https://osm.org/?mlat=29.89643776718132&mlon=-90.09597970874033&zoom=16
address does not match a street: (None, '744', 'Avenue East') https://osm.org/?mlat=29.897232882425133&mlon=-90.0977381973008&zoom=16
address does not match a street: (None, '1008', 'Saint Michael Drive') https://osm.org/?mlat=29.89351945985815&mlon=-90.08796191612487&zoom=16
address has no house number: (None, None, 'Avenue D') https://osm.org/?mlat=29.888498605489414&mlon=-90.09548725461632&zoom=16
address does not match a street: (None, '925', 'Medical Center Boulevard East') https://osm.org/?mlat=29.893290761672308&mlon=-90.09588245431488&zoom=16
address does not match a street: (None, '1101', 'Medical Center Boulevard East') https://osm.org/?mlat=29.891931442704617&mlon=-90.09566870038795&zoom=16
address does not match a street: (None, '1101', 'Medical Center Boulevard East') https://osm.org/?mlat=29.89072834695641&mlon=-90.09370133235808&zoom=16
address does not match a street: (None, '1012', 'Saint Michael Drive') https://osm.org/?mlat=29.89379306429585&mlon=-90.08799577548447&zoom=16
address does not match a street: (None, '1225', 'Avenue East') https://osm.org/?mlat=29.888823906859095&mlon=-90.09656465772007&zoom=16
address does not match a street: (None, '1048', 'Medical Center Boulevard East') https://osm.org/?mlat=29.891906866383568&mlon=-90.09625335834441&zoom=16
address does not match a street: (None, '1111', 'Medical Center Boulevard East') https://osm.org/?mlat=29.890505699489275&mlon=-90.09381965754122&zoom=16
address does not match a street: (None, '1121', 'Medical Center Boulevard East') https://osm.org/?mlat=29.890300701549013&mlon=-90.09497150331879&zoom=16
address does not match a street: (None, '1111', 'Medical Center Boulevard East') https://osm.org/?mlat=29.890148680636397&mlon=-90.09369688596007&zoom=16
address does not match a street: (None, '1111', 'Medical Center Boulevard East') https://osm.org/?mlat=29.890416062185984&mlon=-90.09380707279918&zoom=16
address does not match a street: (None, '1101', 'Medical Center Boulevard East') https://osm.org/?mlat=29.892855309651477&mlon=-90.09558927023802&zoom=16
address does not match a street: (None, '1101', 'Medical Center Boulevard East') https://osm.org/?mlat=29.88979716846834&mlon=-90.0943862331024&zoom=16
address does not match a street: (None, '1101', 'Medical Center Boulevard East') https://osm.org/?mlat=29.89168905015978&mlon=-90.09482469137673&zoom=16
address does not match a street: (None, '1111', 'Medical Center Boulevard East') https://osm.org/?mlat=29.890794425795182&mlon=-90.09450948715396&zoom=16
address does not match a street: (None, '1111', 'Medical Center Boulevard East') https://osm.org/?mlat=29.890306830376794&mlon=-90.09438913651809&zoom=16
