address does not match a street: (None, '4005', 'North Indigo Drive') https://osm.org/?mlat=29.85237164588211&mlon=-90.08057288219541&zoom=16
address does not match a street: (None, '3877', 'Redbud Lane') https://osm.org/?mlat=29.85773880209104&mlon=-90.07759671823314&zoom=16
address does not match a street: (None, '3873', 'Redbud Lane') https://osm.org/?mlat=29.85778663903896&mlon=-90.07742259596326&zoom=16
address does not match a street: (None, '3896', 'Timberview Lane') https://osm.org/?mlat=29.853895787205268&mlon=-90.07746836439115&zoom=16
address does not match a street: (None, '3881', 'Redbud Lane') https://osm.org/?mlat=29.857685857222467&mlon=-90.077811919552&zoom=16
address does not match a street: (None, '3873', 'Deercreek Lane') https://osm.org/?mlat=29.85846230319364&mlon=-90.07762232727303&zoom=16
address does not match a street: (None, '4032', 'North Indigo Drive') https://osm.org/?mlat=29.852390695879638&mlon=-90.08199543981922&zoom=16
address does not match a street: (None, '3897', 'Timberview Lane') https://osm.org/?mlat=29.85349031572375&mlon=-90.07734096142707&zoom=16
address does not match a street: (None, '3896', 'Greenbriar Lane') https://osm.org/?mlat=29.85451956991074&mlon=-90.07770659831405&zoom=16
address does not match a street: (None, '3897', 'Chriswood Lane') https://osm.org/?mlat=29.854817500816814&mlon=-90.07780380754178&zoom=16
address does not match a street: (None, '3895', 'Chriswood Lane') https://osm.org/?mlat=29.85483494076567&mlon=-90.07761429742705&zoom=16
address does not match a street: (None, '3898', 'Timberview Lane') https://osm.org/?mlat=29.85380135608288&mlon=-90.07765884064992&zoom=16
address does not match a street: (None, '3860', 'Deerrun Lane') https://osm.org/?mlat=29.859623857980406&mlon=-90.0774436633535&zoom=16
address does not match a street: (None, '3885', 'Chriswood Lane') https://osm.org/?mlat=29.855002566061923&mlon=-90.07702538942529&zoom=16
address does not match a street: (None, '4044', 'South Indigo Drive') https://osm.org/?mlat=29.85159063580481&mlon=-90.08230516191416&zoom=16
address does not match a street: (None, '4032', 'South Indigo Drive') https://osm.org/?mlat=29.851742264564727&mlon=-90.08176695733555&zoom=16
address does not match a street: (None, '3853', 'Deerrun Lane') https://osm.org/?mlat=29.8593606234627&mlon=-90.07694848643591&zoom=16
address does not match a street: (None, '3888', 'Greenbriar Lane') https://osm.org/?mlat=29.854687134422793&mlon=-90.07711138240832&zoom=16
address does not match a street: (None, '3889', 'Greenbriar Lane') https://osm.org/?mlat=29.85430400254474&mlon=-90.07699309397984&zoom=16
address does not match a street: (None, '3891', 'Greenbriar Lane') https://osm.org/?mlat=29.854349126850995&mlon=-90.07697692620272&zoom=16
address does not match a street: (None, '3892', 'Timberview Lane') https://osm.org/?mlat=29.85399122029528&mlon=-90.07709489651121&zoom=16
address does not match a street: (None, '4009', 'Nathan Kornman Drive') https://osm.org/?mlat=29.85094078739091&mlon=-90.08027683011846&zoom=16
address does not match a street: (None, '4001', 'South Indigo Drive') https://osm.org/?mlat=29.851776431808464&mlon=-90.08015761210099&zoom=16
address does not match a street: (None, '4009', 'South Indigo Drive') https://osm.org/?mlat=29.851664341513562&mlon=-90.08051550393785&zoom=16
address does not match a street: (None, '4000', 'Nathan Kornman Drive') https://osm.org/?mlat=29.851523544559456&mlon=-90.08004767327029&zoom=16
address does not match a street: (None, '3889', 'Chriswood Lane') https://osm.org/?mlat=29.854974218624807&mlon=-90.07722450165187&zoom=16
address does not match a street: (None, '4024', 'Nathan Kornman Drive') https://osm.org/?mlat=29.851150383858204&mlon=-90.08111293952845&zoom=16
address does not match a street: (None, '4021', 'South Indigo Drive') https://osm.org/?mlat=29.851529307094307&mlon=-90.08106296618958&zoom=16
address does not match a street: (None, '4021', 'Nathan Kornman Drive') https://osm.org/?mlat=29.85089326738071&mlon=-90.08080553204265&zoom=16
address does not match a street: (None, '2464', 'Sunnymeade Court') https://osm.org/?mlat=29.859480079606204&mlon=-90.08024394236513&zoom=16
address does not match a street: (None, '3941', 'Nathan Kornman Drive') https://osm.org/?mlat=29.851349703825115&mlon=-90.0789547059729&zoom=16
address does not match a street: (None, '3937', 'Nathan Kornman Drive') https://osm.org/?mlat=29.85138636319593&mlon=-90.07876180757376&zoom=16
address does not match a street: (None, '3925', 'Nathan Kornman Drive') https://osm.org/?mlat=29.851560154806837&mlon=-90.0782422484098&zoom=16
address does not match a street: (None, '3913', 'Nathan Kornman Drive') https://osm.org/?mlat=29.851706147019865&mlon=-90.07769148954674&zoom=16
address does not match a street: (None, '4048', 'North Indigo Drive') https://osm.org/?mlat=29.852232528783947&mlon=-90.0827135500033&zoom=16
address does not match a street: (None, '4016', 'South Indigo Drive') https://osm.org/?mlat=29.851957779391405&mlon=-90.08100711851583&zoom=16
address does not match a street: (None, '4017', 'North Indigo Drive') https://osm.org/?mlat=29.852233801441184&mlon=-90.08111407397614&zoom=16
address does not match a street: (None, '4025', 'North Indigo Drive') https://osm.org/?mlat=29.85214379622054&mlon=-90.08148115378484&zoom=16
address does not match a street: (None, '3872', 'Redbud Lane') https://osm.org/?mlat=29.858178512474375&mlon=-90.07756595038907&zoom=16
address does not match a street: (None, '3893', 'Nathan Kornman Drive') https://osm.org/?mlat=29.851875044254946&mlon=-90.0769480009489&zoom=16
address does not match a street: (None, '3865', 'Deercreek Lane') https://osm.org/?mlat=29.858538518981447&mlon=-90.07725223909985&zoom=16
address does not match a street: (None, '3868', 'Deercreek Lane') https://osm.org/?mlat=29.858858229434745&mlon=-90.07761419451616&zoom=16
address does not match a street: (None, '3861', 'Deerrun Lane') https://osm.org/?mlat=29.859232074896372&mlon=-90.07730977110575&zoom=16
address does not match a street: (None, '3860', 'Deercreek Lane') https://osm.org/?mlat=29.858953391601123&mlon=-90.07721231698176&zoom=16
address does not match a street: (None, '2472', 'Sunnymeade Court') https://osm.org/?mlat=29.859589177838505&mlon=-90.07986081991446&zoom=16
address does not match a street: (None, '4037', 'South Indigo Drive') https://osm.org/?mlat=29.851314482677175&mlon=-90.08189535253517&zoom=16
address does not match a street: (None, '4049', 'South Indigo Drive') https://osm.org/?mlat=29.851124147536808&mlon=-90.08241195635608&zoom=16
address does not match a street: (None, '3896', 'Chriswood Lane') https://osm.org/?mlat=29.85519511335485&mlon=-90.0778937061228&zoom=16
address does not match a street: (None, '3924', 'West Catawba Court') https://osm.org/?mlat=29.858999767896112&mlon=-90.08005435984106&zoom=16
address does not match a street: (None, '4033', 'North Indigo Drive') https://osm.org/?mlat=29.85203203357961&mlon=-90.08187374345499&zoom=16
address does not match a street: (None, '4045', 'North Indigo Drive') https://osm.org/?mlat=29.851877505501445&mlon=-90.082396212057&zoom=16
address does not match a street: (None, '4049', 'North Indigo Drive') https://osm.org/?mlat=29.851835401439494&mlon=-90.08259548765133&zoom=16
address does not match a street: (None, '3888', 'Chriswood Lane') https://osm.org/?mlat=29.855368540687074&mlon=-90.0773362719988&zoom=16
address does not match a street: (None, '4024', 'North Indigo Drive') https://osm.org/?mlat=29.852519017117473&mlon=-90.08160895088297&zoom=16
address does not match a street: (None, '4013', 'North Indigo Drive') https://osm.org/?mlat=29.852278803220646&mlon=-90.08093053434685&zoom=16
address does not match a street: (None, '3876', 'Deerrun Lane') https://osm.org/?mlat=29.859405734726103&mlon=-90.07821622215764&zoom=16
address does not match a street: (None, '3873', 'Deerrun Lane') https://osm.org/?mlat=29.85909469590282&mlon=-90.07789832336267&zoom=16
address does not match a street: (None, '3872', 'Deercreek Lane') https://osm.org/?mlat=29.85879670404353&mlon=-90.07779480054701&zoom=16
address does not match a street: (None, '4028', 'South Indigo Drive') https://osm.org/?mlat=29.851787177142423&mlon=-90.08157395583235&zoom=16
address does not match a street: (None, '3868', 'Redbud Lane') https://osm.org/?mlat=29.858228797676166&mlon=-90.07736024716887&zoom=16
address does not match a street: (None, '3857', 'Deerrun Lane') https://osm.org/?mlat=29.859288070092067&mlon=-90.0771260785649&zoom=16
address does not match a street: (None, '4000', 'South Indigo Drive') https://osm.org/?mlat=29.85214062427124&mlon=-90.08028238841555&zoom=16
address does not match a street: (None, '4041', 'South Indigo Drive') https://osm.org/?mlat=29.85124461128976&mlon=-90.08206658261649&zoom=16
address does not match a street: (None, '4036', 'South Indigo Drive') https://osm.org/?mlat=29.851688951581195&mlon=-90.08194429128716&zoom=16
address does not match a street: (None, '4024', 'South Indigo Drive') https://osm.org/?mlat=29.851859496244064&mlon=-90.08137114643064&zoom=16
address does not match a street: (None, '4029', 'North Indigo Drive') https://osm.org/?mlat=29.852074136536686&mlon=-90.08167446612924&zoom=16
address does not match a street: (None, '4041', 'North Indigo Drive') https://osm.org/?mlat=29.851936407648676&mlon=-90.0822282722257&zoom=16
address does not match a street: (None, '4016', 'Nathan Kornman Drive') https://osm.org/?mlat=29.851284659200093&mlon=-90.08078526244985&zoom=16
address does not match a street: (None, '4025', 'South Indigo Drive') https://osm.org/?mlat=29.851473216210923&mlon=-90.08123717921406&zoom=16
address does not match a street: (None, '4025', 'Nathan Kornman Drive') https://osm.org/?mlat=29.850810335117743&mlon=-90.08102035692264&zoom=16
address does not match a street: (None, '4008', 'North Indigo Drive') https://osm.org/?mlat=29.852723863753702&mlon=-90.08088394197158&zoom=16
address does not match a street: (None, '3909', 'Nathan Kornman Drive') https://osm.org/?mlat=29.85172092752861&mlon=-90.07751148294801&zoom=16
address does not match a street: (None, '3921', 'Nathan Kornman Drive') https://osm.org/?mlat=29.851588624288944&mlon=-90.07805576067629&zoom=16
address does not match a street: (None, '3933', 'Nathan Kornman Drive') https://osm.org/?mlat=29.8514536302227&mlon=-90.07860638018383&zoom=16
address does not match a street: (None, '3884', 'Greenbriar Lane') https://osm.org/?mlat=29.854732160751826&mlon=-90.07693099091641&zoom=16
address does not match a street: (None, '3893', 'Timberview Lane') https://osm.org/?mlat=29.853532412704848&mlon=-90.07714167927026&zoom=16
address does not match a street: (None, '3894', 'Timberview Lane') https://osm.org/?mlat=29.85390763687238&mlon=-90.07726946289004&zoom=16
address does not match a street: (None, '4040', 'North Indigo Drive') https://osm.org/?mlat=29.852325586444426&mlon=-90.08237798132984&zoom=16
address does not match a street: (None, '4028', 'North Indigo Drive') https://osm.org/?mlat=29.852441138200447&mlon=-90.08180552160215&zoom=16
address does not match a street: (None, '4016', 'North Indigo Drive') https://osm.org/?mlat=29.85260089289465&mlon=-90.08125459075883&zoom=16
address does not match a street: (None, '4013', 'Nathan Kornman Drive') https://osm.org/?mlat=29.850929146522756&mlon=-90.08047046897447&zoom=16
address does not match a street: (None, '3899', 'Chriswood Lane') https://osm.org/?mlat=29.854742286927493&mlon=-90.07799088784428&zoom=16
address does not match a street: (None, '3899', 'Greenbriar Lane') https://osm.org/?mlat=29.854074420198074&mlon=-90.07774374239969&zoom=16
address does not match a street: (None, '2460', 'West Sunnymeade Drive') https://osm.org/?mlat=29.859600150494384&mlon=-90.08043488972928&zoom=16
address does not match a street: (None, '2469', 'Sunnymeade Court') https://osm.org/?mlat=29.859668359326253&mlon=-90.0795127770032&zoom=16
address does not match a street: (None, '4004', 'South Indigo Drive') https://osm.org/?mlat=29.85210112278301&mlon=-90.08046585910303&zoom=16
address does not match a street: (None, '4013', 'South Indigo Drive') https://osm.org/?mlat=29.851616500437604&mlon=-90.08068961405428&zoom=16
address does not match a street: (None, '4001', 'Nathan Kornman Drive') https://osm.org/?mlat=29.851075631872657&mlon=-90.0799171822462&zoom=16
address does not match a street: (None, '4048', 'South Indigo Drive') https://osm.org/?mlat=29.851556660905953&mlon=-90.08249171730822&zoom=16
address does not match a street: (None, '4009', 'North Indigo Drive') https://osm.org/?mlat=29.852318275288265&mlon=-90.08074390810829&zoom=16
address does not match a street: (None, '4000', 'North Indigo Drive') https://osm.org/?mlat=29.8528139265269&mlon=-90.08052316828267&zoom=16
address does not match a street: (None, '3869', 'Deercreek Lane') https://osm.org/?mlat=29.858471554979634&mlon=-90.07743922306072&zoom=16
address does not match a street: (None, '4045', 'South Indigo Drive') https://osm.org/?mlat=29.851216196151373&mlon=-90.08225937620806&zoom=16
address does not match a street: (None, '4044', 'North Indigo Drive') https://osm.org/?mlat=29.85226384435815&mlon=-90.08253649200783&zoom=16
address does not match a street: (None, '4040', 'South Indigo Drive') https://osm.org/?mlat=29.851657606777138&mlon=-90.08211819409611&zoom=16
address does not match a street: (None, '4020', 'South Indigo Drive') https://osm.org/?mlat=29.85189077995375&mlon=-90.08119093328044&zoom=16
address does not match a street: (None, '4021', 'North Indigo Drive') https://osm.org/?mlat=29.852172180159258&mlon=-90.08128520277756&zoom=16
address does not match a street: (None, '4037', 'North Indigo Drive') https://osm.org/?mlat=29.8519897201216&mlon=-90.08205093903256&zoom=16
address does not match a street: (None, '3865', 'Deerrun Lane') https://osm.org/?mlat=29.859209256548905&mlon=-90.07751197609072&zoom=16
address does not match a street: (None, '3861', 'Deercreek Lane') https://osm.org/?mlat=29.858608413287126&mlon=-90.07708414772917&zoom=16
address does not match a street: (None, '4020', 'Nathan Kornman Drive') https://osm.org/?mlat=29.851216431987524&mlon=-90.08090078696&zoom=16
address does not match a street: (None, '4017', 'South Indigo Drive') https://osm.org/?mlat=29.851582617997547&mlon=-90.08088563309727&zoom=16
address does not match a street: (None, '4029', 'Nathan Kornman Drive') https://osm.org/?mlat=29.850710341895&mlon=-90.08118505776847&zoom=16
address does not match a street: (None, '4012', 'North Indigo Drive') https://osm.org/?mlat=29.85263755653769&mlon=-90.08106169077628&zoom=16
address does not match a street: (None, '3864', 'Deercreek Lane') https://osm.org/?mlat=29.85894154202691&mlon=-90.07741122853766&zoom=16
address does not match a street: (None, '4004', 'North Indigo Drive') https://osm.org/?mlat=29.85276067623876&mlon=-90.08070681252956&zoom=16
address does not match a street: (None, '3899', 'Timberview Lane') https://osm.org/?mlat=29.853450938889416&mlon=-90.07753705339034&zoom=16
address does not match a street: (None, '3892', 'Greenbriar Lane') https://osm.org/?mlat=29.854656187866524&mlon=-90.07732630079134&zoom=16
address does not match a street: (None, '3894', 'Greenbriar Lane') https://osm.org/?mlat=29.85458366407504&mlon=-90.07750703769086&zoom=16
address does not match a street: (None, '3898', 'Greenbriar Lane') https://osm.org/?mlat=29.854460884436932&mlon=-90.07789662520247&zoom=16
address does not match a street: (None, '3860', 'Redbud Lane') https://osm.org/?mlat=29.858299361700304&mlon=-90.07697445604116&zoom=16
address does not match a street: (None, '3865', 'Redbud Lane') https://osm.org/?mlat=29.85788485089484&mlon=-90.07705223346493&zoom=16
address does not match a street: (None, '3884', 'Chriswood Lane') https://osm.org/?mlat=29.855470758504236&mlon=-90.07712973808232&zoom=16
address does not match a street: (None, '3898', 'Chriswood Lane') https://osm.org/?mlat=29.85516392453426&mlon=-90.0780833886203&zoom=16
address does not match a street: (None, '4008', 'South Indigo Drive') https://osm.org/?mlat=29.852034154164066&mlon=-90.08065282885907&zoom=16
address does not match a street: (None, '4004', 'Nathan Kornman Drive') https://osm.org/?mlat=29.85143897039227&mlon=-90.08024071403698&zoom=16
address does not match a street: (None, '4008', 'Nathan Kornman Drive') https://osm.org/?mlat=29.851411416562108&mlon=-90.08037583196027&zoom=16
address does not match a street: (None, '4005', 'South Indigo Drive') https://osm.org/?mlat=29.851723181132865&mlon=-90.08034125568152&zoom=16
address does not match a street: (None, '4017', 'Nathan Kornman Drive') https://osm.org/?mlat=29.85088466014755&mlon=-90.08065462605538&zoom=16
address does not match a street: (None, '3869', 'Redbud Lane') https://osm.org/?mlat=29.857812327515333&mlon=-90.07723297744064&zoom=16
address does not match a street: (None, '3892', 'Chriswood Lane') https://osm.org/?mlat=29.855282056572534&mlon=-90.07749510178925&zoom=16
address does not match a street: (None, '3856', 'Deercreek Lane') https://osm.org/?mlat=29.85904791246737&mlon=-90.07703129423074&zoom=16
address does not match a street: (None, '3893', 'Greenbriar Lane') https://osm.org/?mlat=29.85426434416495&mlon=-90.07718610679485&zoom=16
address does not match a street: (None, '3889', 'Timberview Lane') https://osm.org/?mlat=29.85360487570324&mlon=-90.0769546351815&zoom=16
address does not match a street: (None, '3905', 'Nathan Kornman Drive') https://osm.org/?mlat=29.851807260092883&mlon=-90.07733688706342&zoom=16
address does not match a street: (None, '3917', 'Nathan Kornman Drive') https://osm.org/?mlat=29.85164746064814&mlon=-90.07788151110317&zoom=16
address does not match a street: (None, '3929', 'Nathan Kornman Drive') https://osm.org/?mlat=29.851504007432958&mlon=-90.0784101543776&zoom=16
address does not match a street: (None, '3880', 'Chriswood Lane') https://osm.org/?mlat=29.85542813604595&mlon=-90.07695378472381&zoom=16
address does not match a street: (None, '3897', 'Greenbriar Lane') https://osm.org/?mlat=29.85416075303926&mlon=-90.07756914156717&zoom=16
address does not match a street: (None, '3876', 'Deercreek Lane') https://osm.org/?mlat=29.858765756373728&mlon=-90.07800972652603&zoom=16
address does not match a street: (None, '3928', 'West Catawba Court') https://osm.org/?mlat=29.858758636226312&mlon=-90.08014572431976&zoom=16
address does not match a street: (None, '4052', 'North Indigo Drive') https://osm.org/?mlat=29.852201423028717&mlon=-90.08291268951638&zoom=16
address does not match a street: (None, '3864', 'Deerrun Lane') https://osm.org/?mlat=29.85957070244314&mlon=-90.07763678660312&zoom=16
address does not match a street: (None, '2468', 'Sunnymeade Court') https://osm.org/?mlat=29.85952746891174&mlon=-90.08002249827678&zoom=16
address does not match a street: (None, '3868', 'Deerrun Lane') https://osm.org/?mlat=29.859534315908935&mlon=-90.0778580926269&zoom=16
address does not match a street: (None, '4036', 'North Indigo Drive') https://osm.org/?mlat=29.85236772018873&mlon=-90.08218185800658&zoom=16
address does not match a street: (None, '4020', 'North Indigo Drive') https://osm.org/?mlat=29.8525777079698&mlon=-90.08141892986991&zoom=16
address does not match a street: (None, '4005', 'Nathan Kornman Drive') https://osm.org/?mlat=29.851049999653654&mlon=-90.08011309595695&zoom=16
address does not match a street: (None, '3877', 'Deerrun Lane') https://osm.org/?mlat=29.859047039066294&mlon=-90.07809137519673&zoom=16
address does not match a street: (None, '4001', 'North Indigo Drive') https://osm.org/?mlat=29.852424835850996&mlon=-90.08038292983872&zoom=16
address does not match a street: (None, '3864', 'Redbud Lane') https://osm.org/?mlat=29.85824913740047&mlon=-90.0771864697555&zoom=16
address does not match a street: (None, '4053', 'South Indigo Drive') https://osm.org/?mlat=29.851057356226036&mlon=-90.0826178489846&zoom=16
address does not match a street: (None, '3894', 'Chriswood Lane') https://osm.org/?mlat=29.85525101899636&mlon=-90.07770055793763&zoom=16
address does not match a street: (None, '3893', 'Chriswood Lane') https://osm.org/?mlat=29.85491538315739&mlon=-90.07739875741552&zoom=16
address does not match a street: (None, '4012', 'South Indigo Drive') https://osm.org/?mlat=29.851994682224554&mlon=-90.08083945460272&zoom=16
address does not match a street: (None, '4012', 'Nathan Kornman Drive') https://osm.org/?mlat=29.85134394509357&mlon=-90.08059371228403&zoom=16
address does not match a street: (None, '2537', 'Bark Avenue') https://osm.org/?mlat=29.853365339531525&mlon=-90.08753778896005&zoom=16
address does not match a street: (None, '3872', 'Deerrun Lane') https://osm.org/?mlat=29.85948375882621&mlon=-90.07803540689353&zoom=16
address does not match a street: (None, '3869', 'Deerrun Lane') https://osm.org/?mlat=29.85913144408709&mlon=-90.07771487338157&zoom=16
address does not match a street: (None, '3856', 'Deerrun Lane') https://osm.org/?mlat=29.859679943786947&mlon=-90.0772694339823&zoom=16
address does not match a street: (None, '2501', 'Bark Avenue') https://osm.org/?mlat=29.854915626090392&mlon=-90.08780627396506&zoom=16
address does not match a street: (None, '2525', 'Bark Avenue') https://osm.org/?mlat=29.853946242655184&mlon=-90.08755542384226&zoom=16
address does not match a street: (None, '2529', 'Bark Avenue') https://osm.org/?mlat=29.853803462889328&mlon=-90.0875369779448&zoom=16
address does not match a street: (None, '2541', 'Bark Avenue') https://osm.org/?mlat=29.853148392013573&mlon=-90.08754036029178&zoom=16
address does not match a street: (None, '2505', 'Bark Avenue') https://osm.org/?mlat=29.854797417070213&mlon=-90.08752458060113&zoom=16
address does not match a street: (None, '2509', 'Bark Avenue') https://osm.org/?mlat=29.854566016456165&mlon=-90.08762243020391&zoom=16
address does not match a street: (None, '2513', 'Bark Avenue') https://osm.org/?mlat=29.85446961411387&mlon=-90.0875428317509&zoom=16
address does not match a street: (None, '2517', 'Bark Avenue') https://osm.org/?mlat=29.854276636897787&mlon=-90.08760220019215&zoom=16
address does not match a street: (None, '2521', 'Bark Avenue') https://osm.org/?mlat=29.8541267047516&mlon=-90.0875677226061&zoom=16
address does not match a street: (None, '2533', 'Bark Avenue') https://osm.org/?mlat=29.85353940167637&mlon=-90.0875447148788&zoom=16
address does not match a street: (None, '2473', 'Sunnymeade Court') https://osm.org/?mlat=29.859625988927565&mlon=-90.07968367895528&zoom=16
address does not match a street: (None, '3943', 'Nathan Kornman Drive') https://osm.org/?mlat=29.851223988599227&mlon=-90.0795138756864&zoom=16
address does not match a street: (None, '3895', 'Greenbriar Lane') https://osm.org/?mlat=29.854199646501588&mlon=-90.07741442807425&zoom=16
address does not match a street: (None, '3941', 'Eastview') https://osm.org/?mlat=29.85571641335311&mlon=-90.08066486047088&zoom=16
address does not match a street: (None, '3879', 'Deercreek Lane') https://osm.org/?mlat=29.858531364934038&mlon=-90.077917235338&zoom=16
