address does not match a street: (None, '5820', 'River Oaks Road') https://osm.org/?mlat=29.9604483629385&mlon=-90.20215666867851&zoom=16
address does not match a street: (None, '9600', 'Garden Oak Lane') https://osm.org/?mlat=29.964271408265176&mlon=-90.20862996297448&zoom=16
address does not match a street: (None, '5745', 'Salmen Street') https://osm.org/?mlat=29.960347637865553&mlon=-90.19781423017254&zoom=16
address does not match a street: (None, '5824', 'River Oaks Road') https://osm.org/?mlat=29.960326798360278&mlon=-90.20241069837179&zoom=16
address has no house number: (None, None, 'Citrus Boulevard') https://osm.org/?mlat=29.96433089676356&mlon=-90.20112281673538&zoom=16
address does not match a street: (None, '1451', 'River Oaks Road') https://osm.org/?mlat=29.959194338159584&mlon=-90.20136463173166&zoom=16
address has no house number: (None, None, 'River Oaks Road') https://osm.org/?mlat=29.95867838201339&mlon=-90.20051716675793&zoom=16
address does not match a street: (None, None, 'River Oaks Road') https://osm.org/?mlat=29.95867838201339&mlon=-90.20051716675793&zoom=16
address does not match a street: (None, '1505', 'River Oaks Road') https://osm.org/?mlat=29.961303678749346&mlon=-90.20034952064111&zoom=16
address does not match a street: (None, '5800', 'River Oaks Road') https://osm.org/?mlat=29.96085040613211&mlon=-90.20084035520715&zoom=16
address does not match a street: (None, '5804', 'River Oaks Road') https://osm.org/?mlat=29.960695229041146&mlon=-90.2010751652955&zoom=16
address does not match a street: (None, '5816', 'River Oaks Road') https://osm.org/?mlat=29.960548159544096&mlon=-90.2019204062385&zoom=16
address has no house number: (None, None, 'Ormond Place') https://osm.org/?mlat=29.956819704816017&mlon=-90.20573354538912&zoom=16
address does not match a street: (None, '5808', 'River Oaks Road') https://osm.org/?mlat=29.96061076174616&mlon=-90.20137079652903&zoom=16
address does not match a street: (None, '5801', 'River Oaks Road') https://osm.org/?mlat=29.961231437880706&mlon=-90.20113871730221&zoom=16
address does not match a street: (None, '1501', 'River Oaks Road') https://osm.org/?mlat=29.96093644930837&mlon=-90.20248387229528&zoom=16
address does not match a street: (None, '5861', 'Citrus Boulevard North') https://osm.org/?mlat=29.96370370115236&mlon=-90.20428098780071&zoom=16
address does not match a street: (None, '5809', 'River Oaks Road') https://osm.org/?mlat=29.96110201677628&mlon=-90.20155867051753&zoom=16
address has no house number: (None, None, 'North Al Davis Road') https://osm.org/?mlat=29.957630731128294&mlon=-90.19890220636694&zoom=16
address does not match a street: (None, '5860', 'Citrus Boulevard South') https://osm.org/?mlat=29.962954989355197&mlon=-90.20424944601595&zoom=16
address does not match a street: (None, '5860', 'Citrus Boulevard South') https://osm.org/?mlat=29.96300289671385&mlon=-90.2039524938013&zoom=16
address does not match a street: (None, '5860', 'Citrus Boulevard South') https://osm.org/?mlat=29.96295426050407&mlon=-90.20416450060665&zoom=16
address does not match a street: (None, '5860', 'Citrus Boulevard South') https://osm.org/?mlat=29.962961738865157&mlon=-90.20407879709228&zoom=16
address does not match a street: (None, '1539', 'River Oaks Road') https://osm.org/?mlat=29.963668758593734&mlon=-90.20098208212843&zoom=16
